Put_Azure_eu-uk-west 24366
Put_Thrift_Server_Storage_eu-uk-west 24697
Put_Azure_eu-uk-west 9146
Put_Thrift_Server_Storage_eu-uk-west 9336
Put_Azure_eu-uk-west 9175
Put_Thrift_Server_Storage_eu-uk-west 9257
Put_Azure_eu-uk-west 8534
Put_Thrift_Server_Storage_eu-uk-west 8610
Put_Azure_eu-uk-west 8476
Put_Thrift_Server_Storage_eu-uk-west 8555
Put_Azure_eu-uk-west 8302
Put_Thrift_Server_Storage_eu-uk-west 8396
Put_Azure_eu-uk-west 9315
Put_Thrift_Server_Storage_eu-uk-west 9381
Put_Azure_eu-uk-west 9018
Put_Thrift_Server_Storage_eu-uk-west 9136
Put_Azure_eu-uk-west 8904
Put_Thrift_Server_Storage_eu-uk-west 8974
Put_Azure_eu-uk-west 8836
Put_Thrift_Server_Storage_eu-uk-west 8935
Put_Azure_eu-uk-west 8819
Put_Thrift_Server_Storage_eu-uk-west 8922
Put_Azure_eu-uk-west 8468
Put_Thrift_Server_Storage_eu-uk-west 8533
Put_Azure_eu-uk-west 9089
Put_Thrift_Server_Storage_eu-uk-west 9169
Put_Azure_eu-uk-west 8804
Put_Thrift_Server_Storage_eu-uk-west 8916
Put_Azure_eu-uk-west 9138
Put_Thrift_Server_Storage_eu-uk-west 9233
Put_Azure_eu-uk-west 9359
Put_Thrift_Server_Storage_eu-uk-west 9442
Put_Azure_eu-uk-west 8941
Put_Thrift_Server_Storage_eu-uk-west 9015
Put_Azure_eu-uk-west 8454
Put_Thrift_Server_Storage_eu-uk-west 8585
Put_Azure_eu-uk-west 8843
Put_Thrift_Server_Storage_eu-uk-west 8937
Put_Azure_eu-uk-west 8806
Put_Thrift_Server_Storage_eu-uk-west 8907
Put_Azure_eu-uk-west 8631
Put_Thrift_Server_Storage_eu-uk-west 8751
Put_Azure_eu-uk-west 8229
Put_Thrift_Server_Storage_eu-uk-west 8277
Put_Azure_eu-uk-west 6622
Put_Thrift_Server_Storage_eu-uk-west 6694
Put_Azure_eu-uk-west 7325
Put_Thrift_Server_Storage_eu-uk-west 7376
Put_Azure_eu-uk-west 7036
Put_Thrift_Server_Storage_eu-uk-west 7089
Put_Azure_eu-uk-west 6701
Put_Thrift_Server_Storage_eu-uk-west 6802
Put_Azure_eu-uk-west 6987
Put_Thrift_Server_Storage_eu-uk-west 7071
Put_Azure_eu-uk-west 7272
Put_Thrift_Server_Storage_eu-uk-west 7332
Put_Azure_eu-uk-west 7088
Put_Thrift_Server_Storage_eu-uk-west 7199
Put_Azure_eu-uk-west 6790
Put_Thrift_Server_Storage_eu-uk-west 6877
Put_Azure_eu-uk-west 6816
Put_Thrift_Server_Storage_eu-uk-west 6887
Put_Azure_eu-uk-west 6732
Put_Thrift_Server_Storage_eu-uk-west 6803
Put_Azure_eu-uk-west 9560
Put_Thrift_Server_Storage_eu-uk-west 9646
Put_Azure_eu-uk-west 7500
Put_Thrift_Server_Storage_eu-uk-west 7565
Put_Azure_eu-uk-west 7208
Put_Thrift_Server_Storage_eu-uk-west 7287
Put_Azure_eu-uk-west 7191
Put_Thrift_Server_Storage_eu-uk-west 7279
Put_Azure_eu-uk-west 7650
Put_Thrift_Server_Storage_eu-uk-west 7732
Put_Azure_eu-uk-west 7155
Put_Thrift_Server_Storage_eu-uk-west 7241
Put_Azure_eu-uk-west 7095
Put_Thrift_Server_Storage_eu-uk-west 7183
Put_Azure_eu-uk-west 6819
Put_Thrift_Server_Storage_eu-uk-west 6882
Put_Azure_eu-uk-west 7055
Put_Thrift_Server_Storage_eu-uk-west 7105
Put_Azure_eu-uk-west 7130
Put_Thrift_Server_Storage_eu-uk-west 7195
Put_Azure_eu-uk-west 6735
Put_Thrift_Server_Storage_eu-uk-west 6809
Put_Azure_eu-uk-west 7194
Put_Thrift_Server_Storage_eu-uk-west 7262
Put_Azure_eu-uk-west 6645
Put_Thrift_Server_Storage_eu-uk-west 6732
Put_Azure_eu-uk-west 6851
Put_Thrift_Server_Storage_eu-uk-west 6923
Put_Azure_eu-uk-west 6877
Put_Thrift_Server_Storage_eu-uk-west 6950
Put_Azure_eu-uk-west 6958
Put_Thrift_Server_Storage_eu-uk-west 7017
Put_Azure_eu-uk-west 6973
Put_Thrift_Server_Storage_eu-uk-west 7045
Put_Azure_eu-uk-west 7808
Put_Thrift_Server_Storage_eu-uk-west 7874
Put_Azure_eu-uk-west 6964
Put_Thrift_Server_Storage_eu-uk-west 7033
Put_Azure_eu-uk-west 7322
Put_Thrift_Server_Storage_eu-uk-west 7396
Put_Azure_eu-uk-west 7323
Put_Thrift_Server_Storage_eu-uk-west 7411
Put_Azure_eu-uk-west 7325
Put_Thrift_Server_Storage_eu-uk-west 7380
Put_Azure_eu-uk-west 7613
Put_Thrift_Server_Storage_eu-uk-west 7701
Put_Azure_eu-uk-west 7326
Put_Thrift_Server_Storage_eu-uk-west 7394
Put_Azure_eu-uk-west 7448
Put_Thrift_Server_Storage_eu-uk-west 7530
Put_Azure_eu-uk-west 6946
Put_Thrift_Server_Storage_eu-uk-west 7041
Put_Azure_eu-uk-west 7141
Put_Thrift_Server_Storage_eu-uk-west 7267
Put_Azure_eu-uk-west 7539
Put_Thrift_Server_Storage_eu-uk-west 7628
Put_Azure_eu-uk-west 7228
Put_Thrift_Server_Storage_eu-uk-west 7297
Put_Azure_eu-uk-west 6845
Put_Thrift_Server_Storage_eu-uk-west 6910
Put_Azure_eu-uk-west 7281
Put_Thrift_Server_Storage_eu-uk-west 7390
Put_Azure_eu-uk-west 7448
Put_Thrift_Server_Storage_eu-uk-west 7519
Put_Azure_eu-uk-west 7293
Put_Thrift_Server_Storage_eu-uk-west 7368
Put_Azure_eu-uk-west 7630
Put_Thrift_Server_Storage_eu-uk-west 7751
Put_Azure_eu-uk-west 7939
Put_Thrift_Server_Storage_eu-uk-west 8002
Put_Azure_eu-uk-west 6969
Put_Thrift_Server_Storage_eu-uk-west 7059
Put_Azure_eu-uk-west 7458
Put_Thrift_Server_Storage_eu-uk-west 7542
Put_Azure_eu-uk-west 7367
Put_Thrift_Server_Storage_eu-uk-west 7432
Put_Azure_eu-uk-west 7861
Put_Thrift_Server_Storage_eu-uk-west 7953
Put_Azure_eu-uk-west 7364
Put_Thrift_Server_Storage_eu-uk-west 7430
Put_Azure_eu-uk-west 7190
Put_Thrift_Server_Storage_eu-uk-west 7261
Put_Azure_eu-uk-west 7322
Put_Thrift_Server_Storage_eu-uk-west 7405
Put_Azure_eu-uk-west 7609
Put_Thrift_Server_Storage_eu-uk-west 7692
Put_Azure_eu-uk-west 7666
Put_Thrift_Server_Storage_eu-uk-west 7731
Put_Azure_eu-uk-west 7563
Put_Thrift_Server_Storage_eu-uk-west 7632
Put_Azure_eu-uk-west 6881
Put_Thrift_Server_Storage_eu-uk-west 6945
Put_Azure_eu-uk-west 7388
Put_Thrift_Server_Storage_eu-uk-west 7452
Put_Azure_eu-uk-west 7066
Put_Thrift_Server_Storage_eu-uk-west 7135
Put_Azure_eu-uk-west 7516
Put_Thrift_Server_Storage_eu-uk-west 7604
Put_Azure_eu-uk-west 7271
Put_Thrift_Server_Storage_eu-uk-west 7339
Put_Azure_eu-uk-west 7467
Put_Thrift_Server_Storage_eu-uk-west 7556
Put_Azure_eu-uk-west 7203
Put_Thrift_Server_Storage_eu-uk-west 7279
Put_Azure_eu-uk-west 7211
Put_Thrift_Server_Storage_eu-uk-west 7278
Put_Azure_eu-uk-west 6953
Put_Thrift_Server_Storage_eu-uk-west 7056
Put_Azure_eu-uk-west 7178
Put_Thrift_Server_Storage_eu-uk-west 7242
Put_Azure_eu-uk-west 7037
Put_Thrift_Server_Storage_eu-uk-west 7110
Put_Azure_eu-uk-west 7258
Put_Thrift_Server_Storage_eu-uk-west 7366
Put_Azure_eu-uk-west 7201
Put_Thrift_Server_Storage_eu-uk-west 7325
Put_Azure_eu-uk-west 7137
Put_Thrift_Server_Storage_eu-uk-west 7201
Put_Azure_eu-uk-west 6973
Put_Thrift_Server_Storage_eu-uk-west 7068
Put_Azure_eu-uk-west 7193
Put_Thrift_Server_Storage_eu-uk-west 7259
Put_Azure_eu-uk-west 7917
Put_Thrift_Server_Storage_eu-uk-west 8020
Put_Azure_eu-uk-west 7114
Put_Thrift_Server_Storage_eu-uk-west 7209
Put_Azure_eu-uk-west 6866
Put_Thrift_Server_Storage_eu-uk-west 6920
Put_Azure_eu-uk-west 6752
Put_Thrift_Server_Storage_eu-uk-west 6841
Put_Azure_eu-uk-west 7417
Put_Thrift_Server_Storage_eu-uk-west 7488
Put_Azure_eu-uk-west 6617
Put_Thrift_Server_Storage_eu-uk-west 6665
Put_Azure_eu-uk-west 6647
Put_Thrift_Server_Storage_eu-uk-west 6707
Put_Azure_eu-uk-west 7262
Put_Thrift_Server_Storage_eu-uk-west 7312
Put_Azure_eu-uk-west 6656
Put_Thrift_Server_Storage_eu-uk-west 6708
Put_Azure_eu-uk-west 6784
Put_Thrift_Server_Storage_eu-uk-west 6852
Put_Azure_eu-uk-west 6927
Put_Thrift_Server_Storage_eu-uk-west 6999
Put_Azure_eu-uk-west 7406
Put_Thrift_Server_Storage_eu-uk-west 7513
Put_Azure_eu-uk-west 7325
Put_Thrift_Server_Storage_eu-uk-west 7394
Put_Azure_eu-uk-west 7026
Put_Thrift_Server_Storage_eu-uk-west 7128
Put_Azure_eu-uk-west 7663
Put_Thrift_Server_Storage_eu-uk-west 7744
Put_Azure_eu-uk-west 7464
Put_Thrift_Server_Storage_eu-uk-west 7565
Put_Azure_eu-uk-west 8291
Put_Thrift_Server_Storage_eu-uk-west 8411
Put_Azure_eu-uk-west 8848
Put_Thrift_Server_Storage_eu-uk-west 8930
Put_Azure_eu-uk-west 8663
Put_Thrift_Server_Storage_eu-uk-west 8728
Put_Azure_eu-uk-west 8417
Put_Thrift_Server_Storage_eu-uk-west 8499
Put_Azure_eu-uk-west 8744
Put_Thrift_Server_Storage_eu-uk-west 8831
Put_Azure_eu-uk-west 8523
Put_Thrift_Server_Storage_eu-uk-west 8613
Put_Azure_eu-uk-west 8820
Put_Thrift_Server_Storage_eu-uk-west 8885
Put_Azure_eu-uk-west 8473
Put_Thrift_Server_Storage_eu-uk-west 8556
Put_Azure_eu-uk-west 8491
Put_Thrift_Server_Storage_eu-uk-west 8561
Put_Azure_eu-uk-west 8330
Put_Thrift_Server_Storage_eu-uk-west 8410
Put_Azure_eu-uk-west 8770
Put_Thrift_Server_Storage_eu-uk-west 8856
Put_Azure_eu-uk-west 8704
Put_Thrift_Server_Storage_eu-uk-west 8770
Put_Azure_eu-uk-west 8256
Put_Thrift_Server_Storage_eu-uk-west 8326
Put_Azure_eu-uk-west 8222
Put_Thrift_Server_Storage_eu-uk-west 8317
Put_Azure_eu-uk-west 8431
Put_Thrift_Server_Storage_eu-uk-west 8516
Put_Azure_eu-uk-west 8522
Put_Thrift_Server_Storage_eu-uk-west 8636
Put_Azure_eu-uk-west 8126
Put_Thrift_Server_Storage_eu-uk-west 8189
Put_Azure_eu-uk-west 9074
Put_Thrift_Server_Storage_eu-uk-west 9171
Put_Azure_eu-uk-west 9357
Put_Thrift_Server_Storage_eu-uk-west 9480
Put_Azure_eu-uk-west 7405
Put_Thrift_Server_Storage_eu-uk-west 7561
Put_Azure_eu-uk-west 7606
Put_Thrift_Server_Storage_eu-uk-west 7707
Put_Azure_eu-uk-west 6853
Put_Thrift_Server_Storage_eu-uk-west 6917
Put_Azure_eu-uk-west 7173
Put_Thrift_Server_Storage_eu-uk-west 7269
Put_Azure_eu-uk-west 7335
Put_Thrift_Server_Storage_eu-uk-west 7417
Put_Azure_eu-uk-west 7499
Put_Thrift_Server_Storage_eu-uk-west 7595
Put_Azure_eu-uk-west 7761
Put_Thrift_Server_Storage_eu-uk-west 7877
Put_Azure_eu-uk-west 7181
Put_Thrift_Server_Storage_eu-uk-west 7246
Put_Azure_eu-uk-west 8617
Put_Thrift_Server_Storage_eu-uk-west 8683
Put_Azure_eu-uk-west 7741
Put_Thrift_Server_Storage_eu-uk-west 7821
Put_Azure_eu-uk-west 7480
Put_Thrift_Server_Storage_eu-uk-west 7549
Put_Azure_eu-uk-west 7364
Put_Thrift_Server_Storage_eu-uk-west 7439
Put_Azure_eu-uk-west 8780
Put_Thrift_Server_Storage_eu-uk-west 8890
Put_Azure_eu-uk-west 7367
Put_Thrift_Server_Storage_eu-uk-west 7429
Put_Azure_eu-uk-west 7452
Put_Thrift_Server_Storage_eu-uk-west 7518
Put_Azure_eu-uk-west 7850
Put_Thrift_Server_Storage_eu-uk-west 7915
Put_Azure_eu-uk-west 7358
Put_Thrift_Server_Storage_eu-uk-west 7429
Put_Azure_eu-uk-west 7470
Put_Thrift_Server_Storage_eu-uk-west 7549
Put_Azure_eu-uk-west 7407
Put_Thrift_Server_Storage_eu-uk-west 7472
Put_Azure_eu-uk-west 7667
Put_Thrift_Server_Storage_eu-uk-west 7780
Put_Azure_eu-uk-west 8797
Put_Thrift_Server_Storage_eu-uk-west 8886
Put_Azure_eu-uk-west 7740
Put_Thrift_Server_Storage_eu-uk-west 7835
Put_Azure_eu-uk-west 6832
Put_Thrift_Server_Storage_eu-uk-west 6916
Put_Azure_eu-uk-west 7282
Put_Thrift_Server_Storage_eu-uk-west 7370
Put_Azure_eu-uk-west 7234
Put_Thrift_Server_Storage_eu-uk-west 7346
Put_Azure_eu-uk-west 7476
Put_Thrift_Server_Storage_eu-uk-west 7582
Put_Azure_eu-uk-west 7206
Put_Thrift_Server_Storage_eu-uk-west 7302
Put_Azure_eu-uk-west 6982
Put_Thrift_Server_Storage_eu-uk-west 7059
Put_Azure_eu-uk-west 7397
Put_Thrift_Server_Storage_eu-uk-west 7487
Put_Azure_eu-uk-west 6742
Put_Thrift_Server_Storage_eu-uk-west 6811
Put_Azure_eu-uk-west 6907
Put_Thrift_Server_Storage_eu-uk-west 6957
Put_Azure_eu-uk-west 7117
Put_Thrift_Server_Storage_eu-uk-west 7173
Put_Azure_eu-uk-west 6480
Put_Thrift_Server_Storage_eu-uk-west 6549
Put_Azure_eu-uk-west 6760
Put_Thrift_Server_Storage_eu-uk-west 6820
Put_Azure_eu-uk-west 6573
Put_Thrift_Server_Storage_eu-uk-west 6620
Put_Azure_eu-uk-west 7007
Put_Thrift_Server_Storage_eu-uk-west 7070
Put_Azure_eu-uk-west 6631
Put_Thrift_Server_Storage_eu-uk-west 6697
Put_Azure_eu-uk-west 6923
Put_Thrift_Server_Storage_eu-uk-west 6970
Put_Azure_eu-uk-west 6649
Put_Thrift_Server_Storage_eu-uk-west 6716
Put_Azure_eu-uk-west 6934
Put_Thrift_Server_Storage_eu-uk-west 6996
Put_Azure_eu-uk-west 6946
Put_Thrift_Server_Storage_eu-uk-west 7055
Put_Azure_eu-uk-west 7295
Put_Thrift_Server_Storage_eu-uk-west 7354
Put_Azure_eu-uk-west 8353
Put_Thrift_Server_Storage_eu-uk-west 8420
Put_Azure_eu-uk-west 7870
Put_Thrift_Server_Storage_eu-uk-west 7948
Put_Azure_eu-uk-west 7449
Put_Thrift_Server_Storage_eu-uk-west 7516
Put_Azure_eu-uk-west 7474
Put_Thrift_Server_Storage_eu-uk-west 7541
Put_Azure_eu-uk-west 7709
Put_Thrift_Server_Storage_eu-uk-west 7820
Put_Azure_eu-uk-west 7638
Put_Thrift_Server_Storage_eu-uk-west 7727
Put_Azure_eu-uk-west 7609
Put_Thrift_Server_Storage_eu-uk-west 7708
Put_Azure_eu-uk-west 7641
Put_Thrift_Server_Storage_eu-uk-west 7716
Put_Azure_eu-uk-west 7569
Put_Thrift_Server_Storage_eu-uk-west 7665
Put_Azure_eu-uk-west 7898
Put_Thrift_Server_Storage_eu-uk-west 7973
Put_Azure_eu-uk-west 6844
Put_Thrift_Server_Storage_eu-uk-west 6919
Put_Azure_eu-uk-west 6842
Put_Thrift_Server_Storage_eu-uk-west 6918
Put_Azure_eu-uk-west 7677
Put_Thrift_Server_Storage_eu-uk-west 7777
Put_Azure_eu-uk-west 7771
Put_Thrift_Server_Storage_eu-uk-west 7847
Put_Azure_eu-uk-west 7122
Put_Thrift_Server_Storage_eu-uk-west 7187
Put_Azure_eu-uk-west 7464
Put_Thrift_Server_Storage_eu-uk-west 7589
Put_Azure_eu-uk-west 7600
Put_Thrift_Server_Storage_eu-uk-west 7697
Put_Azure_eu-uk-west 7696
Put_Thrift_Server_Storage_eu-uk-west 7782
Put_Azure_eu-uk-west 7284
Put_Thrift_Server_Storage_eu-uk-west 7383
Put_Azure_eu-uk-west 7261
Put_Thrift_Server_Storage_eu-uk-west 7342
Put_Azure_eu-uk-west 7245
Put_Thrift_Server_Storage_eu-uk-west 7342
Put_Azure_eu-uk-west 7259
Put_Thrift_Server_Storage_eu-uk-west 7325
Put_Azure_eu-uk-west 6909
Put_Thrift_Server_Storage_eu-uk-west 6989
Put_Azure_eu-uk-west 7058
Put_Thrift_Server_Storage_eu-uk-west 7173
Put_Azure_eu-uk-west 7684
Put_Thrift_Server_Storage_eu-uk-west 7776
Put_Azure_eu-uk-west 7402
Put_Thrift_Server_Storage_eu-uk-west 7483
Put_Azure_eu-uk-west 7250
Put_Thrift_Server_Storage_eu-uk-west 7313
Put_Azure_eu-uk-west 7415
Put_Thrift_Server_Storage_eu-uk-west 7507
Put_Azure_eu-uk-west 7206
Put_Thrift_Server_Storage_eu-uk-west 7303
Put_Azure_eu-uk-west 7203
Put_Thrift_Server_Storage_eu-uk-west 7267
Put_Azure_eu-uk-west 6449
Put_Thrift_Server_Storage_eu-uk-west 6497
Put_Azure_eu-uk-west 6779
Put_Thrift_Server_Storage_eu-uk-west 6859
Put_Azure_eu-uk-west 6573
Put_Thrift_Server_Storage_eu-uk-west 6632
Put_Azure_eu-uk-west 7683
Put_Thrift_Server_Storage_eu-uk-west 7824
Put_Azure_eu-uk-west 7242
Put_Thrift_Server_Storage_eu-uk-west 7292
Put_Azure_eu-uk-west 7132
Put_Thrift_Server_Storage_eu-uk-west 7183
Put_Azure_eu-uk-west 7192
Put_Thrift_Server_Storage_eu-uk-west 7287
Put_Azure_eu-uk-west 7038
Put_Thrift_Server_Storage_eu-uk-west 7093
Put_Azure_eu-uk-west 7280
Put_Thrift_Server_Storage_eu-uk-west 7337
Put_Azure_eu-uk-west 7221
Put_Thrift_Server_Storage_eu-uk-west 7281
Put_Azure_eu-uk-west 7321
Put_Thrift_Server_Storage_eu-uk-west 7387
Put_Azure_eu-uk-west 7233
Put_Thrift_Server_Storage_eu-uk-west 7344
Put_Azure_eu-uk-west 7351
Put_Thrift_Server_Storage_eu-uk-west 7434
Put_Azure_eu-uk-west 7248
Put_Thrift_Server_Storage_eu-uk-west 7325
Put_Azure_eu-uk-west 7468
Put_Thrift_Server_Storage_eu-uk-west 7559
Put_Azure_eu-uk-west 6874
Put_Thrift_Server_Storage_eu-uk-west 6939
Put_Azure_eu-uk-west 7107
Put_Thrift_Server_Storage_eu-uk-west 7175
Put_Azure_eu-uk-west 7114
Put_Thrift_Server_Storage_eu-uk-west 7169
Put_Azure_eu-uk-west 6553
Put_Thrift_Server_Storage_eu-uk-west 6606
Put_Azure_eu-uk-west 6796
Put_Thrift_Server_Storage_eu-uk-west 6865
Put_Azure_eu-uk-west 6894
Put_Thrift_Server_Storage_eu-uk-west 6957
Put_Azure_eu-uk-west 7317
Put_Thrift_Server_Storage_eu-uk-west 7372
Put_Azure_eu-uk-west 6712
Put_Thrift_Server_Storage_eu-uk-west 6781
Put_Azure_eu-uk-west 7000
Put_Thrift_Server_Storage_eu-uk-west 7083
Put_Azure_eu-uk-west 7123
Put_Thrift_Server_Storage_eu-uk-west 7211
Put_Azure_eu-uk-west 8242
Put_Thrift_Server_Storage_eu-uk-west 8312
Put_Azure_eu-uk-west 7943
Put_Thrift_Server_Storage_eu-uk-west 7989
Put_Azure_eu-uk-west 8390
Put_Thrift_Server_Storage_eu-uk-west 8462
Put_Azure_eu-uk-west 8508
Put_Thrift_Server_Storage_eu-uk-west 8593
Put_Azure_eu-uk-west 8091
Put_Thrift_Server_Storage_eu-uk-west 8179
Put_Azure_eu-uk-west 8460
Put_Thrift_Server_Storage_eu-uk-west 8515
Put_Azure_eu-uk-west 8256
Put_Thrift_Server_Storage_eu-uk-west 8312
Put_Azure_eu-uk-west 7979
Put_Thrift_Server_Storage_eu-uk-west 8038
Put_Azure_eu-uk-west 21268
Put_Thrift_Server_Storage_eu-uk-west 21344
Put_Azure_eu-uk-west 8130
Put_Thrift_Server_Storage_eu-uk-west 8206
Put_Azure_eu-uk-west 8564
Put_Thrift_Server_Storage_eu-uk-west 8686
Put_Azure_eu-uk-west 9254
Put_Thrift_Server_Storage_eu-uk-west 9335
Put_Azure_eu-uk-west 9754
Put_Thrift_Server_Storage_eu-uk-west 9822
Put_Azure_eu-uk-west 9018
Put_Thrift_Server_Storage_eu-uk-west 9114
Put_Azure_eu-uk-west 9196
Put_Thrift_Server_Storage_eu-uk-west 9310
Put_Azure_eu-uk-west 8533
Put_Thrift_Server_Storage_eu-uk-west 8654
Put_Azure_eu-uk-west 8615
Put_Thrift_Server_Storage_eu-uk-west 8703
Put_Azure_eu-uk-west 8857
Put_Thrift_Server_Storage_eu-uk-west 8931
Put_Azure_eu-uk-west 9120
Put_Thrift_Server_Storage_eu-uk-west 9248
Put_Azure_eu-uk-west 8427
Put_Thrift_Server_Storage_eu-uk-west 8500
Put_Azure_eu-uk-west 9023
Put_Thrift_Server_Storage_eu-uk-west 9097
Put_Azure_eu-uk-west 8855
Put_Thrift_Server_Storage_eu-uk-west 8937
Put_Azure_eu-uk-west 7011
Put_Thrift_Server_Storage_eu-uk-west 7124
Put_Azure_eu-uk-west 7682
Put_Thrift_Server_Storage_eu-uk-west 7754
Put_Azure_eu-uk-west 7444
Put_Thrift_Server_Storage_eu-uk-west 7532
Put_Azure_eu-uk-west 7607
Put_Thrift_Server_Storage_eu-uk-west 7671
Put_Azure_eu-uk-west 8330
Put_Thrift_Server_Storage_eu-uk-west 8423
Put_Azure_eu-uk-west 7242
Put_Thrift_Server_Storage_eu-uk-west 7336
Put_Azure_eu-uk-west 7018
Put_Thrift_Server_Storage_eu-uk-west 7113
Put_Azure_eu-uk-west 7371
Put_Thrift_Server_Storage_eu-uk-west 7463
Put_Azure_eu-uk-west 7322
Put_Thrift_Server_Storage_eu-uk-west 7387
Put_Azure_eu-uk-west 6514
Put_Thrift_Server_Storage_eu-uk-west 6587
Put_Azure_eu-uk-west 7170
Put_Thrift_Server_Storage_eu-uk-west 7272
Put_Azure_eu-uk-west 6832
Put_Thrift_Server_Storage_eu-uk-west 6882
Put_Azure_eu-uk-west 6834
Put_Thrift_Server_Storage_eu-uk-west 6903
Put_Azure_eu-uk-west 7318
Put_Thrift_Server_Storage_eu-uk-west 7392
Put_Azure_eu-uk-west 7601
Put_Thrift_Server_Storage_eu-uk-west 7670
Put_Azure_eu-uk-west 6723
Put_Thrift_Server_Storage_eu-uk-west 6804
Put_Azure_eu-uk-west 7804
Put_Thrift_Server_Storage_eu-uk-west 7896
Put_Azure_eu-uk-west 7018
Put_Thrift_Server_Storage_eu-uk-west 7098
Put_Azure_eu-uk-west 6545
Put_Thrift_Server_Storage_eu-uk-west 6597
Put_Azure_eu-uk-west 7212
Put_Thrift_Server_Storage_eu-uk-west 7287
Put_Azure_eu-uk-west 6512
Put_Thrift_Server_Storage_eu-uk-west 6606
Put_Azure_eu-uk-west 7128
Put_Thrift_Server_Storage_eu-uk-west 7176
Put_Azure_eu-uk-west 6939
Put_Thrift_Server_Storage_eu-uk-west 6985
Put_Azure_eu-uk-west 6847
Put_Thrift_Server_Storage_eu-uk-west 6913
Put_Azure_eu-uk-west 6749
Put_Thrift_Server_Storage_eu-uk-west 6818
Put_Azure_eu-uk-west 7022
Put_Thrift_Server_Storage_eu-uk-west 7093
Put_Azure_eu-uk-west 6754
Put_Thrift_Server_Storage_eu-uk-west 6841
Put_Azure_eu-uk-west 7150
Put_Thrift_Server_Storage_eu-uk-west 7251
Put_Azure_eu-uk-west 6985
Put_Thrift_Server_Storage_eu-uk-west 7106
Put_Azure_eu-uk-west 6463
Put_Thrift_Server_Storage_eu-uk-west 6540
Put_Azure_eu-uk-west 6563
Put_Thrift_Server_Storage_eu-uk-west 6621
Put_Azure_eu-uk-west 6854
Put_Thrift_Server_Storage_eu-uk-west 6935
Put_Azure_eu-uk-west 6975
Put_Thrift_Server_Storage_eu-uk-west 7020
Put_Azure_eu-uk-west 6521
Put_Thrift_Server_Storage_eu-uk-west 6573
Put_Azure_eu-uk-west 6400
Put_Thrift_Server_Storage_eu-uk-west 6483
Put_Azure_eu-uk-west 6963
Put_Thrift_Server_Storage_eu-uk-west 7018
Put_Azure_eu-uk-west 6515
Put_Thrift_Server_Storage_eu-uk-west 6583
Put_Azure_eu-uk-west 7327
Put_Thrift_Server_Storage_eu-uk-west 7396
Put_Azure_eu-uk-west 7110
Put_Thrift_Server_Storage_eu-uk-west 7196
Put_Azure_eu-uk-west 6756
Put_Thrift_Server_Storage_eu-uk-west 6864
Put_Azure_eu-uk-west 6796
Put_Thrift_Server_Storage_eu-uk-west 6874
Put_Azure_eu-uk-west 7250
Put_Thrift_Server_Storage_eu-uk-west 7374
Put_Azure_eu-uk-west 7310
Put_Thrift_Server_Storage_eu-uk-west 7409
Put_Azure_eu-uk-west 7006
Put_Thrift_Server_Storage_eu-uk-west 7090
Put_Azure_eu-uk-west 7307
Put_Thrift_Server_Storage_eu-uk-west 7370
Put_Azure_eu-uk-west 7405
Put_Thrift_Server_Storage_eu-uk-west 7486
Put_Azure_eu-uk-west 7811
Put_Thrift_Server_Storage_eu-uk-west 7891
Put_Azure_eu-uk-west 8145
Put_Thrift_Server_Storage_eu-uk-west 8244
Put_Azure_eu-uk-west 7803
Put_Thrift_Server_Storage_eu-uk-west 7894
Put_Azure_eu-uk-west 6921
Put_Thrift_Server_Storage_eu-uk-west 7002
Put_Azure_eu-uk-west 7891
Put_Thrift_Server_Storage_eu-uk-west 7985
Put_Azure_eu-uk-west 7491
Put_Thrift_Server_Storage_eu-uk-west 7555
Put_Azure_eu-uk-west 7143
Put_Thrift_Server_Storage_eu-uk-west 7225
Put_Azure_eu-uk-west 7636
Put_Thrift_Server_Storage_eu-uk-west 7761
Put_Azure_eu-uk-west 6743
Put_Thrift_Server_Storage_eu-uk-west 6835
Put_Azure_eu-uk-west 7197
Put_Thrift_Server_Storage_eu-uk-west 7259
Put_Azure_eu-uk-west 6750
Put_Thrift_Server_Storage_eu-uk-west 6815
Put_Azure_eu-uk-west 6700
Put_Thrift_Server_Storage_eu-uk-west 6768
Put_Azure_eu-uk-west 6839
Put_Thrift_Server_Storage_eu-uk-west 6905
Put_Azure_eu-uk-west 7172
Put_Thrift_Server_Storage_eu-uk-west 7277
Put_Azure_eu-uk-west 6772
Put_Thrift_Server_Storage_eu-uk-west 6892
Put_Azure_eu-uk-west 7212
Put_Thrift_Server_Storage_eu-uk-west 7289
Put_Azure_eu-uk-west 7769
Put_Thrift_Server_Storage_eu-uk-west 7863
Put_Azure_eu-uk-west 7822
Put_Thrift_Server_Storage_eu-uk-west 7896
Put_Azure_eu-uk-west 7422
Put_Thrift_Server_Storage_eu-uk-west 7551
Put_Azure_eu-uk-west 7754
Put_Thrift_Server_Storage_eu-uk-west 7872
Put_Azure_eu-uk-west 7556
Put_Thrift_Server_Storage_eu-uk-west 7624
Put_Azure_eu-uk-west 7331
Put_Thrift_Server_Storage_eu-uk-west 7440
Put_Azure_eu-uk-west 7069
Put_Thrift_Server_Storage_eu-uk-west 7172
Put_Azure_eu-uk-west 7606
Put_Thrift_Server_Storage_eu-uk-west 7690
Put_Azure_eu-uk-west 7455
Put_Thrift_Server_Storage_eu-uk-west 7563
Put_Azure_eu-uk-west 7465
Put_Thrift_Server_Storage_eu-uk-west 7533
Put_Azure_eu-uk-west 10379
Put_Thrift_Server_Storage_eu-uk-west 10463
Put_Azure_eu-uk-west 7660
Put_Thrift_Server_Storage_eu-uk-west 7749
Put_Azure_eu-uk-west 7353
Put_Thrift_Server_Storage_eu-uk-west 7444
Put_Azure_eu-uk-west 7287
Put_Thrift_Server_Storage_eu-uk-west 7372
Put_Azure_eu-uk-west 7232
Put_Thrift_Server_Storage_eu-uk-west 7300
Put_Azure_eu-uk-west 7642
Put_Thrift_Server_Storage_eu-uk-west 7743
Put_Azure_eu-uk-west 7268
Put_Thrift_Server_Storage_eu-uk-west 7365
Put_Azure_eu-uk-west 7187
Put_Thrift_Server_Storage_eu-uk-west 7270
Put_Azure_eu-uk-west 7248
Put_Thrift_Server_Storage_eu-uk-west 7376
Put_Azure_eu-uk-west 7113
Put_Thrift_Server_Storage_eu-uk-west 7201
Put_Azure_eu-uk-west 6781
Put_Thrift_Server_Storage_eu-uk-west 6895
Put_Azure_eu-uk-west 7182
Put_Thrift_Server_Storage_eu-uk-west 7276
Put_Azure_eu-uk-west 7468
Put_Thrift_Server_Storage_eu-uk-west 7537
Put_Azure_eu-uk-west 7030
Put_Thrift_Server_Storage_eu-uk-west 7098
Put_Azure_eu-uk-west 7061
Put_Thrift_Server_Storage_eu-uk-west 7133
Put_Azure_eu-uk-west 7561
Put_Thrift_Server_Storage_eu-uk-west 7657
Put_Azure_eu-uk-west 7135
Put_Thrift_Server_Storage_eu-uk-west 7226
Put_Azure_eu-uk-west 7400
Put_Thrift_Server_Storage_eu-uk-west 7468
Put_Azure_eu-uk-west 6902
Put_Thrift_Server_Storage_eu-uk-west 6969
Put_Azure_eu-uk-west 6875
Put_Thrift_Server_Storage_eu-uk-west 6951
Put_Azure_eu-uk-west 6607
Put_Thrift_Server_Storage_eu-uk-west 6664
Put_Azure_eu-uk-west 6758
Put_Thrift_Server_Storage_eu-uk-west 6808
Put_Azure_eu-uk-west 6978
Put_Thrift_Server_Storage_eu-uk-west 7052
Put_Azure_eu-uk-west 7374
Put_Thrift_Server_Storage_eu-uk-west 7440
Put_Azure_eu-uk-west 6752
Put_Thrift_Server_Storage_eu-uk-west 6833
Put_Azure_eu-uk-west 7474
Put_Thrift_Server_Storage_eu-uk-west 7523
Put_Azure_eu-uk-west 6802
Put_Thrift_Server_Storage_eu-uk-west 6863
Put_Azure_eu-uk-west 6974
Put_Thrift_Server_Storage_eu-uk-west 7020
Put_Azure_eu-uk-west 6737
Put_Thrift_Server_Storage_eu-uk-west 6839
Put_Azure_eu-uk-west 8151
Put_Thrift_Server_Storage_eu-uk-west 8232
Put_Azure_eu-uk-west 8135
Put_Thrift_Server_Storage_eu-uk-west 8212
Put_Azure_eu-uk-west 8937
Put_Thrift_Server_Storage_eu-uk-west 8992
Put_Azure_eu-uk-west 8706
Put_Thrift_Server_Storage_eu-uk-west 8787
Put_Azure_eu-uk-west 9298
Put_Thrift_Server_Storage_eu-uk-west 9357
Put_Azure_eu-uk-west 8771
Put_Thrift_Server_Storage_eu-uk-west 8859
Put_Azure_eu-uk-west 8758
Put_Thrift_Server_Storage_eu-uk-west 8847
Put_Azure_eu-uk-west 8454
Put_Thrift_Server_Storage_eu-uk-west 8516
Put_Azure_eu-uk-west 8103
Put_Thrift_Server_Storage_eu-uk-west 8169
Put_Azure_eu-uk-west 8369
Put_Thrift_Server_Storage_eu-uk-west 8424
Put_Azure_eu-uk-west 8572
Put_Thrift_Server_Storage_eu-uk-west 8656
Put_Azure_eu-uk-west 8233
Put_Thrift_Server_Storage_eu-uk-west 8296
Put_Azure_eu-uk-west 8371
Put_Thrift_Server_Storage_eu-uk-west 8427
Put_Azure_eu-uk-west 8623
Put_Thrift_Server_Storage_eu-uk-west 8721
Put_Azure_eu-uk-west 8490
Put_Thrift_Server_Storage_eu-uk-west 8548
Put_Azure_eu-uk-west 8452
Put_Thrift_Server_Storage_eu-uk-west 8557
Put_Azure_eu-uk-west 8568
Put_Thrift_Server_Storage_eu-uk-west 8644
Put_Azure_eu-uk-west 9169
Put_Thrift_Server_Storage_eu-uk-west 9265
Put_Azure_eu-uk-west 8419
Put_Thrift_Server_Storage_eu-uk-west 8503
Put_Azure_eu-uk-west 8659
Put_Thrift_Server_Storage_eu-uk-west 8725
Put_Azure_eu-uk-west 7239
Put_Thrift_Server_Storage_eu-uk-west 7323
Put_Azure_eu-uk-west 8290
Put_Thrift_Server_Storage_eu-uk-west 8354
Put_Azure_eu-uk-west 8434
Put_Thrift_Server_Storage_eu-uk-west 8560
Put_Azure_eu-uk-west 6913
Put_Thrift_Server_Storage_eu-uk-west 7000
Put_Azure_eu-uk-west 7383
Put_Thrift_Server_Storage_eu-uk-west 7452
Put_Azure_eu-uk-west 7418
Put_Thrift_Server_Storage_eu-uk-west 7481
Put_Azure_eu-uk-west 7456
Put_Thrift_Server_Storage_eu-uk-west 7554
Put_Azure_eu-uk-west 7081
Put_Thrift_Server_Storage_eu-uk-west 7169
Put_Azure_eu-uk-west 7444
Put_Thrift_Server_Storage_eu-uk-west 7515
Put_Azure_eu-uk-west 8501
Put_Thrift_Server_Storage_eu-uk-west 8562
Put_Azure_eu-uk-west 9011
Put_Thrift_Server_Storage_eu-uk-west 9070
Put_Azure_eu-uk-west 7620
Put_Thrift_Server_Storage_eu-uk-west 7712
Put_Azure_eu-uk-west 7236
Put_Thrift_Server_Storage_eu-uk-west 7368
Put_Azure_eu-uk-west 7381
Put_Thrift_Server_Storage_eu-uk-west 7480
Put_Azure_eu-uk-west 7078
Put_Thrift_Server_Storage_eu-uk-west 7133
Put_Azure_eu-uk-west 7191
Put_Thrift_Server_Storage_eu-uk-west 7284
Put_Azure_eu-uk-west 6520
Put_Thrift_Server_Storage_eu-uk-west 6585
Put_Azure_eu-uk-west 8553
Put_Thrift_Server_Storage_eu-uk-west 8626
Put_Azure_eu-uk-west 7386
Put_Thrift_Server_Storage_eu-uk-west 7474
Put_Azure_eu-uk-west 7417
Put_Thrift_Server_Storage_eu-uk-west 7479
Put_Azure_eu-uk-west 7541
Put_Thrift_Server_Storage_eu-uk-west 7608
Put_Azure_eu-uk-west 7743
Put_Thrift_Server_Storage_eu-uk-west 7850
Put_Azure_eu-uk-west 6842
Put_Thrift_Server_Storage_eu-uk-west 6904
Put_Azure_eu-uk-west 7324
Put_Thrift_Server_Storage_eu-uk-west 7440
Put_Azure_eu-uk-west 7200
Put_Thrift_Server_Storage_eu-uk-west 7308
Put_Azure_eu-uk-west 7076
Put_Thrift_Server_Storage_eu-uk-west 7160
Put_Azure_eu-uk-west 7213
Put_Thrift_Server_Storage_eu-uk-west 7292
Put_Azure_eu-uk-west 7138
Put_Thrift_Server_Storage_eu-uk-west 7210
Put_Azure_eu-uk-west 7425
Put_Thrift_Server_Storage_eu-uk-west 7485
Put_Azure_eu-uk-west 6905
Put_Thrift_Server_Storage_eu-uk-west 6999
Put_Azure_eu-uk-west 7123
Put_Thrift_Server_Storage_eu-uk-west 7200
Put_Azure_eu-uk-west 6706
Put_Thrift_Server_Storage_eu-uk-west 6801
Put_Azure_eu-uk-west 7057
Put_Thrift_Server_Storage_eu-uk-west 7122
Put_Azure_eu-uk-west 7086
Put_Thrift_Server_Storage_eu-uk-west 7158
Put_Azure_eu-uk-west 7199
Put_Thrift_Server_Storage_eu-uk-west 7245
Put_Azure_eu-uk-west 7084
Put_Thrift_Server_Storage_eu-uk-west 7150
Put_Azure_eu-uk-west 7006
Put_Thrift_Server_Storage_eu-uk-west 7055
Put_Azure_eu-uk-west 6823
Put_Thrift_Server_Storage_eu-uk-west 6873
Put_Azure_eu-uk-west 7268
Put_Thrift_Server_Storage_eu-uk-west 7349
Put_Azure_eu-uk-west 7910
Put_Thrift_Server_Storage_eu-uk-west 7968
Put_Azure_eu-uk-west 7072
Put_Thrift_Server_Storage_eu-uk-west 7130
Put_Azure_eu-uk-west 7909
Put_Thrift_Server_Storage_eu-uk-west 7973
Put_Azure_eu-uk-west 7486
Put_Thrift_Server_Storage_eu-uk-west 7557
Put_Azure_eu-uk-west 7486
Put_Thrift_Server_Storage_eu-uk-west 7555
Put_Azure_eu-uk-west 6780
Put_Thrift_Server_Storage_eu-uk-west 6850
Put_Azure_eu-uk-west 7138
Put_Thrift_Server_Storage_eu-uk-west 7206
Put_Azure_eu-uk-west 7095
Put_Thrift_Server_Storage_eu-uk-west 7165
Put_Azure_eu-uk-west 7133
Put_Thrift_Server_Storage_eu-uk-west 7198
Put_Azure_eu-uk-west 7581
Put_Thrift_Server_Storage_eu-uk-west 7659
Put_Azure_eu-uk-west 7222
Put_Thrift_Server_Storage_eu-uk-west 7283
Put_Azure_eu-uk-west 7089
Put_Thrift_Server_Storage_eu-uk-west 7174
Put_Azure_eu-uk-west 7199
Put_Thrift_Server_Storage_eu-uk-west 7275
Put_Azure_eu-uk-west 7822
Put_Thrift_Server_Storage_eu-uk-west 7890
Put_Azure_eu-uk-west 7062
Put_Thrift_Server_Storage_eu-uk-west 7148
Put_Azure_eu-uk-west 7391
Put_Thrift_Server_Storage_eu-uk-west 7463
Put_Azure_eu-uk-west 6870
Put_Thrift_Server_Storage_eu-uk-west 6930
Put_Azure_eu-uk-west 7185
Put_Thrift_Server_Storage_eu-uk-west 7241
Put_Azure_eu-uk-west 6705
Put_Thrift_Server_Storage_eu-uk-west 6784
Put_Azure_eu-uk-west 7390
Put_Thrift_Server_Storage_eu-uk-west 7444
Put_Azure_eu-uk-west 6860
Put_Thrift_Server_Storage_eu-uk-west 6911
Put_Azure_eu-uk-west 7028
Put_Thrift_Server_Storage_eu-uk-west 7085
Put_Azure_eu-uk-west 7067
Put_Thrift_Server_Storage_eu-uk-west 7125
Put_Azure_eu-uk-west 6624
Put_Thrift_Server_Storage_eu-uk-west 6685
Put_Azure_eu-uk-west 7473
Put_Thrift_Server_Storage_eu-uk-west 7531
Put_Azure_eu-uk-west 7424
Put_Thrift_Server_Storage_eu-uk-west 7501
Put_Azure_eu-uk-west 23029
Put_Thrift_Server_Storage_eu-uk-west 23242
Put_Azure_eu-uk-west 9159
Put_Thrift_Server_Storage_eu-uk-west 9234
Put_Azure_eu-uk-west 7441
Put_Thrift_Server_Storage_eu-uk-west 7504
Put_Azure_eu-uk-west 8573
Put_Thrift_Server_Storage_eu-uk-west 8639
Put_Azure_eu-uk-west 8541
Put_Thrift_Server_Storage_eu-uk-west 8637
Put_Azure_eu-uk-west 8522
Put_Thrift_Server_Storage_eu-uk-west 8591
Put_Azure_eu-uk-west 9357
Put_Thrift_Server_Storage_eu-uk-west 9429
Put_Azure_eu-uk-west 8311
Put_Thrift_Server_Storage_eu-uk-west 8378
Put_Azure_eu-uk-west 9412
Put_Thrift_Server_Storage_eu-uk-west 9480
Put_Azure_eu-uk-west 6992
Put_Thrift_Server_Storage_eu-uk-west 7059
Put_Azure_eu-uk-west 7488
Put_Thrift_Server_Storage_eu-uk-west 7565
Put_Azure_eu-uk-west 24775
Put_Thrift_Server_Storage_eu-uk-west 24869
Put_Azure_eu-uk-west 7310
Put_Thrift_Server_Storage_eu-uk-west 7392
Put_Azure_eu-uk-west 7336
Put_Thrift_Server_Storage_eu-uk-west 7408
Put_Azure_eu-uk-west 9307
Put_Thrift_Server_Storage_eu-uk-west 9386
Put_Azure_eu-uk-west 8559
Put_Thrift_Server_Storage_eu-uk-west 8636
Put_Azure_eu-uk-west 8728
Put_Thrift_Server_Storage_eu-uk-west 8784
Put_Azure_eu-uk-west 8077
Put_Thrift_Server_Storage_eu-uk-west 8135
Put_Azure_eu-uk-west 8711
Put_Thrift_Server_Storage_eu-uk-west 8796
Put_Azure_eu-uk-west 7867
Put_Thrift_Server_Storage_eu-uk-west 7922
Put_Azure_eu-uk-west 8925
Put_Thrift_Server_Storage_eu-uk-west 8988
Put_Azure_eu-uk-west 9105
Put_Thrift_Server_Storage_eu-uk-west 9168
Put_Azure_eu-uk-west 7679
Put_Thrift_Server_Storage_eu-uk-west 7791
Put_Azure_eu-uk-west 7112
Put_Thrift_Server_Storage_eu-uk-west 7173
Put_Azure_eu-uk-west 6926
Put_Thrift_Server_Storage_eu-uk-west 7021
Put_Azure_eu-uk-west 6895
Put_Thrift_Server_Storage_eu-uk-west 6953
Put_Azure_eu-uk-west 7158
Put_Thrift_Server_Storage_eu-uk-west 7242
Put_Azure_eu-uk-west 6964
Put_Thrift_Server_Storage_eu-uk-west 7019
Put_Azure_eu-uk-west 9706
Put_Thrift_Server_Storage_eu-uk-west 9760
Put_Azure_eu-uk-west 8543
Put_Thrift_Server_Storage_eu-uk-west 8600
Put_Azure_eu-uk-west 9309
Put_Thrift_Server_Storage_eu-uk-west 9413
Put_Azure_eu-uk-west 10030
Put_Thrift_Server_Storage_eu-uk-west 10098
Put_Azure_eu-uk-west 8913
Put_Thrift_Server_Storage_eu-uk-west 8990
Put_Azure_eu-uk-west 8978
Put_Thrift_Server_Storage_eu-uk-west 9051
Put_Azure_eu-uk-west 11902
Put_Thrift_Server_Storage_eu-uk-west 12005
Put_Azure_eu-uk-west 8286
Put_Thrift_Server_Storage_eu-uk-west 8407
Put_Azure_eu-uk-west 8648
Put_Thrift_Server_Storage_eu-uk-west 8697
Put_Azure_eu-uk-west 8187
Put_Thrift_Server_Storage_eu-uk-west 8279
Put_Azure_eu-uk-west 8634
Put_Thrift_Server_Storage_eu-uk-west 8749
Put_Azure_eu-uk-west 8301
Put_Thrift_Server_Storage_eu-uk-west 8350
Put_Azure_eu-uk-west 8283
Put_Thrift_Server_Storage_eu-uk-west 8344
Put_Azure_eu-uk-west 8314
Put_Thrift_Server_Storage_eu-uk-west 8376
Put_Azure_eu-uk-west 8524
Put_Thrift_Server_Storage_eu-uk-west 8580
Put_Azure_eu-uk-west 8279
Put_Thrift_Server_Storage_eu-uk-west 8334
Put_Azure_eu-uk-west 10095
Put_Thrift_Server_Storage_eu-uk-west 10150
Put_Azure_eu-uk-west 8487
Put_Thrift_Server_Storage_eu-uk-west 8540
Put_Azure_eu-uk-west 8339
Put_Thrift_Server_Storage_eu-uk-west 8424
Put_Azure_eu-uk-west 9011
Put_Thrift_Server_Storage_eu-uk-west 9085
Put_Azure_eu-uk-west 8904
Put_Thrift_Server_Storage_eu-uk-west 8954
Put_Azure_eu-uk-west 8290
Put_Thrift_Server_Storage_eu-uk-west 8344
Put_Azure_eu-uk-west 7433
Put_Thrift_Server_Storage_eu-uk-west 7533
Put_Azure_eu-uk-west 7436
Put_Thrift_Server_Storage_eu-uk-west 7514
Put_Azure_eu-uk-west 7130
Put_Thrift_Server_Storage_eu-uk-west 7193
Put_Azure_eu-uk-west 7463
Put_Thrift_Server_Storage_eu-uk-west 7534
Put_Azure_eu-uk-west 7384
Put_Thrift_Server_Storage_eu-uk-west 7482
Put_Azure_eu-uk-west 6998
Put_Thrift_Server_Storage_eu-uk-west 7066
Put_Azure_eu-uk-west 7574
Put_Thrift_Server_Storage_eu-uk-west 7641
Put_Azure_eu-uk-west 6925
Put_Thrift_Server_Storage_eu-uk-west 6991
Put_Azure_eu-uk-west 7758
Put_Thrift_Server_Storage_eu-uk-west 7819
Put_Azure_eu-uk-west 7385
Put_Thrift_Server_Storage_eu-uk-west 7456
Put_Azure_eu-uk-west 7350
Put_Thrift_Server_Storage_eu-uk-west 7425
Put_Azure_eu-uk-west 7511
Put_Thrift_Server_Storage_eu-uk-west 7581
Put_Azure_eu-uk-west 7132
Put_Thrift_Server_Storage_eu-uk-west 7216
Put_Azure_eu-uk-west 7067
Put_Thrift_Server_Storage_eu-uk-west 7158
Put_Azure_eu-uk-west 6599
Put_Thrift_Server_Storage_eu-uk-west 6686
Put_Azure_eu-uk-west 6807
Put_Thrift_Server_Storage_eu-uk-west 6860
Put_Azure_eu-uk-west 6598
Put_Thrift_Server_Storage_eu-uk-west 6654
Put_Azure_eu-uk-west 6761
Put_Thrift_Server_Storage_eu-uk-west 6814
Put_Azure_eu-uk-west 7055
Put_Thrift_Server_Storage_eu-uk-west 7113
Put_Azure_eu-uk-west 7703
Put_Thrift_Server_Storage_eu-uk-west 7763
Put_Azure_eu-uk-west 6876
Put_Thrift_Server_Storage_eu-uk-west 6948
Put_Azure_eu-uk-west 6779
Put_Thrift_Server_Storage_eu-uk-west 6870
Put_Azure_eu-uk-west 7372
Put_Thrift_Server_Storage_eu-uk-west 7425
Put_Azure_eu-uk-west 7029
Put_Thrift_Server_Storage_eu-uk-west 7098
Put_Azure_eu-uk-west 6879
Put_Thrift_Server_Storage_eu-uk-west 6934
Put_Azure_eu-uk-west 6893
Put_Thrift_Server_Storage_eu-uk-west 6945
Put_Azure_eu-uk-west 7639
Put_Thrift_Server_Storage_eu-uk-west 7724
Put_Azure_eu-uk-west 7725
Put_Thrift_Server_Storage_eu-uk-west 7810
Put_Azure_eu-uk-west 7220
Put_Thrift_Server_Storage_eu-uk-west 7316
Put_Azure_eu-uk-west 7479
Put_Thrift_Server_Storage_eu-uk-west 7569
Put_Azure_eu-uk-west 6504
Put_Thrift_Server_Storage_eu-uk-west 6566
Put_Azure_eu-uk-west 7097
Put_Thrift_Server_Storage_eu-uk-west 7161
Put_Azure_eu-uk-west 6863
Put_Thrift_Server_Storage_eu-uk-west 6927
Put_Azure_eu-uk-west 7061
Put_Thrift_Server_Storage_eu-uk-west 7146
Put_Azure_eu-uk-west 7142
Put_Thrift_Server_Storage_eu-uk-west 7188
Put_Azure_eu-uk-west 6523
Put_Thrift_Server_Storage_eu-uk-west 6578
Put_Azure_eu-uk-west 6902
Put_Thrift_Server_Storage_eu-uk-west 6985
Put_Azure_eu-uk-west 6661
Put_Thrift_Server_Storage_eu-uk-west 6738
Put_Azure_eu-uk-west 7134
Put_Thrift_Server_Storage_eu-uk-west 7244
Put_Azure_eu-uk-west 7071
Put_Thrift_Server_Storage_eu-uk-west 7179
Put_Azure_eu-uk-west 7037
Put_Thrift_Server_Storage_eu-uk-west 7163
Put_Azure_eu-uk-west 9850
Put_Thrift_Server_Storage_eu-uk-west 9941
Put_Azure_eu-uk-west 6948
Put_Thrift_Server_Storage_eu-uk-west 7020
Put_Azure_eu-uk-west 7536
Put_Thrift_Server_Storage_eu-uk-west 7656
Put_Azure_eu-uk-west 7467
Put_Thrift_Server_Storage_eu-uk-west 7532
Put_Azure_eu-uk-west 6785
Put_Thrift_Server_Storage_eu-uk-west 6863
Put_Azure_eu-uk-west 6639
Put_Thrift_Server_Storage_eu-uk-west 6687
Put_Azure_eu-uk-west 6595
Put_Thrift_Server_Storage_eu-uk-west 6709
Put_Azure_eu-uk-west 6457
Put_Thrift_Server_Storage_eu-uk-west 6507
Put_Azure_eu-uk-west 7036
Put_Thrift_Server_Storage_eu-uk-west 7141
Put_Azure_eu-uk-west 7087
Put_Thrift_Server_Storage_eu-uk-west 7171
Put_Azure_eu-uk-west 7012
Put_Thrift_Server_Storage_eu-uk-west 7076
Put_Azure_eu-uk-west 6923
Put_Thrift_Server_Storage_eu-uk-west 6970
Put_Azure_eu-uk-west 7548
Put_Thrift_Server_Storage_eu-uk-west 7594
Put_Azure_eu-uk-west 7530
Put_Thrift_Server_Storage_eu-uk-west 7613
Put_Azure_eu-uk-west 7508
Put_Thrift_Server_Storage_eu-uk-west 7562
Put_Azure_eu-uk-west 6447
Put_Thrift_Server_Storage_eu-uk-west 6535
Put_Azure_eu-uk-west 6606
Put_Thrift_Server_Storage_eu-uk-west 6688
Put_Azure_eu-uk-west 7121
Put_Thrift_Server_Storage_eu-uk-west 7167
Put_Azure_eu-uk-west 7415
Put_Thrift_Server_Storage_eu-uk-west 7460
Put_Azure_eu-uk-west 6594
Put_Thrift_Server_Storage_eu-uk-west 6653
Put_Azure_eu-uk-west 6848
Put_Thrift_Server_Storage_eu-uk-west 6894
Put_Azure_eu-uk-west 6814
Put_Thrift_Server_Storage_eu-uk-west 6862
Put_Azure_eu-uk-west 6781
Put_Thrift_Server_Storage_eu-uk-west 6865
Put_Azure_eu-uk-west 6931
Put_Thrift_Server_Storage_eu-uk-west 7015
Put_Azure_eu-uk-west 7984
Put_Thrift_Server_Storage_eu-uk-west 8100
Put_Azure_eu-uk-west 7307
Put_Thrift_Server_Storage_eu-uk-west 7371
Put_Azure_eu-uk-west 7013
Put_Thrift_Server_Storage_eu-uk-west 7077
Put_Azure_eu-uk-west 7864
Put_Thrift_Server_Storage_eu-uk-west 7963
Put_Azure_eu-uk-west 7337
Put_Thrift_Server_Storage_eu-uk-west 7424
Put_Azure_eu-uk-west 7511
Put_Thrift_Server_Storage_eu-uk-west 7610
Put_Azure_eu-uk-west 7556
Put_Thrift_Server_Storage_eu-uk-west 7663
Put_Azure_eu-uk-west 8097
Put_Thrift_Server_Storage_eu-uk-west 8240
Put_Azure_eu-uk-west 7404
Put_Thrift_Server_Storage_eu-uk-west 7499
Put_Azure_eu-uk-west 7400
Put_Thrift_Server_Storage_eu-uk-west 7532
Put_Azure_eu-uk-west 6728
Put_Thrift_Server_Storage_eu-uk-west 6814
Put_Azure_eu-uk-west 7298
Put_Thrift_Server_Storage_eu-uk-west 7390
Put_Azure_eu-uk-west 7019
Put_Thrift_Server_Storage_eu-uk-west 7083
Put_Azure_eu-uk-west 7756
Put_Thrift_Server_Storage_eu-uk-west 7852
Put_Azure_eu-uk-west 7711
Put_Thrift_Server_Storage_eu-uk-west 7819
Put_Azure_eu-uk-west 7008
Put_Thrift_Server_Storage_eu-uk-west 7116
Put_Azure_eu-uk-west 7132
Put_Thrift_Server_Storage_eu-uk-west 7199
Put_Azure_eu-uk-west 7834
Put_Thrift_Server_Storage_eu-uk-west 7928
Put_Azure_eu-uk-west 7464
Put_Thrift_Server_Storage_eu-uk-west 7529
Put_Azure_eu-uk-west 7349
Put_Thrift_Server_Storage_eu-uk-west 7416
Put_Azure_eu-uk-west 6979
Put_Thrift_Server_Storage_eu-uk-west 7078
Put_Azure_eu-uk-west 7181
Put_Thrift_Server_Storage_eu-uk-west 7278
Put_Azure_eu-uk-west 7104
Put_Thrift_Server_Storage_eu-uk-west 7186
Put_Azure_eu-uk-west 7561
Put_Thrift_Server_Storage_eu-uk-west 7630
Put_Azure_eu-uk-west 7259
Put_Thrift_Server_Storage_eu-uk-west 7313
Put_Azure_eu-uk-west 6853
Put_Thrift_Server_Storage_eu-uk-west 6910
Put_Azure_eu-uk-west 7325
Put_Thrift_Server_Storage_eu-uk-west 7410
Put_Azure_eu-uk-west 7649
Put_Thrift_Server_Storage_eu-uk-west 7721
Put_Azure_eu-uk-west 7833
Put_Thrift_Server_Storage_eu-uk-west 7929
Put_Azure_eu-uk-west 7120
Put_Thrift_Server_Storage_eu-uk-west 7221
Put_Azure_eu-uk-west 7239
Put_Thrift_Server_Storage_eu-uk-west 7344
Put_Azure_eu-uk-west 7342
Put_Thrift_Server_Storage_eu-uk-west 7468
Put_Azure_eu-uk-west 7347
Put_Thrift_Server_Storage_eu-uk-west 7463
Put_Azure_eu-uk-west 7652
Put_Thrift_Server_Storage_eu-uk-west 7743
Put_Azure_eu-uk-west 8850
Put_Thrift_Server_Storage_eu-uk-west 8910
Put_Azure_eu-uk-west 8371
Put_Thrift_Server_Storage_eu-uk-west 8452
Put_Azure_eu-uk-west 8598
Put_Thrift_Server_Storage_eu-uk-west 8647
Put_Azure_eu-uk-west 8269
Put_Thrift_Server_Storage_eu-uk-west 8338
Put_Azure_eu-uk-west 7971
Put_Thrift_Server_Storage_eu-uk-west 8029
Put_Azure_eu-uk-west 8806
Put_Thrift_Server_Storage_eu-uk-west 8855
Put_Azure_eu-uk-west 8743
Put_Thrift_Server_Storage_eu-uk-west 8800
Put_Azure_eu-uk-west 8691
Put_Thrift_Server_Storage_eu-uk-west 8781
Put_Azure_eu-uk-west 8222
Put_Thrift_Server_Storage_eu-uk-west 8282
Put_Azure_eu-uk-west 9014
Put_Thrift_Server_Storage_eu-uk-west 9076
Put_Azure_eu-uk-west 8600
Put_Thrift_Server_Storage_eu-uk-west 8696
Put_Azure_eu-uk-west 12696
Put_Thrift_Server_Storage_eu-uk-west 12761
Put_Azure_eu-uk-west 9208
Put_Thrift_Server_Storage_eu-uk-west 9276
Put_Azure_eu-uk-west 8899
Put_Thrift_Server_Storage_eu-uk-west 8997
Put_Azure_eu-uk-west 8321
Put_Thrift_Server_Storage_eu-uk-west 8390
Put_Azure_eu-uk-west 8845
Put_Thrift_Server_Storage_eu-uk-west 8941
Put_Azure_eu-uk-west 9609
Put_Thrift_Server_Storage_eu-uk-west 9738
Put_Azure_eu-uk-west 8306
Put_Thrift_Server_Storage_eu-uk-west 8373
Put_Azure_eu-uk-west 8332
Put_Thrift_Server_Storage_eu-uk-west 8397
Put_Azure_eu-uk-west 8595
Put_Thrift_Server_Storage_eu-uk-west 8700
Put_Azure_eu-uk-west 9273
Put_Thrift_Server_Storage_eu-uk-west 9348
Put_Azure_eu-uk-west 9199
Put_Thrift_Server_Storage_eu-uk-west 9255
Put_Azure_eu-uk-west 6974
Put_Thrift_Server_Storage_eu-uk-west 7027
Put_Azure_eu-uk-west 6658
Put_Thrift_Server_Storage_eu-uk-west 6731
Put_Azure_eu-uk-west 7541
Put_Thrift_Server_Storage_eu-uk-west 7637
Put_Azure_eu-uk-west 7955
Put_Thrift_Server_Storage_eu-uk-west 8044
Put_Azure_eu-uk-west 7074
Put_Thrift_Server_Storage_eu-uk-west 7128
Put_Azure_eu-uk-west 8125
Put_Thrift_Server_Storage_eu-uk-west 8182
Put_Azure_eu-uk-west 7504
Put_Thrift_Server_Storage_eu-uk-west 7573
Put_Azure_eu-uk-west 8052
Put_Thrift_Server_Storage_eu-uk-west 8104
Put_Azure_eu-uk-west 6724
Put_Thrift_Server_Storage_eu-uk-west 6786
Put_Azure_eu-uk-west 6593
Put_Thrift_Server_Storage_eu-uk-west 6646
Put_Azure_eu-uk-west 7117
Put_Thrift_Server_Storage_eu-uk-west 7171
Put_Azure_eu-uk-west 7570
Put_Thrift_Server_Storage_eu-uk-west 7664
Put_Azure_eu-uk-west 7874
Put_Thrift_Server_Storage_eu-uk-west 7942
Put_Azure_eu-uk-west 7320
Put_Thrift_Server_Storage_eu-uk-west 7462
Put_Azure_eu-uk-west 7531
Put_Thrift_Server_Storage_eu-uk-west 7623
Put_Azure_eu-uk-west 7307
Put_Thrift_Server_Storage_eu-uk-west 7377
Put_Azure_eu-uk-west 7394
Put_Thrift_Server_Storage_eu-uk-west 7471
Put_Azure_eu-uk-west 8030
Put_Thrift_Server_Storage_eu-uk-west 8094
Put_Azure_eu-uk-west 8540
Put_Thrift_Server_Storage_eu-uk-west 8645
Put_Azure_eu-uk-west 7406
Put_Thrift_Server_Storage_eu-uk-west 7463
Put_Azure_eu-uk-west 7111
Put_Thrift_Server_Storage_eu-uk-west 7205
Put_Azure_eu-uk-west 7134
Put_Thrift_Server_Storage_eu-uk-west 7241
Put_Azure_eu-uk-west 7472
Put_Thrift_Server_Storage_eu-uk-west 7581
Put_Azure_eu-uk-west 7031
Put_Thrift_Server_Storage_eu-uk-west 7129
Put_Azure_eu-uk-west 7215
Put_Thrift_Server_Storage_eu-uk-west 7280
Put_Azure_eu-uk-west 29025
Put_Thrift_Server_Storage_eu-uk-west 29122
Put_Azure_eu-uk-west 6927
Put_Thrift_Server_Storage_eu-uk-west 6989
Put_Azure_eu-uk-west 6711
Put_Thrift_Server_Storage_eu-uk-west 6774
Put_Azure_eu-uk-west 7124
Put_Thrift_Server_Storage_eu-uk-west 7169
Put_Azure_eu-uk-west 7183
Put_Thrift_Server_Storage_eu-uk-west 7234
Put_Azure_eu-uk-west 6878
Put_Thrift_Server_Storage_eu-uk-west 6931
Put_Azure_eu-uk-west 7872
Put_Thrift_Server_Storage_eu-uk-west 7965
Put_Azure_eu-uk-west 7309
Put_Thrift_Server_Storage_eu-uk-west 7411
Put_Azure_eu-uk-west 7754
Put_Thrift_Server_Storage_eu-uk-west 7873
Put_Azure_eu-uk-west 7225
Put_Thrift_Server_Storage_eu-uk-west 7306
Put_Azure_eu-uk-west 7364
Put_Thrift_Server_Storage_eu-uk-west 7477
Put_Azure_eu-uk-west 7421
Put_Thrift_Server_Storage_eu-uk-west 7482
Put_Azure_eu-uk-west 7364
Put_Thrift_Server_Storage_eu-uk-west 7465
Put_Azure_eu-uk-west 7536
Put_Thrift_Server_Storage_eu-uk-west 7582
Put_Azure_eu-uk-west 6622
Put_Thrift_Server_Storage_eu-uk-west 6670
Put_Azure_eu-uk-west 7247
Put_Thrift_Server_Storage_eu-uk-west 7329
Put_Azure_eu-uk-west 6742
Put_Thrift_Server_Storage_eu-uk-west 6788
Put_Azure_eu-uk-west 6867
Put_Thrift_Server_Storage_eu-uk-west 6917
Put_Azure_eu-uk-west 7028
Put_Thrift_Server_Storage_eu-uk-west 7075
Put_Azure_eu-uk-west 6654
Put_Thrift_Server_Storage_eu-uk-west 6761
Put_Azure_eu-uk-west 6870
Put_Thrift_Server_Storage_eu-uk-west 6918
Put_Azure_eu-uk-west 6931
Put_Thrift_Server_Storage_eu-uk-west 6979
Put_Azure_eu-uk-west 7697
Put_Thrift_Server_Storage_eu-uk-west 7785
Put_Azure_eu-uk-west 7425
Put_Thrift_Server_Storage_eu-uk-west 7476
Put_Azure_eu-uk-west 7442
Put_Thrift_Server_Storage_eu-uk-west 7504
Put_Azure_eu-uk-west 7698
Put_Thrift_Server_Storage_eu-uk-west 7765
Put_Azure_eu-uk-west 7899
Put_Thrift_Server_Storage_eu-uk-west 7962
Put_Azure_eu-uk-west 7107
Put_Thrift_Server_Storage_eu-uk-west 7171
Put_Azure_eu-uk-west 7257
Put_Thrift_Server_Storage_eu-uk-west 7331
Put_Azure_eu-uk-west 7544
Put_Thrift_Server_Storage_eu-uk-west 7620
Put_Azure_eu-uk-west 7629
Put_Thrift_Server_Storage_eu-uk-west 7709
Put_Azure_eu-uk-west 7304
Put_Thrift_Server_Storage_eu-uk-west 7368
Put_Azure_eu-uk-west 21065
Put_Thrift_Server_Storage_eu-uk-west 21128
Put_Azure_eu-uk-west 7229
Put_Thrift_Server_Storage_eu-uk-west 7305
Put_Azure_eu-uk-west 7186
Put_Thrift_Server_Storage_eu-uk-west 7262
Put_Azure_eu-uk-west 7554
Put_Thrift_Server_Storage_eu-uk-west 7648
Put_Azure_eu-uk-west 7170
Put_Thrift_Server_Storage_eu-uk-west 7281
Put_Azure_eu-uk-west 7539
Put_Thrift_Server_Storage_eu-uk-west 7605
Put_Azure_eu-uk-west 8091
Put_Thrift_Server_Storage_eu-uk-west 8156
Put_Azure_eu-uk-west 7460
Put_Thrift_Server_Storage_eu-uk-west 7574
Put_Azure_eu-uk-west 7241
Put_Thrift_Server_Storage_eu-uk-west 7338
Put_Azure_eu-uk-west 7050
Put_Thrift_Server_Storage_eu-uk-west 7101
Put_Azure_eu-uk-west 7522
Put_Thrift_Server_Storage_eu-uk-west 7579
Put_Azure_eu-uk-west 7225
Put_Thrift_Server_Storage_eu-uk-west 7306
Put_Azure_eu-uk-west 6923
Put_Thrift_Server_Storage_eu-uk-west 6967
Put_Azure_eu-uk-west 7118
Put_Thrift_Server_Storage_eu-uk-west 7184
Put_Azure_eu-uk-west 6543
Put_Thrift_Server_Storage_eu-uk-west 6609
Put_Azure_eu-uk-west 7001
Put_Thrift_Server_Storage_eu-uk-west 7054
Put_Azure_eu-uk-west 7372
Put_Thrift_Server_Storage_eu-uk-west 7477
Put_Azure_eu-uk-west 7594
Put_Thrift_Server_Storage_eu-uk-west 7654
Put_Azure_eu-uk-west 28386
Put_Thrift_Server_Storage_eu-uk-west 28454
Put_Azure_eu-uk-west 7223
Put_Thrift_Server_Storage_eu-uk-west 7296
Put_Azure_eu-uk-west 6948
Put_Thrift_Server_Storage_eu-uk-west 7009
Put_Azure_eu-uk-west 6947
Put_Thrift_Server_Storage_eu-uk-west 7037
Put_Azure_eu-uk-west 7434
Put_Thrift_Server_Storage_eu-uk-west 7499
Put_Azure_eu-uk-west 7268
Put_Thrift_Server_Storage_eu-uk-west 7335
Put_Azure_eu-uk-west 7738
Put_Thrift_Server_Storage_eu-uk-west 7844
Put_Azure_eu-uk-west 6830
Put_Thrift_Server_Storage_eu-uk-west 6874
Put_Azure_eu-uk-west 6824
Put_Thrift_Server_Storage_eu-uk-west 6883
Put_Azure_eu-uk-west 6528
Put_Thrift_Server_Storage_eu-uk-west 6618
Put_Azure_eu-uk-west 7038
Put_Thrift_Server_Storage_eu-uk-west 7098
Put_Azure_eu-uk-west 6617
Put_Thrift_Server_Storage_eu-uk-west 6708
Put_Azure_eu-uk-west 7398
Put_Thrift_Server_Storage_eu-uk-west 7487
Put_Azure_eu-uk-west 6699
Put_Thrift_Server_Storage_eu-uk-west 6772
Put_Azure_eu-uk-west 7204
Put_Thrift_Server_Storage_eu-uk-west 7273
Put_Azure_eu-uk-west 6978
Put_Thrift_Server_Storage_eu-uk-west 7066
Put_Azure_eu-uk-west 7449
Put_Thrift_Server_Storage_eu-uk-west 7562
Put_Azure_eu-uk-west 7077
Put_Thrift_Server_Storage_eu-uk-west 7158
Put_Azure_eu-uk-west 6942
Put_Thrift_Server_Storage_eu-uk-west 7000
Put_Azure_eu-uk-west 7268
Put_Thrift_Server_Storage_eu-uk-west 7358
Put_Azure_eu-uk-west 7359
Put_Thrift_Server_Storage_eu-uk-west 7438
Put_Azure_eu-uk-west 7150
Put_Thrift_Server_Storage_eu-uk-west 7214
Put_Azure_eu-uk-west 8921
Put_Thrift_Server_Storage_eu-uk-west 9024
Put_Azure_eu-uk-west 8793
Put_Thrift_Server_Storage_eu-uk-west 8857
Put_Azure_eu-uk-west 9078
Put_Thrift_Server_Storage_eu-uk-west 9156
Put_Azure_eu-uk-west 8591
Put_Thrift_Server_Storage_eu-uk-west 8658
Put_Azure_eu-uk-west 9067
Put_Thrift_Server_Storage_eu-uk-west 9134
Put_Azure_eu-uk-west 9396
Put_Thrift_Server_Storage_eu-uk-west 9478
Put_Azure_eu-uk-west 8573
Put_Thrift_Server_Storage_eu-uk-west 8667
Put_Azure_eu-uk-west 8660
Put_Thrift_Server_Storage_eu-uk-west 8725
Put_Azure_eu-uk-west 8629
Put_Thrift_Server_Storage_eu-uk-west 8723
Put_Azure_eu-uk-west 9092
Put_Thrift_Server_Storage_eu-uk-west 9194
Put_Azure_eu-uk-west 8394
Put_Thrift_Server_Storage_eu-uk-west 8461
Put_Azure_eu-uk-west 8735
Put_Thrift_Server_Storage_eu-uk-west 8840
Put_Azure_eu-uk-west 9227
Put_Thrift_Server_Storage_eu-uk-west 9289
Put_Azure_eu-uk-west 8493
Put_Thrift_Server_Storage_eu-uk-west 8557
Put_Azure_eu-uk-west 10983
Put_Thrift_Server_Storage_eu-uk-west 11041
Put_Azure_eu-uk-west 8782
Put_Thrift_Server_Storage_eu-uk-west 8845
Put_Azure_eu-uk-west 9077
Put_Thrift_Server_Storage_eu-uk-west 9168
Put_Azure_eu-uk-west 8760
Put_Thrift_Server_Storage_eu-uk-west 8816
Put_Azure_eu-uk-west 7016
Put_Thrift_Server_Storage_eu-uk-west 7068
Put_Azure_eu-uk-west 6672
Put_Thrift_Server_Storage_eu-uk-west 6730
Put_Azure_eu-uk-west 6931
Put_Thrift_Server_Storage_eu-uk-west 6985
Put_Azure_eu-uk-west 6764
Put_Thrift_Server_Storage_eu-uk-west 6851
Put_Azure_eu-uk-west 6943
Put_Thrift_Server_Storage_eu-uk-west 7030
Put_Azure_eu-uk-west 7189
Put_Thrift_Server_Storage_eu-uk-west 7248
Put_Azure_eu-uk-west 7464
Put_Thrift_Server_Storage_eu-uk-west 7534
Put_Azure_eu-uk-west 7127
Put_Thrift_Server_Storage_eu-uk-west 7222
Put_Azure_eu-uk-west 8801
Put_Thrift_Server_Storage_eu-uk-west 8896
Put_Azure_eu-uk-west 8579
Put_Thrift_Server_Storage_eu-uk-west 8666
Put_Azure_eu-uk-west 8763
Put_Thrift_Server_Storage_eu-uk-west 8866
Put_Azure_eu-uk-west 11710
Put_Thrift_Server_Storage_eu-uk-west 11817
Put_Azure_eu-uk-west 7020
Put_Thrift_Server_Storage_eu-uk-west 7098
Put_Azure_eu-uk-west 7475
Put_Thrift_Server_Storage_eu-uk-west 7599
Put_Azure_eu-uk-west 7883
Put_Thrift_Server_Storage_eu-uk-west 7947
Put_Azure_eu-uk-west 6657
Put_Thrift_Server_Storage_eu-uk-west 6734
Put_Azure_eu-uk-west 7001
Put_Thrift_Server_Storage_eu-uk-west 7077
Put_Azure_eu-uk-west 7570
Put_Thrift_Server_Storage_eu-uk-west 7656
Put_Azure_eu-uk-west 7310
Put_Thrift_Server_Storage_eu-uk-west 7388
Put_Azure_eu-uk-west 7387
Put_Thrift_Server_Storage_eu-uk-west 7495
Put_Azure_eu-uk-west 6609
Put_Thrift_Server_Storage_eu-uk-west 6700
Put_Azure_eu-uk-west 7120
Put_Thrift_Server_Storage_eu-uk-west 7177
Put_Azure_eu-uk-west 6688
Put_Thrift_Server_Storage_eu-uk-west 6742
Put_Azure_eu-uk-west 6696
Put_Thrift_Server_Storage_eu-uk-west 6750
Put_Azure_eu-uk-west 6964
Put_Thrift_Server_Storage_eu-uk-west 7044
Put_Azure_eu-uk-west 7098
Put_Thrift_Server_Storage_eu-uk-west 7158
Put_Azure_eu-uk-west 6803
Put_Thrift_Server_Storage_eu-uk-west 6865
Put_Azure_eu-uk-west 7343
Put_Thrift_Server_Storage_eu-uk-west 7411
Put_Azure_eu-uk-west 6925
Put_Thrift_Server_Storage_eu-uk-west 6988
Put_Azure_eu-uk-west 7036
Put_Thrift_Server_Storage_eu-uk-west 7121
Put_Azure_eu-uk-west 7677
Put_Thrift_Server_Storage_eu-uk-west 7736
Put_Azure_eu-uk-west 6982
Put_Thrift_Server_Storage_eu-uk-west 7044
Put_Azure_eu-uk-west 6802
Put_Thrift_Server_Storage_eu-uk-west 6883
Put_Azure_eu-uk-west 6584
Put_Thrift_Server_Storage_eu-uk-west 6692
Put_Azure_eu-uk-west 6785
Put_Thrift_Server_Storage_eu-uk-west 6874
Put_Azure_eu-uk-west 6998
Put_Thrift_Server_Storage_eu-uk-west 7085
Put_Azure_eu-uk-west 6698
Put_Thrift_Server_Storage_eu-uk-west 6782
Put_Azure_eu-uk-west 6611
Put_Thrift_Server_Storage_eu-uk-west 6658
Put_Azure_eu-uk-west 6737
Put_Thrift_Server_Storage_eu-uk-west 6799
Put_Azure_eu-uk-west 6657
Put_Thrift_Server_Storage_eu-uk-west 6702
Put_Azure_eu-uk-west 6880
Put_Thrift_Server_Storage_eu-uk-west 7006
Put_Azure_eu-uk-west 6661
Put_Thrift_Server_Storage_eu-uk-west 6712
Put_Azure_eu-uk-west 6447
Put_Thrift_Server_Storage_eu-uk-west 6510
Put_Azure_eu-uk-west 7099
Put_Thrift_Server_Storage_eu-uk-west 7180
Put_Azure_eu-uk-west 7248
Put_Thrift_Server_Storage_eu-uk-west 7353
Put_Azure_eu-uk-west 8041
Put_Thrift_Server_Storage_eu-uk-west 8096
Put_Azure_eu-uk-west 7030
Put_Thrift_Server_Storage_eu-uk-west 7085
Put_Azure_eu-uk-west 8257
Put_Thrift_Server_Storage_eu-uk-west 8354
Put_Azure_eu-uk-west 7553
Put_Thrift_Server_Storage_eu-uk-west 7700
Put_Azure_eu-uk-west 7348
Put_Thrift_Server_Storage_eu-uk-west 7443
Put_Azure_eu-uk-west 7490
Put_Thrift_Server_Storage_eu-uk-west 7583
Put_Azure_eu-uk-west 7093
Put_Thrift_Server_Storage_eu-uk-west 7169
Put_Azure_eu-uk-west 6829
Put_Thrift_Server_Storage_eu-uk-west 6897
Put_Azure_eu-uk-west 7556
Put_Thrift_Server_Storage_eu-uk-west 7620
Put_Azure_eu-uk-west 7205
Put_Thrift_Server_Storage_eu-uk-west 7322
Put_Azure_eu-uk-west 7450
Put_Thrift_Server_Storage_eu-uk-west 7518
Put_Azure_eu-uk-west 7171
Put_Thrift_Server_Storage_eu-uk-west 7237
Put_Azure_eu-uk-west 7425
Put_Thrift_Server_Storage_eu-uk-west 7490
Put_Azure_eu-uk-west 7333
Put_Thrift_Server_Storage_eu-uk-west 7399
Put_Azure_eu-uk-west 7077
Put_Thrift_Server_Storage_eu-uk-west 7140
Put_Azure_eu-uk-west 7561
Put_Thrift_Server_Storage_eu-uk-west 7646
Put_Azure_eu-uk-west 6767
Put_Thrift_Server_Storage_eu-uk-west 6842
Put_Azure_eu-uk-west 7600
Put_Thrift_Server_Storage_eu-uk-west 7679
Put_Azure_eu-uk-west 7320
Put_Thrift_Server_Storage_eu-uk-west 7399
Put_Azure_eu-uk-west 6934
Put_Thrift_Server_Storage_eu-uk-west 7014
Put_Azure_eu-uk-west 7418
Put_Thrift_Server_Storage_eu-uk-west 7511
Put_Azure_eu-uk-west 6983
Put_Thrift_Server_Storage_eu-uk-west 7062
Put_Azure_eu-uk-west 7785
Put_Thrift_Server_Storage_eu-uk-west 7881
Put_Azure_eu-uk-west 7270
Put_Thrift_Server_Storage_eu-uk-west 7338
Put_Azure_eu-uk-west 7198
Put_Thrift_Server_Storage_eu-uk-west 7294
Put_Azure_eu-uk-west 7064
Put_Thrift_Server_Storage_eu-uk-west 7128
Put_Azure_eu-uk-west 8595
Put_Thrift_Server_Storage_eu-uk-west 8710
Put_Azure_eu-uk-west 8746
Put_Thrift_Server_Storage_eu-uk-west 8801
Put_Azure_eu-uk-west 8942
Put_Thrift_Server_Storage_eu-uk-west 9002
Put_Azure_eu-uk-west 8977
Put_Thrift_Server_Storage_eu-uk-west 9042
Put_Azure_eu-uk-west 9271
Put_Thrift_Server_Storage_eu-uk-west 9334
Put_Azure_eu-uk-west 8789
Put_Thrift_Server_Storage_eu-uk-west 8899
Put_Azure_eu-uk-west 8873
Put_Thrift_Server_Storage_eu-uk-west 8953
Put_Azure_eu-uk-west 9139
Put_Thrift_Server_Storage_eu-uk-west 9249
Put_Azure_eu-uk-west 8876
Put_Thrift_Server_Storage_eu-uk-west 8970
Put_Azure_eu-uk-west 10360
Put_Thrift_Server_Storage_eu-uk-west 10455
Put_Azure_eu-uk-west 8859
Put_Thrift_Server_Storage_eu-uk-west 8969
Put_Azure_eu-uk-west 8438
Put_Thrift_Server_Storage_eu-uk-west 8504
Put_Azure_eu-uk-west 8879
Put_Thrift_Server_Storage_eu-uk-west 8956
Put_Azure_eu-uk-west 8725
Put_Thrift_Server_Storage_eu-uk-west 8820
Put_Azure_eu-uk-west 9318
Put_Thrift_Server_Storage_eu-uk-west 9431
Put_Azure_eu-uk-west 9118
Put_Thrift_Server_Storage_eu-uk-west 9233
Put_Azure_eu-uk-west 8676
Put_Thrift_Server_Storage_eu-uk-west 8742
Put_Azure_eu-uk-west 7419
Put_Thrift_Server_Storage_eu-uk-west 7518
Put_Azure_eu-uk-west 7105
Put_Thrift_Server_Storage_eu-uk-west 7216
Put_Azure_eu-uk-west 7427
Put_Thrift_Server_Storage_eu-uk-west 7548
Put_Azure_eu-uk-west 7014
Put_Thrift_Server_Storage_eu-uk-west 7078
Put_Azure_eu-uk-west 7214
Put_Thrift_Server_Storage_eu-uk-west 7293
Put_Azure_eu-uk-west 8357
Put_Thrift_Server_Storage_eu-uk-west 8423
Put_Azure_eu-uk-west 8807
Put_Thrift_Server_Storage_eu-uk-west 8872
Put_Azure_eu-uk-west 8508
Put_Thrift_Server_Storage_eu-uk-west 8588
Put_Azure_eu-uk-west 8911
Put_Thrift_Server_Storage_eu-uk-west 8975
Put_Azure_eu-uk-west 8443
Put_Thrift_Server_Storage_eu-uk-west 8510
Put_Azure_eu-uk-west 9019
Put_Thrift_Server_Storage_eu-uk-west 9129
Put_Azure_eu-uk-west 8195
Put_Thrift_Server_Storage_eu-uk-west 8257
Put_Azure_eu-uk-west 8324
Put_Thrift_Server_Storage_eu-uk-west 8405
Put_Azure_eu-uk-west 7952
Put_Thrift_Server_Storage_eu-uk-west 8014
Put_Azure_eu-uk-west 9333
Put_Thrift_Server_Storage_eu-uk-west 9436
Put_Azure_eu-uk-west 8959
Put_Thrift_Server_Storage_eu-uk-west 9011
Put_Azure_eu-uk-west 8228
Put_Thrift_Server_Storage_eu-uk-west 8310
Put_Azure_eu-uk-west 8133
Put_Thrift_Server_Storage_eu-uk-west 8210
Put_Azure_eu-uk-west 8451
Put_Thrift_Server_Storage_eu-uk-west 8551
Put_Azure_eu-uk-west 8001
Put_Thrift_Server_Storage_eu-uk-west 8070
Put_Azure_eu-uk-west 7930
Put_Thrift_Server_Storage_eu-uk-west 7983
Put_Azure_eu-uk-west 8517
Put_Thrift_Server_Storage_eu-uk-west 8568
Put_Azure_eu-uk-west 8651
Put_Thrift_Server_Storage_eu-uk-west 8701
Put_Azure_eu-uk-west 9730
Put_Thrift_Server_Storage_eu-uk-west 9777
Put_Azure_eu-uk-west 9110
Put_Thrift_Server_Storage_eu-uk-west 9203
Put_Azure_eu-uk-west 8506
Put_Thrift_Server_Storage_eu-uk-west 8571
Put_Azure_eu-uk-west 8642
Put_Thrift_Server_Storage_eu-uk-west 8713
Put_Azure_eu-uk-west 8735
Put_Thrift_Server_Storage_eu-uk-west 8788
Put_Azure_eu-uk-west 6649
Put_Thrift_Server_Storage_eu-uk-west 6716
Put_Azure_eu-uk-west 7604
Put_Thrift_Server_Storage_eu-uk-west 7696
Put_Azure_eu-uk-west 7367
Put_Thrift_Server_Storage_eu-uk-west 7463
Put_Azure_eu-uk-west 7584
Put_Thrift_Server_Storage_eu-uk-west 7657
Put_Azure_eu-uk-west 6954
Put_Thrift_Server_Storage_eu-uk-west 7037
Put_Azure_eu-uk-west 14707
Put_Thrift_Server_Storage_eu-uk-west 14817
Put_Azure_eu-uk-west 6981
Put_Thrift_Server_Storage_eu-uk-west 7045
Put_Azure_eu-uk-west 8059
Put_Thrift_Server_Storage_eu-uk-west 8127
Put_Azure_eu-uk-west 7689
Put_Thrift_Server_Storage_eu-uk-west 7792
Put_Azure_eu-uk-west 7661
Put_Thrift_Server_Storage_eu-uk-west 7729
Put_Azure_eu-uk-west 7667
Put_Thrift_Server_Storage_eu-uk-west 7734
Put_Azure_eu-uk-west 6714
Put_Thrift_Server_Storage_eu-uk-west 6790
Put_Azure_eu-uk-west 7267
Put_Thrift_Server_Storage_eu-uk-west 7359
Put_Azure_eu-uk-west 7239
Put_Thrift_Server_Storage_eu-uk-west 7322
Put_Azure_eu-uk-west 7290
Put_Thrift_Server_Storage_eu-uk-west 7369
Put_Azure_eu-uk-west 6844
Put_Thrift_Server_Storage_eu-uk-west 6924
Put_Azure_eu-uk-west 7132
Put_Thrift_Server_Storage_eu-uk-west 7222
Put_Azure_eu-uk-west 6754
Put_Thrift_Server_Storage_eu-uk-west 6849
Put_Azure_eu-uk-west 6760
Put_Thrift_Server_Storage_eu-uk-west 6839
Put_Azure_eu-uk-west 7369
Put_Thrift_Server_Storage_eu-uk-west 7443
Put_Azure_eu-uk-west 6857
Put_Thrift_Server_Storage_eu-uk-west 6938
Put_Azure_eu-uk-west 6844
Put_Thrift_Server_Storage_eu-uk-west 6893
Put_Azure_eu-uk-west 6510
Put_Thrift_Server_Storage_eu-uk-west 6579
Put_Azure_eu-uk-west 7479
Put_Thrift_Server_Storage_eu-uk-west 7562
Put_Azure_eu-uk-west 6992
Put_Thrift_Server_Storage_eu-uk-west 7083
Put_Azure_eu-uk-west 7310
Put_Thrift_Server_Storage_eu-uk-west 7417
Put_Azure_eu-uk-west 7434
Put_Thrift_Server_Storage_eu-uk-west 7500
Put_Azure_eu-uk-west 7367
Put_Thrift_Server_Storage_eu-uk-west 7438
Put_Azure_eu-uk-west 7307
Put_Thrift_Server_Storage_eu-uk-west 7377
Put_Azure_eu-uk-west 7195
Put_Thrift_Server_Storage_eu-uk-west 7248
Put_Azure_eu-uk-west 6660
Put_Thrift_Server_Storage_eu-uk-west 6746
Put_Azure_eu-uk-west 6987
Put_Thrift_Server_Storage_eu-uk-west 7053
Put_Azure_eu-uk-west 6327
Put_Thrift_Server_Storage_eu-uk-west 6392
Put_Azure_eu-uk-west 6978
Put_Thrift_Server_Storage_eu-uk-west 7050
Put_Azure_eu-uk-west 6720
Put_Thrift_Server_Storage_eu-uk-west 6773
Put_Azure_eu-uk-west 6723
Put_Thrift_Server_Storage_eu-uk-west 6772
Put_Azure_eu-uk-west 6796
Put_Thrift_Server_Storage_eu-uk-west 6861
Put_Azure_eu-uk-west 6754
Put_Thrift_Server_Storage_eu-uk-west 6819
Put_Azure_eu-uk-west 6926
Put_Thrift_Server_Storage_eu-uk-west 6983
Put_Azure_eu-uk-west 6727
Put_Thrift_Server_Storage_eu-uk-west 6788
Put_Azure_eu-uk-west 6593
Put_Thrift_Server_Storage_eu-uk-west 6677
Put_Azure_eu-uk-west 6673
Put_Thrift_Server_Storage_eu-uk-west 6741
Put_Azure_eu-uk-west 7136
Put_Thrift_Server_Storage_eu-uk-west 7260
Put_Azure_eu-uk-west 6532
Put_Thrift_Server_Storage_eu-uk-west 6580
Put_Azure_eu-uk-west 7562
Put_Thrift_Server_Storage_eu-uk-west 7662
Put_Azure_eu-uk-west 6362
Put_Thrift_Server_Storage_eu-uk-west 6440
Put_Azure_eu-uk-west 6808
Put_Thrift_Server_Storage_eu-uk-west 6860
Put_Azure_eu-uk-west 6897
Put_Thrift_Server_Storage_eu-uk-west 6960
Put_Azure_eu-uk-west 6741
Put_Thrift_Server_Storage_eu-uk-west 6852
Put_Azure_eu-uk-west 9284
Put_Thrift_Server_Storage_eu-uk-west 9364
Put_Azure_eu-uk-west 7113
Put_Thrift_Server_Storage_eu-uk-west 7178
Put_Azure_eu-uk-west 7330
Put_Thrift_Server_Storage_eu-uk-west 7409
Put_Azure_eu-uk-west 7065
Put_Thrift_Server_Storage_eu-uk-west 7149
Put_Azure_eu-uk-west 6528
Put_Thrift_Server_Storage_eu-uk-west 6582
Put_Azure_eu-uk-west 7088
Put_Thrift_Server_Storage_eu-uk-west 7145
Put_Azure_eu-uk-west 7041
Put_Thrift_Server_Storage_eu-uk-west 7131
Put_Azure_eu-uk-west 6927
Put_Thrift_Server_Storage_eu-uk-west 6987
Put_Azure_eu-uk-west 7355
Put_Thrift_Server_Storage_eu-uk-west 7445
Put_Azure_eu-uk-west 7166
Put_Thrift_Server_Storage_eu-uk-west 7228
Put_Azure_eu-uk-west 7451
Put_Thrift_Server_Storage_eu-uk-west 7512
Put_Azure_eu-uk-west 7460
Put_Thrift_Server_Storage_eu-uk-west 7555
Put_Azure_eu-uk-west 7219
Put_Thrift_Server_Storage_eu-uk-west 7315
Put_Azure_eu-uk-west 7327
Put_Thrift_Server_Storage_eu-uk-west 7395
Put_Azure_eu-uk-west 7294
Put_Thrift_Server_Storage_eu-uk-west 7362
Put_Azure_eu-uk-west 7283
Put_Thrift_Server_Storage_eu-uk-west 7346
Put_Azure_eu-uk-west 7205
Put_Thrift_Server_Storage_eu-uk-west 7311
Put_Azure_eu-uk-west 7101
Put_Thrift_Server_Storage_eu-uk-west 7199
Put_Azure_eu-uk-west 7718
Put_Thrift_Server_Storage_eu-uk-west 7784
Put_Azure_eu-uk-west 7798
Put_Thrift_Server_Storage_eu-uk-west 7877
Put_Azure_eu-uk-west 7576
Put_Thrift_Server_Storage_eu-uk-west 7670
Put_Azure_eu-uk-west 7200
Put_Thrift_Server_Storage_eu-uk-west 7264
Put_Azure_eu-uk-west 7867
Put_Thrift_Server_Storage_eu-uk-west 7916
Put_Azure_eu-uk-west 6837
Put_Thrift_Server_Storage_eu-uk-west 6906
Put_Azure_eu-uk-west 6674
Put_Thrift_Server_Storage_eu-uk-west 6731
Put_Azure_eu-uk-west 6878
Put_Thrift_Server_Storage_eu-uk-west 6942
Put_Azure_eu-uk-west 7060
Put_Thrift_Server_Storage_eu-uk-west 7140
Put_Azure_eu-uk-west 7308
Put_Thrift_Server_Storage_eu-uk-west 7408
Put_Azure_eu-uk-west 7370
Put_Thrift_Server_Storage_eu-uk-west 7437
Put_Azure_eu-uk-west 7927
Put_Thrift_Server_Storage_eu-uk-west 8022
Put_Azure_eu-uk-west 7455
Put_Thrift_Server_Storage_eu-uk-west 7562
Put_Azure_eu-uk-west 7083
Put_Thrift_Server_Storage_eu-uk-west 7182
Put_Azure_eu-uk-west 7362
Put_Thrift_Server_Storage_eu-uk-west 7428
Put_Azure_eu-uk-west 6864
Put_Thrift_Server_Storage_eu-uk-west 6926
Put_Azure_eu-uk-west 7053
Put_Thrift_Server_Storage_eu-uk-west 7130
Put_Azure_eu-uk-west 7404
Put_Thrift_Server_Storage_eu-uk-west 7498
Put_Azure_eu-uk-west 7290
Put_Thrift_Server_Storage_eu-uk-west 7354
Put_Azure_eu-uk-west 6978
Put_Thrift_Server_Storage_eu-uk-west 7043
Put_Azure_eu-uk-west 7292
Put_Thrift_Server_Storage_eu-uk-west 7358
Put_Azure_eu-uk-west 7321
Put_Thrift_Server_Storage_eu-uk-west 7390
Put_Azure_eu-uk-west 7498
Put_Thrift_Server_Storage_eu-uk-west 7601
Put_Azure_eu-uk-west 7499
Put_Thrift_Server_Storage_eu-uk-west 7594
Put_Azure_eu-uk-west 7676
Put_Thrift_Server_Storage_eu-uk-west 7739
Put_Azure_eu-uk-west 7550
Put_Thrift_Server_Storage_eu-uk-west 7645
Put_Azure_eu-uk-west 7458
Put_Thrift_Server_Storage_eu-uk-west 7521
Put_Azure_eu-uk-west 7384
Put_Thrift_Server_Storage_eu-uk-west 7451
Put_Azure_eu-uk-west 7031
Put_Thrift_Server_Storage_eu-uk-west 7091
Put_Azure_eu-uk-west 7495
Put_Thrift_Server_Storage_eu-uk-west 7565
Put_Azure_eu-uk-west 7411
Put_Thrift_Server_Storage_eu-uk-west 7474
Put_Azure_eu-uk-west 7131
Put_Thrift_Server_Storage_eu-uk-west 7227
Put_Azure_eu-uk-west 7176
Put_Thrift_Server_Storage_eu-uk-west 7271
Put_Azure_eu-uk-west 7497
Put_Thrift_Server_Storage_eu-uk-west 7561
Put_Azure_eu-uk-west 6932
Put_Thrift_Server_Storage_eu-uk-west 6984
Put_Azure_eu-uk-west 8152
Put_Thrift_Server_Storage_eu-uk-west 8214
Put_Azure_eu-uk-west 8833
Put_Thrift_Server_Storage_eu-uk-west 8912
Put_Azure_eu-uk-west 8808
Put_Thrift_Server_Storage_eu-uk-west 8853
Put_Azure_eu-uk-west 8154
Put_Thrift_Server_Storage_eu-uk-west 8235
Put_Azure_eu-uk-west 9406
Put_Thrift_Server_Storage_eu-uk-west 9490
Put_Azure_eu-uk-west 8288
Put_Thrift_Server_Storage_eu-uk-west 8352
Put_Azure_eu-uk-west 8420
Put_Thrift_Server_Storage_eu-uk-west 8475
Put_Azure_eu-uk-west 9113
Put_Thrift_Server_Storage_eu-uk-west 9159
Put_Azure_eu-uk-west 8316
Put_Thrift_Server_Storage_eu-uk-west 8397
Put_Azure_eu-uk-west 8430
Put_Thrift_Server_Storage_eu-uk-west 8482
Put_Azure_eu-uk-west 8541
Put_Thrift_Server_Storage_eu-uk-west 8589
Put_Azure_eu-uk-west 8635
Put_Thrift_Server_Storage_eu-uk-west 8716
Put_Azure_eu-uk-west 8467
Put_Thrift_Server_Storage_eu-uk-west 8551
Put_Azure_eu-uk-west 8290
Put_Thrift_Server_Storage_eu-uk-west 8373
Put_Azure_eu-uk-west 8321
Put_Thrift_Server_Storage_eu-uk-west 8370
Put_Azure_eu-uk-west 8702
Put_Thrift_Server_Storage_eu-uk-west 8749
Put_Azure_eu-uk-west 7899
Put_Thrift_Server_Storage_eu-uk-west 7984
Put_Azure_eu-uk-west 8555
Put_Thrift_Server_Storage_eu-uk-west 8606
Put_Azure_eu-uk-west 8244
Put_Thrift_Server_Storage_eu-uk-west 8297
Put_Azure_eu-uk-west 8673
Put_Thrift_Server_Storage_eu-uk-west 8727
Put_Azure_eu-uk-west 8952
Put_Thrift_Server_Storage_eu-uk-west 9000
Put_Azure_eu-uk-west 6828
Put_Thrift_Server_Storage_eu-uk-west 6874
Put_Azure_eu-uk-west 6994
Put_Thrift_Server_Storage_eu-uk-west 7040
Put_Azure_eu-uk-west 7109
Put_Thrift_Server_Storage_eu-uk-west 7169
Put_Azure_eu-uk-west 6787
Put_Thrift_Server_Storage_eu-uk-west 6838
Put_Azure_eu-uk-west 6897
Put_Thrift_Server_Storage_eu-uk-west 6982
Put_Azure_eu-uk-west 7105
Put_Thrift_Server_Storage_eu-uk-west 7169
Put_Azure_eu-uk-west 7827
Put_Thrift_Server_Storage_eu-uk-west 7917
Put_Azure_eu-uk-west 7060
Put_Thrift_Server_Storage_eu-uk-west 7191
Put_Azure_eu-uk-west 7363
Put_Thrift_Server_Storage_eu-uk-west 7450
Put_Azure_eu-uk-west 7339
Put_Thrift_Server_Storage_eu-uk-west 7406
Put_Azure_eu-uk-west 7226
Put_Thrift_Server_Storage_eu-uk-west 7308
Put_Azure_eu-uk-west 7294
Put_Thrift_Server_Storage_eu-uk-west 7372
Put_Azure_eu-uk-west 7529
Put_Thrift_Server_Storage_eu-uk-west 7614
Put_Azure_eu-uk-west 7419
Put_Thrift_Server_Storage_eu-uk-west 7512
Put_Azure_eu-uk-west 7223
Put_Thrift_Server_Storage_eu-uk-west 7316
Put_Azure_eu-uk-west 9007
Put_Thrift_Server_Storage_eu-uk-west 9073
Put_Azure_eu-uk-west 7683
Put_Thrift_Server_Storage_eu-uk-west 7748
Put_Azure_eu-uk-west 7532
Put_Thrift_Server_Storage_eu-uk-west 7626
Put_Azure_eu-uk-west 8778
Put_Thrift_Server_Storage_eu-uk-west 8845
Put_Azure_eu-uk-west 7110
Put_Thrift_Server_Storage_eu-uk-west 7172
Put_Azure_eu-uk-west 6957
Put_Thrift_Server_Storage_eu-uk-west 7027
Put_Azure_eu-uk-west 7301
Put_Thrift_Server_Storage_eu-uk-west 7396
Put_Azure_eu-uk-west 7928
Put_Thrift_Server_Storage_eu-uk-west 7991
Put_Azure_eu-uk-west 7303
Put_Thrift_Server_Storage_eu-uk-west 7372
Put_Azure_eu-uk-west 7528
Put_Thrift_Server_Storage_eu-uk-west 7645
Put_Azure_eu-uk-west 7323
Put_Thrift_Server_Storage_eu-uk-west 7389
Put_Azure_eu-uk-west 7122
Put_Thrift_Server_Storage_eu-uk-west 7204
Put_Azure_eu-uk-west 7948
Put_Thrift_Server_Storage_eu-uk-west 8026
Put_Azure_eu-uk-west 8015
Put_Thrift_Server_Storage_eu-uk-west 8081
Put_Azure_eu-uk-west 7165
Put_Thrift_Server_Storage_eu-uk-west 7261
Put_Azure_eu-uk-west 7369
Put_Thrift_Server_Storage_eu-uk-west 7449
Put_Azure_eu-uk-west 6831
Put_Thrift_Server_Storage_eu-uk-west 6899
Put_Azure_eu-uk-west 7170
Put_Thrift_Server_Storage_eu-uk-west 7243
Put_Azure_eu-uk-west 7402
Put_Thrift_Server_Storage_eu-uk-west 7496
Put_Azure_eu-uk-west 7705
Put_Thrift_Server_Storage_eu-uk-west 7802
Put_Azure_eu-uk-west 7477
Put_Thrift_Server_Storage_eu-uk-west 7564
Put_Azure_eu-uk-west 7407
Put_Thrift_Server_Storage_eu-uk-west 7475
Put_Azure_eu-uk-west 7361
Put_Thrift_Server_Storage_eu-uk-west 7427
Put_Azure_eu-uk-west 7778
Put_Thrift_Server_Storage_eu-uk-west 7870
Put_Azure_eu-uk-west 7105
Put_Thrift_Server_Storage_eu-uk-west 7175
Put_Azure_eu-uk-west 7509
Put_Thrift_Server_Storage_eu-uk-west 7611
Put_Azure_eu-uk-west 7707
Put_Thrift_Server_Storage_eu-uk-west 7756
