main 101913
main 103007
main 98417
main 104930
main 99142
main 101451
main 109138
main 97332
main 98827
main 99916
main 98772
main 100467
main 99072
main 99006
main 99141
main 99241
main 99066
main 99047
main 98465
main 97787
main 97985
main 97513
main 97440
main 98470
main 96979
main 97545
main 98172
main 97221
main 97176
main 97384
main 98310
main 96869
main 99465
main 99836
main 98256
main 99435
main 99705
main 97496
main 99040
main 99022
main 98670
main 115291
main 111710
main 98560
main 98729
main 97965
main 98347
main 98673
main 97553
main 98890
main 97442
main 99791
main 98618
main 118840
main 99457
main 99403
main 99352
main 99613
main 99607
main 98973
main 98704
main 99122
main 99230
main 98493
main 99112
main 98520
main 99562
main 99627
main 98808
main 98962
main 98675
main 98342
main 98438
main 99338
main 98884
main 98552
main 98144
main 98560
main 97950
main 99056
main 97217
main 98777
main 98180
main 98117
main 97536
main 98068
main 113654
main 97650
main 98529
main 101929
main 98063
main 98175
main 98219
main 114108
main 96889
main 97276
main 96979
main 98544
main 97083
main 97197
main 98051
main 97581
main 97388
main 97428
main 112836
main 97536
main 98382
main 96976
main 101062
main 98119
main 97771
main 97614
main 98395
main 97729
main 97597
main 96917
main 98332
main 98355
main 97741
main 98799
main 97739
main 97622
main 98027
main 98183
main 98863
main 102108
main 113663
main 99478
main 100142
main 98028
main 97005
main 98310
main 115479
main 97292
main 97352
main 97603
main 97213
main 97395
main 97310
main 99566
main 104851
main 97043
main 98096
main 97634
main 97759
main 97974
main 98441
main 98017
main 97065
main 100466
main 98340
main 98263
main 97819
main 98354
main 98609
main 97572
main 98706
main 98148
main 98003
main 97780
main 99052
main 98556
main 99196
main 101329
main 101290
main 98865
main 99350
main 99654
main 97513
main 99988
main 98582
main 108778
main 97337
main 99690
main 103980
main 99672
main 97818
main 112641
main 118007
main 116649
main 98740
main 98824
main 97559
main 99928
main 109781
main 107538
main 97679
main 97879
main 98010
main 98967
main 98921
main 97583
main 97024
main 108423
main 100385
main 98301
main 97407
main 112600
main 97912
main 97665
main 101079
main 97930
main 99439
main 97910
main 98657
main 98904
main 109109
main 108876
main 98588
main 100768
main 97480
main 98399
main 98495
main 101862
main 98487
main 99896
main 102276
main 98286
main 98153
main 105542
main 99024
main 97879
main 97101
main 95505
main 112338
main 96729
main 96234
main 96995
main 98817
main 97811
main 113363
main 97570
main 97780
main 97934
main 98230
main 113448
main 98111
main 97398
main 98669
main 98417
main 97806
main 96572
main 96362
main 96678
main 96258
main 96837
main 99595
main 96244
main 95912
main 96099
main 105994
main 96077
main 95832
main 118772
main 96287
main 97645
main 96352
main 98172
main 96277
main 99119
main 97006
main 96147
main 96311
main 96354
main 96674
main 96559
main 96177
main 96359
main 100088
main 96219
main 95585
main 97073
main 96258
main 109843
main 96876
main 96784
main 96479
main 96829
main 96653
main 96300
main 96207
main 96711
main 96219
main 96871
main 96639
main 96344
main 97410
main 96996
main 97454
main 97051
main 97200
main 96799
main 96879
main 97240
main 107940
main 96821
main 96772
main 111241
main 97014
main 100757
main 99156
main 98996
main 99405
main 99470
main 100160
main 98638
main 99374
main 98541
main 99108
main 100000
main 100015
main 99204
main 99736
main 99132
main 99940
main 99552
main 99900
main 114092
main 97705
main 99271
main 98249
main 99069
main 98307
main 97689
main 98323
main 99273
main 98980
main 98378
main 98220
main 98437
main 97814
main 98755
main 98537
main 98666
main 98887
main 112959
main 97902
main 95273
main 97264
main 96713
main 97849
main 96972
main 99350
main 97197
main 96316
main 96920
main 97539
main 97070
main 96366
main 136723
main 96507
main 109412
main 96497
main 96739
main 98245
main 96149
main 96317
main 96826
main 96583
main 112037
main 96473
main 101066
main 104247
main 97522
main 96592
main 97458
main 97701
main 96343
main 96716
main 96594
main 96535
main 97129
main 97623
main 97203
main 97455
main 96274
main 96073
main 97192
main 97187
main 96928
main 97121
main 97089
main 96837
main 97401
main 97694
main 118969
main 97321
main 100086
main 98513
main 99039
main 97183
main 95952
main 96831
main 96865
main 96515
main 162125
main 97042
main 96211
main 108100
main 96750
main 96308
main 97033
main 96815
main 112040
main 96193
main 97828
main 96971
main 96808
main 96535
main 96890
main 96109
main 97236
main 97862
main 96671
main 96757
main 98924
main 97213
main 97613
main 97177
main 96760
main 97451
main 96638
main 97210
main 97175
main 96987
main 96528
main 99137
main 97055
main 97766
main 96990
main 98623
main 96140
main 96791
main 99160
main 97296
main 98680
main 530363
main 97524
main 97878
main 138261
main 98146
main 98387
main 97764
main 97353
main 96897
main 105357
main 97784
main 96994
main 97308
main 110970
main 97490
main 97102
main 97211
main 97249
main 97062
main 99965
main 98082
main 98955
main 97488
main 98238
main 99054
main 98160
main 97132
main 97506
main 97702
main 98084
main 97023
main 98076
main 97825
main 97963
main 97973
main 98721
main 97127
main 96159
main 97341
main 96699
main 96817
main 96496
main 97110
main 96201
main 96075
main 97305
main 102902
main 97347
main 96981
main 98173
main 111047
main 96100
main 96025
main 96939
main 96973
main 96683
main 96987
main 107995
main 96613
main 96505
main 97178
main 96896
main 96268
main 97491
main 96242
main 96848
main 96730
main 97471
main 96919
main 97178
main 97947
main 96801
main 97072
main 96620
main 114314
main 97303
main 97422
main 96917
main 96291
main 97033
main 97080
main 96989
main 96981
main 96576
main 97091
main 96487
main 96596
main 109144
main 96997
main 96449
main 96233
main 96729
main 97404
main 97429
main 97498
main 97263
main 96443
main 97227
main 97289
main 96437
main 114404
main 96680
main 96555
main 426202
main 97497
main 98032
main 96851
main 95773
main 96872
main 616445
main 99448
main 451439
main 98165
main 98709
main 99036
main 99052
main 98812
main 99010
main 98683
main 98647
main 98931
main 99915
main 99466
main 99451
main 103976
main 96784
main 107175
main 96762
main 97140
main 98061
main 97447
main 97076
main 96825
main 97899
main 97660
main 97852
main 97423
main 105545
main 98180
main 97890
main 98034
main 97776
main 101852
main 96729
main 97741
main 97324
main 97259
main 97639
main 96801
main 97829
main 95873
main 103080
main 97948
main 96469
main 98116
main 95870
main 97410
main 97687
main 96636
main 97806
main 96605
main 97100
main 96368
main 96756
main 97016
main 96136
main 95774
main 97826
main 95842
main 98023
main 96631
main 96825
main 97584
main 97207
main 96717
main 96875
main 95974
main 96783
main 95974
main 113959
main 96583
main 97118
main 97298
main 96962
main 96989
main 95946
main 97010
main 96838
main 96932
main 96910
main 97077
main 102669
main 96865
main 96842
main 96387
main 96300
main 96391
main 97290
main 109643
main 97967
main 97830
main 96625
main 99005
main 97166
main 100488
main 100565
main 99976
main 97503
main 97114
main 97737
main 97615
main 96993
main 97665
main 97134
main 97624
main 97642
main 96972
main 97336
main 97542
main 97563
main 97860
main 98378
main 102146
main 97497
main 98002
main 97336
main 98248
main 97179
main 97545
main 97455
main 97218
main 96284
main 97718
main 99297
main 97603
main 97945
main 96645
main 97010
main 97075
main 98588
main 116810
main 98254
main 111252
main 96842
main 99140
main 97832
main 96800
main 96547
main 97181
main 97416
main 96591
main 97887
main 96912
main 96043
main 96522
main 96745
main 96651
main 97454
main 96551
main 97124
main 97250
main 96967
main 115605
main 96606
main 97038
main 97033
main 97683
main 96505
main 96767
main 97153
main 96654
main 98513
main 97389
main 97465
main 97105
main 96542
main 98121
main 98283
main 98508
main 97674
main 97430
main 97811
main 99367
main 97965
main 107573
main 97725
main 97202
main 98029
main 97842
main 96773
main 97116
main 97628
main 97237
main 98412
main 98363
main 96393
main 97590
main 97873
main 97654
main 98045
main 98781
main 98132
main 98028
main 98153
main 109227
main 97761
main 97375
main 96418
main 97944
main 97284
main 97358
main 96690
main 97327
main 96728
main 100508
main 98891
main 98549
main 100781
main 98310
main 97714
main 102079
main 101297
main 97924
main 97940
main 113677
main 98355
main 125105
main 98335
main 97140
main 96660
main 97666
main 125917
main 97711
main 100923
main 96255
main 97228
main 105802
main 96995
main 97334
main 97019
main 96846
main 97231
main 97053
main 96999
main 96077
main 97171
main 96714
main 97630
main 97404
main 97591
main 97199
main 97103
main 97359
main 96063
main 97260
main 97174
main 99641
main 98413
main 97715
main 96623
main 96445
main 99396
main 99758
main 99997
main 99769
main 113548
main 100305
main 100931
main 99593
main 99231
main 98544
main 111585
main 99371
main 97523
main 97626
main 97488
main 98130
main 98178
main 111310
main 98766
main 97902
main 97611
main 98696
main 98381
main 97467
main 97815
main 97220
main 98517
main 97739
main 97157
main 108601
main 95910
main 96649
main 97513
main 96656
main 96652
main 96070
main 97325
main 97612
main 95946
main 96811
main 97169
main 96305
main 97549
main 97425
main 96068
main 96660
main 96314
main 97752
main 96892
main 95775
main 96325
main 96259
main 109344
main 97075
main 97051
main 119054
main 96491
main 96533
main 96998
main 97397
main 96973
main 96707
main 97238
main 96063
main 97338
main 96951
main 96670
main 98353
main 97119
main 114712
main 96856
main 96300
main 96635
main 96374
main 97187
main 97842
main 98508
main 97032
main 98376
main 96955
main 99224
main 98521
main 99120
main 99523
main 100604
main 97780
main 97724
main 97054
main 97573
main 97335
main 97550
main 97150
main 97169
main 115727
main 98151
main 98179
main 98076
main 98282
main 98355
main 103149
main 98011
main 97425
main 97369
main 97380
main 97644
main 97138
main 98145
main 98110
main 97430
main 97656
main 96988
main 98714
main 98840
main 96956
main 97410
main 108247
main 98185
main 97694
main 97001
main 96497
main 96622
main 97268
main 97141
main 95841
main 96175
main 96839
main 97643
main 96647
main 97182
main 110125
main 96648
main 97356
main 97616
main 98036
main 100047
main 97007
main 111559
main 96322
main 96400
main 96903
main 97110
main 98406
main 277535
main 96504
main 97307
main 96459
main 98102
main 97545
main 97352
main 97391
main 97293
main 97424
main 97619
main 96628
main 96743
main 97590
main 97666
main 97252
main 97842
main 102214
main 98337
main 97502
main 97315
main 98261
main 97061
main 97491
main 97752
main 97314
main 98283
main 97812
main 96918
main 97270
main 114511
main 469932
main 98614
main 97271
main 98018
main 96873
main 97000
main 96593
main 97565
main 97041
main 96411
main 96792
main 96212
main 119243
main 96090
main 97822
main 96383
main 119000
main 96359
main 96781
main 96275
main 99841
main 97230
main 97365
main 97355
main 96991
main 96806
main 96959
main 96807
main 97103
main 97363
