main 566877
main 526931
main 527033
main 544850
main 530182
main 550563
main 531526
main 537875
main 527957
main 549636
main 529380
main 526256
main 532088
main 524454
main 528805
main 617082
main 525297
main 526658
main 527034
main 527894
main 529799
main 525055
main 525236
main 526823
main 524330
main 525320
main 529027
main 524309
main 525713
main 524391
main 525179
main 525616
main 524641
main 524558
main 527999
main 525227
main 526464
main 525824
main 526833
main 528427
main 554610
main 543095
main 528682
main 525925
main 527641
main 523920
main 526558
main 528086
main 526233
main 524644
main 524975
main 530228
main 525527
main 530337
main 524923
main 524966
main 524202
main 524240
main 524688
main 527348
main 525045
main 525160
main 523687
main 530249
main 523107
main 525330
main 523020
main 530920
main 527775
main 523989
main 524485
main 524604
main 524375
main 525281
main 530509
main 535790
main 528939
main 535827
main 528467
main 543030
main 524574
main 561728
main 526585
main 526500
main 525993
main 523945
main 532755
main 523507
main 526778
main 530721
main 526096
main 528134
main 524899
main 526311
main 526280
main 524097
main 526769
main 526181
main 529626
main 526636
main 524162
main 525440
main 528115
main 525606
main 523741
main 525195
main 525698
main 525024
main 525390
main 525385
main 523962
main 529588
main 527659
main 527334
main 565616
main 526974
main 527651
main 525851
main 529070
main 528906
main 529242
main 526021
main 529966
main 529669
main 527847
main 527735
main 526966
main 526378
main 528382
main 524672
main 525242
main 525215
main 524280
main 526032
main 525342
main 523958
main 528445
main 536532
main 524453
main 527129
main 522769
main 528158
main 528203
main 526408
main 525971
main 528659
main 526098
main 528694
main 528106
main 528856
main 538442
main 526058
main 528674
main 527214
main 543492
main 537635
main 526239
main 524811
main 526127
main 528235
main 527555
main 524025
main 524085
main 525708
main 528089
main 524678
main 525971
main 526630
main 526428
main 523996
main 525657
main 524689
main 523652
main 526512
main 526057
main 525719
main 524394
main 561761
main 534042
main 527112
main 525123
main 524199
main 527337
main 523556
main 525634
main 526207
main 542086
main 525641
main 529428
main 539012
main 526510
main 526552
main 525165
main 561540
main 526459
main 526719
main 525177
main 542940
main 525698
main 523607
main 528498
main 523962
main 525232
main 526133
main 611936
main 525258
main 524589
main 526001
main 525627
main 529261
main 539782
main 526284
main 527293
main 525791
main 525973
main 534332
main 527609
main 527497
main 525685
main 529385
main 543924
main 524235
main 523196
main 523927
main 529399
main 523121
main 525245
main 580032
main 528574
main 528408
main 526372
main 524876
main 524782
main 526056
main 524948
main 530407
main 553307
main 529229
main 526891
main 525495
main 523485
main 525441
main 535208
main 525833
main 526576
main 528375
main 529695
main 525129
main 525749
main 525341
main 524379
main 529442
main 524640
main 529004
main 526196
main 525161
main 527935
main 525834
main 527910
main 529817
main 524276
main 527163
main 527719
main 525652
main 526148
main 527500
main 525285
main 533812
main 524396
main 529610
main 525770
main 524822
main 526740
main 535277
main 530394
main 527417
main 523953
main 528997
main 528863
main 523193
main 524471
main 522977
main 524083
main 524956
main 526005
main 526544
main 526350
main 526888
main 576582
main 525899
main 698970
main 525591
main 524724
main 526017
main 525074
main 544806
main 524707
main 523522
main 526082
main 526648
main 538503
main 527410
main 524537
main 530060
main 524771
main 524586
main 532073
main 526720
main 523734
main 525968
main 526204
main 523068
main 525651
main 524473
main 524151
main 523663
main 524735
main 525760
main 528299
main 523997
main 528963
main 524147
main 525397
main 525164
main 526289
main 525765
main 526175
main 524700
main 527473
main 530328
main 528666
main 529503
main 524323
main 529930
main 531166
main 524849
main 525266
main 526753
main 535695
main 523906
main 522979
main 570670
main 528385
main 525330
main 527440
main 525495
main 528083
main 527119
main 529985
main 530692
main 526040
main 525227
main 542452
main 525568
main 523765
main 525767
main 526162
main 532694
main 530568
main 524422
main 525036
main 523116
main 526742
main 528812
main 524483
main 525723
main 527800
main 526103
main 530981
main 525757
main 527411
main 525507
main 522275
main 527532
main 525833
main 526079
main 524835
main 528457
main 526914
main 524694
main 527515
main 525254
main 526176
main 528295
main 529184
main 524996
main 592584
main 540745
main 524397
main 526226
main 526602
main 524768
main 525695
main 528831
main 525883
main 529236
main 525293
main 527249
main 526339
main 525859
main 526630
main 526570
main 527959
main 527358
main 543449
main 524812
main 530001
main 523692
main 526448
main 525395
main 524200
main 528703
main 524803
main 525751
main 526116
main 525817
main 526395
main 524655
main 523839
main 526192
main 526127
main 529396
main 522360
main 529541
main 527437
main 525747
main 528666
main 525913
main 524340
main 530313
main 525630
main 537300
main 523108
main 525590
main 525176
main 527441
main 526569
main 524909
main 526366
main 526411
main 525669
main 523658
main 526183
main 526405
main 529986
main 524965
main 526783
main 526736
main 525766
main 525080
main 523162
main 524789
main 524525
main 526970
main 524188
main 564317
main 537281
main 526854
main 524602
main 524040
main 524292
main 528315
main 541828
main 527090
main 526085
main 524911
main 527263
main 523799
main 523305
main 571864
main 526056
main 527519
main 524690
main 526411
main 537522
main 525717
main 525153
main 524032
main 526493
main 522679
main 525184
main 527732
main 524657
main 524422
main 526343
main 525225
main 524863
main 527321
main 527447
main 528728
main 525697
main 523825
main 526044
main 523130
main 524564
main 522754
main 522751
main 533995
main 526742
main 524519
main 524328
main 527125
main 525398
main 525025
main 524307
main 526386
main 525031
main 526051
main 525397
main 525618
main 525656
main 525345
main 523507
main 523446
main 528037
main 523789
main 525127
main 525408
main 528897
main 524975
main 524084
main 526589
main 523069
main 531161
main 526504
main 524795
main 525747
main 525287
main 524616
main 530905
main 525616
main 526852
main 525404
main 524353
main 539616
main 524352
main 524076
main 523934
main 527689
main 525385
main 525675
main 528407
main 530902
main 527584
main 531970
main 527848
main 529175
main 524490
main 524706
main 526214
main 527249
main 524870
main 525039
main 529386
main 525771
main 524409
main 524856
main 525523
main 523745
main 527598
main 529887
main 532330
main 526738
main 525302
main 523919
main 523882
main 527033
main 524550
main 526526
main 528503
main 544052
main 526708
main 525508
main 525497
main 526382
main 528625
main 528028
main 526497
main 530521
main 526325
main 523481
main 525280
main 527781
main 524862
main 526121
main 528602
main 543320
main 526297
main 524903
main 524866
main 537014
main 526358
main 526036
main 523791
main 526361
main 526283
main 524949
main 540753
main 531295
main 527247
main 523864
main 524867
main 525668
main 528318
main 526571
main 524087
main 525830
main 525142
main 528382
main 523861
main 526903
main 525305
main 527036
main 527148
main 526985
main 525686
main 525278
main 525288
main 525410
main 523763
main 524826
main 522941
main 525196
main 528839
main 544693
main 525393
main 523657
main 531923
main 526004
main 526303
main 526180
main 527186
main 526322
main 524398
main 526727
main 524938
main 523825
main 522933
main 525011
main 527281
main 525081
main 525466
main 525779
main 527372
main 527039
main 527000
main 524484
main 533810
main 522393
main 525224
main 523431
main 525769
main 525930
main 527309
main 525637
main 523710
main 528584
main 524522
main 526482
main 524132
main 525339
main 525438
main 529249
main 525799
main 525841
main 524844
main 525603
main 525324
main 525583
main 525526
main 526439
main 524571
main 528563
main 528056
main 541649
main 525751
main 524275
main 528119
main 524326
main 525784
main 536395
main 524687
main 523975
main 525710
main 569016
main 523118
main 524828
main 526276
main 527824
main 528728
main 524808
main 528057
main 527087
main 524196
main 525240
main 523237
main 523945
main 524702
main 527045
main 525416
main 528239
main 525928
main 525218
main 525777
main 525093
main 526083
main 524179
main 524564
main 524735
main 523895
main 525119
main 526862
main 524349
main 523113
main 526850
main 524366
main 527122
main 524892
main 527159
main 526529
main 525298
main 526351
main 528530
main 529256
main 531860
main 525812
main 528258
main 527212
main 524777
main 527669
main 527092
main 525466
main 526776
main 524516
main 525473
main 522988
main 524130
main 526586
main 524848
main 523429
main 533687
main 528013
main 525404
main 526355
main 523194
main 635742
main 526383
main 525619
main 527071
main 524345
main 525872
main 529216
main 532656
main 526720
main 523622
main 526616
main 525953
main 539183
main 524178
main 528281
main 524724
main 525478
main 534643
main 530200
main 525663
main 523678
main 530580
main 528754
main 525296
main 530242
main 532514
main 529470
main 523776
main 526767
main 530593
main 527484
main 529621
main 524729
main 526899
main 526474
main 526818
main 527021
main 524215
main 525347
main 525410
main 526212
main 526271
main 524341
main 526984
main 525422
main 526052
main 524024
main 525245
main 531988
main 525486
main 527454
main 525475
main 526298
main 564910
main 525235
main 525719
main 528437
main 526897
main 524301
main 525097
main 525804
main 525775
main 525567
main 523712
main 524219
main 522833
main 525819
main 526168
main 526928
main 533715
main 526225
main 525606
main 533310
main 527004
main 524387
main 531260
main 523036
main 525981
main 522860
main 526070
main 524354
main 527119
main 525940
main 525655
main 523822
main 530730
main 528667
main 528009
main 524768
main 525591
main 530467
main 524620
main 524698
main 523519
main 524918
main 524830
main 524805
main 526438
main 529858
main 525164
main 524052
main 524910
main 526791
main 523947
main 524996
main 524615
main 528933
main 529142
main 529960
main 535786
main 530220
main 527717
main 526032
main 524678
main 524780
main 523822
main 525639
main 527430
main 524575
main 523527
main 528519
main 526566
main 526259
main 603401
main 524962
main 529429
main 526122
main 526868
main 526443
main 525332
main 523937
main 530201
main 526213
main 531142
main 525418
main 524168
main 526224
main 530742
main 533139
main 524644
main 523916
main 525599
main 524113
main 525289
main 531348
main 526039
main 527726
main 523183
main 524456
main 524039
main 524911
main 522426
main 524518
main 525483
main 524489
main 525712
main 524307
main 526809
main 527234
main 523111
main 522320
main 526442
main 524868
main 525300
main 522242
main 528343
main 523017
main 526108
main 566930
main 531947
main 523662
main 524856
main 527418
main 531780
main 528598
main 524103
main 523502
main 527085
main 524407
main 526724
main 528181
main 524396
main 538967
main 525109
main 523368
main 526110
main 524017
main 523716
main 524954
main 525587
main 526171
main 524476
main 522972
main 527967
main 523914
main 524420
main 527005
main 523558
main 526771
main 527551
main 526205
main 531204
main 527242
main 524781
main 524844
main 524938
main 524486
main 525958
main 525380
main 534026
main 523756
main 528155
main 524815
main 538808
main 526946
main 530312
main 524373
main 530210
main 524951
main 525426
main 524690
main 526113
main 591013
main 524495
main 525935
main 526173
main 525653
main 526576
main 570291
main 526922
main 525266
main 524014
main 551001
main 529393
main 530613
main 525967
main 528129
main 529438
main 525684
main 531483
main 525081
main 525074
main 524442
main 525038
main 523429
main 524891
main 527464
main 524175
main 525382
main 529252
main 524367
main 525554
main 525305
main 527149
main 524156
