main 485382
main 416917
main 421576
main 427032
main 417657
main 430803
main 423596
main 436744
main 418731
main 419933
main 418109
main 417500
main 420144
main 436061
main 418163
main 431387
main 416773
main 417090
main 415663
main 418994
main 417256
main 441149
main 417377
main 420870
main 416734
main 419092
main 416634
main 417695
main 416550
main 417536
main 416301
main 417776
main 418364
main 416854
main 416252
main 416880
main 415922
main 416217
main 421965
main 417579
main 416275
main 438877
main 416020
main 416750
main 415792
main 418578
main 417476
main 416410
main 416676
main 419566
main 417978
main 415988
main 416951
main 419814
main 419435
main 416329
main 416043
main 418581
main 417184
main 416196
main 417295
main 416439
main 428727
main 417404
main 425354
main 418745
main 418402
main 416091
main 417537
main 421181
main 416001
main 415460
main 420066
main 417763
main 419263
main 430365
main 421215
main 417031
main 416943
main 417581
main 418699
main 431375
main 418430
main 426988
main 417212
main 416560
main 418315
main 416020
main 417082
main 416053
main 416415
main 455966
main 423133
main 420211
main 422856
main 417384
main 418483
main 416299
main 419767
main 423733
main 418426
main 416382
main 415626
main 417573
main 416450
main 416390
main 416107
main 422622
main 417745
main 415966
main 416141
main 415861
main 416769
main 421696
main 417408
main 417947
main 417031
main 431340
main 420547
main 416309
main 416287
main 419404
main 416759
main 415573
main 415953
main 417071
main 435902
main 416440
main 416715
main 419840
main 420164
main 416797
main 417190
main 418323
main 417121
main 419845
main 417023
main 417471
main 416483
main 419362
main 416066
main 417310
main 420533
main 456314
main 416727
main 416233
main 416029
main 420162
main 417306
main 418441
main 434342
main 417739
main 415798
main 416683
main 430968
main 417079
main 417146
main 417692
main 422156
main 415488
main 416533
main 416254
main 417465
main 416236
main 417703
main 417482
main 417137
main 423831
main 416163
main 422392
main 417743
main 417506
main 442417
main 418749
main 416212
main 422840
main 416519
main 418632
main 415158
main 416397
main 417533
main 416311
main 415915
main 416933
main 420180
main 418050
main 416719
main 417429
main 417626
main 417568
main 416019
main 416946
main 418275
main 417984
main 419189
main 417105
main 416489
main 428069
main 418703
main 424668
main 416690
main 428473
main 417150
main 417218
main 416601
main 426078
main 418360
main 416455
main 417419
main 420186
main 417462
main 416863
main 416360
main 417150
main 416287
main 418079
main 417635
main 418489
main 421976
main 416309
main 416586
main 416381
main 417817
main 417080
main 415254
main 415411
main 419035
main 426998
main 433112
main 418590
main 423561
main 416953
main 416801
main 416160
main 415603
main 419697
main 420975
main 416670
main 415928
main 416274
main 419771
main 416151
main 418300
main 416493
main 416558
main 417353
main 416279
main 418525
main 416349
main 416586
main 415352
main 415500
main 418029
main 416281
main 417052
main 422815
main 416259
main 438418
main 417791
main 418692
main 417259
main 422780
main 417528
main 418942
main 417131
main 423743
main 424748
main 416078
main 415556
main 417269
main 417813
main 418159
main 417119
main 417306
main 419027
main 418286
main 416152
main 419891
main 417608
main 418262
main 416110
main 417097
main 416836
main 420283
main 416103
main 416344
main 415573
main 415849
main 454776
main 417151
main 419288
main 466662
main 415196
main 417266
main 418151
main 417830
main 416975
main 421866
main 417697
main 418077
main 415875
main 416334
main 418000
main 422880
main 417024
main 416087
main 417080
main 421350
main 417178
main 530699
main 415821
main 415949
main 417815
main 428796
main 415470
main 415556
main 417307
main 418689
main 415645
main 416167
main 416144
main 416597
main 419554
main 416031
main 415615
main 417986
main 431952
main 416414
main 418717
main 416211
main 416678
main 415872
main 417680
main 415491
main 418477
main 416513
main 424481
main 421235
main 420021
main 416234
main 417205
main 416636
main 416779
main 417329
main 417126
main 416519
main 416169
main 420623
main 417236
main 416862
main 417266
main 415580
main 415586
main 416915
main 416142
main 416653
main 415649
main 416574
main 416996
main 417989
main 418923
main 417802
main 432402
main 417700
main 416942
main 417197
main 422090
main 416212
main 415823
main 417530
main 416383
main 418106
main 483514
main 416964
main 417491
main 415800
main 419282
main 418572
main 418588
main 415827
main 416370
main 416506
main 499538
main 417078
main 416657
main 416696
main 416516
main 416505
main 419078
main 416350
main 419517
main 418160
main 417095
main 415948
main 416960
main 415058
main 418102
main 424298
main 419597
main 416622
main 450810
main 417106
main 415798
main 417537
main 416717
main 416070
main 418011
main 417339
main 416177
main 415742
main 415764
main 415700
main 417441
main 415906
main 418183
main 418494
main 416575
main 416866
main 417404
main 414725
main 417191
main 416262
main 417364
main 419034
main 417135
main 415229
main 417413
main 495839
main 419238
main 416192
main 421275
main 457343
main 417867
main 417090
main 415866
main 423459
main 417740
main 416769
main 417262
main 416571
main 418971
main 424561
main 419727
main 417636
main 417177
main 415581
main 436251
main 416567
main 415975
main 419964
main 424884
main 416100
main 415472
main 417197
main 416285
main 415779
main 417284
main 452622
main 419919
main 430824
main 416170
main 416161
main 418087
main 416383
main 415839
main 416876
main 416761
main 417483
main 416922
main 416070
main 418506
main 422007
main 418820
main 416123
main 417126
main 415441
main 417481
main 415276
main 416415
main 417956
main 417623
main 416779
main 416981
main 418280
main 417442
main 416594
main 415404
main 416331
main 417909
main 418085
main 417204
main 418887
main 418374
main 455716
main 416905
main 418079
main 416644
main 425082
main 429315
main 416790
main 417117
main 419893
main 416267
main 416872
main 417198
main 416917
main 417833
main 417300
main 419362
main 418632
main 423475
main 416591
main 434279
main 416290
main 421157
main 417120
main 417135
main 417978
main 418883
main 422111
main 416430
main 415773
main 426340
main 416512
main 417344
main 417809
main 419239
main 416531
main 417139
main 416140
main 416666
main 416915
main 466281
main 415538
main 415876
main 415123
main 421411
main 417230
main 416566
main 417452
main 419488
main 416257
main 417657
main 416110
main 418344
main 418313
main 417076
main 421066
main 418953
main 418680
main 417101
main 415897
main 417642
main 417038
main 418271
main 417441
main 418568
main 418179
main 417492
main 418479
main 416062
main 417431
main 418155
main 417267
main 417191
main 416388
main 415891
main 416217
main 417800
main 424792
main 422373
main 417247
main 416105
main 420349
main 455479
main 417083
main 418227
main 421180
main 417049
main 416636
main 417729
main 418635
main 415851
main 422199
main 416169
main 417058
main 417248
main 416742
main 417593
main 416260
main 421075
main 417572
main 417231
main 417216
main 421049
main 416359
main 418136
main 418843
main 418905
main 416060
main 416754
main 418465
main 415938
main 416028
main 416458
main 416966
main 434797
main 416921
main 416975
main 416384
main 416840
main 416847
main 416376
main 418915
main 417406
main 418724
main 416574
main 417941
main 428509
main 420498
main 417436
main 419642
main 423103
main 420205
main 418074
main 419498
main 416366
main 419464
main 416803
main 418022
main 416108
main 418315
main 417440
main 419600
main 416701
main 421280
main 418745
main 416708
main 419117
main 418283
main 419896
main 474893
main 423866
main 416550
main 432132
main 416563
main 417716
main 428308
main 428257
main 416883
main 416104
main 416914
main 417395
main 416402
main 416643
main 416069
main 417745
main 416980
main 416651
main 415534
main 415446
main 415646
main 416107
main 416907
main 417203
main 417270
main 426518
main 423168
main 435583
main 415749
main 419292
main 416283
main 428591
main 416383
main 416496
main 430171
main 416086
main 416931
main 416262
main 415614
main 415711
main 419608
main 416880
main 416597
main 416151
main 415835
main 416212
main 417951
main 416094
main 416727
main 419899
main 420310
main 417194
main 419158
main 418015
main 416038
main 417802
main 416170
main 416172
main 417883
main 417288
main 417811
main 415669
main 417317
main 416934
main 419069
main 416672
main 416612
main 415802
main 416495
main 416548
main 429660
main 421390
main 416833
main 415948
main 415138
main 416252
main 416858
main 455975
main 416384
main 417816
main 416709
main 420511
main 416820
main 418161
main 417471
main 417144
main 417467
main 420761
main 417346
main 417166
main 440657
main 417066
main 417208
main 418866
main 416169
main 416816
main 416313
main 415784
main 417826
main 415804
main 417505
main 417224
main 417068
main 417029
main 416872
main 416973
main 415960
main 416697
main 416274
main 414614
main 419492
main 416681
main 416467
main 417935
main 419551
main 418247
main 421346
main 415931
main 416491
main 416753
main 419259
main 417654
main 416462
main 416919
main 417632
main 416238
main 424041
main 416519
main 440967
main 417824
main 416872
main 444282
main 425737
main 416903
main 425751
main 422022
main 419877
main 419483
main 417998
main 418859
main 415757
main 416538
main 416022
main 416696
main 416835
main 424177
main 416360
main 415685
main 417568
main 432723
main 474225
main 424518
main 418881
main 415759
main 416168
main 416541
main 415884
main 417034
main 416965
main 416104
main 416706
main 416665
main 431311
main 417096
main 417333
main 419569
main 416516
main 417785
main 416891
main 416849
main 460728
main 416302
main 417444
main 417264
main 417741
main 416894
main 418514
main 420413
main 416554
main 415781
main 417192
main 417606
main 415413
main 416889
main 415895
main 422778
main 416992
main 415439
main 416917
main 417325
main 416704
main 419685
main 416354
main 416800
main 416845
main 416874
main 416823
main 431699
main 422258
main 417522
main 415864
main 415997
main 417396
main 417178
main 417558
main 416527
main 417644
main 415954
main 417821
main 416583
main 417607
main 415619
main 416858
main 416540
main 415639
main 417477
main 415828
main 416138
main 416588
main 416658
main 433777
main 417583
main 416537
main 416574
main 419256
main 417519
main 416770
main 416921
main 417780
main 418562
main 418089
main 416404
main 417013
main 421855
main 415980
main 428614
main 416488
main 416921
main 416506
main 415874
main 416349
main 416038
main 416562
main 452581
main 416825
main 422823
main 415724
main 416074
main 418154
main 416113
main 416696
main 415915
main 416405
main 417029
main 417776
main 416947
main 418044
main 417579
main 416278
main 417060
main 415287
main 417070
main 417578
main 417519
main 416620
main 416207
main 417482
main 418407
main 421109
main 416429
main 415951
main 419870
main 416511
main 417663
main 416303
main 417553
main 416872
main 417124
main 415739
main 416573
main 417086
main 415584
main 418994
main 416959
main 417735
main 417457
main 415641
main 416095
main 415042
main 415972
main 416813
main 677643
main 437887
main 416224
main 416574
main 416979
main 418599
main 416144
main 418905
main 416514
main 416839
main 415911
main 416095
main 418352
main 420835
main 424902
main 416202
main 415305
main 415957
main 417796
main 417582
main 417603
main 416393
main 417338
main 417380
main 416465
main 418059
main 418126
main 416380
main 417284
main 415995
main 416333
main 417934
main 415066
main 416264
main 418883
main 416565
main 416374
main 417636
main 416257
main 416137
main 416914
main 417188
main 417494
main 417545
main 415794
main 418091
main 417510
main 419732
main 415513
main 415654
main 419366
main 416354
main 421937
main 418611
main 417461
main 415716
main 416026
main 417251
main 418205
main 415255
main 416697
main 418989
main 419309
main 417289
main 416706
main 425051
main 415622
main 418508
