main 48764
main 108762
main 34407
main 45527
main 20988
main 20866
main 19692
main 23582
main 22169
main 21125
main 18069
main 31093
main 37455
main 25511
main 23572
main 42081
main 23034
main 24761
main 21220
main 21885
main 28898
main 43121
main 22728
main 22471
main 19090
main 18586
main 18714
main 20145
main 31333
main 19140
main 19643
main 29217
main 20468
main 18425
main 20432
main 20763
main 39488
main 20751
main 31547
main 20140
main 19324
main 30370
main 20324
main 96029
main 28217
main 19308
main 28725
main 18805
main 20961
main 18181
main 20185
main 19858
main 21375
main 19215
main 19678
main 20945
main 31600
main 23029
main 19363
main 20838
main 20899
main 20776
main 20521
main 20487
main 32223
main 20190
main 27668
main 18999
main 27272
main 28880
main 19249
main 28052
main 19971
main 41479
main 42651
main 19778
main 24118
main 37273
main 20371
main 18846
main 19145
main 59404
main 19521
main 20100
main 29952
main 23367
main 22873
main 17839
main 21673
main 22204
main 30505
main 25376
main 21788
main 25529
main 20245
main 37569
main 27318
main 19728
main 19227
main 20908
main 22833
main 22904
main 20356
main 20793
main 22647
main 20756
main 19919
main 21022
main 24715
main 19121
main 32777
main 19864
main 21156
main 19705
main 25496
main 25451
main 51623
main 18756
main 45901
main 18739
main 27891
main 17830
main 25473
main 19370
main 19424
main 20748
main 61029
main 21688
main 20164
main 19427
main 18739
main 20009
main 22567
main 20638
main 23088
main 19726
main 23115
main 17952
main 23523
main 22551
main 32416
main 27031
main 21844
main 20311
main 19843
main 37831
main 34707
main 18712
main 24936
main 21093
main 17792
main 21427
main 27253
main 29796
main 20897
main 21769
main 20923
main 32631
main 20020
main 97673
main 33103
main 21413
main 20714
main 19932
main 20946
main 35383
main 22504
main 24081
main 20224
main 31635
main 24005
main 17751
main 30813
main 28162
main 21066
main 22938
main 24462
main 20949
main 22832
main 18916
main 31389
main 19113
main 19804
main 19910
main 38768
main 27548
main 18836
main 22133
main 19729
main 20270
main 20714
main 21739
main 19960
main 19646
main 19425
main 19961
main 18932
main 22202
main 17107
main 19569
main 22484
main 17843
main 44893
main 26125
main 31710
main 20219
main 20490
main 92331
main 18805
main 22060
main 17547
main 20704
main 25064
main 41518
main 59063
main 20907
main 17766
main 19317
main 18771
main 21845
main 19114
main 23207
main 24687
main 19959
main 36205
main 58254
main 19904
main 44566
main 18517
main 18888
main 19940
main 18803
main 23986
main 18357
main 20182
main 23080
main 19769
main 24612
main 21151
main 19153
main 17128
main 20726
main 20638
main 19727
main 18570
main 21993
main 26914
main 20619
main 38788
main 18328
main 22235
main 18530
main 18108
main 17426
main 19317
main 18426
main 17683
main 24445
main 18203
main 19211
main 19649
main 36862
main 16729
main 18515
main 19466
main 22198
main 21362
main 22042
main 65398
main 18886
main 20425
main 41438
main 20469
main 20797
main 18820
main 18792
main 19814
main 21552
main 18657
main 16819
main 18039
main 16700
main 49606
main 20562
main 18650
main 20750
main 21564
main 19261
main 18363
main 20526
main 17591
main 19407
main 17954
main 19358
main 60765
main 20566
main 18938
main 20155
main 18894
main 17519
main 18629
main 30739
main 17099
main 18415
main 18252
main 18219
main 20663
main 20416
main 19613
main 19591
main 17373
main 61497
main 18868
main 18018
main 19541
main 23088
main 20220
main 19338
main 16306
main 20362
main 19923
main 19810
main 19302
main 19087
main 17599
main 44115
main 21686
main 35510
main 20252
main 21042
main 22886
main 80478
main 19508
main 33541
main 18561
main 22445
main 36026
main 21956
main 18267
main 20271
main 21302
main 22691
main 20419
main 20159
main 18034
main 23521
main 22078
main 21811
main 29669
main 19905
main 46813
main 22855
main 22112
main 18723
main 24487
main 18658
main 18366
main 21108
main 21428
main 21981
main 19035
main 18740
main 18403
main 23700
main 21091
main 21440
main 17716
main 25392
main 22123
main 20818
main 21188
main 19746
main 17687
main 23117
main 21570
main 19695
main 40874
main 39659
main 41967
main 30595
main 20677
main 31279
main 20452
main 19436
main 21378
main 27851
main 22950
main 35277
main 19510
main 19923
main 23946
main 19150
main 18096
main 61936
main 18139
main 19058
main 18627
main 21426
main 18658
main 17130
main 26749
main 18508
main 19684
main 20224
main 22210
main 20389
main 32432
main 20772
main 21281
main 24988
main 22023
main 17849
main 19716
main 20434
main 21883
main 51385
main 25670
main 23365
main 18573
main 23167
main 38759
main 18934
main 32578
main 45640
main 28770
main 36105
main 36549
main 16421
main 21680
main 21912
main 18795
main 17932
main 23685
main 21192
main 18864
main 20640
main 20417
main 19478
main 19006
main 19012
main 19306
main 21329
main 15935
main 18194
main 19876
main 19319
main 20927
main 19490
main 18580
main 19674
main 20897
main 53562
main 20674
main 31063
main 18208
main 17804
main 44529
main 83782
main 36306
main 19910
main 18440
main 61499
main 19820
main 19076
main 20676
main 19191
main 20098
main 17597
main 21854
main 19862
main 19099
main 35224
main 21225
main 28490
main 30448
main 20933
main 18867
main 19188
main 21031
main 24603
main 17529
main 22652
main 19650
main 18683
main 19895
main 22945
main 21206
main 27989
main 110327
main 21581
main 34959
main 17760
main 33890
main 34432
main 55024
main 18848
main 19403
main 23380
main 18079
main 19818
main 36117
main 19458
main 19779
main 25047
main 47301
main 44581
main 20129
main 29892
main 18415
main 18791
main 20712
main 37736
main 16922
main 20887
main 17099
main 28348
main 18259
main 43419
main 18787
main 18343
main 21461
main 48224
main 59851
main 32691
main 21186
main 18070
main 26211
main 25009
main 20827
main 63431
main 18442
main 19104
main 20092
main 21149
main 19059
main 34562
main 36014
main 18092
main 22848
main 27361
main 42840
main 32954
main 19563
main 101778
main 24072
main 20399
main 21903
main 42010
main 41428
main 30926
main 20981
main 43504
main 20537
main 17009
main 34359
main 17816
main 19950
main 17801
main 19483
main 20983
main 19286
main 19384
main 20159
main 19760
main 21818
main 17196
main 20064
main 20066
main 18865
main 21596
main 19213
main 20181
main 22361
main 28083
main 20149
main 18209
main 16695
main 19303
main 19240
main 18301
main 19466
main 18209
main 22141
main 17893
main 31457
main 18714
main 21020
main 19535
main 30714
main 18451
main 18369
main 17279
main 18971
main 20361
main 17388
main 19833
main 19381
main 37691
main 26549
main 21058
main 19688
main 20245
main 23993
main 41220
main 32992
main 31581
main 18381
main 23371
main 19667
main 20287
main 20567
main 21606
main 18767
main 19130
main 20461
main 20079
main 64827
main 22658
main 20149
main 19447
main 18735
main 19129
main 20142
main 21735
main 18892
main 30856
main 18312
main 17862
main 19652
main 19803
main 20743
main 19635
main 25326
main 21025
main 34161
main 26272
main 19696
main 20576
main 20362
main 18709
main 36115
main 33977
main 34404
main 18690
main 28993
main 29278
main 33769
main 41156
main 35674
main 25918
main 20008
main 51962
main 29465
main 26009
main 19916
main 42413
main 34307
main 24872
main 21274
main 25507
main 19116
main 25060
main 44427
main 31492
main 18773
main 18716
main 72498
main 56941
main 24413
main 56944
main 21119
main 20360
main 28361
main 19671
main 29883
main 19093
main 19852
main 32612
main 44653
main 20551
main 32238
main 33333
main 18050
main 39468
main 22398
main 19280
main 51253
main 51676
main 40879
main 25967
main 18241
main 28386
main 40057
main 36222
main 30137
main 30674
main 20038
main 61847
main 18269
main 39552
main 38897
main 16937
main 17523
main 28036
main 21621
main 18892
main 18801
main 27626
main 20980
main 18092
main 20016
main 18989
main 20447
main 26150
main 18593
main 31170
main 18370
main 20176
main 16345
main 22050
main 18908
main 18098
main 20343
main 25826
main 18494
main 32291
main 18214
main 45712
main 21762
main 16266
main 19960
main 20090
main 38283
main 20685
main 21885
main 23123
main 18688
main 45591
main 19194
main 20688
main 18663
main 38086
main 19734
main 23395
main 21775
main 18828
main 20686
main 18795
main 26107
main 21678
main 29207
main 19940
main 20176
main 21963
main 21483
main 26570
main 19345
main 21664
main 19571
main 18237
main 21343
main 17741
main 18022
main 19634
main 20704
main 16913
main 102288
main 19295
main 20293
main 19401
main 39645
main 22460
main 34094
main 37989
main 21189
main 34787
main 21656
main 34923
main 20915
main 27140
main 20072
main 35774
main 17925
main 19136
main 34911
main 20891
main 15886
main 23107
main 23357
main 19522
main 29609
main 100710
main 18739
main 30477
main 19679
main 22122
main 20747
main 20736
main 39452
main 28894
main 18326
main 23277
main 45623
main 23103
main 18237
main 16014
main 19302
main 18521
main 18469
main 19078
main 40374
main 19090
main 19707
main 28538
main 18968
main 17269
main 24022
main 18912
main 18219
main 61616
main 59956
main 18313
main 18605
main 18398
main 20831
main 19871
main 34199
main 21546
main 18015
main 22791
main 19519
main 19395
main 19725
main 74267
main 20515
main 31899
main 15952
main 39967
main 20339
main 18972
main 18251
main 17942
main 24570
main 17205
main 18441
main 18665
main 18594
main 18988
main 16908
main 20121
main 37730
main 20174
main 28922
main 23715
main 94595
main 47162
main 19409
main 22903
main 20342
main 61058
main 20791
main 20390
main 58403
main 46489
main 40736
main 34154
main 19659
main 19363
main 18315
main 21252
main 22556
main 20042
main 21870
main 21860
main 18786
main 19836
main 20641
main 36925
main 18106
main 83411
main 20355
main 19175
main 20615
main 20705
main 30432
main 21529
main 17748
main 17683
main 18506
main 19753
main 25787
main 33719
main 17095
main 20825
main 19073
main 17090
main 21888
main 19957
main 17911
main 17705
main 17978
main 18835
main 22331
main 18250
main 17706
main 20361
main 20395
main 30993
main 18049
main 21311
main 18287
main 29939
main 21229
main 21126
main 33242
main 19462
main 19393
main 18884
main 28014
main 20193
main 18728
main 16960
main 36623
main 19212
main 21539
main 21068
main 19825
main 66186
main 19219
main 33972
main 18541
main 29670
main 19073
main 19311
main 24293
main 34173
main 19938
main 20024
main 22150
main 41746
main 22795
main 18732
main 19183
main 17158
main 35473
main 19415
main 62550
main 62295
main 19901
main 18383
main 21439
main 19466
main 18056
main 21128
main 19573
main 18816
main 31483
main 16513
main 19257
main 21408
main 57045
main 19253
main 44604
main 43482
main 29905
main 70596
main 27855
main 17691
main 33047
main 17843
main 21333
main 20032
main 21753
main 24718
main 35662
main 26192
main 18086
main 23763
main 22378
main 20432
main 18023
main 17255
main 20077
main 18512
main 46495
main 28955
main 18972
main 22447
main 17564
main 20009
main 65837
main 19235
main 19898
main 22794
main 18464
main 18225
main 20443
main 19678
main 21054
main 19656
