main 371601
main 340491
main 379185
main 400064
main 404071
main 357248
main 346397
main 547373
main 341631
main 340750
main 349154
main 336961
main 400475
main 393444
main 336072
main 341775
main 343797
main 361559
main 347412
main 334353
main 339526
main 333077
main 370838
main 426388
main 350469
main 369471
main 339856
main 404408
main 335177
main 336678
main 332080
main 337921
main 339577
main 340263
main 369429
main 333489
main 345434
main 353311
main 341739
main 341550
main 339677
main 335706
main 340454
main 383338
main 334679
main 335208
main 337321
main 340139
main 339816
main 363127
main 337934
main 338998
main 333887
main 345541
main 370680
main 333789
main 340405
main 334158
main 342304
main 340693
main 373179
main 352971
main 339238
main 343181
main 345467
main 334432
main 333618
main 379854
main 369008
main 341419
main 355341
main 338387
main 355281
main 346738
main 338940
main 333702
main 334471
main 342315
main 343643
main 344775
main 371432
main 336136
main 341995
main 339100
main 338220
main 335586
main 335370
main 335165
main 350124
main 394117
main 380000
main 349481
main 356683
main 332562
main 326833
main 340605
main 356973
main 329632
main 330470
main 328652
main 381951
main 390217
main 331584
main 334819
main 338271
main 362254
main 329893
main 332370
main 343958
main 374146
main 333286
main 332320
main 330414
main 342347
main 364443
main 364141
main 335229
main 357947
main 343142
main 346557
main 336910
main 411223
main 357049
main 335594
main 334689
main 339048
main 368677
main 340446
main 347561
main 333902
main 334715
main 349889
main 355727
main 328127
main 370423
main 380407
main 324284
main 326369
main 329531
main 340624
main 393692
main 332207
main 329412
main 334166
main 330417
main 344707
main 372657
main 354536
main 331226
main 365049
main 407874
main 339001
main 338229
main 379430
main 331675
main 345141
main 339093
main 394460
main 381113
main 353222
main 348635
main 366902
main 382500
main 444747
main 351417
main 447579
main 329676
main 341085
main 336042
main 328965
main 331936
main 407760
main 330942
main 332914
main 391599
main 337957
main 374096
main 348763
main 382639
main 326248
main 336591
main 354380
main 327733
main 342753
main 332134
main 332229
main 384479
main 340528
main 333724
main 335010
main 340776
main 329134
main 327801
main 341370
main 338129
main 375766
main 372906
main 326754
main 339637
main 335519
main 372541
main 330572
main 336042
main 333678
main 335765
main 334808
main 324723
main 340516
main 326838
main 363727
main 376339
main 328813
main 339350
main 327441
main 344513
main 372760
main 360356
main 331556
main 342645
main 343190
main 332375
main 324939
main 331105
main 375477
main 367095
main 339665
main 339152
main 352328
main 334261
main 330246
main 326128
main 325249
main 364312
main 336225
main 330057
main 329543
main 333613
main 321566
main 330555
main 327169
main 335517
main 329364
main 328588
main 331100
main 329649
main 334195
main 327921
main 365190
main 340684
main 329756
main 342713
main 337417
main 362988
main 434125
main 364396
main 333646
main 331347
main 341767
main 332423
main 360465
main 329800
main 333915
main 337476
main 340019
main 336903
main 380068
main 340172
main 338653
main 440796
main 366529
main 328979
main 334927
main 367002
main 344120
main 328526
main 331352
main 431483
main 427046
main 332134
main 331985
main 361222
main 328666
main 343351
main 334331
main 339574
main 322564
main 327816
main 361950
main 333873
main 345958
main 342858
main 345255
main 338410
main 336222
main 338271
main 336898
main 372899
main 337287
main 338005
main 333804
main 327738
main 336425
main 346010
main 335813
main 346698
main 337092
main 342203
main 345509
main 347290
main 330208
main 340963
main 327855
main 363931
main 330302
main 331632
main 346884
main 331387
main 325297
main 330172
main 330006
main 356776
main 329247
main 323435
main 331775
main 365946
main 324158
main 325962
main 331908
main 329319
main 324907
main 327447
main 341467
main 375575
main 335513
main 337594
main 374162
main 330503
main 332836
main 331521
main 331813
main 343857
main 373690
main 325763
main 325183
main 333609
main 337718
main 369359
main 331400
main 387125
main 331249
main 331468
main 328530
main 337780
main 335828
main 340939
main 325610
main 337379
main 338660
main 368055
main 364842
main 328340
main 327877
main 370914
main 329249
main 375728
main 358460
main 351850
main 353442
main 349664
main 329640
main 341163
main 352758
main 339597
main 326982
main 384376
main 333442
main 327534
main 371782
main 333528
main 330789
main 337482
main 336562
main 331861
main 336982
main 365680
main 331522
main 330977
main 339328
main 332861
main 330859
main 332841
main 336881
main 357257
main 337926
main 366360
main 372344
main 327456
main 338278
main 327141
main 340077
main 333310
main 332045
main 335961
main 339641
main 356518
main 330216
main 336489
main 370430
main 443033
main 327480
main 322667
main 503849
main 332110
main 332061
main 369026
main 325007
main 330577
main 333962
main 327643
main 360443
main 326264
main 339088
main 334559
main 339961
main 386533
main 369720
main 341430
main 331143
main 328824
main 429581
main 326310
main 384817
main 329013
main 324830
main 327696
main 338835
main 329598
main 327712
main 330212
main 334004
main 329875
main 333364
main 338174
main 347701
main 349812
main 374044
main 364051
main 331759
main 328904
main 369146
main 385869
main 333081
main 329946
main 337501
main 334769
main 334775
main 336893
main 414885
main 325476
main 338420
main 329978
main 369941
main 325052
main 329083
main 372792
main 338834
main 339130
main 399177
main 334940
main 335598
main 350412
main 333631
main 327596
main 371633
main 336367
main 341032
main 329374
main 336227
main 359851
main 363327
main 343160
main 343313
main 324600
main 331951
main 386995
main 371022
main 333558
main 328421
main 337110
main 332827
main 332399
main 375812
main 331803
main 326354
main 325886
main 362207
main 375746
main 334972
main 348729
main 352670
main 324741
main 335085
main 327562
main 324609
main 339676
main 391364
main 329389
main 330972
main 369713
main 422949
main 374547
main 336737
main 327014
main 333518
main 345991
main 333248
main 367862
main 339178
main 345991
main 364992
main 331987
main 367756
main 372565
main 374394
main 340794
main 335585
main 377219
main 326759
main 374431
main 329879
main 338042
main 343684
main 330290
main 329233
main 366302
main 350197
main 350224
main 327519
main 328124
main 330392
main 338776
main 332718
main 332527
main 339119
main 335306
main 370973
main 352604
main 331829
main 381313
main 339187
main 455406
main 341476
main 334313
main 334657
main 334951
main 339859
main 338509
main 347586
main 328363
main 327959
main 335477
main 327895
main 363327
main 327764
main 338758
main 332724
main 340901
main 330101
main 334564
main 334989
main 371080
main 336710
main 368890
main 372291
main 328260
main 332397
main 341897
main 329026
main 364611
main 324834
main 330994
main 371617
main 331164
main 344818
main 348519
main 353695
main 375770
main 350568
main 336542
main 345914
main 340285
main 335930
main 337342
main 334566
main 332356
main 333951
main 337454
main 347247
main 337842
main 410435
main 336782
main 332626
main 335611
main 331522
main 369964
main 343032
main 333741
main 340051
main 365439
main 334806
main 350548
main 336849
main 375008
main 342632
main 331187
main 325158
main 333541
main 334204
main 326368
main 330390
main 407780
main 373550
main 338618
main 369778
main 348048
main 332917
main 339514
main 352989
main 364576
main 377875
main 407431
main 337433
main 328703
main 333366
main 335236
main 327263
main 337136
main 330449
main 335940
main 336205
main 348014
main 329690
main 329753
main 335603
main 332558
main 324917
main 325873
main 370440
main 332882
main 368167
main 328864
main 337456
main 334484
main 327562
main 324038
main 339609
main 339857
main 329452
main 325460
main 375678
main 334694
main 471637
main 367274
main 367454
main 336900
main 349564
main 340113
main 332388
main 364986
main 332682
main 373584
main 329370
main 400237
main 331418
main 376295
main 373069
main 340470
main 341407
main 329419
main 327069
main 337013
main 336847
main 366769
main 368600
main 337724
main 338043
main 330659
main 328416
main 331677
main 327296
main 325532
main 327199
main 376659
main 374947
main 364752
main 331767
main 330617
main 343060
main 335901
main 337875
main 340065
main 372174
main 335826
main 339903
main 353632
main 369004
main 340108
main 334868
main 334081
main 329500
main 364414
main 327136
main 335128
main 328916
main 362130
main 327443
main 338699
main 345605
main 329768
main 340473
main 328194
main 337714
main 327580
main 385655
main 367764
main 336594
main 341740
main 330402
main 376142
main 338487
main 341688
main 330826
main 330642
main 339209
main 332668
main 359922
main 330779
main 336982
main 332600
main 325760
main 333687
main 342252
main 330285
main 326258
main 328083
main 369366
main 333397
main 373403
main 367831
main 328395
main 373849
main 341299
main 328469
main 366082
main 330408
main 333831
main 366928
main 374149
main 347235
main 336015
main 401113
main 329308
main 343815
main 395476
main 328156
main 328990
main 328972
main 350661
main 334386
main 329640
main 329896
main 332276
main 438265
main 619352
main 348499
main 331832
main 331462
main 374009
main 333280
main 324510
main 328412
main 326887
main 345170
main 333579
main 340040
main 353994
main 347405
main 364536
main 324557
main 331959
main 328062
main 335226
main 377952
main 328905
main 327751
main 450291
main 377646
main 331606
main 323126
main 363667
main 336821
main 325650
main 331687
main 362363
main 358476
main 338604
main 336569
main 430981
main 345582
main 343571
main 363364
main 332410
main 342210
main 335169
main 350833
main 327546
main 330550
main 352576
main 353249
main 331598
main 337724
main 327605
main 344313
main 330348
main 343373
main 325773
main 341700
main 329620
main 331756
main 344727
main 334857
main 331165
main 327061
main 326867
main 340428
main 340410
main 333685
main 339058
main 332879
main 334101
main 329245
main 329448
main 340042
main 330955
main 447367
main 331483
main 330905
main 334434
main 341245
main 371388
main 347513
main 328181
main 333700
main 341075
main 329673
main 328869
main 397928
main 340771
main 339146
main 334396
main 367349
main 365179
main 374050
main 329299
main 335265
main 396252
main 347666
main 336224
main 360639
main 374887
main 339024
main 330560
main 435995
main 379045
main 377565
main 329174
main 330483
main 359006
main 334332
main 375757
main 329554
main 343006
main 332130
main 326881
main 366869
main 364394
main 331524
main 457223
main 338995
main 339509
main 335138
main 409699
main 416282
main 346802
main 335208
main 331673
main 445550
main 333053
main 332649
main 328429
main 341452
main 445283
main 325169
main 327084
main 341882
main 329819
main 391672
main 331635
main 342090
main 334735
main 404459
main 326112
main 331108
main 341757
main 330940
main 333462
main 342157
main 362833
main 329116
main 365376
main 326033
main 336024
main 329772
main 330705
main 331563
main 327607
main 340605
main 332378
main 331793
main 329667
main 340892
main 360124
main 365510
main 412067
main 342673
main 328428
main 338187
main 330930
main 332591
main 336970
main 328445
main 453778
main 335081
main 374115
main 333005
main 332656
main 365433
main 332765
main 334115
main 363889
main 344312
main 350504
main 334476
main 333042
main 325388
main 347568
main 371334
main 333467
main 336114
main 343516
main 363290
main 330422
main 327298
main 350143
main 342224
main 337281
main 373450
main 326180
main 334161
main 339892
main 334177
main 332395
main 328763
main 336103
main 344367
main 352512
main 377735
main 342353
main 340763
main 332757
main 337394
main 327780
main 373439
main 329337
main 336732
main 376840
main 329084
main 375859
main 340781
main 415728
main 333358
main 333311
main 399809
main 325798
main 339309
main 338509
main 419772
main 327604
main 332383
main 334618
