main 190353
main 149673
main 192812
main 180232
main 192162
main 170277
main 152884
main 178999
main 201294
main 149161
main 162895
main 149795
main 174860
main 198947
main 153451
main 150809
main 187130
main 178853
main 155912
main 150096
main 160701
main 148900
main 186947
main 174240
main 176224
main 163568
main 196908
main 167651
main 152203
main 149169
main 167718
main 207273
main 174689
main 159065
main 176782
main 157345
main 172538
main 153725
main 150766
main 167853
main 159655
main 148954
main 153419
main 150725
main 162063
main 188497
main 164878
main 185815
main 179884
main 182041
main 186125
main 181326
main 154525
main 146942
main 148943
main 169593
main 195376
main 170508
main 150573
main 158517
main 153721
main 152182
main 150125
main 191406
main 170219
main 161348
main 167988
main 187147
main 178788
main 149291
main 161645
main 171008
main 168055
main 221398
main 188509
main 164669
main 263215
main 169126
main 175299
main 559554
main 173065
main 289481
main 190123
main 209609
main 220107
main 169570
main 197963
main 166406
main 153742
main 209055
main 205155
main 170743
main 165421
main 165583
main 153252
main 154798
main 153781
main 153965
main 166715
main 219471
main 199552
main 155005
main 174525
main 167032
main 182176
main 170457
main 177966
main 560923
main 224399
main 166377
main 168661
main 152514
main 148004
main 152530
main 189307
main 195811
main 148991
main 214812
main 174875
main 153253
main 152331
main 216862
main 167963
main 161241
main 148374
main 174617
main 150567
main 155054
main 149809
main 156054
main 147053
main 152240
main 188868
main 158927
main 154751
main 174475
main 158246
main 162769
main 177876
main 156315
main 147082
main 159201
main 148192
main 171367
main 149401
main 152994
main 153630
main 170556
main 162876
main 155095
main 189016
main 159639
main 152130
main 156376
main 289235
main 171929
main 163381
main 169330
main 207013
main 188347
main 245902
main 148652
main 196183
main 171651
main 209796
main 159056
main 159731
main 186046
main 198633
main 206859
main 192188
main 154352
main 160220
main 154024
main 175975
main 152239
main 205706
main 192871
main 146530
main 151137
main 172362
main 157201
main 153206
main 145628
main 196287
main 153732
main 203056
main 179269
main 151690
main 154824
main 160362
main 149291
main 152861
main 154528
main 159781
main 147928
main 242557
main 199857
main 170859
main 190508
main 163741
main 178326
main 189143
main 155424
main 147470
main 190141
main 297358
main 158081
main 202798
main 182710
main 173986
main 173332
main 178185
main 176229
main 186264
main 165283
main 151554
main 167324
main 152400
main 154560
main 156195
main 147908
main 276779
main 163955
main 158004
main 159323
main 185737
main 155160
main 189648
main 187262
main 172312
main 153962
main 201504
main 195090
main 154502
main 161487
main 169014
main 156387
main 164977
main 228392
main 151451
main 162910
main 169280
main 208986
main 174610
main 157384
main 173195
main 199638
main 160678
main 171711
main 155260
main 170644
main 188018
main 159755
main 245333
main 148177
main 151768
main 150004
main 154929
main 170668
main 218934
main 152239
main 155745
main 179606
main 163827
main 195645
main 193103
main 192075
main 213971
main 168997
main 169759
main 166414
main 182983
main 175766
main 186291
main 222325
main 195404
main 175523
main 180120
main 284628
main 324049
main 222090
main 172079
main 467110
main 179382
main 192014
main 168078
main 480435
main 162929
main 422574
main 179301
main 321717
main 185070
main 167921
main 161593
main 171764
main 530731
main 426568
main 558164
main 163341
main 244878
main 150303
main 157802
main 328892
main 153077
main 161741
main 194243
main 187327
main 178045
main 395949
main 166713
main 410995
main 190635
main 233212
main 160947
main 179604
main 155893
main 365382
main 183880
main 177562
main 166986
main 186445
main 198151
main 190598
main 151621
main 350415
main 210701
main 159285
main 219773
main 179248
main 182747
main 153049
main 156334
main 153957
main 170053
main 168953
main 170685
main 197426
main 231673
main 178647
main 152012
main 176676
main 151578
main 157426
main 176984
main 166386
main 179507
main 158400
main 177558
main 176756
main 171084
main 171058
main 189663
main 165582
main 151497
main 165556
main 181298
main 154904
main 175287
main 159110
main 155880
main 1305126
main 166365
main 181324
main 161676
main 157226
main 153392
main 180840
main 150581
main 163151
main 183514
main 162827
main 177277
main 167063
main 152008
main 202150
main 155545
main 202103
main 157483
main 169624
main 153793
main 152936
main 155143
main 177168
main 186065
main 151396
main 188718
main 179983
main 158576
main 189744
main 186772
main 151624
main 238603
main 194622
main 197871
main 152972
main 184349
main 163230
main 158716
main 179554
main 164808
main 151597
main 156756
main 197289
main 222860
main 155808
main 167013
main 164698
main 175958
main 171871
main 202248
main 155676
main 169385
main 150558
main 182949
main 151783
main 154567
main 149996
main 160387
main 156952
main 153436
main 152422
main 152198
main 172211
main 245532
main 180146
main 395937
main 180091
main 154796
main 152491
main 195547
main 158605
main 207044
main 169073
main 152952
main 421392
main 154050
main 197341
main 151041
main 209532
main 151338
main 160482
main 152689
main 196343
main 165971
main 154871
main 150055
main 173581
main 154431
main 154766
main 175514
main 321663
main 160163
main 159208
main 201893
main 207771
main 173161
main 171361
main 189646
main 153802
main 152337
main 152115
main 151212
main 163254
main 208193
main 182356
main 152649
main 159699
main 239856
main 169346
main 199414
main 267847
main 168311
main 239110
main 165857
main 227590
main 249766
main 196220
main 167299
main 152503
main 239281
main 181886
main 188223
main 152770
main 171483
main 183573
main 199649
main 211997
main 202387
main 174286
main 154854
main 213326
main 176043
main 159982
main 178410
main 152190
main 154229
main 152240
main 151150
main 154034
main 165458
main 169793
main 153179
main 188744
main 171630
main 185139
main 182729
main 212450
main 214664
main 154238
main 181223
main 156956
main 157073
main 219663
main 198767
main 188324
main 184460
main 172465
main 177431
main 152553
main 155812
main 215379
main 155069
main 318759
main 152211
main 156651
main 174350
main 173749
main 163190
main 204275
main 192405
main 156342
main 288333
main 174660
main 215408
main 152832
main 195918
main 167952
main 202610
main 178664
main 161137
main 191113
main 158445
main 190920
main 185911
main 243869
main 202795
main 212521
main 173566
main 150296
main 280099
main 220506
main 156301
main 191574
main 303654
main 292188
main 172141
main 211699
main 180288
main 182104
main 295691
main 420306
main 180269
main 198076
main 151814
main 154222
main 212011
main 183639
main 173484
main 154629
main 185033
main 170305
main 164163
main 187875
main 175143
main 166711
main 168154
main 153348
main 155544
main 153012
main 150758
main 176042
main 153009
main 152623
main 151475
main 155328
main 182589
main 204343
main 187125
main 209443
main 156389
main 175273
main 165381
main 156486
main 156359
main 190190
main 153657
main 189258
main 186841
main 153818
main 153011
main 176070
main 170092
main 154115
main 159612
main 207738
main 154743
main 170952
main 206345
main 159946
main 158968
main 169382
main 170441
main 153681
main 188685
main 160708
main 188774
main 160863
main 177572
main 151369
main 160855
main 177620
main 180080
main 162062
main 185595
main 178474
main 204638
main 154828
main 172476
main 149781
main 165538
main 170304
main 150902
main 165259
main 155498
main 150797
main 154087
main 179698
main 173966
main 190170
main 176633
main 208426
main 159519
main 148765
main 166099
main 152745
main 153026
main 177199
main 156780
main 239816
main 164021
main 167064
main 180912
main 185565
main 170575
main 192782
main 154162
main 150445
main 175611
main 265222
main 177587
main 169102
main 176013
main 171763
main 209051
main 189116
main 175118
main 191861
main 238077
main 164673
main 607809
main 187175
main 193460
main 182491
main 191169
main 177066
main 207100
main 166284
main 185649
main 215703
main 154692
main 155865
main 277819
main 157825
main 164275
main 288848
main 155743
main 161644
main 156325
main 152342
main 179042
main 224766
main 181907
main 193515
main 164830
main 226151
main 163043
main 152559
main 401453
main 186724
main 180136
main 195689
main 154966
main 262507
main 150927
main 179222
main 292834
main 200498
main 155473
main 535727
main 262984
main 330873
main 232402
main 154466
main 184017
main 167946
main 159662
main 163270
main 169133
main 175343
main 159264
main 292334
main 153930
main 308250
main 213432
main 191046
main 176452
main 186747
main 193974
main 175508
main 213945
main 199494
main 176024
main 153296
main 200906
main 282438
main 208852
main 161317
main 153347
main 213509
main 150735
main 154576
main 183234
main 153448
main 164404
main 177871
main 152813
main 158681
main 168681
main 256298
main 186078
main 157649
main 166495
main 161615
main 170443
main 260695
main 154650
main 215080
main 216781
main 189679
main 184419
main 204864
main 152476
main 180079
main 151901
main 400933
main 151800
main 185807
main 155251
main 167842
main 209204
main 154968
main 195521
main 184108
main 153171
main 164031
main 157085
main 163987
main 161379
main 151098
main 186199
main 163073
main 169380
main 160555
main 153996
main 154237
main 196123
main 154169
main 187744
main 156316
main 157558
main 190468
main 153739
main 186334
main 188229
main 154277
main 190412
main 332973
main 154113
main 150760
main 164165
main 189742
main 191491
main 205544
main 194762
main 173254
main 165723
main 154957
main 276598
main 152816
main 185743
main 181609
main 165895
main 164916
main 151330
main 213615
main 170317
main 151164
main 161065
main 193353
main 169662
main 163354
main 182594
main 152134
main 184047
main 161918
main 195244
main 155209
main 151691
main 186651
main 167313
main 170226
main 183651
main 190609
main 184642
main 188164
main 192644
main 195267
main 152451
main 184798
main 185719
main 174137
main 166655
main 154422
main 219979
main 166706
main 201686
main 180524
main 151919
main 184661
main 188332
main 172070
main 148713
main 158238
main 152800
main 170083
main 183440
main 153041
main 211071
main 158276
main 148950
main 161031
main 152618
main 166193
main 150669
main 164145
main 265071
main 176305
main 157164
main 154593
main 152768
main 151740
main 193300
main 172556
main 151584
main 201101
main 189024
main 178712
main 156111
main 177982
main 170896
main 156657
main 151554
main 198356
main 152828
main 174349
main 150902
main 184845
main 188891
main 151604
main 161195
main 203410
main 152676
main 186813
main 153875
main 151734
main 191845
main 180770
main 152526
main 177353
main 150731
main 153145
main 186549
main 154839
main 170236
main 181166
main 150853
main 151450
main 153567
main 156770
main 210746
main 154163
main 154531
main 152019
main 220521
main 159381
main 174298
main 154752
main 151902
main 193159
main 149917
main 155660
main 213248
main 151780
main 164161
main 154621
main 161594
main 151493
main 186424
main 153733
main 165942
main 167868
main 154625
main 153430
main 198853
main 183403
main 152270
main 196922
main 151271
main 151474
main 186329
main 175833
main 161096
main 169303
main 177327
main 195391
main 153583
main 152413
main 183657
main 172138
main 179765
main 183812
main 166492
main 149106
main 153526
main 155551
main 185145
main 153841
main 176922
main 255041
main 267223
main 171954
main 198765
main 153633
main 169291
main 171189
main 244054
main 192216
main 281592
main 169026
main 192900
main 152625
main 187846
main 153528
main 187311
main 158489
main 158866
main 194462
main 157000
main 282135
main 194069
main 187232
main 227074
main 153561
main 151384
main 161234
main 151987
main 151363
main 152194
main 156334
main 187951
main 181526
main 152302
main 215456
main 159532
main 179550
main 152775
main 182405
main 173909
main 224132
