main 80632
main 81542
main 81206
main 81663
main 81155
main 80891
main 80458
main 80730
main 81270
main 81921
main 81660
main 80859
main 80644
main 80880
main 81391
main 82113
main 81054
main 81255
main 82743
main 80883
main 80916
main 80746
main 81920
main 81337
main 81537
main 81782
main 82252
main 81288
main 81863
main 81043
main 81440
main 81287
main 81382
main 81673
main 80908
main 82214
main 81081
main 81414
main 81897
main 83292
main 81363
main 83345
main 81458
main 81905
main 81062
main 82541
main 81297
main 84497
main 81984
main 81658
main 81327
main 81813
main 81852
main 81640
main 82074
main 81650
main 81736
main 80969
main 81741
main 81481
main 80516
main 81050
main 81922
main 80488
main 81466
main 81387
main 80772
main 80437
main 81264
main 81889
main 80597
main 90241
main 80050
main 79947
main 80745
main 80873
main 82407
main 82948
main 82846
main 85628
main 82906
main 102940
main 80585
main 81873
main 80884
main 81861
main 81526
main 81254
main 81653
main 82609
main 80911
main 80934
main 80595
main 80825
main 82020
main 81908
main 80679
main 81539
main 82545
main 82693
main 82887
main 82110
main 82543
main 83223
main 82235
main 82540
main 83201
main 82458
main 81858
main 82339
main 81284
main 81787
main 81340
main 81066
main 81209
main 81125
main 81692
main 80571
main 81705
main 81900
main 90155
main 81061
main 81453
main 81148
main 80813
main 81295
main 81354
main 82022
main 80742
main 81602
main 81628
main 80605
main 81829
main 81186
main 81089
main 80929
main 81047
main 81296
main 81734
main 81456
main 80962
main 81481
main 81214
main 80918
main 83760
main 81976
main 81377
main 81191
main 82100
main 81208
main 81861
main 90997
main 82057
main 81547
main 82251
main 81117
main 81426
main 82370
main 81712
main 81597
main 81834
main 81972
main 81625
main 81498
main 81509
main 82029
main 80754
main 82173
main 80774
main 81335
main 81546
main 80570
main 81030
main 81496
main 81905
main 80808
main 82165
main 80751
main 80568
main 80586
main 82551
main 80285
main 81239
main 80993
main 80899
main 81180
main 81061
main 81022
main 80707
main 81470
main 81437
main 81225
main 81527
main 81774
main 80698
main 80015
main 80819
main 102179
main 82010
main 82565
main 80651
main 82762
main 81973
main 82327
main 82289
main 82328
main 83121
main 82879
main 81699
main 81757
main 81919
main 81679
main 81549
main 81506
main 82885
main 81745
main 81417
main 81713
main 81337
main 83446
main 81270
main 85370
main 81675
main 82307
main 82828
main 81811
main 81744
main 82249
main 82152
main 81730
main 80111
main 81813
main 82592
main 82113
main 81848
main 80795
main 80622
main 80182
main 82793
main 80621
main 80222
main 79739
main 82386
main 79905
main 79434
main 80216
main 80250
main 81563
main 82382
main 80293
main 79536
main 82355
main 80148
main 80645
main 79811
main 80182
main 80149
main 80355
main 80387
main 80070
main 80995
main 79992
main 80417
main 80824
main 79760
main 80701
main 80373
main 80260
main 79844
main 80346
main 80058
main 79683
main 79801
main 79686
main 80815
main 81059
main 82400
main 82601
main 81296
main 82062
main 81883
main 82215
main 81345
main 81412
main 82481
main 81647
main 81265
main 82667
main 82284
main 81762
main 85889
main 79690
main 80322
main 80514
main 80265
main 80668
main 81399
main 81533
main 81477
main 81400
main 81517
main 81288
main 81060
main 81013
main 81613
main 81985
main 82226
main 81439
main 81434
main 81724
main 81011
main 81377
main 81706
main 80272
main 79532
main 81196
main 79785
main 80370
main 81078
main 80327
main 80840
main 80497
main 80854
main 80493
main 82522
main 81129
main 82692
main 82989
main 83043
main 82662
main 81830
main 82315
main 81209
main 82734
main 82512
main 81380
main 82150
main 81860
main 82649
main 81897
main 82257
main 81591
main 81334
main 81335
main 81688
main 82566
main 82597
main 83607
main 82404
main 81466
main 81674
main 81759
main 82043
main 81702
main 82429
main 83286
main 82825
main 83115
main 82065
main 82247
main 82615
main 81863
main 81350
main 82014
main 81863
main 81635
main 81464
main 81058
main 81618
main 80888
main 81009
main 81401
main 81836
main 81227
main 81821
main 81517
main 80418
main 81613
main 81173
main 81555
main 81473
main 81930
main 81878
main 81864
main 81463
main 80421
main 80822
main 81122
main 80455
main 81645
main 81568
main 81925
main 81391
main 81307
main 80927
main 82160
main 81821
main 81173
main 81453
main 80795
main 81910
main 80948
main 81737
main 81434
main 81192
main 81631
main 82500
main 89148
main 81147
main 81396
main 81734
main 81038
main 81015
main 81168
main 81438
main 79711
main 80249
main 79787
main 80293
main 81090
main 81941
main 80864
main 87178
main 81233
main 80966
main 80617
main 80771
main 80768
main 80965
main 81959
main 80725
main 81756
main 81150
main 82704
main 80064
main 81264
main 81341
main 80926
main 81444
main 81502
main 87530
main 87697
main 80385
main 80252
main 83355
main 82581
main 82226
main 82117
main 80082
main 83278
main 82573
main 82327
main 79601
main 82363
main 83190
main 82569
main 82237
main 82337
main 80103
main 83050
main 83521
main 80185
main 82983
main 82797
main 83177
main 82155
main 82289
main 82959
main 83156
main 82833
main 83306
main 82833
main 82303
main 81899
main 83277
main 82816
main 82680
main 83232
main 84031
main 82918
main 83294
main 83142
main 83347
main 82351
main 81908
main 82134
main 81381
main 80185
main 81073
main 81587
main 80899
main 80822
main 81685
main 82049
main 80946
main 81078
main 81743
main 80877
main 81185
main 81147
main 81105
main 82385
main 83003
main 82280
main 81718
main 83226
main 80780
main 80970
main 80041
main 80897
main 80997
main 80750
main 82080
main 80712
main 81322
main 80678
main 81385
main 80982
main 81506
main 81456
main 81355
main 80847
main 80958
main 82139
main 82120
main 82858
main 82292
main 81850
main 83710
main 82332
main 82121
main 82094
main 83673
main 82022
main 79695
main 82275
main 80246
main 79560
main 79938
main 81024
main 81541
main 81177
main 81134
main 81530
main 80662
main 82424
main 80439
main 80804
main 81244
main 81444
main 81639
main 82205
main 81194
main 82334
main 81818
main 81752
main 81940
main 80952
main 80481
main 82160
main 80026
main 79995
main 79517
main 79450
main 80510
main 79872
main 79446
main 81135
main 79855
main 80978
main 80356
main 79628
main 80564
main 80110
main 80045
main 81338
main 81457
main 80773
main 80317
main 81035
main 80866
main 81204
main 80956
main 81306
main 80382
main 80608
main 81724
main 85526
main 80738
main 84751
main 80412
main 80970
main 82505
main 81617
main 81294
main 81511
main 81254
main 82650
main 86397
main 82098
main 82801
main 82239
main 82742
main 81267
main 82342
main 82966
main 82188
main 362570
main 82182
main 83076
main 82593
main 82764
main 80947
main 80839
main 80525
main 80704
main 80836
main 80713
main 81886
main 80927
main 83018
main 80862
main 80824
main 81406
main 81593
main 81173
main 80797
main 80861
main 81039
main 81912
main 80677
main 81379
main 81169
main 80732
main 81582
main 121755
main 83111
main 81659
main 82019
main 81834
main 81824
main 82101
main 82766
main 81018
main 81039
main 81765
main 81098
main 81475
main 81909
main 81780
main 81835
main 81308
main 81317
main 82822
main 81438
main 81727
main 81790
main 83122
main 82121
main 80329
main 82781
main 82397
main 81924
main 80479
main 80880
main 80661
main 80561
main 83137
main 80741
main 80056
main 81758
main 82968
main 80781
main 82092
main 81401
main 79818
main 80649
main 82832
main 79954
main 80663
main 82069
main 80503
main 81229
main 81194
main 82012
main 80101
main 81481
main 81382
main 79966
main 80758
main 80160
main 81133
main 79904
main 80465
main 80411
main 80931
main 80708
main 81063
main 81461
main 81210
main 80640
main 80389
main 80756
main 80542
main 81590
main 82572
main 83308
main 81456
main 82533
main 82126
main 82027
main 81542
main 81502
main 81508
main 81145
main 81443
main 81684
main 80947
main 80964
main 81354
main 80648
main 79527
main 81820
main 81020
main 81886
main 81908
main 81140
main 81049
main 81592
main 81538
main 81067
main 82339
main 81512
main 81808
main 81956
main 80986
main 82558
main 85208
main 81138
main 80589
main 80968
main 80933
main 80280
main 81567
main 80744
main 81944
main 81278
main 80725
main 83200
main 81871
main 83322
main 82534
main 83184
main 82128
main 81354
main 81811
main 82069
main 80900
main 80757
main 82590
main 81192
main 81633
main 82630
main 80241
main 81414
main 80888
main 82475
main 81014
main 81937
main 84724
main 83118
main 83043
main 82784
main 83764
main 82909
main 82441
main 82437
main 82128
main 82287
main 83386
main 82943
main 82830
main 83467
main 82426
main 82302
main 81759
main 82142
main 81150
main 81995
main 81686
main 81053
main 81047
main 81585
main 81620
main 81542
main 81044
main 79966
main 80787
main 81271
main 80684
main 81211
main 81649
main 81269
main 81253
main 80962
main 82083
main 79812
main 80822
main 80275
main 79969
main 80433
main 80780
main 80694
main 80367
main 80296
main 79786
main 81469
main 80720
main 79494
main 80032
main 81221
main 81554
main 81529
main 82675
main 81388
main 81452
main 81092
main 79926
main 82531
main 80762
main 82477
main 82258
main 82214
main 80466
main 81887
main 81723
main 82092
main 82501
main 82002
main 81851
main 81910
main 81972
main 82504
main 82719
main 82727
main 83770
main 83285
main 82657
main 82502
main 82913
main 83176
main 83585
main 83094
main 82737
main 82563
main 82590
main 83131
main 82347
main 80453
main 80247
main 80536
main 81337
main 81956
main 82657
main 81398
main 81584
main 82098
main 81563
main 81965
main 81776
main 80887
main 81777
main 81733
main 82046
main 80914
main 81265
main 81159
main 80147
main 82177
main 80807
main 81223
main 82891
main 81581
main 83337
main 82399
main 81854
main 80131
main 82610
main 83375
main 80525
main 83014
main 82210
main 81852
main 81867
main 82690
main 82586
main 82056
main 81868
main 82176
main 82107
main 82265
main 82443
main 82383
main 80976
main 82942
main 82762
main 83502
main 83155
main 82543
main 83628
main 81862
main 82336
main 82288
main 82609
main 81660
main 80080
main 81657
main 82355
main 81567
main 83682
main 81287
main 81820
main 81506
main 81819
main 81350
main 81092
main 81806
main 81609
main 81342
main 82333
main 83268
main 82689
main 83092
main 82751
main 83024
main 81953
main 81838
main 80307
main 81776
main 81666
main 82268
main 81602
main 82265
main 81364
main 81992
main 84437
main 80973
main 82570
main 81843
main 82122
main 81593
main 83458
main 82434
main 83452
main 83586
main 81954
main 83389
main 82747
main 83040
main 83511
main 82088
main 82455
main 81696
main 83028
main 80082
main 79883
main 81212
main 81146
main 81339
main 81253
main 80954
main 81252
main 83186
main 83047
main 80637
main 80744
main 81894
main 80490
main 81098
main 87161
main 81162
main 81783
main 82751
main 81545
main 82267
main 83077
main 81421
main 81374
main 80058
main 79353
main 81208
main 80018
main 80328
main 80009
main 80639
main 79957
main 79853
main 80205
main 79652
main 80020
