main 123949
main 84157
main 85043
main 84356
main 84882
main 84423
main 85884
main 85268
main 86099
main 85130
main 85167
main 85128
main 84636
main 84454
main 85179
main 84811
main 83653
main 84760
main 84647
main 85015
main 84897
main 84145
main 84415
main 84014
main 84048
main 85493
main 84561
main 85126
main 85081
main 85210
main 85299
main 84780
main 84635
main 84121
main 84675
main 85133
main 84143
main 84395
main 83991
main 84632
main 84995
main 83962
main 86016
main 83032
main 83322
main 84042
main 83925
main 82966
main 83492
main 82969
main 83711
main 93063
main 83045
main 83308
main 84229
main 84090
main 83056
main 84069
main 83163
main 83062
main 84870
main 83386
main 83129
main 83008
main 83213
main 84309
main 82801
main 83572
main 89693
main 84740
main 84159
main 83762
main 83382
main 83365
main 83954
main 84494
main 82713
main 83085
main 83231
main 82970
main 83190
main 84289
main 83254
main 83592
main 85068
main 84036
main 83329
main 83719
main 83944
main 83829
main 84486
main 83574
main 84089
main 98445
main 83736
main 84198
main 82542
main 85691
main 83942
main 83687
main 84505
main 84641
main 84065
main 84856
main 85067
main 84185
main 84860
main 84548
main 84452
main 85541
main 84101
main 83982
main 83934
main 84364
main 84643
main 84079
main 84550
main 85641
main 85035
main 84435
main 83749
main 83989
main 84783
main 84488
main 84081
main 84239
main 84360
main 83998
main 84264
main 85189
main 84754
main 84255
main 84964
main 82985
main 84999
main 84191
main 83718
main 84254
main 84822
main 84194
main 84774
main 84049
main 84923
main 85213
main 84372
main 84210
main 83961
main 82831
main 83289
main 84589
main 83963
main 83417
main 83580
main 82791
main 84477
main 83201
main 83267
main 83418
main 83770
main 85065
main 83806
main 82890
main 84323
main 83029
main 84398
main 82669
main 83795
main 83569
main 83770
main 85005
main 82731
main 83449
main 82743
main 82569
main 83778
main 86779
main 84389
main 84019
main 86241
main 83312
main 82137
main 82684
main 83810
main 83951
main 84156
main 83840
main 82274
main 83633
main 84392
main 84303
main 84289
main 83631
main 82651
main 84061
main 84487
main 82850
main 83440
main 84144
main 83318
main 83813
main 83471
main 84591
main 82935
main 84430
main 83215
main 84848
main 83151
main 84598
main 83043
main 84649
main 456828
main 84344
main 83402
main 84042
main 84424
main 83372
main 84825
main 84696
main 84551
main 83931
main 83140
main 83672
main 82843
main 82806
main 85521
main 82552
main 83019
main 82845
main 82866
main 84280
main 83456
main 83030
main 84178
main 83583
main 83072
main 83719
main 83944
main 82826
main 83143
main 84111
main 83393
main 83059
main 82172
main 83816
main 85033
main 83403
main 84448
main 83351
main 83192
main 86525
main 83653
main 82760
main 83002
main 83332
main 85215
main 84011
main 82941
main 83325
main 82632
main 83668
main 83222
main 83452
main 83498
main 82992
main 83968
main 85585
main 83521
main 82461
main 82481
main 84445
main 83387
main 86228
main 83643
main 83594
main 83885
main 83756
main 84118
main 84696
main 84859
main 83818
main 84006
main 83686
main 83430
main 84231
main 84492
main 83090
main 84248
main 84751
main 84043
main 85167
main 85102
main 84412
main 84510
main 85068
main 84184
main 84564
main 86427
main 84042
main 84665
main 84430
main 83457
main 83968
main 84524
main 85922
main 84336
main 84974
main 85149
main 84222
main 84166
main 84424
main 83828
main 84873
main 84560
main 84465
main 83961
main 83458
main 84426
main 86760
main 84211
main 84748
main 84207
main 84421
main 83550
main 84761
main 82980
main 84268
main 82783
main 83667
main 83723
main 86120
main 83448
main 83347
main 83463
main 85764
main 83132
main 83085
main 83941
main 82872
main 84363
main 84402
main 84212
main 83115
main 83760
main 83450
main 82539
main 83690
main 82762
main 83181
main 85661
main 83262
main 84074
main 84120
main 83475
main 84089
main 82698
main 82671
main 83324
main 83848
main 84574
main 84165
main 83420
main 83236
main 83397
main 84747
main 84259
main 83224
main 83479
main 83464
main 84861
main 84024
main 84189
main 87946
main 84214
main 84434
main 83513
main 84517
main 84231
main 84355
main 84253
main 83950
main 84483
main 83506
main 83875
main 83332
main 85906
main 83287
main 83794
main 83871
main 84178
main 85317
main 84759
main 84329
main 83210
main 84265
main 84228
main 83802
main 83793
main 82737
main 83802
main 83901
main 83259
main 83985
main 82543
main 83615
main 83791
main 82462
main 82557
main 83478
main 83583
main 83757
main 83598
main 83995
main 83292
main 84333
main 83067
main 82915
main 84710
main 83153
main 84316
main 83166
main 82774
main 86460
main 82955
main 83976
main 83283
main 83020
main 82894
main 83133
main 83952
main 82386
main 83160
main 82753
main 82910
main 83654
main 82516
main 83268
main 82762
main 82635
main 84206
main 82657
main 83213
main 84024
main 83410
main 84757
main 82577
main 82948
main 83034
main 83675
main 85136
main 82846
main 84080
main 83254
main 83905
main 84484
main 83748
main 83301
main 82990
main 85340
main 83878
main 83886
main 83326
main 83961
main 84617
main 83648
main 82761
main 83425
main 82645
main 84464
main 83255
main 82700
main 82678
main 83815
main 84803
main 83208
main 82969
main 83354
main 83334
main 84199
main 83565
main 83227
main 83511
main 83858
main 83624
main 83398
main 82756
main 83640
main 83630
main 83644
main 82944
main 83934
main 84090
main 83526
main 84914
main 83121
main 83434
main 83158
main 83857
main 84830
main 85140
main 84126
main 735769
main 82876
main 84642
main 83792
main 83302
main 83417
main 83316
main 84958
main 83773
main 83508
main 83448
main 82770
main 102881
main 83938
main 85836
main 82980
main 83717
main 85019
main 83749
main 82598
main 82523
main 82921
main 83420
main 83644
main 83788
main 83787
main 83040
main 83776
main 83767
main 83553
main 83121
main 84228
main 83665
main 83324
main 83282
main 82555
main 83432
main 84502
main 82887
main 84227
main 83239
main 82978
main 83764
main 84195
main 83656
main 87330
main 82959
main 83318
main 83372
main 83656
main 83405
main 83334
main 83980
main 83334
main 83250
main 83347
main 83551
main 84701
main 83842
main 82909
main 82532
main 83180
main 83642
main 82878
main 83779
main 83892
main 84286
main 84081
main 82921
main 83696
main 83134
main 82302
main 85897
main 86077
main 82697
main 83595
main 83208
main 84220
main 83499
main 83592
main 84263
main 82982
main 83648
main 83821
main 82287
main 83196
main 83417
main 83939
main 83204
main 83479
main 82822
main 82885
main 84541
main 84072
main 82945
main 82899
main 83849
main 84064
main 83999
main 83085
main 83344
main 84301
main 84476
main 83213
main 83467
main 82378
main 83205
main 84276
main 83342
main 83850
main 83742
main 83926
main 83099
main 83468
main 82555
main 83884
main 83741
main 83625
main 85354
main 83778
main 83134
main 83783
main 84278
main 82994
main 83990
main 83230
main 85121
main 83422
main 83955
main 83289
main 83355
main 83585
main 83605
main 83528
main 83638
main 84158
main 84083
main 83180
main 83694
main 82357
main 83978
main 84114
main 84059
main 82758
main 84553
main 83712
main 85511
main 84463
main 83407
main 83567
main 83595
main 83760
main 84137
main 84206
main 83835
main 84351
main 84272
main 83562
main 83056
main 83525
main 84158
main 84897
main 83306
main 83793
main 83279
main 83304
main 84599
main 83217
main 83346
main 84029
main 83062
main 83899
main 83154
main 82921
main 85076
main 83386
main 84593
main 84052
main 83670
main 82007
main 83602
main 83903
main 83969
main 83485
main 82738
main 83783
main 85469
main 84045
main 83536
main 83778
main 83932
main 84729
main 84207
main 83265
main 84083
main 83430
main 84569
main 83404
main 82674
main 82997
main 121051
main 84514
main 83272
main 83360
main 83269
main 82495
main 84332
main 82905
main 83902
main 82203
main 83154
main 84316
main 82822
main 82973
main 81859
main 82515
main 83522
main 82846
main 83101
main 83487
main 82663
main 84723
main 84025
main 83259
main 83732
main 83174
main 84651
main 83193
main 83594
main 82992
main 82810
main 83650
main 83227
main 83042
main 83099
main 82448
main 84226
main 82373
main 83553
main 82908
main 83917
main 85084
main 82657
main 83948
main 83671
main 83355
main 84501
main 83532
main 84326
main 83284
main 83833
main 84589
main 83529
main 83125
main 83545
main 82691
main 83473
main 83187
main 83016
main 83945
main 82959
main 84646
main 82196
main 84049
main 83729
main 82807
main 84542
main 83367
main 83854
main 83092
main 82874
main 84533
main 83139
main 83064
main 82503
main 83545
main 85087
main 83678
main 83508
main 82880
main 83303
main 83475
main 84105
main 84135
main 83260
main 82628
main 83449
main 83104
main 82564
main 83139
main 83709
main 84064
main 83016
main 84472
main 84097
main 83097
main 84981
main 83357
main 83209
main 83870
main 83476
main 84542
main 83307
main 83169
main 86050
main 84454
main 82986
main 85334
main 84228
main 83951
main 84389
main 84276
main 83054
main 84081
main 84306
main 84701
main 86371
main 84134
main 82858
main 84030
main 84824
main 83874
main 83614
main 83582
main 84014
main 84345
main 83177
main 84047
main 83131
main 84382
main 83805
main 83828
main 83700
main 83842
main 84201
main 85174
main 83697
main 85062
main 84098
main 84188
main 85043
main 84541
main 83809
main 84350
main 84225
main 84660
main 83919
main 83050
main 83906
main 83730
main 84816
main 84278
main 82948
main 84057
main 84048
main 84471
main 83127
main 83747
main 82685
main 83027
main 84261
main 82518
main 83197
main 82901
main 83534
main 84443
main 83290
main 83133
main 84026
main 83560
main 84661
main 83424
main 83779
main 82920
main 83640
main 83877
main 83693
main 82948
main 83491
main 82350
main 83394
main 84209
main 84140
main 82803
main 82670
main 83592
main 83096
main 83401
main 83149
main 83691
main 84246
main 82744
main 82845
main 83394
main 83167
main 83887
main 83165
main 85450
main 83159
main 83125
main 84156
main 83603
main 83752
main 82529
main 82871
main 85500
main 83327
main 84377
main 87925
main 84340
main 84496
main 83464
main 83653
main 85312
main 82766
main 85828
main 83788
main 84262
main 84907
main 84081
main 84539
main 83644
main 83484
main 83216
main 82904
main 83961
main 83001
main 83608
main 82634
main 84330
main 84430
main 83404
main 83064
main 82409
main 82966
main 83587
main 83317
main 82306
main 83716
main 83011
main 84408
main 83748
main 83821
main 82552
main 83244
main 83746
main 83712
main 82386
main 82215
main 84441
main 84031
main 82638
main 82356
main 83505
main 82988
main 83930
main 82564
main 83194
main 83145
main 82599
main 83679
main 83256
main 83642
main 83650
main 82797
main 83741
main 82567
main 86063
main 82587
main 83512
main 84907
main 85833
main 83795
main 82776
main 82319
main 83508
main 82861
main 83910
main 82462
main 82872
main 84065
main 82987
main 82765
main 83053
main 83248
main 81976
main 82940
main 83541
main 83422
main 84825
main 83734
main 84209
main 84002
main 82467
main 84411
main 83792
main 83264
main 83554
main 84218
main 88147
