main 89134
main 31379
main 32260
main 37029
main 36331
main 37385
main 35703
main 39910
main 38902
main 35705
main 32876
main 34924
main 35234
main 34163
main 34789
main 36111
main 35516
main 34329
main 33117
main 35028
main 33617
main 33580
main 33274
main 33955
main 35132
main 34798
main 34458
main 36300
main 36196
main 35818
main 37139
main 36766
main 38765
main 47444
main 55801
main 43471
main 36020
main 36458
main 39416
main 30220
main 37341
main 42365
main 30556
main 32361
main 34432
main 38096
main 30817
main 28269
main 31354
main 28982
main 39493
main 28694
main 128511
main 31077
main 31271
main 38231
main 30757
main 28915
main 31493
main 30667
main 37215
main 30680
main 30698
main 31675
main 35100
main 54831
main 29943
main 29512
main 33437
main 30573
main 39281
main 30773
main 31842
main 29884
main 31231
main 35096
main 30996
main 32224
main 33195
main 31334
main 38615
main 39146
main 28115
main 33039
main 41315
main 31709
main 30279
main 29485
main 34957
main 36402
main 30260
main 46481
main 30113
main 31403
main 37988
main 30639
main 30012
main 29505
main 31971
main 37953
main 31641
main 33502
main 30990
main 41214
main 37652
main 32872
main 35629
main 32864
main 31410
main 36124
main 33093
main 30313
main 29049
main 31664
main 35044
main 31547
main 30267
main 43372
main 29505
main 40427
main 29594
main 30919
main 29616
main 32076
main 35511
main 30309
main 30647
main 31128
main 29673
main 34322
main 33778
main 28962
main 31637
main 30876
main 38899
main 29548
main 31316
main 30143
main 28152
main 34192
main 29711
main 32550
main 31911
main 32461
main 32278
main 32092
main 30008
main 31752
main 31574
main 35514
main 32647
main 29060
main 29126
main 30099
main 32216
main 28031
main 28596
main 32915
main 29669
main 34483
main 28746
main 32186
main 29180
main 29895
main 44242
main 30073
main 28573
main 31477
main 34754
main 57168
main 32961
main 30535
main 30194
main 31615
main 35699
main 31828
main 29475
main 32493
main 28674
main 36705
main 32695
main 30904
main 33365
main 32810
main 41077
main 75343
main 29356
main 31849
main 30578
main 35209
main 32337
main 29960
main 35209
main 30047
main 36101
main 32530
main 33375
main 34582
main 31777
main 35636
main 31024
main 29444
main 31524
main 30186
main 34783
main 36143
main 42631
main 32600
main 33061
main 35149
main 37551
main 30109
main 29604
main 30866
main 34065
main 30743
main 33141
main 29943
main 35009
main 35998
main 27801
main 32727
main 27995
main 32944
main 36699
main 30014
main 30974
main 34737
main 30879
main 36930
main 31962
main 27906
main 29431
main 30261
main 34007
main 42952
main 29431
main 32246
main 30446
main 39341
main 29105
main 33460
main 32110
main 30670
main 33800
main 32079
main 31450
main 28821
main 28737
main 40012
main 31847
main 32824
main 31367
main 32535
main 39595
main 32182
main 34799
main 40488
main 35227
main 39752
main 32292
main 31920
main 32658
main 31455
main 37305
main 30748
main 29779
main 60362
main 30898
main 36994
main 32566
main 32002
main 32201
main 32974
main 33699
main 34688
main 35126
main 30757
main 36732
main 35976
main 32797
main 29378
main 29553
main 31624
main 36399
main 29290
main 34380
main 40500
main 33221
main 37008
main 35012
main 39315
main 34640
main 37538
main 36636
main 30359
main 35007
main 75861
main 31430
main 32369
main 30542
main 30561
main 32152
main 54025
main 41334
main 28916
main 29236
main 31946
main 36085
main 34639
main 32000
main 31480
main 47408
main 31830
main 33631
main 77569
main 29668
main 33321
main 30395
main 32837
main 31285
main 73009
main 27925
main 32070
main 34093
main 30543
main 32593
main 31447
main 30566
main 35453
main 52140
main 26870
main 33587
main 32625
main 34009
main 33587
main 38670
main 29168
main 29536
main 32655
main 28641
main 27452
main 29417
main 29841
main 33356
main 30802
main 29672
main 31412
main 32596
main 42009
main 33417
main 36341
main 29789
main 45808
main 35039
main 31156
main 31754
main 30980
main 33392
main 35417
main 28929
main 31936
main 31812
main 30865
main 35646
main 29534
main 31115
main 32495
main 31014
main 38425
main 31936
main 28251
main 31283
main 31842
main 36417
main 28384
main 58599
main 39973
main 31269
main 40401
main 28622
main 30827
main 29197
main 33235
main 32219
main 29953
main 36608
main 47427
main 31610
main 38876
main 31867
main 31716
main 28258
main 31585
main 35243
main 28958
main 39611
main 30655
main 28078
main 33980
main 32543
main 29636
main 31168
main 31296
main 36308
main 38735
main 32486
main 30373
main 31730
main 34435
main 49737
main 30070
main 28089
main 31772
main 37461
main 31912
main 30438
main 29776
main 30853
main 35617
main 30497
main 30829
main 28922
main 29848
main 32970
main 29686
main 28089
main 27665
main 33923
main 35143
main 32951
main 37475
main 33706
main 30754
main 37407
main 27742
main 28295
main 30074
main 31537
main 33205
main 30215
main 30896
main 31995
main 30875
main 38137
main 32074
main 32939
main 29631
main 30157
main 34628
main 31331
main 31532
main 35531
main 47804
main 36797
main 30809
main 30035
main 34791
main 40139
main 36049
main 33057
main 30476
main 33379
main 32306
main 35198
main 105324
main 32454
main 32059
main 31214
main 58657
main 28320
main 31042
main 28058
main 30737
main 34533
main 30028
main 31879
main 32853
main 33132
main 36945
main 32291
main 70124
main 31167
main 31411
main 38274
main 35073
main 32923
main 30428
main 31760
main 32349
main 30143
main 29153
main 33287
main 28466
main 34624
main 28751
main 32092
main 29906
main 32854
main 36858
main 31792
main 29950
main 33981
main 32808
main 38823
main 31176
main 30070
main 31416
main 33370
main 104014
main 29694
main 31529
main 31015
main 39675
main 34468
main 30284
main 29761
main 35929
main 30822
main 38729
main 39767
main 33033
main 29162
main 31247
main 34643
main 31397
main 32026
main 53533
main 48477
main 34932
main 30024
main 28521
main 32179
main 46720
main 40540
main 33600
main 40082
main 33406
main 33138
main 34454
main 33274
main 31556
main 43626
main 32099
main 39806
main 59910
main 30075
main 30231
main 29861
main 36548
main 32876
main 28034
main 28353
main 28876
main 35677
main 29318
main 31704
main 31004
main 31220
main 34045
main 32348
main 32631
main 32721
main 30620
main 35202
main 31925
main 31132
main 29577
main 31038
main 37693
main 31124
main 29778
main 32646
main 33498
main 34573
main 29234
main 30911
main 31957
main 39409
main 35143
main 30988
main 31083
main 28683
main 31679
main 37907
main 29593
main 30266
main 38254
main 31401
main 35024
main 139964
main 31113
main 37914
main 30758
main 59630
main 30362
main 187323
main 29409
main 29266
main 45171
main 31409
main 32818
main 32693
main 31150
main 38969
main 28274
main 36227
main 30200
main 32730
main 37754
main 30677
main 30261
main 31362
main 33433
main 32346
main 27850
main 29571
main 33147
main 32620
main 32744
main 35318
main 31656
main 28187
main 41307
main 34947
main 29034
main 33403
main 32131
main 29907
main 35346
main 30930
main 31750
main 32514
main 27330
main 35415
main 31051
main 53332
main 32003
main 36841
main 37980
main 31003
main 36751
main 29203
main 58634
main 38691
main 29926
main 31723
main 30269
main 34065
main 34073
main 33619
main 30175
main 33028
main 28616
main 37208
main 29970
main 30221
main 31160
main 36823
main 37787
main 31604
main 32888
main 31671
main 31447
main 38007
main 34186
main 32680
main 30663
main 32306
main 36036
main 35108
main 34517
main 33031
main 61315
main 39248
main 40947
main 28057
main 27589
main 32900
main 31591
main 30354
main 32828
main 32078
main 32794
main 33873
main 31370
main 30054
main 35674
main 32610
main 35717
main 78473
main 29662
main 57818
main 30382
main 39745
main 30474
main 27538
main 33553
main 32446
main 33149
main 28311
main 30212
main 28712
main 35001
main 34636
main 30126
main 30390
main 39836
main 35285
main 35453
main 29112
main 30601
main 30674
main 30298
main 35227
main 30242
main 32800
main 30966
main 34380
main 35660
main 30562
main 29223
main 30829
main 81625
main 39750
main 29653
main 35051
main 34982
main 32565
main 42119
main 29826
main 30142
main 31428
main 34307
main 35130
main 27711
main 33834
main 32818
main 37719
main 35226
main 31889
main 30690
main 35455
main 29735
main 35384
main 33717
main 129566
main 33285
main 31776
main 95788
main 28462
main 31629
main 31921
main 32062
main 34406
main 32557
main 30641
main 41842
main 31671
main 37846
main 30680
main 31051
main 29573
main 29517
main 34062
main 27715
main 29398
main 31519
main 31868
main 36296
main 32414
main 27582
main 33869
main 29836
main 34198
main 39150
main 28667
main 35236
main 31088
main 37053
main 34152
main 29570
main 31823
main 32391
main 81924
main 28913
main 34903
main 30079
main 31958
main 36425
main 31649
main 31351
main 29639
main 29123
main 35084
main 78371
main 31810
main 33263
main 33498
main 37296
main 29828
main 32649
main 29255
main 30948
main 35652
main 30943
main 34408
main 30832
main 41208
main 30584
main 30916
main 32659
main 33065
main 35682
main 32480
main 28795
main 30618
main 30328
main 34377
main 30671
main 33280
main 32131
main 31462
main 35053
main 30607
main 31438
main 30924
main 30959
main 36346
main 29778
main 40320
main 34334
main 31787
main 37293
main 33342
main 34443
main 30101
main 33221
main 34189
main 31280
main 32308
main 32444
main 30037
main 32891
main 31318
main 30822
main 51324
main 34525
main 36229
main 30601
main 29924
main 30911
main 33683
main 38963
main 36488
main 31432
main 32320
main 30177
main 34880
main 29216
main 31016
main 33961
main 31183
main 35938
main 28903
main 35562
main 30606
main 31514
main 33226
main 31027
main 31568
main 34316
main 31031
main 36027
main 33501
main 29439
main 29152
main 30707
main 34715
main 29284
main 31936
main 31571
main 31477
main 33941
main 27289
main 32185
main 37499
main 29514
main 35156
main 31494
main 31872
main 32126
main 46071
main 33623
main 30781
main 29401
main 34106
main 32362
main 40377
main 31135
main 30013
main 42734
main 36493
main 33529
main 32171
main 31235
main 33567
main 32686
main 37525
main 29506
main 32970
main 30023
main 31894
main 36763
main 37500
main 32255
main 30690
main 29910
main 35731
main 34094
main 32595
main 31355
main 29416
main 33892
main 28897
main 29660
main 34754
main 30876
main 36708
main 30127
main 31512
main 34837
main 30506
main 34357
main 28922
main 28992
main 29831
main 28877
main 35755
main 34322
main 35901
main 31064
main 31142
main 40303
main 29687
main 30839
main 29092
main 31235
main 37217
main 33692
main 29328
main 37226
main 28663
main 34017
main 30036
main 31764
main 29829
main 36569
main 39307
main 29228
main 30893
main 33169
main 30170
main 37261
main 31861
main 31394
main 33057
main 31569
main 36676
main 32399
main 51522
main 31181
main 32099
main 35027
main 31371
main 33018
main 29503
main 33224
main 36893
main 51544
main 30384
main 30296
main 28877
main 35125
main 30833
main 31866
main 30249
main 28967
main 35563
main 29710
main 32743
main 31774
main 30301
main 36131
main 95013
main 31855
main 29914
main 31519
main 40081
main 29386
