main 234503
main 230936
main 204496
main 231657
main 201930
main 203662
main 218895
main 204809
main 206542
main 204930
main 201147
main 205798
main 214844
main 208084
main 203676
main 207604
main 208172
main 203135
main 208338
main 202367
main 206601
main 204737
main 215875
main 205148
main 205783
main 221407
main 204193
main 202765
main 213623
main 270363
main 202807
main 201423
main 205321
main 209140
main 204766
main 203471
main 204307
main 204712
main 205882
main 204298
main 201141
main 201907
main 202798
main 202527
main 203189
main 216990
main 226943
main 210219
main 206303
main 207243
main 203952
main 200784
main 205013
main 200953
main 202890
main 205522
main 204457
main 249754
main 204666
main 226423
main 205832
main 205206
main 201851
main 231618
main 203666
main 211613
main 204244
main 202293
main 202469
main 203902
main 202629
main 203241
main 203537
main 203774
main 315079
main 206176
main 203805
main 204358
main 266049
main 200000
main 208791
main 211563
main 204653
main 208102
main 199833
main 201680
main 205421
main 202896
main 202866
main 212911
main 203671
main 201708
main 260082
main 204010
main 204316
main 203138
main 216592
main 202480
main 219847
main 216622
main 202972
main 200613
main 206208
main 203512
main 217861
main 203503
main 204419
main 201700
main 204721
main 199949
main 204299
main 200278
main 203708
main 204805
main 201200
main 277688
main 206678
main 205137
main 202704
main 203478
main 209111
main 207277
main 203267
main 258404
main 239250
main 217899
main 204938
main 204693
main 218899
main 199882
main 208394
main 236116
main 202878
main 295806
main 208224
main 203854
main 199616
main 205767
main 216011
main 202233
main 204665
main 201671
main 203120
main 203740
main 211240
main 203556
main 205774
main 206429
main 205224
main 225571
main 200800
main 201297
main 217136
main 202314
main 204028
main 202751
main 203137
main 213469
main 204719
main 202796
main 208346
main 205201
main 204888
main 212801
main 204054
main 203759
main 202556
main 201331
main 205710
main 250046
main 202679
main 202793
main 203437
main 244638
main 202562
main 328515
main 206870
main 201935
main 205026
main 204545
main 203563
main 206900
main 200220
main 203954
main 208247
main 204239
main 202496
main 203898
main 202527
main 203939
main 203815
main 201331
main 203153
main 202186
main 207917
main 200694
main 201292
main 203543
main 199140
main 204792
main 204318
main 214529
main 200773
main 200010
main 202495
main 200783
main 204731
main 205755
main 207440
main 217365
main 203564
main 206698
main 203215
main 202269
main 202428
main 202545
main 202111
main 202025
main 203804
main 214563
main 201856
main 205844
main 201097
main 201800
main 201608
main 201545
main 255653
main 200614
main 201848
main 204818
main 206046
main 203636
main 205071
main 201318
main 204356
main 205011
main 207632
main 202588
main 205120
main 204950
main 209574
main 202782
main 204195
main 203570
main 203520
main 200531
main 201746
main 205469
main 201639
main 202124
main 203645
main 207204
main 204264
main 204300
main 204144
main 200393
main 207059
main 242955
main 202261
main 202587
main 201412
main 202776
main 204440
main 216036
main 201134
main 205816
main 206548
main 209338
main 201337
main 201900
main 200956
main 209914
main 202013
main 203590
main 201787
main 203318
main 202957
main 200264
main 213152
main 201280
main 204361
main 202718
main 205234
main 202414
main 288070
main 218000
main 203249
main 242296
main 203300
main 201996
main 203521
main 209884
main 203885
main 201436
main 204070
main 200807
main 200826
main 204035
main 200978
main 201129
main 201393
main 203041
main 210479
main 205101
main 203111
main 203600
main 201087
main 204964
main 203221
main 201167
main 203914
main 199750
main 200477
main 208794
main 200421
main 203534
main 202105
main 200817
main 204756
main 200277
main 202924
main 203308
main 203365
main 289326
main 214857
main 201979
main 200198
main 208247
main 203379
main 200071
main 208653
main 204940
main 205883
main 200879
main 204159
main 202203
main 205084
main 203851
main 201814
main 211668
main 265275
main 199909
main 204706
main 199938
main 205414
main 207017
main 202425
main 349567
main 202295
main 204900
main 238392
main 203611
main 205123
main 224990
main 207715
main 207953
main 233846
main 217094
main 211800
main 206417
main 201912
main 204651
main 203236
main 316654
main 202919
main 202434
main 203754
main 203720
main 200407
main 229634
main 200727
main 201839
main 201529
main 201497
main 201953
main 236759
main 201767
main 199313
main 199958
main 206536
main 204699
main 267430
main 209028
main 202558
main 201379
main 202906
main 201446
main 201763
main 206431
main 202011
main 206118
main 202156
main 203943
main 200787
main 291210
main 201069
main 229495
main 199947
main 268720
main 202633
main 202037
main 201524
main 201709
main 225469
main 202113
main 200637
main 204371
main 199928
main 200487
main 203123
main 201745
main 212706
main 240426
main 203119
main 205098
main 217900
main 214346
main 209636
main 202867
main 203311
main 203590
main 199811
main 216527
main 200521
main 202488
main 204568
main 201623
main 200551
main 203465
main 202043
main 201325
main 202046
main 205456
main 216437
main 201556
main 203405
main 203385
main 203069
main 223710
main 202376
main 200815
main 209429
main 202386
main 201420
main 235705
main 208578
main 202730
main 203824
main 207137
main 202120
main 204368
main 206805
main 202883
main 201793
main 203332
main 201733
main 200718
main 224706
main 211150
main 202084
main 203221
main 200088
main 201820
main 201358
main 206824
main 205152
main 214299
main 201699
main 204076
main 207010
main 201557
main 201588
main 202947
main 201105
main 212007
main 329477
main 201475
main 206907
main 208659
main 215509
main 203087
main 202702
main 203588
main 206262
main 204695
main 203273
main 200939
main 206095
main 202800
main 201573
main 201609
main 200627
main 204295
main 202724
main 202552
main 202064
main 207674
main 200899
main 205837
main 203653
main 201034
main 203017
main 258462
main 203976
main 201535
main 201847
main 203415
main 202446
main 202299
main 204504
main 220540
main 218508
main 201966
main 205986
main 201788
main 201552
main 199467
main 215231
main 200400
main 203694
main 203716
main 207919
main 200740
main 205073
main 202676
main 209018
main 202393
main 202358
main 210470
main 224786
main 207145
main 202133
main 210394
main 202863
main 204710
main 204795
main 202160
main 205406
main 201332
main 202109
main 202334
main 204897
main 202260
main 205797
main 200509
main 200507
main 206326
main 200895
main 200097
main 203260
main 205979
main 210520
main 203099
main 204774
main 223620
main 202323
main 208491
main 211039
main 201746
main 204173
main 233319
main 207919
main 204189
main 205185
main 204287
main 201608
main 207827
main 203048
main 204197
main 201056
main 202661
main 204566
main 203301
main 205824
main 205927
main 205841
main 243432
main 240282
main 296369
main 207435
main 206703
main 203744
main 202507
main 201204
main 202571
main 203686
main 201946
main 200491
main 201596
main 205011
main 199523
main 204618
main 206100
main 200900
main 206172
main 201220
main 201500
main 204097
main 202638
main 201947
main 200289
main 240765
main 200540
main 202320
main 201057
main 201455
main 236302
main 201374
main 205613
main 201817
main 237109
main 208757
main 201131
main 203551
main 200718
main 205412
main 200273
main 199952
main 201784
main 221547
main 203355
main 206766
main 204235
main 201601
main 199790
main 203352
main 221432
main 201238
main 203042
main 200973
main 207118
main 203963
main 200324
main 200752
main 209212
main 203544
main 201581
main 202544
main 201672
main 199486
main 253583
main 209158
main 199997
main 203211
main 204985
main 204596
main 203280
main 205545
main 204928
main 201425
main 204856
main 205544
main 201396
main 209106
main 209895
main 204343
main 209060
main 202220
main 202956
main 200141
main 199892
main 203326
main 229663
main 200711
main 201017
main 199519
main 201826
main 201830
main 203265
main 208605
main 200854
main 203451
main 205404
main 220642
main 202582
main 202456
main 201734
main 201754
main 201539
main 203947
main 203870
main 219725
main 206347
main 210533
main 204543
main 206476
main 205304
main 202115
main 217529
main 202761
main 206812
main 201695
main 201630
main 206436
main 215793
main 200303
main 207821
main 200603
main 200521
main 219352
main 202752
main 205047
main 200864
main 206511
main 202708
main 223609
main 229276
main 202091
main 204267
main 204265
main 204674
main 201504
main 201218
main 203177
main 199661
main 202297
main 206045
main 205318
main 201574
main 204116
main 200711
main 202772
main 221863
main 203859
main 201999
main 202425
main 204123
main 202056
main 201813
main 202436
main 218392
main 200540
main 260199
main 202881
main 220260
main 201414
main 201990
main 201862
main 204747
main 211565
main 200460
main 205931
main 203199
main 204267
main 203777
main 202666
main 203489
main 217038
main 221156
main 204227
main 200239
main 201135
main 208975
main 203174
main 202678
main 201856
main 206460
main 200974
main 202010
main 205077
main 206883
main 201815
main 200460
main 205433
main 209558
main 202259
main 203620
main 206356
main 204146
main 202877
main 213951
main 206425
main 249710
main 205151
main 203600
main 203148
main 207050
main 201786
main 203575
main 202670
main 204006
main 202856
main 204618
main 201284
main 202100
main 203262
main 203582
main 201146
main 202700
main 202698
main 203597
main 202918
main 201139
main 203557
main 203707
main 206815
main 210409
main 202606
main 202388
main 202333
main 390639
main 214570
main 212478
main 241870
main 201358
main 212760
main 203599
main 202457
main 203162
main 206033
main 201141
main 201138
main 215127
main 204176
main 203430
main 204605
main 203567
main 207211
main 203045
main 206468
main 203679
main 235329
main 213397
main 203913
main 218951
main 221488
main 202886
main 207187
main 223294
main 202493
main 210027
main 201085
main 203997
main 206353
main 279933
main 202461
main 204863
main 202840
main 202679
main 216036
main 210598
main 204578
main 212836
main 207604
main 219885
main 203973
main 217655
main 202811
main 205600
main 206605
main 202423
main 201003
main 202025
main 208033
main 205765
main 203798
main 203914
main 265661
main 278038
main 223250
main 201111
main 302059
main 202072
main 201958
main 234269
main 203442
main 212811
main 203845
main 204727
main 203375
main 211879
main 219919
main 205085
main 205029
main 206112
main 221567
main 200437
main 206258
main 205075
main 206658
main 200708
main 232251
main 202951
main 205347
main 205669
main 200919
main 207606
main 202784
main 204106
main 201968
main 212900
main 203982
main 201337
main 208200
main 201020
main 242745
main 204349
main 207934
main 207648
main 256898
main 208861
main 285579
main 333847
main 203719
main 215835
main 201299
main 202639
main 201769
main 262309
main 203098
main 203908
main 202740
main 227414
main 205861
main 207078
main 202277
main 218152
main 205149
main 206977
main 204968
main 222565
main 205261
main 203203
main 202601
main 204180
main 241087
main 230500
main 227074
main 229547
main 201510
main 205011
main 243465
main 203594
main 208084
main 206326
main 214290
main 204695
main 214307
main 231284
main 205726
main 207629
main 248631
main 213202
main 201136
main 203931
main 203059
main 200058
main 202969
main 208767
main 205474
main 212595
main 209317
main 272616
main 201523
main 203870
main 202440
main 206870
main 208500
main 205133
main 204544
main 210255
main 219011
main 225785
main 223207
main 219854
main 206274
main 208084
main 208387
main 210191
main 208443
main 207395
main 207366
main 205427
main 215269
main 207240
main 211391
main 210501
main 201810
main 204110
main 212844
main 204789
main 212931
main 216573
main 201696
main 201028
main 227696
main 204585
main 213295
main 211707
main 201549
main 205475
main 209333
main 204595
main 252988
main 200695
main 207728
main 212633
main 202698
main 204492
main 202033
