main 89084
main 149042
main 80875
main 82342
main 83981
main 83305
main 82059
main 83132
main 87126
main 81213
main 81281
main 81894
main 83286
main 82583
main 80817
main 81416
main 82046
main 87316
main 82589
main 80514
main 86067
main 116134
main 83373
main 81624
main 80711
main 82607
main 86089
main 82212
main 82200
main 91001
main 81769
main 82270
main 85741
main 81530
main 85898
main 98773
main 85702
main 85689
main 84452
main 111305
main 82750
main 86159
main 83645
main 86258
main 87719
main 86096
main 84338
main 90832
main 88700
main 86323
main 87882
main 192421
main 86495
main 83514
main 85524
main 85731
main 85220
main 148235
main 85924
main 89213
main 85821
main 84499
main 85161
main 83984
main 86618
main 86809
main 93449
main 98980
main 89273
main 89479
main 84358
main 86823
main 87307
main 91801
main 85371
main 96963
main 113898
main 92075
main 291312
main 85377
main 85087
main 82930
main 88220
main 85055
main 84013
main 83729
main 85338
main 85858
main 156807
main 86123
main 86805
main 126731
main 85302
main 91003
main 85262
main 86238
main 89715
main 88185
main 106120
main 87087
main 89233
main 86530
main 87629
main 89714
main 152915
main 85656
main 86064
main 82801
main 86153
main 83884
main 87070
main 106440
main 87825
main 84316
main 85762
main 87754
main 86068
main 98561
main 99502
main 85162
main 85393
main 86041
main 108388
main 97153
main 86261
main 335055
main 82787
main 85428
main 86130
main 82745
main 86850
main 89122
main 83801
main 83966
main 86549
main 97674
main 96914
main 87694
main 85608
main 84544
main 131586
main 85105
main 85531
main 85078
main 88214
main 88369
main 85236
main 145976
main 84250
main 85152
main 83920
main 85126
main 87026
main 84912
main 84722
main 83409
main 87401
main 95102
main 100276
main 88281
main 85894
main 86174
main 86798
main 87606
main 86299
main 86828
main 87845
main 85401
main 86449
main 84205
main 99203
main 82821
main 91084
main 89411
main 83354
main 85049
main 82983
main 84220
main 86566
main 92456
main 104798
main 304587
main 84861
main 84660
main 89940
main 84279
main 87558
main 85251
main 85768
main 87346
main 85364
main 85522
main 85212
main 91381
main 84511
main 85787
main 86995
main 85356
main 84969
main 89610
main 84641
main 89028
main 84498
main 84885
main 86129
main 97055
main 83935
main 85331
main 84903
main 88659
main 105464
main 81792
main 89241
main 102128
main 83375
main 82719
main 82600
main 84034
main 85888
main 130410
main 84254
main 84023
main 80122
main 83491
main 83171
main 84707
main 81708
main 82697
main 108967
main 82624
main 85387
main 95214
main 83921
main 81953
main 86479
main 84530
main 83666
main 81430
main 82466
main 84357
main 85384
main 84590
main 86350
main 83112
main 83458
main 84570
main 80331
main 81548
main 82506
main 82309
main 79083
main 80171
main 81834
main 80608
main 81450
main 80023
main 94972
main 80279
main 79906
main 80429
main 79934
main 81882
main 81508
main 79332
main 80268
main 80150
main 80466
main 109115
main 89148
main 83621
main 80280
main 80479
main 81119
main 79641
main 80078
main 82608
main 81331
main 83302
main 81267
main 99315
main 80635
main 86948
main 85859
main 86965
main 88135
main 87208
main 84284
main 83957
main 86518
main 133864
main 138554
main 83743
main 84152
main 83549
main 87496
main 87690
main 87179
main 86856
main 86486
main 88154
main 88360
main 84855
main 85070
main 84922
main 85008
main 87618
main 89201
main 83985
main 86986
main 82701
main 85221
main 84493
main 85245
main 86004
main 86384
main 87864
main 85037
main 85593
main 79762
main 86675
main 79340
main 94979
main 83451
main 79545
main 82847
main 85497
main 174864
main 79937
main 80123
main 81966
main 80777
main 83335
main 79980
main 79942
main 81394
main 81923
main 79887
main 82919
main 83968
main 81120
main 166613
main 80397
main 79883
main 80570
main 78878
main 82421
main 80431
main 80345
main 80931
main 79998
main 81641
main 80657
main 82405
main 80877
main 83906
main 81570
main 79421
main 82412
main 80872
main 82089
main 81309
main 79856
main 84661
main 82618
main 80121
main 82808
main 79570
main 79938
main 80164
main 78977
main 78998
main 79777
main 80179
main 85058
main 80109
main 81993
main 80826
main 81071
main 81814
main 80393
main 118249
main 80093
main 80203
main 81372
main 80222
main 80674
main 80644
main 111729
main 79670
main 80231
main 79372
main 79585
main 82422
main 79790
main 83217
main 85557
main 79866
main 80312
main 81049
main 80986
main 80807
main 80487
main 80036
main 81115
main 80683
main 81943
main 81392
main 82112
main 80985
main 82096
main 81411
main 100760
main 81000
main 82459
main 82188
main 83801
main 80670
main 79208
main 80419
main 82306
main 81891
main 80108
main 81937
main 79534
main 93985
main 79352
main 87479
main 81287
main 80792
main 81810
main 81306
main 80368
main 83885
main 81490
main 82573
main 93502
main 82777
main 84652
main 82067
main 82534
main 81763
main 85060
main 81318
main 83743
main 81771
main 82079
main 87343
main 84206
main 80626
main 86093
main 87218
main 83659
main 86791
main 86100
main 82568
main 82284
main 83017
main 83197
main 81430
main 82501
main 82581
main 83567
main 82371
main 86927
main 89064
main 84801
main 90357
main 88310
main 88365
main 86699
main 147382
main 87405
main 85051
main 88346
main 83880
main 86556
main 85234
main 85339
main 84944
main 85273
main 82610
main 98104
main 84751
main 84223
main 86043
main 87422
main 88922
main 83930
main 86232
main 85677
main 85954
main 86961
main 139431
main 86057
main 144238
main 82110
main 80571
main 81688
main 82494
main 82190
main 81578
main 80914
main 80449
main 84145
main 94756
main 79984
main 79782
main 79430
main 79563
main 81997
main 81514
main 80202
main 79862
main 83021
main 79762
main 81310
main 79325
main 80710
main 81534
main 79452
main 91793
main 79835
main 80180
main 80565
main 81118
main 79840
main 81338
main 80058
main 79969
main 80316
main 87097
main 86638
main 92226
main 85191
main 83240
main 88639
main 89695
main 86689
main 85271
main 101838
main 88302
main 92469
main 84818
main 84370
main 107711
main 83824
main 84209
main 84259
main 90569
main 86937
main 84137
main 83804
main 93969
main 176434
main 85349
main 87391
main 86044
main 92523
main 126256
main 85152
main 87366
main 86650
main 89639
main 85494
main 85669
main 87651
main 84935
main 85062
main 86222
main 85332
main 101214
main 84696
main 89446
main 86116
main 85463
main 89322
main 91622
main 86411
main 84258
main 84103
main 85614
main 88408
main 87535
main 86196
main 87129
main 85580
main 87282
main 86471
main 86267
main 85775
main 87290
main 85804
main 84983
main 85242
main 86875
main 84300
main 86997
main 85233
main 84890
main 84927
main 85378
main 84084
main 85391
main 84859
main 84258
main 84733
main 87967
main 111321
main 87472
main 85808
main 86583
main 94634
main 86503
main 83326
main 84277
main 86079
main 88421
main 85992
main 84594
main 87338
main 86145
main 85314
main 96095
main 87474
main 84780
main 86789
main 84452
main 89964
main 88013
main 84705
main 83972
main 84995
main 84731
main 85156
main 84871
main 80724
main 85481
main 87013
main 84528
main 84859
main 82041
main 82593
main 82332
main 83674
main 83267
main 85280
main 79607
main 82786
main 85872
main 83383
main 81758
main 81712
main 87057
main 83548
main 82675
main 86426
main 84160
main 81506
main 80265
main 80271
main 88728
main 80294
main 79497
main 82421
main 83298
main 83178
main 84174
main 87760
main 85191
main 83989
main 82955
main 83831
main 86164
main 79708
main 79622
main 82262
main 79213
main 85788
main 85071
main 80149
main 81382
main 80241
main 95643
main 81146
main 81994
main 81892
main 81091
main 90358
main 86607
main 80246
main 83773
main 81459
main 79516
main 80356
main 80171
main 80146
main 82598
main 81649
main 80568
main 79973
main 80526
main 81421
main 80161
main 81354
main 103203
main 82900
main 80791
main 79878
main 82158
main 87666
main 84271
main 87800
main 143523
main 84408
main 85174
main 87271
main 85256
main 91064
main 84757
main 85297
main 147326
main 84975
main 93031
main 86859
main 87545
main 122383
main 87348
main 85048
main 86397
main 86182
main 85479
main 88017
main 103472
main 86043
main 85278
main 86176
main 86115
main 83421
main 84057
main 92130
main 87909
main 85220
main 85171
main 87315
main 91449
main 85473
main 85621
main 82461
main 84956
main 124735
main 80330
main 80167
main 80675
main 79292
main 81567
main 80331
main 81675
main 83002
main 141378
main 83523
main 81320
main 82562
main 81819
main 81225
main 84642
main 79802
main 82244
main 128314
main 81014
main 79780
main 81097
main 80876
main 80301
main 81781
main 81263
main 79799
main 80785
main 80165
main 79022
main 88635
main 87203
main 86721
main 90026
main 86175
main 84581
main 85647
main 90373
main 94872
main 128860
main 105542
main 88135
main 84959
main 87677
main 88438
main 85107
main 84735
main 84083
main 86640
main 86940
main 93799
main 89662
main 86973
main 85223
main 85340
main 85373
main 87774
main 85377
main 89205
main 84204
main 86612
main 85541
main 84898
main 83160
main 85172
main 85862
main 81663
main 81978
main 82186
main 80831
main 80419
main 80724
main 79701
main 83968
main 101924
main 82284
main 81496
main 80310
main 83632
main 79710
main 82628
main 81085
main 84333
main 84424
main 81676
main 80297
main 82363
main 80480
main 79691
main 82167
main 79945
main 80057
main 79773
main 82484
main 81966
main 80027
main 82773
main 80089
main 80363
main 83866
main 81866
main 82529
main 81350
main 84483
main 83217
main 155127
main 83009
main 87947
main 82582
main 83492
main 81944
main 95997
main 82711
main 80761
main 83685
main 81243
main 90906
main 85166
main 80559
main 90429
main 87624
main 82509
main 113572
main 83444
main 82204
main 84320
main 80545
main 81448
main 83214
main 85318
main 85640
main 82027
main 83280
main 82422
main 84180
main 85707
main 86976
main 86534
main 89092
main 78950
main 94476
main 87722
main 100127
main 165661
main 86794
main 85060
main 95192
main 85696
main 89666
main 86083
main 88093
main 83202
main 83546
main 90900
main 86985
main 83756
main 86088
main 86944
main 87727
main 86663
main 87920
main 87143
main 90182
main 85355
main 89432
main 85752
main 87111
main 84892
main 94518
main 86129
main 81040
main 99173
main 80685
main 80237
main 79754
main 80425
main 83617
main 80595
main 87539
main 80297
main 81820
main 81167
main 80135
main 80433
main 78562
main 81835
main 84708
main 80547
main 80586
main 82136
main 81734
main 80723
main 80943
main 82969
main 80218
main 79591
main 83701
main 80362
main 78821
main 81362
main 83755
main 80279
main 80054
main 79999
main 81377
main 82077
main 80624
main 79970
main 88384
main 79020
main 82860
main 84904
main 144761
main 84892
main 89091
main 86212
main 90012
main 86812
main 85394
main 86379
main 84489
main 84936
main 95829
main 84767
main 84801
main 84686
main 125899
main 84835
main 85902
main 85698
main 83297
main 95236
main 92640
main 87891
main 90076
main 85120
main 83800
main 84502
main 85548
main 84193
main 111424
main 85520
main 96760
main 98987
main 80907
main 80095
main 79635
main 80365
main 79779
main 81882
main 79894
