main 1241140
main 1324401
main 1443273
main 1440399
main 1337090
main 1407474
main 1355597
main 1291398
main 1229945
main 1284281
main 1432398
main 1305265
main 1335121
main 1317020
main 1420622
main 1212194
main 1299180
main 1355184
main 1286088
main 1287806
main 1338430
main 1388733
main 1220864
main 1327195
main 1556296
main 1353192
main 1331800
main 1398574
main 1213840
main 1605529
main 1295360
main 1285710
main 1411827
main 1297232
main 1405296
main 1420316
main 1313154
main 1305816
main 1358218
main 1405473
main 1300677
main 1326340
main 1325630
main 1380800
main 1312428
main 1329529
main 1349478
main 1296485
main 1464354
main 1360426
main 1293520
main 1196627
main 1229564
main 1289877
main 1317237
main 1417128
main 1399384
main 1291420
main 1254514
main 1518264
main 1312245
main 1309895
main 1218685
main 1295038
main 1468119
main 1325493
main 1298261
main 1334783
main 1339483
main 1299867
main 1280512
main 1357830
main 1324995
main 1792571
main 1286727
main 1513455
main 1341224
main 1300393
main 1322743
main 1296113
main 1306703
main 1421166
main 1305943
main 1330246
main 1337899
main 1181629
main 1351597
main 1292854
main 1299657
main 1381035
main 1623980
main 1415049
main 1419288
main 1332871
main 1314053
main 1314965
main 1294752
main 1318375
main 1588298
main 1424988
main 1406007
main 1398177
main 2067594
main 1316897
main 1475944
main 1328609
main 1287241
main 1289689
main 1284789
main 1288884
main 1324590
main 1317434
main 1290532
main 1319312
main 1317359
main 1440729
main 1381116
main 1300823
main 1342049
main 1274335
main 1280869
main 1301061
main 1425119
main 1636651
main 1277798
main 1186345
main 1307816
main 1349832
main 1280567
main 1339712
main 1288480
main 1357909
main 1310468
main 1390830
main 1389024
main 1233246
main 1218806
main 1212119
main 1317787
main 1780066
main 1552296
main 1297248
main 1321254
main 1337568
main 1310791
main 1341909
main 1462374
main 1344201
main 1440144
main 1290417
main 1383857
main 1323650
main 1293949
main 1309543
main 1293954
main 1296530
main 1267010
main 1397777
main 1331508
main 1289754
main 1288521
main 1325058
main 1487773
main 1464755
main 1431832
main 1502105
main 1512853
main 1494359
main 1542065
main 1410094
main 1541468
main 1412637
main 1544390
main 1475860
main 1543459
main 1547925
main 1366909
main 1417546
main 1408313
main 1567290
main 1436679
main 1368675
main 1698015
main 1489532
main 1320137
main 1516088
main 1576515
main 1530572
main 1447017
main 1362615
main 1273370
main 1303402
main 1315463
main 1317094
main 1311047
main 1205468
main 1363302
main 1395735
main 1310314
main 1424720
main 1285648
main 1317911
main 1298809
main 1280505
main 1298599
main 1286505
main 1270447
main 1314935
main 1290667
main 1236297
main 1400053
main 1401034
main 1351899
main 1303996
main 1403337
main 1301748
main 1491928
main 1287206
main 1196007
main 1294701
main 1331749
main 1290785
main 1207089
main 1291499
main 1326540
main 1284726
main 1329544
main 1193565
main 1206203
main 1291567
main 1289591
main 1325976
main 1393495
main 1311516
main 1336118
main 1377713
main 1316206
main 1395350
main 1293766
main 1290346
main 1528590
main 1202661
main 1517121
main 1364825
main 1218811
main 1266114
main 1313050
main 1322893
main 1336423
main 1283248
main 1278389
main 1334790
main 1305924
main 1357300
main 1301867
main 1285808
main 1313998
main 1307270
main 1282375
main 1313230
main 1323616
main 1280811
main 1343558
main 1402496
main 1412011
main 1315711
main 1185483
main 1314773
main 1389767
main 1337518
main 1339790
main 1301047
main 1303876
main 1320975
main 1335881
main 1318145
main 1248499
main 1280048
main 1343041
main 1328987
main 1298901
main 1298404
main 1292945
main 1321803
main 1282502
main 1310991
main 1302268
main 1284755
main 1291903
main 1268537
main 1286013
main 1181597
main 1285877
main 1438566
main 1192699
main 1460671
main 1707398
main 1283401
main 1310328
main 1320637
main 1389119
main 1289354
main 1302421
main 1284333
main 1386503
main 1287050
main 1285336
main 1404859
main 1338607
main 1328186
main 1275989
main 1318465
main 1210725
main 1321561
main 1584383
main 1309934
main 1378265
main 1295075
main 1214442
main 1291484
main 1384669
main 1187656
main 1323677
main 1484783
main 1299743
main 1318292
main 1226979
main 1337029
main 1344812
main 1296180
main 1299239
main 1355371
main 1540077
main 1430885
main 1671289
main 1448217
main 1354119
main 1358404
main 1364231
main 1320721
main 1344915
main 1331129
main 1311307
main 1484515
main 1335369
main 1393547
main 1336893
main 1334991
main 1176997
main 1257142
main 1473412
main 1477915
main 1321792
main 1401818
main 1329743
main 1288754
main 1290304
main 1377500
main 1180988
main 1320123
main 1198112
main 1389926
main 1214037
main 1533328
main 1218313
main 1427876
main 1303362
main 1315988
main 1588876
main 1300453
main 1291644
main 1362874
main 1328223
main 1316944
main 1430887
main 1381029
main 1301483
main 1328126
main 1326790
main 1317200
main 1290341
main 1392754
main 1567703
main 1318288
main 1344332
main 1204354
main 1371721
main 1613684
main 1486380
main 1623618
main 1517732
main 1297058
main 1339849
main 1315439
main 1300223
main 1306771
main 1305662
main 1313600
main 1410510
main 1621413
main 1303121
main 1321967
main 1410368
main 1307608
main 1389851
main 1335807
main 1301273
main 1315886
main 1307864
main 1345887
main 1192770
main 1308464
main 1301963
main 1303779
main 1217167
main 1297524
main 1218456
main 1306330
main 1287295
main 1290544
main 1342121
main 1306113
main 1311612
main 1170975
main 1296105
main 1305791
main 1351705
main 1327646
main 1319914
main 1291370
main 1292764
main 1197205
main 1241917
main 1290870
main 1239039
main 1397234
main 1321465
main 1360541
main 1201354
main 1285640
main 1303010
main 1372896
main 1326712
main 1291871
main 1294033
main 1378081
main 1326336
main 1300709
main 1298877
main 1370999
main 1445183
main 1332490
main 1341088
main 1293257
main 1200719
main 1308279
main 1331400
main 1196592
main 1293104
main 1353103
main 1304982
main 1296427
main 1212390
main 1337912
main 1301999
main 1502822
main 1294925
main 1366966
main 1296316
main 1308985
main 1394143
main 1406169
main 1284258
main 1310412
main 1307069
main 1305260
main 1282960
main 1351217
main 1374819
main 1314273
main 1421584
main 1334470
main 1295446
main 1281223
main 1248125
main 1316429
main 1309966
main 1501340
main 1286361
main 1280440
main 1409884
main 1286134
main 1296923
main 1317158
main 1286651
main 1282333
main 1348990
main 1324826
main 1277249
main 1339361
main 1460986
main 1297835
main 1246077
main 1241909
main 1289801
main 1335695
main 1284434
main 1296993
main 1197161
main 1308344
main 1198494
main 1287538
main 1313678
main 1303395
main 1315080
main 1320248
main 1314588
main 1260299
main 1543161
main 1278327
main 1425729
main 1303378
main 1282354
main 1316803
main 1299368
main 1304200
main 1231517
main 1290476
main 1316946
main 1301056
main 1208391
main 1339643
main 1183946
main 1452257
main 1304252
main 1424348
main 1384515
main 1302188
main 1336740
main 1333952
main 1339054
main 1211558
main 1219097
main 1402812
main 1324745
main 1314559
main 1290226
main 1379611
main 1245855
main 1403800
main 1316817
main 1301223
main 1298914
main 1344311
main 1313552
main 1342451
main 1299330
main 1332460
main 1202509
main 1298004
main 1302170
main 1289183
main 1224842
main 1313597
main 1198327
main 1204546
main 1376207
main 1326741
main 1196716
main 1585426
main 1301266
main 1187581
main 1205768
main 1298212
main 1180584
main 1385998
main 1291073
main 1216383
main 1281557
main 1177067
main 1415016
main 1316246
main 1294984
main 1189142
main 1224355
main 1396943
main 1306341
main 1308771
main 1269729
main 1286555
main 1518233
main 1421535
main 1308616
main 1438254
main 1364825
main 1288952
main 1189821
main 1296903
main 1277116
main 1415926
main 1298620
main 1224028
main 1283703
main 1286831
main 1644804
main 1275462
main 1264699
main 1293218
main 1323873
main 1177055
main 1338453
main 1311158
main 1363006
main 1291017
main 1309948
main 1297957
main 1237080
main 1327600
main 1300173
main 1363953
main 1280528
main 1401140
main 1464952
main 1299121
main 1327366
main 1332462
main 1408737
main 1470885
main 1248235
main 1293241
main 1373666
main 1331795
main 1224527
main 1297194
main 1216026
main 1283628
main 1298459
main 1229027
main 1303413
main 1367114
main 1321955
main 1309803
main 1334517
main 1216255
main 1291072
main 1296009
main 1291761
main 1225815
main 1280491
main 1299676
main 1863044
main 1372942
main 1333963
main 1522485
main 1536404
main 1636702
main 1342806
main 1451638
main 1307519
main 1311027
main 1306548
main 1479763
main 1321415
main 1315627
main 1398940
main 1326665
main 1326316
main 1287720
main 1319178
main 1280668
main 1217632
main 1223944
main 1350697
main 1332427
main 1284870
main 1336435
main 1202561
main 1379268
main 1284441
main 1282656
main 1179356
main 1281529
main 1212209
main 1319355
main 1319187
main 1224719
main 1280701
main 1214541
main 1385596
main 1316934
main 1433450
main 1290320
main 1416875
main 1373427
main 1282432
main 1568973
main 1735216
main 1306899
main 1632882
main 1325514
main 1238867
main 1204983
main 1367640
main 1329999
main 1229742
main 1374504
main 1277472
main 1220094
main 1321000
main 1513408
main 1286709
main 1499874
main 1342172
main 1307316
main 1332165
main 1293107
main 1275804
main 1334123
main 1296066
main 1212406
main 1293940
main 1182939
main 1179091
main 1279542
main 1273646
main 1277122
main 1215975
main 1283121
main 1380224
main 1219277
main 1284358
main 1282786
main 1453620
main 1298000
main 1296553
main 1306392
main 1319992
main 1284077
main 1314528
main 1284933
main 1277798
main 1280499
main 1285447
main 1317624
main 1505700
main 1209635
main 1457353
main 1289873
main 1296684
main 1401766
main 1387702
main 1324257
main 1319062
main 1367655
main 1294974
main 1295279
main 1294898
main 1376744
main 1304326
main 1286670
main 1453850
main 1336764
main 1287937
main 1218608
main 1296733
main 1174424
main 1286561
main 1264630
main 1341962
main 1299320
main 1352597
main 1223063
main 1532383
main 1329760
main 1355409
main 1459385
main 1475338
main 1205752
main 1350744
main 1298735
main 1423238
main 1288074
main 1329574
main 1323680
main 1381099
main 1337582
main 1294722
main 1287599
main 1273263
main 1294716
main 1291865
main 1195984
main 1262963
main 1491505
main 1352393
main 1463853
main 1302358
main 1289764
main 1394757
main 1301236
main 1325573
main 1318227
main 1304805
main 1393850
main 1308677
main 1330051
main 1252971
main 1303359
main 1293172
main 1287363
main 1284910
main 1146557
main 1353732
main 1451987
main 1337288
main 1284415
main 1308834
main 1300745
main 1366015
main 1193716
main 1334842
main 1362533
main 1305745
main 1283755
main 1324861
main 1320561
main 1325540
main 1293383
main 1288839
main 1278120
main 1304162
main 1287117
main 1325379
main 1291180
main 1309207
main 1294130
main 1296143
main 1400153
main 1301917
main 1292079
main 1284553
main 1211515
main 1304859
main 1364912
main 1306881
main 1284603
main 1288480
main 1297828
main 1291001
main 1302604
main 1286417
main 1443592
main 1340191
main 1444740
main 1326489
main 1325994
main 1549672
main 1316082
main 1286665
main 1301937
main 1309705
main 1310441
main 1417390
main 1295224
main 1191224
main 1306221
main 1388103
main 1259813
main 1340771
main 1326084
main 1311376
main 1691711
main 1308009
main 1313882
main 1230682
main 1337192
main 1321820
main 1314132
main 1261091
main 1279199
main 1293045
main 1297064
main 1210165
main 1332236
main 1287773
main 1589240
main 1217242
main 1324350
main 1293991
main 1314717
main 1303239
main 1320141
main 1394203
main 1443925
main 1284583
main 1289320
main 1304315
main 1287443
main 1280620
main 1300114
main 1197364
main 1442610
main 1304096
main 1495621
main 1596686
main 1388485
main 1405812
main 1440222
main 1321895
main 1331273
main 1308033
main 1306734
main 1413152
main 1422862
main 1287370
main 1196083
main 1402949
main 1506787
main 1311830
main 1302628
main 1313092
main 1297778
main 1289741
main 1314838
main 1320073
main 1313466
main 1320962
main 1299999
main 1337968
main 1448115
main 1328716
main 1232267
main 1490612
main 1383280
main 1320355
main 1385465
main 1299849
main 1205179
main 1274965
main 1323336
main 1206619
main 1183355
main 1310410
main 1303025
main 1296039
main 1290337
main 1287652
main 1361405
main 1291250
main 1195439
main 1484563
main 1286635
main 1192931
main 1253376
main 1289743
main 1570762
main 1307996
main 1312677
main 1303153
main 1312830
main 1301825
main 1299482
main 1315602
main 1309882
main 1314913
main 1357726
main 1322872
main 1433195
main 1313317
main 1284117
main 1344287
main 1238217
main 1334571
main 1194958
main 1342895
main 1287317
main 1304287
main 1331635
main 1212028
main 1326636
main 1295960
main 1295329
main 1393370
main 1332715
main 1373826
main 1282356
main 1339729
main 1397378
main 1308231
main 1561188
main 1321831
main 1347776
main 1385038
main 1302323
main 1301933
main 1415143
main 1506175
main 1307446
main 1312113
main 1298327
