main 1170313
main 1117072
main 1248762
main 1173470
main 1240519
main 1311603
main 1140186
main 1198073
main 1148463
main 1137285
main 1113004
main 1127800
main 1217885
main 1154999
main 1217667
main 1119918
main 1118192
main 1132066
main 1121435
main 1225489
main 1113552
main 1126009
main 1135411
main 1130861
main 1233802
main 1109313
main 1124618
main 1187648
main 1139719
main 1131923
main 1113378
main 1121693
main 1134209
main 1118863
main 1129080
main 1115871
main 1223470
main 1240848
main 1124962
main 1223397
main 1206238
main 1169187
main 1125378
main 1167786
main 1128153
main 1132047
main 1144728
main 1239234
main 1066111
main 1143865
main 1227821
main 1136194
main 1286803
main 1142279
main 1132439
main 1120011
main 1124535
main 1132364
main 1115682
main 1110515
main 1120296
main 1125614
main 1133457
main 1228762
main 1125157
main 1129320
main 1081044
main 1133465
main 1223439
main 1124614
main 1141393
main 1123619
main 1127555
main 1225559
main 1119037
main 1245285
main 1118379
main 1124752
main 1113501
main 1112240
main 1236064
main 1176836
main 1144704
main 1124897
main 1019175
main 1119997
main 1119469
main 1213345
main 1119489
main 1130991
main 1121894
main 1125028
main 1123878
main 1116262
main 1127099
main 1108202
main 1136471
main 1110448
main 1112142
main 1222277
main 1124128
main 1129269
main 1117899
main 1120249
main 1223776
main 1150186
main 1119858
main 1124430
main 1121628
main 1138623
main 1173622
main 1129194
main 1148996
main 1119716
main 1235819
main 1129854
main 1132954
main 1230071
main 1228740
main 1127714
main 1110725
main 1267418
main 1126530
main 1217814
main 1121020
main 1104597
main 1133048
main 1145077
main 1235231
main 1118296
main 1113091
main 1125190
main 1121588
main 1127787
main 1121988
main 1190359
main 1220338
main 1112943
main 1114732
main 1239989
main 1114343
main 1222708
main 1138133
main 1219588
main 1110913
main 1118425
main 1235303
main 1139313
main 1139320
main 1123577
main 1232300
main 1132164
main 1113196
main 1230946
main 1164138
main 1116983
main 1240463
main 1179716
main 1126283
main 1151332
main 1173684
main 1148990
main 1166291
main 1125194
main 1132186
main 1124954
main 1148188
main 1133585
main 1132068
main 1213900
main 1120752
main 1228499
main 1142330
main 1188393
main 1137395
main 1124613
main 1134014
main 1109916
main 1215352
main 1129601
main 1160336
main 1220228
main 1139570
main 1113001
main 1115193
main 1031926
main 1123015
main 1147201
main 1216438
main 1135043
main 1118381
main 1118143
main 1115956
main 1028696
main 1114753
main 1132652
main 1223101
main 1120648
main 1125909
main 1219339
main 1157074
main 1127442
main 1127127
main 1126507
main 1224839
main 1230474
main 1138513
main 1129711
main 1059826
main 1225110
main 1156888
main 1238555
main 1109161
main 1124451
main 1139054
main 1117293
main 1163995
main 1128314
main 1130327
main 1232714
main 1227139
main 1153492
main 1119205
main 1232646
main 1215339
main 1131902
main 1115662
main 1125695
main 1146597
main 1118167
main 1135416
main 1127126
main 1135243
main 1115678
main 1126736
main 1119389
main 1152434
main 1217610
main 1155002
main 1131174
main 1139241
main 1125725
main 1129578
main 1123534
main 1125070
main 1239563
main 1226697
main 1118164
main 1129549
main 1126102
main 1233746
main 1120846
main 1124213
main 1225402
main 1136876
main 1225453
main 1133338
main 1260021
main 1128353
main 1232622
main 1126383
main 1136765
main 1162175
main 1140142
main 1242122
main 1131601
main 1127656
main 1127323
main 1128366
main 1135101
main 1157590
main 1129523
main 1236241
main 1228549
main 1124588
main 1132097
main 1125665
main 1118691
main 1127034
main 1134824
main 1227414
main 1147003
main 1225571
main 1266703
main 1172478
main 1127177
main 1141527
main 1119929
main 1133560
main 1241761
main 1148512
main 1158875
main 1120521
main 1232714
main 1125682
main 1123875
main 1135160
main 1130400
main 1132626
main 1133892
main 1237667
main 1148231
main 1232109
main 1142107
main 1222103
main 1119414
main 1126193
main 1153810
main 1230001
main 1240652
main 1243048
main 1043136
main 1140084
main 1157989
main 1156517
main 1151689
main 1148152
main 1121936
main 1161628
main 1142727
main 1139225
main 1221714
main 1136838
main 1149113
main 1233418
main 1237180
main 1121206
main 1122682
main 1130907
main 1148975
main 1133868
main 1132089
main 1119272
main 1242014
main 1131710
main 1212324
main 1114095
main 1232032
main 1134681
main 1221023
main 1121894
main 1221835
main 1121732
main 1125197
main 1124596
main 1222748
main 1146737
main 1125332
main 1128113
main 1120753
main 1125265
main 1225127
main 1216362
main 1131209
main 1122758
main 1240399
main 1126738
main 1236817
main 1122582
main 1144854
main 1229048
main 1131401
main 1244052
main 1221802
main 1130820
main 1123221
main 1261777
main 1120695
main 1267618
main 1117982
main 1125311
main 1264175
main 1132341
main 1126034
main 1042382
main 1122092
main 1147140
main 1124022
main 1220200
main 1122513
main 1118444
main 1116329
main 1122664
main 1140144
main 1130268
main 1124498
main 1123926
main 1242293
main 1118059
main 1128906
main 1236257
main 1134719
main 1226638
main 1220154
main 1129537
main 1114820
main 1229528
main 1116685
main 1227556
main 1254036
main 1234804
main 6889941
main 3398707
main 2454289
main 2238724
main 2144435
main 2158467
main 2067896
main 2034256
main 2039689
main 2043688
main 2053018
main 2047261
main 2042054
main 2039625
main 2048011
main 2043101
main 2045100
main 2086190
main 2050741
main 2040006
main 2041849
main 2036463
main 2059647
main 2065285
main 2050295
main 2046869
main 2048537
main 2033988
main 2054871
main 2042174
main 2040985
main 2051820
main 2052760
main 2037136
main 2167747
main 2028809
main 2093188
main 2033864
main 2035347
main 2038776
main 2034283
main 2028208
main 2035408
main 2101801
main 2044077
main 2032140
main 2035362
main 2041200
main 2034060
main 2034571
main 2035343
main 2045043
main 2055699
main 2054500
main 2052302
main 2049832
main 2029701
main 2037772
main 2035181
main 2042105
main 2042911
main 2040176
main 2034354
main 2049310
main 2038065
main 2146465
main 2175676
main 2056528
main 2061898
main 2053829
main 2184948
main 2037525
main 2035731
main 2077393
main 2039930
main 2042215
main 2168233
main 2034921
main 2034566
main 2034887
main 2032464
main 2040662
main 2044538
main 2061051
main 2058092
main 2051378
main 2051603
main 2041736
main 2046425
main 2042932
main 2056836
main 2073768
main 2055052
main 2142615
main 2054212
main 2041095
main 2175033
main 2040890
main 2045751
main 2090173
main 2062023
main 2043223
main 2044307
main 2049133
main 2038952
main 2121284
main 2038981
main 2034003
main 2045502
main 2031378
main 2027269
main 2036120
main 2032386
main 2052254
main 2040451
main 2031200
main 2039022
main 2044873
main 2037641
main 2051462
main 2053585
main 2038011
main 2043046
main 2031011
main 2027392
main 2044766
main 2082248
main 2042813
main 2042038
main 2043257
main 2040459
main 2040264
main 2047217
main 2054437
main 2051169
main 2050824
main 2061710
main 2040485
main 2042984
main 2034832
main 2037094
main 2047486
main 2056769
main 2044682
main 2035895
main 2036587
main 2037458
main 2039228
main 2036672
main 2049796
main 2036379
main 2054299
main 2035726
main 2042268
main 2043123
main 2042850
main 2088657
main 2048511
main 2030934
main 2036586
main 2084314
main 2044764
main 2027901
main 2064120
main 2035563
main 2030882
main 2031936
main 2074818
main 2062461
main 2050352
main 2046605
main 2051542
main 2046765
main 2048339
main 2053944
main 2035631
main 2046442
main 2027989
main 2060885
main 2046102
main 2140525
main 2049328
main 2038080
main 2078407
main 2044481
main 2047668
main 2068514
main 2039655
main 2036333
main 2030932
main 2043200
main 2038439
main 2032715
main 2099991
main 2031395
main 2040792
main 2051116
main 2045957
main 2034664
main 2034957
main 2040844
main 2049991
main 2032442
main 2048234
main 2032429
main 2043049
main 2042772
main 2042413
main 2053760
main 2042198
main 2039048
main 2033639
main 2041067
main 2040897
main 2039438
main 2047751
main 2097805
main 2042926
main 2038817
main 2040186
main 2039619
main 2039289
main 2085019
main 2073255
main 2049249
main 2043077
main 2065000
main 1832692
main 1833276
main 1836107
main 1831913
main 1836704
main 1841456
main 1861865
main 1829630
main 1836007
main 1843989
main 1824386
main 1840285
main 1840729
main 1855190
main 1860389
main 1851538
main 1841682
main 1857958
main 1838615
main 1839596
main 1836218
main 1856975
main 1853472
main 1840111
main 1831431
main 1846751
main 1853973
main 1833532
main 1833407
main 1833442
main 1833184
main 1837105
main 1832277
main 1822634
main 1844138
main 1844427
main 1848756
main 1847134
main 1841446
main 1835065
main 1839508
main 1838434
main 1843312
main 1823745
main 1837236
main 1847882
main 1833734
main 1822237
main 1844017
main 1903016
main 1867232
main 1840103
main 1847362
main 1850281
main 1875952
main 1827939
main 1832890
main 1838110
main 1823129
main 1829503
main 1855041
main 1832768
main 1828799
main 1846630
main 1829015
main 1847585
main 1828474
main 1837125
main 1825091
main 1832293
main 1837993
main 1845141
main 1836545
main 1832391
main 1830991
main 1836122
main 1830346
main 1836543
main 1832101
main 1834068
main 1832191
main 1837686
main 1847178
main 1833585
main 1830208
main 1826539
main 1900452
main 1853810
main 1825858
main 1839510
main 1839499
main 1832566
main 1888839
main 1861195
main 1828834
main 1835393
main 1834482
main 1838499
main 1836222
main 1833360
main 1843988
main 1846693
main 1838676
main 1865264
main 1835799
main 1849028
main 1871693
main 1837151
main 1828055
main 1844042
main 1833878
main 1929571
main 1837041
main 1831197
main 1899419
main 1908280
main 1837432
main 1833176
main 1838900
main 1902224
main 1874485
main 1825015
main 1837435
main 1836492
main 1835151
main 1884462
main 1839720
main 1833820
main 1848956
main 1840906
main 1829760
main 1835389
main 1833238
main 1835904
main 1831198
main 1845972
main 1836863
main 1830363
main 1826936
main 1823128
main 1822003
main 1831038
main 1832639
main 1830718
main 1836288
main 1833859
main 1827165
main 1829096
main 1836474
main 1851679
main 1852676
main 1898285
main 1812379
main 1872790
main 1835113
main 1835522
main 1864699
main 1852449
main 1835855
main 1848938
main 1847902
main 1837557
main 1829026
main 1832705
main 1826687
main 1838261
main 1823212
main 1836067
main 1872204
main 1832356
main 1841026
main 1869638
main 1843210
main 1868825
main 1841696
main 1846208
main 1842086
main 1827550
main 1838898
main 1834295
main 1829119
main 1833202
main 1839832
main 1849340
main 1838075
main 1828922
main 1957649
main 1832845
main 1847128
main 1825860
main 1831552
main 1818383
main 1833472
main 1831759
main 1838666
main 1858363
main 1830607
main 1826690
main 1822188
main 1830970
main 1832518
main 1841336
main 1834740
main 1851787
main 1883771
main 1827975
main 1829772
main 1841377
main 1830766
main 1840083
main 1826516
main 1843214
main 1851586
main 1832977
main 1840699
main 1840683
main 1851538
main 1826085
main 1823683
main 1883944
main 1818085
main 1831818
main 1840331
main 1861232
main 1826723
main 1823754
main 1840166
main 1911587
main 1823321
main 1832091
main 1825322
main 1846042
main 1841739
main 1837945
main 1837001
main 1834987
main 1850282
main 1837816
main 1826027
main 1844112
main 1833600
main 1840580
main 1831998
main 1836834
main 1859552
main 1831534
main 1843088
main 1837166
main 1845849
main 1838696
main 1830977
main 1830529
main 1897956
main 1823460
main 1847004
main 1835956
main 1829654
main 1838627
main 1846723
main 1843333
main 1838928
main 1836238
main 1821320
main 1825327
main 1839172
main 1835447
main 1836094
main 1879663
main 1826287
main 1830255
main 1830625
main 1829948
main 1856149
main 1838010
main 1845992
main 1954292
main 1823453
main 1831769
main 1834040
main 1827353
main 1873692
main 1854269
main 1833417
main 1832415
main 1841951
main 1879007
main 1820956
main 1832335
main 1872525
main 1843269
main 1843707
main 1877376
main 1835228
main 1846299
main 1834149
main 1831393
main 1826920
main 1833646
main 1829596
main 1827193
main 1823470
main 1841395
main 1833784
main 1824864
main 1836162
main 1843193
main 1825420
main 1831994
main 1830799
main 1824430
main 1824418
main 1839630
main 1837567
main 1824873
main 1911419
main 1833401
main 1828968
main 1841793
main 1843651
main 1856165
main 1880679
main 1832545
main 1831909
main 1840677
main 1875017
main 1841701
main 1847270
main 1843437
main 1834948
main 1841113
main 1833870
main 1833358
main 1847813
main 1836079
main 1832948
main 1832915
main 1835246
main 1844605
main 1848069
main 1937935
main 1833973
main 1849721
main 1909907
main 1845511
main 1847343
main 1851733
main 1838081
main 1832969
main 1840237
main 1844325
main 1830549
main 1848490
main 1835828
main 1844764
main 1828948
main 2451989
main 2154630
main 2037982
main 2040808
main 2032905
main 2036050
main 2033982
main 2035456
main 2071051
main 2061459
main 2023423
main 2038442
main 2033619
main 2035546
main 2028483
main 2033199
main 2025051
