main 348984
main 134247
main 118952
main 134905
main 121752
main 134352
main 133142
main 118473
main 133120
main 133172
main 134560
main 132959
main 133162
main 133456
main 117858
main 118570
main 118892
main 117931
main 132986
main 118930
main 132669
main 118118
main 133816
main 133621
main 119377
main 132433
main 133109
main 133505
main 117550
main 133063
main 159401
main 118442
main 119853
main 118779
main 407506
main 171212
main 133854
main 134511
main 118023
main 131425
main 118723
main 117453
main 132025
main 132245
main 131953
main 119453
main 131971
main 117246
main 407301
main 131811
main 134099
main 132054
main 131332
main 132402
main 131725
main 133183
main 229189
main 116879
main 131505
main 117301
main 134554
main 131489
main 132171
main 132506
main 116457
main 133277
main 131960
main 116471
main 131857
main 131677
main 117812
main 131740
main 133174
main 131569
main 116048
main 119274
main 115855
main 131099
main 131342
main 117297
main 133172
main 116554
main 117207
main 461393
main 116312
main 133125
main 116212
main 406361
main 130827
main 116213
main 132883
main 131075
main 130585
main 117368
main 131230
main 133374
main 116186
main 116217
main 116144
main 131283
main 118061
main 131155
main 130857
main 131916
main 130756
main 118428
main 116378
main 116999
main 131922
main 133187
main 130882
main 116314
main 131515
main 131208
main 132570
main 130975
main 115793
main 130516
main 115853
main 462730
main 130628
main 131531
main 116118
main 115797
main 133984
main 116602
main 131813
main 131234
main 130677
main 133847
main 405959
main 130994
main 131420
main 131484
main 119653
main 117025
main 116727
main 117757
main 116915
main 133347
main 131196
main 116020
main 131998
main 116405
main 118413
main 116679
main 117681
main 131835
main 132382
main 133550
main 117640
main 132623
main 131327
main 131771
main 133685
main 131757
main 116976
main 116292
main 117753
main 133788
main 131787
main 131695
main 131461
main 132108
main 119473
main 116981
main 132646
main 132113
main 131397
main 133693
main 116075
main 131141
main 131282
main 130942
main 118793
main 117179
main 116862
main 117159
main 116664
main 119187
main 130411
main 116717
main 365165
main 405590
main 119625
main 130723
main 118317
main 117829
main 130885
main 119316
main 130645
main 116525
main 117932
main 131286
main 120381
main 133526
main 131977
main 131749
main 117595
main 155719
main 132102
main 118778
main 117166
main 132357
main 120162
main 132088
main 131411
main 132862
main 131829
main 133257
main 118727
main 131421
main 132559
main 131386
main 133874
main 131903
main 131897
main 131975
main 133457
main 117431
main 119165
main 131777
main 131774
main 133357
main 408419
main 130540
main 116599
main 407170
main 119610
main 116912
main 118308
main 130776
main 131181
main 121944
main 130477
main 130861
main 119040
main 407587
main 133089
main 130973
main 412033
main 407396
main 132278
main 121253
main 117630
main 134303
main 131926
main 117853
main 119531
main 131743
main 117995
main 131866
main 118840
main 134736
main 132187
main 118348
main 132061
main 119272
main 134309
main 131428
main 131935
main 131590
main 118898
main 409629
main 132480
main 131833
main 131847
main 117582
main 133395
main 131975
main 407096
main 132011
main 131064
main 133939
main 119162
main 117618
main 131437
main 117241
main 118769
main 134769
main 130912
main 117356
main 131025
main 119635
main 130843
main 130680
main 130678
main 117904
main 409155
main 130695
main 117280
main 406134
main 130401
main 119427
main 132267
main 132279
main 131770
main 117638
main 133434
main 130584
main 131224
main 117889
main 117613
main 133447
main 131779
main 407731
main 131204
main 131486
main 134132
main 131644
main 117199
main 132643
main 135896
main 131746
main 118154
main 132583
main 118673
main 121087
main 119065
main 118440
main 117186
main 130459
main 118406
main 130160
main 131972
main 116263
main 131548
main 133523
main 132882
main 131291
main 116963
main 131050
main 133074
main 130361
main 130412
main 130702
main 117006
main 133145
main 117737
main 116822
main 117000
main 131610
main 118279
main 130208
main 130787
main 116723
main 130928
main 133200
main 130648
main 131009
main 117606
main 131562
main 132557
main 130631
main 116813
main 130352
main 131536
main 132620
main 130600
main 131128
main 130716
main 132109
main 133759
main 117958
main 115659
main 115464
main 116734
main 132599
main 117038
main 116746
main 117363
main 115764
main 133327
main 116529
main 131568
main 131332
main 116982
main 118963
main 130963
main 131426
main 131575
main 116965
main 132507
main 118161
main 406925
main 130932
main 116362
main 132368
main 130633
main 408009
main 406727
main 131414
main 133305
main 406246
main 131261
main 131847
main 131609
main 133202
main 130702
main 131147
main 130549
main 117428
main 132917
main 145313
main 131010
main 130638
main 130675
main 133634
main 116961
main 119449
main 131084
main 116951
main 408615
main 132362
main 117924
main 131967
main 132589
main 173480
main 131888
main 132454
main 119177
main 134156
main 132531
main 118314
main 131801
main 131863
main 119836
main 131368
main 130775
main 116891
main 119832
main 133432
main 407084
main 116807
main 130458
main 131098
main 132716
main 130758
main 131708
main 130594
main 117149
main 134196
main 130926
main 130956
main 132275
main 131812
main 133408
main 131617
main 117474
main 131447
main 132048
main 409795
main 116656
main 117289
main 407601
main 131087
main 133170
main 118127
main 131214
main 131480
main 131095
main 410467
main 132130
main 131813
main 117750
main 117790
main 411123
main 131902
main 131977
main 131808
main 131132
main 134168
main 132271
main 131107
main 117914
main 131629
main 133574
main 133381
main 132115
main 131941
main 132380
main 119462
main 131390
main 408502
main 365283
main 131455
main 134209
main 117269
main 131326
main 130604
main 116234
main 118949
main 130630
main 130747
main 130767
main 130289
main 119076
main 116480
main 130811
main 116917
main 117184
main 132543
main 130924
main 116573
main 130957
main 132242
main 133337
main 130541
main 130744
main 130775
main 131066
main 132516
main 117273
main 406577
main 130629
main 117659
main 117894
main 406073
main 116267
main 117782
main 132798
main 118802
main 130372
main 131080
main 131250
main 132406
main 130601
main 116949
main 130206
main 117613
main 119218
main 131579
main 131538
main 131172
main 118174
main 133744
main 130607
main 130902
main 130596
main 116446
main 410748
main 116511
main 131062
main 131636
main 131300
main 409601
main 120549
main 408429
main 131217
main 131195
main 409705
main 116720
main 117875
main 122647
main 408213
main 133478
main 119356
main 132238
main 118768
main 119301
main 133448
main 131613
main 131498
main 137131
main 132354
main 118875
main 132374
main 408139
main 132153
main 119718
main 119854
main 131149
main 117561
main 118524
main 131180
main 134569
main 117583
main 131949
main 119267
main 131440
main 132764
main 117960
main 131213
main 131466
main 130598
main 132421
main 326750
main 116367
main 130788
main 131031
main 118903
main 116234
main 116922
main 130970
main 116815
main 118555
main 117862
main 131641
main 131820
main 116569
main 411579
main 116456
main 130835
main 131247
main 130619
main 119562
main 117770
main 130498
main 407131
main 117465
main 411444
main 117164
main 131246
main 116614
main 132892
main 131187
main 130958
main 119276
main 131266
main 119117
main 117177
main 119025
main 121413
main 406908
main 118203
main 117206
main 116637
main 131025
main 130790
main 132892
main 130782
main 117577
main 116452
main 130816
main 118904
main 130569
main 117409
main 131672
main 116484
main 133085
main 408915
main 130206
main 131261
main 364691
main 118855
main 406638
main 118385
main 118030
main 131479
main 133409
main 118072
main 131220
main 117817
main 131357
main 133443
main 132006
main 118941
main 131865
main 130980
main 134227
main 132251
main 132895
main 118202
main 118352
main 134627
main 132723
main 131802
main 131774
main 118411
main 133272
main 132662
main 131787
main 120500
main 131947
main 133426
main 131901
main 117892
main 132588
main 131652
main 133766
main 131568
main 131178
main 117842
main 130124
main 134554
main 115912
main 131099
main 407297
main 122670
main 132966
main 131195
main 131297
main 119070
main 117839
main 120134
main 132166
main 131615
main 132222
main 131294
main 118362
main 131035
main 367538
main 131922
main 120002
main 133511
main 118038
main 119576
main 132115
main 132200
main 133852
main 117925
main 131028
main 120400
main 131576
main 133229
main 117138
main 132103
main 131972
main 118513
main 133870
main 118171
main 131918
main 119306
main 133556
main 130953
main 407849
main 131137
main 116681
main 133375
main 132140
main 130560
main 116280
main 131108
main 119137
main 130964
main 127062
main 118659
main 130955
main 135352
main 130147
main 130987
main 130959
main 130099
main 119511
main 130068
main 116187
main 131104
main 117096
main 133124
main 131129
main 130650
main 116929
main 118462
main 119542
main 131632
main 130962
main 118056
main 130525
main 119315
main 117240
main 117091
main 132434
main 117787
main 133358
main 131405
main 131762
main 117486
main 131965
main 134121
main 131515
main 119423
main 199744
main 408035
main 409457
main 131467
main 131526
main 131362
main 132098
main 135399
main 132224
main 133064
main 132780
main 132151
main 120710
main 119683
main 408796
main 117040
main 323754
main 133044
main 131512
main 131664
main 131111
main 131106
main 120012
main 131158
main 130957
main 131511
main 130950
main 133280
main 131073
main 131959
main 130857
main 117491
main 133198
main 131252
main 118118
main 117412
main 132951
main 119641
main 131607
main 131777
main 131869
main 131693
main 133620
main 117408
main 139825
main 131566
main 131256
main 120013
main 132791
main 408239
main 466809
main 120768
main 132293
main 131658
main 132400
main 117170
main 133843
main 131596
main 131237
main 118347
main 409273
main 119232
main 131167
main 131446
main 337057
main 130828
main 132944
main 131248
main 130652
main 130452
main 130696
main 133395
main 130515
main 131352
main 131182
main 131206
main 462273
main 131409
main 131323
main 131821
main 132030
main 257758
main 130788
main 131857
main 131084
main 131971
main 132975
main 462071
main 131420
main 131573
main 132320
main 133376
main 132026
main 131988
main 131572
main 132260
main 134448
main 131794
main 462672
main 132305
main 132413
main 135021
main 131658
main 132585
main 131953
main 132749
main 138021
main 132499
main 132722
main 132101
main 133367
main 134584
main 131673
main 131285
main 131767
main 131495
main 133413
main 133433
main 130371
main 131780
main 130981
main 132703
main 131271
main 131712
main 132411
main 131810
main 133764
main 131127
main 131684
main 130840
main 131420
main 133581
main 132068
main 131237
main 132086
main 131760
main 133219
main 131447
main 131799
main 132556
main 461033
main 134365
main 132255
main 132033
main 131905
main 131864
main 134046
main 132333
main 131945
main 132849
main 133873
main 132150
main 132336
main 132468
main 131667
main 134162
main 132780
main 131035
main 131835
main 131479
main 133055
main 130734
main 130396
main 131804
main 131030
main 132335
main 131867
main 130912
main 130489
main 131300
main 133266
main 131600
main 131043
main 130711
main 131160
main 133942
main 461940
main 460891
main 130931
main 131146
main 133413
main 132173
main 131319
main 131624
main 133197
main 133784
main 132740
main 131839
main 131678
main 131622
main 134086
main 131755
main 132025
main 132339
main 131827
main 133970
main 132488
main 132317
main 131530
main 132497
main 133865
main 132001
main 131559
main 132089
main 132069
main 135069
main 132654
main 132933
main 132261
main 131418
main 133985
main 132860
main 132006
main 136193
main 132084
main 134061
main 132049
main 131370
main 131966
main 131863
main 133292
main 131266
main 131924
main 130729
main 130827
main 133041
main 131081
main 460676
main 460665
