main 194102
main 142966
main 140186
main 171563
main 141754
main 170825
main 141862
main 141477
main 171719
main 185771
main 141174
main 139503
main 141793
main 170407
main 141229
main 141543
main 140460
main 185111
main 141763
main 185354
main 141132
main 141467
main 169500
main 170075
main 141384
main 184806
main 141106
main 140585
main 141235
main 141129
main 141575
main 154551
main 155242
main 141972
main 141895
main 140785
main 142169
main 144225
main 138853
main 138395
main 171128
main 152913
main 151472
main 136329
main 152752
main 155198
main 138166
main 151475
main 137769
main 138027
main 142218
main 138598
main 152406
main 138937
main 155822
main 138914
main 137686
main 166446
main 138201
main 154841
main 181470
main 166355
main 151939
main 137783
main 143399
main 137332
main 142491
main 138031
main 136805
main 141921
main 138917
main 136813
main 166565
main 169728
main 143095
main 154566
main 137589
main 151548
main 137803
main 171267
main 137189
main 137294
main 166510
main 137339
main 141749
main 137186
main 169604
main 181452
main 151764
main 141474
main 136722
main 137947
main 136679
main 137696
main 170371
main 151259
main 166851
main 151128
main 138695
main 141765
main 138745
main 138036
main 137362
main 137576
main 155173
main 136831
main 137060
main 138183
main 137524
main 141342
main 150034
main 138197
main 152958
main 141181
main 142705
main 137901
main 137944
main 151431
main 138343
main 143196
main 168748
main 139074
main 142143
main 182273
main 142430
main 143294
main 169051
main 140236
main 182804
main 142956
main 139410
main 138863
main 140340
main 138384
main 156879
main 167196
main 137831
main 137866
main 139865
main 146134
main 138894
main 138684
main 218077
main 137252
main 156323
main 142150
main 139440
main 168718
main 664705
main 142946
main 191705
main 139106
main 151550
main 141494
main 139030
main 155935
main 138349
main 138016
main 155162
main 137577
main 138032
main 167908
main 138726
main 155324
main 138484
main 137004
main 139202
main 138664
main 142973
main 137054
main 137748
main 137580
main 137505
main 155499
main 142292
main 137931
main 137204
main 152765
main 155024
main 152273
main 152885
main 137940
main 166210
main 155369
main 138171
main 137864
main 182137
main 150927
main 140739
main 137620
main 137534
main 137505
main 138549
main 141236
main 139037
main 152950
main 139038
main 151619
main 141339
main 137560
main 181207
main 181712
main 138099
main 154846
main 137971
main 152358
main 137699
main 136450
main 171245
main 136888
main 136896
main 137153
main 151749
main 142184
main 137429
main 151844
main 168715
main 137735
main 154775
main 138007
main 137722
main 137628
main 167558
main 143513
main 137381
main 137523
main 137991
main 151617
main 141643
main 138565
main 136795
main 137169
main 151372
main 156145
main 137561
main 167140
main 137883
main 137823
main 141634
main 151912
main 139200
main 138051
main 138116
main 141765
main 152349
main 137909
main 139196
main 138458
main 141798
main 159942
main 137857
main 139347
main 138810
main 142276
main 138578
main 140783
main 140098
main 154884
main 138071
main 137095
main 137880
main 140179
main 141845
main 138044
main 151831
main 137239
main 138506
main 156966
main 140482
main 139061
main 138903
main 138180
main 142626
main 137293
main 137807
main 137944
main 152913
main 143245
main 138218
main 138607
main 153398
main 138861
main 141562
main 139192
main 138291
main 182773
main 137753
main 156188
main 154815
main 138042
main 138122
main 153518
main 172143
main 152845
main 137509
main 137813
main 137722
main 142426
main 137227
main 137066
main 151455
main 137268
main 141133
main 167284
main 137318
main 151156
main 284802
main 142080
main 140077
main 151783
main 167523
main 137155
main 141707
main 138188
main 181560
main 151163
main 152105
main 141201
main 152420
main 182132
main 137855
main 138170
main 155306
main 155858
main 138302
main 153669
main 138433
main 143095
main 142837
main 138098
main 138818
main 153302
main 188544
main 152805
main 139109
main 138808
main 139892
main 156254
main 152360
main 138214
main 137893
main 168252
main 155833
main 151985
main 154444
main 137721
main 139263
main 144171
main 138668
main 138355
main 139099
main 137681
main 142913
main 152057
main 151823
main 138589
main 156150
main 154452
main 151995
main 182113
main 150971
main 141731
main 181550
main 137602
main 139240
main 182529
main 145414
main 167187
main 142126
main 151757
main 137433
main 155908
main 137633
main 137812
main 138281
main 138365
main 144738
main 136905
main 151299
main 138351
main 138318
main 155811
main 137705
main 138472
main 137871
main 137539
main 169835
main 139077
main 167169
main 138746
main 138591
main 141716
main 137367
main 137632
main 137923
main 151643
main 156548
main 138572
main 137726
main 137710
main 136683
main 140683
main 176313
main 151350
main 166493
main 137252
main 141955
main 137592
main 138119
main 150946
main 140249
main 156033
main 167230
main 136784
main 137986
main 137768
main 142028
main 153864
main 183992
main 152003
main 152041
main 141385
main 141809
main 138049
main 152893
main 154181
main 141774
main 182728
main 137710
main 137690
main 138267
main 156600
main 183176
main 152781
main 152682
main 139058
main 143332
main 139143
main 138668
main 137313
main 140337
main 156218
main 152666
main 152917
main 168087
main 137703
main 141178
main 138514
main 138431
main 152918
main 158493
main 155610
main 137954
main 137200
main 151458
main 137461
main 185727
main 138379
main 137356
main 151772
main 141902
main 181434
main 152273
main 181465
main 137465
main 141776
main 137006
main 137724
main 138593
main 151707
main 159683
main 183183
main 139067
main 139221
main 138639
main 141816
main 139833
main 139260
main 139650
main 613090
main 142216
main 137765
main 138920
main 152606
main 138832
main 156377
main 138527
main 140392
main 154720
main 154797
main 143086
main 138606
main 158256
main 152955
main 139418
main 171920
main 137903
main 167262
main 137208
main 151432
main 141684
main 137307
main 137585
main 139377
main 138024
main 141636
main 137539
main 152279
main 140232
main 138378
main 155723
main 137715
main 136579
main 138400
main 166871
main 142407
main 166718
main 138115
main 138867
main 137018
main 141356
main 138500
main 152009
main 151926
main 151339
main 155764
main 137229
main 151753
main 136112
main 139913
main 141814
main 137140
main 151030
main 166254
main 136818
main 141396
main 138400
main 151932
main 137243
main 138596
main 170909
main 137238
main 137613
main 137247
main 138350
main 140994
main 137571
main 137410
main 151927
main 152325
main 142764
main 151906
main 137315
main 137725
main 138165
main 140873
main 136383
main 151523
main 137736
main 140578
main 137087
main 137279
main 137301
main 151601
main 140175
main 136992
main 152168
main 136894
main 136605
main 142201
main 138442
main 154593
main 137634
main 138448
main 170944
main 137655
main 137663
main 138645
main 137519
main 156582
main 138169
main 138118
main 151754
main 137075
main 142203
main 137850
main 137294
main 137257
main 169917
main 155623
main 166840
main 151715
main 138356
main 166855
main 141108
main 137060
main 137989
main 152899
main 137422
main 155794
main 137224
main 138330
main 146720
main 137261
main 141253
main 151839
main 166722
main 138107
main 138765
main 140432
main 152227
main 137217
main 166461
main 137639
main 140170
main 151378
main 137470
main 180903
main 167044
main 170801
main 136790
main 138767
main 138263
main 139566
main 141299
main 152738
main 137059
main 137837
main 137217
main 141899
main 151339
main 152000
main 166951
main 151701
main 141119
main 181674
main 181147
main 138299
main 137808
main 141849
main 168053
main 138453
main 137874
main 151153
main 142003
main 138730
main 138093
main 138542
main 152584
main 171990
main 138151
main 139160
main 152256
main 139112
main 155534
main 152708
main 138465
main 139142
main 153025
main 157295
main 139291
main 137581
main 138168
main 141950
main 138324
main 138051
main 152041
main 151937
main 140779
main 137186
main 137837
main 166479
main 151254
main 141741
main 148032
main 136790
main 141357
main 182728
main 141121
main 140737
main 166573
main 138603
main 137515
main 156168
main 137655
main 137412
main 138879
main 137918
main 170011
main 138001
main 181631
main 137543
main 136774
main 170552
main 137065
main 138387
main 138609
main 137875
main 156397
main 169284
main 152957
main 138465
main 153206
main 144231
main 137648
main 151287
main 151547
main 151549
main 140550
main 137540
main 138718
main 136596
main 167491
main 154829
main 151881
main 151080
main 151845
main 136799
main 142480
main 137363
main 138024
main 151692
main 138249
main 141516
main 137748
main 150955
main 181936
main 138461
main 140270
main 167030
main 137701
main 138706
main 137566
main 170758
main 137572
main 137983
main 181012
main 182017
main 141941
main 137535
main 138201
main 153253
main 168222
main 156179
main 138684
main 138436
main 168743
main 137774
main 143324
main 154774
main 139396
main 153146
main 139306
main 157190
main 138904
main 139825
main 139073
main 138207
main 142081
main 167882
main 139309
main 151947
main 142266
main 138258
main 137904
main 138885
main 137653
main 141909
main 152609
main 152521
main 136784
main 136875
main 185708
main 151413
main 137685
main 152226
main 138056
main 185805
main 150963
main 166333
main 137851
main 137487
main 184777
main 137041
main 142099
main 138836
main 138253
main 140298
main 138311
main 151116
main 152873
main 138536
main 172568
main 137158
main 167801
main 182252
main 152860
main 142063
main 138915
main 153505
main 138111
main 154003
main 143117
main 139193
main 153353
main 139274
main 155376
main 141410
main 138063
main 140409
main 151408
main 137513
main 141432
main 152694
main 167204
main 137865
main 182792
main 141471
main 138067
main 151456
main 181775
main 181246
main 140837
main 137567
main 152244
main 137647
main 167267
main 142059
main 137875
main 166802
main 137146
main 137595
main 155695
main 151099
main 150967
main 141384
main 137387
main 156398
main 138207
main 137752
main 167152
main 138397
main 141829
main 138095
main 152839
main 138190
main 139084
main 141142
main 153367
main 138645
main 152665
main 153261
main 144506
main 152954
main 138098
main 154034
main 139101
main 142597
main 152613
main 152239
main 183590
main 139365
main 157572
main 142812
main 141950
main 138165
main 137472
main 155819
main 150477
main 151200
main 151855
main 152311
main 142145
main 137218
main 166808
main 151163
main 152161
main 142011
main 137678
main 166732
main 136614
main 181256
main 147875
main 138676
main 137631
main 167172
main 137012
main 141322
main 140255
main 137953
main 138917
main 137033
main 142350
main 153051
main 139769
main 137856
main 150762
main 171018
main 151911
main 137925
main 182888
main 152364
main 155226
main 152764
main 138819
main 139017
main 138938
main 155797
main 138957
main 152130
main 137399
main 141512
main 141512
main 137533
main 181465
main 182229
main 140449
main 156709
main 138223
main 140033
main 182707
main 139274
main 185039
main 138137
main 138357
main 137771
main 138021
main 157806
main 138287
main 139160
main 138624
main 152736
main 142294
main 137190
main 138579
main 182492
main 181800
main 142208
main 138482
main 157336
main 137116
main 137825
main 170920
main 138363
main 137487
main 137509
main 167462
main 142708
main 138012
main 182930
main 167782
main 138363
main 173108
main 138649
main 168248
main 138810
main 155707
main 143569
main 153881
main 139205
main 140611
main 168165
main 156756
main 139415
main 141520
main 139004
main 155494
main 139811
main 139193
main 167324
main 137238
main 171238
main 155213
main 136908
main 167210
main 138882
main 161151
main 138497
main 136917
main 137887
main 181940
main 185608
main 138070
main 152082
main 152110
main 136798
main 140578
main 136620
main 137853
main 137924
main 151530
main 141381
main 137960
main 181647
main 136887
main 137905
main 156625
main 166444
main 138024
main 166674
