main 163094
main 99670
main 102518
main 115496
main 105533
main 102456
main 120048
main 128445
main 103318
main 102391
main 101214
main 100110
main 99476
main 115222
main 102392
main 102489
main 183203
main 101231
main 101573
main 101206
main 102564
main 99801
main 102306
main 104451
main 123999
main 99481
main 100803
main 119699
main 101874
main 102779
main 100525
main 144627
main 103042
main 101542
main 102370
main 103552
main 162783
main 109117
main 108452
main 102923
main 103126
main 107971
main 151007
main 110177
main 105885
main 103766
main 100834
main 103777
main 159003
main 129191
main 135443
main 101803
main 101539
main 100678
main 102594
main 102488
main 104751
main 104513
main 101947
main 99654
main 134499
main 106198
main 101275
main 100596
main 100668
main 101036
main 110910
main 99868
main 104434
main 102252
main 117707
main 99967
main 120747
main 115798
main 100892
main 100338
main 106605
main 103460
main 192515
main 108463
main 101740
main 110384
main 104712
main 101919
main 105285
main 103487
main 110831
main 108215
main 125846
main 197876
main 109807
main 102912
main 101147
main 110409
main 100519
main 103340
main 100477
main 112900
main 120851
main 100492
main 104314
main 100677
main 101369
main 100476
main 101956
main 102830
main 106191
main 105170
main 129280
main 102436
main 104439
main 101577
main 104597
main 108250
main 105135
main 103144
main 101457
main 99979
main 100426
main 102168
main 100338
main 160951
main 104648
main 179645
main 101070
main 100908
main 101160
main 102352
main 100307
main 101024
main 101030
main 101427
main 100586
main 104937
main 219252
main 100324
main 102984
main 102432
main 100623
main 102512
main 101508
main 100708
main 100859
main 99700
main 357640
main 103448
main 186982
main 103388
main 101563
main 108096
main 101565
main 103246
main 101852
main 101027
main 139056
main 100637
main 102543
main 102570
main 109150
main 105827
main 101479
main 100693
main 101714
main 101955
main 107182
main 100159
main 102013
main 100319
main 101243
main 103103
main 104023
main 102789
main 111792
main 106884
main 101469
main 101549
main 108216
main 116692
main 102851
main 129461
main 100432
main 101186
main 104104
main 100198
main 101202
main 107918
main 101254
main 102299
main 107267
main 99939
main 100833
main 100834
main 101124
main 101885
main 116645
main 100077
main 99548
main 167248
main 151963
main 115661
main 100544
main 101043
main 100939
main 102152
main 100837
main 102198
main 103333
main 160606
main 100626
main 103476
main 101043
main 100104
main 99783
main 124922
main 99234
main 101647
main 103400
main 101691
main 101211
main 103429
main 99666
main 101649
main 100747
main 105903
main 105093
main 103716
main 100320
main 102463
main 121143
main 100451
main 137048
main 101217
main 100722
main 105150
main 99687
main 100900
main 136726
main 102435
main 105528
main 101356
main 112858
main 132897
main 154883
main 100861
main 101000
main 103660
main 237054
main 100525
main 117687
main 202237
main 100935
main 99600
main 192849
main 101481
main 100876
main 112239
main 103208
main 101999
main 100761
main 122764
main 108714
main 102179
main 103565
main 112548
main 100872
main 205346
main 102259
main 99106
main 104829
main 102990
main 101817
main 99804
main 100191
main 103102
main 109818
main 103360
main 103419
main 111688
main 100933
main 100942
main 117107
main 125860
main 100972
main 150137
main 102480
main 99224
main 121512
main 99857
main 102378
main 100765
main 99723
main 103372
main 103911
main 149295
main 101307
main 104026
main 101820
main 100303
main 103653
main 112427
main 103269
main 103538
main 140645
main 101238
main 101728
main 102462
main 107126
main 102012
main 107779
main 103113
main 102740
main 107832
main 106922
main 101468
main 100718
main 101636
main 102013
main 99164
main 103905
main 101216
main 101686
main 101324
main 108407
main 101600
main 152175
main 103370
main 101768
main 102228
main 119902
main 107096
main 103371
main 138466
main 101618
main 100171
main 100404
main 100748
main 99237
main 100016
main 210238
main 112917
main 100076
main 104134
main 106587
main 110923
main 107703
main 117111
main 101634
main 105791
main 100837
main 132417
main 115344
main 105592
main 104041
main 99977
main 102361
main 108883
main 101363
main 102527
main 102134
main 102207
main 114659
main 103247
main 101111
main 99447
main 105434
main 107079
main 101109
main 103739
main 101411
main 104169
main 101798
main 102864
main 125022
main 139717
main 157626
main 101676
main 116282
main 107708
main 101067
main 100107
main 122070
main 99780
main 103177
main 105869
main 104465
main 104624
main 108478
main 107707
main 108716
main 100229
main 102242
main 117425
main 99688
main 101205
main 103042
main 131451
main 100217
main 102546
main 202641
main 102777
main 653677
main 122421
main 100803
main 100744
main 102712
main 101786
main 99582
main 108944
main 101094
main 102153
main 106203
main 102338
main 100474
main 103631
main 101420
main 101152
main 111464
main 231414
main 99544
main 106061
main 103610
main 98911
main 103360
main 102004
main 103289
main 102067
main 127695
main 105411
main 102447
main 100728
main 101810
main 101514
main 103873
main 108985
main 105877
main 105735
main 103603
main 101356
main 100736
main 108131
main 110861
main 101531
main 102136
main 119811
main 103748
main 103504
main 99955
main 100886
main 101683
main 103520
main 99956
main 102079
main 104713
main 104980
main 101968
main 102771
main 200769
main 101264
main 101247
main 100493
main 109553
main 104691
main 102653
main 101843
main 100740
main 103758
main 101185
main 103112
main 100600
main 102429
main 106803
main 106416
main 107441
main 105893
main 105879
main 109177
main 104928
main 101735
main 101263
main 119133
main 102997
main 102626
main 102268
main 101063
main 103782
main 101301
main 110138
main 102916
main 103234
main 103024
main 100935
main 104230
main 100950
main 104113
main 102385
main 103096
main 102537
main 102116
main 103451
main 100750
main 101033
main 112497
main 100089
main 104745
main 99662
main 113111
main 119284
main 105018
main 106914
main 101201
main 102954
main 103993
main 103117
main 102345
main 105387
main 105590
main 100709
main 111985
main 110616
main 101419
main 101736
main 103679
main 105179
main 100352
main 101543
main 104228
main 102880
main 103213
main 101463
main 113152
main 107607
main 102362
main 100817
main 100295
main 101019
main 99987
main 101778
main 103857
main 101348
main 100369
main 109870
main 104552
main 119962
main 103343
main 100329
main 153040
main 101376
main 100575
main 103534
main 99798
main 103168
main 116032
main 100591
main 131524
main 105231
main 99525
main 99903
main 101049
main 102469
main 103546
main 102440
main 99850
main 102913
main 110550
main 101148
main 104063
main 101816
main 114529
main 109406
main 219527
main 227350
main 114305
main 101594
main 101690
main 110539
main 105492
main 114767
main 259865
main 105614
main 173220
main 134514
main 101919
main 104442
main 102641
main 100149
main 104935
main 103003
main 103910
main 118433
main 102014
main 102099
main 101918
main 104554
main 103464
main 100775
main 100558
main 102882
main 101083
main 103540
main 111282
main 102373
main 99332
main 103312
main 105267
main 112497
main 100730
main 99957
main 100148
main 100165
main 100668
main 99948
main 153131
main 102558
main 99955
main 100318
main 106136
main 111367
main 99297
main 101866
main 103372
main 102755
main 124254
main 111160
main 101569
main 99194
main 116849
main 108658
main 100852
main 100327
main 101509
main 102387
main 103392
main 99654
main 104950
main 101017
main 100142
main 99870
main 102652
main 122020
main 133447
main 102142
main 99063
main 211931
main 99357
main 102466
main 104454
main 105679
main 100301
main 101997
main 101645
main 114356
main 112657
main 99717
main 112471
main 103616
main 128347
main 110581
main 112521
main 99953
main 99036
main 122672
main 99719
main 137478
main 98738
main 99887
main 100714
main 111176
main 105358
main 102831
main 102478
main 186206
main 107121
main 105378
main 101716
main 123531
main 108180
main 118344
main 165821
main 105229
main 109671
main 103375
main 100660
main 119945
main 112307
main 108393
main 99683
main 108011
main 102788
main 102617
main 128491
main 106723
main 101914
main 166732
main 217160
main 106019
main 102777
main 110817
main 108304
main 109391
main 101849
main 164721
main 103083
main 104944
main 116213
main 174460
main 108884
main 103513
main 109914
main 100638
main 102772
main 100963
main 102027
main 102650
main 107039
main 119213
main 107127
main 100474
main 107099
main 103668
main 101657
main 104957
main 141779
main 102028
main 100422
main 101734
main 112508
main 108104
main 102348
main 111834
main 103205
main 117367
main 189010
main 106381
main 112455
main 112656
main 104431
main 114758
main 107595
main 104820
main 100519
main 104905
main 103339
main 112121
main 117289
main 113475
main 105893
main 106221
main 108896
main 101660
main 104551
main 106354
main 100524
main 103600
main 112399
main 104714
main 102725
main 101349
main 102011
main 122036
main 100417
main 116508
main 102776
main 101570
main 104658
main 140186
main 184871
main 100657
main 109199
main 106055
main 101413
main 129594
main 105437
main 101555
main 105115
main 225664
main 103196
main 118771
main 104271
main 103030
main 104909
main 107268
main 105694
main 105559
main 113548
main 103319
main 104063
main 105925
main 103029
main 103320
main 101181
main 134622
main 101504
main 133667
main 101441
main 99402
main 100517
main 103218
main 101049
main 101924
main 101694
main 105629
main 101142
main 100526
main 103643
main 104701
main 104815
main 105734
main 102808
main 105325
main 109432
main 105588
main 125966
main 135156
main 101962
main 109593
main 100775
main 102613
main 107344
main 101210
main 119975
main 103644
main 101661
main 104557
main 101858
main 102522
main 109787
main 101704
main 110380
main 178639
main 111038
main 103409
main 118905
main 102295
main 100837
main 100592
main 101874
main 169992
main 104295
main 104444
main 103499
main 102689
main 101019
main 107287
main 138140
main 104848
main 103214
main 104598
main 102528
main 100556
main 100663
main 101236
main 103979
main 100318
main 101078
main 107543
main 101015
main 100255
main 100261
main 104485
main 104078
main 100344
main 102075
main 100079
main 101320
main 109283
main 103349
main 120129
main 101596
main 104305
main 115133
main 122767
main 103531
main 104252
main 103059
main 142293
main 104051
main 99428
main 105189
main 102012
main 98825
main 103207
main 108410
main 105371
main 102073
main 100865
main 100235
main 100994
main 101579
main 102670
main 100078
main 101135
main 100420
main 102148
main 100929
main 100947
main 102014
main 108153
main 100912
main 102385
main 135700
main 100596
main 102183
main 101411
main 114661
main 102263
main 100995
main 101988
main 100858
main 101273
main 103187
main 100571
main 100438
main 101114
main 100859
main 101691
main 102914
main 110625
main 99891
main 101836
main 100687
main 99433
main 101536
main 103973
main 102337
main 133716
main 102542
main 103227
main 132838
main 111071
main 106841
main 103381
main 99653
main 104023
main 277151
main 121813
main 100941
main 99805
main 118741
main 99923
main 99780
main 103005
main 103954
main 108547
main 103674
main 113880
main 100075
main 100521
main 99877
main 102233
main 140735
main 103465
main 123561
main 100169
main 107209
main 104044
main 132663
main 100111
main 100455
main 105169
main 102048
main 101868
main 175686
main 102320
main 104947
main 102679
main 108335
main 108983
main 104828
main 101735
main 104686
main 102571
main 103991
main 107302
main 103487
main 113551
main 120171
main 108658
main 105660
main 101336
main 104740
main 103590
main 152906
main 103665
main 103618
main 102067
main 102707
main 102167
main 105868
main 102693
main 114893
main 101465
main 101222
main 131616
main 106087
main 103983
main 105225
main 188766
main 103242
main 110011
main 140620
