main 63517
main 47746
main 38549
main 60720
main 60967
main 33209
main 41874
main 66732
main 34647
main 69044
main 51308
main 68466
main 31078
main 36655
main 45620
main 76852
main 50840
main 41350
main 39188
main 67596
main 37724
main 37563
main 85187
main 39655
main 39186
main 35040
main 58027
main 36697
main 52374
main 68876
main 36833
main 38728
main 41582
main 56795
main 34511
main 62045
main 52783
main 66434
main 34377
main 66946
main 36072
main 79598
main 54296
main 39428
main 75337
main 34279
main 55406
main 75287
main 31204
main 48279
main 37225
main 72090
main 37894
main 49700
main 62495
main 42050
main 50444
main 37656
main 42653
main 60510
main 37063
main 53600
main 105299
main 39403
main 71957
main 84698
main 35640
main 56289
main 37244
main 37589
main 35322
main 39157
main 36770
main 76214
main 87984
main 64690
main 56958
main 77620
main 64331
main 58300
main 57866
main 39722
main 57697
main 35454
main 62664
main 33400
main 36206
main 85402
main 52143
main 70938
main 48362
main 36015
main 36697
main 65536
main 40289
main 51263
main 37154
main 35242
main 42344
main 53187
main 65339
main 55052
main 67069
main 48439
main 47915
main 79409
main 239774
main 43764
main 47166
main 66445
main 59236
main 57007
main 48880
main 34797
main 49217
main 69099
main 57198
main 101639
main 68084
main 49401
main 40382
main 34768
main 40085
main 35799
main 56262
main 50060
main 35933
main 34777
main 41136
main 38940
main 65797
main 48220
main 37415
main 54338
main 57648
main 45447
main 157246
main 53350
main 105721
main 37809
main 54681
main 64153
main 48073
main 42251
main 55754
main 39927
main 39638
main 37192
main 50087
main 49398
main 44257
main 48644
main 38674
main 61236
main 58264
main 58645
main 38697
main 53508
main 39206
main 39102
main 64345
main 38572
main 61780
main 60567
main 71309
main 39334
main 58281
main 35852
main 52808
main 48658
main 38599
main 47031
main 55172
main 47678
main 65433
main 49506
main 54080
main 34017
main 35311
main 35203
main 35189
main 61411
main 35639
main 38545
main 42968
main 55540
main 61097
main 65781
main 34011
main 35738
main 47634
main 39263
main 50456
main 62566
main 52482
main 40662
main 37573
main 53159
main 57382
main 43456
main 37811
main 38365
main 51722
main 37986
main 35552
main 38354
main 50771
main 36564
main 35569
main 49391
main 53825
main 38323
main 47475
main 37444
main 63807
main 40647
main 44288
main 41457
main 53043
main 33374
main 35697
main 52009
main 42669
main 35568
main 45745
main 37961
main 54842
main 62323
main 47067
main 38449
main 36864
main 62586
main 50066
main 60385
main 51085
main 67329
main 36831
main 49950
main 65633
main 45501
main 50625
main 40408
main 53276
main 55323
main 36311
main 38290
main 47754
main 70078
main 38655
main 55778
main 36361
main 51549
main 35678
main 32447
main 51032
main 54071
main 37855
main 53768
main 34354
main 52334
main 33697
main 73323
main 49585
main 59873
main 51271
main 39981
main 50982
main 39256
main 40681
main 37422
main 63114
main 38484
main 46784
main 34926
main 43649
main 34170
main 73878
main 48302
main 34371
main 41134
main 38898
main 48658
main 33570
main 49903
main 49572
main 36776
main 51120
main 52560
main 51537
main 33805
main 51980
main 35340
main 36453
main 34161
main 36566
main 51144
main 36179
main 34561
main 38351
main 34562
main 52634
main 38564
main 31239
main 52488
main 38884
main 51470
main 51135
main 33071
main 39428
main 41876
main 68723
main 47390
main 57810
main 32683
main 45355
main 132470
main 40014
main 55408
main 31629
main 32889
main 40765
main 49354
main 44700
main 52601
main 49866
main 33720
main 34530
main 34331
main 35687
main 56570
main 36285
main 40423
main 43532
main 36639
main 46295
main 51415
main 34815
main 36032
main 59045
main 53782
main 106914
main 46917
main 47220
main 34844
main 70997
main 34505
main 40392
main 35664
main 58379
main 36423
main 38505
main 35062
main 39276
main 53322
main 47830
main 45108
main 39792
main 47139
main 48203
main 33862
main 50294
main 51625
main 67491
main 34449
main 62603
main 68718
main 47405
main 34909
main 37382
main 37460
main 38526
main 39489
main 52565
main 33868
main 36691
main 40642
main 54658
main 52297
main 69914
main 73452
main 41809
main 59673
main 50657
main 39192
main 72228
main 48397
main 57970
main 38281
main 33186
main 46485
main 37399
main 34879
main 37185
main 39081
main 52767
main 56218
main 46679
main 35184
main 38189
main 53211
main 56423
main 49379
main 35451
main 67071
main 39259
main 38642
main 39794
main 56206
main 34526
main 61908
main 56557
main 37484
main 47068
main 36064
main 37453
main 39024
main 45340
main 35440
main 56715
main 36140
main 47284
main 33498
main 62391
main 37110
main 60330
main 34997
main 32759
main 49618
main 56225
main 36132
main 36175
main 40276
main 45754
main 63656
main 63836
main 42696
main 44801
main 37060
main 34027
main 49939
main 52998
main 60480
main 33580
main 46326
main 54710
main 35507
main 39019
main 44260
main 49057
main 47695
main 35635
main 47538
main 47171
main 44844
main 38453
main 72599
main 54955
main 36818
main 60546
main 60485
main 56458
main 48914
main 52603
main 36446
main 48386
main 63429
main 35902
main 34060
main 41195
main 39584
main 82208
main 40630
main 37784
main 46082
main 38780
main 54396
main 51898
main 53444
main 45940
main 51881
main 66757
main 83038
main 70927
main 46967
main 36951
main 57624
main 46691
main 33815
main 43095
main 39435
main 84921
main 51470
main 334847
main 36154
main 116505
main 33834
main 49989
main 36890
main 35886
main 33666
main 44318
main 35632
main 37547
main 42129
main 48323
main 34916
main 58928
main 66747
main 36108
main 44661
main 35928
main 56335
main 31169
main 49337
main 62976
main 39428
main 47073
main 44000
main 32122
main 46814
main 34105
main 39964
main 47616
main 33133
main 50525
main 45081
main 33412
main 37587
main 40761
main 58383
main 38151
main 51142
main 60618
main 43609
main 40110
main 50326
main 50401
main 34482
main 52377
main 48115
main 40670
main 35842
main 48348
main 58008
main 37851
main 47657
main 31434
main 32069
main 63675
main 55088
main 40186
main 52078
main 45206
main 40325
main 51239
main 33365
main 35801
main 54318
main 34890
main 30155
main 50191
main 34806
main 32930
main 35164
main 35931
main 50427
main 53171
main 33564
main 37849
main 38038
main 49993
main 32997
main 94888
main 48934
main 94909
main 135119
main 53683
main 39218
main 37556
main 60781
main 41146
main 41156
main 32676
main 51276
main 37539
main 38293
main 35368
main 43711
main 55552
main 39194
main 65423
main 54099
main 41756
main 48513
main 49457
main 33482
main 35051
main 43502
main 77548
main 40611
main 46830
main 73028
main 35991
main 35835
main 54203
main 60743
main 61833
main 56331
main 46229
main 36630
main 55214
main 41253
main 69160
main 52417
main 53219
main 68353
main 33772
main 37203
main 52932
main 37995
main 39259
main 35552
main 35243
main 37208
main 38884
main 47163
main 34601
main 37355
main 35354
main 64347
main 81115
main 50868
main 34765
main 85166
main 45916
main 57716
main 36103
main 66097
main 35065
main 33315
main 110867
main 47382
main 40481
main 57871
main 41134
main 73253
main 43331
main 49150
main 41130
main 48375
main 35303
main 55125
main 59346
main 57432
main 39592
main 69085
main 31868
main 36664
main 65601
main 55424
main 32758
main 34358
main 50970
main 41320
main 48361
main 33590
main 106489
main 56857
main 37618
main 65249
main 38460
main 52971
main 58559
main 52119
main 50088
main 100744
main 45263
main 36168
main 52854
main 50644
main 67674
main 66892
main 34529
main 94741
main 59459
main 39885
main 55883
main 57420
main 36366
main 79987
main 60525
main 37724
main 37684
main 62920
main 34360
main 75938
main 53853
main 33731
main 104434
main 36847
main 58930
main 47914
main 31963
main 36952
main 75720
main 51673
main 42226
main 36895
main 35756
main 66710
main 40586
main 37389
main 50432
main 35977
main 50349
main 54056
main 33640
main 35193
main 34423
main 32935
main 39478
main 38565
main 52691
main 34405
main 39831
main 35479
main 37502
main 35252
main 45374
main 37450
main 35519
main 35016
main 40116
main 35695
main 33435
main 37841
main 37583
main 38476
main 34652
main 40540
main 37014
main 47706
main 47972
main 47402
main 35200
main 41315
main 35744
main 36786
main 35901
main 70151
main 34983
main 36204
main 40295
main 39600
main 49597
main 40965
main 38656
main 36417
main 36217
main 38292
main 45646
main 64873
main 40420
main 40823
main 36094
main 37760
main 38381
main 33352
main 33219
main 37202
main 36786
main 41179
main 40838
main 35934
main 37013
main 39131
main 36063
main 38482
main 32015
main 55258
main 38057
main 55135
main 32865
main 51359
main 49752
main 53100
main 40834
main 42629
main 66815
main 69632
main 90415
main 192790
main 80067
main 36151
main 66475
main 59876
main 50402
main 36415
main 41319
main 57638
main 43847
main 34323
main 39690
main 36692
main 32119
main 41988
main 38452
main 36306
main 44950
main 34456
main 38827
main 37049
main 52432
main 35145
main 38119
main 38410
main 41511
main 33411
main 55872
main 53626
main 57778
main 53757
main 91626
main 61243
main 34644
main 59761
main 42464
main 66459
main 57152
main 56509
main 33881
main 34868
main 47201
main 31718
main 35637
main 38414
main 42201
main 34161
main 53961
main 34388
main 36208
main 34438
main 35563
main 32703
main 129545
main 61600
main 124318
main 35235
main 37705
main 34049
main 37516
main 41649
main 33458
main 36681
main 33796
main 57455
main 71675
main 34656
main 37574
main 162653
main 36021
main 48108
main 36255
main 55248
main 35821
main 101792
main 53184
main 34773
main 36663
main 36210
main 35979
main 34746
main 42054
main 33788
main 33744
main 40788
main 33461
main 35637
main 35343
main 40170
main 40689
main 54063
main 56780
main 50074
main 48002
main 39007
main 31465
main 32648
main 36669
main 33657
main 32568
main 59213
main 34266
main 41181
main 41916
main 37531
main 36565
main 38890
main 42177
main 34672
main 33973
main 35434
main 35966
main 41349
main 36316
main 54332
main 38635
main 38517
main 78140
main 39587
main 46685
main 37945
main 35219
main 41711
main 36373
main 37841
main 35831
main 44540
main 40018
main 54007
main 94725
main 49375
main 32865
main 46948
main 34184
main 44855
main 35008
main 35476
main 35653
main 37549
main 35500
main 34731
main 41850
main 56688
main 38200
main 33287
main 36879
main 36185
main 47679
main 37267
main 37412
main 35030
main 36945
main 32188
main 38047
main 42982
main 37767
main 33549
main 34383
main 40103
main 34694
main 33191
main 33044
main 48401
main 40546
main 33763
main 59330
main 35302
main 36419
main 33572
main 43725
main 41068
main 34050
main 33701
main 34396
main 36894
main 38762
main 36168
main 34935
main 56072
main 33632
main 44568
main 37595
main 35305
main 34784
main 36109
main 38846
main 37138
main 35566
main 36548
main 35556
main 36128
main 44893
main 44543
main 33290
main 99766
main 35620
main 37713
main 38633
main 39014
main 41318
main 38543
main 85129
main 36228
main 35029
main 37846
main 50202
main 40198
main 36705
main 35449
