main 57901
main 12228
main 12876
main 13431
main 12867
main 12993
main 13202
main 16521
main 12568
main 13977
main 12504
main 21931
main 12119
main 13147
main 12415
main 12658
main 12320
main 12540
main 12016
main 12041
main 12760
main 13389
main 13415
main 11945
main 12718
main 12856
main 14888
main 12758
main 13174
main 13864
main 13076
main 12864
main 13746
main 13167
main 16003
main 15332
main 13993
main 14316
main 13666
main 11712
main 12383
main 11608
main 13409
main 12379
main 12257
main 15899
main 12806
main 12148
main 11658
main 15009
main 12650
main 12887
main 13407
main 12511
main 22679
main 11466
main 11481
main 13766
main 11893
main 11988
main 13239
main 31863
main 44118
main 12920
main 12362
main 13376
main 13107
main 12179
main 11451
main 11212
main 13145
main 15052
main 18890
main 12338
main 16664
main 16712
main 13721
main 12884
main 12428
main 12594
main 13279
main 12734
main 14929
main 12521
main 11626
main 11541
main 12198
main 15725
main 13229
main 12353
main 13908
main 12178
main 13708
main 11916
main 12114
main 66525
main 11834
main 13487
main 12412
main 11692
main 14710
main 12459
main 12058
main 16488
main 12346
main 12897
main 12619
main 13274
main 13746
main 11563
main 11834
main 11724
main 13772
main 14181
main 12527
main 12321
main 14727
main 12293
main 13092
main 11614
main 10959
main 18650
main 13124
main 16699
main 11915
main 11655
main 12498
main 14530
main 12121
main 12676
main 11498
main 11791
main 12393
main 22437
main 10855
main 12351
main 15580
main 13553
main 12105
main 11908
main 12520
main 12365
main 12571
main 11952
main 12383
main 11624
main 11542
main 13350
main 15925
main 12204
main 12254
main 12618
main 12503
main 12046
main 12978
main 11903
main 11737
main 25130
main 11697
main 11489
main 12341
main 12456
main 13382
main 27363
main 12397
main 11246
main 18984
main 12693
main 12489
main 13246
main 11640
main 12702
main 12400
main 13320
main 11708
main 12700
main 14700
main 12193
main 11762
main 67729
main 14867
main 12887
main 12210
main 28908
main 13317
main 13179
main 14361
main 14130
main 13515
main 21622
main 12829
main 13314
main 14440
main 12140
main 12949
main 11115
main 13976
main 14888
main 13693
main 12975
main 12325
main 12560
main 12745
main 11928
main 12832
main 12674
main 12376
main 11954
main 11866
main 13672
main 12597
main 20512
main 11879
main 12139
main 14159
main 14442
main 15009
main 12500
main 13153
main 14893
main 13067
main 23335
main 13071
main 23149
main 12604
main 13954
main 13503
main 13136
main 15309
main 11628
main 12477
main 14615
main 12503
main 13098
main 12141
main 12152
main 13199
main 12447
main 12115
main 12478
main 11363
main 16139
main 11426
main 12059
main 14209
main 12400
main 15380
main 12865
main 12000
main 12822
main 13022
main 13725
main 13434
main 13646
main 13551
main 11666
main 11939
main 13605
main 12235
main 12168
main 12812
main 12063
main 11859
main 11553
main 12494
main 12307
main 12345
main 12769
main 13014
main 12195
main 11874
main 12461
main 12414
main 10838
main 11892
main 12343
main 13465
main 11036
main 12232
main 13000
main 15986
main 13481
main 12195
main 12351
main 14319
main 11846
main 12889
main 11220
main 12530
main 13286
main 12571
main 14060
main 11623
main 11278
main 11285
main 11378
main 13950
main 11416
main 11532
main 11736
main 11559
main 12065
main 10674
main 11397
main 12079
main 11842
main 12963
main 10375
main 11183
main 11951
main 13489
main 13190
main 43654
main 13714
main 11997
main 12577
main 13664
main 10843
main 12514
main 11529
main 12035
main 14676
main 15053
main 12637
main 12713
main 12259
main 13832
main 11868
main 12570
main 12137
main 12010
main 13886
main 12819
main 11718
main 13485
main 12654
main 13613
main 11334
main 12211
main 12351
main 12648
main 21372
main 12789
main 18476
main 11335
main 10961
main 13481
main 11785
main 11520
main 11930
main 12219
main 12685
main 10853
main 11765
main 13701
main 18876
main 13365
main 12881
main 11759
main 19344
main 13482
main 15066
main 11878
main 11812
main 16988
main 11862
main 12753
main 12132
main 12820
main 13464
main 13936
main 12487
main 11548
main 11806
main 12703
main 11618
main 13299
main 12398
main 12091
main 12489
main 13138
main 14071
main 12130
main 12731
main 14453
main 12397
main 12723
main 11462
main 12188
main 13597
main 13274
main 14082
main 11965
main 15335
main 12395
main 13534
main 13384
main 12937
main 12288
main 12587
main 114385
main 14476
main 11796
main 12476
main 12229
main 11960
main 15187
main 11699
main 11756
main 14898
main 11420
main 13340
main 13289
main 13809
main 13078
main 14659
main 13266
main 12385
main 12125
main 12539
main 11967
main 14133
main 13835
main 11297
main 11913
main 12407
main 11859
main 12573
main 12305
main 12033
main 13029
main 13284
main 11749
main 13783
main 12349
main 13803
main 15581
main 10582
main 11964
main 12509
main 11654
main 13233
main 12045
main 13432
main 11675
main 14275
main 13303
main 20763
main 14804
main 13519
main 12255
main 12653
main 13592
main 11447
main 12121
main 12820
main 13972
main 12629
main 11579
main 14112
main 12571
main 13484
main 12017
main 12784
main 12028
main 11661
main 12591
main 12041
main 10567
main 13716
main 11616
main 22841
main 11859
main 11857
main 120976
main 11463
main 11525
main 10492
main 11159
main 11446
main 12282
main 76319
main 12225
main 11543
main 12366
main 10920
main 13851
main 12107
main 12501
main 11641
main 11111
main 18355
main 11459
main 10659
main 12107
main 13227
main 12886
main 11000
main 12662
main 11353
main 14978
main 13964
main 11645
main 12261
main 11038
main 12141
main 12258
main 12140
main 11812
main 12543
main 12798
main 13354
main 12429
main 12374
main 12624
main 12306
main 12822
main 11302
main 12149
main 17705
main 11660
main 14385
main 11628
main 12573
main 17177
main 11763
main 12814
main 12846
main 11213
main 12499
main 13582
main 13802
main 11612
main 12008
main 12934
main 11847
main 14556
main 15044
main 12536
main 12319
main 12348
main 13519
main 12850
main 12973
main 12065
main 14683
main 13307
main 13500
main 12340
main 12080
main 166773
main 12678
main 12903
main 14085
main 18075
main 12938
main 12698
main 11463
main 12347
main 11040
main 11482
main 13957
main 19785
main 13136
main 12106
main 46719
main 13829
main 12656
main 12769
main 53856
main 11593
main 12478
main 12514
main 13700
main 14089
main 12704
main 12554
main 12673
main 12795
main 12461
main 13009
main 14431
main 11965
main 11596
main 12431
main 11554
main 15785
main 14740
main 33822
main 11687
main 11366
main 15079
main 11516
main 12284
main 11678
main 13778
main 13664
main 11716
main 10679
main 11715
main 12164
main 14296
main 11548
main 12707
main 12846
main 12875
main 12517
main 11547
main 13455
main 11988
main 12268
main 13064
main 12519
main 12019
main 11351
main 10831
main 11941
main 13966
main 11594
main 11580
main 11790
main 13290
main 11954
main 11948
main 12220
main 11490
main 18611
main 12132
main 11201
main 11786
main 11317
main 11710
main 12562
main 13204
main 13171
main 13088
main 11981
main 12091
main 11106
main 12849
main 40309
main 12327
main 13930
main 13335
main 11900
main 11859
main 12514
main 13199
main 11812
main 13952
main 12295
main 12706
main 12061
main 12306
main 11795
main 11780
main 12803
main 11498
main 12165
main 13583
main 12010
main 12489
main 12430
main 11851
main 13235
main 12878
main 12378
main 11698
main 12491
main 13670
main 11917
main 13830
main 93074
main 13415
main 11811
main 35003
main 15145
main 12326
main 18602
main 12017
main 11995
main 13439
main 232215
main 14630
main 11976
main 13659
main 13011
main 11086
main 12972
main 11621
main 11820
main 12509
main 10946
main 12590
main 15591
main 12813
main 14340
main 12429
main 14128
main 14940
main 12586
main 12851
main 15075
main 11999
main 14866
main 12435
main 15437
main 13017
main 12896
main 11899
main 11603
main 14080
main 12932
main 111376
main 11140
main 11286
main 13947
main 11882
main 11858
main 10600
main 12158
main 12415
main 11762
main 11525
main 12564
main 13350
main 12158
main 11194
main 12320
main 14991
main 12210
main 12894
main 11757
main 11655
main 17145
main 13866
main 12050
main 10690
main 10958
main 11758
main 12512
main 14352
main 14011
main 11474
main 11737
main 11627
main 19176
main 11994
main 11662
main 11737
main 11814
main 12051
main 11485
main 11335
main 12030
main 11339
main 12541
main 12259
main 11455
main 11934
main 11381
main 12746
main 11331
main 12179
main 12421
main 11816
main 12329
main 11234
main 12606
main 11742
main 18686
main 11829
main 11308
main 18775
main 13127
main 10789
main 13006
main 12495
main 11995
main 10441
main 11468
main 11213
main 11904
main 12370
main 12225
main 14204
main 12758
main 11633
main 11891
main 13932
main 11218
main 12250
main 11272
main 12434
main 41143
main 13748
main 14007
main 12086
main 12774
main 11568
main 12383
main 15000
main 12104
main 18304
main 13133
main 11476
main 12689
main 17544
main 13191
main 12010
main 12712
main 12944
main 13562
main 12030
main 12891
main 12362
main 15693
main 71175
main 12348
main 12922
main 11104
main 12135
main 12245
main 13754
main 12416
main 11191
main 14052
main 13512
main 12517
main 12286
main 12078
main 17680
main 14133
main 20184
main 12680
main 11872
main 28384
main 12874
main 12006
main 12822
main 14227
main 13859
main 12877
main 12751
main 13684
main 12143
main 13514
main 15958
main 14033
main 23802
main 12608
main 14426
main 13820
main 36433
main 15821
main 11377
main 13061
main 12749
main 11955
main 12270
main 12895
main 12253
main 11448
main 11286
main 12572
main 17132
main 12361
main 11600
main 11377
main 11919
main 11652
main 13189
main 11841
main 11544
main 11374
main 22501
main 11865
main 16143
main 12907
main 11273
main 12121
main 12280
main 11997
main 12022
main 15083
main 13186
main 12897
main 12737
main 15358
main 11890
main 11445
main 12869
main 12366
main 10816
main 13365
main 11811
main 12173
main 12013
main 13002
main 11579
main 12139
main 13189
main 11139
main 11364
main 12728
main 12223
main 12379
main 11714
main 12069
main 11919
main 14071
main 12361
main 11806
main 11637
main 11704
main 11780
main 12548
main 11248
main 12312
main 10910
main 14092
main 13619
main 13442
main 11724
main 12204
main 13881
main 14135
main 15778
main 15567
main 15248
main 16549
main 12128
main 12497
main 12437
main 11881
main 12050
main 12644
main 12046
main 13035
main 13119
main 12193
main 31906
main 11845
main 12651
main 12110
main 12392
main 13418
main 12498
main 12594
main 12765
main 12972
main 13934
main 20589
main 12964
main 16905
main 15325
main 14459
main 13082
main 12869
main 11794
main 13422
main 12980
main 13204
main 12380
main 11472
main 11098
main 12751
main 12827
main 11584
main 12670
main 12380
main 13752
main 12140
main 11283
main 11626
main 18565
main 12549
main 12469
main 12696
main 11978
main 14212
main 13992
main 19472
main 14826
main 12781
main 11876
main 15803
main 12592
main 13577
main 12345
main 12697
main 14992
main 12713
main 10954
main 11941
main 11459
main 13237
main 16638
main 13328
main 18105
