main 275596
main 284488
main 244823
main 253685
main 320235
main 252020
main 258578
main 272429
main 624566
main 228562
main 227445
main 274152
main 338552
main 261189
main 229322
main 231241
main 280254
main 292026
main 283433
main 257631
main 249305
main 234817
main 232284
main 235388
main 269993
main 234556
main 252861
main 259312
main 354298
main 351991
main 280600
main 249429
main 261245
main 261235
main 232715
main 270329
main 251092
main 312455
main 269135
main 276677
main 305542
main 252333
main 269471
main 293302
main 265956
main 250195
main 372382
main 279923
main 297560
main 359670
main 375815
main 295467
main 280444
main 229186
main 246363
main 475697
main 242636
main 411577
main 269820
main 244558
main 238980
main 242474
main 649098
main 747644
main 244793
main 287344
main 312957
main 271744
main 241474
main 525397
main 282781
main 642325
main 653527
main 273788
main 280708
main 272359
main 520042
main 226562
main 490420
main 255187
main 270277
main 270212
main 810338
main 289180
main 254723
main 272838
main 678534
main 524087
main 613768
main 521525
main 282719
main 228816
main 480459
main 508240
main 480550
main 579454
main 264014
main 257573
main 460673
main 257858
main 229078
main 252126
main 559162
main 328258
main 273319
main 486374
main 251353
main 282435
main 265908
main 274673
main 266845
main 299924
main 234709
main 242429
main 392635
main 255894
main 338477
main 265617
main 480675
main 1005995
main 262892
main 253938
main 377763
main 269654
main 231748
main 239830
main 332412
main 437462
main 508313
main 276751
main 263210
main 258227
main 246537
main 566907
main 247128
main 321655
main 264011
main 253527
main 250825
main 321227
main 253945
main 296906
main 319574
main 282584
main 253379
main 573729
main 539763
main 448552
main 302718
main 402310
main 300425
main 267954
main 233062
main 264041
main 230265
main 234515
main 227634
main 502492
main 494550
main 286468
main 247687
main 244912
main 488241
main 415769
main 284956
main 247364
main 257812
main 253390
main 234305
main 233978
main 235962
main 408784
main 259556
main 235915
main 230204
main 491994
main 247817
main 262480
main 232561
main 487144
main 296890
main 251612
main 226568
main 525244
main 249677
main 284303
main 380150
main 388190
main 416897
main 285956
main 318084
main 277208
main 227701
main 261903
main 263719
main 404098
main 265421
main 280948
main 303277
main 239401
main 277206
main 235705
main 289941
main 280750
main 268035
main 275944
main 370271
main 234762
main 236755
main 262102
main 283442
main 278396
main 275764
main 256837
main 240768
main 240081
main 262114
main 280663
main 295259
main 287852
main 339166
main 269564
main 300514
main 372850
main 286844
main 259167
main 614289
main 455256
main 403884
main 292580
main 268423
main 332420
main 252118
main 458485
main 262327
main 551997
main 277133
main 254601
main 278804
main 395015
main 228688
main 289355
main 407766
main 270206
main 515323
main 256023
main 246582
main 266405
main 235868
main 532407
main 257142
main 425050
main 518409
main 261771
main 294683
main 259482
main 271402
main 265313
main 556086
main 238281
main 535019
main 449193
main 307702
main 301625
main 264239
main 255996
main 244775
main 260225
main 234808
main 452054
main 230115
main 264177
main 227557
main 231083
main 270973
main 305255
main 246990
main 330644
main 259516
main 252654
main 275496
main 328449
main 255239
main 241872
main 393838
main 237130
main 265162
main 276068
main 346226
main 246198
main 308134
main 304138
main 225281
main 272064
main 284472
main 417313
main 241581
main 252079
main 265388
main 273544
main 230650
main 258191
main 228716
main 233501
main 333508
main 253242
main 378185
main 230341
main 307927
main 259920
main 346198
main 282451
main 229816
main 277771
main 278932
main 290058
main 242149
main 260579
main 283060
main 269533
main 287640
main 251654
main 289513
main 246860
main 238924
main 227765
main 532993
main 283626
main 321930
main 324489
main 268573
main 258981
main 261223
main 224634
main 298548
main 251866
main 241419
main 260517
main 272012
main 238441
main 286431
main 239731
main 250829
main 279758
main 269546
main 260714
main 254945
main 242079
main 463519
main 1063619
main 321834
main 236416
main 273674
main 239170
main 233384
main 299086
main 277314
main 241797
main 252110
main 272221
main 287666
main 237053
main 261978
main 233636
main 262615
main 255829
main 241106
main 266086
main 236554
main 271848
main 257216
main 264678
main 262852
main 277414
main 266556
main 234104
main 278251
main 228581
main 256076
main 263592
main 406085
main 251005
main 328314
main 291145
main 231531
main 248062
main 253858
main 232963
main 247979
main 267812
main 240667
main 287026
main 242609
main 234592
main 267786
main 281749
main 233716
main 257024
main 295791
main 263249
main 234053
main 337007
main 230953
main 236192
main 279197
main 269363
main 256476
main 276557
main 265618
main 237930
main 234737
main 261840
main 286438
main 240073
main 252436
main 267222
main 250767
main 235340
main 236752
main 267792
main 248487
main 237411
main 246292
main 233140
main 231384
main 402907
main 254701
main 234311
main 273346
main 269160
main 244384
main 257101
main 263023
main 230515
main 257001
main 275370
main 281347
main 257088
main 264285
main 233579
main 262009
main 244134
main 294531
main 295411
main 308922
main 246444
main 263694
main 250184
main 290956
main 234944
main 266256
main 253571
main 328979
main 239336
main 236203
main 297711
main 256871
main 314376
main 260544
main 251406
main 254506
main 251825
main 268471
main 321022
main 249929
main 228574
main 297603
main 237466
main 278086
main 240127
main 306891
main 244411
main 249664
main 270008
main 252416
main 290445
main 281120
main 268534
main 312003
main 368504
main 269628
main 313004
main 285229
main 521862
main 276446
main 307649
main 336571
main 272628
main 268261
main 248639
main 238284
main 256833
main 244400
main 261978
main 228017
main 371219
main 253916
main 228442
main 500139
main 257115
main 258016
main 380676
main 280252
main 264678
main 230522
main 298651
main 261615
main 430652
main 247156
main 265420
main 289812
main 289626
main 256987
main 350950
main 278706
main 248684
main 228842
main 281338
main 334011
main 279941
main 276420
main 273388
main 241060
main 240595
main 262031
main 245293
main 263933
main 262522
main 245405
main 307828
main 242107
main 253327
main 226636
main 242454
main 270627
main 229598
main 275350
main 236463
main 305016
main 398196
main 259049
main 255464
main 266987
main 281268
main 269276
main 266832
main 241478
main 397355
main 451575
main 303091
main 265383
main 259497
main 287086
main 272573
main 250012
main 234980
main 233128
main 265797
main 271456
main 250634
main 254725
main 303197
main 259521
main 256757
main 312253
main 307682
main 257415
main 251802
main 252768
main 229471
main 257775
main 286243
main 247582
main 311108
main 307675
main 280810
main 255917
main 309697
main 315927
main 262530
main 274787
main 300615
main 279433
main 270869
main 261710
main 252701
main 245711
main 289101
main 273494
main 297936
main 271594
main 246498
main 231700
main 302904
main 280910
main 264299
main 253645
main 251551
main 230739
main 239067
main 347844
main 279427
main 254312
main 233513
main 254213
main 251600
main 281998
main 253603
main 251608
main 229360
main 263519
main 243986
main 301313
main 275607
main 266079
main 231667
main 276407
main 260829
main 252341
main 261370
main 272764
main 304234
main 334998
main 236405
main 272631
main 265486
main 237139
main 320652
main 232940
main 295051
main 303105
main 256880
main 269559
main 262912
main 608296
main 242583
main 269016
main 249082
main 252819
main 306743
main 258387
main 341123
main 280144
main 341077
main 273226
main 275696
main 254273
main 277933
main 234116
main 328430
main 248260
main 254307
main 250595
main 257951
main 253990
main 242469
main 258909
main 240157
main 318396
main 236035
main 263454
main 303706
main 268146
main 232265
main 224656
main 322649
main 253051
main 234354
main 272643
main 228772
main 228017
main 278110
main 288822
main 242340
main 266424
main 226178
main 286954
main 254165
main 246245
main 274718
main 415762
main 256961
main 282845
main 231622
main 264868
main 248080
main 285996
main 230219
main 286158
main 277121
main 295134
main 249870
main 257735
main 243046
main 257328
main 298572
main 256728
main 284580
main 354095
main 283722
main 277727
main 258131
main 227236
main 259397
main 259197
main 307403
main 242403
main 236095
main 258924
main 304458
main 277547
main 248603
main 243648
main 279260
main 268065
main 229614
main 252457
main 265223
main 257636
main 290237
main 269270
main 316359
main 273240
main 317620
main 287621
main 255266
main 259012
main 240505
main 228820
main 280150
main 267207
main 239628
main 247771
main 267239
main 258931
main 280737
main 264365
main 239130
main 251731
main 293051
main 460168
main 281036
main 384926
main 354320
main 251317
main 246945
main 225531
main 554644
main 252890
main 255004
main 251372
main 276207
main 272448
main 272676
main 290416
main 248223
main 239372
main 293462
main 276469
main 274232
main 228869
main 249745
main 270996
main 290628
main 273544
main 255157
main 235579
main 495733
main 512183
main 265445
main 269796
main 309964
main 265310
main 277408
main 320514
main 274330
main 231669
main 279804
main 234431
main 283920
main 254217
main 242313
main 274371
main 249361
main 241251
main 247932
main 242951
main 234297
main 243811
main 284807
main 243770
main 359599
main 252071
main 280361
main 255633
main 260982
main 240905
main 232286
main 229407
main 242700
main 243260
main 286997
main 228294
main 280381
main 327893
main 290493
main 232269
main 246554
main 280702
main 234402
main 269397
main 239603
main 259060
main 231792
main 272602
main 259166
main 237573
main 247712
main 283462
main 305547
main 250948
main 275652
main 243690
main 268049
main 492200
main 278455
main 232653
main 246855
main 227247
main 289661
main 234041
main 262286
main 258179
main 249892
main 286918
main 265200
main 230029
main 246500
main 235283
main 276686
main 248823
main 242521
main 230382
main 228576
main 242515
main 265038
main 266137
main 314641
main 247956
main 239097
main 397558
main 260761
main 303547
main 347440
main 319229
main 285859
main 267560
main 251637
main 288122
main 261400
main 245004
main 279902
main 249597
main 252323
main 225112
main 301861
main 349034
main 366831
main 264111
main 226227
main 249807
main 253341
main 281214
main 402514
main 284212
main 273557
main 227797
main 371387
main 261522
main 262502
main 257114
main 265613
main 296378
main 232598
main 228395
main 266818
main 262691
main 252107
main 302730
main 253735
main 271960
main 254761
main 252967
main 348172
main 283029
main 226651
main 253757
main 243668
main 234991
main 309708
main 230571
main 228552
main 263605
main 255966
main 353142
main 265871
main 247808
main 296091
main 317547
main 280023
main 540138
main 496661
main 238169
main 269834
main 234159
main 270105
main 255485
main 350159
main 251490
main 249088
main 290780
main 283506
main 274339
main 233526
main 377449
main 256468
main 472099
main 426145
main 265856
main 337071
main 249026
main 261492
main 269252
main 275611
main 282177
main 543581
main 319864
main 278969
main 232076
main 273433
main 250037
main 461638
main 262657
main 269652
main 273630
main 226905
main 288641
main 247631
main 245424
main 268782
main 231231
main 259405
main 251274
main 248226
main 253830
main 312211
main 249581
main 231110
main 281280
main 237345
main 259826
main 281095
main 349634
main 269007
main 254813
main 244601
main 233673
main 229926
main 235893
main 230892
main 250586
main 232615
main 273444
main 253713
main 239034
main 228647
main 233322
main 238232
main 244537
main 252759
main 260980
main 296889
main 228253
main 228499
main 270684
main 228970
main 340362
main 269798
main 260646
main 271833
main 248655
main 293352
main 254268
main 267191
main 328444
main 271126
main 263951
main 256005
main 268893
main 234586
