main 139021
main 97194
main 66955
main 59592
main 82252
main 104699
main 86951
main 104190
main 92352
main 96089
main 60826
main 95760
main 86651
main 57365
main 79563
main 106700
main 70331
main 63640
main 61573
main 90381
main 102648
main 79354
main 67535
main 76835
main 61286
main 58584
main 73074
main 93458
main 70807
main 58009
main 62353
main 127933
main 57397
main 60931
main 70025
main 88987
main 61305
main 182549
main 117903
main 58126
main 92041
main 57858
main 120938
main 92667
main 81399
main 60776
main 61216
main 56480
main 58625
main 71416
main 61119
main 81263
main 61259
main 63429
main 60018
main 75161
main 63210
main 61574
main 57578
main 99494
main 86124
main 69647
main 65638
main 75328
main 64797
main 84094
main 73119
main 58600
main 60459
main 61618
main 72353
main 59355
main 56889
main 61240
main 56689
main 71618
main 71435
main 83478
main 59249
main 61136
main 57350
main 59689
main 61113
main 70444
main 59533
main 65671
main 58530
main 67599
main 86045
main 68047
main 58779
main 60321
main 66813
main 62740
main 84264
main 87460
main 65029
main 59431
main 62562
main 57025
main 59935
main 61676
main 74097
main 58395
main 60064
main 77729
main 60725
main 66928
main 64136
main 59059
main 59580
main 82214
main 58773
main 59060
main 59387
main 66089
main 66772
main 57974
main 78711
main 60408
main 58335
main 88029
main 66154
main 136920
main 72364
main 81187
main 66281
main 68738
main 65290
main 70607
main 65436
main 99268
main 63079
main 66640
main 74399
main 64851
main 67172
main 68305
main 56730
main 90240
main 58198
main 82738
main 58801
main 77165
main 56993
main 76548
main 56763
main 56982
main 57325
main 68859
main 81596
main 63113
main 98284
main 84095
main 64400
main 57195
main 65238
main 59577
main 58065
main 76619
main 76114
main 59210
main 59452
main 57902
main 62243
main 72829
main 93903
main 105590
main 57054
main 59828
main 108471
main 60186
main 56353
main 57195
main 66674
main 87063
main 74076
main 62056
main 57696
main 70996
main 69793
main 59239
main 65950
main 63403
main 61367
main 83191
main 59399
main 94450
main 70551
main 57728
main 61509
main 62576
main 90541
main 105231
main 98142
main 65171
main 82474
main 56679
main 93161
main 82418
main 97690
main 58873
main 95344
main 58455
main 59789
main 73153
main 80752
main 60877
main 66361
main 65421
main 128782
main 67790
main 70876
main 67873
main 59989
main 62794
main 97159
main 117697
main 71762
main 55923
main 55084
main 60275
main 55199
main 55726
main 54428
main 58117
main 59221
main 60631
main 55746
main 56598
main 53917
main 56185
main 54895
main 56940
main 63074
main 57694
main 53523
main 55500
main 54930
main 52818
main 54492
main 55431
main 63895
main 62714
main 55204
main 53322
main 55027
main 53254
main 57249
main 60014
main 55646
main 60596
main 64772
main 54997
main 83846
main 128335
main 63056
main 55921
main 54530
main 56862
main 62817
main 53657
main 58537
main 53491
main 55378
main 54446
main 70387
main 57010
main 55340
main 53067
main 53882
main 55599
main 55980
main 55200
main 55212
main 54246
main 57773
main 55275
main 53282
main 58575
main 54677
main 53123
main 53698
main 53795
main 55008
main 57919
main 53023
main 54487
main 57007
main 54477
main 55641
main 58550
main 55313
main 135466
main 55667
main 54808
main 55989
main 54654
main 54217
main 55459
main 133368
main 71809
main 56657
main 57391
main 54063
main 55865
main 56114
main 56843
main 53812
main 54348
main 54727
main 58110
main 59178
main 57569
main 60970
main 59951
main 59079
main 89575
main 60791
main 65939
main 74456
main 74868
main 60026
main 98442
main 80850
main 60358
main 170191
main 85721
main 57538
main 64929
main 63811
main 73630
main 71779
main 58833
main 61856
main 66380
main 61652
main 60530
main 80120
main 65095
main 65395
main 66260
main 59021
main 61236
main 58733
main 64120
main 85538
main 81390
main 56075
main 55247
main 55725
main 59230
main 55773
main 53791
main 54370
main 55452
main 56818
main 56019
main 55919
main 59495
main 55413
main 56821
main 54538
main 55354
main 56503
main 55676
main 56749
main 60696
main 58151
main 53224
main 91269
main 54979
main 56430
main 53326
main 56552
main 115033
main 54013
main 55735
main 58446
main 56315
main 55921
main 153701
main 55682
main 71136
main 83031
main 56773
main 58701
main 54711
main 59042
main 58067
main 66863
main 54339
main 53879
main 55698
main 54170
main 54167
main 57120
main 57367
main 54424
main 59366
main 56276
main 56410
main 57897
main 54740
main 54459
main 57458
main 55722
main 63639
main 57033
main 57034
main 70457
main 56058
main 60128
main 76813
main 57745
main 54748
main 63617
main 56616
main 59353
main 54819
main 55743
main 159004
main 58002
main 57436
main 56310
main 55370
main 56537
main 84060
main 54943
main 57296
main 53398
main 55645
main 53668
main 60779
main 56613
main 54148
main 54924
main 59068
main 54653
main 55576
main 59707
main 58100
main 55906
main 56803
main 60182
main 56415
main 56202
main 114831
main 55564
main 56615
main 56545
main 63968
main 69474
main 56237
main 59121
main 53671
main 58072
main 56953
main 56024
main 57835
main 55103
main 64396
main 62159
main 56151
main 64445
main 917345
main 72218
main 59193
main 55561
main 54093
main 59044
main 55325
main 64786
main 55252
main 52648
main 56158
main 55591
main 69369
main 60730
main 59051
main 56269
main 58786
main 57318
main 57252
main 57712
main 64478
main 56052
main 57179
main 59105
main 57379
main 58961
main 59368
main 54920
main 58950
main 56827
main 55312
main 56071
main 56237
main 74492
main 55573
main 54145
main 57795
main 57703
main 57909
main 113846
main 76268
main 53895
main 58073
main 57483
main 54623
main 54532
main 55696
main 84893
main 52935
main 54043
main 56920
main 54986
main 55872
main 54741
main 67044
main 55069
main 55117
main 54840
main 54769
main 59358
main 54501
main 57030
main 59922
main 59251
main 56278
main 87191
main 152780
main 56343
main 61779
main 54391
main 55100
main 56583
main 141664
main 59060
main 58085
main 56797
main 59074
main 57126
main 61825
main 55524
main 57213
main 60000
main 56485
main 53029
main 55164
main 56192
main 64301
main 56822
main 62716
main 58481
main 61545
main 61996
main 61052
main 60011
main 55272
main 56133
main 78379
main 60185
main 91229
main 97173
main 92736
main 89945
main 73324
main 72339
main 58083
main 64147
main 93043
main 61048
main 60526
main 86369
main 82534
main 94992
main 64277
main 64572
main 58760
main 58590
main 77847
main 72042
main 58273
main 63520
main 80410
main 58736
main 95983
main 59561
main 60302
main 57823
main 61816
main 69055
main 56809
main 56246
main 61968
main 55968
main 57230
main 55917
main 60835
main 55618
main 66319
main 70813
main 54150
main 55629
main 53497
main 55480
main 56126
main 56043
main 54162
main 56019
main 62038
main 53443
main 61062
main 56763
main 54422
main 54558
main 65336
main 82984
main 74175
main 90778
main 54891
main 55828
main 57065
main 55053
main 64128
main 62019
main 63349
main 57323
main 87242
main 57107
main 223188
main 415536
main 56401
main 71913
main 54784
main 57994
main 55802
main 66314
main 72558
main 57952
main 56990
main 86258
main 54459
main 54703
main 57627
main 54261
main 54313
main 63711
main 58243
main 77496
main 59121
main 57731
main 53607
main 56224
main 56386
main 54037
main 56830
main 55939
main 53930
main 58150
main 55671
main 54713
main 53573
main 59717
main 57621
main 99728
main 57092
main 55013
main 65996
main 57824
main 55980
main 54616
main 56216
main 54040
main 65667
main 53890
main 59033
main 61974
main 54596
main 57326
main 59324
main 70702
main 55245
main 57393
main 56671
main 56040
main 54080
main 56554
main 55099
main 57477
main 53657
main 56006
main 53537
main 60361
main 55794
main 53972
main 56729
main 55468
main 56467
main 53879
main 55417
main 54023
main 53651
main 59673
main 72678
main 53662
main 56727
main 58522
main 53014
main 54528
main 55885
main 57096
main 70720
main 62243
main 57396
main 54649
main 55839
main 53564
main 67684
main 56544
main 54535
main 55843
main 55306
main 56465
main 54436
main 55646
main 79636
main 55855
main 55819
main 54239
main 54861
main 55251
main 56113
main 54875
main 56440
main 55229
main 55392
main 56470
main 56574
main 56796
main 64376
main 53647
main 57360
main 58665
main 54178
main 54051
main 56509
main 59894
main 55644
main 55874
main 55552
main 56525
main 60052
main 133375
main 58901
main 59778
main 59179
main 55688
main 54303
main 55252
main 56594
main 64600
main 59115
main 54741
main 55276
main 54478
main 67037
main 56439
main 63965
main 63581
main 56027
main 53413
main 62322
main 55578
main 54716
main 68881
main 60703
main 56622
main 56480
main 56668
main 54511
main 63628
main 61533
main 57099
main 57062
main 53556
main 54105
main 54077
main 54707
main 58290
main 57202
main 57362
main 53863
main 54338
main 63286
main 54202
main 54970
main 58150
main 56195
main 56615
main 55093
main 54084
main 60670
main 62842
main 55696
main 56416
main 54536
main 64545
main 56538
main 55353
main 55819
main 55570
main 70419
main 83561
main 73534
main 57586
main 187951
main 59274
main 93531
main 82477
main 63701
main 58883
main 58160
main 83872
main 114358
main 75403
main 70652
main 60839
main 63724
main 61129
main 68337
main 73296
main 78745
main 60251
main 65665
main 60558
main 58461
main 73601
main 65037
main 58733
main 63067
main 55918
main 66752
main 86655
main 66658
main 59160
main 59516
main 57565
main 57061
main 55572
main 55401
main 57312
main 58031
main 55750
main 55672
main 57287
main 56790
main 61080
main 68568
main 55450
main 55135
main 58475
main 55545
main 55329
main 60452
main 58815
main 59000
main 55635
main 109427
main 56834
main 58022
main 55110
main 71168
main 61473
main 56893
main 57541
main 55117
main 55571
main 54573
main 59546
main 55713
main 57829
main 55202
main 55447
main 61310
main 55202
main 57277
main 55138
main 54016
main 57101
main 58113
main 54190
main 63268
main 91196
main 55445
main 65281
main 54578
main 97338
main 55642
main 55007
main 58109
main 57687
main 63308
main 55582
main 55321
main 55030
main 82836
main 57947
main 71821
main 54427
main 76296
main 56676
main 59561
main 65621
main 64824
main 54745
main 55640
main 56365
main 56072
main 55661
main 54581
main 55065
main 55659
main 55319
main 54990
main 57868
main 54139
main 56776
main 56989
main 55844
main 58495
main 56640
main 53696
main 84705
main 54863
main 54629
main 56954
main 58363
main 53841
main 55106
main 54599
main 56933
main 58084
main 56405
main 57684
main 54416
main 62154
main 55875
main 58521
main 58974
main 54953
main 56916
main 60133
main 60440
main 59317
main 56266
main 56689
main 54534
main 54159
main 56651
main 55604
main 56755
main 57421
main 54676
main 56899
main 54695
main 53882
main 83488
main 54418
main 53663
main 54912
main 63187
main 57569
main 56266
main 54556
main 56676
main 53632
main 55481
main 57363
main 54341
main 56474
main 56189
main 54307
main 74064
main 56366
main 56499
main 54650
main 53673
main 61394
main 110432
main 86744
main 148953
main 53784
main 54414
main 54960
main 56604
main 56336
main 56490
main 53562
