main 1187973
main 508333
main 500931
main 814750
main 537325
main 482907
main 472741
main 498418
main 591179
main 498103
main 439330
main 452103
main 466246
main 472903
main 463269
main 472945
main 441072
main 439284
main 475624
main 440068
main 479117
main 448657
main 444717
main 445142
main 434473
main 465601
main 449885
main 470859
main 420886
main 464924
main 465118
main 454650
main 456120
main 448097
main 457319
main 445954
main 469622
main 446538
main 449505
main 482784
main 467513
main 452311
main 459830
main 467834
main 445471
main 448344
main 455705
main 437496
main 446894
main 442898
main 440415
main 438342
main 458177
main 452963
main 427955
main 474277
main 424032
main 433760
main 428783
main 426466
main 523347
main 421432
main 430999
main 420701
main 473609
main 478897
main 437159
main 437254
main 545302
main 434735
main 426866
main 420270
main 454052
main 421575
main 431722
main 419659
main 424640
main 503730
main 426651
main 438102
main 440478
main 545947
main 430682
main 465937
main 433606
main 475789
main 460712
main 440344
main 432333
main 431011
main 469582
main 464707
main 428626
main 433309
main 422554
main 461331
main 448999
main 437775
main 423808
main 448043
main 454621
main 542474
main 423799
main 423853
main 539771
main 436450
main 496492
main 450105
main 435899
main 422197
main 494328
main 429393
main 440219
main 494874
main 438644
main 489055
main 460566
main 448747
main 462332
main 491659
main 435384
main 509364
main 448268
main 429975
main 446118
main 439868
main 491923
main 434672
main 455110
main 463417
main 423422
main 483635
main 448505
main 425962
main 436100
main 425611
main 439840
main 437878
main 467365
main 445548
main 466083
main 420096
main 405687
main 427607
main 432587
main 473680
main 477473
main 447791
main 451775
main 422296
main 449354
main 431303
main 420299
main 425417
main 456882
main 454218
main 427662
main 431178
main 563264
main 428713
main 446627
main 402948
main 422020
main 425726
main 484684
main 464555
main 435458
main 436076
main 437909
main 424674
main 432789
main 435799
main 477033
main 456529
main 435579
main 433471
main 438182
main 433222
main 441703
main 478119
main 411725
main 494378
main 473718
main 444577
main 440630
main 434296
main 462020
main 424161
main 424326
main 426412
main 405799
main 444865
main 446169
main 459200
main 430102
main 469027
main 445930
main 431753
main 420111
main 414822
main 443468
main 419137
main 395761
main 429144
main 435408
main 404864
main 441289
main 431197
main 428484
main 447432
main 431118
main 429566
main 435015
main 453382
main 473363
main 403870
main 423695
main 418998
main 472698
main 469540
main 418628
main 428965
main 442425
main 464338
main 444515
main 428943
main 439392
main 428951
main 444906
main 459269
main 424757
main 434335
main 445924
main 497581
main 471649
main 440739
main 442778
main 420332
main 419620
main 432076
main 420581
main 465437
main 441396
main 423872
main 428080
main 441854
main 410620
main 429259
main 428025
main 420706
main 452735
main 450837
main 489016
main 434881
main 440375
main 447784
main 406660
main 445875
main 448238
main 489940
main 455315
main 439841
main 465930
main 434678
main 63774517
main 481337
main 442037
main 441035
main 459792
main 441204
main 536418
main 466953
main 488625
main 537168
main 496558
main 456304
main 457047
main 442154
main 446592
main 457806
main 457253
main 577795
main 507506
main 481510
main 482635
main 456116
main 443516
main 476667
main 446711
main 449278
main 449962
main 459377
main 512463
main 477941
main 471978
main 450431
main 475987
main 515583
main 481752
main 461750
main 455226
main 474703
main 440627
main 446540
main 835600
main 652711
main 581734
main 536719
main 547275
main 529822
main 549154
main 556084
main 506045
main 526221
main 532278
main 525674
main 516087
main 497282
main 535122
main 518627
main 537121
main 515816
main 526850
main 550582
main 529625
main 523353
main 539501
main 525452
main 541313
main 527115
main 517749
main 553234
main 524945
main 534523
main 531844
main 500794
main 507704
main 516650
main 530360
main 505017
main 500224
main 518958
main 516181
main 514698
main 525016
main 529476
main 515214
main 520999
main 513404
main 512762
main 506024
main 498560
main 545246
main 524974
main 520902
main 489976
main 499230
main 554842
main 488035
main 509447
main 517228
main 529726
main 529384
main 527288
main 495935
main 502065
main 520637
main 564085
main 524586
main 513055
main 510756
main 499698
main 492694
main 519063
main 506259
main 542893
main 536027
main 493538
main 577022
main 537367
main 501812
main 528290
main 523929
main 557329
main 504696
main 507672
main 499268
main 539028
main 537039
main 506655
main 518194
main 507094
main 534779
main 523883
main 505824
main 537042
main 508158
main 515177
main 538599
main 502834
main 517686
main 515166
main 518890
main 607832
main 543393
main 508566
main 499570
main 538232
main 494570
main 518151
main 513790
main 540153
main 494756
main 548039
main 552970
main 498363
main 521709
main 546346
main 562900
main 576120
main 655665
main 530320
main 517908
main 576381
main 533199
main 512624
main 513512
main 496889
main 524731
main 510787
main 505197
main 529531
main 521563
main 502339
main 548053
main 556021
main 504601
main 498133
main 545463
main 515314
main 491795
main 530324
main 498852
main 516310
main 556029
main 504457
main 519359
main 491429
main 502386
main 533623
main 507120
main 499527
main 512825
main 527840
main 496207
main 555355
main 517021
main 505411
main 525249
main 492197
main 506720
main 499423
main 546594
main 523036
main 550286
main 538572
main 541567
main 572285
main 543385
main 544040
main 578738
main 505844
main 501993
main 516268
main 495237
main 520731
main 522250
main 534558
main 580349
main 529455
main 540980
main 495019
main 498644
main 517205
main 514794
main 497291
main 493440
main 523892
main 522788
main 515858
main 495772
main 499686
main 532239
main 506431
main 504643
main 519524
main 514762
main 540091
main 560953
main 513685
main 575182
main 592086
main 513898
main 586679
main 525873
main 515820
main 513823
main 509058
main 509669
main 502853
main 519665
main 532076
main 520712
main 541789
main 524876
main 506934
main 498218
main 565268
main 501782
main 525769
main 530226
main 501848
main 492254
main 536702
main 493416
main 516020
main 559627
main 530555
main 500806
main 518930
main 500339
main 514831
main 511895
main 492596
main 508462
main 518882
main 521414
main 502383
main 521050
main 492013
main 505358
main 552601
main 496342
main 503567
main 503515
main 594944
main 573413
main 525816
main 505809
main 493088
main 530107
main 533871
main 504635
main 501962
main 560245
main 525618
main 492045
main 497286
main 503923
main 530622
main 506167
main 493604
main 532506
main 528463
main 536745
main 512218
main 496867
main 671915
main 562153
main 492572
main 499430
main 695769
main 513605
main 527495
main 535173
main 512108
main 518420
main 537677
main 505028
main 513553
main 543393
main 564366
main 528175
main 500299
main 495991
main 540322
main 503665
main 524105
main 530808
main 514191
main 545982
main 506281
main 498607
main 527929
main 522646
main 516605
main 499618
main 529281
main 544866
main 520728
main 503133
main 499584
main 521369
main 522167
main 517846
main 491195
main 530212
main 496456
main 535290
main 510614
main 520304
main 496772
main 512172
main 565097
main 523007
main 588811
main 536533
main 518338
main 488125
main 494602
main 489336
main 498554
main 529888
main 495760
main 517904
main 511147
main 518462
main 558451
main 523145
main 519274
main 573328
main 531987
main 507163
main 515418
main 494843
main 501952
main 521444
main 507924
main 513059
main 494751
main 512750
main 495254
main 494328
main 489064
main 596343
main 513837
main 581102
main 505255
main 494541
main 548452
main 633917
main 546677
main 514329
main 516935
main 523292
main 528730
main 490610
main 573368
main 543815
main 503000
main 594292
main 513601
main 525112
main 532359
main 515702
main 544547
main 517882
main 542597
main 520584
main 507940
main 505620
main 523017
main 520014
main 496979
main 490791
main 505522
main 524948
main 533174
main 497728
main 518432
main 525166
main 494067
main 511629
main 521830
main 497091
main 539874
main 492740
main 521578
main 516386
main 493778
main 540439
main 543773
main 512398
main 497025
main 569257
main 522886
main 494868
main 514479
main 522551
main 491515
main 505251
main 538653
main 547283
main 536778
main 507947
main 509725
main 495596
main 550205
main 510756
main 509578
main 536957
main 534350
main 509633
main 501371
main 527886
main 499014
main 540844
main 503872
main 554726
main 530899
main 496769
main 559013
main 502789
main 528105
main 495194
main 534663
main 490292
main 520821
main 519346
main 558947
main 508552
main 497939
main 511206
main 510570
main 556444
main 557532
main 522418
main 512508
main 523701
main 497614
main 543943
main 525493
main 557033
main 726776
main 477777
main 506259
main 455303
main 456397
main 467151
main 477141
main 464402
main 488172
main 477726
main 490064
main 447254
main 490016
main 499016
main 444419
main 550493
main 484344
main 476207
main 426138
main 444407
main 450803
main 447470
main 557858
main 452007
main 483579
main 456661
main 465064
main 482229
main 456205
main 523649
main 478337
main 466698
main 450230
main 471237
main 432379
main 445265
main 473478
main 454304
main 453575
main 451842
main 498225
main 446577
main 451515
main 506968
main 479277
main 446835
main 442368
main 431030
main 470907
main 473672
main 448793
main 467635
main 451382
main 473976
main 471740
main 455383
main 442543
main 481417
main 510991
main 479120
main 447933
main 457001
main 447773
main 481269
main 484105
main 442031
main 454584
main 462677
main 470753
main 447891
main 458737
main 442847
main 514861
main 467159
main 469039
main 429428
main 472459
main 464083
main 573249
main 487669
main 475309
main 494399
main 566429
main 459283
main 430340
main 466949
main 453442
main 471353
main 485532
main 460388
main 476877
main 497300
main 440987
main 456469
main 447768
main 448428
main 472859
main 445618
main 454463
main 480154
main 494236
main 639623
main 446404
main 465676
main 446012
main 483193
main 457235
main 460775
main 453213
main 459148
main 487584
main 453180
main 451645
main 462009
main 498725
main 477311
main 437812
main 472368
main 449897
main 551341
main 464139
main 443981
main 462667
main 443077
main 448314
main 475734
main 429621
main 477779
main 459717
main 499584
main 451128
main 454874
main 489164
main 472887
main 453831
main 465479
main 464996
main 449966
main 457374
main 451647
main 545254
main 477530
main 463483
main 458257
main 426889
main 477731
main 481213
main 500701
main 456090
main 523476
main 451990
main 500064
main 454114
main 455879
main 533175
main 460323
main 444628
main 457549
main 493348
main 458886
main 482093
main 457417
main 450113
main 463464
main 456121
main 466879
main 465514
main 465833
main 445812
main 521641
main 461092
main 455743
main 427641
main 473478
main 497821
main 468377
main 450116
main 491094
main 542987
main 459215
main 598376
main 510542
main 510610
main 478079
main 444768
main 454414
main 448500
main 493788
main 446416
main 444257
main 441611
main 444934
main 568089
main 446791
main 470158
main 458886
main 441331
main 464401
main 456814
main 512401
main 467884
main 455265
main 450972
main 468663
main 460827
main 488196
main 493829
main 441698
main 451851
main 445038
main 469435
main 457379
main 472780
main 460805
main 485967
main 485882
main 494851
main 448820
main 443881
main 459427
main 461161
main 456417
main 467487
main 467861
main 476142
main 532880
main 440992
main 545843
main 461887
main 472383
main 445830
main 450333
main 546387
main 472456
main 496329
main 470607
main 430960
main 533842
main 454350
main 455054
main 489924
main 451442
main 463500
main 456120
main 444812
main 452615
main 439851
main 471965
main 462700
main 453097
main 472542
main 467610
main 449246
main 444404
main 446200
main 444884
main 474096
