main 259850
main 200324
main 198700
main 204269
main 199853
main 201167
main 207506
main 205521
main 202332
main 208053
main 203947
main 198140
main 195829
main 201463
main 203629
main 200802
main 199644
main 200678
main 203104
main 202575
main 198144
main 202514
main 201981
main 205276
main 191732
main 201748
main 201605
main 189951
main 190915
main 203024
main 182899
main 199570
main 200495
main 201982
main 203265
main 201922
main 199383
main 200812
main 189217
main 191582
main 199539
main 191540
main 190289
main 232499
main 186326
main 197900
main 187632
main 188458
main 187500
main 182684
main 198816
main 196130
main 191600
main 188477
main 187836
main 185734
main 173992
main 188755
main 187310
main 187315
main 288989
main 188111
main 185715
main 249803
main 202200
main 211552
main 188767
main 187588
main 173905
main 230594
main 293087
main 190832
main 179549
main 216822
main 184435
main 194072
main 191348
main 188415
main 188512
main 200395
main 220873
main 185838
main 185606
main 186241
main 199357
main 187430
main 187813
main 187545
main 185604
main 203919
main 190591
main 187331
main 201917
main 172282
main 201534
main 175750
main 191349
main 189976
main 187145
main 198592
main 185753
main 188406
main 174415
main 176377
main 198989
main 192828
main 194159
main 187869
main 235470
main 203800
main 207006
main 219042
main 187687
main 188192
main 198228
main 218252
main 186588
main 174576
main 191639
main 197411
main 183917
main 195149
main 190929
main 171922
main 202326
main 217680
main 183996
main 189060
main 186945
main 202314
main 187307
main 202255
main 174337
main 187780
main 186053
main 200626
main 184645
main 186029
main 189178
main 199475
main 199288
main 229898
main 188311
main 306632
main 184842
main 176195
main 189381
main 188294
main 187697
main 201348
main 190287
main 218625
main 186808
main 196624
main 232906
main 188633
main 187274
main 171759
main 186094
main 229172
main 189223
main 189265
main 189889
main 234279
main 198284
main 191922
main 188329
main 187506
main 189630
main 244215
main 191462
main 185787
main 186830
main 172698
main 243694
main 188186
main 178362
main 187760
main 173494
main 199496
main 188772
main 190435
main 189201
main 231953
main 201321
main 177741
main 218924
main 192158
main 174163
main 247820
main 235419
main 190687
main 191459
main 190275
main 205930
main 188277
main 186082
main 189431
main 174794
main 200188
main 190883
main 188242
main 245905
main 188363
main 199460
main 186884
main 190624
main 172443
main 186180
main 185853
main 174599
main 189571
main 230666
main 191289
main 198892
main 187417
main 216948
main 188774
main 184248
main 190343
main 187769
main 186976
main 218074
main 222247
main 233982
main 188621
main 187035
main 204796
main 186356
main 188370
main 247765
main 276307
main 188070
main 184090
main 189587
main 188809
main 185392
main 190114
main 212484
main 173712
main 231501
main 188855
main 186692
main 196681
main 189273
main 188044
main 193460
main 189274
main 185402
main 187808
main 173341
main 173222
main 188089
main 196418
main 178052
main 190696
main 186556
main 175728
main 189806
main 187970
main 188193
main 173140
main 192720
main 199929
main 175735
main 191140
main 198904
main 190746
main 203036
main 174310
main 176629
main 264834
main 190644
main 198984
main 173765
main 189389
main 233623
main 180523
main 199508
main 187937
main 190300
main 186768
main 172334
main 205032
main 187380
main 186504
main 217521
main 187836
main 198085
main 190539
main 188821
main 188334
main 275811
main 176404
main 186891
main 188982
main 187077
main 199664
main 231258
main 233015
main 191197
main 187692
main 215994
main 191149
main 191129
main 211939
main 195588
main 197704
main 188306
main 188376
main 173802
main 218734
main 199839
main 187020
main 193487
main 188947
main 174190
main 196424
main 187526
main 187872
main 185633
main 186828
main 200695
main 260140
main 174836
main 188109
main 185842
main 227561
main 186485
main 189259
main 186068
main 188990
main 197429
main 217385
main 175144
main 187591
main 186331
main 208230
main 173854
main 186550
main 190488
main 175270
main 200055
main 221711
main 187545
main 217468
main 188147
main 199823
main 174641
main 187325
main 188145
main 172187
main 228628
main 185497
main 187537
main 190776
main 191788
main 228088
main 187391
main 186572
main 216370
main 187755
main 195881
main 186250
main 188838
main 189782
main 186021
main 273997
main 174216
main 189516
main 192059
main 198933
main 203421
main 190048
main 189692
main 187787
main 228880
main 186259
main 190017
main 190083
main 282143
main 184146
main 187369
main 187674
main 175015
main 187974
main 197944
main 232156
main 306807
main 185804
main 188929
main 200884
main 189485
main 185314
main 192257
main 192215
main 202477
main 234880
main 185514
main 190034
main 235636
main 200653
main 246952
main 192833
main 176680
main 189764
main 186883
main 188995
main 175735
main 176857
main 175538
main 188632
main 218393
main 190544
main 189655
main 190002
main 183320
main 187235
main 207867
main 190522
main 206180
main 201503
main 189281
main 191319
main 174334
main 187721
main 205558
main 217672
main 187446
main 217559
main 246149
main 213843
main 186470
main 187511
main 187999
main 189365
main 201097
main 188778
main 171703
main 215539
main 174472
main 206656
main 185803
main 189920
main 188915
main 182736
main 188936
main 276113
main 203031
main 186348
main 203126
main 187472
main 186641
main 187163
main 175517
main 229353
main 186805
main 189101
main 186427
main 185970
main 200867
main 193516
main 216954
main 190946
main 188346
main 198518
main 189473
main 189363
main 177490
main 187505
main 204541
main 186263
main 174979
main 189192
main 189059
main 198265
main 247447
main 174440
main 172288
main 187295
main 198959
main 191368
main 188810
main 187261
main 249506
main 189528
main 190142
main 175964
main 188212
main 188118
main 198507
main 185761
main 190496
main 188789
main 190161
main 202553
main 219317
main 189900
main 191517
main 188231
main 206022
main 174002
main 186317
main 187988
main 189602
main 200856
main 187553
main 188840
main 188371
main 175715
main 199739
main 177282
main 192092
main 192336
main 186940
main 201183
main 179476
main 190615
main 189737
main 218822
main 202199
main 190112
main 174224
main 187773
main 199943
main 217290
main 185936
main 174880
main 188495
main 186892
main 189845
main 192926
main 185441
main 189743
main 201382
main 187935
main 186992
main 252672
main 216689
main 202339
main 185486
main 174124
main 231259
main 173921
main 200316
main 193973
main 174381
main 187625
main 187440
main 225707
main 176434
main 193203
main 187726
main 186444
main 199256
main 188026
main 188765
main 247508
main 184411
main 197203
main 185416
main 186924
main 185845
main 188459
main 197164
main 188027
main 193238
main 234114
main 188732
main 202059
main 188582
main 173599
main 186737
main 190158
main 202832
main 187703
main 192042
main 232197
main 187661
main 200275
main 188038
main 186104
main 188298
main 197735
main 260222
main 185584
main 187771
main 174129
main 187688
main 196851
main 175698
main 188111
main 188416
main 172311
main 257434
main 247206
main 184907
main 187868
main 200168
main 228854
main 184491
main 184934
main 187484
main 174529
main 200322
main 187573
main 185596
main 293508
main 189085
main 200866
main 191436
main 226070
main 199936
main 190621
main 198556
main 188449
main 172639
main 189213
main 175647
main 200733
main 189376
main 192067
main 188031
main 172986
main 261305
main 219300
main 231309
main 190671
main 175501
main 200096
main 191438
main 190964
main 192483
main 190559
main 197807
main 188385
main 188624
main 173062
main 191416
main 188631
main 188834
main 175827
main 187556
main 191278
main 202570
main 187561
main 175855
main 218062
main 188896
main 199700
main 188692
main 187040
main 188035
main 192537
main 185425
main 246605
main 188210
main 189731
main 217345
main 199242
main 187786
main 185760
main 187619
main 187275
main 200953
main 191879
main 217049
main 188201
main 248774
main 201968
main 192118
main 187487
main 190002
main 187150
main 245441
main 188524
main 190349
main 185929
main 201580
main 191726
main 185379
main 189524
main 178978
main 247272
main 220670
main 172658
main 187714
main 184713
main 213616
main 186756
main 230887
main 185468
main 172047
main 186608
main 187249
main 188381
main 186321
main 189156
main 202309
main 172903
main 189429
main 187776
main 191986
main 257390
main 189003
main 189229
main 190584
main 187554
main 200925
main 187704
main 189977
main 178314
main 193105
main 200494
main 188640
main 188267
main 189983
main 186467
main 198297
main 190042
main 188369
main 188270
main 191909
main 186895
main 187875
main 187444
main 189913
main 188594
main 199774
main 194011
main 191097
main 187513
main 185825
main 245818
main 249011
main 186148
main 188965
main 175118
main 186234
main 190208
main 188273
main 188288
main 186499
main 184219
main 173419
main 190146
main 223258
main 247228
main 185538
main 187408
main 172477
main 187121
main 187990
main 204786
main 202569
main 186040
main 191227
main 192275
main 201029
main 174826
main 232942
main 202858
main 173037
main 198938
main 189168
main 188448
main 188892
main 188056
main 193241
main 187844
main 173868
main 188462
main 185886
main 200815
main 192549
main 187638
main 486772
main 232625
main 199701
main 170529
main 186702
main 186817
main 186526
main 184147
main 185861
main 174371
main 188160
main 263726
main 200695
main 187080
main 188240
main 216547
main 261696
main 200345
main 186902
main 188491
main 231998
main 174485
main 184855
main 188988
main 187248
main 184714
main 280421
main 199509
main 191755
main 189802
main 176847
main 174629
main 200501
main 186313
main 191271
main 190433
main 218383
main 198468
main 187414
main 190907
main 189784
main 188071
main 198236
main 186422
main 219544
main 171563
main 173284
main 228495
main 219101
main 231548
main 173186
main 194161
main 205094
main 198115
main 197943
main 209974
main 189654
main 412364
main 191722
main 250971
main 219305
main 174452
main 201485
main 188039
main 187710
main 188305
main 193850
main 203550
main 216899
main 223849
main 186735
main 187493
main 185786
main 199690
main 187344
main 187243
main 233526
main 197387
main 247246
main 195067
main 189770
main 185336
main 200997
main 178986
main 188207
main 185511
main 193748
main 197753
main 187288
main 184051
main 188855
main 186963
main 200223
main 174482
main 216737
main 189047
main 173635
main 196357
main 188200
main 187046
main 186609
main 188025
main 201796
main 186320
main 174738
main 186652
main 223163
main 200671
main 175746
main 172562
main 191290
main 188287
main 199539
main 187600
main 174133
main 172411
main 189955
main 183915
main 174850
main 176911
main 188449
main 187546
main 184629
main 187561
main 172218
main 188003
main 190395
main 186417
main 172874
main 186138
main 187713
main 198406
main 187704
main 191045
main 173502
main 187502
main 198762
main 189274
main 190539
main 186807
main 188706
main 222592
main 188790
main 172492
main 186152
main 189304
main 201427
main 193625
main 175049
main 173045
main 187611
main 199507
main 188475
main 216929
main 188153
main 186873
main 188081
main 188954
main 183654
main 173286
main 247518
main 200514
main 173331
main 185965
main 197628
main 185331
main 199571
main 218026
main 173918
main 188288
main 188846
main 197224
main 185611
main 191116
main 187202
main 195881
main 197041
main 190826
main 187306
main 214759
main 245787
main 184268
main 189100
main 188594
main 190044
main 188849
main 198609
main 187994
main 185386
main 174009
main 218154
main 199081
main 188030
main 185345
main 193276
main 186771
main 183083
main 172844
main 196997
main 179019
main 171570
main 185554
main 193065
main 191085
main 177058
main 189649
main 200660
main 194654
main 173786
main 187860
main 260107
main 186334
main 188865
main 189981
main 203975
main 204154
main 188565
main 190147
main 192987
main 186143
main 183500
main 184750
main 263258
main 195298
