main 541653
main 477707
main 442835
main 441481
main 417781
main 417811
main 448298
main 414968
main 429038
main 418496
main 423711
main 416952
main 429235
main 467954
main 414976
main 446429
main 411969
main 420920
main 414816
main 413247
main 425110
main 411299
main 480058
main 430512
main 424283
main 422988
main 407938
main 410223
main 416950
main 423717
main 422127
main 426718
main 471334
main 473008
main 464832
main 413671
main 426063
main 417717
main 409086
main 415734
main 420247
main 422515
main 422528
main 482113
main 437096
main 481262
main 415659
main 405233
main 470192
main 412838
main 416410
main 423712
main 412883
main 462354
main 422604
main 426438
main 414044
main 431014
main 417714
main 474244
main 407904
main 421319
main 417394
main 420648
main 434442
main 405143
main 413154
main 436084
main 492502
main 480785
main 430267
main 413870
main 424699
main 424425
main 430799
main 413276
main 423772
main 418640
main 425065
main 480728
main 447216
main 423232
main 413984
main 415452
main 478739
main 426119
main 489973
main 471528
main 410517
main 415920
main 484991
main 428433
main 423782
main 421924
main 444216
main 416257
main 424115
main 424262
main 410128
main 419815
main 417383
main 492733
main 414801
main 425944
main 469018
main 404936
main 414868
main 403695
main 413897
main 407197
main 414738
main 467270
main 411618
main 467170
main 408753
main 423340
main 416858
main 476021
main 399301
main 409376
main 419040
main 415712
main 477253
main 414251
main 413105
main 421154
main 495673
main 410004
main 427598
main 433964
main 470615
main 403693
main 410990
main 411600
main 416459
main 412286
main 412226
main 411906
main 424695
main 459631
main 427687
main 415086
main 416005
main 407607
main 420955
main 466701
main 408288
main 497666
main 413442
main 464833
main 419782
main 407256
main 535333
main 476921
main 411757
main 472057
main 411523
main 421964
main 480451
main 418123
main 472990
main 423415
main 420933
main 415787
main 431367
main 478215
main 477091
main 476676
main 424792
main 414691
main 446003
main 481654
main 419482
main 459814
main 468804
main 417516
main 401581
main 420950
main 414212
main 411987
main 413216
main 480335
main 408977
main 422434
main 479044
main 469537
main 464089
main 474259
main 417585
main 421114
main 412154
main 438628
main 427498
main 423446
main 413294
main 421252
main 424603
main 478179
main 448435
main 422183
main 425720
main 428169
main 428220
main 421543
main 419928
main 421545
main 413091
main 464403
main 411061
main 417895
main 415155
main 484702
main 404558
main 487365
main 406362
main 490333
main 474745
main 415613
main 419305
main 419019
main 421945
main 464177
main 412909
main 424980
main 426394
main 425058
main 421576
main 415762
main 480036
main 420505
main 423689
main 416050
main 415878
main 478537
main 432691
main 422904
main 412105
main 433397
main 415623
main 429428
main 418803
main 424905
main 408169
main 426524
main 427826
main 414850
main 428540
main 470029
main 412812
main 469496
main 436508
main 428412
main 421568
main 422346
main 421087
main 437740
main 486154
main 422170
main 426382
main 421428
main 473446
main 408404
main 413515
main 404405
main 429547
main 411206
main 423642
main 412848
main 405740
main 421035
main 423155
main 413231
main 423148
main 402833
main 510156
main 478385
main 421916
main 464181
main 478651
main 423485
main 415049
main 412486
main 469267
main 417459
main 473718
main 410325
main 417820
main 422836
main 422803
main 405812
main 475841
main 412195
main 415056
main 408284
main 424274
main 424203
main 474427
main 420934
main 401460
main 438237
main 471669
main 477446
main 467892
main 414574
main 457461
main 404901
main 423856
main 445468
main 426918
main 415053
main 413680
main 405467
main 414222
main 412527
main 411990
main 421151
main 412537
main 417626
main 421931
main 414979
main 474607
main 411735
main 409292
main 429173
main 422120
main 424141
main 415163
main 425046
main 442184
main 481115
main 459763
main 471853
main 494565
main 421488
main 441668
main 405643
main 411760
main 416609
main 422674
main 421913
main 411595
main 413829
main 420290
main 426635
main 427364
main 527549
main 449286
main 477032
main 472457
main 412955
main 428260
main 413933
main 412803
main 429313
main 425860
main 413915
main 443284
main 422594
main 477701
main 515476
main 412477
main 426044
main 413493
main 493245
main 420012
main 453785
main 434385
main 423648
main 425176
main 412462
main 414564
main 424591
main 471117
main 414968
main 415076
main 425324
main 422727
main 428634
main 418732
main 471369
main 403014
main 479413
main 482772
main 440692
main 423687
main 433145
main 483967
main 400915
main 411344
main 419097
main 429905
main 424930
main 414146
main 410066
main 414526
main 413888
main 423402
main 416119
main 425641
main 425899
main 417599
main 427783
main 425663
main 416205
main 430864
main 472567
main 427514
main 422755
main 423574
main 412863
main 424493
main 423281
main 423127
main 460705
main 409973
main 421046
main 470962
main 419658
main 415538
main 479471
main 409934
main 407817
main 421988
main 407108
main 427568
main 421095
main 423185
main 424036
main 422946
main 415416
main 412960
main 428307
main 430743
main 416413
main 415615
main 415519
main 415183
main 405346
main 486409
main 410287
main 418267
main 411110
main 414218
main 413840
main 404124
main 410139
main 426251
main 421184
main 414042
main 424722
main 419158
main 430909
main 424281
main 420664
main 433453
main 423938
main 419710
main 426568
main 410902
main 475878
main 413650
main 410969
main 498059
main 410856
main 402903
main 415566
main 412443
main 432340
main 410013
main 409588
main 403983
main 524043
main 411137
main 419934
main 427061
main 406363
main 420733
main 402501
main 410821
main 420314
main 411189
main 421786
main 477363
main 421359
main 409299
main 401642
main 404722
main 410079
main 494695
main 417841
main 420787
main 421444
main 419874
main 422292
main 466100
main 415291
main 414333
main 420466
main 420182
main 429372
main 423555
main 415583
main 408171
main 413695
main 421377
main 425911
main 414048
main 470630
main 417358
main 420473
main 417897
main 421554
main 488281
main 421556
main 413757
main 435327
main 428289
main 412802
main 423941
main 421211
main 476110
main 417161
main 419197
main 424599
main 412478
main 426930
main 416671
main 413232
main 402427
main 416835
main 422689
main 409286
main 483076
main 410842
main 415218
main 418519
main 401720
main 491443
main 435457
main 413849
main 418114
main 425060
main 420136
main 417071
main 411683
main 408855
main 412686
main 432064
main 417959
main 415025
main 430345
main 426350
main 441766
main 423043
main 543775
main 432441
main 460090
main 454386
main 503866
main 493366
main 425525
main 423528
main 422974
main 457612
main 414639
main 436925
main 425899
main 407949
main 433260
main 426567
main 413888
main 426228
main 474015
main 421923
main 425040
main 413406
main 426432
main 436201
main 406945
main 426622
main 487239
main 404626
main 431140
main 420702
main 421659
main 532234
main 476248
main 422617
main 411224
main 422147
main 401909
main 415917
main 406058
main 414333
main 411961
main 424662
main 432093
main 414774
main 401863
main 411537
main 424177
main 433916
main 477535
main 401766
main 415856
main 422007
main 431218
main 408914
main 413088
main 413099
main 422990
main 444716
main 415912
main 412744
main 438766
main 426113
main 418943
main 411781
main 417788
main 407647
main 417359
main 426362
main 414166
main 419973
main 444542
main 412907
main 421946
main 413861
main 430467
main 417576
main 412525
main 427394
main 429891
main 435329
main 417154
main 452186
main 475588
main 425213
main 413325
main 426742
main 426303
main 423978
main 424559
main 423294
main 427551
main 413690
main 414842
main 418244
main 422944
main 425277
main 424233
main 421624
main 472415
main 444356
main 411446
main 408706
main 421771
main 412586
main 427336
main 416829
main 421616
main 418545
main 410247
main 414895
main 425724
main 423258
main 423417
main 419330
main 421198
main 411702
main 461432
main 430410
main 415967
main 476809
main 409413
main 420362
main 417503
main 411004
main 477177
main 415716
main 410553
main 419446
main 422360
main 416445
main 413607
main 429068
main 415853
main 425300
main 422927
main 405927
main 409538
main 424583
main 419125
main 414893
main 431287
main 426063
main 422643
main 409886
main 453723
main 420733
main 408972
main 401612
main 422285
main 411434
main 420377
main 414593
main 425113
main 416221
main 417376
main 414698
main 437351
main 415077
main 418944
main 458048
main 411205
main 414183
main 417055
main 417175
main 424693
main 420112
main 423643
main 423556
main 473301
main 409462
main 420853
main 457896
main 431475
main 417050
main 434659
main 494742
main 443195
main 409499
main 412597
main 430416
main 420850
main 473795
main 480550
main 417052
main 419438
main 417119
main 424976
main 420625
main 464810
main 407050
main 468135
main 421450
main 418241
main 406051
main 414562
main 425540
main 409869
main 405699
main 410336
main 410444
main 433900
main 460971
main 418360
main 454868
main 411892
main 411859
main 456397
main 411535
main 403923
main 423563
main 416670
main 420171
main 418143
main 410791
main 423107
main 421043
main 412898
main 433483
main 428645
main 406010
main 423383
main 410448
main 485508
main 417361
main 428366
main 469495
main 409986
main 411973
main 420740
main 418897
main 413588
main 409117
main 434717
main 410602
main 415986
main 424808
main 494744
main 423992
main 423359
main 413897
main 477744
main 421707
main 425763
main 502194
main 413770
main 425138
main 438103
main 413705
main 475491
main 480252
main 403653
main 478121
main 413627
main 406109
main 416557
main 413987
main 414906
main 414273
main 410051
main 435389
main 413167
main 411790
main 421468
main 420614
main 413330
main 456398
main 414838
main 423617
main 419367
main 414440
main 459286
main 475127
main 409850
main 466993
main 419779
main 438957
main 419783
main 401743
main 418756
main 415952
main 415185
main 463509
main 421514
main 456184
main 419895
main 448706
main 413023
main 522247
main 422101
main 468804
main 451121
main 421630
main 415234
main 417265
main 472451
main 410032
main 419333
main 432260
main 419797
main 418745
main 470642
main 411865
main 424034
main 426123
main 412369
main 414340
main 477657
main 419748
main 414709
main 422243
main 419796
main 440359
main 419516
main 479348
main 419827
main 411752
main 420957
main 414364
main 404898
main 421058
main 414947
main 416688
main 411270
main 416588
main 411498
main 421342
main 420624
main 425932
main 401941
main 415612
main 415656
main 402782
main 420789
main 537844
main 405012
main 448346
main 413360
main 415675
main 401487
main 411909
main 417539
main 403449
main 421843
main 413324
main 417882
main 414924
main 470419
main 411151
main 418588
main 414966
main 423990
main 475868
main 468419
main 404885
main 458666
main 468704
main 453107
main 413297
main 445945
main 471407
main 417341
main 417698
main 423721
main 413748
main 413296
main 419341
main 403551
main 452833
main 420215
main 413873
main 413115
main 477156
main 429914
main 428229
main 428359
main 420655
main 467411
main 473053
main 419591
main 420729
main 439336
main 414805
main 465538
main 410950
main 419330
main 476817
main 422364
main 464835
main 420644
main 475591
main 412179
main 431089
main 424198
main 419587
main 413649
main 424085
main 473440
main 414295
main 411975
main 452638
main 421439
main 410465
main 415017
main 427583
main 408642
main 430338
main 466379
main 413443
main 413370
main 410148
main 442232
main 467784
main 413909
main 415667
main 418713
main 479895
main 414164
main 472082
main 422121
main 408791
main 481332
main 483920
main 454741
main 468167
main 459043
main 424098
main 409233
main 412719
main 478871
main 414536
main 413066
main 479109
main 412642
main 423878
main 415437
main 408798
main 422670
main 413446
main 453014
main 503462
main 419921
main 421057
main 428443
main 414830
main 412810
main 425708
