main 81418
main 15904
main 16259
main 54918
main 16335
main 15221
main 55690
main 17670
main 64030
main 94002
main 15450
main 17754
main 18764
main 14775
main 17220
main 48792
main 13700
main 15313
main 15589
main 82319
main 17643
main 16374
main 36774
main 17111
main 20239
main 41312
main 13829
main 16787
main 59511
main 59143
main 21940
main 17985
main 14527
main 15449
main 68804
main 28151
main 49741
main 21374
main 13490
main 54099
main 50683
main 16339
main 39433
main 25079
main 24914
main 14955
main 14036
main 23229
main 44136
main 17869
main 30613
main 15737
main 30942
main 17159
main 15145
main 74667
main 28492
main 19367
main 50043
main 69438
main 40755
main 31539
main 16096
main 15867
main 19390
main 26047
main 18767
main 19872
main 51332
main 20038
main 46587
main 16243
main 14476
main 45857
main 14082
main 16446
main 17726
main 15310
main 14448
main 28151
main 53221
main 15112
main 15627
main 13823
main 13287
main 30662
main 44374
main 52241
main 18962
main 34765
main 14787
main 14884
main 16428
main 55963
main 16035
main 25764
main 12832
main 13481
main 14403
main 16572
main 16670
main 54653
main 15818
main 15032
main 15144
main 18292
main 23779
main 17328
main 14386
main 59495
main 49504
main 36209
main 32193
main 14264
main 14572
main 12609
main 18899
main 16449
main 19520
main 13913
main 12646
main 52032
main 12417
main 21233
main 13159
main 42595
main 16722
main 17553
main 13920
main 20227
main 45986
main 31653
main 14306
main 32928
main 13565
main 15415
main 114793
main 29695
main 26488
main 25429
main 26842
main 33770
main 50239
main 14575
main 18651
main 27983
main 21282
main 23713
main 24620
main 14271
main 66318
main 44937
main 43249
main 28668
main 16357
main 27329
main 15749
main 16529
main 23998
main 13652
main 14819
main 46805
main 29127
main 17034
main 13348
main 16775
main 13226
main 14479
main 14590
main 16365
main 13872
main 13850
main 16283
main 12925
main 19706
main 15219
main 13679
main 32788
main 23772
main 16593
main 16359
main 17066
main 40377
main 13650
main 17351
main 23252
main 13485
main 16627
main 18546
main 19087
main 24571
main 17143
main 15749
main 53414
main 16115
main 14403
main 16677
main 58527
main 14373
main 14116
main 40016
main 15049
main 14601
main 22865
main 12878
main 18929
main 16126
main 14500
main 14888
main 36857
main 13398
main 16062
main 16716
main 14182
main 15318
main 16890
main 13192
main 37332
main 25676
main 11863
main 13996
main 23523
main 13764
main 27973
main 15731
main 45029
main 12275
main 41721
main 14117
main 14856
main 14216
main 12814
main 13686
main 15392
main 16284
main 16933
main 14347
main 13758
main 13471
main 13857
main 25369
main 14677
main 12649
main 13311
main 68819
main 15861
main 27899
main 16232
main 36215
main 15707
main 39379
main 13796
main 13754
main 15436
main 21479
main 44891
main 19651
main 14707
main 14515
main 15331
main 15375
main 44938
main 32345
main 29097
main 15852
main 16640
main 13894
main 12980
main 50358
main 14577
main 13197
main 37887
main 26073
main 14448
main 14046
main 15856
main 14309
main 15622
main 16609
main 16323
main 14358
main 22084
main 18612
main 19667
main 18962
main 14778
main 14047
main 42102
main 35331
main 13912
main 15306
main 14720
main 25935
main 13180
main 32459
main 23919
main 14037
main 23944
main 59119
main 20708
main 11907
main 21481
main 12657
main 11882
main 12585
main 35513
main 23501
main 12684
main 102769
main 13167
main 14711
main 15551
main 39497
main 14168
main 14715
main 13229
main 82947
main 13008
main 13905
main 28086
main 14643
main 12892
main 14855
main 13043
main 16835
main 14370
main 11509
main 21198
main 23978
main 15585
main 22437
main 44719
main 30407
main 13173
main 42498
main 47889
main 14480
main 15731
main 13884
main 16602
main 12614
main 15139
main 25341
main 18378
main 14629
main 19029
main 24166
main 12952
main 15171
main 16615
main 13210
main 19395
main 14532
main 20019
main 62256
main 17043
main 16796
main 13009
main 13833
main 23042
main 16288
main 12961
main 26343
main 13019
main 16901
main 17123
main 14698
main 15674
main 14259
main 18388
main 13344
main 14293
main 13927
main 17271
main 13997
main 13443
main 12661
main 13161
main 16823
main 16303
main 15571
main 13016
main 16295
main 16527
main 21635
main 14737
main 15503
main 15001
main 14909
main 13931
main 13806
main 18220
main 22556
main 14020
main 14534
main 14089
main 29556
main 24583
main 18270
main 20223
main 16491
main 28953
main 17718
main 61598
main 13811
main 17246
main 14960
main 15128
main 13928
main 12715
main 17703
main 17330
main 13572
main 14189
main 15317
main 13997
main 14928
main 19272
main 15600
main 17278
main 34005
main 16044
main 14399
main 15266
main 32936
main 18408
main 12836
main 13196
main 14415
main 14852
main 18580
main 17549
main 45006
main 16367
main 17261
main 19828
main 16447
main 17863
main 16485
main 31757
main 33597
main 17312
main 15563
main 41385
main 33270
main 17049
main 16728
main 16755
main 52577
main 18381
main 14399
main 20899
main 13207
main 31235
main 17876
main 17583
main 16155
main 18688
main 15481
main 14068
main 21972
main 13884
main 15216
main 23404
main 13006
main 24531
main 13519
main 19171
main 13976
main 56569
main 14093
main 16247
main 13563
main 55799
main 40691
main 14359
main 14282
main 15134
main 17860
main 15231
main 16157
main 22817
main 14269
main 14872
main 12217
main 20246
main 17112
main 31821
main 15530
main 30655
main 37192
main 19054
main 46941
main 15768
main 13727
main 13133
main 40197
main 15464
main 15477
main 38343
main 31819
main 13448
main 16024
main 14667
main 14732
main 11945
main 14213
main 13704
main 13012
main 23565
main 39002
main 13507
main 15493
main 12662
main 13909
main 13106
main 13965
main 12242
main 26224
main 14547
main 13443
main 12729
main 13357
main 13065
main 33827
main 14098
main 13972
main 12804
main 13153
main 15558
main 15442
main 24606
main 54077
main 14990
main 28766
main 13366
main 13653
main 31077
main 13429
main 16756
main 12803
main 12333
main 15806
main 14351
main 11648
main 15101
main 12140
main 24733
main 14415
main 13339
main 14972
main 14169
main 13790
main 14462
main 137931
main 13778
main 33389
main 25863
main 21958
main 15296
main 18764
main 12275
main 31659
main 13183
main 13153
main 16051
main 14734
main 13345
main 12203
main 13801
main 13339
main 15043
main 13316
main 25585
main 14127
main 13644
main 13270
main 13517
main 11829
main 24837
main 28848
main 13608
main 13225
main 13049
main 13116
main 14596
main 14995
main 13626
main 12229
main 12265
main 13144
main 12718
main 31342
main 12675
main 14558
main 13012
main 12822
main 13720
main 14593
main 14030
main 28982
main 13173
main 38482
main 13186
main 17929
main 14511
main 37644
main 55594
main 23140
main 26656
main 49415
main 19250
main 15009
main 14504
main 44002
main 40974
main 12980
main 24707
main 60471
main 13931
main 14980
main 15548
main 12084
main 23805
main 13779
main 14503
main 28143
main 40390
main 47235
main 14950
main 13870
main 15143
main 12010
main 13034
main 14835
main 12706
main 12482
main 13186
main 13784
main 14052
main 13545
main 14784
main 22696
main 14420
main 42478
main 41464
main 28650
main 15702
main 12992
main 13024
main 13314
main 15102
main 12430
main 67553
main 29170
main 13070
main 54900
main 14157
main 20235
main 15750
main 27222
main 29916
main 28338
main 14344
main 13594
main 48105
main 12777
main 12260
main 12474
main 54823
main 12772
main 13409
main 13481
main 13592
main 41071
main 41259
main 71130
main 14201
main 13450
main 16577
main 40010
main 36806
main 31999
main 42033
main 15129
main 14219
main 37983
main 42615
main 14275
main 17250
main 14289
main 13953
main 13860
main 14221
main 12831
main 45130
main 13829
main 33892
main 44251
main 12099
main 12953
main 13413
main 151613
main 29116
main 13888
main 14387
main 79596
main 33364
main 15656
main 12367
main 53391
main 42038
main 103685
main 31832
main 27777
main 15456
main 48036
main 44033
main 14142
main 13595
main 25589
main 13311
main 21088
main 13585
main 13858
main 14326
main 23340
main 43357
main 36314
main 23126
main 11883
main 24744
main 28622
main 43776
main 45770
main 13808
main 16756
main 14471
main 52593
main 26581
main 19864
main 12756
main 15045
main 14424
main 13120
main 14096
main 13858
main 21625
main 14253
main 24298
main 16079
main 25083
main 16453
main 14218
main 13421
main 13483
main 14340
main 48874
main 14868
main 12785
main 13620
main 11582
main 15844
main 23578
main 33389
main 20426
main 13562
main 14213
main 15450
main 66093
main 15124
main 14954
main 14440
main 15121
main 31921
main 14641
main 14548
main 13917
main 15151
main 12984
main 14242
main 16647
main 16174
main 13328
main 15807
main 12668
main 14298
main 13553
main 14004
main 15647
main 13420
main 15321
main 14265
main 17288
main 14809
main 19743
main 13800
main 12315
main 13252
main 15587
main 21403
main 16604
main 12210
main 16020
main 12403
main 14034
main 16103
main 13605
main 14067
main 50090
main 14030
main 12810
main 13288
main 14651
main 19898
main 13983
main 18243
main 12562
main 12269
main 22266
main 11767
main 16189
main 14651
main 12743
main 16037
main 14837
main 15804
main 15356
main 14884
main 21618
main 16131
main 19063
main 29314
main 16487
main 13384
main 19193
main 33602
main 14975
main 14616
main 23546
main 13493
main 14796
main 14009
main 11714
main 13869
main 19209
main 43661
main 26104
main 14867
main 13710
main 15749
main 13817
main 14547
main 16241
main 13293
main 20901
main 15111
main 16282
main 13491
main 13095
main 12649
main 16236
main 17263
main 14903
main 14143
main 17276
main 14968
main 13687
main 14613
main 30945
main 14221
main 13029
main 15369
main 14385
main 29043
main 38929
main 16319
main 14181
main 13477
main 13519
main 81240
main 15166
main 13351
main 14137
main 19037
main 29951
main 21578
main 14155
main 23403
main 16944
main 14440
main 14297
main 13946
main 41358
main 19778
main 14551
main 16193
main 91169
main 106932
main 13596
main 13398
main 23091
main 13499
main 14321
main 17987
main 14860
main 15388
main 143515
main 37617
main 13506
main 278511
main 251565
main 14383
main 15798
main 37957
main 14209
main 41913
main 27746
main 13158
main 13909
main 22111
main 14225
main 17295
main 14179
main 14747
main 15753
main 14815
main 21104
main 14471
main 17611
main 25075
main 14106
main 19104
main 29505
main 14151
main 33984
main 12539
main 15986
main 24291
main 13351
main 13049
main 14310
main 12423
main 13594
main 22028
main 12936
main 13365
main 13668
main 12885
main 13455
main 11220
main 13223
main 13959
main 27699
main 12540
main 17477
main 13949
main 12422
main 12836
main 14157
main 14251
main 17890
main 15722
main 14055
main 13882
main 14583
main 14961
main 12682
main 22120
main 17510
main 12325
main 12647
main 13897
main 12606
main 28594
main 17644
main 14563
main 15867
main 17467
main 13881
main 15317
main 14041
main 15024
main 13626
main 15407
main 13092
main 13794
main 12225
main 13357
main 43107
main 28282
main 41964
main 13518
main 19062
main 14710
main 12847
main 13669
main 14090
main 37713
main 28949
