main 325654
main 447461
main 382009
main 334838
main 306350
main 302526
main 315079
main 358323
main 302995
main 314302
main 296155
main 301174
main 314793
main 303267
main 311078
main 314711
main 344412
main 327311
main 314672
main 383052
main 302473
main 419325
main 305353
main 314976
main 338693
main 309205
main 314713
main 330830
main 315218
main 303962
main 409615
main 298741
main 299835
main 304172
main 309787
main 300427
main 294634
main 301191
main 324758
main 400938
main 322439
main 314792
main 347151
main 302867
main 302769
main 344330
main 318108
main 312100
main 297867
main 331382
main 306896
main 322702
main 300998
main 302249
main 360069
main 298213
main 324929
main 343539
main 346484
main 322807
main 322466
main 321146
main 360906
main 308303
main 466253
main 333842
main 302162
main 324664
main 298071
main 306848
main 291109
main 310144
main 307515
main 315931
main 475640
main 476026
main 297453
main 337118
main 306137
main 332879
main 302455
main 307436
main 297397
main 321713
main 322091
main 317572
main 306753
main 343183
main 299186
main 330288
main 299668
main 414312
main 331360
main 672930
main 555450
main 314459
main 306844
main 383889
main 427184
main 322417
main 342514
main 378749
main 348193
main 324640
main 348734
main 392613
main 299597
main 302990
main 304765
main 303194
main 306608
main 300510
main 327042
main 302307
main 300273
main 367177
main 301417
main 303526
main 411869
main 316313
main 318571
main 380078
main 646281
main 323086
main 342553
main 304087
main 305619
main 305887
main 531320
main 310411
main 351018
main 300375
main 320200
main 341266
main 318288
main 329755
main 310937
main 367273
main 343909
main 339727
main 296753
main 303171
main 302865
main 324966
main 297968
main 320599
main 303148
main 323863
main 302985
main 365115
main 321057
main 307682
main 301496
main 565707
main 288081
main 296876
main 300826
main 313084
main 303613
main 316144
main 301143
main 311480
main 535854
main 301061
main 313525
main 303267
main 300681
main 457611
main 304613
main 326991
main 298986
main 316748
main 302148
main 319956
main 414613
main 355459
main 420555
main 437310
main 304860
main 342677
main 306772
main 324109
main 312426
main 314370
main 303214
main 301302
main 316312
main 303794
main 326421
main 324916
main 304266
main 301106
main 309394
main 359600
main 317830
main 307184
main 300616
main 326368
main 300993
main 298652
main 317267
main 308604
main 331943
main 308561
main 303145
main 322549
main 324888
main 375112
main 330347
main 317028
main 307921
main 304130
main 301343
main 418800
main 415867
main 379455
main 303159
main 345955
main 409928
main 295645
main 467228
main 339653
main 309566
main 350212
main 312154
main 319049
main 311776
main 322900
main 309328
main 303936
main 304663
main 329350
main 295854
main 309769
main 299941
main 302815
main 308661
main 412461
main 356615
main 341676
main 302840
main 369704
main 303466
main 344471
main 302097
main 302706
main 297777
main 305117
main 302095
main 338940
main 310853
main 432084
main 313536
main 307452
main 343024
main 318770
main 350038
main 327427
main 300951
main 326317
main 309150
main 301722
main 320264
main 325337
main 302675
main 303740
main 303259
main 314136
main 314882
main 485783
main 310584
main 306992
main 532852
main 462826
main 358041
main 301530
main 393043
main 322476
main 366341
main 303223
main 293844
main 301032
main 303327
main 305707
main 297396
main 301860
main 315170
main 299883
main 386020
main 307511
main 301492
main 306024
main 309241
main 320371
main 352431
main 295003
main 310874
main 366329
main 331443
main 301172
main 302108
main 401624
main 308630
main 301545
main 314858
main 304058
main 307606
main 305230
main 321256
main 295958
main 306649
main 351983
main 316951
main 301125
main 301752
main 309023
main 299474
main 306658
main 528948
main 328766
main 347984
main 302086
main 384084
main 354589
main 305019
main 303177
main 316421
main 302727
main 322018
main 299360
main 303638
main 303781
main 332485
main 307288
main 312212
main 356609
main 306568
main 302498
main 299375
main 344521
main 301370
main 314738
main 304535
main 317814
main 260079
main 452822
main 371631
main 302288
main 317514
main 302102
main 304098
main 304203
main 253269
main 299940
main 340823
main 302946
main 306125
main 339410
main 314160
main 326416
main 295031
main 274868
main 296214
main 252856
main 301409
main 375295
main 303750
main 255106
main 301317
main 291491
main 303862
main 301644
main 326869
main 312753
main 268360
main 302445
main 383275
main 509128
main 307574
main 301788
main 302965
main 302186
main 303714
main 332844
main 297511
main 303479
main 321778
main 368484
main 253379
main 253435
main 284889
main 296629
main 296473
main 319240
main 347734
main 298493
main 251717
main 308274
main 254667
main 302404
main 335140
main 294319
main 327208
main 303100
main 244710
main 320354
main 303525
main 304567
main 289390
main 302077
main 255201
main 301952
main 251552
main 296156
main 300838
main 295155
main 310296
main 303824
main 294585
main 302480
main 248876
main 298695
main 251205
main 303006
main 500531
main 402324
main 388583
main 308546
main 350202
main 301516
main 346558
main 335904
main 302167
main 302613
main 394890
main 302174
main 244924
main 320082
main 395147
main 336452
main 494403
main 369506
main 329617
main 309885
main 296581
main 271525
main 303395
main 303146
main 316789
main 304426
main 304683
main 297517
main 301027
main 297638
main 297918
main 268902
main 299686
main 253672
main 300422
main 261581
main 306110
main 312444
main 300857
main 309029
main 299651
main 276551
main 298446
main 302862
main 302296
main 247720
main 265317
main 212961
main 301288
main 324684
main 299795
main 300834
main 332817
main 301503
main 309263
main 304544
main 308280
main 312761
main 306674
main 309956
main 306853
main 256376
main 254491
main 303655
main 298856
main 297753
main 251199
main 296783
main 301312
main 303486
main 254055
main 302049
main 314539
main 253440
main 301669
main 330025
main 257468
main 317598
main 253691
main 255165
main 301801
main 254993
main 299197
main 252984
main 253250
main 308003
main 309718
main 369564
main 323556
main 281392
main 363613
main 324844
main 336569
main 467735
main 352779
main 322583
main 377651
main 520041
main 260974
main 309061
main 526908
main 361866
main 259982
main 418433
main 350372
main 386289
main 253159
main 541355
main 387976
main 255006
main 299684
main 421003
main 356254
main 252070
main 325520
main 373261
main 378052
main 260992
main 401052
main 252030
main 529350
main 613973
main 414322
main 356758
main 328479
main 376071
main 338692
main 257631
main 243794
main 223500
main 325415
main 416018
main 303189
main 247417
main 289703
main 251422
main 300067
main 336098
main 331273
main 330630
main 284361
main 280589
main 260321
main 399377
main 286451
main 308071
main 250685
main 307119
main 308534
main 271661
main 347756
main 226473
main 294423
main 303288
main 260830
main 274707
main 201644
main 322930
main 219626
main 252276
main 256795
main 254258
main 289652
main 381700
main 260234
main 297649
main 486530
main 248099
main 501272
main 284368
main 277516
main 249291
main 203083
main 304108
main 296729
main 528865
main 313645
main 315714
main 307246
main 489575
main 315841
main 213948
main 326137
main 206441
main 218639
main 308040
main 283902
main 304158
main 330352
main 307650
main 312692
main 310042
main 245323
main 314848
main 407294
main 445039
main 427010
main 270787
main 331475
main 290605
main 304905
main 255152
main 257826
main 268604
main 307091
main 285495
main 316497
main 412759
main 460708
main 299543
main 373650
main 358702
main 347672
main 271077
main 359648
main 323760
main 297623
main 303746
main 393625
main 438036
main 396910
main 300625
main 343235
main 255279
main 300089
main 303630
main 311845
main 321628
main 291856
main 259182
main 300807
main 258886
main 292362
main 280829
main 425438
main 313182
main 203164
main 335503
main 350325
main 269335
main 311166
main 243340
main 315099
main 305661
main 358136
main 272769
main 302627
main 314208
main 298785
main 302269
main 202605
main 256456
main 302360
main 204616
main 316459
main 233266
main 339990
main 259442
main 303139
main 357365
main 319354
main 270515
main 300818
main 262902
main 211947
main 247725
main 263568
main 254931
main 251136
main 224501
main 304930
main 205973
main 259476
main 270903
main 319885
main 313826
main 255740
main 279478
main 299318
main 266441
main 252887
main 253782
main 255131
main 251789
main 250801
main 252174
main 258577
main 301145
main 245236
main 295942
main 253940
main 303812
main 388294
main 202804
main 404030
main 337967
main 337154
main 250030
main 324042
main 318463
main 303299
main 570083
main 295282
main 309827
main 253145
main 257702
main 202564
main 255110
main 302424
main 254561
main 263026
main 254981
main 334232
main 302895
main 338242
main 251935
main 267599
main 309938
main 279938
main 254424
main 306840
main 305843
main 254488
main 252018
main 290535
main 263162
main 298242
main 320871
main 324972
main 320397
main 301946
main 256975
main 296836
main 258639
main 277147
main 252234
main 301395
main 274269
main 258912
main 309170
main 294108
main 263972
main 304371
main 209040
main 311770
main 236920
main 306162
main 299558
main 260826
main 314614
main 298036
main 215794
main 253292
main 210141
main 304144
main 200577
main 202316
main 252240
main 303433
main 303473
main 261752
main 250409
main 304565
main 311525
main 206598
main 252836
main 264644
main 302543
main 300518
main 312885
main 265357
main 258228
main 290969
main 205657
main 251567
main 201645
main 312388
main 307054
main 379540
main 252013
main 322914
main 251127
main 291970
main 202926
main 256380
main 257152
main 306509
main 241886
main 259981
main 310888
main 300459
main 322734
main 328803
main 301677
main 255792
main 268624
main 269632
main 223276
main 308057
main 303603
main 301577
main 254095
main 253543
main 251749
main 205174
main 302092
main 252011
main 201748
main 268320
main 253386
main 357917
main 302531
main 298282
main 254150
main 201645
main 256524
main 253381
main 269553
main 207608
main 207134
main 261899
main 296891
main 204011
main 250970
main 266774
main 260126
main 306038
main 301648
main 254250
main 204443
main 269302
main 302831
main 297807
main 335422
main 335969
main 331973
main 252554
main 203980
main 300546
main 254798
main 297286
main 262445
main 275601
main 213979
main 280150
main 339735
main 224176
main 295408
main 221247
main 304268
main 272756
main 251781
main 213942
main 303147
main 306405
main 249976
main 330688
main 264323
main 206842
main 277542
main 203810
main 201703
main 254022
main 318145
main 207413
main 336786
main 283217
main 387626
main 251988
main 280851
main 301447
main 250585
main 320371
main 303638
main 252340
main 320058
main 263472
main 296584
main 267539
main 303186
main 272919
main 320893
main 231553
main 216823
main 293476
main 269870
main 281101
main 261059
main 333370
main 205512
main 249690
main 262906
main 430976
main 256833
main 305093
main 313345
main 309117
main 272465
main 267885
main 297678
main 313980
main 343434
main 357723
main 260517
main 327843
main 472119
main 321439
main 402689
main 293287
main 524967
main 337439
main 303448
main 412944
main 261790
main 205607
main 292129
main 297549
main 370860
main 412545
main 509685
main 304557
main 291907
main 304707
main 372843
main 297035
main 474310
main 278558
main 225774
main 214313
main 250132
main 363492
main 270990
main 209580
main 252271
main 253263
main 385848
main 219983
main 405367
main 232049
main 411916
main 248284
main 413934
main 293892
main 271473
main 294787
main 374250
main 298332
main 360879
main 458971
main 227446
main 267285
main 262504
main 356395
main 266101
main 285386
main 266114
main 296040
main 293359
main 225717
main 312240
main 261391
main 330027
main 285306
main 284677
main 222298
main 296937
main 256670
main 290250
main 202708
main 206693
main 300492
main 280450
main 202563
main 274349
main 273711
main 254141
