main 147811
main 94825
main 84003
main 85516
main 115275
main 102498
main 79742
main 120652
main 82633
main 82823
main 94086
main 95567
main 97889
main 92959
main 80200
main 69609
main 82704
main 85249
main 78091
main 100423
main 85814
main 87998
main 113061
main 71841
main 88639
main 75338
main 86975
main 89781
main 86266
main 81324
main 156841
main 77566
main 80312
main 74629
main 76377
main 73090
main 80293
main 83091
main 72749
main 66959
main 76617
main 66039
main 87391
main 58520
main 100490
main 73759
main 66941
main 64729
main 67488
main 75893
main 78769
main 62656
main 80556
main 83159
main 63089
main 75713
main 77002
main 65964
main 88188
main 61552
main 83847
main 66811
main 71781
main 65898
main 66770
main 112884
main 61651
main 70960
main 73980
main 73249
main 78877
main 67817
main 102334
main 106900
main 82393
main 78373
main 70443
main 83049
main 63365
main 67701
main 91789
main 66467
main 71468
main 68591
main 74847
main 80011
main 68938
main 62234
main 65507
main 65350
main 82574
main 56583
main 74153
main 55099
main 84417
main 77695
main 66626
main 69842
main 84089
main 185138
main 77790
main 68892
main 66967
main 66012
main 59975
main 89717
main 70197
main 206066
main 68111
main 60143
main 72034
main 70772
main 59206
main 65510
main 68177
main 74964
main 58852
main 63988
main 72446
main 61679
main 87922
main 56231
main 69868
main 68138
main 68908
main 81490
main 72213
main 80712
main 60430
main 64151
main 92948
main 66394
main 69202
main 65857
main 60935
main 150288
main 66204
main 70083
main 82370
main 58895
main 93833
main 79315
main 63224
main 66592
main 67653
main 77112
main 71181
main 59338
main 71422
main 68950
main 88015
main 58124
main 65790
main 67923
main 141494
main 75916
main 65178
main 62591
main 64849
main 65604
main 88034
main 60843
main 80636
main 79604
main 71119
main 78122
main 66354
main 79085
main 67184
main 62498
main 86402
main 62270
main 63840
main 55830
main 67805
main 78450
main 62485
main 57908
main 73213
main 57675
main 101003
main 68559
main 61601
main 61903
main 67707
main 78551
main 61331
main 58901
main 64040
main 58798
main 84497
main 69855
main 76100
main 78790
main 70279
main 115238
main 65726
main 63004
main 71282
main 83938
main 92619
main 68963
main 73365
main 63407
main 81928
main 140138
main 78622
main 81882
main 65161
main 74480
main 97929
main 59731
main 74679
main 77976
main 66874
main 81500
main 63139
main 63357
main 63546
main 79408
main 71999
main 62892
main 76709
main 115096
main 64413
main 73643
main 71692
main 67446
main 80889
main 71886
main 79965
main 69343
main 68211
main 65603
main 82171
main 100521
main 66543
main 59423
main 65274
main 70026
main 79983
main 69800
main 65518
main 69551
main 62860
main 74784
main 60680
main 62490
main 64597
main 57237
main 76214
main 73667
main 66462
main 62251
main 66336
main 74163
main 66475
main 64038
main 74296
main 65057
main 71865
main 73640
main 63982
main 102629
main 56918
main 85356
main 124329
main 70809
main 70747
main 70646
main 92392
main 64199
main 75010
main 60656
main 67123
main 78529
main 62012
main 87360
main 76756
main 70745
main 90041
main 78367
main 90424
main 75704
main 59897
main 77116
main 75739
main 70848
main 73312
main 63341
main 73907
main 66486
main 66084
main 74224
main 68278
main 88921
main 65338
main 62432
main 79807
main 59642
main 125880
main 69917
main 67183
main 72098
main 70105
main 86171
main 65909
main 76500
main 62047
main 57387
main 77149
main 65297
main 69163
main 76181
main 61061
main 73225
main 63404
main 93063
main 84895
main 65982
main 73396
main 73174
main 66661
main 71623
main 63171
main 73277
main 64104
main 63886
main 76073
main 63411
main 78282
main 99270
main 72124
main 63701
main 77492
main 96561
main 80355
main 66909
main 70877
main 66978
main 84793
main 64562
main 70184
main 72084
main 62193
main 80115
main 52367
main 70808
main 67604
main 124745
main 74149
main 123861
main 70817
main 73358
main 315449
main 84795
main 74012
main 66834
main 57275
main 62508
main 82047
main 60516
main 55238
main 58893
main 68520
main 77534
main 65459
main 61907
main 66062
main 62333
main 75238
main 65733
main 70949
main 81590
main 59968
main 104395
main 68513
main 60486
main 65273
main 60294
main 72485
main 64510
main 59866
main 78106
main 62035
main 70659
main 78417
main 61929
main 79321
main 65844
main 82866
main 67079
main 64995
main 70527
main 67813
main 79087
main 73946
main 57504
main 58279
main 63317
main 75961
main 76010
main 65415
main 65908
main 70377
main 73003
main 64779
main 72369
main 62816
main 63747
main 94647
main 65163
main 70201
main 59707
main 69696
main 76452
main 70119
main 75922
main 70978
main 62873
main 109400
main 222271
main 66207
main 69503
main 62040
main 83465
main 70800
main 68661
main 66391
main 67312
main 81220
main 69599
main 67173
main 62118
main 65376
main 76568
main 67118
main 56964
main 62753
main 63937
main 78392
main 60181
main 63765
main 54080
main 70898
main 75753
main 58157
main 56430
main 75243
main 73106
main 79383
main 58883
main 65034
main 67791
main 61378
main 74362
main 105098
main 54832
main 80308
main 65879
main 73714
main 63385
main 63511
main 69786
main 68177
main 108484
main 63377
main 67263
main 54639
main 63334
main 73229
main 75689
main 71191
main 62180
main 75873
main 79542
main 68782
main 69037
main 72221
main 59468
main 81750
main 62554
main 62845
main 62036
main 57420
main 73774
main 59639
main 62892
main 57651
main 68296
main 67571
main 56921
main 64419
main 62537
main 106253
main 72680
main 63136
main 60888
main 65811
main 69906
main 74027
main 67906
main 66154
main 72146
main 68178
main 81854
main 63635
main 66665
main 64132
main 62494
main 88020
main 62675
main 64359
main 61512
main 73941
main 80691
main 57403
main 60090
main 78467
main 68723
main 68852
main 68782
main 64497
main 66391
main 66929
main 75679
main 63587
main 59856
main 58676
main 63230
main 80399
main 61409
main 63173
main 56813
main 59275
main 76437
main 64856
main 58086
main 93446
main 68598
main 81570
main 66231
main 97718
main 69848
main 58199
main 80359
main 56196
main 75716
main 60514
main 58407
main 77923
main 62980
main 70559
main 67689
main 53706
main 68607
main 63951
main 75044
main 71550
main 53120
main 76317
main 55469
main 63700
main 86631
main 60173
main 80020
main 63960
main 64683
main 57194
main 75390
main 86004
main 67810
main 68675
main 66323
main 61209
main 89150
main 57290
main 70617
main 61193
main 58968
main 77468
main 61314
main 65176
main 68864
main 65368
main 72711
main 59765
main 64457
main 54500
main 67415
main 78414
main 64744
main 62643
main 68914
main 67900
main 76781
main 69750
main 328854
main 124667
main 66950
main 67203
main 52880
main 60549
main 64968
main 63230
main 77898
main 58006
main 69145
main 155372
main 65795
main 78086
main 66282
main 63872
main 64881
main 65569
main 74138
main 69757
main 98729
main 67082
main 68938
main 77955
main 67575
main 60359
main 103808
main 71190
main 76195
main 57760
main 57640
main 61074
main 77212
main 59451
main 60429
main 70931
main 87516
main 77181
main 61651
main 61439
main 56522
main 61631
main 75184
main 56521
main 63022
main 66994
main 67952
main 84793
main 69328
main 66257
main 60305
main 84717
main 73139
main 74172
main 64479
main 132780
main 63915
main 78580
main 61879
main 66132
main 74781
main 67559
main 77034
main 68611
main 80157
main 56624
main 65011
main 78969
main 63136
main 87749
main 63177
main 57782
main 82134
main 62193
main 57161
main 64411
main 60094
main 73374
main 80293
main 62661
main 62381
main 52561
main 71873
main 64964
main 65785
main 66361
main 66701
main 74652
main 66811
main 68532
main 70946
main 64674
main 89798
main 70223
main 61147
main 67958
main 64348
main 79352
main 63805
main 58417
main 71772
main 61513
main 88167
main 60192
main 64039
main 62795
main 59217
main 75064
main 62304
main 56726
main 63929
main 61051
main 76830
main 72199
main 62439
main 63114
main 88385
main 74013
main 71748
main 65850
main 68342
main 61413
main 78831
main 65670
main 66736
main 74147
main 62211
main 91081
main 65496
main 65085
main 59991
main 63220
main 72773
main 65395
main 56781
main 56374
main 66541
main 76839
main 69349
main 94085
main 63351
main 64999
main 79250
main 70141
main 61573
main 60061
main 74897
main 77778
main 56569
main 71442
main 201139
main 86391
main 72759
main 64732
main 78034
main 65982
main 62306
main 85918
main 65625
main 159576
main 61398
main 68499
main 74015
main 83789
main 58286
main 62566
main 64315
main 73779
main 80951
main 53228
main 60001
main 65673
main 79047
main 62488
main 56717
main 66095
main 68581
main 79613
main 83381
main 61344
main 65278
main 66178
main 82847
main 63309
main 60511
main 66176
main 66161
main 79736
main 65064
main 57292
main 63139
main 64919
main 104024
main 66910
main 60948
main 65742
main 60524
main 70400
main 61224
main 65542
main 62646
main 58440
main 71845
main 61684
main 63220
main 61503
main 61229
main 81466
main 75130
main 57033
main 60651
main 60686
main 84716
main 60008
main 67202
main 68016
main 67526
main 77204
main 71990
main 65870
main 107760
main 59170
main 123221
main 62087
main 71804
main 68046
main 65094
main 79577
main 79248
main 56620
main 62515
main 69112
main 84213
main 67104
main 68794
main 68188
main 85476
main 82078
main 53780
main 74375
main 89851
main 65527
main 75237
main 59884
main 69862
main 60597
main 64119
main 85933
main 100452
main 72425
main 62029
main 64786
main 74727
main 61790
main 66266
main 66739
main 65974
main 81788
main 54542
main 57992
main 61320
main 59004
main 74628
main 62148
main 64039
main 66882
main 57794
main 71496
main 76048
main 67902
main 65008
main 67047
main 78152
main 60188
main 66725
main 57039
main 58671
main 78302
main 61793
main 59223
main 56562
main 59405
main 75071
main 75983
main 61016
main 62991
main 59675
main 71127
main 56742
main 66311
main 62506
main 73707
main 72561
main 61840
main 60592
main 52349
main 70929
main 73412
main 68820
main 59975
main 65260
main 63131
main 87296
main 55487
main 62563
main 58469
main 54263
main 78759
main 69688
main 75260
main 57301
main 68235
main 70839
main 56184
main 65736
main 61637
main 61961
main 72681
main 63982
main 70205
main 76294
main 63780
main 72804
main 62933
main 65740
main 68034
main 56590
main 81898
main 64546
main 66481
main 62009
main 67710
main 88319
main 61457
main 59403
main 68188
main 62183
main 78791
main 65737
main 59556
main 62549
main 68587
main 74632
main 63920
main 69075
main 64491
main 60279
main 80412
main 69057
main 61206
main 60265
main 81482
main 69140
main 69438
main 61364
main 64365
main 63575
main 73828
main 60429
main 61319
main 63163
main 63782
main 80568
main 71680
main 57001
main 62151
main 62667
main 83645
main 59947
main 70017
main 64979
main 62035
main 74283
main 60229
main 64555
main 69831
main 64042
main 77399
main 60146
main 66615
main 66855
main 67292
main 75572
main 62659
main 70978
main 68738
main 63734
main 90180
main 63024
main 55697
main 56193
main 68811
main 79747
main 66222
main 58218
main 69492
main 72576
main 60248
main 70264
main 66483
main 58065
main 81880
main 60746
