main 14434
main 21071
main 40825
main 36511
main 9330
main 8937
main 9471
main 8149
main 8361
main 9588
main 9505
main 9228
main 9040
main 9136
main 13047
main 9763
main 12401
main 9600
main 9107
main 8474
main 9601
main 11378
main 11909
main 11165
main 10523
main 25028
main 11639
main 10650
main 9158
main 10847
main 10955
main 13003
main 8734
main 42338
main 9462
main 9954
main 9135
main 8504
main 10491
main 9229
main 11363
main 8882
main 9130
main 8795
main 8928
main 9561
main 9861
main 9814
main 9077
main 9482
main 9915
main 9031
main 10289
main 8514
main 9953
main 11082
main 10678
main 10593
main 9595
main 10912
main 8953
main 10730
main 15157
main 12587
main 9591
main 9602
main 11969
main 10702
main 9642
main 9731
main 8854
main 28558
main 11470
main 10826
main 10760
main 9476
main 9962
main 8745
main 93861
main 16993
main 20304
main 9199
main 10432
main 8584
main 10990
main 8591
main 10306
main 9416
main 9755
main 10175
main 10017
main 9444
main 14086
main 9931
main 13559
main 25674
main 11681
main 9900
main 11669
main 9119
main 9324
main 8951
main 12538
main 9101
main 9416
main 9614
main 8848
main 8238
main 9672
main 8589
main 9120
main 8907
main 8863
main 29577
main 40209
main 9009
main 10770
main 12413
main 10852
main 17616
main 10304
main 9195
main 8983
main 9990
main 10546
main 26791
main 8671
main 9462
main 9569
main 9376
main 12108
main 9291
main 9732
main 11066
main 8892
main 9565
main 9103
main 9245
main 9509
main 8384
main 9199
main 8999
main 56452
main 32728
main 9339
main 10231
main 9242
main 9574
main 11662
main 35167
main 25446
main 9584
main 9657
main 9954
main 9449
main 9274
main 11076
main 9516
main 9680
main 9516
main 9589
main 9773
main 9483
main 11837
main 12300
main 10714
main 10521
main 8707
main 10523
main 10170
main 13538
main 8703
main 9718
main 8629
main 9375
main 9472
main 8928
main 8857
main 8936
main 8842
main 14711
main 10100
main 9010
main 10152
main 12171
main 9962
main 10962
main 9095
main 8580
main 9285
main 9851
main 9152
main 10109
main 10664
main 9662
main 10028
main 10289
main 11660
main 8901
main 10316
main 12830
main 11567
main 9108
main 11746
main 15832
main 9529
main 8991
main 9196
main 10533
main 8887
main 9951
main 37236
main 8845
main 8500
main 9261
main 33108
main 10405
main 12336
main 128042
main 9182
main 10055
main 15778
main 10341
main 9762
main 8193
main 8203
main 9916
main 8361
main 7623
main 8294
main 8264
main 10048
main 8664
main 8261
main 119265
main 9348
main 8186
main 8301
main 8909
main 8276
main 8258
main 8777
main 8430
main 8073
main 8427
main 8590
main 7727
main 8254
main 30858
main 15255
main 7864
main 8244
main 7683
main 7115
main 8501
main 8427
main 8566
main 8235
main 9549
main 8334
main 10361
main 8845
main 8209
main 9012
main 8667
main 10812
main 7713
main 29230
main 9102
main 8223
main 8268
main 9023
main 7988
main 7384
main 7977
main 9872
main 7548
main 8657
main 9794
main 8043
main 8537
main 8295
main 47758
main 7869
main 7989
main 7256
main 8297
main 7998
main 8692
main 8952
main 9745
main 9087
main 50713
main 7679
main 8757
main 12997
main 11438
main 7685
main 8322
main 8828
main 9358
main 8795
main 7673
main 8401
main 7981
main 10364
main 8558
main 9817
main 17443
main 8011
main 9020
main 9359
main 10422
main 8566
main 8506
main 7803
main 8649
main 11968
main 9145
main 8116
main 7883
main 8558
main 22961
main 8438
main 19179
main 8426
main 13755
main 9801
main 7985
main 9217
main 9366
main 8538
main 8672
main 9025
main 8663
main 22023
main 11052
main 8781
main 27664
main 7825
main 8366
main 8467
main 8868
main 11976
main 7682
main 7989
main 8447
main 8598
main 10169
main 17349
main 10280
main 10129
main 8733
main 8466
main 9027
main 8717
main 8123
main 9093
main 8436
main 7435
main 12381
main 10308
main 8714
main 15371
main 8649
main 10658
main 8280
main 7808
main 8303
main 8607
main 8036
main 8821
main 9802
main 7959
main 11915
main 8013
main 21945
main 8361
main 8297
main 9849
main 10305
main 10154
main 7877
main 8670
main 9897
main 16954
main 7493
main 97808
main 7908
main 9459
main 9749
main 7982
main 8021
main 9661
main 7527
main 8301
main 7870
main 8419
main 8587
main 21838
main 8287
main 9359
main 8523
main 9672
main 8017
main 8131
main 8440
main 8442
main 7502
main 8293
main 8138
main 10254
main 8886
main 10030
main 8485
main 10632
main 9108
main 8980
main 20494
main 8091
main 9692
main 17676
main 10710
main 8480
main 8358
main 7973
main 7845
main 8095
main 7996
main 8313
main 8050
main 11524
main 7749
main 8110
main 7797
main 8907
main 7674
main 37164
main 7653
main 21994
main 8427
main 8250
main 11118
main 29700
main 9262
main 10288
main 9709
main 9956
main 10358
main 10105
main 25899
main 10669
main 16142
main 9181
main 10876
main 42850
main 8469
main 8294
main 7531
main 8396
main 8169
main 26955
main 9693
main 9971
main 7751
main 8405
main 9516
main 7955
main 7891
main 8985
main 8672
main 11175
main 8971
main 8738
main 11245
main 9293
main 9787
main 8049
main 7760
main 11247
main 9556
main 8258
main 7858
main 13774
main 35136
main 7580
main 9040
main 8668
main 8615
main 8770
main 8709
main 8090
main 8162
main 7844
main 9614
main 9048
main 8693
main 8380
main 14401
main 7885
main 8992
main 8256
main 8394
main 14745
main 16209
main 7515
main 8963
main 11170
main 8035
main 8453
main 8434
main 8388
main 34779
main 7780
main 8823
main 41933
main 9769
main 7974
main 8224
main 7958
main 8524
main 8649
main 16148
main 7962
main 8232
main 14527
main 16316
main 16241
main 17883
main 13210
main 12235
main 17026
main 14338
main 12261
main 32313
main 7488
main 8214
main 8131
main 9223
main 10326
main 14738
main 8485
main 9001
main 8675
main 9729
main 8054
main 17835
main 7995
main 9203
main 7588
main 8934
main 10184
main 8188
main 8740
main 8736
main 9324
main 9886
main 8532
main 9247
main 19476
main 8218
main 13220
main 7892
main 7709
main 34145
main 9346
main 9378
main 9295
main 8537
main 8744
main 8608
main 8181
main 10241
main 17269
main 8903
main 10013
main 7798
main 20706
main 8030
main 8407
main 8991
main 8680
main 8457
main 9691
main 8293
main 8071
main 48017
main 9006
main 10417
main 8302
main 8596
main 8388
main 8015
main 7668
main 8468
main 13846
main 9145
main 18084
main 8033
main 9071
main 7986
main 8027
main 7754
main 8672
main 8223
main 8065
main 9251
main 8417
main 8026
main 8063
main 8373
main 8698
main 8257
main 10728
main 8529
main 7335
main 7882
main 7677
main 8641
main 8562
main 9375
main 7626
main 7311
main 7189
main 9131
main 8226
main 9501
main 8327
main 8841
main 8320
main 32402
main 7390
main 7867
main 12764
main 9980
main 7833
main 8787
main 10033
main 8684
main 8472
main 8709
main 7997
main 9629
main 7632
main 8265
main 8432
main 8189
main 7799
main 8333
main 7658
main 8491
main 8305
main 9140
main 8955
main 9825
main 8072
main 7782
main 8319
main 8119
main 32848
main 7637
main 7572
main 7990
main 8189
main 8001
main 8262
main 8687
main 7818
main 8487
main 7666
main 7960
main 7453
main 9026
main 8133
main 8004
main 8288
main 8223
main 8077
main 9169
main 7372
main 8460
main 12600
main 8431
main 9376
main 11180
main 7439
main 8517
main 8504
main 8595
main 8329
main 71898
main 8618
main 8831
main 9162
main 8682
main 8375
main 9590
main 8014
main 8426
main 8346
main 8544
main 15142
main 8211
main 9276
main 8791
main 7755
main 8000
main 11338
main 8401
main 9193
main 8481
main 8801
main 7599
main 8637
main 8263
main 8050
main 7933
main 8296
main 7720
main 8316
main 8318
main 7614
main 8658
main 8416
main 8258
main 8585
main 8193
main 8779
main 21472
main 8381
main 8513
main 9726
main 8027
main 7520
main 9818
main 8606
main 8473
main 8009
main 8642
main 9258
main 9677
main 8053
main 9937
main 7969
main 8290
main 7332
main 11445
main 7947
main 40459
main 8112
main 8589
main 7801
main 8372
main 8016
main 8268
main 7542
main 8324
main 8384
main 7847
main 8946
main 8285
main 8395
main 8452
main 7431
main 7917
main 8037
main 9378
main 9980
main 8524
main 9274
main 10667
main 8615
main 10772
main 8626
main 7636
main 8821
main 8327
main 7692
main 8110
main 8798
main 8850
main 9461
main 10292
main 8602
main 8934
main 89829
main 8566
main 8128
main 13466
main 8468
main 8404
main 9059
main 9420
main 9704
main 9986
main 9111
main 7792
main 8287
main 7624
main 8148
main 11811
main 7644
main 48942
main 27771
main 32999
main 16977
main 8948
main 7504
main 7928
main 14128
main 8156
main 26755
main 21123
main 8550
main 9612
main 8492
main 8382
main 7497
main 10203
main 16054
main 7796
main 9739
main 9336
main 7890
main 8431
main 8961
main 7996
main 9587
main 8083
main 7600
main 7959
main 7248
main 8739
main 11897
main 8526
main 9160
main 8459
main 8504
main 8115
main 7715
main 10104
main 8296
main 8223
main 8106
main 7936
main 11860
main 29939
main 7767
main 7668
main 8864
main 8621
main 7667
main 8919
main 10487
main 18645
main 78958
main 8557
main 9296
main 10399
main 49894
main 8828
main 9293
main 10510
main 7860
main 8395
main 10858
main 7490
main 10178
main 9374
main 37055
main 16213
main 7991
main 9963
main 9431
main 8101
main 10301
main 7549
main 8324
main 8103
main 7437
main 8208
main 7437
main 7877
main 20081
main 9047
main 8938
main 9909
main 7795
main 8183
main 8897
main 8294
main 7527
main 7857
main 8116
main 7936
main 9138
main 8514
main 8214
main 8605
main 10171
main 7494
main 8165
main 7848
main 8424
main 7933
main 8221
main 7875
main 9416
main 8502
main 8835
main 8631
main 15256
main 8703
main 8419
main 7485
main 9283
main 7946
main 8691
main 9696
main 8629
main 18247
main 7655
main 8441
main 8083
main 9621
main 7972
main 7969
main 8523
main 9368
main 8295
main 7915
main 9753
main 8266
main 7961
main 8534
main 8471
main 8745
main 7187
main 19002
main 7684
main 8349
main 8598
main 7453
main 9475
main 8362
main 9641
main 7941
main 8286
main 8768
main 7622
main 7944
main 7840
main 7362
main 8161
main 7302
main 12550
main 8816
main 9590
main 9491
main 7978
main 8155
main 10997
main 213608
main 8302
main 10022
main 8487
main 15307
main 9363
main 7449
main 7538
main 8594
main 7681
main 7614
main 8976
main 9105
main 7759
main 9098
main 20774
main 7661
main 8373
main 13260
main 8840
main 10215
main 10892
main 8647
main 8729
main 8588
main 8929
main 8566
main 8733
main 7593
main 8189
main 8237
main 8373
main 11353
main 10616
main 10206
main 8615
main 8667
main 41013
