main 415091
main 240632
main 277830
main 239394
main 367599
main 255275
main 259715
main 246462
main 244441
main 261445
main 260033
main 240293
main 244350
main 265500
main 256568
main 243393
main 242652
main 240283
main 241373
main 242611
main 242833
main 240034
main 300042
main 241853
main 247820
main 240799
main 238539
main 251819
main 245702
main 249533
main 245669
main 276131
main 241056
main 313479
main 265265
main 261684
main 242031
main 251179
main 253660
main 245222
main 246919
main 252000
main 271287
main 254744
main 253739
main 238976
main 306669
main 304667
main 243918
main 282180
main 242316
main 253098
main 251659
main 239897
main 250724
main 325545
main 234552
main 249260
main 234484
main 256341
main 237528
main 238342
main 235266
main 239981
main 245521
main 236193
main 242691
main 245347
main 238141
main 239076
main 262981
main 247506
main 287115
main 238608
main 318288
main 234427
main 236858
main 238624
main 239127
main 254783
main 232594
main 264868
main 232865
main 236676
main 263613
main 238775
main 241966
main 238368
main 236070
main 231933
main 237414
main 250147
main 279120
main 288470
main 237090
main 232025
main 256643
main 236634
main 248546
main 235966
main 234030
main 247278
main 236466
main 237710
main 251957
main 247651
main 233405
main 240053
main 236377
main 233857
main 246060
main 238505
main 263653
main 249633
main 243051
main 240035
main 232290
main 277059
main 231189
main 244628
main 229885
main 239673
main 256480
main 241248
main 240661
main 239393
main 238643
main 243420
main 253999
main 237607
main 340607
main 254483
main 232688
main 241134
main 240368
main 236610
main 239644
main 245142
main 264268
main 242579
main 254484
main 239280
main 240967
main 309479
main 238230
main 235169
main 235687
main 234421
main 240554
main 235726
main 237847
main 261031
main 261342
main 247269
main 235525
main 239885
main 236632
main 230588
main 242304
main 241032
main 258974
main 238666
main 238860
main 240717
main 272166
main 233491
main 236214
main 237822
main 234763
main 241636
main 233771
main 234894
main 256325
main 264843
main 259191
main 234014
main 293338
main 318062
main 243248
main 337454
main 260079
main 231625
main 237215
main 239194
main 238767
main 230005
main 258020
main 240726
main 235538
main 234269
main 235578
main 237763
main 240992
main 260027
main 232218
main 240396
main 234601
main 243157
main 237419
main 232474
main 235602
main 232823
main 244146
main 234638
main 244274
main 245301
main 278057
main 252844
main 236801
main 243050
main 259900
main 235663
main 237850
main 261823
main 273341
main 236317
main 280582
main 245167
main 238011
main 236411
main 235543
main 372226
main 355554
main 239989
main 245201
main 239564
main 248798
main 238471
main 238186
main 235841
main 235924
main 240889
main 236295
main 254978
main 236214
main 247895
main 244209
main 234877
main 238463
main 272984
main 248480
main 259906
main 289838
main 232839
main 267559
main 236574
main 260271
main 237660
main 241789
main 239479
main 256261
main 277024
main 295520
main 287490
main 235814
main 237294
main 231144
main 236134
main 249649
main 240674
main 270753
main 246817
main 293805
main 251615
main 240865
main 233750
main 236574
main 253387
main 231553
main 243375
main 232699
main 235191
main 240379
main 243366
main 238609
main 232556
main 233643
main 255115
main 247491
main 254992
main 236348
main 234016
main 232633
main 237692
main 245774
main 247815
main 237955
main 241124
main 254870
main 245458
main 235750
main 237659
main 236266
main 238045
main 252115
main 232442
main 235339
main 250419
main 231452
main 240748
main 282646
main 255261
main 240796
main 234330
main 245026
main 247888
main 260693
main 283148
main 243505
main 240907
main 236458
main 268599
main 273865
main 258151
main 243955
main 246885
main 245524
main 368325
main 241397
main 252337
main 245728
main 234170
main 302629
main 235325
main 264234
main 235638
main 244610
main 283626
main 234591
main 246917
main 234305
main 238593
main 232728
main 235773
main 247629
main 250144
main 238398
main 243434
main 241871
main 239723
main 246330
main 231172
main 239188
main 245152
main 259192
main 233302
main 234902
main 237280
main 254250
main 242395
main 255480
main 243543
main 237705
main 268526
main 234688
main 233880
main 253046
main 249426
main 253705
main 235993
main 234815
main 242271
main 236853
main 251897
main 236836
main 257295
main 252892
main 232429
main 254841
main 276639
main 239004
main 267963
main 251453
main 245666
main 248537
main 260722
main 242012
main 264998
main 239251
main 295464
main 322563
main 267149
main 282060
main 275306
main 274223
main 272744
main 303706
main 267138
main 258957
main 245045
main 247070
main 250860
main 276082
main 262403
main 239489
main 261933
main 242445
main 243554
main 248882
main 263266
main 240607
main 272708
main 234945
main 243647
main 282626
main 244848
main 306241
main 251326
main 237357
main 248801
main 265578
main 233524
main 252600
main 276055
main 291788
main 293402
main 245721
main 250329
main 242435
main 296959
main 238360
main 252720
main 247322
main 249847
main 245570
main 230828
main 247422
main 239914
main 243401
main 236262
main 241945
main 250122
main 247834
main 239933
main 250104
main 247089
main 241149
main 266228
main 248584
main 247208
main 240483
main 272109
main 260943
main 254525
main 241096
main 236623
main 236083
main 263417
main 255936
main 234452
main 236940
main 260747
main 246298
main 257096
main 234783
main 256345
main 236175
main 247533
main 257513
main 237938
main 246714
main 380577
main 233685
main 235300
main 235659
main 240939
main 236472
main 236565
main 279355
main 237375
main 247297
main 244853
main 244493
main 239033
main 234303
main 263993
main 236240
main 282086
main 277766
main 286576
main 233656
main 253438
main 248121
main 241265
main 254204
main 245470
main 235328
main 252220
main 252281
main 235442
main 234787
main 244562
main 290029
main 252112
main 309996
main 251643
main 242533
main 235322
main 243222
main 233826
main 233506
main 246566
main 231739
main 247204
main 233157
main 237935
main 290426
main 280114
main 257012
main 232354
main 234047
main 239881
main 233775
main 289227
main 235838
main 244286
main 240105
main 235011
main 255911
main 234575
main 238822
main 231993
main 237820
main 269986
main 237091
main 243702
main 260318
main 311846
main 235150
main 235009
main 232075
main 246353
main 246942
main 243814
main 247480
main 235871
main 247477
main 250540
main 245600
main 242081
main 253301
main 305049
main 238346
main 307164
main 260944
main 272280
main 246000
main 242160
main 252550
main 234496
main 261440
main 246576
main 266199
main 256899
main 238026
main 260737
main 232663
main 260759
main 234972
main 235066
main 266545
main 242857
main 248552
main 242937
main 233543
main 253448
main 238022
main 283850
main 259870
main 236102
main 286684
main 240886
main 265351
main 263421
main 233449
main 264701
main 252243
main 253235
main 232046
main 237737
main 245964
main 236155
main 246962
main 256324
main 241154
main 237992
main 237451
main 234350
main 255410
main 246329
main 247547
main 266856
main 233720
main 238209
main 242233
main 246446
main 232196
main 253259
main 268034
main 235298
main 261264
main 238576
main 245414
main 263499
main 237504
main 245472
main 238015
main 287505
main 244887
main 234956
main 235314
main 267201
main 233040
main 241013
main 233484
main 241444
main 238642
main 237842
main 279362
main 236913
main 231055
main 234662
main 234842
main 244576
main 233163
main 233620
main 312437
main 246448
main 240576
main 236347
main 236308
main 256837
main 232101
main 248512
main 236077
main 235733
main 231582
main 236719
main 259892
main 247273
main 244877
main 235387
main 236396
main 263139
main 237347
main 251698
main 241789
main 289484
main 261775
main 251576
main 236576
main 233518
main 244034
main 232403
main 236000
main 248928
main 233590
main 238534
main 237140
main 256508
main 257009
main 247007
main 257379
main 257056
main 236274
main 251471
main 233446
main 256152
main 255544
main 236002
main 245596
main 239900
main 252957
main 236798
main 235100
main 252352
main 264507
main 268726
main 296726
main 312298
main 347191
main 391459
main 235645
main 262228
main 250892
main 254766
main 247387
main 253249
main 254127
main 239664
main 239842
main 254583
main 238463
main 248478
main 237238
main 242801
main 256822
main 349327
main 240736
main 237549
main 248512
main 235935
main 231695
main 241684
main 244278
main 278100
main 260924
main 245727
main 239429
main 245623
main 247259
main 274949
main 255724
main 308638
main 246072
main 240965
main 255454
main 243395
main 298970
main 233394
main 237007
main 253173
main 266604
main 254966
main 245907
main 238444
main 242723
main 248999
main 270956
main 234770
main 241559
main 245125
main 353036
main 242707
main 249747
main 237199
main 239992
main 245547
main 231524
main 242985
main 271939
main 321526
main 237420
main 258325
main 235570
main 232666
main 239012
main 257218
main 257606
main 279385
main 237669
main 293621
main 335251
main 235567
main 237372
main 233745
main 235805
main 250799
main 251560
main 244523
main 257211
main 256341
main 238941
main 240969
main 244255
main 246093
main 252277
main 234848
main 256274
main 238035
main 246153
main 234863
main 231789
main 238980
main 237168
main 241483
main 249130
main 236182
main 237814
main 245652
main 235773
main 236185
main 234000
main 248228
main 245987
main 246165
main 233639
main 246720
main 237690
main 235299
main 244479
main 293407
main 242331
main 242111
main 250521
main 237046
main 248225
main 253230
main 244978
main 240731
main 237624
main 244894
main 244571
main 264472
main 243901
main 264298
main 245192
main 246884
main 243953
main 249793
main 233675
main 237189
main 272511
main 253782
main 231938
main 236271
main 238625
main 253444
main 243412
main 234646
main 260135
main 243283
main 243259
main 252935
main 257207
main 235243
main 257628
main 248619
main 232669
main 234530
main 232207
main 267399
main 310171
main 236138
main 237062
main 232702
main 235316
main 252970
main 234405
main 235925
main 230518
main 263372
main 259083
main 266230
main 237015
main 246312
main 236885
main 239926
main 237415
main 235388
main 242070
main 241806
main 250616
main 242175
main 233762
main 248599
main 252166
main 242837
main 241008
main 244038
main 295980
main 269712
main 251300
main 257819
main 269743
main 241233
main 234466
main 243932
main 235584
main 248691
main 249910
main 236693
main 236387
main 233459
main 237682
main 235020
main 235241
main 255323
main 231560
main 247719
main 240231
main 241681
main 247893
main 233292
main 238623
main 270307
main 268724
main 240317
main 249156
main 241642
main 231390
main 231815
main 233352
main 253592
main 244673
main 235383
main 238226
main 239758
main 246717
main 253899
main 244083
main 350558
main 236548
main 233668
main 309679
main 234702
main 243694
main 250928
main 269899
main 264631
main 240144
main 246618
main 279420
main 257735
main 236641
main 231788
main 245485
main 239322
main 261688
main 238318
main 235014
main 242052
main 235639
main 239486
main 241822
main 243281
main 243546
main 243575
main 286420
main 241066
main 251668
main 244118
main 232361
main 244403
main 237451
main 233103
main 245571
main 308416
main 236609
main 254372
main 242963
main 255049
main 236027
main 237711
main 248206
main 233489
main 258244
main 278088
main 250565
main 235639
main 237412
main 242063
main 277717
main 242940
main 235755
main 242165
main 253865
main 259383
main 237481
main 292741
main 278734
main 268232
main 233939
main 239843
main 259190
main 257381
main 260452
main 259130
main 239904
main 234887
main 245631
main 233045
main 235468
main 241052
main 237054
main 253057
main 247077
main 238293
main 244617
main 234149
main 262178
main 267106
main 254399
main 243784
main 246244
main 236295
main 238944
main 241243
main 244575
main 436018
main 234553
main 235067
main 384571
main 326596
main 246021
main 243741
main 236545
main 246139
main 245136
main 306850
