main 222355
main 214690
main 201614
main 213986
main 214804
main 200604
main 210982
main 234317
main 200672
main 220540
main 204805
main 228091
main 230746
main 227029
main 222297
main 219584
main 224883
main 292539
main 220611
main 201483
main 248665
main 282296
main 219972
main 214073
main 213019
main 203345
main 464971
main 207712
main 209390
main 253477
main 228453
main 231680
main 335682
main 215904
main 388204
main 294894
main 319268
main 239797
main 290082
main 255723
main 203423
main 248695
main 239515
main 203723
main 236011
main 240747
main 320261
main 253172
main 267061
main 244396
main 238189
main 233137
main 211784
main 222405
main 287667
main 187835
main 236266
main 201847
main 231660
main 222381
main 239276
main 233419
main 226029
main 202504
main 229761
main 226323
main 235581
main 203821
main 272170
main 207883
main 209475
main 251226
main 230200
main 236875
main 228536
main 224082
main 287547
main 262031
main 216591
main 217391
main 212732
main 246157
main 220713
main 250347
main 222489
main 205261
main 221594
main 229385
main 205683
main 231465
main 212002
main 203270
main 221920
main 211772
main 263465
main 212536
main 210960
main 207344
main 222849
main 216108
main 338094
main 404312
main 229151
main 219800
main 271189
main 203445
main 394518
main 221135
main 220339
main 218172
main 209826
main 224389
main 220269
main 219543
main 271282
main 235551
main 231469
main 264021
main 234272
main 372284
main 216386
main 221496
main 256255
main 240444
main 216604
main 234066
main 237600
main 234959
main 209900
main 222027
main 250731
main 200723
main 224699
main 334387
main 278320
main 228213
main 421017
main 248681
main 208039
main 221050
main 228796
main 247543
main 217499
main 259622
main 205849
main 183562
main 210268
main 221857
main 241039
main 248863
main 206933
main 224425
main 280805
main 298482
main 241905
main 241439
main 214622
main 227236
main 215617
main 225634
main 269986
main 278027
main 224608
main 269702
main 227929
main 284474
main 205445
main 272144
main 234148
main 217648
main 218374
main 208715
main 222893
main 213249
main 305621
main 219394
main 250529
main 209958
main 254249
main 252187
main 205929
main 244182
main 224522
main 251512
main 268281
main 238899
main 225433
main 236641
main 208904
main 232709
main 238178
main 1278464
main 250099
main 219363
main 218559
main 213234
main 221631
main 226629
main 227736
main 340613
main 204267
main 213572
main 214400
main 331333
main 308662
main 245317
main 291420
main 269007
main 228026
main 231667
main 252933
main 216695
main 207441
main 219783
main 228644
main 204728
main 251966
main 217872
main 203650
main 216228
main 243291
main 233182
main 237746
main 210458
main 223067
main 220159
main 214284
main 201631
main 213960
main 204892
main 204490
main 215843
main 234410
main 240623
main 231237
main 247955
main 233157
main 211750
main 222631
main 257347
main 340220
main 256614
main 216084
main 216456
main 211722
main 346153
main 231067
main 212477
main 215706
main 231164
main 246825
main 236039
main 192274
main 230963
main 207213
main 199617
main 207065
main 256936
main 200904
main 220356
main 205444
main 213876
main 234903
main 199570
main 239429
main 258734
main 241513
main 234129
main 235433
main 200824
main 220049
main 200485
main 220540
main 255109
main 211645
main 228983
main 236986
main 228904
main 211790
main 283130
main 236521
main 265546
main 235656
main 244928
main 244793
main 219696
main 209606
main 211846
main 258353
main 322667
main 232742
main 221752
main 276850
main 215775
main 273685
main 208187
main 189112
main 212981
main 221549
main 236379
main 245972
main 209619
main 220853
main 206276
main 228198
main 216767
main 202770
main 209676
main 198205
main 223867
main 201575
main 221976
main 252233
main 241905
main 212697
main 203368
main 237593
main 221819
main 210370
main 231022
main 216968
main 235077
main 258823
main 263843
main 234585
main 204098
main 230666
main 239444
main 205265
main 220579
main 212995
main 249765
main 202317
main 253421
main 250631
main 204602
main 252169
main 247530
main 215148
main 237756
main 274847
main 216393
main 201299
main 245750
main 202980
main 223460
main 501351
main 204909
main 235469
main 199649
main 248341
main 234836
main 205254
main 205830
main 199221
main 214135
main 210042
main 212342
main 257960
main 257156
main 202649
main 207742
main 214684
main 207427
main 175176
main 200186
main 213504
main 226391
main 220186
main 228738
main 198619
main 384575
main 230503
main 207323
main 300394
main 225233
main 202712
main 223946
main 209586
main 241185
main 217095
main 202861
main 209356
main 225018
main 226392
main 202982
main 257021
main 235981
main 360871
main 291776
main 330328
main 241640
main 259859
main 252312
main 447724
main 253087
main 243257
main 232986
main 217778
main 388753
main 206280
main 217287
main 209081
main 230479
main 315086
main 223790
main 248242
main 244551
main 254496
main 216036
main 271429
main 215324
main 302315
main 202198
main 224162
main 225430
main 246875
main 201915
main 293549
main 366425
main 302609
main 328492
main 218036
main 300486
main 232798
main 328949
main 209355
main 229884
main 221050
main 264515
main 204509
main 209000
main 239039
main 273079
main 250172
main 219757
main 200746
main 244422
main 243279
main 280710
main 226647
main 225253
main 239236
main 314918
main 238005
main 242901
main 213468
main 201617
main 252183
main 324698
main 201336
main 282195
main 271876
main 261585
main 245786
main 247869
main 260322
main 220430
main 291218
main 218732
main 209627
main 183750
main 214835
main 254403
main 284543
main 211972
main 223275
main 228146
main 337890
main 225479
main 202637
main 220188
main 205778
main 233604
main 332541
main 247842
main 202004
main 200720
main 211355
main 210767
main 249742
main 200818
main 253915
main 219502
main 235736
main 234512
main 236991
main 289630
main 237396
main 243457
main 246855
main 203690
main 211138
main 215061
main 231306
main 211780
main 243044
main 203114
main 180460
main 202739
main 225217
main 228519
main 280358
main 221119
main 222484
main 246024
main 212041
main 202000
main 219759
main 216407
main 238220
main 214138
main 249152
main 231856
main 227621
main 226129
main 225886
main 208343
main 229460
main 235627
main 213431
main 244213
main 236400
main 236090
main 203415
main 203024
main 200228
main 236330
main 203668
main 225801
main 236151
main 202393
main 205361
main 210075
main 298138
main 228973
main 224353
main 216044
main 214792
main 207599
main 230538
main 208517
main 458225
main 266569
main 242952
main 237231
main 211803
main 290562
main 252863
main 203319
main 475641
main 263752
main 399396
main 249796
main 199926
main 261359
main 244788
main 202992
main 272234
main 202767
main 234483
main 444470
main 220902
main 202159
main 216712
main 225216
main 231136
main 217301
main 269096
main 237868
main 220435
main 204916
main 208439
main 275939
main 207621
main 217406
main 515578
main 256714
main 239651
main 212421
main 203108
main 219677
main 202204
main 253200
main 248114
main 202835
main 252284
main 198189
main 219807
main 216609
main 210293
main 242593
main 255011
main 222791
main 235079
main 212427
main 229025
main 277622
main 210553
main 213812
main 264996
main 242297
main 271985
main 233037
main 220118
main 203445
main 211514
main 215962
main 275658
main 222832
main 203915
main 205121
main 282072
main 202085
main 247165
main 219601
main 244435
main 203654
main 202486
main 206837
main 249351
main 246148
main 205285
main 207826
main 244157
main 213963
main 213611
main 205919
main 230415
main 261376
main 251663
main 215815
main 215114
main 201906
main 204995
main 202259
main 249700
main 230055
main 216161
main 226526
main 205340
main 226796
main 204470
main 219994
main 265632
main 238367
main 237675
main 270768
main 201319
main 230008
main 209725
main 216362
main 232620
main 237203
main 224637
main 350797
main 232386
main 254019
main 198301
main 239680
main 263149
main 254010
main 206720
main 229284
main 419992
main 252888
main 219308
main 354123
main 224470
main 216143
main 495395
main 263512
main 222353
main 357007
main 272987
main 219284
main 218674
main 215069
main 252168
main 202417
main 240326
main 216168
main 249863
main 289360
main 225501
main 230272
main 209848
main 218468
main 199574
main 234662
main 265134
main 256112
main 203077
main 252407
main 241608
main 226406
main 213319
main 203900
main 213333
main 205134
main 233101
main 212329
main 228159
main 256560
main 229536
main 209202
main 220586
main 220040
main 243741
main 251936
main 242951
main 233509
main 206231
main 234510
main 214392
main 250354
main 310457
main 217642
main 206646
main 198746
main 201682
main 224294
main 212795
main 241845
main 209087
main 229242
main 198761
main 200931
main 232488
main 222188
main 186838
main 203508
main 285256
main 225841
main 464687
main 214123
main 223975
main 223355
main 249009
main 373744
main 233804
main 234312
main 201918
main 203314
main 222603
main 201839
main 228504
main 213604
main 203304
main 204607
main 217544
main 328957
main 251485
main 251723
main 225897
main 226503
main 211978
main 228792
main 211992
main 219975
main 287196
main 217335
main 206055
main 243978
main 256614
main 351438
main 245270
main 300112
main 269935
main 201117
main 226529
main 255215
main 201009
main 229813
main 208650
main 220885
main 203089
main 266766
main 203420
main 240574
main 220529
main 221930
main 324886
main 217902
main 238204
main 201727
main 219856
main 219042
main 208248
main 202852
main 247953
main 199166
main 252461
main 205379
main 235669
main 215147
main 207925
main 200805
main 255447
main 231894
main 206835
main 268975
main 211292
main 202013
main 203924
main 238968
main 228461
main 216988
main 235497
main 226247
main 210987
main 225061
main 270532
main 298544
main 230441
main 261883
main 226294
main 222940
main 209769
main 230126
main 218142
main 203492
main 230227
main 323058
main 222056
main 255769
main 200337
main 221989
main 216423
main 218341
main 268878
main 205405
main 245485
main 206006
main 280178
main 219520
main 208904
main 235124
main 210680
main 222377
main 240632
main 227847
main 477005
main 453197
main 253814
main 277225
main 245490
main 224984
main 227982
main 248104
main 208472
main 239990
main 243977
main 217280
main 217254
main 275114
main 225301
main 308739
main 236417
main 201423
main 205352
main 235616
main 204640
main 221796
main 246805
main 223341
main 227583
main 198403
main 214379
main 202927
main 203077
main 200420
main 227078
main 200732
main 242540
main 211472
main 209751
main 243393
main 229734
main 206238
main 224260
main 213890
main 223409
main 229522
main 244196
main 218828
main 217691
main 254154
main 237278
main 251386
main 210579
main 235080
main 205778
main 207624
main 215362
main 207041
main 235189
main 266131
main 243181
main 220957
main 488989
main 256599
main 249213
main 239567
main 218885
main 185763
main 207562
main 249607
main 278522
main 239881
main 232504
main 228911
main 258263
main 319304
main 215940
main 218322
main 241354
main 232059
main 218088
main 251521
main 202679
main 216629
main 245765
main 203444
main 244961
main 202998
main 200066
main 200127
main 250228
main 200470
main 230624
main 223050
main 240478
main 239622
main 213270
main 207735
main 204804
main 256156
main 212059
main 278411
main 257036
main 240457
main 220055
main 215731
main 204440
main 213719
main 217302
main 222003
main 219704
main 227247
main 215537
main 251444
main 202222
main 229819
main 203763
main 271001
main 201778
main 232038
main 207760
main 211427
main 213222
main 210259
main 213996
main 253419
main 207929
main 228986
main 209174
main 234924
main 238562
main 198323
main 204891
main 215421
main 236741
main 244940
main 221173
main 209055
main 252967
main 198436
main 239558
main 244614
main 214656
main 199838
main 225483
main 210368
main 254407
main 270174
main 235820
main 251556
main 341734
main 224416
main 214729
main 246473
main 201743
main 221153
main 207143
main 201300
main 233190
main 217886
main 234217
main 247213
