main 30670
main 5353
main 8947
main 4904
main 5187
main 5089
main 5232
main 6111
main 5329
main 5951
main 5719
main 5114
main 5638
main 5073
main 5046
main 6247
main 10415
main 6833
main 5582
main 5115
main 4619
main 5138
main 5413
main 5493
main 5600
main 5129
main 6999
main 4847
main 6885
main 5427
main 5432
main 5182
main 5659
main 7921
main 5076
main 4714
main 5094
main 5391
main 5550
main 5951
main 5584
main 5357
main 5320
main 5994
main 6035
main 4936
main 5452
main 5252
main 6065
main 5780
main 6397
main 5058
main 4995
main 5470
main 5633
main 4808
main 5811
main 5071
main 4925
main 5881
main 5208
main 4895
main 5158
main 6763
main 5008
main 6208
main 5347
main 5208
main 4957
main 115462
main 5158
main 4875
main 5077
main 5483
main 4626
main 98394
main 4769
main 5003
main 4950
main 5287
main 5986
main 4404
main 5632
main 4925
main 5040
main 12728
main 5274
main 5028
main 4939
main 5024
main 5984
main 5298
main 6196
main 7403
main 4851
main 10512
main 5568
main 5208
main 5326
main 6113
main 4979
main 6558
main 5336
main 5329
main 4821
main 5458
main 5600
main 6092
main 5186
main 5206
main 5107
main 4807
main 5016
main 5387
main 5640
main 6976
main 7329
main 5624
main 5094
main 4816
main 5632
main 4916
main 5013
main 4688
main 5132
main 9799
main 4962
main 5369
main 5643
main 5859
main 4706
main 5139
main 5738
main 4892
main 4788
main 4700
main 5328
main 4873
main 5617
main 5001
main 4610
main 4800
main 5086
main 5685
main 5373
main 5365
main 5206
main 8672
main 5238
main 5236
main 5526
main 5411
main 4820
main 5388
main 5210
main 6066
main 4678
main 5587
main 6254
main 5116
main 4891
main 5810
main 5327
main 5671
main 5767
main 4745
main 5473
main 5923
main 5278
main 5249
main 5870
main 5489
main 5042
main 5385
main 144037
main 5635
main 5009
main 5221
main 5151
main 5385
main 5333
main 5552
main 4796
main 4934
main 5728
main 5314
main 6678
main 5824
main 4910
main 4988
main 5210
main 5052
main 5500
main 5055
main 5928
main 5121
main 5673
main 5831
main 4820
main 4926
main 5206
main 6642
main 4900
main 5179
main 5925
main 5931
main 4852
main 4969
main 6078
main 5618
main 5061
main 4824
main 5280
main 5626
main 4931
main 4321
main 4136
main 3983
main 4375
main 5317
main 3850
main 5087
main 4192
main 4278
main 4176
main 3932
main 4518
main 6862
main 4288
main 3766
main 4047
main 5046
main 4407
main 4299
main 4250
main 3992
main 4333
main 4225
main 47132
main 35189
main 4880
main 5264
main 4089
main 4326
main 4644
main 4246
main 3786
main 4822
main 4179
main 4406
main 3890
main 3980
main 4263
main 7634
main 3972
main 4505
main 4153
main 4134
main 3804
main 4114
main 4194
main 5199
main 5002
main 5333
main 5623
main 5204
main 5872
main 4713
main 5973
main 5129
main 5332
main 5147
main 6108
main 4668
main 4541
main 4570
main 3888
main 4042
main 3985
main 4151
main 4246
main 4207
main 4146
main 3962
main 4352
main 6380
main 4571
main 4265
main 3772
main 4404
main 4418
main 3934
main 3980
main 4510
main 4113
main 3990
main 4224
main 4537
main 4252
main 3804
main 3832
main 4400
main 4180
main 5038
main 4658
main 4568
main 4327
main 4249
main 4981
main 4822
main 4103
main 4409
main 3877
main 4852
main 3744
main 5048
main 4353
main 4553
main 4617
main 5441
main 4407
main 5080
main 3890
main 3872
main 4244
main 4842
main 3951
main 4648
main 4045
main 4081
main 3746
main 4187
main 4438
main 4263
main 4538
main 4403
main 3716
main 4691
main 4904
main 3836
main 4307
main 3894
main 4056
main 4916
main 4148
main 4062
main 18039
main 4453
main 4218
main 4819
main 4115
main 4038
main 4196
main 5092
main 4273
main 7369
main 4720
main 4550
main 4377
main 5114
main 4144
main 4004
main 4254
main 4159
main 4091
main 4098
main 3932
main 4712
main 3917
main 4924
main 3911
main 4186
main 5215
main 4407
main 5115
main 3898
main 4528
main 3989
main 4578
main 3631
main 4882
main 4518
main 4600
main 4113
main 4597
main 4029
main 13031
main 3842
main 4051
main 7614
main 5612
main 4527
main 4888
main 7685
main 4299
main 4289
main 4534
main 4039
main 3821
main 4147
main 5675
main 4072
main 4315
main 4663
main 4353
main 4269
main 6719
main 4155
main 4583
main 3876
main 4375
main 3721
main 3808
main 4118
main 4147
main 4883
main 4433
main 6292
main 4072
main 5072
main 4311
main 4715
main 5465
main 4309
main 4100
main 4492
main 4744
main 6114
main 3879
main 4538
main 4359
main 4221
main 4030
main 4398
main 4198
main 4051
main 4465
main 4852
main 4051
main 4530
main 4496
main 4095
main 4383
main 4594
main 4540
main 4477
main 3521
main 3769
main 3547
main 4249
main 4009
main 3870
main 3912
main 3988
main 4163
main 4832
main 4211
main 4327
main 4390
main 3895
main 4555
main 4275
main 4433
main 4217
main 4139
main 4448
main 4777
main 3925
main 4713
main 3983
main 4224
main 4301
main 4720
main 5792
main 4574
main 5323
main 4288
main 4437
main 5255
main 5811
main 5049
main 4195
main 4375
main 8955
main 4264
main 4771
main 3788
main 6774
main 4085
main 4300
main 4136
main 4296
main 4193
main 4212
main 3993
main 4763
main 24362
main 4758
main 4865
main 4432
main 4062
main 4076
main 4024
main 3846
main 4685
main 3948
main 4418
main 3968
main 4390
main 3893
main 6521
main 4300
main 4033
main 4583
main 4145
main 3999
main 3795
main 3961
main 4878
main 4860
main 4345
main 5508
main 8394
main 5260
main 29941
main 3573
main 3895
main 4351
main 4444
main 4474
main 4025
main 4164
main 4044
main 4646
main 5365
main 4433
main 4143
main 3995
main 4622
main 4243
main 4603
main 4775
main 4254
main 4658
main 4179
main 4063
main 3897
main 4566
main 7238
main 4142
main 4199
main 5106
main 3851
main 3672
main 4676
main 4740
main 4175
main 3905
main 5081
main 3835
main 4052
main 3975
main 5001
main 4008
main 5189
main 4220
main 4054
main 34670
main 16246
main 3871
main 4388
main 4302
main 4037
main 3832
main 4188
main 4084
main 4077
main 4559
main 4289
main 5070
main 4249
main 4221
main 4937
main 64849
main 3735
main 4446
main 4416
main 5364
main 4482
main 5002
main 4405
main 4483
main 4013
main 4650
main 4174
main 4732
main 4851
main 4857
main 5637
main 4878
main 4485
main 4686
main 4365
main 3964
main 4317
main 4717
main 4675
main 4528
main 5445
main 5030
main 5242
main 5477
main 4269
main 4397
main 3730
main 4639
main 4601
main 4186
main 4079
main 5832
main 3848
main 4642
main 3972
main 4329
main 4103
main 4360
main 3895
main 4594
main 4051
main 9474
main 6363
main 4320
main 4340
main 4232
main 4077
main 3888
main 3850
main 3948
main 4690
main 3966
main 4136
main 4061
main 3760
main 4346
main 3745
main 4491
main 6650
main 8007
main 4139
main 4533
main 4419
main 3772
main 3980
main 4310
main 4183
main 4058
main 4550
main 3961
main 4333
main 4489
main 4668
main 4367
main 4677
main 5385
main 4109
main 4163
main 3787
main 4571
main 3891
main 4505
main 4453
main 5929
main 3859
main 4312
main 4163
main 4193
main 4444
main 5873
main 4903
main 4504
main 4678
main 4377
main 138129
main 4666
main 4618
main 3801
main 4289
main 4096
main 4668
main 5093
main 5127
main 4510
main 3879
main 4376
main 4047
main 4653
main 4323
main 4216
main 4193
main 5533
main 4377
main 4097
main 4544
main 4782
main 4200
main 4118
main 4896
main 4947
main 4543
main 4822
main 4256
main 4545
main 4422
main 4552
main 4467
main 4580
main 5059
main 4511
main 4977
main 5156
main 4680
main 4204
main 4461
main 4747
main 4172
main 4028
main 4277
main 3915
main 4195
main 6076
main 3700
main 6476
main 4294
main 3827
main 4012
main 4148
main 4908
main 4705
main 4551
main 4622
main 4464
main 4092
main 4957
main 4300
main 4246
main 3954
main 4180
main 5786
main 4470
main 4507
main 4113
main 3676
main 4651
main 4121
main 52998
main 3849
main 4602
main 4367
main 7456
main 4429
main 3985
main 4360
main 4417
main 6967
main 4278
main 6572
main 4227
main 3984
main 4428
main 4355
main 4446
main 3991
main 4132
main 4201
main 7460
main 5762
main 4231
main 4606
main 4615
main 4476
main 7833
main 4051
main 4554
main 4433
main 4445
main 4216
main 5092
main 3934
main 4518
main 4405
main 4059
main 4539
main 4118
main 7273
main 4966
main 4248
main 4526
main 4404
main 4975
main 6321
main 4221
main 4961
main 4406
main 4953
main 4406
main 4374
main 4324
main 4498
main 4598
main 4398
main 4202
main 4820
main 4112
main 5343
main 3995
main 4090
main 4048
main 4804
main 4839
main 4617
main 3885
main 4849
main 4087
main 4180
main 4163
main 4505
main 4391
main 4359
main 4269
main 6210
main 3958
main 4170
main 4350
main 4419
main 4384
main 4285
main 4216
main 3924
main 4850
main 4711
main 4061
main 5623
main 4570
main 5139
main 4143
main 4050
main 3961
main 3992
main 3976
main 3745
main 6745
main 4569
main 3874
main 3586
main 3779
main 3936
main 4649
main 3887
main 4355
main 4507
main 4523
main 4338
main 4409
main 4330
main 4511
main 3845
main 4295
main 5014
main 4047
main 4740
main 3867
main 3891
main 4418
main 4324
main 5205
main 4628
main 4775
main 3879
main 4238
main 4367
main 4336
main 4727
main 4157
main 4019
main 3991
main 4172
main 4277
main 4021
main 3706
main 4601
main 4132
main 5448
main 3944
main 15513
main 4829
main 4689
main 4287
main 4157
main 4277
main 4457
main 4101
main 4442
main 4151
main 4017
main 3949
main 4012
main 3896
main 4417
main 4365
main 4662
main 4958
main 3939
main 4656
main 7533
main 4106
main 4057
main 4003
main 3843
main 3861
main 4256
main 5311
main 4097
main 4627
main 4075
main 5102
main 4082
main 4630
main 4057
main 4534
main 4276
main 3825
main 5951
main 4364
main 4462
main 4654
main 4294
main 4570
main 4216
main 3976
main 4593
main 4180
main 4186
main 4319
main 7250
main 7419
main 3773
main 6512
main 4055
main 9137
main 4067
main 4322
main 3987
main 3922
main 4482
main 5309
main 4001
main 4238
main 3831
main 40142
main 4207
main 4455
main 4067
main 4541
main 6926
main 4562
main 4310
main 4418
main 4218
main 4496
main 4017
main 4307
main 4334
main 3761
main 4401
main 4404
main 4451
main 4298
main 70374
main 4648
main 4054
main 4228
main 5010
main 4508
main 4094
main 3982
main 4413
main 4389
main 3905
main 27300
main 4905
main 4839
main 4504
main 3969
main 4750
main 3835
main 3864
main 4733
main 4081
main 4192
main 3891
