main 138337
main 89773
main 97258
main 93725
main 91678
main 118866
main 91451
main 89953
main 110970
main 91876
main 111284
main 96322
main 88028
main 87493
main 93684
main 297563
main 87283
main 89747
main 160760
main 105186
main 92498
main 98768
main 89786
main 94748
main 175479
main 90636
main 94881
main 90116
main 93475
main 89226
main 92322
main 91362
main 90529
main 94304
main 88596
main 99848
main 87302
main 100322
main 87916
main 91234
main 89185
main 117959
main 98260
main 88164
main 88289
main 92114
main 95385
main 90932
main 88574
main 86625
main 93423
main 94666
main 86495
main 86787
main 90393
main 87441
main 85565
main 92557
main 94931
main 89406
main 98406
main 90011
main 89599
main 87693
main 87941
main 90671
main 93048
main 88262
main 109660
main 101377
main 95393
main 89469
main 88243
main 90588
main 91873
main 87312
main 93165
main 93010
main 88744
main 93448
main 88832
main 92772
main 88312
main 89415
main 89438
main 89557
main 94944
main 89616
main 93195
main 181323
main 87616
main 94488
main 160659
main 96543
main 89746
main 115741
main 204907
main 86920
main 88945
main 89410
main 89555
main 96127
main 92530
main 89051
main 98615
main 89027
main 91160
main 142588
main 100176
main 91326
main 98683
main 92862
main 92706
main 94041
main 98440
main 105160
main 91936
main 88694
main 90507
main 108855
main 90370
main 154132
main 93870
main 93306
main 90872
main 92153
main 89858
main 97546
main 112005
main 130647
main 94010
main 96409
main 98148
main 129363
main 90300
main 90097
main 89933
main 90269
main 101074
main 91769
main 101538
main 90914
main 91238
main 89323
main 91828
main 89770
main 92168
main 86923
main 118490
main 88697
main 102365
main 87358
main 90807
main 100758
main 91648
main 89453
main 87188
main 86573
main 87090
main 87645
main 88858
main 105439
main 91918
main 94339
main 89974
main 92568
main 89637
main 88475
main 89665
main 87807
main 91050
main 91312
main 87915
main 89512
main 92732
main 92087
main 95156
main 91063
main 96546
main 112743
main 86519
main 90800
main 98528
main 90708
main 143792
main 86900
main 91469
main 89037
main 90324
main 96303
main 100837
main 88907
main 89794
main 99384
main 89793
main 91802
main 88767
main 87407
main 90070
main 101682
main 91512
main 89557
main 88096
main 85892
main 91519
main 88760
main 105247
main 125144
main 94928
main 86443
main 86922
main 95265
main 88085
main 86601
main 85708
main 87562
main 87383
main 88626
main 88349
main 93195
main 96878
main 89169
main 92543
main 90457
main 96081
main 85463
main 85255
main 88440
main 88634
main 88483
main 99786
main 95420
main 87259
main 97809
main 88958
main 84458
main 85231
main 93408
main 153262
main 93473
main 92384
main 102013
main 92821
main 84563
main 85101
main 88974
main 85728
main 93949
main 90741
main 215162
main 89803
main 89810
main 97355
main 93987
main 94053
main 87694
main 92385
main 100757
main 89496
main 92352
main 97961
main 87000
main 88855
main 87215
main 86915
main 96954
main 85487
main 87643
main 86620
main 88881
main 87488
main 89428
main 89562
main 89520
main 87464
main 90096
main 92420
main 87726
main 84156
main 112274
main 87793
main 101621
main 92599
main 88302
main 89760
main 95021
main 87225
main 158121
main 91132
main 94901
main 177116
main 99128
main 91958
main 95679
main 90932
main 91716
main 92544
main 91874
main 96813
main 90968
main 91318
main 91836
main 91291
main 88094
main 92772
main 92093
main 86813
main 87308
main 89135
main 90791
main 86430
main 89311
main 89325
main 95245
main 89970
main 98631
main 90987
main 92232
main 93286
main 90380
main 88211
main 93706
main 89415
main 94424
main 106798
main 93976
main 90740
main 90067
main 90877
main 128317
main 99834
main 88336
main 90897
main 85762
main 85507
main 86518
main 84365
main 85327
main 92566
main 89886
main 94810
main 121284
main 97352
main 85026
main 88215
main 105983
main 90655
main 90998
main 84618
main 177587
main 89038
main 88489
main 89536
main 85776
main 106084
main 86407
main 91986
main 92591
main 88658
main 88397
main 88546
main 142227
main 87168
main 88207
main 90689
main 85082
main 88982
main 85418
main 90480
main 94399
main 91008
main 90197
main 91687
main 97369
main 87209
main 87182
main 89537
main 85096
main 89690
main 91315
main 89419
main 88890
main 88404
main 85769
main 108026
main 98979
main 87066
main 116612
main 88483
main 92045
main 85762
main 87169
main 87823
main 87831
main 86423
main 85931
main 85207
main 85207
main 85793
main 91514
main 84654
main 84890
main 84641
main 88875
main 89882
main 102799
main 111657
main 87678
main 86298
main 88464
main 90867
main 100221
main 86869
main 88005
main 87624
main 93080
main 91029
main 85759
main 85296
main 92795
main 87139
main 85259
main 88101
main 88171
main 85841
main 89714
main 89657
main 88591
main 91278
main 110526
main 87106
main 93181
main 88110
main 93846
main 92232
main 89242
main 89834
main 91364
main 88276
main 92074
main 91973
main 89430
main 91881
main 88407
main 97085
main 137383
main 93536
main 86900
main 95366
main 92302
main 91781
main 90231
main 112443
main 105943
main 94158
main 122045
main 90158
main 88008
main 100167
main 87720
main 97381
main 86449
main 141512
main 88120
main 85754
main 86276
main 87989
main 86785
main 94830
main 87574
main 109033
main 86848
main 90795
main 88810
main 86743
main 85959
main 86880
main 205655
main 87857
main 98508
main 86741
main 89487
main 105311
main 95987
main 85766
main 88185
main 84747
main 92797
main 130835
main 87862
main 84714
main 114071
main 92230
main 87259
main 159407
main 86061
main 88770
main 85274
main 85086
main 87855
main 90323
main 85378
main 90643
main 85981
main 84575
main 90941
main 87758
main 136083
main 92560
main 86092
main 87123
main 84564
main 87235
main 86985
main 145999
main 99641
main 85445
main 86658
main 121318
main 87344
main 106748
main 83837
main 84923
main 100875
main 96365
main 85565
main 85297
main 84426
main 89513
main 86143
main 86259
main 86555
main 86678
main 84632
main 87015
main 85180
main 89904
main 89015
main 97044
main 90592
main 165751
main 159123
main 133467
main 92592
main 96137
main 91208
main 89075
main 91468
main 89354
main 92269
main 98201
main 91815
main 90741
main 88799
main 89092
main 165540
main 87743
main 90395
main 90612
main 90621
main 93380
main 91111
main 88795
main 88830
main 156951
main 92552
main 100486
main 122380
main 88799
main 90401
main 91374
main 90566
main 90407
main 89098
main 90776
main 96951
main 106219
main 88772
main 88355
main 86381
main 192085
main 83256
main 85760
main 87300
main 97865
main 88709
main 88365
main 84849
main 89836
main 85365
main 88342
main 89338
main 84116
main 85419
main 89441
main 88686
main 86777
main 118407
main 90211
main 119116
main 86253
main 88948
main 91485
main 84944
main 86881
main 170511
main 178676
main 87161
main 117872
main 86997
main 86793
main 85653
main 103125
main 83068
main 85654
main 85067
main 169491
main 103828
main 85720
main 85178
main 94998
main 98627
main 94535
main 86410
main 91804
main 90065
main 127431
main 98355
main 87548
main 85765
main 85040
main 88105
main 86388
main 86691
main 85073
main 90971
main 90309
main 88354
main 89060
main 87296
main 107208
main 89194
main 85228
main 85023
main 117639
main 91071
main 85957
main 100422
main 86060
main 113792
main 105142
main 93901
main 89481
main 101368
main 90947
main 87233
main 91425
main 85135
main 84883
main 84165
main 88874
main 84573
main 85835
main 88155
main 100452
main 85606
main 147634
main 85766
main 89408
main 88292
main 85730
main 95209
main 96555
main 84149
main 85135
main 95967
main 85365
main 86433
main 88825
main 88542
main 95569
main 87375
main 89941
main 93519
main 88808
main 86895
main 91656
main 91935
main 93522
main 88417
main 86746
main 92422
main 138084
main 90590
main 88791
main 90581
main 90596
main 87856
main 88906
main 89094
main 88444
main 91483
main 90924
main 85449
main 84638
main 88265
main 86338
main 88895
main 90396
main 87588
main 90924
main 89930
main 97212
main 91799
main 89150
main 90845
main 87893
main 105510
main 96080
main 90153
main 88538
main 90700
main 117229
main 87406
main 121095
main 87604
main 88126
main 104225
main 91976
main 93256
main 91877
main 89416
main 85393
main 121137
main 91692
main 99131
main 88721
main 86978
main 89393
main 92395
main 90053
main 138092
main 87386
main 90990
main 95618
main 88674
main 86791
main 88635
main 91243
main 92633
main 88416
main 85041
main 83788
main 86077
main 90780
main 86483
main 86898
main 86866
main 85902
main 113176
main 86788
main 86830
main 87457
main 86022
main 85866
main 89279
main 87622
main 85341
main 103667
main 86417
main 94554
main 85970
main 89336
main 86845
main 88213
main 87580
main 86567
main 90834
main 91486
main 89017
main 87896
main 86204
main 86055
main 88061
main 85209
main 86202
main 89661
main 94864
main 91973
main 111072
main 92775
main 114033
main 98554
main 88866
main 89520
main 89591
main 87256
main 92711
main 134338
main 94349
main 88687
main 89154
main 88247
main 92747
main 93501
main 96971
main 89612
main 88912
main 91698
main 89557
main 99635
main 89793
main 142192
main 88634
main 90494
main 88978
main 93238
main 203558
main 118569
main 138111
main 99218
main 105253
main 85115
main 92860
main 85653
main 113677
main 93447
main 86260
main 86871
main 133369
main 87502
main 85271
main 84579
main 85919
main 85542
main 86936
main 85893
main 91003
main 113671
main 86742
main 85200
main 85447
main 86185
main 105992
main 89790
main 87960
main 91701
main 86305
main 86186
main 87007
main 88263
main 85341
main 83462
main 83774
main 86035
main 88954
main 86157
main 90937
main 86575
main 88092
main 91909
main 137852
main 90353
main 85885
main 84145
main 86402
main 85499
main 98874
main 84145
main 84856
main 93054
main 90296
main 85003
main 85079
main 95145
main 86197
main 84627
main 83442
main 86813
main 84786
main 89217
main 84965
main 96302
main 88089
main 116003
main 86706
main 85447
main 87365
main 85861
main 85561
main 86654
main 86174
main 85898
main 85915
main 87552
main 88797
main 85535
main 89291
main 87922
main 90339
main 92372
main 88080
main 87478
main 84002
main 86089
main 86302
main 88360
main 105607
main 91351
main 85834
main 91816
main 89204
main 87589
main 85665
main 85066
main 120291
main 92512
main 91299
main 86783
main 86811
main 88341
main 86078
main 83839
main 85967
main 83898
main 90964
main 87207
main 84949
main 85788
main 84864
main 87113
main 86107
main 84917
main 90180
main 85143
main 87778
main 84828
main 85745
main 91474
main 85658
main 88364
main 85649
main 94379
main 130496
main 85094
main 86407
main 89858
main 87795
main 84276
main 91746
main 86651
main 86109
main 85329
main 85130
main 127902
main 87045
main 85688
main 86628
main 88357
main 86542
main 87190
main 84318
main 85332
main 90392
main 85801
main 98089
main 88349
main 90941
main 85240
main 89684
main 89488
main 99618
main 85246
main 90730
main 85397
main 86978
main 85342
main 88880
main 169498
main 89145
main 89593
main 90463
main 99351
main 88175
main 86540
main 91657
main 84705
main 96823
main 88068
main 86718
main 87386
main 86015
main 93377
main 84916
main 87621
main 114956
main 84728
main 88246
main 85323
main 90392
