main 160070
main 151037
main 157858
main 161832
main 151602
main 150617
main 149836
main 154951
main 150781
main 152500
main 151038
main 149909
main 181738
main 169115
main 156304
main 150318
main 148661
main 150962
main 166380
main 150279
main 161691
main 164009
main 150633
main 152918
main 149173
main 149447
main 150945
main 164481
main 152355
main 176927
main 151304
main 169596
main 150973
main 162328
main 152209
main 150712
main 426312
main 152392
main 151748
main 150913
main 370439
main 162130
main 151883
main 152787
main 151013
main 153391
main 166373
main 150315
main 150593
main 158125
main 151447
main 159975
main 166282
main 151705
main 165892
main 266466
main 163362
main 150585
main 162956
main 150004
main 166187
main 164317
main 149924
main 168858
main 150846
main 150460
main 149411
main 149688
main 150909
main 164433
main 150534
main 151865
main 150180
main 152343
main 151681
main 166705
main 152065
main 226989
main 149869
main 151157
main 151260
main 151417
main 151536
main 160023
main 149944
main 149817
main 399803
main 152613
main 150311
main 151146
main 152465
main 156703
main 151071
main 163424
main 151090
main 153674
main 169768
main 149915
main 163865
main 150355
main 149568
main 150551
main 162527
main 150624
main 151530
main 149638
main 152207
main 152839
main 151049
main 168671
main 151468
main 149457
main 151508
main 150362
main 149978
main 152139
main 151539
main 151508
main 151439
main 150915
main 150960
main 150741
main 150279
main 167778
main 152704
main 150547
main 158886
main 164269
main 151640
main 164494
main 179550
main 153384
main 152313
main 152871
main 160933
main 151089
main 150765
main 152124
main 150940
main 152649
main 162490
main 151048
main 150027
main 165892
main 151123
main 169246
main 153613
main 179095
main 150714
main 165098
main 160941
main 151185
main 174547
main 150876
main 148081
main 574524
main 150958
main 150236
main 148892
main 151454
main 160857
main 165059
main 164094
main 152091
main 152166
main 152368
main 152500
main 152352
main 151883
main 152260
main 151979
main 171613
main 165258
main 194968
main 151177
main 151343
main 165108
main 169223
main 173578
main 153133
main 163555
main 150687
main 160909
main 149917
main 150629
main 150339
main 150112
main 165250
main 151954
main 150383
main 173364
main 171578
main 148812
main 149221
main 149561
main 150074
main 149382
main 150705
main 164325
main 149687
main 165079
main 165295
main 149321
main 151057
main 162291
main 149824
main 149910
main 149784
main 159155
main 150790
main 149338
main 149173
main 165020
main 150577
main 150864
main 163083
main 152306
main 153490
main 152412
main 163666
main 152098
main 151618
main 151071
main 152280
main 151785
main 150772
main 160144
main 150838
main 153265
main 153350
main 153084
main 150429
main 151031
main 150248
main 151760
main 150126
main 157745
main 149049
main 163356
main 165446
main 150372
main 149527
main 151191
main 171569
main 151116
main 150896
main 149916
main 151536
main 161924
main 158388
main 149137
main 149034
main 151844
main 162296
main 150860
main 151046
main 164656
main 153129
main 148856
main 150526
main 151470
main 151251
main 148740
main 169264
main 148531
main 148877
main 148968
main 163143
main 150686
main 154192
main 169664
main 149414
main 148804
main 148965
main 149284
main 148853
main 960732
main 150538
main 151667
main 169487
main 151972
main 149775
main 150973
main 168038
main 149767
main 168977
main 151406
main 149585
main 149707
main 164226
main 152297
main 149040
main 150491
main 150927
main 161353
main 149145
main 155703
main 149469
main 151602
main 151460
main 150929
main 165348
main 161242
main 162384
main 150188
main 151498
main 151753
main 149431
main 164559
main 150277
main 155679
main 150295
main 161687
main 152451
main 149698
main 149920
main 152249
main 165659
main 153628
main 165828
main 151732
main 152651
main 165857
main 152971
main 152770
main 173231
main 151281
main 153121
main 166604
main 150091
main 151247
main 152482
main 150122
main 150014
main 152187
main 154040
main 153802
main 153122
main 151707
main 150160
main 151817
main 149246
main 149555
main 149538
main 151051
main 149259
main 149833
main 152845
main 150027
main 151475
main 151128
main 149173
main 150135
main 165227
main 149686
main 163405
main 152829
main 167678
main 150775
main 172793
main 150732
main 164072
main 152189
main 150475
main 149937
main 148992
main 161320
main 149109
main 155148
main 161451
main 151244
main 151699
main 150872
main 150199
main 149973
main 163840
main 150002
main 152315
main 149831
main 149015
main 158954
main 148909
main 150739
main 149691
main 157852
main 149779
main 160204
main 149633
main 150638
main 170507
main 165660
main 149952
main 149757
main 151489
main 149209
main 150327
main 150725
main 149682
main 148747
main 149836
main 150087
main 151767
main 158750
main 151166
main 151158
main 152504
main 149724
main 149588
main 150712
main 150907
main 163750
main 150291
main 150917
main 152293
main 150139
main 149703
main 174872
main 169138
main 162591
main 165585
main 167654
main 165107
main 151398
main 153398
main 162488
main 150282
main 150474
main 151874
main 173499
main 179900
main 152687
main 157100
main 151570
main 164597
main 151589
main 150232
main 150055
main 148336
main 150977
main 182251
main 149257
main 150843
main 149795
main 149778
main 150378
main 149081
main 161357
main 148912
main 150471
main 157054
main 175372
main 151349
main 164607
main 149537
main 152208
main 167746
main 151571
main 152314
main 169765
main 150467
main 151401
main 163901
main 159430
main 164531
main 151991
main 167019
main 152398
main 150824
main 150342
main 179912
main 157375
main 153209
main 151727
main 150499
main 149709
main 149185
main 150182
main 165592
main 149114
main 148753
main 148469
main 149948
main 150360
main 159259
main 150804
main 149295
main 149993
main 160906
main 149671
main 149346
main 151502
main 152069
main 152578
main 150264
main 166842
main 149277
main 171585
main 149792
main 152678
main 152138
main 151709
main 157447
main 165360
main 151666
main 164396
main 150345
main 151126
main 153826
main 151223
main 151379
main 151647
main 162426
main 156055
main 152390
main 163658
main 155334
main 151724
main 151822
main 153225
main 150161
main 162679
main 152616
main 151851
main 410801
main 150550
main 149588
main 153564
main 152608
main 157388
main 152905
main 150297
main 149799
main 150147
main 148805
main 159848
main 159025
main 151891
main 151562
main 150297
main 166271
main 152356
main 185844
main 152886
main 150079
main 151308
main 164788
main 150400
main 152072
main 165740
main 153684
main 151602
main 149449
main 151364
main 163342
main 151014
main 166105
main 153555
main 150975
main 151558
main 151620
main 156792
main 158221
main 151606
main 150238
main 151369
main 150962
main 152145
main 152733
main 151286
main 176776
main 189543
main 150422
main 149551
main 150780
main 165909
main 151226
main 151186
main 150862
main 149522
main 151881
main 162676
main 154073
main 149943
main 149201
main 150625
main 150011
main 150817
main 149738
main 151076
main 150714
main 151417
main 151953
main 150924
main 152011
main 165865
main 170055
main 151338
main 161143
main 150512
main 167047
main 152807
main 150120
main 152872
main 152907
main 151453
main 150875
main 155330
main 163684
main 149233
main 149978
main 156889
main 151365
main 151010
main 153679
main 149915
main 158590
main 160066
main 162574
main 149222
main 149698
main 186773
main 150187
main 149185
main 149911
main 161411
main 148370
main 150799
main 155792
main 150813
main 148229
main 163686
main 163204
main 149861
main 148264
main 157431
main 185188
main 149570
main 148184
main 153731
main 150225
main 338786
main 148797
main 164263
main 150349
main 158693
main 166035
main 151534
main 149309
main 150159
main 148961
main 149994
main 149065
main 163361
main 159775
main 150160
main 150160
main 151447
main 149839
main 151057
main 148617
main 150226
main 157253
main 150080
main 170430
main 150435
main 149883
main 155175
main 149857
main 150025
main 150793
main 150511
main 149192
main 169177
main 151338
main 175776
main 148382
main 154472
main 166067
main 149736
main 150176
main 150482
main 150219
main 157562
main 165388
main 163144
main 152893
main 149294
main 150096
main 149606
main 173375
main 160680
main 151390
main 164764
main 151558
main 151044
main 164583
main 158146
main 149938
main 148344
main 150804
main 148880
main 150492
main 153014
main 151714
main 151132
main 151799
main 151259
main 165814
main 164159
main 153123
main 159451
main 151756
main 151376
main 152602
main 150499
main 151234
main 151645
main 150084
main 173605
main 172082
main 149972
main 151553
main 152352
main 165253
main 151437
main 149989
main 151330
main 157674
main 149394
main 149338
main 150479
main 149701
main 162182
main 151768
main 170767
main 147580
main 158550
main 162583
main 150100
main 149704
main 164419
main 166462
main 150463
main 149255
main 165129
main 166759
main 158851
main 149626
main 174559
main 151367
main 153498
main 152645
main 151321
main 154615
main 152692
main 153104
main 152065
main 154246
main 164353
main 164945
main 150996
main 150678
main 164493
main 163313
main 149442
main 150964
main 151645
main 148776
main 156264
main 151891
main 150275
main 150852
main 148490
main 153309
main 161594
main 149662
main 156787
main 164664
main 153914
main 148869
main 171585
main 163046
main 166269
main 150395
main 150987
main 167060
main 149275
main 161818
main 151079
main 152426
main 151814
main 150784
main 160684
main 151553
main 150990
main 150010
main 151378
main 151292
main 149353
main 151162
main 165187
main 151213
main 153001
main 150044
main 152784
main 152397
main 152702
main 189310
main 151781
main 150986
main 151990
main 184886
main 165836
main 152467
main 152313
main 151918
main 151794
main 182070
main 163603
main 157398
main 148785
main 151192
main 171538
main 197199
main 152006
main 152340
main 151610
main 151004
main 152626
main 154593
main 162710
main 151591
main 164777
main 163465
main 149651
main 150712
main 150023
main 156951
main 148035
main 164156
main 176709
main 153961
main 150261
main 149264
main 151004
main 149592
main 150320
main 152395
main 161640
main 166074
main 153044
main 152663
main 152844
main 153510
main 150986
main 151029
main 150161
main 151853
main 153872
main 151442
main 152671
main 150977
main 152307
main 149780
main 150697
main 181693
main 150251
main 149719
main 163604
main 153583
main 158235
main 149739
main 150367
main 160928
main 148484
main 149260
main 172845
main 149880
main 149863
main 149585
main 156563
main 150590
main 152780
main 150827
main 158990
main 149926
main 151628
main 161979
main 150558
main 148727
main 149150
main 150597
main 149166
main 149193
main 157266
main 161497
main 166080
main 150058
main 152688
main 151848
main 164754
main 170533
main 151471
main 151435
main 166422
main 153031
main 151209
main 150518
main 153376
main 152774
main 174568
main 165649
main 152306
main 152264
main 150384
main 150209
main 151084
main 150461
main 151745
main 149624
main 151817
main 156716
main 153172
main 150583
main 150471
main 151852
main 151387
main 160327
main 150175
main 157032
main 160912
main 150496
main 150140
main 152680
main 151215
main 169068
main 168271
main 164968
main 163733
main 151743
main 150621
main 152280
main 153973
main 154155
main 151514
main 157468
main 152537
main 162083
main 153270
main 150129
main 161381
main 150362
main 150677
main 152370
main 152010
main 192705
main 152065
main 150825
main 148508
main 161588
main 150147
main 152994
main 149023
main 150977
main 149636
main 150674
main 153488
main 151077
main 164560
main 162578
main 153588
main 150632
main 151529
main 148227
main 154470
main 152630
main 168086
main 152621
main 151022
main 181375
main 150784
main 151720
main 149912
main 151802
main 160442
main 151675
main 167844
main 151595
main 161598
main 152179
main 154187
main 149487
main 164208
main 150405
main 149093
main 150614
main 158971
main 150298
main 150749
main 150085
