main 654148
main 637655
main 657159
main 637133
main 639120
main 649701
main 874879
main 650101
main 792472
main 625642
main 651107
main 653458
main 706846
main 733787
main 683061
main 668306
main 649062
main 653575
main 642583
main 649740
main 644382
main 639864
main 669695
main 629850
main 628208
main 638776
main 666030
main 627081
main 651026
main 639964
main 640889
main 632344
main 660858
main 662331
main 707420
main 643768
main 675917
main 656470
main 630674
main 646725
main 627282
main 641640
main 702267
main 632891
main 657813
main 733792
main 653343
main 649703
main 630765
main 645050
main 628599
main 633563
main 648349
main 691231
main 625266
main 636495
main 652244
main 649441
main 626562
main 640839
main 667963
main 642767
main 658218
main 630737
main 636227
main 709718
main 641225
main 627589
main 635552
main 626231
main 679021
main 656524
main 653106
main 636804
main 645944
main 664177
main 636206
main 666204
main 632518
main 655180
main 925319
main 639656
main 628504
main 638331
main 663549
main 642690
main 644967
main 699094
main 940490
main 702717
main 646402
main 668994
main 653228
main 651352
main 643013
main 626613
main 688436
main 649869
main 653552
main 647444
main 679438
main 642711
main 644565
main 640537
main 662349
main 649158
main 704085
main 638142
main 663801
main 657135
main 674045
main 652239
main 646225
main 637422
main 728671
main 630265
main 639948
main 641658
main 627284
main 641714
main 687724
main 676558
main 633513
main 648716
main 636200
main 634929
main 667225
main 975998
main 683375
main 678498
main 765152
main 830126
main 649661
main 655394
main 781733
main 671298
main 633886
main 641331
main 630888
main 637997
main 625066
main 661263
main 638381
main 672036
main 630627
main 665717
main 649318
main 653727
main 642281
main 634899
main 699147
main 638304
main 655290
main 644223
main 650152
main 693894
main 640009
main 664284
main 644568
main 628689
main 654031
main 666951
main 634752
main 666545
main 635473
main 626478
main 653992
main 633827
main 641145
main 633521
main 763115
main 642845
main 651061
main 625477
main 695950
main 650712
main 671919
main 781100
main 645737
main 627043
main 651716
main 630239
main 689044
main 667263
main 637052
main 655753
main 641715
main 642689
main 643166
main 679713
main 675001
main 637697
main 661178
main 627609
main 675904
main 628296
main 637400
main 655877
main 628913
main 638982
main 625941
main 647901
main 632561
main 632812
main 660295
main 680863
main 662558
main 640347
main 627513
main 671192
main 631860
main 635597
main 673757
main 640911
main 652488
main 651703
main 706472
main 643373
main 692017
main 641665
main 628159
main 649958
main 633727
main 625992
main 658905
main 637617
main 647847
main 633029
main 673213
main 645695
main 649455
main 634276
main 634889
main 668565
main 629052
main 641252
main 663724
main 626250
main 653420
main 652443
main 643558
main 661938
main 628281
main 655299
main 667927
main 629033
main 659326
main 647670
main 628233
main 751899
main 641035
main 752777
main 649103
main 674315
main 654084
main 628403
main 660142
main 663450
main 624981
main 625264
main 627543
main 626065
main 649042
main 640565
main 624772
main 644600
main 634239
main 627964
main 653928
main 645982
main 674678
main 629852
main 637856
main 649899
main 636016
main 640237
main 625867
main 648732
main 629896
main 625356
main 664767
main 675411
main 643753
main 668005
main 641541
main 655399
main 637758
main 635962
main 641811
main 641757
main 639979
main 627922
main 634331
main 642003
main 627266
main 646893
main 634501
main 628225
main 682415
main 629026
main 628432
main 630188
main 750099
main 667709
main 641437
main 634488
main 632217
main 688332
main 648033
main 656333
main 627983
main 636638
main 660624
main 665698
main 636831
main 709154
main 652678
main 878343
main 659722
main 654781
main 626620
main 680829
main 629130
main 625095
main 664149
main 635730
main 641899
main 633363
main 627279
main 631306
main 707651
main 626144
main 659029
main 676863
main 635989
main 626941
main 656357
main 657345
main 636545
main 665759
main 627803
main 666295
main 642493
main 628718
main 687112
main 626112
main 626422
main 652602
main 627256
main 665355
main 650107
main 629935
main 636883
main 635038
main 678835
main 639781
main 693052
main 626083
main 627295
main 638414
main 641031
main 660538
main 659932
main 627539
main 715458
main 626466
main 642676
main 640450
main 628627
main 647089
main 646417
main 664827
main 640752
main 635169
main 632405
main 642607
main 641377
main 631420
main 646852
main 652592
main 678989
main 646340
main 712267
main 826534
main 674974
main 672036
main 641413
main 697200
main 628633
main 649789
main 670239
main 665748
main 626220
main 658399
main 657663
main 627910
main 659920
main 626890
main 656835
main 675552
main 670380
main 660146
main 659881
main 641550
main 642776
main 922022
main 656678
main 652656
main 658510
main 659603
main 673067
main 638646
main 657888
main 629666
main 632311
main 638355
main 648660
main 636053
main 680524
main 660577
main 648583
main 689036
main 638416
main 662449
main 658780
main 659934
main 651417
main 650218
main 638525
main 645907
main 639142
main 666039
main 663663
main 697690
main 658918
main 670405
main 661648
main 645787
main 629752
main 657995
main 717924
main 709111
main 727269
main 640995
main 644118
main 629671
main 654241
main 734976
main 625880
main 650757
main 633883
main 651733
main 650964
main 725117
main 737261
main 673897
main 682548
main 645363
main 678150
main 658861
main 636775
main 644409
main 762804
main 652372
main 627566
main 647189
main 631438
main 751958
main 690000
main 700036
main 776391
main 759472
main 743187
main 1025461
main 628697
main 681147
main 629433
main 829208
main 651134
main 691747
main 683899
main 628195
main 672991
main 627653
main 641192
main 644655
main 649918
main 633195
main 655633
main 686644
main 659984
main 681932
main 658330
main 674967
main 688030
main 627258
main 640126
main 639386
main 695902
main 701678
main 680516
main 653513
main 635013
main 631353
main 634340
main 651470
main 972644
main 641836
main 844129
main 642937
main 637566
main 662841
main 659754
main 639507
main 634791
main 637465
main 722549
main 697019
main 679531
main 732783
main 716248
main 661668
main 674161
main 711938
main 689839
main 743014
main 657525
main 626127
main 643009
main 633113
main 636737
main 628495
main 636717
main 636184
main 652319
main 664467
main 652664
main 628224
main 652464
main 673438
main 652853
main 707976
main 1055763
main 658791
main 670931
main 643581
main 675567
main 639032
main 643237
main 640047
main 646727
main 645432
main 647617
main 823501
main 641248
main 651786
main 839221
main 805830
main 649641
main 675152
main 635334
main 654304
main 666733
main 672052
main 660115
main 627365
main 654085
main 639165
main 646073
main 641812
main 643386
main 638568
main 640228
main 654627
main 685577
main 647646
main 641402
main 636340
main 640005
main 629093
main 655353
main 646300
main 641185
main 643035
main 693704
main 629709
main 660266
main 647503
main 657071
main 639073
main 643102
main 661277
main 638924
main 654322
main 658391
main 649757
main 641640
main 651578
main 643123
main 759293
main 624873
main 658200
main 642904
main 639728
main 628652
main 716869
main 650906
main 677073
main 700449
main 650109
main 639684
main 654973
main 682719
main 646589
main 695968
main 625952
main 752612
main 664449
main 646911
main 637631
main 691041
main 648801
main 657081
main 739092
main 627476
main 690612
main 652050
main 642815
main 644524
main 661638
main 660778
main 664705
main 659217
main 695238
main 1313129
main 719262
main 640250
main 647167
main 651085
main 688139
main 662024
main 671227
main 627577
main 643298
main 636583
main 783017
main 674833
main 682908
main 669751
main 628245
main 666995
main 639075
main 639935
main 630406
main 652915
main 637214
main 640732
main 672641
main 643215
main 629337
main 669929
main 744176
main 663015
main 639938
main 648595
main 654876
main 697283
main 641968
main 670701
main 646618
main 791719
main 655415
main 642191
main 640644
main 641485
main 654051
main 1217243
main 1046716
main 659440
main 635128
main 634053
main 641804
main 702948
main 639762
main 655359
main 638763
main 656073
main 704887
main 651350
main 648376
main 628380
main 638330
main 652742
main 663240
main 639490
main 646054
main 625830
main 656014
main 628150
main 630632
main 674679
main 642307
main 685065
main 661685
main 660434
main 687998
main 725611
main 666818
main 646098
main 664123
main 662537
main 627039
main 640871
main 669672
main 644385
main 640628
main 626859
main 642868
main 646671
main 626441
main 627161
main 660474
main 647291
main 630270
main 666394
main 641099
main 627464
main 649166
main 634358
main 628490
main 626777
main 654592
main 642589
main 642535
main 696871
main 638661
main 635907
main 643525
main 685730
main 635954
main 634883
main 632216
main 827809
main 642028
main 658563
main 661167
main 630697
main 628805
main 732285
main 657297
main 670944
main 670789
main 627071
main 652483
main 654673
main 628303
main 630928
main 674865
main 647871
main 628847
main 650879
main 741065
main 647126
main 685221
main 675948
main 627750
main 732058
main 662478
main 659653
main 645511
main 751321
main 645852
main 646520
main 641256
main 695178
main 756559
main 658183
main 626486
main 756675
main 626705
main 978454
main 648152
main 641128
main 628338
main 648990
main 627721
main 674959
main 672615
main 653648
main 659991
main 626857
main 641417
main 691244
main 694611
main 668471
main 637698
main 642266
main 628373
main 651059
main 640224
main 918205
main 652137
main 682446
main 678401
main 668289
main 644308
main 626752
main 685901
main 650399
main 636549
main 669975
main 769103
main 653343
main 626752
main 655284
main 633527
main 665201
main 645212
main 658023
main 802317
main 650118
main 1023518
main 705176
main 666615
main 632667
main 646160
main 665110
main 644159
main 638128
main 637099
main 635128
main 697450
main 628259
main 641616
main 775249
main 675485
main 635745
main 650646
main 693673
main 739353
main 700939
main 927133
main 816910
main 647817
main 696450
main 665068
main 718094
main 702437
main 643890
main 656017
main 717974
main 1036510
main 668180
main 652021
main 668280
main 628290
main 669214
main 761126
main 642783
main 638958
main 650206
main 632431
main 795112
main 677563
main 643133
main 647990
main 643682
main 643200
main 755835
main 651019
main 660123
main 924777
main 684666
main 640508
main 640749
main 640232
main 639763
main 630957
main 656974
main 643222
main 661949
main 643676
main 637119
main 629251
main 648761
main 643559
main 630081
main 687129
main 659031
main 691002
main 693131
main 694833
main 640362
main 694505
main 701219
main 819196
main 660476
main 646318
main 760960
main 647722
main 691963
main 644212
main 635538
main 649491
main 643572
main 677950
main 656923
main 1058969
main 699974
main 673784
main 848978
main 842285
main 908824
main 810505
main 665117
main 640163
main 655592
main 648696
main 707574
main 808076
main 663958
main 757974
main 682074
main 657311
main 646909
main 658605
main 645613
main 658552
main 725909
main 693791
main 740200
main 763149
main 705625
main 913391
main 784006
main 701091
main 690744
main 691766
main 1041094
main 799871
main 753186
main 1049087
main 663394
main 628126
main 647202
main 627349
main 817960
main 716709
main 953278
main 758128
main 653013
main 704995
main 629412
main 663951
main 656095
main 639536
main 787689
main 632645
main 753910
main 761332
main 685116
main 629883
main 647308
main 676382
main 776028
main 664542
main 714413
main 640298
main 661041
main 702004
main 658417
main 786827
main 686104
main 770211
main 629463
main 677220
main 701399
main 656723
main 666609
main 1191004
main 643279
main 642873
main 746759
main 697942
main 628841
main 661829
main 765798
main 630764
main 725967
main 874496
main 635339
main 649636
main 696415
main 637639
main 632684
main 653105
main 631962
main 653469
main 834249
main 776230
