main 220938
main 215162
main 156505
main 130710
main 129059
main 131470
main 165247
main 151564
main 400423
main 220234
main 184046
main 150480
main 137659
main 387276
main 236050
main 145035
main 152756
main 142635
main 216636
main 239521
main 203535
main 124859
main 300115
main 175938
main 176509
main 147222
main 187133
main 177719
main 194494
main 122124
main 142403
main 198604
main 124958
main 148225
main 128810
main 138177
main 161967
main 161925
main 147221
main 145742
main 123226
main 129128
main 124329
main 177364
main 139510
main 289942
main 149155
main 125617
main 171892
main 129411
main 128011
main 157190
main 137658
main 172517
main 214476
main 135254
main 127908
main 124802
main 168003
main 147420
main 168731
main 141692
main 149237
main 143577
main 151074
main 131403
main 141638
main 141901
main 159111
main 130618
main 127742
main 154764
main 123118
main 128550
main 168717
main 168685
main 149015
main 132236
main 164198
main 125605
main 123378
main 124399
main 135326
main 143169
main 130927
main 127907
main 195639
main 140735
main 159132
main 126017
main 152426
main 131922
main 153798
main 199579
main 154501
main 154363
main 125751
main 166940
main 144467
main 140819
main 135083
main 125952
main 138946
main 159807
main 142752
main 162653
main 130098
main 125774
main 124993
main 131581
main 159228
main 168112
main 187408
main 178687
main 129237
main 185553
main 138824
main 150619
main 154218
main 147783
main 149140
main 145240
main 137252
main 157969
main 134114
main 180998
main 183931
main 140983
main 166425
main 123413
main 135119
main 157329
main 170330
main 139039
main 140770
main 153313
main 141446
main 269384
main 141872
main 160032
main 155524
main 360296
main 161854
main 220224
main 209743
main 130939
main 129972
main 164887
main 228435
main 207574
main 211004
main 159745
main 447767
main 227528
main 206733
main 127075
main 152927
main 134276
main 169238
main 132872
main 467885
main 152999
main 171712
main 285435
main 131143
main 141217
main 126028
main 336590
main 131430
main 131511
main 183642
main 157481
main 148946
main 128723
main 164763
main 129295
main 197954
main 161736
main 158679
main 198553
main 163148
main 249461
main 291410
main 127145
main 457998
main 138887
main 165129
main 232430
main 129418
main 181221
main 198120
main 323916
main 201549
main 199177
main 154997
main 230846
main 137344
main 129414
main 207332
main 189394
main 169948
main 139917
main 175923
main 147884
main 129132
main 192809
main 220543
main 271914
main 168050
main 175981
main 248243
main 147044
main 167890
main 276736
main 135248
main 148950
main 147923
main 351994
main 165031
main 126442
main 230994
main 142845
main 156382
main 169660
main 171434
main 143607
main 130660
main 132953
main 138495
main 172999
main 160278
main 149712
main 144414
main 135989
main 130708
main 152964
main 152300
main 186182
main 143115
main 206383
main 212974
main 145165
main 140532
main 139362
main 203347
main 138212
main 201015
main 134859
main 137415
main 127833
main 139252
main 167000
main 134441
main 198677
main 161022
main 182769
main 149169
main 164739
main 162460
main 127123
main 160921
main 128112
main 163250
main 207763
main 126941
main 130396
main 211702
main 316106
main 132684
main 147712
main 303079
main 258757
main 127289
main 129753
main 264093
main 154338
main 210898
main 129076
main 152588
main 218972
main 242436
main 166501
main 303464
main 272689
main 275592
main 196253
main 151289
main 341588
main 166205
main 132133
main 158094
main 140045
main 137638
main 329820
main 158991
main 184505
main 167602
main 130983
main 129859
main 130197
main 128124
main 198499
main 143094
main 127065
main 174232
main 149268
main 139811
main 156346
main 167314
main 155430
main 166161
main 126776
main 127703
main 126339
main 146999
main 188830
main 130430
main 156006
main 167860
main 165325
main 141223
main 168404
main 221444
main 154512
main 126825
main 166675
main 161458
main 134540
main 126013
main 135553
main 130576
main 128217
main 153796
main 159882
main 143925
main 348549
main 183948
main 322016
main 128971
main 208212
main 179215
main 144288
main 186793
main 136969
main 133105
main 239331
main 131532
main 142452
main 326298
main 164142
main 128432
main 297985
main 150382
main 130731
main 129360
main 128708
main 311241
main 153490
main 231786
main 129818
main 364302
main 482967
main 226661
main 275984
main 218379
main 127899
main 251441
main 293973
main 142157
main 186579
main 159355
main 511451
main 163248
main 169830
main 131125
main 131327
main 146946
main 186847
main 127517
main 129794
main 131122
main 142365
main 230018
main 240930
main 126519
main 129809
main 176040
main 127701
main 126268
main 158832
main 149776
main 131474
main 136431
main 143405
main 272791
main 164491
main 185372
main 149948
main 216670
main 193148
main 166353
main 128114
main 212827
main 128203
main 173693
main 130744
main 181010
main 128283
main 149882
main 131148
main 136619
main 223383
main 496688
main 196841
main 158723
main 155331
main 127839
main 155040
main 128790
main 151466
main 206000
main 144852
main 182346
main 132801
main 154286
main 127754
main 161237
main 131332
main 129313
main 132357
main 134534
main 155185
main 130365
main 143529
main 163692
main 171795
main 277789
main 133171
main 130680
main 166205
main 163323
main 144274
main 129707
main 126244
main 147304
main 142454
main 160907
main 135737
main 139798
main 132176
main 127419
main 191679
main 147074
main 127880
main 143470
main 131342
main 207935
main 138750
main 165016
main 165150
main 164451
main 178519
main 136119
main 137042
main 156705
main 126427
main 139111
main 179677
main 127563
main 151666
main 161809
main 143048
main 130877
main 148878
main 131503
main 126877
main 128814
main 151110
main 176521
main 161016
main 136637
main 181205
main 309169
main 131158
main 126021
main 183720
main 148680
main 228579
main 123666
main 198457
main 184142
main 143455
main 127000
main 137243
main 161641
main 132044
main 169135
main 146670
main 132278
main 133866
main 144730
main 128048
main 128130
main 161727
main 126525
main 128099
main 130975
main 129233
main 151911
main 129348
main 128357
main 126873
main 139540
main 163526
main 244315
main 149333
main 141356
main 159095
main 133398
main 164475
main 150143
main 162427
main 137940
main 164902
main 140970
main 130035
main 126095
main 138092
main 128974
main 128596
main 130655
main 145933
main 160331
main 162548
main 130591
main 138157
main 127113
main 128524
main 128504
main 147648
main 165677
main 127662
main 169180
main 138866
main 155662
main 126904
main 146637
main 127069
main 135789
main 127528
main 148963
main 125030
main 283305
main 130134
main 173483
main 146190
main 160929
main 130459
main 150028
main 248077
main 156055
main 126442
main 173301
main 159146
main 163072
main 145844
main 127035
main 139596
main 143986
main 133733
main 129628
main 143079
main 170237
main 164322
main 146393
main 132877
main 141550
main 165798
main 128167
main 133978
main 127969
main 125730
main 126413
main 134581
main 169810
main 126027
main 127895
main 172489
main 168291
main 129222
main 149658
main 138475
main 148690
main 125579
main 124994
main 165181
main 128927
main 185043
main 164316
main 135975
main 146519
main 133983
main 177724
main 141436
main 158782
main 153338
main 139591
main 136328
main 149355
main 140621
main 127224
main 175242
main 126337
main 152875
main 155591
main 152960
main 135745
main 173495
main 130146
main 137557
main 127183
main 136886
main 142420
main 127837
main 151810
main 152912
main 131632
main 163026
main 128014
main 129081
main 126592
main 195604
main 145099
main 127935
main 140361
main 130044
main 133221
main 144078
main 147149
main 129165
main 142424
main 155987
main 166453
main 152768
main 148491
main 135554
main 149971
main 145002
main 135534
main 131388
main 166082
main 125627
main 125745
main 164155
main 189453
main 128588
main 144170
main 127347
main 145471
main 129412
main 166389
main 126871
main 139745
main 134099
main 125668
main 163238
main 125938
main 158979
main 131207
main 156198
main 210813
main 151533
main 126807
main 155742
main 208843
main 164699
main 127531
main 150339
main 127030
main 161768
main 126688
main 126770
main 130448
main 140161
main 215899
main 130677
main 320858
main 153501
main 126385
main 133355
main 174037
main 127250
main 139627
main 127778
main 165595
main 125559
main 130327
main 158237
main 152729
main 149130
main 157332
main 138491
main 221727
main 144317
main 127528
main 132740
main 127384
main 146561
main 144959
main 145196
main 128501
main 139074
main 128929
main 140299
main 172958
main 147948
main 162811
main 159754
main 145099
main 138282
main 199803
main 133230
main 126980
main 134128
main 128866
main 129951
main 172367
main 128289
main 131209
main 131924
main 135370
main 156254
main 149655
main 126872
main 165450
main 135476
main 143015
main 153759
main 150462
main 173444
main 143796
main 160072
main 127418
main 127924
main 163559
main 146976
main 166221
main 133376
main 153452
main 153348
main 160685
main 178753
main 178772
main 199301
main 190003
main 180213
main 180357
main 138851
main 169307
main 265737
main 162552
main 158576
main 142515
main 155026
main 142040
main 202606
main 131388
main 127344
main 170180
main 171524
main 154439
main 132897
main 131548
main 154233
main 128664
main 169835
main 160052
main 126374
main 143223
main 147044
main 146204
main 128489
main 155212
main 132087
main 183135
main 147224
main 132366
main 135931
main 140904
main 131189
main 126574
main 131364
main 156092
main 138812
main 159805
main 126332
main 158821
main 175288
main 125133
main 168745
main 149746
main 143154
main 172879
main 146604
main 129966
main 142633
main 148628
main 142304
main 170744
main 161344
main 148645
main 134210
main 169329
main 166628
main 169683
main 156608
main 130999
main 170056
main 138951
main 127237
main 176763
main 177341
main 168148
main 213616
main 531756
main 175078
main 147368
main 152941
main 168275
main 130759
main 131616
main 141619
main 127406
main 136964
main 144352
main 126628
main 125481
main 161135
main 130473
main 131110
main 149035
main 129728
main 133120
main 125984
main 157332
main 144866
main 146849
main 173025
main 129623
main 140688
main 130492
main 128415
main 125776
main 153856
main 142035
main 154461
main 127469
main 126541
main 124690
main 123862
main 121780
main 138909
main 123966
main 122125
main 124944
main 122882
main 145539
main 123025
main 124543
main 173187
main 126176
main 146391
main 145605
main 159849
main 138766
main 132286
main 165679
main 142084
main 145231
main 160038
main 127915
main 140744
main 139090
main 154315
main 158875
main 126982
main 159525
main 173946
main 149639
main 158844
main 127411
main 145875
main 165014
main 135721
main 132691
main 141137
main 129812
main 141096
main 156813
main 124736
main 135590
main 181407
main 293824
main 292613
main 146959
main 129293
main 162118
main 151677
main 169531
main 276124
main 153188
main 128134
main 127028
main 127736
main 127858
main 127456
main 132301
main 141545
main 139869
main 421097
main 301316
main 141580
main 129885
main 157909
main 183447
main 126748
main 271228
main 160237
main 129427
main 128294
main 127225
main 128828
main 130948
main 130687
main 131218
main 154204
main 143993
main 129499
main 130215
main 146102
main 136783
main 192044
main 159052
main 160393
main 136048
main 127129
main 143834
main 140499
main 126089
main 125058
main 138545
main 127520
main 128199
main 127634
main 144816
main 130024
main 184722
main 164939
main 134388
main 138101
main 162087
main 154992
main 134627
main 161626
main 143628
main 131409
main 129237
main 145663
main 140172
main 142597
main 132958
main 138112
main 129758
main 126916
main 128550
main 162316
main 144882
main 142782
main 167637
main 127142
main 128116
main 132609
main 143869
main 126763
main 127173
main 137254
main 130562
main 175515
main 180967
main 126732
main 126858
main 127129
main 138414
main 135624
main 141797
main 158135
main 123981
main 127771
main 126513
main 126853
