main 34718
main 34905
main 34614
main 34498
main 34694
main 34221
main 33985
main 34336
main 34183
main 34115
main 34724
main 34304
main 35102
main 34052
main 34553
main 34413
main 34691
main 34122
main 33997
main 34482
main 34102
main 34669
main 34316
main 35051
main 33962
main 34214
main 34224
main 34459
main 34111
main 33635
main 458822
main 33853
main 34156
main 33586
main 34321
main 33769
main 33885
main 34171
main 33941
main 34311
main 34013
main 33741
main 34245
main 385843
main 34015
main 33586
main 33676
main 33581
main 33915
main 33996
main 34104
main 33778
main 33705
main 33769
main 34430
main 33924
main 33604
main 34261
main 33503
main 33830
main 34741
main 34000
main 33696
main 33973
main 33637
main 34140
main 33386
main 33656
main 33473
main 33829
main 34261
main 33774
main 34190
main 33803
main 55619
main 33666
main 33980
main 33682
main 33767
main 34138
main 33572
main 33421
main 34031
main 33887
main 33951
main 33960
main 34538
main 34199
main 34497
main 34024
main 34590
main 34156
main 34028
main 33838
main 34476
main 34502
main 33926
main 33733
main 33873
main 34110
main 33876
main 34057
main 33828
main 34800
main 33926
main 33711
main 34166
main 33871
main 34056
main 33972
main 33847
main 34151
main 33952
main 33650
main 33639
main 34134
main 33934
main 34322
main 33820
main 33590
main 34364
main 33882
main 33844
main 34077
main 33832
main 34109
main 33985
main 33646
main 33390
main 34192
main 34196
main 33836
main 33581
main 34471
main 33914
main 34128
main 34164
main 34024
main 34041
main 34059
main 34002
main 33534
main 33932
main 34546
main 34513
main 388576
main 34140
main 34630
main 34068
main 35040
main 33780
main 34394
main 34235
main 34035
main 33919
main 34465
main 34379
main 33948
main 33656
main 34331
main 34807
main 33793
main 33956
main 34251
main 34627
main 34719
main 34097
main 34345
main 34093
main 33839
main 33993
main 34422
main 34426
main 34081
main 33991
main 33668
main 33794
main 33927
main 33889
main 33915
main 34626
main 34047
main 33668
main 34216
main 33613
main 34527
main 33821
main 33825
main 33986
main 33747
main 34183
main 34836
main 34555
main 33637
main 33645
main 33855
main 34378
main 34639
main 34813
main 33655
main 34506
main 33648
main 34019
main 33596
main 33477
main 33699
main 33662
main 33631
main 33502
main 33783
main 33371
main 33831
main 33730
main 33802
main 34195
main 33464
main 34322
main 33721
main 34428
main 32906
main 33744
main 33321
main 32576
main 33622
main 33176
main 33338
main 33125
main 32856
main 32844
main 33298
main 33116
main 33653
main 33147
main 33156
main 32883
main 33594
main 33602
main 34354
main 34166
main 33520
main 33674
main 34267
main 34030
main 33881
main 33754
main 33981
main 34232
main 34719
main 34063
main 33616
main 33539
main 32613
main 32694
main 33159
main 33705
main 33011
main 32722
main 33028
main 33128
main 33241
main 33269
main 32731
main 33139
main 32889
main 33207
main 33523
main 33479
main 33773
main 32798
main 32868
main 32980
main 33438
main 36492
main 34336
main 33372
main 33282
main 33307
main 33102
main 33056
main 33409
main 33320
main 33399
main 33125
main 32947
main 33059
main 33636
main 32905
main 33195
main 32837
main 33036
main 33303
main 33108
main 181126
main 33061
main 34633
main 33583
main 33793
main 32949
main 33162
main 34470
main 33776
main 33313
main 33237
main 33806
main 33266
main 33619
main 32997
main 33200
main 32951
main 33118
main 33276
main 33416
main 32976
main 32915
main 32653
main 32991
main 33801
main 33473
main 33123
main 32817
main 32951
main 32629
main 32824
main 33218
main 33049
main 33214
main 33140
main 32810
main 32843
main 33217
main 32957
main 33281
main 32832
main 33146
main 33387
main 33424
main 33120
main 33041
main 33424
main 33529
main 33098
main 33391
main 33234
main 32833
main 33291
main 33058
main 33157
main 32972
main 33642
main 32875
main 33323
main 32941
main 32783
main 33180
main 32749
main 33101
main 34328
main 33421
main 33425
main 33651
main 33425
main 33191
main 33167
main 32955
main 33489
main 33260
main 33323
main 33088
main 32992
main 32934
main 32965
main 32979
main 33230
main 33287
main 33021
main 32996
main 32876
main 32876
main 32905
main 32999
main 32890
main 33349
main 33037
main 33078
main 32783
main 33003
main 32972
main 33581
main 33345
main 33027
main 32896
main 33034
main 33816
main 33211
main 33345
main 32805
main 33010
main 33049
main 33257
main 33340
main 33563
main 32961
main 33282
main 33172
main 33332
main 33234
main 32943
main 33038
main 33283
main 33070
main 32646
main 33101
main 32682
main 33291
main 33024
main 33418
main 33103
main 33133
main 33292
main 33193
main 33077
main 32983
main 32764
main 33805
main 32737
main 33333
main 33233
main 33656
main 33602
main 33566
main 33431
main 33836
main 32773
main 33249
main 33574
main 33424
main 33279
main 32831
main 33114
main 33076
main 32926
main 33840
main 33053
main 33034
main 33379
main 33001
main 33279
main 32946
main 32894
main 33201
main 33987
main 33032
main 33393
main 33046
main 33023
main 33159
main 33189
main 33274
main 32785
main 32982
main 33589
main 33519
main 33052
main 33044
main 33214
main 33695
main 33312
main 33277
main 33420
main 32961
main 33203
main 33262
main 33158
main 33336
main 33212
main 33960
main 32953
main 33429
main 32851
main 33748
main 33406
main 33355
main 33356
main 33507
main 33315
main 34020
main 33620
main 33033
main 33440
main 33363
main 33777
main 33789
main 33537
main 34243
main 33262
main 33389
main 33333
main 33366
main 33341
main 33373
main 33490
main 33559
main 33045
main 33836
main 33456
main 32898
main 33249
main 33504
main 33500
main 33397
main 33611
main 33283
main 32996
main 33446
main 33911
main 33814
main 33129
main 33257
main 33307
main 33540
main 33695
main 33345
main 33337
main 33359
main 36602
main 33618
main 33608
main 33076
main 33395
main 33955
main 33457
main 33337
main 33208
main 33166
main 35687
main 33955
main 33648
main 33057
main 33315
main 32996
main 32999
main 33371
main 33066
main 33192
main 33869
main 33448
main 32894
main 165451
main 32696
main 33201
main 33145
main 32951
main 32891
main 33527
main 33192
main 33723
main 33110
main 33148
main 33257
main 33389
main 33435
main 33386
main 33580
main 33521
main 33231
main 33370
main 33346
main 34695
main 32976
main 32736
main 33016
main 32714
main 33321
main 33060
main 33063
main 32995
main 33523
main 33543
main 33584
main 32803
main 33628
main 32980
main 33079
main 32727
main 33606
main 33327
main 33211
main 32954
main 33430
main 33623
main 33103
main 33000
main 33736
main 32961
main 33077
main 33251
main 33597
main 47273
main 33416
main 33180
main 33283
main 32969
main 33024
main 33387
main 32774
main 33396
main 32999
main 32912
main 32755
main 32771
main 33963
main 33185
main 33100
main 32923
main 33188
main 32721
main 33648
main 33007
main 33667
main 32994
main 33112
main 33022
main 33069
main 50245
main 33028
main 33006
main 33236
main 33021
main 33106
main 33119
main 32820
main 32860
main 32983
main 32998
main 32934
main 33098
main 32797
main 33016
main 33055
main 32894
main 33166
main 34176
main 32874
main 32782
main 33520
main 33642
main 32688
main 32972
main 34288
main 33973
main 32894
main 32944
main 32952
main 33271
main 33039
main 33293
main 33206
main 32677
main 33093
main 32912
main 32858
main 33204
main 32966
main 32878
main 33810
main 33206
main 33202
main 33336
main 33138
main 33425
main 33336
main 33378
main 33486
main 33382
main 33594
main 32818
main 33484
main 33547
main 33046
main 33078
main 33502
main 33528
main 32881
main 32793
main 33843
main 33498
main 33141
main 33421
main 33266
main 33290
main 33333
main 32988
main 33099
main 32767
main 32838
main 32769
main 33215
main 33312
main 32993
main 33043
main 33306
main 33130
main 32756
main 33070
main 32850
main 32929
main 33037
main 33002
main 33427
main 33125
main 33437
main 33000
main 33579
main 33821
main 33259
main 33065
main 33150
main 33270
main 33134
main 33408
main 33248
main 33228
main 33224
main 33053
main 32877
main 32958
main 34448
main 33303
main 33210
main 32916
main 33265
main 33619
main 33154
main 32672
main 33173
main 33783
main 33208
main 34527
main 34556
main 34774
main 35271
main 34148
main 32973
main 34850
main 33628
main 33236
main 34526
main 34364
main 32975
main 38917
main 34420
main 34688
main 33244
main 32896
main 33451
main 32864
main 33013
main 33129
main 32880
main 32869
main 32957
main 32985
main 32900
main 33788
main 33062
main 33632
main 33026
main 32890
main 33007
main 32793
main 33171
main 32959
main 33352
main 33226
main 32940
main 33630
main 34510
main 33586
main 33538
main 33436
main 33602
main 33193
main 33264
main 33268
main 33159
main 33086
main 32757
main 33418
main 33182
main 33491
main 33094
main 33117
main 33371
main 33217
main 33384
main 33629
main 33153
main 33433
main 32784
main 34818
main 33246
main 33032
main 33296
main 33257
main 33142
main 33111
main 32782
main 33615
main 32911
main 33531
main 995814
main 33128
main 33230
main 33342
main 33620
main 33392
main 33244
main 33886
main 33326
main 33191
main 33063
main 32868
main 33102
main 33610
main 33036
main 33227
main 33449
main 33383
main 33452
main 33351
main 33610
main 33293
main 33611
main 33808
main 34293
main 33434
main 33874
main 33507
main 33603
main 33453
main 33970
main 34013
main 33634
main 34034
main 33570
main 33059
main 33764
main 32952
main 33292
main 33641
main 33162
main 33352
main 33460
main 32863
main 33181
main 33296
main 33124
main 33254
main 33326
main 33145
main 33709
main 33209
main 33177
main 34025
main 33290
main 33285
main 33432
main 33135
main 33172
main 33096
main 33227
main 32688
main 33453
main 32775
main 33006
main 33275
main 32808
main 33160
main 32972
main 32966
main 33271
main 33138
main 32782
main 33338
main 32882
main 33595
main 33310
main 33078
main 33411
main 33456
main 33243
main 33117
main 33331
main 33544
main 33691
main 32916
main 33329
main 33808
main 33011
main 33180
main 33118
main 32994
main 33264
main 33113
main 32868
main 33144
main 33265
main 33126
main 33228
main 33351
main 32799
main 33518
main 33496
main 33252
main 32949
main 33892
main 57990
main 33051
main 33143
main 33226
main 32917
main 33447
main 33152
main 33086
main 33376
main 33352
main 32824
main 32897
main 33322
main 33223
main 33063
main 33785
main 33573
main 33167
main 33479
main 33209
main 33213
main 33141
main 33769
main 32824
main 33420
main 34046
main 33126
main 33034
main 33297
main 33001
main 33646
main 32878
main 33745
main 33330
main 33072
main 33238
main 34144
main 33745
main 33220
main 33221
main 33848
main 33580
main 33545
main 33687
main 33227
main 33586
main 33456
main 34015
main 33356
main 33357
main 33318
main 33371
main 33297
main 33496
main 33431
main 33482
main 33875
main 33622
main 33459
main 33689
main 33585
main 33551
main 33682
main 33453
main 33607
main 33261
main 33672
main 33420
main 33224
main 32995
main 33282
main 33571
main 33235
main 33397
main 33376
main 33384
main 33867
main 34341
main 34444
main 34315
main 34395
main 34970
main 34153
main 34186
