main 302119
main 220936
main 226120
main 206785
main 210875
main 233021
main 280650
main 212699
main 188887
main 233181
main 205063
main 231455
main 223475
main 183713
main 190260
main 208576
main 205592
main 186651
main 227975
main 188893
main 183246
main 181775
main 205613
main 188820
main 235698
main 217905
main 206450
main 207379
main 208323
main 183648
main 219382
main 236311
main 202243
main 204128
main 203891
main 185037
main 182848
main 186084
main 192134
main 210379
main 235008
main 203702
main 201303
main 207811
main 185317
main 185725
main 211321
main 191418
main 176863
main 223136
main 237639
main 194988
main 179953
main 209802
main 220760
main 189113
main 235737
main 207660
main 263738
main 212151
main 364398
main 194315
main 205703
main 180799
main 183725
main 210277
main 178997
main 203761
main 184119
main 216871
main 184557
main 219181
main 219758
main 206668
main 187557
main 178071
main 193424
main 225615
main 209246
main 218433
main 190267
main 179801
main 207311
main 182445
main 218683
main 185881
main 202932
main 197921
main 210914
main 178322
main 188254
main 181327
main 225643
main 217325
main 318728
main 213550
main 274804
main 216159
main 235283
main 284628
main 233361
main 228583
main 344928
main 276707
main 238686
main 244656
main 298792
main 207840
main 215836
main 212710
main 216436
main 220726
main 200014
main 281881
main 186085
main 210254
main 186306
main 181544
main 176703
main 192526
main 216960
main 212346
main 231964
main 200806
main 202961
main 182392
main 210584
main 214402
main 217423
main 273403
main 209965
main 207017
main 205070
main 184837
main 208156
main 180919
main 220549
main 181524
main 264409
main 185320
main 204037
main 189258
main 184697
main 212918
main 203577
main 225491
main 207798
main 181378
main 236886
main 203177
main 204974
main 177597
main 184977
main 222802
main 213162
main 241028
main 201760
main 179317
main 188709
main 202614
main 184605
main 207906
main 185054
main 204448
main 211553
main 215537
main 190009
main 205984
main 214698
main 226430
main 183232
main 222775
main 201706
main 213411
main 208759
main 200729
main 199984
main 177690
main 178117
main 199211
main 187583
main 181746
main 201033
main 199459
main 195445
main 204101
main 179258
main 180421
main 201533
main 190771
main 231575
main 269120
main 177897
main 177537
main 205676
main 210655
main 203998
main 202626
main 177844
main 205290
main 206501
main 187195
main 184752
main 210479
main 208372
main 205066
main 213753
main 184428
main 213642
main 205641
main 205703
main 208480
main 188948
main 187600
main 182926
main 204257
main 181471
main 193924
main 176751
main 201054
main 220591
main 213375
main 188393
main 178660
main 177560
main 181743
main 190330
main 193465
main 206216
main 213127
main 189328
main 179843
main 204079
main 180859
main 199375
main 185100
main 190160
main 181620
main 187554
main 178534
main 222182
main 183026
main 204245
main 201046
main 205296
main 209204
main 203754
main 179418
main 179204
main 179002
main 205158
main 207012
main 207975
main 184117
main 227193
main 185725
main 204787
main 204252
main 183746
main 191889
main 226704
main 184675
main 206486
main 218323
main 215073
main 186776
main 209456
main 187555
main 206927
main 204373
main 189871
main 181073
main 179136
main 182648
main 213488
main 205680
main 205150
main 203321
main 202439
main 222948
main 255460
main 235780
main 215565
main 219193
main 219837
main 204459
main 222825
main 202430
main 205061
main 210723
main 222228
main 210833
main 180156
main 201948
main 207656
main 209600
main 208992
main 184752
main 203470
main 206130
main 202065
main 205554
main 192471
main 210951
main 184044
main 186711
main 242817
main 210168
main 185760
main 201429
main 205516
main 186979
main 206187
main 191996
main 203378
main 177579
main 206833
main 181042
main 197439
main 194706
main 209470
main 302396
main 178531
main 211965
main 182615
main 208032
main 182894
main 203877
main 181076
main 206171
main 181488
main 200720
main 203050
main 191126
main 215114
main 203335
main 205043
main 181076
main 208925
main 186455
main 213595
main 242721
main 184175
main 183147
main 203377
main 181727
main 187032
main 208304
main 184433
main 180809
main 208728
main 182371
main 200778
main 203805
main 217746
main 211892
main 211027
main 177394
main 190443
main 180971
main 281710
main 253270
main 179114
main 181136
main 265995
main 259312
main 363208
main 239235
main 203873
main 176388
main 205258
main 208345
main 205878
main 201322
main 216101
main 183746
main 207869
main 179944
main 203779
main 183858
main 185695
main 184078
main 218141
main 210108
main 199622
main 176400
main 178607
main 184382
main 202218
main 200626
main 215698
main 184220
main 203193
main 179794
main 184068
main 212950
main 205348
main 190967
main 177958
main 182967
main 200164
main 216819
main 177755
main 176988
main 177592
main 182031
main 235445
main 198282
main 195092
main 180195
main 208455
main 183275
main 187334
main 210230
main 206581
main 201261
main 238444
main 187747
main 202296
main 176257
main 211118
main 180403
main 180728
main 201112
main 203880
main 204459
main 208309
main 181464
main 215730
main 254917
main 213532
main 181498
main 262139
main 197686
main 197372
main 188945
main 179901
main 186278
main 209347
main 202375
main 197285
main 208833
main 188538
main 191128
main 212702
main 214874
main 179218
main 195659
main 188138
main 229213
main 376252
main 184569
main 207756
main 183295
main 207284
main 179539
main 206633
main 206281
main 180716
main 248963
main 180078
main 184952
main 201995
main 178608
main 206642
main 204604
main 180551
main 222103
main 203176
main 205880
main 194772
main 205179
main 194620
main 199870
main 185732
main 189677
main 177063
main 218166
main 201931
main 225642
main 184560
main 183803
main 209848
main 210328
main 187655
main 204829
main 178664
main 205613
main 184040
main 204519
main 209578
main 211743
main 218625
main 181433
main 218152
main 214080
main 208487
main 218319
main 177388
main 177533
main 201761
main 272722
main 193300
main 210394
main 211774
main 208679
main 179376
main 210640
main 181238
main 184041
main 182034
main 203423
main 206475
main 180362
main 192662
main 176243
main 214822
main 204356
main 182691
main 183149
main 178053
main 225828
main 198653
main 206485
main 177415
main 182460
main 177583
main 187905
main 195102
main 187353
main 207648
main 190485
main 189135
main 181244
main 206901
main 209358
main 199774
main 208468
main 204560
main 204870
main 186834
main 180264
main 180603
main 183938
main 207782
main 177817
main 199238
main 185555
main 203864
main 180164
main 179855
main 204222
main 209195
main 206084
main 202345
main 202288
main 211347
main 186220
main 206664
main 215526
main 186709
main 180226
main 191122
main 206211
main 195104
main 199245
main 181024
main 320562
main 181638
main 180443
main 203777
main 200545
main 204450
main 294785
main 222700
main 182147
main 178835
main 215693
main 179128
main 179145
main 181222
main 206541
main 209878
main 202356
main 208198
main 206870
main 207869
main 179292
main 201670
main 196613
main 179647
main 217854
main 211475
main 188050
main 192157
main 185855
main 195731
main 206980
main 178074
main 182724
main 209761
main 207852
main 212031
main 200434
main 181994
main 201761
main 179450
main 190437
main 185394
main 202817
main 214336
main 191579
main 181123
main 179049
main 208920
main 262921
main 206084
main 183426
main 207632
main 181814
main 179711
main 221384
main 179868
main 182060
main 198465
main 187440
main 177870
main 182348
main 207207
main 204559
main 190896
main 201257
main 186777
main 188387
main 247320
main 176862
main 186554
main 202990
main 193758
main 191743
main 294459
main 234959
main 190973
main 196347
main 213550
main 204811
main 211989
main 204366
main 215926
main 206723
main 223568
main 185400
main 184638
main 210356
main 202669
main 226283
main 208847
main 195898
main 184980
main 181809
main 324214
main 194375
main 180810
main 187666
main 205240
main 204418
main 183189
main 212426
main 198876
main 251127
main 196561
main 182004
main 246509
main 209224
main 188056
main 211679
main 186955
main 221344
main 189531
main 183033
main 202836
main 212736
main 186262
main 178891
main 201296
main 203659
main 206419
main 258785
main 186655
main 204209
main 182157
main 195812
main 186697
main 201819
main 249642
main 202887
main 182313
main 210595
main 200447
main 203682
main 206031
main 181660
main 183631
main 205152
main 178743
main 243791
main 212660
main 179384
main 205993
main 203045
main 202318
main 187221
main 187361
main 202934
main 181361
main 209210
main 208475
main 207862
main 205838
main 180073
main 210123
main 211136
main 253924
main 199499
main 182647
main 185843
main 177484
main 209189
main 182348
main 186146
main 178159
main 183439
main 204111
main 180315
main 205497
main 178920
main 180501
main 179798
main 178642
main 205486
main 177297
main 206344
main 200604
main 256060
main 176958
main 177223
main 201496
main 205017
main 183948
main 198984
main 181681
main 178403
main 185201
main 200883
main 201044
main 177790
main 180060
main 186035
main 206709
main 184727
main 205008
main 223116
main 251021
main 205939
main 215292
main 202090
main 202163
main 191147
main 208321
main 202377
main 212124
main 186975
main 207949
main 180261
main 186016
main 211744
main 179875
main 210785
main 212327
main 194460
main 204296
main 178456
main 194609
main 181296
main 202458
main 183843
main 188643
main 184626
main 183001
main 198046
main 182346
main 208606
main 192628
main 215432
main 208084
main 180207
main 232222
main 180384
main 278631
main 185228
main 205798
main 209055
main 207413
main 209922
main 205723
main 202586
main 181414
main 178012
main 177477
main 190160
main 199535
main 229989
main 217083
main 180547
main 204953
main 187114
main 188199
main 175944
main 211898
main 210654
main 209351
main 179255
main 179046
main 179737
main 200836
main 181563
main 174952
main 200434
main 181055
main 213348
main 212334
main 210394
main 204293
main 212547
main 181342
main 183528
main 197718
main 227420
main 465588
main 177825
main 200219
main 192600
main 250058
main 202690
main 213720
main 184366
main 199889
main 183448
main 213926
main 183814
main 196498
main 181384
main 199495
main 182409
main 203907
main 183191
main 177392
main 206683
main 203228
main 182504
main 179269
main 214920
main 219546
main 201470
main 206501
main 179886
main 210922
main 209060
main 210945
main 190779
main 204375
main 196595
main 220993
main 186966
main 204198
main 221691
main 202550
main 184034
main 192668
main 205327
main 180036
main 195521
main 180696
main 185970
main 203593
main 207794
main 207232
main 209184
main 233198
main 204842
main 202611
main 203268
main 201999
main 208108
main 181150
main 213974
main 233975
main 202262
main 203033
main 201982
main 178747
main 217259
main 184923
main 211559
main 224530
main 179441
main 180109
main 199139
main 276953
main 210573
main 179920
main 188867
main 203323
main 206781
main 179835
main 179266
main 188718
main 185107
main 200482
main 181058
main 189496
main 205094
main 188769
main 181171
main 223204
main 193226
main 203487
main 234456
main 183638
main 220583
main 208599
main 212084
main 185741
main 202947
main 180728
main 211071
main 202479
main 187689
main 203041
main 202465
main 178960
main 205718
main 200050
main 185106
main 178429
main 205850
main 223255
main 205376
main 221581
main 202643
main 206395
main 177922
main 182912
main 221762
main 179004
main 186588
main 206234
main 205054
main 199972
main 200774
main 181990
main 185553
main 180176
main 193737
main 199828
main 203681
main 207437
main 204004
main 201717
main 205737
main 221073
main 209081
main 202368
main 178646
main 181272
main 225770
main 209967
main 190484
main 195077
main 202796
main 182462
main 184976
main 183119
main 203891
main 201550
main 183284
main 186878
main 178240
main 185203
main 181557
main 207989
main 204494
main 204205
main 236111
main 222088
main 175043
main 201707
main 181320
main 191843
main 187869
