main 226822
main 210360
main 210522
main 225566
main 212594
main 209407
main 210082
main 211038
main 210399
main 211296
main 210482
main 210004
main 209347
main 210092
main 209636
main 209597
main 210098
main 210086
main 211914
main 209664
main 211086
main 210991
main 210207
main 220284
main 210085
main 210731
main 211178
main 209675
main 209863
main 210295
main 211694
main 211600
main 211193
main 209287
main 210052
main 209574
main 209589
main 211052
main 210449
main 211084
main 209895
main 211203
main 209880
main 211414
main 211960
main 209628
main 213089
main 214195
main 213166
main 213393
main 213102
main 211979
main 212633
main 209239
main 210501
main 212987
main 210012
main 215595
main 212908
main 210343
main 210201
main 211740
main 209760
main 227695
main 210179
main 210659
main 211005
main 211036
main 208283
main 208990
main 210279
main 207644
main 208221
main 208630
main 208790
main 208551
main 208385
main 208405
main 207980
main 208561
main 208421
main 209173
main 209988
main 208994
main 208140
main 208133
main 207801
main 207607
main 208997
main 208371
main 208459
main 208221
main 209592
main 208660
main 207903
main 208429
main 208639
main 210990
main 208096
main 208018
main 214418
main 208351
main 210260
main 208075
main 211299
main 208499
main 208536
main 208668
main 227474
main 207872
main 208333
main 208114
main 208291
main 208833
main 208045
main 211188
main 208037
main 208113
main 208177
main 210426
main 215092
main 211403
main 213302
main 212592
main 207452
main 207749
main 208367
main 235493
main 209156
main 208197
main 208159
main 208111
main 208507
main 208691
main 208424
main 208749
main 208952
main 210835
main 211073
main 211153
main 211013
main 208295
main 208076
main 208120
main 208564
main 211348
main 211724
main 209758
main 209892
main 214121
main 208735
main 208083
main 208178
main 208459
main 208349
main 211050
main 208906
main 208418
main 208003
main 208160
main 207831
main 207824
main 208735
main 208421
main 208051
main 210568
main 208296
main 208093
main 208879
main 208312
main 208574
main 207896
main 208251
main 207953
main 208322
main 208443
main 208417
main 208645
main 208067
main 207904
main 208350
main 209736
main 208005
main 208380
main 208216
main 208546
main 207780
main 208457
main 210937
main 207911
main 207399
main 208081
main 212932
main 213991
main 211478
main 213026
main 212852
main 211851
main 212990
main 213156
main 212607
main 215219
main 213183
main 213281
main 213953
main 210137
main 209933
main 210501
main 211224
main 213310
main 215073
main 213437
main 212475
main 212773
main 209802
main 212446
main 213054
main 210801
main 211046
main 212434
main 212937
main 213127
main 209096
main 213005
main 212464
main 208238
main 209691
main 212358
main 208512
main 207938
main 208394
main 218336
main 208366
main 207884
main 208597
main 208389
main 208453
main 208037
main 208476
main 208597
main 208343
main 209135
main 208639
main 208718
main 208225
main 208379
main 208217
main 208285
main 208576
main 209648
main 211929
main 208323
main 208597
main 209076
main 207778
main 222023
main 208840
main 219996
main 208448
main 207734
main 208494
main 208114
main 207629
main 207439
main 209171
main 207671
main 208529
main 207798
main 207842
main 208825
main 208334
main 208195
main 208703
main 208539
main 208083
main 208020
main 210817
main 211147
main 210835
main 208300
main 209861
main 208546
main 207958
main 208209
main 207588
main 208818
main 215014
main 208778
main 212342
main 208593
main 212880
main 208113
main 209289
main 208714
main 212097
main 214641
main 210637
main 213741
main 213744
main 210991
main 212991
main 207665
main 208501
main 208184
main 208645
main 209291
main 208526
main 208163
main 208725
main 209314
main 208774
main 208926
main 208274
main 207913
main 208573
main 209413
main 210236
main 208281
main 208791
main 208539
main 208657
main 209103
main 207854
main 209050
main 209349
main 208381
main 209023
main 208369
main 207888
main 207879
main 208243
main 208852
main 209374
main 207764
main 208469
main 208264
main 208248
main 208022
main 211391
main 208408
main 208315
main 209337
main 207579
main 207560
main 207919
main 208397
main 208798
main 208538
main 208391
main 210198
main 208614
main 209327
main 208807
main 213981
main 208021
main 211236
main 214621
main 208446
main 208618
main 208357
main 207647
main 209088
main 209072
main 207929
main 209041
main 208068
main 209060
main 209790
main 207838
main 207860
main 207862
main 226541
main 208063
main 212393
main 213662
main 212263
main 210923
main 214931
main 215155
main 213191
main 207904
main 213589
main 211465
main 210135
main 211406
main 211768
main 210915
main 213743
main 214682
main 212650
main 211238
main 210833
main 213202
main 228699
main 212637
main 210738
main 213286
main 211512
main 212495
main 212496
main 212449
main 207360
main 208280
main 208233
main 208155
main 207505
main 251988
main 209523
main 207510
main 208031
main 208732
main 208464
main 207570
main 207615
main 208189
main 207614
main 207832
main 208460
main 207585
main 208287
main 208235
main 208263
main 208212
main 207708
main 209021
main 219687
main 207739
main 208632
main 208448
main 209388
main 209743
main 215575
main 232948
main 212041
main 213825
main 208583
main 209141
main 208583
main 208524
main 208210
main 207801
main 208909
main 208754
main 208671
main 208700
main 211623
main 208818
main 208150
main 207746
main 208045
main 208570
main 207566
main 207964
main 208622
main 208096
main 208029
main 208583
main 208127
main 211042
main 210154
main 208886
main 210714
main 209072
main 208694
main 208816
main 209037
main 207973
main 208474
main 208895
main 208124
main 208332
main 207611
main 208257
main 210087
main 209710
main 208551
main 207464
main 207509
main 207667
main 208168
main 208589
main 208501
main 208348
main 211638
main 211500
main 209653
main 208718
main 209531
main 210201
main 208555
main 213637
main 209060
main 207895
main 213564
main 213148
main 213932
main 207867
main 213853
main 207828
main 207727
main 208508
main 207676
main 208324
main 208700
main 220494
main 220135
main 209793
main 208162
main 209135
main 208961
main 210091
main 208303
main 210878
main 208043
main 207694
main 207986
main 207582
main 208168
main 208001
main 209102
main 207900
main 208115
main 208738
main 210404
main 208562
main 207638
main 208132
main 208145
main 214033
main 212552
main 213021
main 217296
main 213384
main 212864
main 213330
main 212529
main 213695
main 208541
main 208912
main 208181
main 207790
main 208040
main 207937
main 208005
main 207532
main 208096
main 208039
main 208017
main 209638
main 208269
main 208892
main 207611
main 208118
main 208759
main 209568
main 207746
main 208298
main 207487
main 208072
main 207728
main 207802
main 207637
main 208376
main 208216
main 208222
main 207934
main 207983
main 207830
main 208040
main 208441
main 210588
main 261022
main 209104
main 209471
main 208356
main 208696
main 208905
main 209890
main 208392
main 208323
main 208127
main 207746
main 208369
main 207419
main 207116
main 207997
main 208016
main 209157
main 207829
main 208988
main 208072
main 207957
main 207872
main 208271
main 207924
main 208337
main 208743
main 208306
main 213440
main 213706
main 213090
main 208822
main 207969
main 207881
main 208291
main 208180
main 208778
main 207815
main 207852
main 208807
main 214264
main 213274
main 212459
main 209614
main 209590
main 209706
main 210031
main 213492
main 213165
main 211757
main 214110
main 209640
main 211366
main 212667
main 213024
main 210899
main 210848
main 214547
main 211939
main 212377
main 215722
main 214187
main 213645
main 215537
main 208182
main 207921
main 213355
main 208808
main 208812
main 214743
main 212847
main 213526
main 208625
main 214698
main 208901
main 208656
main 208118
main 215456
main 208234
main 208447
main 209790
main 207758
main 211675
main 208192
main 208755
main 207405
main 208324
main 207590
main 208923
main 208385
main 209065
main 208024
main 208847
main 210627
main 208683
main 208792
main 211110
main 208434
main 208526
main 214256
main 208678
main 212216
main 213806
main 213309
main 215626
main 212520
main 213136
main 212677
main 251798
main 212865
main 212882
main 214076
main 213229
main 208799
main 208508
main 207696
main 213780
main 210227
main 209833
main 212235
main 211351
main 208446
main 208196
main 207787
main 208105
main 211449
main 210221
main 210495
main 209515
main 210293
main 209730
main 209047
main 207899
main 208177
main 207239
main 209127
main 207801
main 208731
main 208896
main 207619
main 208831
main 208312
main 208091
main 208625
main 209159
main 208017
main 208018
main 207743
main 208669
main 207941
main 208244
main 207758
main 208842
main 208755
main 207862
main 209498
main 208580
main 208189
main 208433
main 207299
main 207893
main 208060
main 207996
main 208030
main 208484
main 209408
main 208947
main 209010
main 209643
main 209274
main 209736
main 208546
main 208666
main 209030
main 208508
main 208288
main 208237
main 208436
main 208058
main 208326
main 208506
main 208008
main 207946
main 207941
main 207771
main 208284
main 208034
main 208621
main 209006
main 207990
main 208075
main 208339
main 208542
main 207972
main 212806
main 212934
main 207808
main 208615
main 209334
main 212846
main 210240
main 214188
main 212690
main 208222
main 208398
main 207904
main 208739
main 208602
main 208493
main 208212
main 208682
main 211050
main 208380
main 208572
main 209223
main 208582
main 207960
main 209270
main 208983
main 208276
main 210722
main 207833
main 210495
main 208357
main 208927
main 208179
main 209937
main 207967
main 208194
main 207204
main 208097
main 208056
main 208210
main 207986
main 208016
main 208068
main 208726
main 208708
main 208385
main 207888
main 208354
main 208073
main 208178
main 207961
main 208696
main 208038
main 207870
main 209141
main 207831
main 208215
main 208155
main 208328
main 208748
main 208270
main 208095
main 208188
main 208228
main 208503
main 207864
main 208113
main 208606
main 211010
main 207828
main 207909
main 209439
main 208558
main 208597
main 207743
main 212966
main 208723
main 213884
main 213043
main 213358
main 209563
main 207929
main 207797
main 208024
main 208123
main 209026
main 208595
main 208234
main 214517
main 216034
main 212917
main 213400
main 208000
main 208534
main 215572
main 211220
main 208555
main 210259
main 208353
main 212161
main 208189
main 211000
main 207914
main 209792
main 209510
main 208296
main 209565
main 207562
main 207372
main 210658
main 209724
main 208382
main 208953
main 212468
main 211266
main 207997
main 213884
main 207401
main 208682
main 210763
main 207912
main 208063
main 208994
main 213323
main 213944
main 209361
main 207701
main 207942
main 208190
main 208564
main 209522
main 208342
main 207991
main 208844
main 208233
main 207928
main 207871
main 207780
main 207976
main 208134
main 208795
main 209027
main 207542
main 223225
main 208304
main 208424
main 207893
main 207742
main 212494
main 213920
main 212172
main 212936
main 213314
main 214242
main 213618
main 213908
main 208190
main 207577
main 207755
main 207744
main 213788
main 214070
main 210440
main 210906
main 213430
main 210688
main 212373
main 208121
main 213114
main 211289
main 213291
main 210550
main 210820
main 212588
main 212022
main 212633
main 214490
main 213443
main 208530
main 208021
main 207943
main 208182
main 208919
main 212520
main 209194
main 207499
main 208536
main 210918
main 207826
main 207795
main 208620
main 207522
main 209220
main 207953
main 208208
main 207850
main 222909
main 208305
main 211008
main 208916
main 207903
main 246907
main 208790
main 209752
main 208379
main 207872
main 208108
main 208737
main 208209
main 207870
main 207899
main 208098
main 208540
main 209707
main 209353
main 207836
main 209180
main 208749
main 208205
main 207271
main 207831
main 208621
main 212661
main 207971
main 209121
main 208021
main 208542
main 208282
main 207837
main 208322
main 207478
main 207498
main 207856
main 207886
main 209288
main 208362
main 208088
