main 121875
main 65660
main 79565
main 66774
main 67967
main 67231
main 67295
main 66242
main 66281
main 66523
main 66137
main 65512
main 66205
main 66684
main 66047
main 65173
main 66265
main 66387
main 66174
main 65528
main 66519
main 65851
main 66238
main 65988
main 65708
main 66178
main 66445
main 66137
main 66770
main 66275
main 66078
main 66349
main 66067
main 66388
main 65937
main 66315
main 66408
main 66669
main 66222
main 66038
main 66452
main 66215
main 65670
main 65516
main 65718
main 65821
main 65855
main 65692
main 65366
main 65680
main 65491
main 76286
main 66063
main 65173
main 64957
main 65278
main 65268
main 64908
main 65618
main 66666
main 65923
main 65637
main 66167
main 65977
main 65914
main 65471
main 65588
main 65268
main 65646
main 65540
main 65647
main 66051
main 65643
main 65666
main 65370
main 66129
main 65569
main 65730
main 66105
main 65493
main 65575
main 65106
main 65089
main 65633
main 65138
main 68350
main 66426
main 65617
main 65548
main 65798
main 66012
main 65633
main 65434
main 66025
main 65071
main 65852
main 65617
main 65775
main 65095
main 65281
main 65340
main 64992
main 66250
main 65778
main 65749
main 65978
main 65984
main 65234
main 65499
main 65888
main 65099
main 65070
main 65860
main 65257
main 66094
main 65951
main 65450
main 66094
main 65316
main 65929
main 65366
main 65786
main 65938
main 66381
main 66452
main 65939
main 66485
main 65942
main 65650
main 66006
main 66080
main 65647
main 65941
main 66247
main 65980
main 66160
main 65598
main 65932
main 65304
main 66777
main 66829
main 66198
main 66224
main 66668
main 66428
main 66579
main 65562
main 66729
main 65543
main 69090
main 65999
main 65777
main 66037
main 65993
main 65584
main 65913
main 65750
main 65688
main 66768
main 65370
main 68818
main 66020
main 65613
main 66876
main 65896
main 66168
main 66156
main 65464
main 65958
main 65928
main 66820
main 65902
main 65797
main 66289
main 65991
main 66433
main 65748
main 65722
main 65614
main 65640
main 66473
main 66107
main 65857
main 66174
main 66262
main 66307
main 65667
main 65621
main 65571
main 65826
main 66309
main 65668
main 65656
main 65710
main 65251
main 65579
main 65858
main 65491
main 66188
main 65156
main 66115
main 66039
main 65786
main 65027
main 65205
main 65836
main 65314
main 67348
main 65701
main 65311
main 65313
main 68297
main 65308
main 65219
main 65562
main 66579
main 65188
main 65126
main 64989
main 65464
main 65284
main 65666
main 65397
main 65344
main 65879
main 65340
main 64923
main 66020
main 65766
main 65593
main 65307
main 65617
main 65963
main 65807
main 65193
main 65236
main 65897
main 65196
main 65011
main 65246
main 64841
main 65269
main 65526
main 65130
main 65320
main 65239
main 65237
main 65443
main 65342
main 65779
main 65296
main 65364
main 66063
main 65726
main 65557
main 65213
main 65116
main 65477
main 65127
main 65971
main 65212
main 65497
main 65411
main 65474
main 65415
main 64998
main 66725
main 64726
main 65505
main 65018
main 65642
main 64962
main 65363
main 65137
main 66015
main 65865
main 65518
main 66264
main 65091
main 66738
main 65702
main 65224
main 65311
main 65005
main 65461
main 65075
main 64639
main 64483
main 65310
main 65581
main 65189
main 65447
main 64907
main 65072
main 65904
main 64745
main 65089
main 65474
main 65204
main 65466
main 65606
main 65585
main 65618
main 65672
main 65640
main 65042
main 65692
main 65429
main 65253
main 65706
main 65693
main 65526
main 66357
main 66400
main 65543
main 65184
main 65544
main 64726
main 65561
main 65680
main 66380
main 66070
main 65625
main 64653
main 65703
main 65186
main 65750
main 65974
main 65644
main 65736
main 65587
main 65812
main 65521
main 65383
main 65670
main 281311
main 65041
main 65733
main 65373
main 65549
main 65687
main 65069
main 65561
main 65789
main 65680
main 65680
main 65924
main 65497
main 65405
main 66173
main 65617
main 66194
main 65177
main 65958
main 65486
main 66268
main 66504
main 65202
main 65608
main 65572
main 66141
main 67259
main 65383
main 66497
main 65108
main 65936
main 65304
main 64982
main 65737
main 66294
main 66294
main 66428
main 66034
main 65606
main 66023
main 65667
main 65569
main 66402
main 65757
main 66533
main 65783
main 66741
main 66040
main 65580
main 66795
main 65345
main 66513
main 65797
main 66111
main 66616
main 65744
main 65682
main 66189
main 66333
main 66627
main 65910
main 66187
main 66277
main 66250
main 66389
main 65967
main 65741
main 66014
main 65845
main 66142
main 70021
main 66289
main 66310
main 66223
main 65870
main 65575
main 65777
main 66147
main 65622
main 66088
main 65035
main 65687
main 65799
main 66215
main 66086
main 65511
main 64832
main 64747
main 65870
main 65062
main 65491
main 65449
main 65175
main 65367
main 65493
main 65353
main 65448
main 65712
main 65795
main 65775
main 64850
main 65542
main 65618
main 65157
main 65697
main 65432
main 66248
main 65460
main 64945
main 66113
main 65210
main 65316
main 64959
main 65172
main 65657
main 66101
main 65233
main 65182
main 67008
main 65513
main 65386
main 65600
main 65759
main 66047
main 65651
main 65456
main 65587
main 66016
main 65610
main 65132
main 64757
main 65543
main 65853
main 67031
main 65299
main 65817
main 65304
main 65622
main 66280
main 65499
main 64969
main 65033
main 66305
main 66075
main 65362
main 66999
main 67536
main 65790
main 65319
main 65721
main 66138
main 65825
main 66987
main 65993
main 65212
main 65647
main 65443
main 65479
main 65738
main 65765
main 67647
main 65818
main 66214
main 66812
main 66142
main 66346
main 66702
main 65237
main 65474
main 66250
main 66775
main 65917
main 66052
main 66549
main 66194
main 66007
main 66009
main 66242
main 66918
main 66733
main 66067
main 67303
main 65949
main 65781
main 65892
main 66466
main 65918
main 65744
main 67232
main 66269
main 66596
main 66147
main 65813
main 67446
main 65802
main 66342
main 65715
main 65387
main 66404
main 66339
main 66106
main 64804
main 65777
main 65656
main 66268
main 65736
main 66086
main 66060
main 66303
main 65740
main 65499
main 66022
main 65403
main 65441
main 65402
main 64563
main 65276
main 65710
main 66184
main 64744
main 66527
main 66218
main 65593
main 65962
main 65536
main 921287
main 66883
main 66481
main 65956
main 66049
main 65392
main 65427
main 66664
main 66470
main 65655
main 65706
main 66145
main 66664
main 66529
main 65885
main 66269
main 65813
main 65599
main 68040
main 65199
main 65943
main 66463
main 66022
main 65730
main 66493
main 65917
main 65091
main 65470
main 66057
main 65295
main 65274
main 65507
main 65028
main 65788
main 65163
main 65420
main 65863
main 65206
main 65311
main 64758
main 65131
main 65551
main 65912
main 65802
main 65456
main 65608
main 65717
main 65507
main 66288
main 65825
main 65420
main 66117
main 65738
main 65568
main 67613
main 65183
main 65732
main 66040
main 66077
main 65919
main 65510
main 66162
main 66148
main 66032
main 66021
main 65850
main 66319
main 65946
main 65976
main 65142
main 65314
main 65667
main 65621
main 65076
main 64855
main 65660
main 65354
main 64689
main 65399
main 64952
main 65758
main 65614
main 66104
main 65779
main 65126
main 65260
main 65589
main 65839
main 66197
main 68556
main 65648
main 66013
main 65708
main 66139
main 65425
main 65169
main 65142
main 65253
main 66112
main 65109
main 65071
main 65773
main 65325
main 65726
main 65720
main 64950
main 65388
main 65446
main 64492
main 65519
main 65319
main 65193
main 65458
main 65087
main 66416
main 66290
main 65800
main 65883
main 65338
main 65159
main 65572
main 65848
main 65846
main 65769
main 65744
main 65949
main 65281
main 65290
main 65418
main 64887
main 65481
main 65449
main 65674
main 65799
main 65228
main 65662
main 65091
main 65850
main 65803
main 65330
main 65619
main 65891
main 65326
main 65284
main 65965
main 66175
main 65216
main 65916
main 65975
main 65805
main 65849
main 65154
main 66273
main 65743
main 65086
main 65598
main 65377
main 66016
main 65107
main 65511
main 65403
main 65084
main 65865
main 65511
main 65823
main 65608
main 65244
main 66629
main 65654
main 65563
main 65509
main 65702
main 65248
main 66056
main 65121
main 66092
main 65799
main 66728
main 65895
main 66528
main 65784
main 67461
main 66636
main 66546
main 65585
main 66932
main 66103
main 66040
main 66945
main 65927
main 66402
main 66532
main 66104
main 65668
main 66770
main 66815
main 65881
main 66556
main 65494
main 65939
main 66245
main 65793
main 65478
main 65461
main 65504
main 65784
main 65038
main 65421
main 65008
main 65777
main 65145
main 65668
main 65433
main 65237
main 65392
main 65584
main 64909
main 65854
main 65024
main 65447
main 65756
main 65200
main 65950
main 65721
main 65086
main 65535
main 65835
main 65830
main 65605
main 65665
main 65813
main 65132
main 65420
main 65229
main 65197
main 65788
main 65229
main 65651
main 65994
main 65993
main 66034
main 65932
main 65403
main 65911
main 65616
main 65136
main 66967
main 65988
main 65922
main 65945
main 65933
main 65529
main 66123
main 66763
main 65980
main 65787
main 66216
main 66329
main 65943
main 66798
main 66095
main 65826
main 65900
main 65842
main 66042
main 65637
main 65973
main 65833
main 66283
main 66116
main 66141
main 65769
main 66909
main 66205
main 66025
main 66602
main 66153
main 66657
main 65675
main 66906
main 66546
main 65651
main 66982
main 66582
main 65854
main 65648
main 65955
main 66578
main 65829
main 66474
main 65494
main 66193
main 66764
main 65534
main 65941
main 66213
main 65991
main 65814
main 65317
main 65242
main 64707
main 65564
main 68290
main 65105
main 65483
main 65485
main 65997
main 65476
main 65105
main 65181
main 64843
main 64765
main 65444
main 65630
main 65145
main 66093
main 65927
main 65170
main 64685
main 65208
main 64892
main 65316
main 65799
main 64993
main 65439
main 65402
main 64754
main 66064
main 65289
main 65020
main 65725
main 64941
main 65393
main 66447
main 104148
main 64925
main 69189
main 65409
main 65784
main 65596
main 65825
main 65313
main 64873
main 65647
main 65807
main 65537
main 65399
main 65286
main 65756
main 64815
main 65941
main 64998
main 764020
main 65468
main 66145
main 65880
main 66297
main 65830
main 65450
main 65289
main 65200
main 66096
main 67098
main 66275
main 65793
main 65710
main 66346
main 66290
main 65755
main 65369
main 65943
main 68157
main 66042
main 65984
main 65332
main 66008
main 65841
main 66716
main 66107
main 66478
main 66581
main 65969
main 65505
main 67624
main 65247
main 66003
main 66561
main 66472
main 66440
main 65761
main 65694
main 66149
main 66377
main 66287
main 66995
main 66173
main 67390
main 66433
main 65685
main 66040
main 66134
main 66725
main 65961
main 65862
main 65875
main 66931
main 66550
main 66019
main 65430
main 65875
main 66479
main 66118
main 66218
main 66155
main 65891
main 66083
main 66267
main 65982
main 65202
main 65538
main 65605
main 65092
main 65137
main 65188
main 65110
main 65332
main 65291
main 65242
main 65018
main 65035
main 66456
main 65235
main 65631
main 65430
main 64974
main 65380
main 65838
main 65602
main 65945
main 65070
