main 1028572
main 861247
main 848276
main 846879
main 845834
main 873672
main 872162
main 865554
main 842461
main 848065
main 852180
main 850051
main 841445
main 875250
main 913782
main 847200
main 839572
main 864301
main 840913
main 852899
main 834201
main 737239
main 844617
main 842509
main 1068996
main 843096
main 833149
main 899937
main 958049
main 927873
main 1032609
main 852750
main 894183
main 878387
main 861887
main 853744
main 860030
main 867313
main 844296
main 835002
main 850041
main 863045
main 988014
main 889687
main 859860
main 877333
main 849116
main 832364
main 755658
main 857474
main 842429
main 941466
main 866458
main 858735
main 838229
main 874207
main 884904
main 844638
main 839318
main 846896
main 833884
main 850444
main 1043288
main 970328
main 848445
main 874916
main 1021327
main 901869
main 850477
main 855420
main 980151
main 869270
main 870129
main 848852
main 987246
main 860585
main 839047
main 975072
main 923639
main 867477
main 832231
main 857877
main 880846
main 897771
main 865571
main 1019940
main 865250
main 847872
main 900052
main 846569
main 838511
main 854141
main 849359
main 838981
main 855532
main 901025
main 855947
main 847025
main 871627
main 956514
main 956231
main 868196
main 864172
main 843472
main 834703
main 863345
main 864892
main 834846
main 894655
main 966556
main 848451
main 853776
main 852905
main 952307
main 842008
main 850691
main 867626
main 931639
main 865177
main 840094
main 853052
main 1077122
main 842337
main 847244
main 878192
main 861151
main 852567
main 862851
main 846491
main 868004
main 854860
main 841007
main 861974
main 841854
main 839200
main 838165
main 855659
main 907910
main 885857
main 836456
main 847960
main 851504
main 868617
main 862502
main 839913
main 835620
main 863512
main 840456
main 838249
main 852040
main 847862
main 884397
main 852844
main 906254
main 831667
main 847373
main 861428
main 953302
main 852417
main 880478
main 845990
main 853317
main 846188
main 866665
main 850612
main 876030
main 868871
main 848729
main 870628
main 842618
main 847832
main 841322
main 833507
main 861735
main 851417
main 843963
main 885053
main 865111
main 959308
main 872604
main 845388
main 861928
main 866187
main 850347
main 870696
main 849133
main 771191
main 857450
main 891201
main 840220
main 861496
main 871155
main 843806
main 833570
main 862464
main 833213
main 863411
main 834885
main 852383
main 852030
main 912188
main 849155
main 860703
main 905419
main 864656
main 856400
main 939025
main 858167
main 854495
main 839005
main 848808
main 945752
main 836371
main 880443
main 846695
main 853940
main 842175
main 849150
main 834414
main 833595
main 916168
main 854968
main 848041
main 741901
main 854792
main 843386
main 836407
main 875717
main 865132
main 846676
main 832259
main 845237
main 884910
main 888368
main 866105
main 868604
main 970137
main 852168
main 950732
main 851702
main 855023
main 871166
main 845781
main 843244
main 834742
main 867895
main 861416
main 850615
main 861857
main 836846
main 867342
main 757041
main 849835
main 780379
main 967749
main 848970
main 862108
main 833231
main 865258
main 851214
main 851979
main 884198
main 895437
main 860600
main 847129
main 852252
main 914223
main 831413
main 847935
main 838215
main 853070
main 867318
main 832101
main 838743
main 851787
main 844956
main 858792
main 856111
main 845477
main 855369
main 833221
main 848398
main 853401
main 879193
main 917220
main 870136
main 855162
main 832778
main 850623
main 848212
main 855422
main 907230
main 862927
main 867445
main 856008
main 859429
main 872266
main 858934
main 893850
main 833609
main 849328
main 914025
main 900514
main 848744
main 874325
main 892871
main 856988
main 869815
main 885381
main 852137
main 860365
main 844843
main 867704
main 870500
main 875018
main 893135
main 854547
main 864194
main 837287
main 850874
main 959277
main 893627
main 861366
main 748877
main 863919
main 849612
main 832452
main 868399
main 853103
main 833892
main 864237
main 852455
main 942312
main 867064
main 973823
main 874246
main 901907
main 877660
main 832567
main 841123
main 870024
main 876471
main 838223
main 853085
main 831654
main 851151
main 876973
main 844672
main 835119
main 847394
main 888008
main 869647
main 857902
main 860198
main 891441
main 880559
main 838092
main 950091
main 851865
main 856224
main 844793
main 868083
main 852652
main 854089
main 883278
main 857481
main 851998
main 844446
main 865069
main 896824
main 850577
main 884238
main 845361
main 789581
main 890256
main 864021
main 856912
main 849990
main 884809
main 856309
main 875518
main 842682
main 833285
main 878781
main 836952
main 858367
main 850022
main 853812
main 835155
main 869214
main 863093
main 859808
main 860972
main 896664
main 877444
main 894378
main 841282
main 848633
main 886907
main 751151
main 871245
main 855425
main 868771
main 881375
main 885329
main 854629
main 864503
main 864474
main 842846
main 776528
main 839234
main 958266
main 860389
main 894195
main 844297
main 844373
main 894063
main 835173
main 849178
main 911578
main 860334
main 1011430
main 854836
main 856467
main 892976
main 868489
main 984279
main 749732
main 868987
main 908690
main 854315
main 846347
main 865550
main 867796
main 863492
main 890295
main 851451
main 860267
main 868837
main 864472
main 851906
main 834350
main 944477
main 847990
main 868701
main 843403
main 864000
main 736337
main 863035
main 849879
main 833741
main 833046
main 857264
main 847297
main 857537
main 843193
main 878104
main 858423
main 851850
main 837777
main 863518
main 999820
main 848301
main 852307
main 860120
main 855080
main 853845
main 903919
main 836648
main 866139
main 925448
main 853549
main 915515
main 852670
main 835607
main 901187
main 870451
main 892240
main 853776
main 867389
main 750725
main 869600
main 736999
main 882225
main 865395
main 832559
main 982392
main 869639
main 851653
main 851092
main 841964
main 831609
main 879914
main 834701
main 853498
main 847487
main 832858
main 872959
main 861387
main 860554
main 831022
main 856972
main 872326
main 847103
main 832030
main 833110
main 866779
main 880983
main 832083
main 832429
main 874505
main 840930
main 887396
main 842233
main 898944
main 851203
main 845278
main 832123
main 849176
main 831701
main 840588
main 848100
main 844288
main 882275
main 841150
main 854978
main 849790
main 958600
main 858887
main 853584
main 850934
main 855913
main 857505
main 856144
main 854224
main 833849
main 864930
main 835164
main 863251
main 1021192
main 858303
main 854979
main 842128
main 846768
main 849007
main 859554
main 902380
main 851193
main 865681
main 872292
main 850580
main 868849
main 851253
main 868474
main 845503
main 865294
main 862629
main 843927
main 864715
main 852912
main 834615
main 867484
main 833692
main 848480
main 890308
main 893334
main 920465
main 833804
main 845972
main 858551
main 899299
main 860781
main 862870
main 860013
main 1083702
main 866259
main 853316
main 841764
main 895835
main 884759
main 885567
main 839038
main 881584
main 833000
main 730974
main 880587
main 846336
main 848459
main 872846
main 869934
main 854870
main 868061
main 866823
main 848691
main 847156
main 851909
main 868099
main 869312
main 852411
main 854857
main 857273
main 835497
main 877590
main 966343
main 843924
main 876924
main 843894
main 849021
main 855095
main 862187
main 891473
main 887827
main 862140
main 764662
main 857900
main 854855
main 837094
main 869245
main 836701
main 859066
main 833750
main 869141
main 850989
main 845925
main 862827
main 910437
main 869841
main 854941
main 852926
main 873123
main 835425
main 838406
main 870131
main 836657
main 871746
main 856086
main 835406
main 835109
main 852460
main 778848
main 863339
main 864366
main 861555
main 861809
main 868795
main 844355
main 867306
main 876666
main 860583
main 867001
main 855004
main 884212
main 744401
main 847392
main 844285
main 846837
main 851047
main 949378
main 846425
main 857228
main 847915
main 844081
main 838277
main 861869
main 849634
main 859098
main 837189
main 848811
main 859371
main 879466
main 834672
main 853287
main 865010
main 859675
main 833700
main 855434
main 847368
main 842222
main 857296
main 987554
main 961588
main 927035
main 859800
main 742527
main 832588
main 853510
main 849892
main 863958
main 877125
main 1073466
main 850232
main 849874
main 850589
main 884301
main 845888
main 834433
main 834098
main 846381
main 876436
main 847895
main 853288
main 855196
main 842764
main 872269
main 898594
main 852427
main 867107
main 861572
main 860659
main 843750
main 867936
main 838140
main 859307
main 892753
main 920372
main 883140
main 888571
main 849473
main 875781
main 833960
main 731692
main 867401
main 843542
main 856838
main 845984
main 866323
main 954612
main 853373
main 905259
main 868777
main 862908
main 845965
main 853183
main 859040
main 850557
main 849775
main 832458
main 873327
main 862120
main 903918
main 879514
main 854842
main 849681
main 833513
main 841893
main 852299
main 867462
main 833202
main 838639
main 848317
main 846621
main 860697
main 852896
main 845818
main 860678
main 841403
main 844702
main 858488
main 872565
main 848547
main 864273
main 878169
main 860811
main 869735
main 860942
main 945323
main 860585
main 842893
main 864299
main 882085
main 849642
main 879808
main 892670
main 1031366
main 996200
main 928841
main 858254
main 851991
main 861363
main 956306
main 873022
main 975697
main 1061036
main 869694
main 969842
main 833340
main 940738
main 953347
main 886094
main 847697
main 846120
main 875294
main 840834
main 918977
main 851262
main 928414
main 852351
main 851052
main 886085
main 864894
main 860679
main 844457
main 863009
main 883196
main 850320
main 844438
main 852791
main 860803
main 853909
main 860060
main 843644
main 890409
main 831540
main 855648
main 833175
main 834171
main 843147
main 845695
main 849043
main 850156
main 845611
main 863580
main 849779
main 859268
main 852607
main 848029
main 846238
main 906982
main 846918
main 751331
main 1095204
main 1058553
main 871810
main 850274
main 833795
main 852577
main 853594
main 885332
main 868264
main 868828
main 834099
main 869430
main 855420
main 888471
main 848861
main 891920
main 848811
main 1061283
main 868771
main 832988
main 840435
main 848927
main 832913
main 851344
main 832409
main 849382
main 846977
main 921640
main 843159
main 847498
main 849765
main 845139
main 854318
main 831668
main 833602
main 856496
main 834272
main 842850
main 833489
main 834178
main 857764
main 1001234
main 854242
main 833718
main 852435
main 835470
main 854270
main 882898
main 846574
main 929591
main 845943
main 840602
main 826813
main 857958
main 850592
main 867128
main 852740
main 873344
main 847264
main 851918
main 870410
main 851701
main 843531
main 863828
main 936846
main 855241
main 841669
main 864237
main 852934
main 850289
main 835693
main 878266
main 832761
main 849002
main 838325
main 862670
main 886580
main 857885
main 844096
main 835456
main 835485
main 847801
main 837556
main 853850
main 928135
main 984818
main 926977
main 910929
main 846733
main 845977
main 832389
main 850392
main 844830
main 833704
main 835081
main 1016756
main 844537
main 831783
main 840993
main 841939
main 861831
main 838811
main 866225
main 756380
main 864828
main 835693
main 837124
main 856924
main 866420
main 853036
main 852464
main 845031
main 841112
main 850982
main 843991
main 846849
main 838652
main 838947
main 851666
main 846222
main 844815
main 841417
main 860414
main 864560
main 875296
main 845212
main 868556
main 843579
main 882231
main 876135
main 868658
main 858957
main 854385
main 832259
main 846943
main 832663
main 852634
main 834747
main 894786
main 872320
main 845766
main 863248
main 854232
main 871564
main 851481
main 831984
main 854216
main 872104
main 842877
main 834494
main 863846
main 851898
main 850691
main 842234
main 896367
main 831733
main 851886
main 837148
main 923220
main 848616
main 835892
main 837893
main 845091
main 856065
main 834911
main 880413
main 869971
main 893967
main 867602
main 844910
