main 1095482
main 1074616
main 1083681
main 1087362
main 1085228
main 1082472
main 1087530
main 1063769
main 1081494
main 1065421
main 1080391
main 1061004
main 1067711
main 1060408
main 1062528
main 1065675
main 1064872
main 1065249
main 1064914
main 1063088
main 1065273
main 1063743
main 1057340
main 1060776
main 1063807
main 1064447
main 1063164
main 1110552
main 1071518
main 1064525
main 1077033
main 1066933
main 1062563
main 1062048
main 1069841
main 1065972
main 1061791
main 1075340
main 1064813
main 1064967
main 1070432
main 1072310
main 1060842
main 1058931
main 1062568
main 1061743
main 1061453
main 1069017
main 1070893
main 1060545
main 1062304
main 1064254
main 1062152
main 1063655
main 1066521
main 1065733
main 1064685
main 1086515
main 1079531
main 1063057
main 1061278
main 1078967
main 1062738
main 1074154
main 1061587
main 1077205
main 1063505
main 1064901
main 1067494
main 1060266
main 1066859
main 1059294
main 1062320
main 1059124
main 1064482
main 1069643
main 1070797
main 1063564
main 1062806
main 1069343
main 1063987
main 1072494
main 1064035
main 1202359
main 1069521
main 1071622
main 1056204
main 1064643
main 1072329
main 1060527
main 1064420
main 1059621
main 1067237
main 1061840
main 1067273
main 1068542
main 1062401
main 1065065
main 1068140
main 1065224
main 1074897
main 1089590
main 1060312
main 1062119
main 1065834
main 1065302
main 1061445
main 1068765
main 1072111
main 1066184
main 1073323
main 1062044
main 1063243
main 1072113
main 1099019
main 1058360
main 1067951
main 1058865
main 1088482
main 1061693
main 1059679
main 1061989
main 1060217
main 1060519
main 1061707
main 1079185
main 1066284
main 1056531
main 1067535
main 1061361
main 1066630
main 1066230
main 1069891
main 1065517
main 1059828
main 1066734
main 1060079
main 1062966
main 1062789
main 1080777
main 1063731
main 1065070
main 1063691
main 1061227
main 1061166
main 1065950
main 1068383
main 1065729
main 1061907
main 1060800
main 1061882
main 1063812
main 1060175
main 1060105
main 1062847
main 1064131
main 1060337
main 1064093
main 1073148
main 1061260
main 1061786
main 1059673
main 1068749
main 1068530
main 1077542
main 1066774
main 1059358
main 1066932
main 1062992
main 1062034
main 1088170
main 1105437
main 1062156
main 1065528
main 1057564
main 1064379
main 1065571
main 1077531
main 1065524
main 1063108
main 1065941
main 1066355
main 1061774
main 1066896
main 1069442
main 1068167
main 1065829
main 1058147
main 1066171
main 1063596
main 1068212
main 1139064
main 1063133
main 1064542
main 1075279
main 1062448
main 1065893
main 1057538
main 1065690
main 1060923
main 1066637
main 1064762
main 1059775
main 1078781
main 1063063
main 1063172
main 1064553
main 1062800
main 1060150
main 1064197
main 1063424
main 1063148
main 1064722
main 1064151
main 1061494
main 1064368
main 1061737
main 1065442
main 1061420
main 1066476
main 1062398
main 1065401
main 1064966
main 1062267
main 1070538
main 1064861
main 1061225
main 1064868
main 1085299
main 1057285
main 1068200
main 1063973
main 1062363
main 1069695
main 1084386
main 1060525
main 1057066
main 1064960
main 1063357
main 1077892
main 1066805
main 1062429
main 1066972
main 1075446
main 1064987
main 1063312
main 1068638
main 1060828
main 1063733
main 1064813
main 1062382
main 1068374
main 1076774
main 1066552
main 1062948
main 1059786
main 1062301
main 1063564
main 1065354
main 1063851
main 1074574
main 1067416
main 1066446
main 1068218
main 1060906
main 1065782
main 1065167
main 1072053
main 1067382
main 1069060
main 1070273
main 1063802
main 1067064
main 1068128
main 1062779
main 1072798
main 1059926
main 1064610
main 1064472
main 1060878
main 1066596
main 1062821
main 1100186
main 1062636
main 1067247
main 1082231
main 1067096
main 1072239
main 1062024
main 1078376
main 1079459
main 1063541
main 1085867
main 1067570
main 1066930
main 1073162
main 1071944
main 1065112
main 1072533
main 1063529
main 1068323
main 1068638
main 1067079
main 1068342
main 1064181
main 1068452
main 1063017
main 1068026
main 1199112
main 1065652
main 1073777
main 1072607
main 1059288
main 1069398
main 1071458
main 1062875
main 1065079
main 1058134
main 1059619
main 1061445
main 1063449
main 1063340
main 1060121
main 1062243
main 1064670
main 1059104
main 1059835
main 1061994
main 1069009
main 1062795
main 1061015
main 1055516
main 1058852
main 1066270
main 1061174
main 1066188
main 1065573
main 1063716
main 1063784
main 1058691
main 1066883
main 1063257
main 1097425
main 1059369
main 1058934
main 1064487
main 1064728
main 1063080
main 1067373
main 1063910
main 1063458
main 1065705
main 1068382
main 1063773
main 1072599
main 1060833
main 1074390
main 1078291
main 1061297
main 1074823
main 1065876
main 1064152
main 1061276
main 1064172
main 1132711
main 1062408
main 1064056
main 1087739
main 1056680
main 1162719
main 1068138
main 1064154
main 1061722
main 1057817
main 1061016
main 1059422
main 1063153
main 1061064
main 1069640
main 1071987
main 1071270
main 1082798
main 1063102
main 1063116
main 1063579
main 1062127
main 1060319
main 1065255
main 1065702
main 1064150
main 1064185
main 1059663
main 1069689
main 1068689
main 1068947
main 1063511
main 1068082
main 1060893
main 1082054
main 1097654
main 1064987
main 1064432
main 1071470
main 1081242
main 1066972
main 1068012
main 1061204
main 1064332
main 1070976
main 1073919
main 1111305
main 1066839
main 1069579
main 1066339
main 1062119
main 1066312
main 1070609
main 1063064
main 1062943
main 1066074
main 1084307
main 1067375
main 1061384
main 1062590
main 1060361
main 1063909
main 1077392
main 1069145
main 1065621
main 1068453
main 1059724
main 1063659
main 1060426
main 1072287
main 1063833
main 1062848
main 1074143
main 1057650
main 1062083
main 1058432
main 1064249
main 1061223
main 1065160
main 1079916
main 1060348
main 1064572
main 1059999
main 1069433
main 1065071
main 1067086
main 1063344
main 1066999
main 1068408
main 1069641
main 1063756
main 1063628
main 1100150
main 1063154
main 1063254
main 1060497
main 1062075
main 1108377
main 1069702
main 1064692
main 1062987
main 1070233
main 1059402
main 1062369
main 1062646
main 1062274
main 1060475
main 1060978
main 1083580
main 1071444
main 1061389
main 1062598
main 1074394
main 1060408
main 1070528
main 1067264
main 1061767
main 1068732
main 1063069
main 1065540
main 1065510
main 1061441
main 1078057
main 1076581
main 1067192
main 1065441
main 1074089
main 1064756
main 1069639
main 1075687
main 1073711
main 1064532
main 1059745
main 1066765
main 1063583
main 1061892
main 1073924
main 1065821
main 1063748
main 1064253
main 1071589
main 1061368
main 1058972
main 1060127
main 1059020
main 1065249
main 1062657
main 1057745
main 1068955
main 1078356
main 1078469
main 1064492
main 1067625
main 1077702
main 1069025
main 1070941
main 1072316
main 1065714
main 1063018
main 1066633
main 1068950
main 1057072
main 1066153
main 1065712
main 1065058
main 1057619
main 1060790
main 1067882
main 1062612
main 1064887
main 1060854
main 1062694
main 1061584
main 1066944
main 1061065
main 1064533
main 1061449
main 1061049
main 1060360
main 1061680
main 1062111
main 1066320
main 1064066
main 1059942
main 1081670
main 1059167
main 1072554
main 1065340
main 1060892
main 1062965
main 1058901
main 1061974
main 1067648
main 1080932
main 1058637
main 1065472
main 1066509
main 1060934
main 1070111
main 1062365
main 1065523
main 1056677
main 1061952
main 1060525
main 1077435
main 1062641
main 1172758
main 1060685
main 1059817
main 1061427
main 1066996
main 1069851
main 1070067
main 1068541
main 1063278
main 1068943
main 1062137
main 1069011
main 1062630
main 1068182
main 1066045
main 1062938
main 1070205
main 1069419
main 1065064
main 1085431
main 1065062
main 1063267
main 1896986
main 1060395
main 1064796
main 1065301
main 1062559
main 1062089
main 1061710
main 1067348
main 1062398
main 1059675
main 1065658
main 1071316
main 1064698
main 1070318
main 1062708
main 1064578
main 1063653
main 1059663
main 1061305
main 1066913
main 1071762
main 1055051
main 1057236
main 1059484
main 1064609
main 1059557
main 1075079
main 1063017
main 1067563
main 1068745
main 1070683
main 1064352
main 1064538
main 1059773
main 1099640
main 1066898
main 1067891
main 1065285
main 1060100
main 1066871
main 1061220
main 1064498
main 1063465
main 1060881
main 1063172
main 1069285
main 1071180
main 1065108
main 1074515
main 1058128
main 1063722
main 1062488
main 1070844
main 1066219
main 1062349
main 1065284
main 1064419
main 1062924
main 1081690
main 1062033
main 1065919
main 1058434
main 1059325
main 1062696
main 1064739
main 1060020
main 1069755
main 1061553
main 1067089
main 1067390
main 1062969
main 1060657
main 1059523
main 1062755
main 1065524
main 1072892
main 1060241
main 1061859
main 1067132
main 1058138
main 1064197
main 1063045
main 1065818
main 1067502
main 1064963
main 1088667
main 1060788
main 1066796
main 1062997
main 1057819
main 1060495
main 1100090
main 1067227
main 1070980
main 1064794
main 1064248
main 1061641
main 1073588
main 1073517
main 1059152
main 1066283
main 1060736
main 1063158
main 1058017
main 1061226
main 1061724
main 1061767
main 1063304
main 1063547
main 1065315
main 1065787
main 1065769
main 1065511
main 1067811
main 1064953
main 1059256
main 1072855
main 1058249
main 1085096
main 1059858
main 1062833
main 1067050
main 1057970
main 1074020
main 1066880
main 1060330
main 1063966
main 1063680
main 1067789
main 1069122
main 1064391
main 1061845
main 1061603
main 1062717
main 1059091
main 1060072
main 1067649
main 1061512
main 1062843
main 1144646
main 1064231
main 1061801
main 1061958
main 1068493
main 1080867
main 1076923
main 1060907
main 1061669
main 1097058
main 1060440
main 1060317
main 1065103
main 1062732
main 1062193
main 1068493
main 1072858
main 1065675
main 1063049
main 1062794
main 1055590
main 1056638
main 1062106
main 1063418
main 1158435
main 1162337
main 1334321
main 1162841
main 1157498
main 1174473
main 1164231
main 1170846
main 1166885
main 1159432
main 1163570
main 1167152
main 1161657
main 1167868
main 1163880
main 1171167
main 1171338
main 1164833
main 1173601
main 1167661
main 1161043
main 1176141
main 1170026
main 1167437
main 1161842
main 1160544
main 1162816
main 1167391
main 1161794
main 1166514
main 1159767
main 1157735
main 1165487
main 1160685
main 1164267
main 1162505
main 1160728
main 1162335
main 1168430
main 1162515
main 1191880
main 1172834
main 1165431
main 1160609
main 1178881
main 1165700
main 1163758
main 1165902
main 1182249
main 1186120
main 1167430
main 1167346
main 1160432
main 1216078
main 1160253
main 1163024
main 1161893
main 1185134
main 1174733
main 1162861
main 1162836
main 1170706
main 1164084
main 1165262
main 1160954
main 1165518
main 1161622
main 1163879
main 1169136
main 1164682
main 1165538
main 1175390
main 1183920
main 1163351
main 1161591
main 1190224
main 1161749
main 1165011
main 1166469
main 1160809
main 1160884
main 1165215
main 1165939
main 1172143
main 1161516
main 1167294
main 1161510
main 1161917
main 1164881
main 1169918
main 1209375
main 1172295
main 1186361
main 1166436
main 1214239
main 1164015
main 1162124
main 1166530
main 1169999
main 1161335
main 1164708
main 1169695
main 1162367
main 1167208
main 1166202
main 1165000
main 1165715
main 1167516
main 1165553
main 1165947
main 1165428
main 1163138
main 1161333
main 1165636
main 1171179
main 1176695
main 1164023
main 1161386
main 1161257
main 1180857
main 1167151
main 1201404
main 1157800
main 1165069
main 1160245
main 1161755
main 1166083
main 1157812
main 1166411
main 1163781
main 1161336
main 1171077
main 1170452
main 1171044
main 1161567
main 1168257
main 1164681
main 1163896
main 1158303
main 1163814
main 1173125
main 1163349
main 1214339
main 1163341
main 1162374
main 1166014
main 1159464
main 1159173
main 1161201
main 1157970
main 1156772
main 1161141
main 1163996
main 1160415
main 1163408
main 1159026
main 1169789
main 1165256
main 1161940
main 1220598
main 1179320
main 1168366
main 1164138
main 1165591
main 1163202
main 1188017
main 1165267
main 1166405
main 1167441
main 1164250
main 1179236
main 1168049
main 1161097
main 1164531
main 1168398
main 1169346
main 1167879
main 1162560
main 1162548
main 1158761
main 1163305
main 1160586
main 1168116
main 1168662
main 1157280
main 1160031
main 1162488
main 1167555
main 1159993
main 1158539
main 1159024
main 1168489
main 1162519
main 1157518
main 1182414
main 1162862
main 1164559
main 1165039
main 1160986
main 1163086
main 1170289
main 1168413
main 1160162
main 1164538
main 1159325
main 1166796
main 1163421
main 1179854
main 1167475
main 1166288
main 1161019
main 1160365
main 1173838
main 1163612
main 1162672
main 1161480
main 1167982
main 1162021
main 1164229
main 1161809
main 1164315
main 1169091
main 1182201
main 1162000
main 1158733
main 1168530
main 1164273
main 1165332
main 1158454
main 1160885
main 1161881
main 1211692
main 1163618
main 1167003
main 1168760
main 1174915
main 1161395
main 1171272
main 1165368
main 1166802
main 1158350
main 1165632
main 1161435
main 1165714
main 1164054
