main 222260
main 218523
main 208161
main 219331
main 239306
main 207111
main 379083
main 218491
main 219906
main 233377
main 212845
main 210686
main 221354
main 203890
main 213666
main 217620
main 210632
main 205477
main 217013
main 523410
main 224400
main 235584
main 216122
main 217508
main 209445
main 208149
main 241703
main 235091
main 226103
main 457020
main 205997
main 203845
main 219186
main 243402
main 260637
main 211512
main 204388
main 220444
main 208347
main 203048
main 223221
main 220936
main 207003
main 207413
main 207782
main 231445
main 206038
main 208170
main 237928
main 221928
main 227194
main 219801
main 194124
main 223992
main 210176
main 205813
main 221644
main 215923
main 193259
main 210407
main 217970
main 194571
main 207750
main 212286
main 225986
main 208218
main 204636
main 205715
main 222740
main 205278
main 253804
main 207637
main 209713
main 212543
main 216629
main 477911
main 220911
main 220080
main 218935
main 217174
main 206787
main 227535
main 209196
main 206927
main 225991
main 207635
main 201670
main 207729
main 223292
main 198610
main 206701
main 205785
main 222896
main 210535
main 206336
main 193857
main 205603
main 231734
main 207853
main 224261
main 206121
main 220760
main 227269
main 193155
main 204749
main 218062
main 224020
main 207568
main 232081
main 221431
main 195834
main 219575
main 204688
main 210799
main 232716
main 223498
main 241447
main 222449
main 234066
main 222830
main 236153
main 206489
main 218818
main 243273
main 453704
main 429918
main 242811
main 227807
main 194164
main 209284
main 224382
main 206895
main 207405
main 227983
main 209187
main 226209
main 220301
main 220892
main 218657
main 214977
main 222653
main 208164
main 231813
main 223595
main 223544
main 206957
main 209367
main 216720
main 220299
main 216584
main 204159
main 212186
main 207176
main 213922
main 207690
main 220304
main 206702
main 216822
main 209528
main 221870
main 228086
main 205829
main 225632
main 205743
main 223571
main 206886
main 207980
main 224967
main 298793
main 220980
main 226065
main 206004
main 205340
main 224588
main 203290
main 223917
main 223350
main 217374
main 222250
main 206558
main 206075
main 216787
main 204598
main 223920
main 208472
main 221512
main 233127
main 210905
main 204955
main 219758
main 226412
main 205222
main 227589
main 191636
main 231345
main 216013
main 256032
main 213141
main 204364
main 227452
main 224122
main 205861
main 216401
main 191734
main 216628
main 219747
main 202939
main 215042
main 221436
main 207965
main 222840
main 206476
main 205874
main 224789
main 217091
main 207639
main 221947
main 220960
main 206609
main 213635
main 212300
main 244546
main 218673
main 214360
main 205598
main 221888
main 216681
main 233821
main 205470
main 237489
main 205970
main 204289
main 223992
main 220053
main 226125
main 213455
main 220388
main 206084
main 203908
main 202808
main 227799
main 219887
main 200921
main 220366
main 211555
main 219955
main 222811
main 204914
main 219123
main 191790
main 221322
main 205829
main 222805
main 207566
main 220620
main 213309
main 218992
main 230510
main 205996
main 202309
main 239836
main 205486
main 210679
main 192239
main 221890
main 226442
main 205352
main 207314
main 204617
main 212873
main 194119
main 208980
main 205544
main 218853
main 205166
main 232224
main 206121
main 206798
main 210696
main 222432
main 223814
main 207417
main 195496
main 207884
main 206052
main 220294
main 203937
main 218995
main 207032
main 246386
main 209812
main 220992
main 231107
main 214041
main 195218
main 222220
main 208446
main 224354
main 207483
main 207163
main 207847
main 213891
main 206979
main 221770
main 207277
main 207478
main 218307
main 209513
main 219163
main 207152
main 223467
main 208318
main 203578
main 214110
main 238660
main 205967
main 220957
main 211056
main 216767
main 206720
main 208081
main 203689
main 211630
main 206977
main 219752
main 207720
main 201277
main 206884
main 222441
main 213421
main 212888
main 245070
main 208992
main 222898
main 207433
main 218693
main 207075
main 216566
main 204367
main 226816
main 215327
main 221902
main 218929
main 216598
main 219452
main 213707
main 208027
main 220958
main 216113
main 189912
main 219971
main 221689
main 222572
main 190355
main 212810
main 209234
main 211997
main 205940
main 205833
main 207274
main 208294
main 203394
main 216560
main 203802
main 221965
main 232072
main 208507
main 191009
main 220438
main 204756
main 207147
main 221924
main 208183
main 203746
main 226856
main 206394
main 206422
main 213488
main 226537
main 206958
main 227562
main 211146
main 218802
main 216061
main 207285
main 204801
main 202667
main 233680
main 215967
main 213860
main 204159
main 191177
main 205279
main 206877
main 217665
main 217902
main 203208
main 224515
main 205232
main 218837
main 206175
main 205678
main 191275
main 223378
main 217987
main 235991
main 202011
main 206933
main 209093
main 219223
main 203422
main 223526
main 208921
main 224995
main 204939
main 220723
main 206128
main 219739
main 208051
main 215006
main 217897
main 205762
main 221490
main 208447
main 209726
main 226860
main 195087
main 220469
main 217105
main 222273
main 206092
main 218464
main 210229
main 208878
main 205280
main 206041
main 203938
main 220238
main 208544
main 218118
main 209413
main 224179
main 205587
main 223400
main 209148
main 207939
main 220654
main 205347
main 204717
main 207691
main 216968
main 216029
main 208088
main 207163
main 232962
main 217249
main 218184
main 198679
main 206591
main 219468
main 204459
main 206406
main 203421
main 222548
main 201300
main 206624
main 208221
main 204956
main 207481
main 223263
main 220648
main 206707
main 204467
main 193611
main 204250
main 207077
main 204544
main 247604
main 206856
main 204765
main 206505
main 204203
main 222702
main 221095
main 207537
main 193521
main 203652
main 204514
main 220931
main 204199
main 246367
main 206640
main 222727
main 207340
main 203350
main 190141
main 214758
main 206525
main 207035
main 222314
main 237937
main 205760
main 207818
main 204021
main 205107
main 215401
main 205638
main 207102
main 222671
main 226455
main 207929
main 208556
main 205010
main 217140
main 226717
main 204436
main 219888
main 226485
main 207396
main 223722
main 206428
main 216827
main 217919
main 206530
main 218336
main 207488
main 213134
main 217213
main 220808
main 203449
main 232719
main 221962
main 223523
main 205833
main 224082
main 233794
main 206333
main 209878
main 215097
main 220993
main 206942
main 223411
main 222938
main 237774
main 221135
main 262627
main 205365
main 213614
main 205969
main 205133
main 210405
main 223838
main 226106
main 215670
main 203831
main 210239
main 204759
main 234793
main 222917
main 218418
main 205333
main 215432
main 206528
main 206366
main 204298
main 213416
main 205324
main 207041
main 205740
main 226678
main 215707
main 217342
main 207724
main 216158
main 207346
main 206506
main 224856
main 221130
main 206452
main 217873
main 208355
main 208273
main 222025
main 223303
main 204761
main 218351
main 262688
main 204923
main 230365
main 205102
main 208520
main 208781
main 208542
main 213401
main 206311
main 207634
main 219926
main 222186
main 223574
main 205637
main 215883
main 211071
main 207003
main 216061
main 205965
main 242915
main 222470
main 221122
main 218544
main 231844
main 207684
main 229927
main 219763
main 226867
main 207880
main 216151
main 203872
main 213030
main 221241
main 216234
main 206112
main 212350
main 218793
main 206384
main 202257
main 192612
main 192097
main 213392
main 206585
main 215768
main 218750
main 209169
main 204481
main 198716
main 206095
main 203976
main 204567
main 208950
main 205902
main 206068
main 215884
main 208389
main 206509
main 229001
main 213214
main 207331
main 223779
main 206014
main 232455
main 218474
main 1245292
main 205063
main 204562
main 205832
main 222832
main 206735
main 206417
main 218508
main 239044
main 218319
main 191396
main 225709
main 189553
main 208361
main 218811
main 208030
main 210111
main 205235
main 218351
main 210556
main 207554
main 246824
main 217593
main 213595
main 217006
main 228898
main 207078
main 208050
main 227867
main 214791
main 205790
main 208853
main 203031
main 203972
main 205685
main 207045
main 207414
main 208340
main 224035
main 206011
main 214697
main 206774
main 205714
main 202388
main 234933
main 193750
main 238574
main 224826
main 221296
main 221782
main 203144
main 209531
main 219885
main 205461
main 208907
main 230877
main 230472
main 204808
main 207630
main 208399
main 216301
main 221207
main 210096
main 211143
main 205638
main 206381
main 204101
main 214557
main 209861
main 208611
main 215620
main 230592
main 206339
main 208564
main 225008
main 219727
main 203788
main 208647
main 204414
main 208215
main 245544
main 203594
main 193843
main 235107
main 384082
main 204820
main 205201
main 207489
main 205381
main 223286
main 205933
main 207341
main 205329
main 215947
main 218767
main 228503
main 205967
main 208541
main 234057
main 218991
main 219538
main 204974
main 245625
main 223254
main 208059
main 217308
main 221618
main 207568
main 214429
main 205723
main 211537
main 206478
main 219717
main 223366
main 220977
main 221900
main 201275
main 189684
main 206965
main 204924
main 217461
main 218445
main 209714
main 225164
main 217236
main 205702
main 209683
main 191019
main 207059
main 218476
main 239625
main 223492
main 203486
main 216666
main 205999
main 208768
main 223804
main 207253
main 205500
main 205589
main 203522
main 192928
main 219773
main 218260
main 213871
main 204166
main 208480
main 205753
main 241802
main 205815
main 216838
main 232260
main 205589
main 227835
main 219676
main 223404
main 207685
main 219255
main 205781
main 217766
main 212481
main 205986
main 220848
main 221223
main 207316
main 218363
main 217103
main 205896
main 204650
main 203391
main 192573
main 221652
main 222458
main 217507
main 211896
main 207343
main 220917
main 208002
main 204323
main 217877
main 209333
main 222811
main 215484
main 210030
main 212889
main 206220
main 209853
main 209144
main 238067
main 207108
main 203278
main 205916
main 206947
main 208096
main 209299
main 219159
main 216960
main 207007
main 217057
main 204841
main 204624
main 207641
main 203905
main 224263
main 205235
main 193316
main 233959
main 253524
main 206200
main 232110
main 213255
main 204691
main 204457
main 216346
main 219232
main 207875
main 202851
main 238254
main 223626
main 214117
main 206876
main 209577
main 205330
main 205293
main 223569
main 222405
main 215346
main 208760
main 222684
main 206573
main 194815
main 205324
main 206181
main 222569
main 204586
main 204403
main 205207
main 191639
main 210102
main 218465
main 204892
main 194172
main 203879
main 197449
main 210224
main 203994
main 218148
main 238287
main 222582
main 203914
main 204982
main 206400
main 223538
main 210082
main 215763
main 210261
main 205252
main 228917
main 206304
main 232981
main 212108
main 207446
main 207569
main 205684
main 218803
main 241403
main 198966
main 204971
main 227949
main 204439
main 210165
main 205314
main 206332
main 205879
main 221795
main 203433
main 206040
main 207691
main 226169
main 215736
main 222319
main 203345
main 226467
main 218207
main 209270
main 219936
main 200959
main 208614
main 209605
main 205694
main 208115
main 231147
main 223006
main 223033
main 193356
main 215559
main 206731
main 206716
main 204601
main 218882
main 231731
main 272916
main 204836
main 241684
main 223694
main 220023
main 204623
main 212858
main 208587
main 213524
main 229377
main 207714
main 205892
main 212125
main 233768
main 208637
main 208902
main 218703
main 205586
main 217712
main 208150
main 219093
main 207523
main 218605
main 203181
main 205993
main 205525
main 204108
main 209869
main 218100
main 205780
main 191486
main 206132
main 204008
main 226973
main 206105
main 206956
main 212460
main 206692
main 207862
main 210931
main 205342
main 204979
main 206678
main 206188
main 216941
main 208755
main 218352
main 236113
main 217297
