main 61976
main 10449
main 12255
main 13109
main 11012
main 15048
main 15051
main 19527
main 12537
main 11440
main 10189
main 12606
main 10698
main 13167
main 9469
main 9201
main 9810
main 40644
main 12179
main 11477
main 9991
main 9880
main 10198
main 9597
main 22157
main 15809
main 10293
main 9530
main 10814
main 10775
main 15481
main 10892
main 10469
main 9254
main 12581
main 9425
main 10113
main 10348
main 10351
main 9123
main 9195
main 9413
main 9452
main 10491
main 11448
main 8377
main 9305
main 9630
main 9467
main 9751
main 10275
main 60389
main 23299
main 9197
main 10007
main 9607
main 10812
main 10212
main 9153
main 10398
main 15331
main 9203
main 9863
main 11631
main 11742
main 9222
main 10584
main 10658
main 9867
main 9366
main 9034
main 9704
main 11208
main 9412
main 11074
main 10511
main 9170
main 50471
main 9405
main 9733
main 9876
main 9251
main 13818
main 10921
main 9634
main 9715
main 10835
main 12124
main 10540
main 8802
main 11054
main 9095
main 13051
main 9582
main 11164
main 9041
main 9466
main 9990
main 10661
main 9800
main 9496
main 9358
main 9857
main 9892
main 19041
main 10957
main 11841
main 9404
main 9700
main 9693
main 9107
main 9097
main 52876
main 15960
main 9526
main 14412
main 14763
main 11100
main 9578
main 9480
main 9321
main 11391
main 10966
main 10809
main 9409
main 18477
main 9762
main 11475
main 10046
main 18077
main 9727
main 10153
main 9997
main 9123
main 15765
main 12912
main 10786
main 9821
main 9052
main 9068
main 10274
main 12087
main 9317
main 12651
main 23659
main 10802
main 11174
main 10057
main 10075
main 10517
main 13575
main 9201
main 11504
main 11073
main 12589
main 8925
main 10220
main 9983
main 9316
main 11859
main 11311
main 13688
main 9915
main 13021
main 10114
main 10503
main 9248
main 9956
main 9284
main 10371
main 9277
main 52961
main 15187
main 9997
main 9400
main 9713
main 10999
main 11923
main 9838
main 10167
main 9619
main 10061
main 9844
main 9787
main 12083
main 8876
main 9693
main 10980
main 9950
main 10367
main 11193
main 9915
main 11591
main 10001
main 10468
main 9791
main 16051
main 11665
main 10116
main 9614
main 11006
main 9662
main 10141
main 10671
main 8743
main 9459
main 9857
main 16508
main 9822
main 99454
main 15723
main 10353
main 16740
main 9437
main 9994
main 9297
main 8299
main 8403
main 29876
main 8173
main 9226
main 8098
main 8621
main 9016
main 8313
main 8306
main 8383
main 9815
main 8848
main 15773
main 8241
main 8500
main 10718
main 10022
main 9543
main 14637
main 9000
main 10346
main 9320
main 8779
main 10906
main 11909
main 11481
main 8245
main 9205
main 7954
main 8914
main 10205
main 8205
main 7780
main 9163
main 19907
main 8142
main 7476
main 8365
main 8635
main 8384
main 8219
main 8178
main 8358
main 9947
main 8715
main 8634
main 8316
main 7945
main 8995
main 10712
main 9581
main 10261
main 8468
main 12430
main 10208
main 8959
main 7912
main 7876
main 8220
main 8611
main 11440
main 7716
main 11026
main 10858
main 8692
main 11839
main 7718
main 8341
main 9804
main 8300
main 8856
main 9093
main 9452
main 7981
main 8783
main 8718
main 8679
main 8151
main 8296
main 8606
main 8540
main 8084
main 8016
main 15041
main 8976
main 8779
main 8864
main 8461
main 8205
main 8337
main 12456
main 8462
main 8532
main 8847
main 7722
main 9653
main 8319
main 8338
main 7772
main 12097
main 9390
main 8770
main 7979
main 8196
main 8356
main 8319
main 8265
main 12175
main 7822
main 7837
main 8675
main 8336
main 8206
main 14810
main 8811
main 8106
main 10768
main 8294
main 8639
main 7550
main 8794
main 9314
main 9974
main 8834
main 8233
main 8207
main 7903
main 9149
main 7554
main 29914
main 9819
main 9110
main 10337
main 10193
main 9141
main 9587
main 9205
main 9862
main 9507
main 10584
main 11968
main 8420
main 15297
main 8329
main 10514
main 8729
main 7742
main 8231
main 9966
main 7885
main 8415
main 8527
main 10107
main 8526
main 8443
main 8828
main 9532
main 7815
main 9967
main 8771
main 12268
main 8703
main 9109
main 8303
main 8071
main 9267
main 8646
main 7534
main 8946
main 9262
main 8576
main 7729
main 8059
main 7975
main 7630
main 8058
main 8832
main 10818
main 8480
main 7931
main 8863
main 7996
main 8035
main 8190
main 8207
main 8870
main 9609
main 8216
main 8541
main 8738
main 8595
main 7981
main 7883
main 7668
main 26478
main 9697
main 9634
main 7828
main 24121
main 7817
main 9155
main 8713
main 8577
main 8370
main 22747
main 8701
main 7662
main 7395
main 16256
main 8553
main 8313
main 8088
main 11858
main 7371
main 8389
main 12515
main 8847
main 9239
main 8578
main 8156
main 8919
main 8034
main 8074
main 8821
main 9044
main 11524
main 10125
main 7470
main 9409
main 7720
main 9949
main 7779
main 7958
main 7793
main 8334
main 9461
main 8037
main 9184
main 11351
main 8015
main 8427
main 8844
main 8860
main 7691
main 8803
main 8514
main 8024
main 10828
main 8310
main 8710
main 9183
main 8067
main 8657
main 7711
main 9459
main 8235
main 8303
main 7869
main 8164
main 9008
main 11149
main 9116
main 9505
main 10104
main 8066
main 8426
main 7962
main 8998
main 8075
main 8334
main 8944
main 9053
main 8387
main 9015
main 8724
main 9007
main 8029
main 8843
main 10495
main 9596
main 14106
main 9052
main 8395
main 8756
main 10145
main 10034
main 7912
main 8388
main 8841
main 7536
main 9085
main 9050
main 8267
main 8281
main 8106
main 8927
main 8584
main 8506
main 8558
main 10954
main 7990
main 10687
main 14033
main 9556
main 8261
main 8747
main 8853
main 8644
main 7832
main 8214
main 16389
main 9588
main 9023
main 10061
main 8233
main 8378
main 7599
main 7465
main 8230
main 8680
main 8836
main 8243
main 7592
main 7994
main 9722
main 9619
main 9120
main 13004
main 8667
main 8256
main 9061
main 9076
main 9407
main 8737
main 7721
main 9737
main 8253
main 7958
main 9345
main 8478
main 9246
main 8806
main 9513
main 9029
main 9098
main 9714
main 8748
main 11085
main 8829
main 8258
main 8075
main 10336
main 9293
main 8700
main 11113
main 9953
main 8742
main 7851
main 8149
main 7908
main 8640
main 7959
main 11209
main 9740
main 9055
main 8757
main 8211
main 8031
main 7511
main 8380
main 8820
main 13270
main 10002
main 8300
main 11663
main 8796
main 9041
main 7923
main 8954
main 7991
main 8837
main 9107
main 10209
main 11508
main 8802
main 14021
main 13148
main 11351
main 8541
main 10566
main 8305
main 9446
main 11960
main 8473
main 8781
main 8150
main 9352
main 7875
main 8034
main 7712
main 12433
main 8150
main 11749
main 9114
main 8681
main 9464
main 10424
main 8751
main 8127
main 7933
main 9974
main 8057
main 9119
main 14939
main 9070
main 12708
main 10484
main 8814
main 9582
main 10971
main 9541
main 8538
main 9050
main 8915
main 8446
main 12804
main 20849
main 7926
main 8808
main 8674
main 10581
main 12130
main 9996
main 8246
main 8751
main 8854
main 8991
main 10081
main 16153
main 7822
main 9497
main 8460
main 8404
main 8989
main 7985
main 9140
main 7675
main 8099
main 7994
main 9241
main 8782
main 8271
main 10075
main 9016
main 8463
main 8087
main 9024
main 8177
main 9755
main 7803
main 16750
main 7602
main 8445
main 8582
main 8349
main 8680
main 9048
main 8132
main 10060
main 8781
main 8421
main 7548
main 8539
main 8449
main 10796
main 10493
main 7881
main 21771
main 7695
main 7881
main 9318
main 7857
main 7722
main 45147
main 8678
main 9143
main 7697
main 7997
main 8210
main 7560
main 8782
main 8212
main 7538
main 8304
main 8255
main 9222
main 8455
main 9015
main 11100
main 7963
main 8758
main 10196
main 7913
main 9396
main 8329
main 8564
main 11158
main 9087
main 7973
main 8637
main 18457
main 8610
main 8384
main 8503
main 8159
main 8953
main 8042
main 8284
main 8795
main 9066
main 8963
main 8538
main 28018
main 9732
main 8944
main 9144
main 7600
main 7338
main 9727
main 8031
main 8354
main 9335
main 8280
main 11434
main 10316
main 8645
main 8138
main 8080
main 7562
main 7977
main 8226
main 13557
main 7942
main 7862
main 16262
main 9191
main 8821
main 9182
main 8935
main 7967
main 8067
main 9181
main 12036
main 8373
main 8057
main 8169
main 7781
main 8146
main 8156
main 8411
main 8539
main 8162
main 8132
main 8707
main 9356
main 9576
main 8332
main 8958
main 10325
main 9717
main 9458
main 9481
main 7782
main 86075
main 9016
main 9512
main 13889
main 8539
main 8096
main 8901
main 8489
main 8169
main 9018
main 9868
main 8765
main 8023
main 10813
main 9267
main 7681
main 8616
main 8774
main 9364
main 16464
main 7728
main 8872
main 8997
main 8262
main 8740
main 8170
main 8623
main 9900
main 8144
main 9605
main 7507
main 8527
main 496984
main 8956
main 8073
main 8969
main 7971
main 8586
main 8717
main 14626
main 8333
main 7969
main 9168
main 10991
main 7623
main 8937
main 7829
main 8158
main 7980
main 8115
main 7784
main 10661
main 7867
main 11380
main 7956
main 7877
main 9405
main 8100
main 9415
main 8294
main 8945
main 8855
main 9014
main 7737
main 9607
main 10357
main 8234
main 8949
main 7620
main 8254
main 7453
main 7845
main 9992
main 8894
main 9738
main 7784
main 7546
main 8399
main 7670
main 9691
main 7831
main 7716
main 8043
main 7923
main 8051
main 7769
main 8787
main 8424
main 10341
main 9443
main 8586
main 8749
main 9900
main 8368
main 8390
main 9052
main 8152
main 8785
main 8340
main 17515
main 56689
main 8695
main 8164
main 8603
main 8576
main 8784
main 9848
main 7873
main 7772
main 7180
main 8572
main 7952
main 9323
main 8568
main 8554
main 18585
main 7702
main 8952
main 8111
main 7628
main 9553
main 9829
main 8588
main 7809
main 8482
main 8416
main 8980
main 9166
main 8282
main 8924
main 17676
main 9189
main 12323
main 7339
main 8247
main 8573
main 9131
main 8416
main 8202
main 7897
main 7956
main 7998
main 18918
main 8206
main 8705
main 8205
main 8076
main 8054
main 8590
main 8985
main 8344
main 8526
main 8881
main 9927
main 10190
main 12158
main 8747
main 8632
main 8891
main 8934
main 8071
main 7756
main 7944
main 7450
main 8443
main 9444
main 8118
main 9572
main 8304
main 8199
main 8668
main 15651
main 8721
main 8818
main 10148
main 9000
main 9332
main 9027
main 8175
main 7856
main 7803
main 10470
main 10059
main 9571
main 8659
main 11194
main 11661
main 9022
main 9626
main 8714
main 9276
main 8707
main 10069
main 9143
main 7853
main 8751
main 10577
main 11789
main 8090
main 8882
main 8145
main 9395
main 8373
main 7843
main 8172
main 8592
main 10691
main 8945
main 8804
main 9666
