main 1013875
main 1051144
main 1143631
main 968233
main 1000949
main 1173693
main 1035801
main 964143
main 1003990
main 985628
main 949591
main 1053771
main 984815
main 1009265
main 985843
main 974770
main 1008564
main 980044
main 962177
main 955286
main 950344
main 984474
main 1112222
main 1027687
main 966640
main 973676
main 1040271
main 1031671
main 946996
main 1056041
main 1061471
main 976120
main 960595
main 989912
main 1039633
main 953163
main 984908
main 955496
main 980236
main 963338
main 1041115
main 959141
main 1218860
main 963208
main 1100737
main 1017215
main 967112
main 1028089
main 994833
main 1075938
main 963310
main 980519
main 987176
main 959941
main 984556
main 971773
main 1010904
main 948417
main 970052
main 970783
main 981951
main 1006209
main 974750
main 950218
main 1062003
main 997784
main 1072814
main 1061501
main 955606
main 1079803
main 971851
main 977679
main 1043732
main 1053676
main 980105
main 999178
main 1129536
main 967457
main 959830
main 1155761
main 974073
main 962699
main 984566
main 983723
main 949920
main 955916
main 1051741
main 952597
main 1073892
main 1070927
main 1082797
main 987822
main 1173203
main 1117802
main 964593
main 945546
main 976682
main 938474
main 986174
main 990806
main 986062
main 973884
main 1002303
main 967481
main 974017
main 984180
main 957988
main 950442
main 947499
main 1018667
main 959665
main 958571
main 955373
main 982756
main 960224
main 1106021
main 962483
main 971846
main 963875
main 1021843
main 1077916
main 1264567
main 1438522
main 960247
main 1001569
main 1091708
main 1052568
main 968389
main 959652
main 965992
main 960028
main 1174958
main 991114
main 1083217
main 1022445
main 985353
main 964270
main 983246
main 979673
main 1016437
main 993307
main 965478
main 1057347
main 1096938
main 1031931
main 987220
main 961319
main 939867
main 1054065
main 1083240
main 1002117
main 1157000
main 1103264
main 980323
main 972801
main 1009511
main 982556
main 940558
main 965304
main 998547
main 1054891
main 970019
main 969412
main 961589
main 956686
main 953957
main 970024
main 963257
main 988626
main 1064301
main 962781
main 954072
main 961492
main 948073
main 955626
main 967522
main 942014
main 991032
main 938256
main 955268
main 976868
main 998791
main 957574
main 991800
main 974627
main 970082
main 953787
main 1004370
main 994924
main 966842
main 1107547
main 1236826
main 963525
main 1137757
main 961834
main 1053107
main 954829
main 985983
main 986131
main 995401
main 1083062
main 969090
main 1005589
main 1050394
main 982140
main 956911
main 940413
main 966432
main 990873
main 972143
main 991160
main 965506
main 968213
main 941285
main 990354
main 963236
main 1003433
main 973580
main 1081305
main 978083
main 1061046
main 1017907
main 962247
main 1097551
main 1012874
main 1000607
main 1085105
main 1064238
main 1096168
main 954813
main 970188
main 949134
main 953369
main 950944
main 957646
main 1038356
main 954734
main 966600
main 995624
main 991752
main 1026312
main 1061987
main 1059910
main 938852
main 1191078
main 1072607
main 954728
main 946356
main 1002065
main 953258
main 964306
main 1018037
main 988327
main 954848
main 953939
main 1076888
main 974425
main 956247
main 1077735
main 965733
main 994052
main 1089191
main 1040882
main 1007048
main 1039200
main 961085
main 943265
main 1079408
main 964522
main 960835
main 974825
main 969344
main 999883
main 955482
main 959846
main 963029
main 955250
main 1003218
main 957321
main 1098576
main 1057155
main 1080356
main 1196697
main 981829
main 975593
main 1081720
main 953298
main 998318
main 979732
main 966474
main 990413
main 1064489
main 959196
main 980627
main 956542
main 966968
main 978309
main 975219
main 956351
main 973703
main 1000987
main 1074922
main 1004536
main 953869
main 973508
main 968903
main 941254
main 1001695
main 959574
main 954486
main 969608
main 949285
main 984590
main 942560
main 1051773
main 973717
main 976797
main 1006003
main 986122
main 970813
main 970725
main 965266
main 1032520
main 1030309
main 1031155
main 984880
main 969754
main 1039778
main 1025233
main 988314
main 980072
main 966537
main 963722
main 958496
main 982263
main 1061919
main 970655
main 984618
main 973173
main 963798
main 1015090
main 980616
main 978261
main 1004091
main 1049971
main 948762
main 994474
main 1001224
main 1074067
main 1082712
main 978009
main 941658
main 982784
main 960333
main 981500
main 967498
main 946956
main 968809
main 995925
main 1089132
main 952818
main 1010816
main 1211206
main 975277
main 983095
main 957833
main 964344
main 955796
main 959803
main 1031030
main 965764
main 1199067
main 994343
main 1004048
main 978423
main 1057239
main 998996
main 1070888
main 986894
main 1129017
main 971423
main 969176
main 947590
main 1076494
main 1000375
main 999064
main 984619
main 994511
main 957712
main 991474
main 1054806
main 986608
main 971310
main 1014864
main 1015802
main 1052844
main 967554
main 1075804
main 963576
main 1016831
main 962156
main 970474
main 959439
main 987557
main 973018
main 962928
main 949483
main 986971
main 965379
main 940366
main 1087833
main 955898
main 947617
main 969625
main 976600
main 969588
main 955271
main 940962
main 965670
main 964600
main 983515
main 957028
main 1061115
main 967634
main 995923
main 1005221
main 951772
main 1045913
main 1058302
main 957777
main 963416
main 976071
main 992705
main 974449
main 1094304
main 989713
main 957373
main 963773
main 1020328
main 968974
main 988068
main 938916
main 1062914
main 999792
main 967903
main 972656
main 1070561
main 1127226
main 1072108
main 1085566
main 962676
main 966108
main 1065575
main 976944
main 1058383
main 1001732
main 1053754
main 959002
main 941091
main 964361
main 1048212
main 996940
main 985182
main 994117
main 967464
main 958684
main 962391
main 951052
main 942945
main 953075
main 992942
main 983699
main 967554
main 973419
main 963550
main 987679
main 960090
main 962390
main 964630
main 968504
main 958164
main 963622
main 955084
main 975711
main 942674
main 1009183
main 1037846
main 979310
main 964497
main 963562
main 996609
main 1037323
main 967195
main 945853
main 990246
main 955417
main 941830
main 987824
main 977280
main 1027141
main 1074761
main 973638
main 965794
main 1170626
main 1273346
main 964482
main 1004004
main 960157
main 955680
main 943854
main 954231
main 1012780
main 973016
main 1108872
main 1058376
main 989822
main 1038246
main 966923
main 983502
main 970602
main 1092959
main 980362
main 939458
main 958224
main 1054634
main 1131702
main 1000247
main 1016048
main 980935
main 962570
main 955743
main 959852
main 955070
main 990827
main 997165
main 979119
main 1195764
main 1003580
main 962493
main 978801
main 959697
main 956091
main 966185
main 941176
main 1019458
main 986949
main 974268
main 984247
main 1048004
main 963969
main 941089
main 970725
main 953856
main 984060
main 1075796
main 963555
main 980129
main 1042091
main 964113
main 1065194
main 954161
main 956949
main 946313
main 948580
main 970526
main 956252
main 973572
main 985507
main 975814
main 959753
main 945798
main 965809
main 966488
main 959870
main 959217
main 938783
main 963365
main 956905
main 951183
main 963183
main 948403
main 941477
main 961638
main 983540
main 955755
main 985871
main 969229
main 987910
main 1009425
main 973389
main 952417
main 954108
main 954916
main 973054
main 962044
main 959040
main 957394
main 942260
main 971801
main 969312
main 957755
main 1069133
main 960676
main 989894
main 1071697
main 979131
main 985001
main 967553
main 1088273
main 1070186
main 953551
main 1074675
main 959981
main 950670
main 961456
main 947760
main 956077
main 969719
main 969817
main 1077907
main 1228200
main 1020924
main 1088491
main 1087137
main 963967
main 996111
main 994899
main 953105
main 953297
main 988266
main 955407
main 952214
main 954347
main 968126
main 1075029
main 963777
main 976251
main 1081182
main 958370
main 964226
main 941008
main 1049125
main 1068496
main 938002
main 956262
main 966168
main 988270
main 969159
main 953208
main 1083853
main 1049315
main 989505
main 963196
main 1000458
main 980297
main 965022
main 979152
main 958261
main 1188475
main 1128356
main 964475
main 950038
main 998394
main 966302
main 1093216
main 1029420
main 1037758
main 1305977
main 1211946
main 1054050
main 969058
main 973182
main 951916
main 962831
main 953473
main 990278
main 957080
main 973746
main 962738
main 941248
main 953261
main 958167
main 963018
main 953222
main 961604
main 954702
main 938774
main 946006
main 1078790
main 939038
main 1044405
main 961523
main 950560
main 940300
main 995985
main 969414
main 981860
main 991886
main 1081690
main 1058543
main 1008089
main 1095202
main 970652
main 951288
main 971902
main 960658
main 989634
main 965236
main 995463
main 1021108
main 976064
main 950273
main 1027658
main 992560
main 1006849
main 976771
main 962497
main 1258258
main 963211
main 1051660
main 962267
main 964693
main 966849
main 958290
main 950659
main 971536
main 978863
main 971928
main 1002654
main 986826
main 1049662
main 965853
main 1086374
main 1055851
main 954319
main 981361
main 970958
main 979396
main 970976
main 961531
main 1027031
main 1001314
main 966509
main 956079
main 974985
main 944294
main 988759
main 969203
main 955341
main 973437
main 1040404
main 962411
main 1028242
main 1056380
main 952090
main 951816
main 962872
main 969224
main 1071608
main 977625
main 970721
main 942699
main 953474
main 940173
main 961860
main 957515
main 958172
main 1043010
main 960123
main 974674
main 943064
main 958659
main 1051955
main 953867
main 968171
main 960786
main 958946
main 968244
main 946556
main 967272
main 971146
main 956142
main 944942
main 952588
main 988654
main 954728
main 990823
main 958716
main 967805
main 967023
main 960453
main 1181401
main 974622
main 956988
main 941123
main 973457
main 1078016
main 966983
main 976733
main 969830
main 961005
main 1022956
main 951818
main 1045264
main 1052612
main 1068344
main 957046
main 938034
main 1066836
main 950212
main 952500
main 1071516
main 981770
main 970251
main 963081
main 1059533
main 1106699
main 967316
main 958886
main 943934
main 968922
main 956544
main 947975
main 978045
main 1084871
main 954618
main 972394
main 997831
main 1004409
main 977333
main 963442
main 970244
main 1123013
main 1071389
main 961191
main 980673
main 982614
main 953830
main 968525
main 957698
main 960768
main 940778
main 998875
main 944968
main 946982
main 979384
main 1014304
main 966382
main 1071745
main 944285
main 957285
main 970401
main 1003520
main 972910
main 1104283
main 959419
main 969601
main 1002220
main 979486
main 981016
main 1000241
main 974050
main 948756
main 956254
main 940530
main 1049244
main 1086127
main 1032660
main 943316
main 947851
main 984156
main 950803
main 962161
main 993078
main 983229
main 963861
main 975606
main 1037738
main 969226
main 995624
main 964893
main 956059
main 964707
main 986621
main 1026201
main 994667
main 972870
main 953491
main 953952
main 953971
main 1054597
main 942621
main 971252
main 946854
main 988474
main 1100413
main 999965
main 976740
main 963976
main 1036489
main 957642
main 1084083
main 990238
main 987237
main 957730
main 994820
main 962233
main 955927
main 1026415
main 958061
main 1011764
main 979299
main 1136841
main 997889
main 938861
main 951650
main 1077528
main 966914
main 1053453
main 967817
main 958497
main 957710
main 957694
main 942888
main 979444
main 969831
main 940433
main 1137330
main 938604
main 948236
main 958586
main 960504
main 953611
main 960481
main 947912
main 955022
main 1010250
main 982328
main 994364
main 961783
main 960499
main 1094291
main 960399
main 955320
main 947227
main 939724
main 958788
main 954729
main 953912
main 1049218
main 962558
main 939379
main 944425
main 1006335
main 939232
main 995661
main 986865
main 959931
main 940032
main 1082192
main 941538
main 962580
main 1036751
main 974903
main 978956
main 1044650
main 956512
main 995662
main 1071393
main 949097
main 1091926
main 1112109
main 989695
main 988377
main 1002802
main 1093049
main 982455
main 961364
main 1056988
main 983421
main 975879
main 967592
main 982256
main 1057031
main 977230
main 962377
main 954477
main 989035
main 973414
main 940894
main 1065167
main 981322
main 949657
main 970987
main 951335
main 962298
main 978003
main 979714
main 954045
main 1015356
