main 419655
main 339886
main 316631
main 396313
main 340313
main 411000
main 324607
main 326189
main 342259
main 453579
main 326921
main 499578
main 370426
main 383785
main 351748
main 339476
main 347204
main 339380
main 385723
main 353380
main 414293
main 341471
main 317228
main 426260
main 346764
main 391923
main 343146
main 320545
main 321297
main 402370
main 381176
main 797856
main 361515
main 353262
main 328326
main 365661
main 458432
main 368249
main 325552
main 378915
main 440341
main 414426
main 403773
main 355728
main 299784
main 389593
main 348530
main 324948
main 362580
main 320216
main 407948
main 398909
main 327741
main 388535
main 368857
main 432120
main 412382
main 467766
main 358790
main 313214
main 350582
main 336211
main 357262
main 370415
main 416623
main 340816
main 427153
main 375004
main 340985
main 416814
main 398025
main 399429
main 461417
main 322019
main 401432
main 435503
main 333594
main 477603
main 334274
main 336230
main 365697
main 316014
main 421952
main 338479
main 624858
main 437745
main 341321
main 353025
main 397243
main 339660
main 321886
main 349481
main 338090
main 345881
main 325457
main 367770
main 340604
main 338432
main 449979
main 344635
main 395964
main 354296
main 361108
main 370683
main 334692
main 350494
main 366404
main 364481
main 374987
main 381289
main 491107
main 342856
main 343209
main 439875
main 355513
main 330422
main 365107
main 359403
main 372508
main 319541
main 337504
main 417138
main 437564
main 328346
main 340193
main 336383
main 330999
main 345720
main 398662
main 342854
main 319485
main 341604
main 371808
main 314705
main 367429
main 352742
main 388815
main 368844
main 358939
main 358224
main 385027
main 387619
main 340944
main 351297
main 361327
main 362084
main 378956
main 356510
main 342845
main 395617
main 373203
main 351268
main 317422
main 381275
main 379195
main 374392
main 352632
main 330860
main 375332
main 405201
main 497012
main 345850
main 368452
main 500255
main 358757
main 377160
main 379062
main 446502
main 427068
main 352618
main 341961
main 302576
main 345562
main 329818
main 354439
main 360882
main 319412
main 326957
main 361618
main 355064
main 375133
main 381842
main 380498
main 360660
main 376993
main 370058
main 341762
main 348982
main 361895
main 343644
main 347571
main 388336
main 298476
main 335137
main 565631
main 328970
main 414268
main 353203
main 370771
main 383290
main 315837
main 331917
main 417389
main 330083
main 332751
main 346159
main 310200
main 329179
main 344251
main 541919
main 367555
main 370417
main 401679
main 354341
main 318181
main 357475
main 352875
main 330671
main 366507
main 319136
main 338322
main 369491
main 376050
main 339265
main 362648
main 395321
main 340314
main 363085
main 356183
main 312354
main 324787
main 375935
main 342773
main 352313
main 333269
main 384769
main 384274
main 352324
main 382741
main 325888
main 337787
main 356646
main 378505
main 388694
main 340010
main 353708
main 350981
main 337475
main 476326
main 379017
main 333624
main 319027
main 346775
main 382815
main 352828
main 347174
main 334069
main 499914
main 327771
main 378580
main 425083
main 518837
main 423873
main 332040
main 364329
main 390188
main 509626
main 517582
main 508944
main 427678
main 416232
main 510894
main 346636
main 556310
main 368055
main 423286
main 380854
main 367769
main 381203
main 473015
main 390508
main 390664
main 593758
main 368494
main 520242
main 315438
main 357838
main 372850
main 439393
main 439753
main 373180
main 378404
main 314716
main 341352
main 351462
main 470810
main 376886
main 333756
main 332357
main 378203
main 365416
main 336082
main 362319
main 378851
main 340339
main 339119
main 315474
main 381674
main 303446
main 374815
main 351841
main 361387
main 386303
main 378359
main 356704
main 339963
main 336976
main 360931
main 343407
main 491467
main 451645
main 468618
main 543690
main 358198
main 319629
main 357553
main 474567
main 358006
main 400223
main 344658
main 418992
main 415255
main 401244
main 414249
main 393276
main 405991
main 364016
main 517897
main 441186
main 328946
main 364223
main 414454
main 415631
main 372241
main 330143
main 352349
main 370811
main 377461
main 375036
main 685819
main 357260
main 356842
main 344382
main 391176
main 343120
main 354432
main 363060
main 471293
main 399991
main 430885
main 350544
main 543559
main 323156
main 359261
main 437794
main 360838
main 416050
main 339318
main 342502
main 350027
main 431110
main 345553
main 331470
main 451164
main 462000
main 343001
main 524234
main 376037
main 345450
main 334211
main 525598
main 462152
main 378199
main 527118
main 351540
main 375517
main 298228
main 352333
main 339834
main 305829
main 544161
main 364700
main 322185
main 371778
main 322301
main 306464
main 404698
main 406305
main 464506
main 453824
main 554561
main 471770
main 305822
main 430804
main 438763
main 382299
main 369802
main 346977
main 394587
main 392948
main 343886
main 439820
main 464816
main 386078
main 338355
main 383839
main 363270
main 353147
main 373544
main 343320
main 349776
main 465235
main 444334
main 351043
main 363473
main 322947
main 464787
main 407249
main 339440
main 337089
main 411191
main 422991
main 538847
main 343560
main 366251
main 384998
main 400255
main 320854
main 425039
main 310852
main 295769
main 364443
main 433349
main 376096
main 319708
main 335676
main 351073
main 318548
main 333323
main 381496
main 389648
main 356907
main 476872
main 391084
main 342451
main 343597
main 531201
main 389889
main 422821
main 370878
main 398747
main 379970
main 384093
main 359691
main 349224
main 455373
main 342593
main 348825
main 396606
main 356231
main 363148
main 335145
main 332680
main 558210
main 315599
main 348598
main 340660
main 305120
main 372210
main 339675
main 1117209
main 365392
main 384352
main 347198
main 372881
main 501781
main 336003
main 375627
main 385317
main 343195
main 421548
main 330281
main 404714
main 349358
main 315188
main 334631
main 351431
main 384171
main 342104
main 326853
main 339963
main 314973
main 318776
main 378505
main 360069
main 372356
main 352265
main 361104
main 321642
main 346662
main 370756
main 351283
main 406895
main 360863
main 407655
main 323077
main 347297
main 371603
main 359450
main 384114
main 571869
main 369900
main 472775
main 346374
main 364921
main 353759
main 454990
main 350127
main 357391
main 355583
main 357949
main 387009
main 384665
main 409452
main 347276
main 459940
main 336508
main 358536
main 335710
main 327154
main 346171
main 338869
main 351781
main 364629
main 339905
main 394422
main 337113
main 338877
main 340930
main 364529
main 366308
main 349040
main 364332
main 398191
main 384629
main 348523
main 346618
main 353883
main 332444
main 315644
main 340490
main 393799
main 363627
main 330329
main 319015
main 319837
main 361680
main 315903
main 374633
main 429857
main 361485
main 362735
main 358590
main 357458
main 392614
main 377568
main 346156
main 349294
main 329529
main 391426
main 317787
main 363126
main 427959
main 338885
main 311439
main 345228
main 397579
main 383769
main 413128
main 320475
main 404292
main 429495
main 397163
main 407234
main 389184
main 319633
main 391858
main 375806
main 396639
main 335875
main 332111
main 316292
main 370497
main 399988
main 344286
main 349325
main 403937
main 353709
main 342116
main 385842
main 391144
main 400539
main 363799
main 361958
main 348848
main 329098
main 493117
main 446717
main 347583
main 363741
main 437124
main 394457
main 355552
main 370299
main 335369
main 424997
main 463659
main 308498
main 329844
main 349106
main 403750
main 371156
main 472232
main 323760
main 337160
main 433376
main 366024
main 448833
main 416343
main 405624
main 345867
main 376584
main 335554
main 331551
main 337807
main 385183
main 380136
main 323470
main 338868
main 311974
main 335565
main 394685
main 389366
main 387049
main 421478
main 446085
main 473431
main 357951
main 405994
main 376586
main 386675
main 367526
main 380875
main 331674
main 374890
main 366850
main 361628
main 374649
main 343341
main 329941
main 391428
main 331456
main 332146
main 344057
main 409703
main 390683
main 448114
main 357596
main 339628
main 371497
main 324078
main 346536
main 364436
main 363167
main 442161
main 355761
main 337702
main 356351
main 441673
main 342237
main 406682
main 402839
main 376919
main 353369
main 349945
main 384188
main 717711
main 368012
main 340973
main 396815
main 398037
main 400643
main 332549
main 335711
main 330770
main 357003
main 379621
main 316343
main 368446
main 359297
main 368316
main 379938
main 358318
main 470617
main 362865
main 384203
main 440434
main 382332
main 355617
main 347950
main 399545
main 356663
main 345702
main 416236
main 362447
main 377970
main 350832
main 345013
main 373381
main 333912
main 327768
main 357308
main 469712
main 329247
main 387710
main 347225
main 330429
main 342891
main 360520
main 380972
main 353205
main 376742
main 316869
main 334845
main 380660
main 441228
main 359482
main 358406
main 353962
main 359970
main 397173
main 382807
main 350833
main 366754
main 377321
main 375054
main 348829
main 416334
main 356437
main 332168
main 359629
main 382334
main 322400
main 339529
main 369349
main 324267
main 331843
main 360695
main 338649
main 336428
main 379395
main 346713
main 346315
main 357053
main 361330
main 412491
main 473702
main 358320
main 548796
main 374808
main 360861
main 363183
main 359603
main 341533
main 346994
main 318650
main 358337
main 347277
main 353813
main 325012
main 463944
main 412548
main 356505
main 380436
main 366989
main 319481
main 345559
main 342835
main 359652
main 322480
main 352996
main 399938
main 353265
main 367518
main 367613
main 312538
main 374847
main 441610
main 364954
main 405722
main 346239
main 411333
main 346370
main 388318
main 360771
main 375356
main 343480
main 367069
main 326746
main 400459
main 395220
main 409485
main 371952
main 376143
main 377309
main 394847
main 442758
main 394227
main 320482
main 405573
main 368746
main 381179
main 372751
main 337078
main 343947
main 427259
main 384677
main 336228
main 362894
main 350862
main 336196
main 412194
main 358309
main 298776
main 321693
main 314350
main 383347
main 388414
main 372703
main 366982
main 375972
main 403322
main 318779
main 351833
main 379344
main 365717
main 368228
main 320644
main 371679
main 427941
main 389447
main 327869
main 339732
main 425097
main 349207
main 351014
main 378913
main 355078
main 366289
main 379422
main 356472
main 392881
main 389517
main 378709
main 349271
main 314321
main 344228
main 323518
main 309797
main 372003
main 317547
main 400771
main 369069
main 394476
main 417630
main 345897
main 356250
main 404790
main 612799
main 360259
main 394567
main 378616
main 464595
main 375564
main 371308
main 334363
main 313269
main 361095
main 393176
main 349160
main 373678
main 345924
main 347420
main 373681
main 408769
main 375500
main 335736
main 442559
main 353661
main 406732
main 355242
main 375049
main 324636
main 353224
main 341059
main 382113
main 414574
main 385901
main 356409
main 363542
main 402431
main 338128
main 406388
main 439519
main 416965
main 354244
main 425612
main 374199
main 470335
main 401045
main 369854
main 339197
main 344884
main 450521
main 388368
main 464559
main 379800
main 360708
main 394809
main 332929
main 393251
main 402010
main 398056
main 385321
main 430460
main 461953
main 471030
main 400889
main 515936
main 342978
main 364417
main 387580
main 362213
main 348959
main 411401
main 408515
main 330650
main 417761
main 623635
main 367666
main 336297
main 372439
main 360577
main 416062
main 394170
main 314467
main 346568
main 375875
main 398918
main 344980
main 350337
main 338181
main 363085
main 317546
main 392256
main 347809
main 394608
main 493592
main 726773
main 428203
main 374983
main 337877
main 342527
main 352004
main 336085
main 373735
main 343137
main 374508
main 296590
main 345316
main 313761
main 319818
main 331390
main 347215
main 365186
main 337933
main 369224
main 353057
main 337508
main 346312
