main 289248
main 216525
main 225762
main 217546
main 229275
main 218640
main 238042
main 221194
main 228074
main 219019
main 221067
main 216726
main 221261
main 221903
main 219609
main 219535
main 218169
main 224912
main 215821
main 219253
main 218346
main 217499
main 237048
main 216925
main 218080
main 218285
main 224721
main 222463
main 224875
main 219117
main 218590
main 223080
main 217474
main 220631
main 217068
main 216397
main 219720
main 217953
main 218499
main 220541
main 217297
main 237115
main 219320
main 216772
main 219363
main 218931
main 217962
main 216500
main 239812
main 223253
main 215714
main 216449
main 225326
main 218282
main 212694
main 227450
main 221605
main 221285
main 232117
main 217552
main 212713
main 214752
main 215243
main 214628
main 213238
main 218084
main 213123
main 214657
main 213770
main 235572
main 217967
main 213105
main 216107
main 213274
main 213731
main 213842
main 213845
main 215212
main 214856
main 218840
main 215307
main 240072
main 213962
main 224592
main 215830
main 215561
main 216586
main 224619
main 213439
main 231949
main 215682
main 217317
main 218087
main 214082
main 216176
main 212757
main 213189
main 215158
main 216412
main 217168
main 221511
main 217962
main 218079
main 219730
main 216749
main 217482
main 216620
main 219574
main 217300
main 216711
main 217817
main 220710
main 219723
main 214269
main 218894
main 218394
main 218747
main 217363
main 211971
main 213100
main 213768
main 212965
main 215662
main 214828
main 251677
main 214153
main 216051
main 215036
main 214882
main 214932
main 215349
main 216437
main 213970
main 213297
main 213203
main 216686
main 213685
main 215047
main 220461
main 213067
main 236223
main 215911
main 215370
main 216572
main 214535
main 212790
main 213145
main 213241
main 215529
main 213925
main 218412
main 213954
main 213272
main 212289
main 213831
main 213440
main 214115
main 215420
main 219536
main 214342
main 216361
main 213940
main 214342
main 214194
main 213920
main 294571
main 234590
main 213469
main 214525
main 216909
main 213574
main 213686
main 225715
main 236145
main 219485
main 213344
main 215914
main 212832
main 212766
main 214008
main 214904
main 214018
main 213589
main 215303
main 214390
main 212720
main 212421
main 215455
main 214140
main 213713
main 214956
main 213666
main 217338
main 216841
main 218376
main 215497
main 216548
main 217776
main 215713
main 218107
main 216905
main 217841
main 217785
main 215384
main 219063
main 216877
main 216244
main 213477
main 213425
main 215141
main 214252
main 214728
main 213198
main 213605
main 214819
main 212778
main 213200
main 213594
main 211667
main 213615
main 213988
main 212843
main 213757
main 214212
main 213416
main 215505
main 213058
main 214019
main 213122
main 213568
main 215213
main 213629
main 213525
main 213968
main 226190
main 225343
main 215104
main 213105
main 212834
main 216430
main 217157
main 218006
main 223027
main 217465
main 215979
main 216600
main 215528
main 216947
main 216247
main 219209
main 217679
main 231537
main 215285
main 225740
main 228764
main 214392
main 218347
main 216234
main 213526
main 215958
main 213758
main 214341
main 214205
main 215307
main 212578
main 214630
main 213269
main 213715
main 213681
main 216753
main 214119
main 216966
main 215554
main 217916
main 217508
main 256987
main 213232
main 213789
main 214578
main 215113
main 215465
main 215411
main 212535
main 213916
main 212971
main 214019
main 212660
main 212975
main 213281
main 213750
main 217637
main 212994
main 212466
main 216297
main 212716
main 212628
main 214007
main 213992
main 212187
main 214993
main 214262
main 212829
main 221723
main 214667
main 212902
main 215264
main 212969
main 213250
main 212887
main 213034
main 213646
main 213299
main 212288
main 212627
main 214291
main 214396
main 215905
main 233607
main 216238
main 214797
main 213675
main 213765
main 213798
main 272672
main 214070
main 214805
main 427291
main 216210
main 236831
main 292296
main 216157
main 212972
main 213037
main 213859
main 215673
main 213983
main 214474
main 217599
main 217775
main 217605
main 216970
main 220432
main 215797
main 216651
main 221473
main 223626
main 216413
main 229235
main 234092
main 213404
main 213706
main 213870
main 214646
main 235118
main 214186
main 213575
main 213122
main 212206
main 213253
main 212086
main 216113
main 214230
main 278306
main 214797
main 215509
main 212737
main 212510
main 214880
main 212554
main 212946
main 213291
main 214120
main 213485
main 214051
main 214883
main 224287
main 213717
main 213695
main 212889
main 218051
main 213487
main 213144
main 213735
main 214396
main 216672
main 214493
main 213389
main 214501
main 223315
main 229881
main 213739
main 216679
main 213982
main 217468
main 213313
main 213441
main 214714
main 214035
main 214008
main 215161
main 214678
main 213593
main 213901
main 217933
main 215642
main 215443
main 214030
main 212734
main 214816
main 215427
main 216636
main 212570
main 213305
main 215655
main 213488
main 213551
main 212984
main 220295
main 214168
main 213283
main 213331
main 212765
main 212911
main 216374
main 215375
main 216194
main 217630
main 216222
main 219141
main 215283
main 216526
main 216357
main 215446
main 215735
main 217173
main 215055
main 215517
main 216866
main 215850
main 218417
main 216347
main 218166
main 216591
main 217052
main 216930
main 215761
main 216774
main 254595
main 223801
main 213006
main 213023
main 213686
main 213573
main 214199
main 214723
main 213796
main 212003
main 212553
main 213768
main 218146
main 215931
main 213314
main 213568
main 216613
main 217393
main 215140
main 214868
main 215940
main 214774
main 219070
main 215809
main 216815
main 215620
main 218149
main 217460
main 216808
main 219478
main 214088
main 216617
main 216773
main 219364
main 216796
main 217608
main 215970
main 216390
main 217211
main 219719
main 217119
main 216370
main 220826
main 216126
main 265616
main 213163
main 214673
main 213662
main 213052
main 214369
main 214124
main 214952
main 212784
main 232055
main 213215
main 213900
main 214908
main 213312
main 212037
main 214377
main 212789
main 213199
main 213925
main 220262
main 216570
main 214011
main 222381
main 213312
main 213405
main 213307
main 214978
main 214200
main 218696
main 213220
main 213618
main 212577
main 214387
main 214580
main 216125
main 211751
main 212383
main 216160
main 214374
main 212928
main 213560
main 214924
main 213030
main 238010
main 214310
main 218919
main 213443
main 237212
main 215348
main 217092
main 230899
main 237637
main 213720
main 214013
main 212308
main 214911
main 213430
main 213310
main 212974
main 215828
main 280438
main 214146
main 213452
main 214238
main 214524
main 212927
main 211966
main 236944
main 214020
main 212935
main 215978
main 217495
main 220558
main 212603
main 219981
main 212628
main 219881
main 218193
main 213917
main 218036
main 213810
main 214036
main 213857
main 215702
main 218833
main 213676
main 213151
main 214169
main 216260
main 216203
main 216303
main 217126
main 217223
main 220649
main 217947
main 249350
main 212819
main 364551
main 214257
main 213875
main 216471
main 217484
main 214826
main 214458
main 217458
main 214899
main 212795
main 215736
main 215395
main 232029
main 214443
main 217847
main 214117
main 214596
main 219198
main 215991
main 242369
main 213858
main 215158
main 215117
main 223107
main 221422
main 213315
main 231469
main 213658
main 213252
main 230803
main 224394
main 213847
main 214042
main 217436
main 213972
main 213205
main 214153
main 220816
main 218191
main 213388
main 216143
main 212337
main 212808
main 213711
main 216467
main 217327
main 214520
main 215600
main 220510
main 231217
main 213616
main 214035
main 214304
main 213026
main 213880
main 213639
main 213563
main 212884
main 217142
main 216833
main 213781
main 215752
main 215837
main 218893
main 217250
main 213025
main 223527
main 218243
main 213866
main 216528
main 212736
main 215695
main 217757
main 215427
main 238528
main 212903
main 216940
main 225693
main 217164
main 215792
main 216941
main 220415
main 212792
main 223901
main 214364
main 216124
main 217328
main 213210
main 214512
main 217036
main 213956
main 216923
main 214611
main 233935
main 216913
main 217482
main 218464
main 216733
main 217107
main 213402
main 214464
main 213869
main 213873
main 233500
main 215553
main 214190
main 212998
main 213257
main 216402
main 217890
main 217522
main 218974
main 219994
main 219584
main 216394
main 217648
main 223515
main 215754
main 215986
main 217808
main 216659
main 216410
main 221083
main 218555
main 216965
main 224994
main 217544
main 215496
main 218516
main 219800
main 216131
main 217440
main 216991
main 215783
main 219397
main 254287
main 332084
main 213186
main 213235
main 218025
main 254595
main 216775
main 215869
main 215927
main 217095
main 215819
main 212942
main 212862
main 213430
main 218748
main 214100
main 217117
main 215111
main 214566
main 214719
main 214695
main 216664
main 218035
main 217902
main 213344
main 216450
main 216914
main 216788
main 216956
main 212888
main 213793
main 214967
main 215493
main 214054
main 213521
main 213039
main 215982
main 214668
main 212973
main 213346
main 213588
main 218604
main 212297
main 214652
main 213152
main 214683
main 214863
main 215215
main 213555
main 216268
main 213416
main 212443
main 212627
main 213174
main 213380
main 212892
main 213263
main 212519
main 213688
main 214056
main 216845
main 213606
main 213841
main 213210
main 213655
main 213300
main 212573
main 212833
main 217807
main 214166
main 214829
main 214186
main 214693
main 216547
main 212891
main 215129
main 213883
main 214222
main 216285
main 214006
main 213917
main 213836
main 213186
main 213826
main 218830
main 213279
main 212498
main 212972
main 212619
main 221161
main 214338
main 216386
main 218018
main 215685
main 216952
main 216469
main 216222
main 217601
main 217981
main 215249
main 212873
main 216332
main 218652
main 213218
main 252979
main 213269
main 214470
main 215621
main 215580
main 214457
main 217886
main 214043
main 216359
main 215160
main 219311
main 213306
main 214497
main 213200
main 217864
main 213134
main 212709
main 213989
main 212426
main 213034
main 212587
main 212851
main 221563
main 213254
main 215052
main 213491
main 216626
main 213886
main 213742
main 215629
main 213074
main 212830
main 211963
main 213348
main 217501
main 213889
main 214126
main 217309
main 215934
main 216500
main 213383
main 212703
main 215658
main 214287
main 215492
main 216225
main 214237
main 215163
main 213282
main 225549
main 213964
main 213666
main 212578
main 214073
main 217605
main 219639
main 216073
main 214126
main 215107
main 213588
main 212950
main 214221
main 219884
main 212929
main 214504
main 213896
main 213579
main 214244
main 219490
main 213227
main 212719
main 218639
main 214223
main 215167
main 213535
main 222771
main 213453
main 213951
main 214086
main 212348
main 213031
main 212574
main 213272
main 214324
main 212956
main 212546
main 214136
main 212946
main 215203
main 213114
main 212648
main 216477
main 215822
main 213306
main 213920
main 214207
main 214647
main 213655
main 215571
main 216842
main 217165
main 215237
main 215465
main 214671
main 213760
main 216719
main 216845
main 217217
main 224618
main 213319
main 216648
main 217126
main 218929
main 217129
main 218501
main 216446
main 242862
main 219190
main 214274
main 214542
main 215938
main 212836
main 213346
main 216420
main 215290
main 215569
main 218834
main 218521
main 214930
main 213319
main 212625
main 216505
main 217766
main 217180
main 215174
main 215863
main 215919
main 216753
main 220249
main 217954
main 216747
main 219519
main 213992
main 217709
main 217920
main 213921
main 217278
main 217679
main 217168
main 218975
main 216255
main 216036
main 229367
main 215881
main 217128
main 215508
main 216031
main 216855
main 217089
main 217516
main 216156
main 215760
main 218051
main 218172
main 213207
main 214283
main 212911
main 214410
main 212689
main 214132
main 216370
main 217206
main 221210
