main 142441
main 465303
main 131420
main 132206
main 131204
main 130879
main 132809
main 130879
main 131381
main 131290
main 136648
main 131285
main 132897
main 217460
main 462794
main 138246
main 133205
main 132096
main 131214
main 133034
main 132620
main 460599
main 538235
main 133341
main 134457
main 460951
main 131869
main 132981
main 130625
main 131731
main 131096
main 131910
main 131276
main 131427
main 132166
main 131826
main 134199
main 132939
main 137729
main 131573
main 130898
main 138391
main 131813
main 132727
main 130865
main 130866
main 133621
main 132446
main 131797
main 132615
main 132052
main 132060
main 132257
main 462502
main 144428
main 133372
main 137865
main 132575
main 460945
main 133253
main 131204
main 132294
main 132300
main 133168
main 144166
main 338604
main 133065
main 131849
main 132983
main 133163
main 131996
main 131721
main 132432
main 462693
main 132958
main 132182
main 142314
main 132524
main 132910
main 132524
main 132062
main 132678
main 132963
main 130512
main 131549
main 132586
main 116798
main 132086
main 131071
main 132481
main 131723
main 132171
main 461361
main 131285
main 132356
main 169692
main 131431
main 117358
main 131262
main 463044
main 133352
main 132312
main 131581
main 132835
main 133740
main 132280
main 131775
main 463450
main 148357
main 133181
main 134984
main 133433
main 133024
main 131127
main 131258
main 131709
main 130822
main 132192
main 130676
main 131298
main 131629
main 136250
main 130351
main 131970
main 142016
main 115851
main 136529
main 132279
main 130723
main 132146
main 132518
main 132658
main 131792
main 263330
main 138068
main 131793
main 132444
main 132356
main 132041
main 131837
main 133153
main 132194
main 132193
main 132624
main 131234
main 131490
main 132188
main 132603
main 132642
main 132679
main 129951
main 132935
main 131794
main 130708
main 131375
main 131795
main 133057
main 132827
main 131918
main 131397
main 132040
main 131057
main 131360
main 132012
main 131455
main 130646
main 132173
main 131988
main 146234
main 132926
main 463061
main 131964
main 132110
main 420706
main 132591
main 132077
main 132291
main 131808
main 133241
main 132638
main 460158
main 131898
main 132225
main 131559
main 131232
main 133459
main 131131
main 134215
main 131362
main 131946
main 131515
main 133263
main 130831
main 132819
main 132602
main 131339
main 133474
main 132710
main 134174
main 131935
main 131609
main 129975
main 133637
main 132713
main 132636
main 462090
main 150978
main 132691
main 133435
main 134229
main 133146
main 133258
main 143948
main 132060
main 132074
main 132004
main 461374
main 131664
main 138366
main 131745
main 460705
main 141448
main 132486
main 131940
main 133591
main 132013
main 130698
main 132323
main 131207
main 132806
main 130689
main 131587
main 131670
main 133247
main 130983
main 132434
main 131893
main 132047
main 131665
main 132052
main 133489
main 132694
main 132231
main 132696
main 506883
main 462474
main 132856
main 132465
main 133001
main 131910
main 133150
main 133347
main 132852
main 132567
main 132316
main 131725
main 135066
main 131283
main 132614
main 132177
main 132391
main 132308
main 132646
main 131152
main 131503
main 131304
main 132682
main 132204
main 131451
main 165947
main 132229
main 132470
main 131451
main 132054
main 135238
main 134692
main 131495
main 131539
main 133299
main 131284
main 133032
main 132251
main 133635
main 132068
main 131552
main 130786
main 132076
main 131044
main 131522
main 134147
main 143714
main 132814
main 131882
main 172461
main 132089
main 132077
main 131007
main 131849
main 133001
main 132403
main 131007
main 132471
main 131044
main 132593
main 132249
main 132593
main 132363
main 132116
main 142592
main 131492
main 131246
main 131540
main 133589
main 133243
main 132917
main 131296
main 137590
main 131599
main 462248
main 135967
main 133098
main 155162
main 130205
main 132157
main 131686
main 131877
main 131255
main 135732
main 131831
main 132462
main 461376
main 130832
main 131834
main 131334
main 131964
main 133535
main 131078
main 132724
main 135740
main 133970
main 131355
main 132546
main 134616
main 161112
main 134794
main 132364
main 131912
main 131755
main 464446
main 133044
main 131788
main 131510
main 132705
main 461945
main 132119
main 134576
main 132509
main 131264
main 135393
main 133073
main 133036
main 131824
main 132095
main 132137
main 130014
main 131847
main 134406
main 166908
main 133612
main 132376
main 134827
main 132931
main 131229
main 462221
main 151542
main 133059
main 131264
main 132014
main 131310
main 130651
main 130911
main 133275
main 132164
main 132234
main 131820
main 130903
main 130877
main 461892
main 133559
main 131334
main 130668
main 131671
main 131982
main 133423
main 130854
main 137714
main 461121
main 140189
main 132256
main 132290
main 133135
main 134675
main 132383
main 138880
main 116430
main 131213
main 132844
main 132315
main 132321
main 131422
main 132452
main 133805
main 130752
main 130802
main 131374
main 131287
main 131895
main 130543
main 146353
main 131135
main 131873
main 132577
main 460639
main 132260
main 131149
main 130747
main 132475
main 133515
main 134802
main 144413
main 166466
main 132057
main 131048
main 132489
main 132085
main 133429
main 132396
main 145783
main 132347
main 132982
main 602305
main 386730
main 145046
main 132117
main 138102
main 150162
main 132303
main 132889
main 131543
main 131377
main 131926
main 131132
main 132719
main 138120
main 135988
main 132594
main 130990
main 132505
main 131833
main 131732
main 117433
main 131242
main 132145
main 131372
main 132931
main 131329
main 134085
main 134126
main 131988
main 460552
main 133069
main 132282
main 131575
main 131773
main 130049
main 132312
main 129687
main 180165
main 136349
main 132770
main 139134
main 133046
main 133111
main 130995
main 130702
main 132012
main 131940
main 131380
main 139287
main 130933
main 132417
main 132503
main 131709
main 133618
main 131533
main 132068
main 132379
main 134632
main 142487
main 132648
main 132278
main 141051
main 133238
main 133792
main 134536
main 133155
main 133680
main 133926
main 133785
main 133439
main 132336
main 132105
main 132684
main 132630
main 131594
main 131800
main 132267
main 132078
main 130649
main 130358
main 132135
main 132662
main 132366
main 224035
main 131342
main 131621
main 133632
main 130273
main 131749
main 132602
main 130551
main 133223
main 132145
main 133393
main 462166
main 131928
main 131760
main 137974
main 132597
main 435359
main 132708
main 132579
main 150547
main 133637
main 132679
main 132665
main 132397
main 461837
main 131493
main 131964
main 132765
main 131482
main 462337
main 134897
main 461420
main 131157
main 133469
main 132840
main 132670
main 133411
main 131695
main 132837
main 131637
main 133969
main 132025
main 132507
main 131609
main 131035
main 131240
main 462577
main 146435
main 131643
main 131290
main 131509
main 131522
main 132763
main 129876
main 130832
main 131785
main 132508
main 132055
main 131232
main 131197
main 133433
main 132881
main 130677
main 140190
main 133044
main 134534
main 130972
main 132583
main 132637
main 133845
main 132885
main 132417
main 132312
main 133202
main 131268
main 462458
main 202738
main 134757
main 132704
main 133703
main 132504
main 131307
main 133542
main 134228
main 130638
main 130909
main 130096
main 132375
main 133563
main 132228
main 132268
main 132599
main 130991
main 132224
main 131602
main 130184
main 130312
main 130902
main 133317
main 130933
main 129417
main 130894
main 135208
main 142849
main 133071
main 130661
main 130769
main 462980
main 130813
main 130352
main 135810
main 132005
main 132408
main 139614
main 132876
main 131231
main 133364
main 131742
main 130219
main 131354
main 132581
main 130365
main 130896
main 131735
main 130985
main 132738
main 153274
main 132108
main 146153
main 131478
main 145925
main 132050
main 133662
main 132006
main 460578
main 133936
main 131821
main 131036
main 150113
main 131976
main 134733
main 131268
main 131639
main 460542
main 141756
main 131263
main 131591
main 131598
main 152134
main 130632
main 131864
main 131054
main 132338
main 130939
main 464193
main 131973
main 461236
main 163370
main 470415
main 132416
main 130974
main 132265
main 136686
main 130962
main 129887
main 131122
main 131659
main 131656
main 130699
main 131313
main 131399
main 130934
main 131087
main 460780
main 132256
main 132418
main 131911
main 141546
main 133894
main 133909
main 460406
main 132891
main 133531
main 116889
main 132291
main 132319
main 133021
main 132529
main 172907
main 130979
main 131567
main 143863
main 130908
main 132278
main 132108
main 136573
main 131200
main 143893
main 129228
main 132454
main 131154
main 130188
main 131616
main 130970
main 131336
main 131993
main 130979
main 131168
main 131050
main 131314
main 131942
main 132572
main 131827
main 460823
main 133027
main 132222
main 131745
main 146763
main 131789
main 132947
main 139808
main 132115
main 131857
main 132401
main 133124
main 145339
main 461779
main 462357
main 133545
main 131977
main 133209
main 131446
main 132154
main 139650
main 132538
main 420395
main 132643
main 132371
main 132915
main 132459
main 131126
main 462410
main 147282
main 131156
main 130617
main 132483
main 133077
main 133562
main 130948
main 136840
main 131949
main 131875
main 130651
main 461962
main 460519
main 175131
main 460608
main 147756
main 133441
main 134972
main 131846
main 131291
main 131322
main 132942
main 461897
main 133106
main 462288
main 133419
main 130817
main 131928
main 130967
main 130756
main 130858
main 131155
main 131599
main 131989
main 131606
main 131779
main 462365
main 130797
main 131516
main 132192
main 131499
main 132025
main 132788
main 133017
main 133516
main 131070
main 132494
main 131955
main 420817
main 461866
main 133647
main 133432
main 132586
main 132894
main 133532
main 132505
main 142203
main 132595
main 148335
main 131706
main 142203
main 132042
main 134046
main 131117
main 131583
main 462503
main 132803
main 134063
main 132110
main 134364
main 133303
main 132497
main 136053
main 133138
main 131808
main 132501
main 131959
main 133891
main 131841
main 131073
main 131591
main 130279
main 132552
main 131406
main 133330
main 147603
main 461074
main 143461
main 132437
main 131349
main 132621
main 132102
main 132845
main 133318
main 141994
main 132838
main 133287
main 132149
main 131440
main 143313
main 133496
main 131562
main 131980
main 131182
main 132250
main 148144
main 130910
main 132620
main 133239
main 156192
main 132431
main 132820
main 132616
main 134782
main 132201
main 133608
main 133106
main 131402
main 130888
main 132323
main 132060
main 133258
main 131449
main 130339
main 131344
main 130882
main 138400
main 131529
main 130619
main 131883
main 130641
main 133617
main 129828
main 130522
main 132649
main 131860
main 133007
main 131994
main 131367
main 132851
main 131881
main 132490
main 462264
main 132557
main 132667
main 131263
main 133002
main 132265
main 132521
main 132645
main 134033
main 133158
main 131377
main 133315
main 132693
main 133602
main 181330
main 475605
main 132242
main 130519
main 133508
main 130921
main 132805
main 131726
main 133414
main 132135
main 132901
main 131375
main 132787
main 131141
main 132693
main 131690
main 132694
main 132740
main 133333
main 132037
main 134995
main 132144
main 131908
main 131121
main 141753
main 130834
main 117314
main 132159
main 131223
main 129806
main 131884
main 146032
main 131178
main 131100
main 134895
main 132637
main 132135
main 132113
main 132188
main 132976
main 132514
main 137935
main 132495
main 134850
main 131385
main 133959
main 132496
main 131624
main 131121
main 131659
main 131432
main 132809
main 132589
main 132073
main 133624
main 131188
main 132461
main 131445
main 132769
main 131895
main 131345
main 131801
main 132418
main 132240
main 133443
main 132395
main 173152
main 131264
main 131931
main 133264
main 133185
main 133453
main 133638
main 133592
main 132261
main 131689
main 131168
main 132716
main 130792
