main 668361
main 540803
main 631233
main 967104
main 603409
main 673333
main 530357
main 624454
main 688161
main 738461
main 570194
main 569182
main 604349
main 514606
main 521082
main 555532
main 551571
main 545825
main 659246
main 662209
main 574053
main 571858
main 712069
main 500282
main 571328
main 543297
main 536403
main 481177
main 733726
main 675972
main 655789
main 727585
main 737295
main 637698
main 597392
main 539533
main 701883
main 698628
main 510651
main 568569
main 519682
main 553440
main 521122
main 541374
main 678498
main 483624
main 507922
main 935739
main 735112
main 497984
main 591825
main 536347
main 502496
main 539655
main 684660
main 719336
main 545951
main 512655
main 523711
main 529151
main 567404
main 595482
main 532958
main 632501
main 528713
main 457997
main 521451
main 561955
main 528610
main 768792
main 642295
main 480823
main 584705
main 641360
main 557264
main 723977
main 553026
main 515308
main 565693
main 689854
main 661160
main 610877
main 587398
main 569333
main 614178
main 621098
main 665571
main 515594
main 902229
main 748717
main 533277
main 721202
main 703094
main 604739
main 651809
main 826196
main 613352
main 594128
main 606959
main 683938
main 538248
main 771265
main 741356
main 707215
main 551689
main 572626
main 754828
main 690408
main 820128
main 647646
main 881024
main 813713
main 819127
main 769883
main 838595
main 869824
main 676866
main 807826
main 806903
main 927565
main 672318
main 797115
main 986058
main 894298
main 764191
main 596825
main 568344
main 918389
main 1000420
main 711441
main 641788
main 674299
main 589163
main 781788
main 812533
main 1233261
main 616797
main 599131
main 773732
main 1146549
main 745750
main 538834
main 691247
main 522208
main 679681
main 589553
main 668052
main 588451
main 503067
main 532883
main 525059
main 479391
main 515520
main 622552
main 512274
main 734578
main 570369
main 761869
main 537274
main 500260
main 521132
main 639555
main 514747
main 510295
main 531465
main 574321
main 500764
main 465835
main 484059
main 666045
main 522633
main 738242
main 529257
main 689893
main 506742
main 743302
main 513465
main 524182
main 594182
main 471803
main 559432
main 544412
main 729786
main 503065
main 530044
main 544100
main 529051
main 588275
main 546840
main 557840
main 515953
main 489927
main 511627
main 468871
main 505296
main 603428
main 524220
main 550540
main 546011
main 497120
main 462272
main 663680
main 718748
main 586731
main 512187
main 476355
main 525663
main 671087
main 538960
main 564291
main 738770
main 536279
main 532788
main 544782
main 570139
main 621946
main 544938
main 515653
main 640753
main 587438
main 527078
main 530883
main 654409
main 538074
main 600087
main 510814
main 748034
main 560510
main 539937
main 1682742
main 496630
main 553063
main 510304
main 525456
main 789881
main 871751
main 540624
main 778835
main 808442
main 555964
main 587254
main 636505
main 538939
main 523652
main 591286
main 633468
main 548627
main 520724
main 489445
main 760213
main 893751
main 630761
main 546070
main 892703
main 548372
main 672646
main 603927
main 574097
main 653720
main 729955
main 558777
main 729934
main 877515
main 517739
main 543732
main 594864
main 719268
main 648669
main 599234
main 733397
main 670245
main 524950
main 666898
main 728294
main 718666
main 775252
main 558615
main 701620
main 1087202
main 811276
main 592639
main 617721
main 565401
main 639074
main 536911
main 795741
main 609914
main 633069
main 711076
main 709366
main 623864
main 532161
main 528868
main 674904
main 592193
main 567921
main 541224
main 508171
main 488007
main 544501
main 538248
main 537412
main 569839
main 494730
main 505214
main 549104
main 532490
main 531003
main 610840
main 865408
main 740487
main 715277
main 701611
main 610893
main 844649
main 523148
main 520180
main 516547
main 518099
main 532436
main 551950
main 541738
main 585284
main 589545
main 548852
main 495617
main 581103
main 529883
main 542906
main 589115
main 484931
main 555508
main 528703
main 535542
main 530941
main 514724
main 486697
main 521757
main 557875
main 772724
main 490624
main 528651
main 495949
main 525250
main 558678
main 575749
main 589268
main 543673
main 598962
main 564881
main 564166
main 538006
main 514529
main 672966
main 524350
main 520816
main 539558
main 490174
main 518111
main 656968
main 579380
main 529812
main 555904
main 551393
main 521854
main 528090
main 584285
main 529921
main 575499
main 547567
main 567091
main 547900
main 598405
main 574281
main 522556
main 479430
main 749247
main 662933
main 723234
main 609916
main 561730
main 566490
main 550623
main 582193
main 531457
main 538159
main 515635
main 585614
main 782301
main 590593
main 698971
main 561167
main 639606
main 591206
main 890410
main 587620
main 554208
main 627295
main 519084
main 533711
main 513798
main 494186
main 464436
main 520496
main 574338
main 507554
main 506887
main 481012
main 515957
main 501833
main 565160
main 466173
main 508658
main 643782
main 653998
main 815701
main 743269
main 537887
main 590308
main 526048
main 710806
main 571755
main 599803
main 613078
main 616375
main 585909
main 638639
main 586870
main 647564
main 738491
main 596802
main 537971
main 541601
main 544323
main 525882
main 511910
main 551405
main 537750
main 516071
main 564957
main 502034
main 499328
main 540414
main 571235
main 526768
main 563967
main 499700
main 527390
main 470987
main 499835
main 472844
main 473520
main 526062
main 567903
main 508345
main 518312
main 842437
main 491150
main 516121
main 523221
main 499997
main 513635
main 520397
main 526494
main 513162
main 603728
main 506531
main 513866
main 524954
main 539860
main 500660
main 520784
main 514813
main 476584
main 614180
main 522967
main 478481
main 534390
main 546064
main 504376
main 525821
main 506879
main 522503
main 519318
main 506878
main 562324
main 539162
main 517985
main 494978
main 530017
main 479419
main 480316
main 502472
main 556592
main 536099
main 580046
main 501183
main 463755
main 524609
main 499638
main 571596
main 521417
main 641048
main 668259
main 513604
main 519259
main 538455
main 555000
main 514176
main 515930
main 451651
main 473948
main 490357
main 595039
main 502375
main 491930
main 544368
main 506248
main 510648
main 524714
main 561590
main 528027
main 522381
main 537386
main 479696
main 565199
main 520034
main 527473
main 571980
main 544277
main 672429
main 600350
main 516912
main 527653
main 544817
main 787779
main 477383
main 493610
main 517825
main 503938
main 500519
main 513589
main 510024
main 456325
main 500792
main 746496
main 543558
main 921260
main 527707
main 581927
main 555393
main 552304
main 617117
main 556442
main 481015
main 463570
main 470953
main 499207
main 519482
main 545829
main 524503
main 526954
main 529213
main 519043
main 544350
main 486940
main 516382
main 481239
main 539390
main 506333
main 525954
main 526971
main 485624
main 494638
main 479263
main 473283
main 658429
main 460643
main 504040
main 539985
main 546827
main 532446
main 517423
main 510355
main 539960
main 567673
main 451254
main 501739
main 531425
main 556218
main 513360
main 521885
main 527322
main 519521
main 558349
main 513480
main 529804
main 477944
main 499018
main 617272
main 561163
main 558724
main 548268
main 517240
main 477504
main 595951
main 484231
main 616069
main 482159
main 545147
main 586974
main 556995
main 554916
main 481018
main 505304
main 591318
main 528205
main 544911
main 454766
main 638115
main 601740
main 564744
main 559522
main 597857
main 543383
main 537133
main 514339
main 546638
main 534975
main 523107
main 520442
main 665002
main 530299
main 864290
main 639437
main 535997
main 528463
main 511945
main 713473
main 851971
main 587108
main 714291
main 502920
main 928203
main 679787
main 526244
main 507688
main 517329
main 489827
main 514146
main 494747
main 488475
main 579141
main 594869
main 512951
main 455941
main 477015
main 605268
main 545566
main 538535
main 524796
main 596658
main 736588
main 555501
main 504544
main 536841
main 516409
main 498709
main 498495
main 612776
main 543306
main 535289
main 560070
main 503745
main 474252
main 493698
main 643141
main 756534
main 523276
main 600065
main 510925
main 535627
main 602312
main 518448
main 489872
main 533836
main 569428
main 511629
main 464545
main 511581
main 495369
main 568951
main 566360
main 641412
main 573485
main 544353
main 464237
main 590208
main 526163
main 519156
main 519848
main 517711
main 586278
main 489846
main 502956
main 499958
main 597478
main 540754
main 550259
main 594118
main 872256
main 542279
main 526698
main 632644
main 646096
main 605281
main 508594
main 542482
main 502279
main 559579
main 501333
main 511424
main 516058
main 522538
main 609952
main 562604
main 528737
main 661787
main 531864
main 495848
main 526040
main 520740
main 589688
main 574204
main 472147
main 543016
main 577423
main 798322
main 573274
main 540619
main 501324
main 502756
main 509160
main 473725
main 554347
main 480886
main 530593
main 505924
main 477654
main 550865
main 614964
main 532236
main 502126
main 536599
main 524258
main 621881
main 503287
main 551988
main 595102
main 526766
main 602065
main 642745
main 550824
main 487043
main 515462
main 528275
main 532514
main 545379
main 529834
main 556351
main 530647
main 495742
main 661625
main 701794
main 539158
main 546785
main 570453
main 507049
main 572808
main 540689
main 475035
main 554002
main 528551
main 532453
main 523724
main 638966
main 574243
main 518952
main 519049
main 507428
main 643240
main 533320
main 474014
main 529002
main 525299
main 533557
main 462744
main 518189
main 521576
main 570390
main 526849
main 484593
main 479075
main 619923
main 509738
main 526627
main 511985
main 542069
main 562079
main 532579
main 520299
main 489733
main 523388
main 508513
main 500396
main 524934
main 470877
main 473614
main 511001
main 473431
main 600479
main 523947
main 694327
main 541552
main 586316
main 588400
main 630437
main 626861
main 505077
main 526595
main 513926
main 540927
main 546485
main 557025
main 518372
main 459810
main 502731
main 494298
main 482135
main 498476
main 521667
main 530186
main 497578
main 538941
main 530496
main 561441
main 518770
main 536591
main 673677
main 576092
main 499564
main 517505
main 505441
main 615858
main 566956
main 550553
main 531754
main 590872
main 469523
main 517705
main 524495
main 548807
main 694547
main 523267
main 526519
main 512666
main 500395
main 540541
main 481874
main 539568
main 513209
main 516311
main 534565
main 600494
main 613777
main 541966
main 474061
main 547617
main 477564
main 508828
main 514143
main 468561
main 517773
main 515550
main 573267
main 500840
main 485194
main 580562
main 530660
main 899227
main 549450
main 517411
main 501521
main 558897
main 492822
main 508314
main 535597
main 595521
main 511366
main 506720
main 544251
main 534155
main 514804
main 526706
main 513039
main 526149
main 522365
main 497361
main 624614
main 550766
main 610443
main 564124
main 525090
main 485427
main 532056
main 516206
main 521186
main 550137
main 556062
main 523570
main 657851
main 499065
main 477065
main 507111
main 495295
main 524765
main 540048
main 641777
main 586117
main 488953
main 556967
main 535914
main 537094
main 529336
main 509537
main 493022
main 522399
main 503043
main 524287
main 481796
main 498858
main 520252
main 465213
main 527268
main 534287
main 487099
main 519991
main 528227
main 586232
main 606157
main 527227
main 505643
main 508118
main 536013
main 495084
main 521832
main 486449
main 501957
main 514774
main 568520
main 496016
main 461690
main 545840
main 564843
main 551164
main 509651
main 499870
main 515986
main 514233
main 478632
main 488674
main 487210
main 564089
main 493344
main 501214
main 501783
main 488452
main 505913
main 579534
main 587082
main 677696
main 579849
main 539173
main 541750
main 522393
main 547605
main 504140
main 505994
main 541988
main 487438
main 540504
main 496998
main 569087
main 521445
main 594874
main 490775
main 473352
main 512218
main 470798
main 457708
