main 270111
main 291400
main 450058
main 374378
main 261234
main 435205
main 441783
main 259376
main 273816
main 241673
main 252198
main 239773
main 252408
main 260509
main 276552
main 247099
main 240146
main 257163
main 240671
main 241438
main 260766
main 261788
main 243947
main 263980
main 242115
main 239014
main 267133
main 298060
main 402214
main 433589
main 367784
main 257670
main 240839
main 321280
main 242956
main 260028
main 507886
main 252634
main 431583
main 294260
main 280069
main 388125
main 415352
main 267626
main 266085
main 378973
main 333409
main 383071
main 257468
main 265240
main 239635
main 250749
main 254935
main 244061
main 408473
main 372017
main 601186
main 253603
main 258311
main 254942
main 377214
main 356795
main 259206
main 255662
main 300390
main 361533
main 241406
main 326091
main 518112
main 241127
main 256973
main 242116
main 242951
main 244645
main 260315
main 239516
main 250816
main 242210
main 295242
main 242616
main 291685
main 250523
main 267049
main 240266
main 242895
main 242749
main 346256
main 373749
main 349007
main 253430
main 263729
main 297376
main 343193
main 254196
main 251021
main 256527
main 490552
main 253867
main 242781
main 328086
main 361670
main 248215
main 266185
main 266951
main 531650
main 354954
main 264934
main 240418
main 458752
main 245616
main 259889
main 246127
main 247882
main 312887
main 367695
main 262247
main 269507
main 241355
main 306507
main 240526
main 302490
main 243342
main 332061
main 242472
main 317454
main 258783
main 256046
main 240037
main 243659
main 241344
main 399498
main 259761
main 240910
main 239614
main 242373
main 245452
main 245246
main 241481
main 240655
main 286437
main 242227
main 242557
main 239575
main 240870
main 274013
main 240449
main 240340
main 241483
main 290741
main 239678
main 239832
main 398753
main 350274
main 260422
main 242919
main 256419
main 259316
main 251541
main 265943
main 278294
main 243732
main 247688
main 243342
main 253274
main 247407
main 242240
main 270818
main 253460
main 278231
main 302346
main 298730
main 267270
main 390460
main 327464
main 252183
main 259211
main 240467
main 268772
main 275639
main 240349
main 277839
main 425750
main 267495
main 250927
main 257178
main 239958
main 425434
main 244892
main 336314
main 268230
main 243170
main 239975
main 575717
main 257661
main 240693
main 244476
main 276562
main 254533
main 238789
main 257575
main 291604
main 251179
main 247935
main 240002
main 242052
main 248662
main 241030
main 237594
main 242505
main 269208
main 238780
main 260852
main 281169
main 240702
main 247594
main 260962
main 243469
main 241897
main 256157
main 251258
main 260035
main 243626
main 248669
main 285100
main 245474
main 262157
main 240522
main 240672
main 240949
main 278492
main 241343
main 240966
main 241903
main 241350
main 306024
main 243039
main 247829
main 241827
main 242860
main 257571
main 336860
main 241285
main 246274
main 248688
main 249307
main 242494
main 409043
main 250067
main 240033
main 242308
main 250124
main 295158
main 291447
main 255357
main 278597
main 248346
main 424081
main 263508
main 240195
main 242405
main 243129
main 243836
main 259168
main 250441
main 244462
main 280607
main 243332
main 240019
main 249276
main 242846
main 239511
main 243488
main 242173
main 297604
main 258342
main 239371
main 295888
main 240342
main 244530
main 239225
main 246510
main 238466
main 239979
main 240832
main 279766
main 254134
main 240058
main 268981
main 243640
main 258954
main 242571
main 241604
main 264700
main 243552
main 251515
main 259415
main 238828
main 240335
main 244579
main 240242
main 240393
main 243363
main 246088
main 243170
main 269229
main 499215
main 255036
main 239178
main 387292
main 311698
main 254217
main 241386
main 238201
main 244113
main 241121
main 241477
main 239493
main 251504
main 249482
main 245535
main 294438
main 375948
main 269929
main 253861
main 246432
main 243384
main 241945
main 240665
main 253713
main 249691
main 263938
main 300972
main 242860
main 329177
main 238652
main 240042
main 268040
main 241474
main 241070
main 257669
main 294427
main 295448
main 243598
main 239021
main 385388
main 261467
main 242634
main 258251
main 254080
main 275492
main 239933
main 245492
main 249427
main 278870
main 240529
main 243767
main 241703
main 255341
main 241819
main 241152
main 243723
main 253338
main 254886
main 246350
main 240542
main 239700
main 251490
main 245873
main 283252
main 257808
main 241261
main 269498
main 243004
main 239492
main 238108
main 243944
main 253723
main 245928
main 242878
main 246387
main 241337
main 301259
main 242790
main 240814
main 252518
main 237548
main 287729
main 309865
main 253869
main 242738
main 238515
main 237885
main 242107
main 249632
main 243961
main 273139
main 238934
main 285952
main 239596
main 240099
main 241145
main 240488
main 250015
main 242551
main 241343
main 244116
main 242937
main 324643
main 243870
main 244969
main 242132
main 243610
main 301211
main 248825
main 302753
main 255845
main 255890
main 449215
main 241683
main 239355
main 241509
main 242036
main 238454
main 268789
main 244331
main 267371
main 290667
main 274325
main 266545
main 241174
main 245043
main 252898
main 243416
main 303025
main 253279
main 244312
main 291329
main 248614
main 241633
main 241643
main 240592
main 249595
main 242970
main 266556
main 250424
main 290682
main 265919
main 499890
main 259443
main 243554
main 241728
main 241851
main 241641
main 241064
main 242602
main 261167
main 325235
main 253446
main 261174
main 241678
main 246832
main 266083
main 241287
main 244435
main 265096
main 290354
main 244461
main 245012
main 240738
main 239271
main 240809
main 256399
main 240919
main 240457
main 340339
main 238228
main 240717
main 240966
main 247240
main 241143
main 246036
main 251517
main 239663
main 258656
main 241345
main 239691
main 237861
main 239389
main 259316
main 242168
main 243836
main 240268
main 240530
main 241007
main 262280
main 258186
main 239169
main 264835
main 252689
main 241636
main 239038
main 240718
main 271243
main 251441
main 241922
main 251909
main 266222
main 238870
main 843598
main 237732
main 239163
main 239858
main 238157
main 256790
main 261424
main 247647
main 240900
main 253862
main 241049
main 248801
main 272117
main 243121
main 238623
main 393814
main 252376
main 244022
main 280025
main 243752
main 241757
main 240025
main 240329
main 314012
main 265143
main 242248
main 284888
main 241188
main 254386
main 258642
main 241315
main 240805
main 244678
main 239826
main 242100
main 246968
main 274079
main 243524
main 241431
main 241975
main 246211
main 240374
main 241048
main 247736
main 240845
main 262816
main 240401
main 239793
main 242630
main 247293
main 241903
main 277237
main 294554
main 302571
main 296893
main 287240
main 240334
main 307255
main 268162
main 241238
main 284913
main 252115
main 243987
main 253783
main 260874
main 251491
main 258233
main 260196
main 261392
main 264492
main 238061
main 239683
main 248329
main 250066
main 249205
main 251096
main 237544
main 241344
main 245903
main 244717
main 261961
main 239600
main 252769
main 259757
main 309141
main 241829
main 292495
main 239958
main 266523
main 250675
main 270180
main 269273
main 238444
main 252509
main 243992
main 262988
main 252877
main 259286
main 258105
main 244603
main 255633
main 239792
main 241716
main 238481
main 290995
main 240700
main 237995
main 241147
main 241359
main 260403
main 283209
main 264458
main 258779
main 239682
main 251582
main 251470
main 242786
main 246712
main 240380
main 239046
main 241301
main 237380
main 244204
main 239535
main 240320
main 277083
main 241245
main 251798
main 238168
main 242241
main 243494
main 254755
main 243160
main 240130
main 240397
main 284267
main 343895
main 291257
main 238732
main 396597
main 244638
main 249654
main 478706
main 337758
main 241564
main 251726
main 653196
main 638269
main 244603
main 269655
main 241979
main 246495
main 282707
main 240874
main 378320
main 401081
main 334644
main 254935
main 261396
main 262206
main 261930
main 249989
main 300889
main 278409
main 340110
main 240119
main 252983
main 255982
main 245517
main 285126
main 244132
main 253569
main 274324
main 256790
main 241181
main 249333
main 267886
main 240413
main 244018
main 240668
main 241228
main 257097
main 243940
main 241271
main 244433
main 242343
main 243568
main 256482
main 240942
main 253690
main 320604
main 251847
main 263241
main 255766
main 240155
main 258349
main 316614
main 276628
main 244648
main 372994
main 290076
main 238102
main 244348
main 261720
main 260500
main 365207
main 246747
main 241644
main 241365
main 245671
main 244940
main 319952
main 299778
main 260309
main 249693
main 247850
main 254656
main 240733
main 250552
main 304971
main 244117
main 267991
main 305766
main 241684
main 241716
main 240341
main 240374
main 282728
main 257113
main 245349
main 244973
main 248972
main 280291
main 239288
main 275510
main 242209
main 351845
main 283114
main 256445
main 241589
main 246510
main 262374
main 285430
main 258973
main 259497
main 248507
main 240830
main 396210
main 341479
main 244811
main 256990
main 248244
main 312028
main 258348
main 263631
main 254719
main 257475
main 243179
main 496063
main 400711
main 261206
main 260198
main 478778
main 287236
main 268571
main 267117
main 240205
main 244235
main 244682
main 243502
main 257710
main 321627
main 242098
main 322219
main 251672
main 243696
main 249544
main 255600
main 247962
main 284304
main 284538
main 241443
main 248818
main 241714
main 243190
main 258150
main 251921
main 239114
main 256198
main 242533
main 274157
main 259460
main 239545
main 270654
main 241441
main 243020
main 260389
main 240275
main 253343
main 257313
main 241179
main 240705
main 244122
main 242986
main 241087
main 285305
main 240653
main 295453
main 280829
main 238148
main 305820
main 246311
main 255833
main 260277
main 266601
main 239478
main 264501
main 258973
main 244351
main 257277
main 239685
main 240657
main 284083
main 273271
main 310061
main 281292
main 263341
main 263545
main 263215
main 239508
main 244783
main 243400
main 242934
main 349109
main 256825
main 241785
main 242013
main 240464
main 255607
main 301516
main 274428
main 348967
main 241593
main 246270
main 240398
main 243088
main 309762
main 340649
main 289367
main 270940
main 242784
main 254227
main 281690
main 242565
main 242805
main 245959
main 247603
main 418235
main 286373
main 302947
main 242517
main 242855
main 239680
main 263661
main 240856
main 258093
main 241251
main 238504
main 365616
main 237720
main 246908
main 265832
main 239454
main 298608
main 253556
main 243210
main 247621
main 305641
main 241975
main 242591
main 287603
main 422907
main 260251
main 265617
main 239715
main 281753
main 250346
main 254364
main 246687
main 251247
main 419462
main 488557
main 243818
main 253160
main 263130
main 246085
main 250217
main 241244
main 254001
main 293432
main 245058
main 329890
main 244739
main 240331
main 418512
main 306471
main 458736
main 241160
main 434239
main 419910
main 399021
main 250002
main 276714
main 342802
main 241414
main 241169
main 1229146
main 258865
main 249649
main 250697
main 250447
main 333695
main 248580
main 241921
main 243696
main 243250
main 308366
main 282100
main 240732
main 252827
main 348556
main 270040
main 263719
main 252837
main 242425
main 263240
main 242686
main 258586
main 240272
main 266879
main 329628
main 241147
main 625236
main 258539
main 316775
main 249879
main 696980
main 281028
main 257910
main 263446
main 241842
main 248484
main 276023
main 244864
main 424831
main 288985
main 281723
main 240683
main 245260
main 248442
main 261013
main 256247
main 242887
main 451227
main 434414
main 418529
main 257679
main 335901
main 241104
main 247474
main 439223
main 253441
main 250164
main 601065
main 262876
main 373009
main 267634
main 250376
main 250513
main 252570
main 239861
main 371280
main 242613
main 445293
main 253803
main 245620
main 245585
main 342320
main 260224
main 266135
main 300566
main 483617
