main 498407
main 472977
main 472565
main 440883
main 454196
main 421327
main 461887
main 6655275
main 437446
main 461741
main 477686
main 516612
main 427774
main 477317
main 440749
main 478423
main 477200
main 486941
main 452201
main 478862
main 478288
main 496348
main 460630
main 467845
main 437364
main 448006
main 523537
main 432081
main 590827
main 494320
main 470872
main 419619
main 492624
main 505758
main 445694
main 463718
main 461689
main 443004
main 707270
main 461477
main 446639
main 439242
main 457781
main 467009
main 477429
main 467467
main 475747
main 497330
main 464178
main 464920
main 461834
main 475688
main 481133
main 417327
main 469342
main 472597
main 433646
main 420776
main 572195
main 479576
main 517599
main 448719
main 472839
main 469216
main 473945
main 581506
main 456131
main 478011
main 421940
main 425507
main 463581
main 482278
main 449181
main 475932
main 485689
main 421294
main 463360
main 446248
main 463625
main 429356
main 439572
main 424161
main 440822
main 482357
main 454841
main 428046
main 470970
main 501483
main 432948
main 446920
main 475369
main 479645
main 521510
main 458708
main 474929
main 443004
main 450343
main 491164
main 522223
main 474655
main 483524
main 489097
main 580819
main 563227
main 499535
main 507058
main 502767
main 593497
main 517976
main 497920
main 438620
main 509176
main 438503
main 489992
main 545052
main 480422
main 509242
main 513140
main 424490
main 558880
main 445794
main 471266
main 446532
main 468118
main 487451
main 516357
main 496526
main 477258
main 435247
main 498451
main 517039
main 533259
main 437676
main 455367
main 489581
main 479113
main 424514
main 441592
main 417035
main 427357
main 430378
main 445420
main 453010
main 435616
main 500792
main 433853
main 484873
main 462656
main 493039
main 520781
main 442211
main 449866
main 575652
main 473532
main 478298
main 461907
main 450942
main 459850
main 530051
main 536518
main 427163
main 499499
main 440778
main 425148
main 427143
main 438669
main 399568
main 403396
main 404715
main 427532
main 433504
main 488373
main 418906
main 468838
main 444486
main 419470
main 437446
main 455705
main 414645
main 593397
main 486468
main 400834
main 513512
main 445000
main 461157
main 532844
main 452626
main 408876
main 440522
main 424182
main 445891
main 441364
main 407511
main 514791
main 441053
main 409129
main 484295
main 419324
main 407828
main 403360
main 416881
main 469010
main 440276
main 442543
main 401083
main 500372
main 461281
main 475552
main 454317
main 489157
main 419088
main 457686
main 432724
main 456568
main 412471
main 411640
main 449300
main 538912
main 508210
main 421320
main 458445
main 455733
main 411588
main 437271
main 473644
main 445122
main 525720
main 429691
main 463086
main 413157
main 446537
main 456489
main 440971
main 416670
main 417331
main 448796
main 394903
main 698350
main 464743
main 468160
main 491279
main 470674
main 477448
main 564278
main 584426
main 496968
main 539348
main 471670
main 486371
main 514373
main 470018
main 466210
main 509709
main 479368
main 529300
main 491083
main 504507
main 530930
main 483074
main 517876
main 483855
main 502256
main 681115
main 716836
main 489054
main 536364
main 510971
main 486470
main 528303
main 469554
main 477830
main 485577
main 471066
main 466787
main 501871
main 480404
main 503730
main 473027
main 466730
main 489958
main 483201
main 470139
main 498879
main 460459
main 471796
main 473286
main 680392
main 500268
main 482733
main 499758
main 466386
main 487976
main 571706
main 491029
main 498385
main 495380
main 496820
main 522828
main 472802
main 503441
main 474831
main 492451
main 496145
main 521952
main 491757
main 481216
main 468001
main 488044
main 477338
main 483183
main 566857
main 495402
main 504707
main 495460
main 505772
main 500121
main 503741
main 512578
main 612827
main 493574
main 498140
main 566182
main 585634
main 500746
main 525340
main 539275
main 485284
main 905083
main 785432
main 967529
main 804327
main 790253
main 888271
main 808147
main 789656
main 794904
main 808249
main 828829
main 843917
main 1098105
main 824406
main 808380
main 800695
main 835125
main 795186
main 808126
main 839692
main 790929
main 792639
main 830976
main 812946
main 837906
main 836802
main 796594
main 798934
main 868366
main 803906
main 815046
main 791780
main 793597
main 786303
main 802227
main 803255
main 804838
main 796581
main 799029
main 975787
main 792420
main 817193
main 808183
main 796924
main 800324
main 832097
main 791364
main 855823
main 857349
main 848094
main 793810
main 850691
main 812195
main 794734
main 796089
main 807081
main 990295
main 896759
main 858398
main 812251
main 807510
main 809791
main 789921
main 877139
main 854678
main 802741
main 811504
main 807659
main 806504
main 801893
main 808302
main 920610
main 857924
main 1070122
main 874265
main 834626
main 810599
main 799840
main 807505
main 801928
main 841979
main 796656
main 1045052
main 809913
main 817778
main 865917
main 819821
main 802146
main 984421
main 808062
main 868757
main 802697
main 805208
main 797289
main 803761
main 802545
main 793374
main 787681
main 826012
main 807058
main 794564
main 802600
main 818696
main 976552
main 788160
main 817653
main 836706
main 861003
main 786349
main 849859
main 811086
main 906546
main 833543
main 790452
main 795654
main 816973
main 813220
main 804881
main 875421
main 814937
main 798714
main 855175
main 794981
main 854121
main 810713
main 801391
main 969238
main 794939
main 962172
main 797186
main 800381
main 801481
main 790433
main 806060
main 821564
main 834471
main 794745
main 814190
main 828013
main 795137
main 806150
main 816149
main 855207
main 812554
main 802239
main 795696
main 816850
main 798243
main 831809
main 806210
main 805677
main 790818
main 803096
main 802087
main 794250
main 801330
main 802413
main 840097
main 835492
main 817669
main 795704
main 812418
main 845603
main 829521
main 813037
main 798524
main 807590
main 946472
main 824593
main 802107
main 830994
main 813955
main 793937
main 812428
main 1098527
main 954769
main 805834
main 811453
main 813461
main 829103
main 795834
main 804876
main 832019
main 815262
main 972483
main 785282
main 822066
main 809667
main 811748
main 795084
main 992370
main 812448
main 794143
main 806824
main 793631
main 981088
main 817832
main 801555
main 820954
main 802491
main 836922
main 797675
main 798376
main 966468
main 793742
main 797068
main 805828
main 807593
main 796612
main 797225
main 798536
main 816145
main 861233
main 836428
main 808117
main 832068
main 807659
main 817278
main 792161
main 808792
main 791512
main 815486
main 814897
main 862631
main 801590
main 862827
main 840509
main 804105
main 797842
main 795157
main 805381
main 808970
main 804125
main 806519
main 791617
main 846244
main 793377
main 847496
main 810807
main 797978
main 843409
main 829151
main 803807
main 810981
main 801319
main 798696
main 796770
main 802888
main 788933
main 845935
main 813469
main 821138
main 797442
main 819093
main 800923
main 797880
main 810734
main 812365
main 798970
main 808415
main 805323
main 803939
main 848954
main 807990
main 810060
main 793484
main 848120
main 818989
main 806607
main 814226
main 808212
main 826865
main 874216
main 793412
main 840593
main 793167
main 812401
main 893765
main 795101
main 802563
main 810206
main 799735
main 797034
main 818339
main 824997
main 810372
main 804281
main 793798
main 804089
main 827020
main 810033
main 834987
main 799538
main 800672
main 824033
main 793187
main 792837
main 831458
main 830623
main 808030
main 794884
main 798668
main 815798
main 842441
main 804328
main 796997
main 812262
main 804462
main 822090
main 816410
main 855388
main 866953
main 833745
main 853139
main 839098
main 814897
main 805327
main 808418
main 797415
main 821534
main 813199
main 827708
main 807961
main 803307
main 841311
main 812658
main 792963
main 791843
main 821864
main 1086274
main 895301
main 841143
main 839668
main 796878
main 796977
main 825883
main 791306
main 806735
main 799286
main 812767
main 811234
main 793666
main 813545
main 796686
main 843359
main 796443
main 819053
main 794608
main 853740
main 800896
main 798561
main 793154
main 801367
main 804565
main 794504
main 890228
main 881211
main 792603
main 848805
main 796126
main 796783
main 806624
main 800233
main 814759
main 791975
main 843412
main 814290
main 807381
main 814732
main 830652
main 817152
main 795271
main 790331
main 837882
main 803942
main 790664
main 782258
main 810906
main 794252
main 803906
main 808938
main 822353
main 802870
main 797649
main 818943
main 785619
main 805048
main 815104
main 836705
main 800749
main 838588
main 965280
main 824410
main 788065
main 824879
main 859863
main 785681
main 803187
main 808915
main 794273
main 804660
main 793433
main 877013
main 872394
main 813287
main 807795
main 794361
main 787203
main 790738
main 801158
main 819093
main 809535
main 804220
main 808949
main 818477
main 837319
main 949522
main 801053
main 813352
main 812880
main 810982
main 842941
main 824247
main 797280
main 800343
main 806064
main 785422
main 814389
main 821209
main 864243
main 824408
main 811649
main 794885
main 809818
main 803918
main 839923
main 818243
main 794715
main 802271
main 809455
main 802753
main 792183
main 798813
main 798758
main 889871
main 800557
main 799606
main 826783
main 837785
main 796171
main 806552
main 807148
main 797985
main 799812
main 800967
main 809843
main 805973
main 809536
main 815585
main 793197
main 797337
main 7269424
main 838821
main 806389
main 806717
main 804800
main 812657
main 815434
main 790916
main 795652
main 786966
main 795020
main 795004
main 801964
main 795831
main 789491
main 801138
main 819945
main 812248
main 803382
main 796762
main 805151
main 820158
main 799937
main 838738
main 794540
main 809942
main 830764
main 800274
main 809312
main 823986
main 827921
main 813271
main 803993
main 804369
main 820668
main 823045
main 807846
main 820331
main 806236
main 810875
main 818014
main 823886
main 803680
main 823099
main 812607
main 800679
main 838015
main 817963
main 834841
main 793221
main 807101
main 808867
main 809211
main 812290
main 835332
main 824496
main 834678
main 819350
main 802638
main 834268
main 803308
main 800653
main 835477
main 811203
main 813532
main 845157
main 876659
main 813446
main 866502
main 827551
main 816040
main 835014
main 838399
main 820296
main 960680
main 888866
main 826505
main 792159
main 799220
main 847228
main 820895
main 814394
main 796988
main 822141
main 791332
main 816367
main 810295
main 845888
main 816071
main 808539
main 838324
main 803801
main 822672
main 822280
main 805085
main 853024
main 828086
main 796423
main 797567
main 803598
main 821448
main 820224
main 833752
main 808582
main 808604
main 808592
main 812944
main 797710
main 793599
main 819605
main 791670
main 794978
main 858963
main 811704
main 803556
main 827276
main 802700
main 849775
main 808775
main 786921
main 793379
main 808683
main 793216
main 795148
main 861299
main 803832
main 800730
main 800975
main 806711
main 792931
main 810846
main 799114
main 786541
main 835050
main 791237
main 790849
main 843983
main 820591
main 819552
main 818879
main 797870
main 798201
main 802415
main 800662
main 842913
main 837222
main 828002
main 807883
main 817662
main 841652
main 807783
main 811055
main 804253
main 836463
main 806871
main 807673
main 794041
main 801802
main 820510
main 813568
main 811842
main 794878
main 824051
main 816186
main 834388
main 804560
main 825240
main 800150
main 814291
main 793192
main 846098
main 852833
main 807763
main 806587
main 1030849
main 791811
main 708843
main 727336
main 694474
main 703501
main 755833
main 678457
main 705229
main 726810
main 738770
main 696760
main 763132
main 714030
main 722213
main 691443
main 682267
main 721128
main 748956
main 688440
main 788294
main 685584
main 718455
main 699461
main 683733
main 710185
main 750611
main 716895
main 738715
main 698956
main 754660
main 713112
main 748545
main 684036
main 703090
main 729626
main 708289
main 685470
