main 196245
main 127765
main 129769
main 134755
main 128884
main 129502
main 133993
main 129740
main 137579
main 129734
main 129525
main 132200
main 128744
main 154081
main 144583
main 128798
main 138250
main 130931
main 127912
main 127454
main 136053
main 131423
main 129967
main 131098
main 143267
main 135556
main 137372
main 130827
main 130388
main 128208
main 133984
main 154517
main 128872
main 150252
main 128427
main 127374
main 128135
main 139348
main 128280
main 131182
main 129263
main 127719
main 135111
main 129160
main 129170
main 132176
main 136513
main 130648
main 128626
main 133704
main 135051
main 132208
main 128905
main 128944
main 133688
main 127060
main 196894
main 139663
main 128935
main 126137
main 130326
main 126152
main 127403
main 129089
main 125783
main 132350
main 126670
main 126620
main 127294
main 130719
main 131153
main 131847
main 130527
main 137831
main 162615
main 131865
main 135521
main 146227
main 126196
main 126967
main 230481
main 127446
main 132989
main 135507
main 128245
main 140026
main 126711
main 127938
main 128069
main 128635
main 129827
main 127792
main 183350
main 154642
main 128816
main 127744
main 126874
main 126824
main 128246
main 136654
main 131996
main 128981
main 129783
main 136250
main 130308
main 126228
main 128323
main 127521
main 129264
main 132394
main 136944
main 127065
main 129967
main 128054
main 128147
main 138860
main 125293
main 126849
main 126797
main 139962
main 130370
main 131626
main 125940
main 144360
main 126480
main 131264
main 132350
main 127801
main 127991
main 139956
main 129323
main 127470
main 131358
main 132462
main 149136
main 135283
main 180791
main 128917
main 128855
main 134089
main 125957
main 136173
main 129136
main 129832
main 128806
main 126490
main 211128
main 128260
main 128335
main 128994
main 126801
main 127999
main 129199
main 132422
main 128041
main 135753
main 128727
main 131057
main 130544
main 127669
main 126871
main 128450
main 129277
main 126967
main 241610
main 125787
main 129620
main 130452
main 128260
main 129358
main 137398
main 137583
main 129691
main 134154
main 127537
main 128938
main 125924
main 154038
main 125874
main 136177
main 129400
main 128784
main 131213
main 127638
main 132540
main 127621
main 149287
main 127191
main 133033
main 126680
main 127248
main 126182
main 139304
main 126582
main 212134
main 127926
main 138750
main 127718
main 125931
main 127878
main 129041
main 125915
main 130864
main 128285
main 129628
main 134379
main 135456
main 128888
main 151602
main 127020
main 134800
main 129171
main 127741
main 127074
main 126686
main 126946
main 140760
main 128275
main 133017
main 126920
main 129764
main 133252
main 129410
main 126559
main 146033
main 154157
main 143392
main 127412
main 130197
main 126819
main 128283
main 128811
main 129452
main 132330
main 135074
main 128370
main 127802
main 129373
main 133869
main 127488
main 162368
main 132769
main 135709
main 172887
main 131893
main 129561
main 126838
main 128937
main 129985
main 144460
main 128159
main 128627
main 127727
main 186357
main 226584
main 131290
main 128532
main 128736
main 129430
main 130168
main 130577
main 127341
main 127893
main 138264
main 134866
main 146851
main 131952
main 127665
main 132305
main 136829
main 127597
main 126822
main 129046
main 125795
main 128561
main 126208
main 136817
main 151949
main 126500
main 128288
main 127945
main 128079
main 127642
main 132014
main 126536
main 130750
main 131644
main 145503
main 128544
main 126927
main 125897
main 127908
main 142875
main 131964
main 126484
main 139700
main 129120
main 149420
main 126748
main 133106
main 128832
main 137755
main 127200
main 129888
main 129031
main 128140
main 130713
main 132283
main 174860
main 130212
main 134955
main 133207
main 127861
main 127541
main 132791
main 127006
main 132224
main 141274
main 130728
main 129276
main 146323
main 128481
main 125757
main 128973
main 128990
main 129523
main 128304
main 136126
main 149061
main 131444
main 129704
main 129105
main 127509
main 132533
main 129775
main 128752
main 127854
main 136625
main 138179
main 141709
main 134161
main 127528
main 133531
main 130279
main 126447
main 130963
main 131277
main 133465
main 137981
main 136483
main 143589
main 130193
main 129037
main 129902
main 133153
main 126449
main 150109
main 127593
main 130029
main 129227
main 128826
main 127943
main 128311
main 127156
main 129284
main 125762
main 125185
main 128015
main 126638
main 130351
main 135628
main 127624
main 130807
main 132480
main 126212
main 143455
main 128544
main 131356
main 130494
main 127353
main 128544
main 128254
main 129680
main 127193
main 134648
main 129815
main 135487
main 127810
main 126781
main 127232
main 186275
main 180355
main 187569
main 132019
main 129452
main 129703
main 133469
main 138571
main 139398
main 144228
main 128865
main 127137
main 130236
main 125349
main 129122
main 126735
main 128786
main 150299
main 128984
main 130237
main 127800
main 134064
main 132058
main 127043
main 126365
main 126915
main 126979
main 129841
main 140486
main 127911
main 126377
main 125841
main 130097
main 128002
main 132938
main 151364
main 124765
main 132363
main 128157
main 125882
main 129945
main 129634
main 130482
main 127191
main 126064
main 126468
main 131588
main 133102
main 131221
main 128868
main 127458
main 130269
main 130415
main 128835
main 159703
main 127821
main 131557
main 132695
main 177608
main 127281
main 129731
main 128749
main 134240
main 137621
main 150528
main 128127
main 130868
main 139748
main 126717
main 142032
main 173412
main 131216
main 126424
main 125952
main 130737
main 193102
main 130092
main 136435
main 131751
main 127350
main 130286
main 126716
main 138863
main 148554
main 142073
main 140118
main 132353
main 128948
main 128966
main 150396
main 128222
main 130029
main 136098
main 133303
main 130143
main 146869
main 140771
main 127585
main 139279
main 133075
main 126727
main 128428
main 131546
main 130754
main 203598
main 127355
main 127543
main 151054
main 127732
main 127141
main 127505
main 195004
main 136559
main 128995
main 195766
main 129573
main 129737
main 133127
main 146343
main 133897
main 129533
main 126153
main 129326
main 132784
main 148600
main 141194
main 143812
main 153792
main 126808
main 127031
main 127508
main 128298
main 125949
main 128130
main 127378
main 133070
main 128003
main 128594
main 134059
main 164772
main 126560
main 138225
main 136558
main 127011
main 131773
main 139182
main 127485
main 129157
main 131710
main 126822
main 155019
main 142813
main 134674
main 126518
main 128193
main 128455
main 127798
main 139525
main 127891
main 140405
main 127078
main 129356
main 133669
main 135629
main 134348
main 127346
main 155441
main 129421
main 144915
main 155939
main 130509
main 130962
main 128172
main 128309
main 127909
main 141244
main 126754
main 259673
main 128983
main 127325
main 129892
main 139412
main 130262
main 128074
main 127926
main 129791
main 130416
main 130109
main 165270
main 126695
main 126232
main 127811
main 129890
main 192937
main 129674
main 127860
main 125465
main 129332
main 127162
main 130752
main 127564
main 126688
main 133462
main 146429
main 141086
main 163002
main 129532
main 209675
main 126556
main 127678
main 128004
main 129848
main 127194
main 129385
main 130043
main 132152
main 131607
main 128849
main 135179
main 128577
main 128947
main 125638
main 127750
main 126965
main 127326
main 131362
main 127683
main 126841
main 125791
main 125925
main 130087
main 126457
main 129102
main 132558
main 128322
main 131120
main 133861
main 128158
main 126923
main 138838
main 144583
main 128825
main 125443
main 132613
main 127707
main 127096
main 129947
main 152294
main 125554
main 127456
main 126300
main 148192
main 133380
main 127652
main 177864
main 127167
main 153764
main 146314
main 127231
main 129397
main 144506
main 137801
main 126433
main 127549
main 133494
main 140858
main 161664
main 127101
main 168248
main 131519
main 127303
main 127605
main 130710
main 129403
main 131382
main 125479
main 184598
main 133312
main 136557
main 148851
main 127909
main 129079
main 129391
main 135192
main 228520
main 131735
main 127569
main 128984
main 129651
main 132402
main 127618
main 126043
main 132593
main 130552
main 129699
main 133991
main 128781
main 129234
main 150110
main 128124
main 126520
main 128796
main 133183
main 128604
main 126475
main 128327
main 132919
main 126821
main 131288
main 129663
main 127472
main 129828
main 128379
main 128442
main 127645
main 128842
main 131922
main 126134
main 139927
main 138698
main 128482
main 129489
main 127042
main 127580
main 129629
main 138283
main 128833
main 127172
main 126550
main 135013
main 127442
main 126875
main 126435
main 126428
main 126984
main 125820
main 147952
main 128676
main 128627
main 127069
main 128375
main 129833
main 133923
main 127930
main 127552
main 135835
main 127076
main 128552
main 126187
main 133104
main 128596
main 131639
main 131323
main 176942
main 131282
main 126372
main 128868
main 132022
main 127458
main 129423
main 130232
main 129377
main 128189
main 126913
main 130835
main 128654
main 130280
main 135796
main 126677
main 129559
main 127587
main 130210
main 126504
main 127516
main 131562
main 128155
main 128124
main 127898
main 129268
main 143110
main 135413
main 126016
main 176488
main 128708
main 138869
main 141971
main 127487
main 132362
main 127789
main 129165
main 127994
main 127767
main 130134
main 131499
main 127658
main 143234
main 129924
main 126893
main 126200
main 126263
main 127678
main 127000
main 126157
main 129495
main 127751
main 131529
main 125941
main 125759
main 139769
main 128939
main 128321
main 128219
main 127953
main 130882
main 128145
main 129778
main 129651
main 126516
main 127383
main 127000
main 127282
main 127677
main 129167
main 127810
main 128735
main 127398
main 138567
main 131441
main 129207
main 129256
main 127421
main 127501
main 126809
main 129091
main 128271
main 129017
main 128275
main 131952
main 129112
main 127183
main 127226
main 149650
main 130125
main 130610
main 126731
main 130750
main 125973
main 149110
main 129924
main 131870
main 126869
main 126975
main 128700
main 135916
main 125974
main 127140
main 151055
main 127221
main 137558
main 127514
main 128504
main 127192
main 125983
main 153896
main 127433
main 129205
main 127470
main 128927
main 128753
main 129035
main 131550
main 141752
main 128791
main 155405
main 132283
main 149112
main 128487
main 127074
main 128000
main 135404
main 129928
main 139097
main 131034
main 132053
main 128694
main 129050
main 127347
main 128747
main 139770
main 129855
main 168162
main 132412
main 130580
main 135784
main 133554
main 127193
main 126381
main 131125
main 181285
main 131822
main 130132
main 137267
main 129563
main 127374
main 145278
main 152981
main 190471
main 137652
main 129233
main 129092
main 126195
main 127000
main 131172
main 163541
main 127528
main 125639
main 129272
main 140997
main 129948
main 139151
main 150180
main 126465
main 128698
main 125670
main 126195
main 126609
main 129962
main 128558
main 134019
main 128563
main 128664
main 126217
main 128223
main 126761
main 143204
main 126019
main 127444
main 127328
main 127597
main 127345
main 127859
main 143623
main 134924
main 137218
main 135282
main 130989
main 141824
main 136241
main 129422
main 130925
main 170304
main 128151
main 130775
main 129772
main 148341
main 126446
main 135462
main 138695
main 129471
main 127847
main 127752
main 128695
main 133896
main 139125
main 138653
main 133698
main 138318
main 128705
main 127498
main 124871
main 129866
main 129347
main 127250
main 129974
main 127719
main 130258
main 127321
main 127651
main 164491
main 130591
main 126967
main 129867
main 127999
main 124849
main 131951
main 127013
main 130822
main 136951
main 129283
main 130529
main 129008
main 133112
main 132927
main 128224
main 132580
main 136210
main 128092
main 131996
main 128452
main 129332
main 126970
main 129128
main 146286
main 128562
main 130897
main 131204
main 128048
main 130928
main 132862
main 131096
