main 889253
main 837828
main 861918
main 839187
main 861770
main 838140
main 860608
main 840237
main 858891
main 838218
main 837572
main 853898
main 837326
main 842124
main 838427
main 835346
main 838168
main 842802
main 838308
main 840958
main 838883
main 837461
main 838020
main 840484
main 852684
main 842180
main 838192
main 845555
main 837275
main 842823
main 844530
main 836802
main 854453
main 840599
main 837589
main 838418
main 837815
main 839455
main 848048
main 838006
main 839034
main 864820
main 840745
main 838644
main 838598
main 843371
main 836622
main 836973
main 838732
main 841270
main 843879
main 842500
main 840098
main 837347
main 840432
main 837208
main 852050
main 836750
main 838983
main 838829
main 862894
main 840630
main 840749
main 837004
main 837342
main 839887
main 837102
main 838891
main 838905
main 836902
main 838281
main 877623
main 838164
main 857398
main 902564
main 836059
main 836573
main 840957
main 839754
main 839835
main 841018
main 860226
main 838225
main 839354
main 838072
main 838761
main 841822
main 838776
main 838588
main 842956
main 837636
main 841513
main 840064
main 842687
main 839350
main 842157
main 840498
main 841264
main 840043
main 839877
main 839322
main 851191
main 837418
main 837708
main 840215
main 837390
main 835739
main 841526
main 836922
main 847515
main 843743
main 840121
main 838417
main 839954
main 839901
main 838622
main 840669
main 838355
main 838627
main 835804
main 841420
main 844869
main 838715
main 835856
main 839668
main 838497
main 840008
main 840160
main 837807
main 838777
main 838077
main 840273
main 849889
main 841627
main 839377
main 839258
main 839478
main 838631
main 842002
main 841097
main 839691
main 838425
main 837650
main 878265
main 841735
main 841173
main 838114
main 839300
main 838807
main 842732
main 843328
main 842553
main 836564
main 836633
main 839947
main 838701
main 840507
main 843213
main 837843
main 853433
main 842120
main 839243
main 836170
main 837573
main 839418
main 836468
main 838836
main 837834
main 836288
main 839984
main 843956
main 838195
main 839135
main 837633
main 839717
main 844418
main 838924
main 839710
main 841695
main 841872
main 835199
main 843987
main 840481
main 848473
main 839970
main 839100
main 841545
main 841532
main 843647
main 852852
main 852649
main 848375
main 839567
main 843099
main 838951
main 838719
main 841419
main 838175
main 836034
main 839326
main 839615
main 841649
main 836949
main 838392
main 837650
main 842027
main 837339
main 840710
main 837486
main 855093
main 838372
main 836852
main 841557
main 835950
main 836157
main 838681
main 877639
main 854026
main 840173
main 840512
main 844013
main 842054
main 837597
main 847450
main 835747
main 837854
main 846693
main 836725
main 846178
main 840521
main 840387
main 839040
main 838757
main 841681
main 835104
main 835981
main 838254
main 837170
main 837312
main 839169
main 836686
main 840848
main 840401
main 840203
main 837739
main 838928
main 839305
main 839731
main 838922
main 840013
main 839027
main 838435
main 841026
main 839189
main 840671
main 837093
main 838308
main 840968
main 838754
main 863155
main 837867
main 854042
main 836795
main 844271
main 844067
main 841427
main 838937
main 841048
main 842801
main 837173
main 841328
main 839082
main 839117
main 842288
main 841519
main 838597
main 837962
main 836181
main 841155
main 840068
main 840292
main 838809
main 842125
main 848631
main 839944
main 834116
main 840281
main 844524
main 878212
main 838511
main 837581
main 838446
main 840237
main 838098
main 839665
main 836817
main 842533
main 883790
main 836635
main 842140
main 838663
main 839954
main 839354
main 861200
main 839118
main 837456
main 838208
main 840814
main 838680
main 840415
main 837886
main 838282
main 842706
main 848780
main 838694
main 837378
main 840690
main 837311
main 839900
main 837054
main 840612
main 868177
main 835543
main 835959
main 834890
main 839142
main 836291
main 838976
main 840302
main 842326
main 840464
main 837385
main 841947
main 838772
main 838627
main 839290
main 847512
main 841088
main 838461
main 836887
main 837515
main 840336
main 843133
main 839786
main 840655
main 841928
main 837338
main 843177
main 840969
main 841704
main 837098
main 844380
main 841803
main 840669
main 846014
main 842903
main 843345
main 838065
main 840821
main 840032
main 858221
main 848706
main 850155
main 837715
main 847147
main 837018
main 839703
main 836711
main 837022
main 839882
main 839413
main 839937
main 840438
main 838279
main 837595
main 837266
main 838727
main 849302
main 852271
main 842413
main 840237
main 839932
main 837402
main 841798
main 841339
main 850117
main 836766
main 834456
main 844064
main 842513
main 837693
main 838307
main 837191
main 836983
main 843144
main 837686
main 856445
main 846897
main 850784
main 839772
main 839621
main 847774
main 840476
main 872300
main 909361
main 839042
main 837402
main 846333
main 840883
main 850368
main 839919
main 855820
main 839129
main 837678
main 840307
main 837530
main 839473
main 844071
main 841545
main 839312
main 839684
main 841218
main 840605
main 836222
main 840516
main 837657
main 847643
main 841368
main 843749
main 838572
main 842722
main 856156
main 838740
main 838025
main 839635
main 845415
main 849671
main 841394
main 839278
main 836944
main 847036
main 856592
main 847540
main 855243
main 838903
main 837892
main 844277
main 840612
main 839463
main 854715
main 840991
main 838053
main 850692
main 844581
main 858874
main 839083
main 849028
main 839466
main 839957
main 838558
main 854490
main 838029
main 837461
main 839061
main 845253
main 843565
main 849829
main 850910
main 844321
main 846597
main 839762
main 840845
main 839155
main 840322
main 838723
main 844637
main 838201
main 842355
main 841122
main 836628
main 841673
main 844807
main 844756
main 839108
main 845826
main 838413
main 950180
main 845265
main 838403
main 841040
main 838688
main 834686
main 837619
main 840012
main 838863
main 843235
main 840456
main 841740
main 841590
main 840009
main 839869
main 838104
main 880485
main 839213
main 840088
main 842074
main 841446
main 838706
main 842961
main 836883
main 838300
main 840983
main 856479
main 844496
main 843351
main 845524
main 841210
main 843045
main 838548
main 835207
main 837623
main 836725
main 841167
main 854652
main 844485
main 838149
main 838668
main 839880
main 840452
main 840545
main 843900
main 851667
main 839278
main 839884
main 838299
main 843269
main 845114
main 836821
main 837007
main 837959
main 840022
main 837712
main 839775
main 842558
main 840851
main 842760
main 838504
main 839464
main 840030
main 839178
main 837693
main 837533
main 837237
main 837454
main 837767
main 838678
main 839755
main 835942
main 838432
main 838541
main 840388
main 841075
main 837030
main 851838
main 838197
main 838410
main 837660
main 839459
main 879814
main 841624
main 839230
main 839670
main 839347
main 837868
main 836615
main 868676
main 839146
main 840391
main 838899
main 838867
main 840961
main 839537
main 841859
main 838634
main 845117
main 842300
main 847168
main 839786
main 838847
main 837334
main 838911
main 841133
main 838847
main 837529
main 837565
main 837077
main 840588
main 840125
main 842630
main 835147
main 835166
main 843030
main 836075
main 840704
main 839113
main 835908
main 839137
main 837337
main 837010
main 840058
main 839465
main 842523
main 839442
main 841211
main 840236
main 836397
main 836856
main 838256
main 837528
main 837163
main 839830
main 839836
main 840507
main 837753
main 839356
main 840707
main 923561
main 838735
main 838090
main 837868
main 836239
main 846091
main 838591
main 837723
main 843988
main 840527
main 838844
main 861840
main 841626
main 842443
main 840251
main 838611
main 839749
main 837150
main 838750
main 843666
main 844707
main 902000
main 841941
main 840878
main 861343
main 840618
main 842199
main 841241
main 841070
main 838580
main 842188
main 842059
main 837651
main 837098
main 838099
main 840218
main 842803
main 840676
main 842087
main 840108
main 837752
main 848599
main 849617
main 842400
main 852047
main 835523
main 840292
main 846747
main 839499
main 841317
main 838595
main 839896
main 839613
main 838530
main 837301
main 842341
main 838497
main 840143
main 838725
main 837921
main 840618
main 839592
main 837530
main 835032
main 838022
main 842560
main 840221
main 1491474
main 839595
main 840606
main 836246
main 843088
main 852270
main 854416
main 850195
main 841496
main 837511
main 839751
main 837021
main 842557
main 845582
main 840693
main 839406
main 840165
main 842846
main 839217
main 838087
main 839327
main 889922
main 840275
main 838336
main 843610
main 883968
main 838351
main 841496
main 843950
main 840163
main 838676
main 836149
main 836473
main 864998
main 839327
main 840956
main 842196
main 838840
main 863276
main 841810
main 835180
main 843360
main 838894
main 840572
main 838494
main 845926
main 842762
main 841800
main 837528
main 840460
main 839291
main 838569
main 839149
main 842764
main 838172
main 838275
main 839772
main 837774
main 840312
main 843231
main 843016
main 838436
main 841050
main 843765
main 835767
main 838476
main 838498
main 844838
main 851349
main 836442
main 841639
main 836393
main 840381
main 839872
main 838697
main 838328
main 854303
main 838550
main 841982
main 850234
main 838791
main 839188
main 836729
main 843270
main 845504
main 839131
main 840060
main 842899
main 841013
main 840271
main 854952
main 837755
main 836537
main 839299
main 843704
main 837722
main 858194
main 840447
main 843346
main 837517
main 842710
main 846773
main 845262
main 838760
main 838742
main 835660
main 839099
main 842830
main 839658
main 837920
main 856974
main 837350
main 839388
main 840741
main 845369
main 839107
main 854950
main 868503
main 838452
main 836934
main 843088
main 838635
main 837100
main 842712
main 840233
main 837186
main 840932
main 838249
main 840250
main 839914
main 838548
main 840345
main 839902
main 839422
main 836823
main 841867
main 838504
main 839472
main 842890
main 840755
main 843544
main 835765
main 839985
main 838304
main 834803
main 850800
main 836508
main 837685
main 842331
main 841001
main 842013
main 845592
main 840881
main 838167
main 853398
main 838420
main 837897
main 840368
main 842730
main 841211
main 840198
main 839550
main 836575
main 846112
main 844222
main 837469
main 846608
main 846098
main 836254
main 876772
main 838496
main 837122
main 840745
main 837867
main 837147
main 840439
main 839038
main 860019
main 837421
main 842160
main 837766
main 838964
main 847919
main 872440
main 842913
main 849356
main 841379
main 844082
main 875549
main 837262
main 838141
main 836015
main 845412
main 851839
main 839899
main 841131
main 840555
main 843664
main 842341
main 844984
main 839678
main 839468
main 839461
main 842690
main 836977
main 858620
main 853295
main 838411
main 845106
main 836794
main 841167
main 840373
main 839090
main 842632
main 842680
main 838939
main 840375
main 836075
main 839435
main 836776
main 838233
main 841898
main 841726
main 837242
main 840242
main 847366
main 838049
main 839816
main 841780
main 844947
main 839921
main 841421
main 842523
main 837994
main 843398
main 841391
main 837923
main 839562
main 844002
main 841824
main 846782
main 876896
main 838361
main 837684
main 839416
main 837370
main 837925
main 839727
main 847011
main 840608
main 843586
main 863647
main 839617
main 841718
main 843215
main 840873
main 849086
main 838928
main 840897
main 858861
main 840990
main 842638
main 840407
main 841516
main 837723
main 843084
main 841745
main 840019
main 845245
main 854580
main 845535
main 841128
main 839444
main 840007
main 840074
main 845149
main 838562
main 839078
main 837600
main 840211
main 841235
main 839389
main 840440
main 859130
main 841909
main 835828
main 845968
main 838495
main 841854
main 842721
main 841463
main 837627
main 845154
main 840219
main 838331
main 841262
main 845798
main 837345
main 843185
main 838828
main 840401
main 843411
main 850552
main 839690
main 840399
main 835910
main 837045
