main 52178
main 53868
main 51601
main 54082
main 65621
main 64667
main 64291
main 51767
main 54053
main 60430
main 80962
main 52493
main 81199
main 57901
main 72785
main 71157
main 56047
main 75034
main 64238
main 86592
main 74280
main 75028
main 62029
main 51777
main 51827
main 53055
main 82355
main 80042
main 54144
main 73264
main 95017
main 54895
main 91502
main 51229
main 51912
main 79302
main 58589
main 80464
main 55074
main 51899
main 67582
main 50942
main 51013
main 54972
main 110881
main 52486
main 72536
main 86371
main 53262
main 63679
main 81274
main 57984
main 52694
main 53601
main 52821
main 80933
main 65982
main 53672
main 52152
main 50998
main 53550
main 56279
main 51937
main 65600
main 70538
main 59659
main 60971
main 58386
main 55215
main 79939
main 53668
main 56139
main 69286
main 64681
main 58035
main 56899
main 61384
main 78727
main 59225
main 80540
main 74381
main 79253
main 55738
main 76310
main 54771
main 56062
main 58864
main 72677
main 56044
main 58930
main 60474
main 92937
main 58384
main 55890
main 92331
main 54351
main 55500
main 59083
main 52038
main 53006
main 52623
main 52940
main 52212
main 62027
main 52051
main 58820
main 51683
main 90522
main 51666
main 54663
main 53948
main 53438
main 57040
main 84211
main 92018
main 52909
main 54478
main 51102
main 87486
main 60810
main 58999
main 54042
main 61167
main 85806
main 52602
main 61076
main 93080
main 52103
main 74150
main 54717
main 59329
main 53044
main 52296
main 51903
main 51919
main 52787
main 53457
main 54581
main 51872
main 57709
main 66705
main 54251
main 62549
main 67941
main 51780
main 65063
main 79939
main 108261
main 52324
main 91753
main 66447
main 51762
main 52933
main 56119
main 54944
main 52678
main 61335
main 53307
main 53185
main 64257
main 83625
main 54769
main 67348
main 51632
main 52872
main 54746
main 62086
main 63845
main 52023
main 74644
main 60669
main 54781
main 84235
main 56431
main 59981
main 56686
main 86036
main 52754
main 52016
main 52997
main 51046
main 70948
main 51827
main 71692
main 85708
main 51440
main 52801
main 53551
main 51767
main 52605
main 74439
main 84582
main 52105
main 56314
main 52281
main 55012
main 82029
main 54839
main 83234
main 56842
main 72921
main 53208
main 53568
main 51957
main 52626
main 51679
main 51886
main 94372
main 52128
main 54008
main 54902
main 71821
main 88884
main 75294
main 52994
main 51058
main 50226
main 50603
main 51264
main 51023
main 51606
main 51741
main 51632
main 50252
main 50329
main 50353
main 49279
main 50843
main 50203
main 49309
main 51811
main 50892
main 51392
main 49768
main 52413
main 49406
main 50120
main 51020
main 49636
main 53289
main 50268
main 51056
main 51356
main 51085
main 50255
main 50994
main 51097
main 50963
main 50131
main 56328
main 50896
main 50987
main 50724
main 50726
main 51578
main 50248
main 51116
main 52766
main 50312
main 50341
main 49346
main 50191
main 51111
main 51683
main 62883
main 50180
main 50879
main 52094
main 49913
main 50347
main 49904
main 52615
main 51212
main 51319
main 51079
main 50658
main 50663
main 50641
main 50536
main 50070
main 50752
main 50236
main 50901
main 50067
main 51234
main 50772
main 51823
main 51764
main 50282
main 50777
main 51641
main 52890
main 51714
main 55425
main 50387
main 54190
main 57148
main 57383
main 56544
main 50742
main 155235
main 51116
main 51094
main 51047
main 51320
main 51069
main 49817
main 50098
main 49690
main 51160
main 51261
main 49470
main 50125
main 50891
main 50099
main 58339
main 67168
main 80645
main 58446
main 68762
main 93478
main 93417
main 68641
main 75564
main 53813
main 54805
main 68857
main 56624
main 57201
main 55621
main 54989
main 79238
main 55474
main 56175
main 91993
main 58525
main 60123
main 56318
main 74577
main 79904
main 79860
main 55459
main 62068
main 57859
main 81519
main 67861
main 74731
main 50807
main 50206
main 49744
main 49581
main 50036
main 52796
main 50761
main 61090
main 51727
main 50377
main 50330
main 51623
main 50115
main 55948
main 50741
main 51732
main 50366
main 50028
main 50311
main 50926
main 59918
main 53678
main 52163
main 55425
main 61278
main 56605
main 50667
main 54574
main 51644
main 52676
main 51637
main 51119
main 50901
main 50416
main 50985
main 51388
main 50866
main 49835
main 50749
main 53276
main 50107
main 52419
main 55921
main 54010
main 50910
main 50242
main 50709
main 52206
main 50604
main 49950
main 50743
main 50300
main 49625
main 50556
main 52161
main 50455
main 51482
main 71496
main 51166
main 51775
main 93319
main 50281
main 53253
main 51469
main 50548
main 51481
main 50665
main 51154
main 51955
main 50885
main 49967
main 50860
main 51649
main 50519
main 50603
main 50482
main 64686
main 52596
main 137220
main 50821
main 138397
main 51178
main 50639
main 50581
main 52905
main 51276
main 50344
main 49848
main 50985
main 50639
main 50884
main 50940
main 49165
main 51358
main 51504
main 50221
main 52064
main 50605
main 51520
main 50446
main 50690
main 50470
main 50724
main 50338
main 51765
main 51577
main 51633
main 50250
main 50228
main 57254
main 53570
main 53732
main 52520
main 49563
main 50142
main 51121
main 51710
main 49641
main 50642
main 50012
main 50975
main 51370
main 52633
main 52826
main 50509
main 51035
main 49995
main 50956
main 54803
main 52031
main 50336
main 50292
main 49879
main 50610
main 50052
main 53112
main 50689
main 50179
main 50328
main 50336
main 51696
main 50489
main 51271
main 49495
main 51345
main 52141
main 50622
main 49865
main 51032
main 50053
main 50815
main 50728
main 50589
main 50594
main 51761
main 51714
main 49681
main 53951
main 50697
main 51141
main 51585
main 53450
main 49025
main 51049
main 51589
main 50191
main 50293
main 55799
main 51527
main 54428
main 53449
main 50364
main 51077
main 50835
main 50201
main 50511
main 51253
main 49665
main 50984
main 50225
main 61783
main 50936
main 56641
main 50164
main 53117
main 51336
main 50145
main 76473
main 56768
main 54079
main 49846
main 50103
main 50849
main 50468
main 61384
main 50578
main 51264
main 50514
main 50186
main 50659
main 51710
main 50347
main 51215
main 50699
main 51014
main 50352
main 51374
main 51738
main 52930
main 54447
main 50260
main 50455
main 51955
main 51581
main 55686
main 54135
main 81927
main 85568
main 56532
main 57808
main 55222
main 54473
main 96587
main 70881
main 57253
main 94480
main 58021
main 81420
main 58282
main 56174
main 53677
main 58081
main 55293
main 57552
main 56953
main 59986
main 58759
main 78618
main 55219
main 71510
main 71265
main 90913
main 93407
main 55908
main 61007
main 62255
main 55025
main 80295
main 70979
main 66652
main 59100
main 56127
main 50727
main 52771
main 50873
main 51191
main 50713
main 51694
main 51326
main 56375
main 51305
main 51279
main 49080
main 68131
main 51099
main 50125
main 50561
main 50145
main 51443
main 50867
main 51607
main 52734
main 50164
main 50809
main 52936
main 50499
main 50158
main 50999
main 50488
main 51470
main 50867
main 55849
main 52984
main 51577
main 54652
main 50860
main 50591
main 53766
main 50024
main 52291
main 50406
main 50523
main 51075
main 50911
main 50825
main 50164
main 50394
main 50874
main 49451
main 50180
main 53824
main 49585
main 50153
main 51060
main 49914
main 49744
main 68682
main 50466
main 50291
main 50980
main 50564
main 49906
main 51290
main 51573
main 50855
main 52145
main 50411
main 51674
main 51015
main 67190
main 50549
main 51207
main 50497
main 50475
main 51340
main 51106
main 53032
main 50687
main 50546
main 53862
main 50840
main 50773
main 49985
main 51078
main 51639
main 49754
main 49875
main 50361
main 49499
main 51929
main 51464
main 51168
main 52389
main 50664
main 53535
main 52801
main 52964
main 51951
main 51896
main 50966
main 50619
main 51358
main 51236
main 51237
main 51593
main 53113
main 51814
main 50644
main 49615
main 49459
main 50304
main 50832
main 49639
main 50616
main 50122
main 55079
main 51728
main 53758
main 51900
main 49905
main 50720
main 50364
main 52720
main 49865
main 50556
main 50319
main 51534
main 50371
main 52044
main 51366
main 49865
main 50885
main 49686
main 49932
main 52172
main 50516
main 50406
main 51974
main 49516
main 53817
main 55717
main 50496
main 54542
main 55564
main 58890
main 90146
main 53942
main 51902
main 54234
main 51488
main 51105
main 50531
main 51633
main 51090
main 49844
main 56555
main 50256
main 49419
main 50376
main 49412
main 50330
main 51589
main 50531
main 59524
main 49933
main 49246
main 49725
main 50509
main 51309
main 50102
main 51093
main 64550
main 50072
main 50841
main 51959
main 50622
main 52388
main 54280
main 50097
main 50803
main 49913
main 50079
main 50226
main 53080
main 57636
main 49931
main 49733
main 51429
main 49579
main 52117
main 52579
main 49825
main 52420
main 49955
main 50357
main 49659
main 50924
main 51174
main 50628
main 50538
main 50498
main 49525
main 54078
main 50667
main 50143
main 50821
main 50142
main 51956
main 51799
main 51062
main 51334
main 55899
main 50604
main 54065
main 51225
main 51055
main 50223
main 51251
main 50398
main 50309
main 70071
main 69761
main 61235
main 59680
main 87850
main 56812
main 59503
main 59453
main 72218
main 57019
main 57035
main 55904
main 89168
main 60013
main 56873
main 66318
main 55663
main 101588
main 82908
main 69753
main 54638
main 54356
main 80613
main 72460
main 92989
main 56164
main 70088
main 54658
main 57744
main 57063
main 55732
main 58347
main 54909
main 55317
main 54927
main 96804
main 501412
main 51701
main 51502
main 51215
main 53051
main 54259
main 52982
main 50121
main 50044
main 50544
main 51024
main 50505
main 51256
main 50466
main 50362
main 49188
main 56237
main 50856
main 50219
main 51713
main 49876
main 50468
main 49429
main 50140
main 120287
main 49917
main 51345
main 50835
main 49782
main 50846
main 51272
main 50352
main 49874
main 49842
main 52730
main 52923
main 55081
main 51459
main 50130
main 53707
main 51911
main 51789
main 49289
main 51704
main 49664
main 52311
main 98855
main 50225
main 51739
main 51077
main 51359
main 50918
main 51883
main 50250
main 50188
main 51613
main 50713
main 50706
main 51906
main 52155
main 92279
main 51471
main 53802
main 50310
main 49908
main 49999
main 64107
main 51092
main 50226
main 51546
main 50229
main 50591
main 50846
main 50933
main 52038
main 51438
main 52470
main 52582
main 50507
main 50365
main 51000
main 51025
main 51332
main 50245
main 51079
main 52736
main 50773
main 51368
main 51971
main 51433
main 50462
main 51468
main 50628
main 50911
main 52521
main 51241
main 50140
main 50668
main 52368
main 50302
main 51075
main 51629
main 50444
main 50941
main 68961
main 51560
main 50100
main 50302
main 51671
main 49734
main 50594
main 56092
main 51193
main 50165
main 51249
main 52825
main 50920
main 50342
main 50625
main 51172
main 50826
main 51672
main 53535
main 52388
main 50481
main 51199
main 50119
main 50779
main 77905
main 52282
main 50809
main 50556
main 52214
main 49581
main 50193
main 50907
main 49960
main 52161
main 50302
main 50484
main 50833
main 51021
main 51128
main 51216
main 50742
main 51154
main 53133
