main 21772
main 25197
main 10659
main 22198
main 11037
main 12355
main 10361
main 10925
main 28131
main 22018
main 10723
main 14545
main 10162
main 11906
main 14993
main 12456
main 9707
main 10805
main 12141
main 12059
main 11508
main 11262
main 11756
main 13614
main 15283
main 39882
main 11122
main 11451
main 11498
main 10092
main 10397
main 10749
main 10411
main 11018
main 12510
main 10311
main 10701
main 49818
main 21669
main 60383
main 32947
main 19068
main 25187
main 12608
main 30375
main 10695
main 31579
main 15651
main 59812
main 12466
main 11459
main 11685
main 10681
main 11506
main 10920
main 12320
main 12902
main 22406
main 11199
main 13592
main 11400
main 11534
main 11867
main 11118
main 13334
main 16261
main 10956
main 12578
main 10674
main 10880
main 11045
main 12357
main 12023
main 11499
main 11774
main 10945
main 30161
main 12534
main 13179
main 11041
main 11074
main 11773
main 20541
main 11767
main 23836
main 16815
main 10435
main 11183
main 22325
main 14247
main 41860
main 14296
main 30356
main 11042
main 10975
main 11075
main 11449
main 14371
main 18710
main 11431
main 10664
main 13657
main 13530
main 23178
main 19425
main 12219
main 13179
main 10813
main 11681
main 11633
main 12929
main 11987
main 16335
main 12244
main 14335
main 25913
main 10787
main 86682
main 10980
main 17739
main 11366
main 19664
main 12432
main 10526
main 10478
main 24903
main 12189
main 11647
main 11175
main 11524
main 11098
main 33403
main 10856
main 11122
main 11422
main 10741
main 24538
main 10861
main 11552
main 11519
main 11392
main 12425
main 15328
main 13003
main 21355
main 11592
main 19300
main 13075
main 12511
main 14650
main 11846
main 13878
main 15077
main 11839
main 16328
main 14295
main 16492
main 24918
main 19389
main 35533
main 12280
main 16454
main 18245
main 13647
main 17645
main 10000
main 10398
main 12538
main 15383
main 9973
main 11686
main 21476
main 10050
main 11300
main 12041
main 10972
main 10551
main 12592
main 11512
main 14379
main 17166
main 15941
main 11955
main 21731
main 11751
main 41379
main 11657
main 11541
main 11527
main 27239
main 12158
main 12085
main 11292
main 11560
main 10628
main 24555
main 9964
main 10531
main 11551
main 12156
main 11262
main 14348
main 10379
main 10871
main 10888
main 11295
main 9931
main 35048
main 11635
main 19074
main 10820
main 11093
main 11478
main 11797
main 10749
main 12544
main 34900
main 12254
main 34073
main 10023
main 10415
main 11617
main 10754
main 11116
main 10744
main 10304
main 12210
main 9724
main 9998
main 10517
main 9460
main 22615
main 104823
main 10643
main 11791
main 11757
main 9541
main 11756
main 10378
main 10764
main 32991
main 15899
main 10457
main 10266
main 11143
main 10110
main 14726
main 14517
main 18599
main 10411
main 10754
main 11529
main 9929
main 10493
main 23465
main 12776
main 10557
main 12123
main 23759
main 12943
main 10207
main 10180
main 15174
main 10033
main 11924
main 10120
main 9793
main 10514
main 10406
main 14063
main 9345
main 10791
main 9945
main 9728
main 11099
main 12064
main 19244
main 9061
main 11290
main 9342
main 10665
main 9108
main 10523
main 13906
main 10227
main 10174
main 14140
main 9048
main 9058
main 9860
main 10448
main 9543
main 9700
main 10729
main 9905
main 33713
main 10469
main 9218
main 10191
main 8861
main 11961
main 9410
main 9060
main 33283
main 10598
main 9367
main 9845
main 10165
main 9164
main 9744
main 10607
main 32126
main 64502
main 12691
main 13939
main 9773
main 10733
main 16439
main 44195
main 11163
main 11002
main 11617
main 63685
main 50579
main 37005
main 9174
main 13994
main 9575
main 24873
main 10267
main 10530
main 15337
main 11997
main 10137
main 30025
main 19463
main 10696
main 11815
main 9667
main 10186
main 32887
main 10520
main 10009
main 19723
main 21166
main 21294
main 9624
main 11043
main 9604
main 9275
main 11759
main 14981
main 26800
main 12060
main 10929
main 10523
main 11335
main 10298
main 12780
main 12043
main 10699
main 9611
main 24176
main 9949
main 11047
main 20015
main 13860
main 9223
main 9980
main 10886
main 10752
main 10278
main 11953
main 10847
main 164809
main 10911
main 10378
main 9970
main 10996
main 31836
main 10781
main 29524
main 9937
main 10594
main 10037
main 10005
main 9498
main 11154
main 9770
main 10797
main 10839
main 11683
main 9651
main 9237
main 12365
main 9772
main 9987
main 14847
main 9398
main 9746
main 9342
main 11235
main 11780
main 10103
main 10804
main 10182
main 10152
main 10080
main 12781
main 10486
main 10341
main 10296
main 10276
main 9720
main 9657
main 9916
main 10105
main 15299
main 8922
main 24142
main 12620
main 10343
main 10172
main 10129
main 10746
main 9683
main 28854
main 10560
main 44703
main 11850
main 9696
main 10171
main 10351
main 10809
main 14390
main 10196
main 12055
main 25861
main 12312
main 10036
main 18868
main 9973
main 10242
main 10323
main 12042
main 13185
main 9875
main 10964
main 31608
main 9899
main 8940
main 11000
main 9918
main 9858
main 11294
main 10269
main 11332
main 10982
main 9183
main 10213
main 12040
main 11026
main 9500
main 12347
main 9638
main 20228
main 11949
main 10655
main 9852
main 13489
main 10453
main 9846
main 10355
main 10937
main 10089
main 10205
main 13055
main 10098
main 16864
main 15529
main 9237
main 44632
main 10110
main 9838
main 10968
main 9379
main 10038
main 9645
main 12544
main 9932
main 10379
main 10042
main 10395
main 10692
main 10397
main 10535
main 11206
main 11942
main 9376
main 17564
main 9725
main 45290
main 11345
main 9914
main 25740
main 13681
main 10145
main 10886
main 13749
main 9075
main 10192
main 10962
main 10229
main 12945
main 10272
main 10151
main 10761
main 9564
main 9927
main 19401
main 10049
main 10675
main 11295
main 10181
main 9646
main 9710
main 16148
main 10711
main 11904
main 11030
main 10827
main 10402
main 11261
main 11300
main 10577
main 11100
main 13153
main 9998
main 9803
main 11887
main 11035
main 9299
main 10004
main 9237
main 28304
main 10783
main 10880
main 11859
main 10842
main 9986
main 9510
main 9914
main 9320
main 9506
main 10616
main 36029
main 12909
main 10298
main 11230
main 9918
main 10063
main 10326
main 12003
main 10194
main 10593
main 10801
main 17080
main 10780
main 10164
main 10190
main 11695
main 46538
main 13677
main 9586
main 57095
main 10427
main 11412
main 10164
main 27726
main 10306
main 9667
main 11261
main 10422
main 10198
main 9694
main 74394
main 11175
main 9001
main 9697
main 8586
main 10611
main 10627
main 9446
main 10617
main 26694
main 9770
main 22655
main 35606
main 10389
main 10252
main 9976
main 10313
main 14259
main 9441
main 10008
main 9752
main 10126
main 9606
main 10614
main 11166
main 10480
main 10019
main 9939
main 10365
main 10810
main 12532
main 10869
main 16900
main 9826
main 10807
main 10411
main 9842
main 10613
main 12094
main 8750
main 9708
main 9021
main 12025
main 8762
main 9649
main 10259
main 11152
main 9553
main 55691
main 10236
main 10606
main 11163
main 10985
main 12106
main 10901
main 15391
main 10205
main 12984
main 9050
main 27376
main 9967
main 10333
main 33737
main 10140
main 10324
main 10513
main 9689
main 10970
main 14852
main 10941
main 10719
main 9247
main 12016
main 10987
main 11005
main 10481
main 12221
main 9270
main 10487
main 9084
main 9569
main 8831
main 9343
main 9648
main 78001
main 62936
main 21596
main 11078
main 10501
main 12916
main 10833
main 11082
main 9728
main 17783
main 10123
main 10446
main 11068
main 10888
main 11194
main 9488
main 10765
main 13958
main 11288
main 11370
main 10796
main 12333
main 11365
main 9632
main 11711
main 9591
main 10371
main 11828
main 10688
main 9892
main 12460
main 12338
main 16468
main 11813
main 11104
main 10890
main 10869
main 12926
main 24065
main 10120
main 10770
main 14674
main 10413
main 11870
main 10531
main 44871
main 44648
main 9924
main 10915
main 13173
main 24039
main 25854
main 68715
main 84940
main 46677
main 37212
main 27258
main 10503
main 16574
main 56884
main 50328
main 52630
main 9694
main 11015
main 12236
main 10387
main 10222
main 9751
main 9478
main 108580
main 22302
main 64783
main 11528
main 10951
main 93734
main 85604
main 10920
main 10168
main 9655
main 116478
main 10745
main 11107
main 10676
main 10662
main 12572
main 10995
main 10803
main 11612
main 13471
main 10725
main 10284
main 11256
main 10927
main 13017
main 11064
main 10684
main 8579
main 12884
main 10858
main 9994
main 19100
main 15691
main 12170
main 11063
main 11765
main 11224
main 25585
main 15615
main 10934
main 10333
main 11999
main 11017
main 9905
main 9388
main 11421
main 18696
main 13857
main 22072
main 10564
main 9401
main 10927
main 15152
main 10345
main 11077
main 10440
main 9875
main 9793
main 9817
main 13154
main 10547
main 10321
main 125452
main 11793
main 10841
main 9793
main 12616
main 10856
main 11274
main 10521
main 9436
main 10556
main 11319
main 10121
main 11258
main 10741
main 10220
main 9975
main 9537
main 11766
main 10776
main 14919
main 10713
main 10840
main 10291
main 10353
main 10403
main 13557
main 11374
main 27381
main 10500
main 10413
main 14041
main 23126
main 10512
main 11416
main 11267
main 11007
main 10560
main 10296
main 10906
main 10524
main 14793
main 10866
main 10870
main 12530
main 11291
main 11062
main 12164
main 12582
main 10042
main 12161
main 12427
main 9292
main 10824
main 11812
main 11081
main 13481
main 11102
main 10588
main 10578
main 10052
main 9173
main 9557
main 35334
main 11144
main 10055
main 10766
main 9863
main 9705
main 10907
main 10157
main 10700
main 11306
main 10398
main 11811
main 10854
main 10367
main 11449
main 23840
main 10021
main 11568
main 11008
main 16206
main 9935
main 10761
main 10779
main 13063
main 10097
main 11361
main 9948
main 11273
main 9894
main 10221
main 10563
main 10030
main 9131
main 9935
main 19163
main 11753
main 10456
main 14324
main 11754
main 10201
main 9368
main 10130
main 10161
main 11407
main 10893
main 11302
main 13037
main 11262
main 12045
main 9904
main 9253
main 9010
main 9192
main 10381
main 10989
main 11156
main 10814
main 10049
main 9542
main 9836
main 9770
main 9870
main 9952
main 10019
main 10729
main 36366
main 10896
main 10268
main 10416
main 9406
main 67222
main 9451
main 10974
main 10223
main 11908
main 13079
main 9744
main 10574
main 10583
main 11495
main 12546
main 29525
main 9594
main 11162
main 13319
main 9745
main 10165
main 10786
main 20837
main 10902
main 10033
main 9564
main 9897
main 10665
main 10385
main 10323
main 9310
main 9372
main 9853
main 9513
main 9851
main 47118
main 10861
main 12864
main 57309
main 10468
main 10937
main 12077
main 13571
main 11508
main 10583
main 11892
main 11233
main 11530
main 10201
main 12372
main 18242
main 13128
main 10855
main 13561
main 11498
main 10382
main 17353
main 11650
main 11676
main 113744
main 8972
main 10075
main 10314
main 12108
main 12672
main 11785
main 11464
main 10914
main 67990
main 11511
main 11810
main 10086
