main 68538
main 32667
main 39497
main 22893
main 26723
main 28145
main 24123
main 23342
main 23083
main 27314
main 22550
main 24699
main 23020
main 27390
main 23701
main 25529
main 23379
main 26697
main 21977
main 22491
main 23451
main 22690
main 23741
main 22704
main 22132
main 22803
main 22178
main 22837
main 22052
main 20960
main 23047
main 23333
main 22984
main 21894
main 22739
main 21456
main 23282
main 24910
main 24473
main 21227
main 23988
main 19222
main 20044
main 21488
main 19440
main 23364
main 19534
main 18294
main 19345
main 18636
main 21587
main 20279
main 19115
main 20212
main 19435
main 29241
main 22290
main 18997
main 21121
main 20465
main 21788
main 18619
main 29025
main 20385
main 21825
main 22632
main 21282
main 21892
main 20347
main 20531
main 25556
main 19459
main 20765
main 36354
main 19762
main 28834
main 19686
main 24681
main 20148
main 19012
main 22240
main 19243
main 21443
main 20021
main 19969
main 26403
main 19008
main 18685
main 20316
main 20044
main 21543
main 19637
main 19042
main 19702
main 27743
main 24971
main 22369
main 24036
main 20124
main 18958
main 39263
main 27293
main 21597
main 19129
main 18958
main 24615
main 18231
main 22525
main 19171
main 18732
main 21584
main 19959
main 19668
main 30216
main 18427
main 21634
main 19375
main 19823
main 21930
main 24725
main 23014
main 20065
main 23437
main 39232
main 21402
main 29106
main 20321
main 19511
main 19207
main 34192
main 22760
main 22004
main 18733
main 26742
main 19502
main 21357
main 23869
main 19558
main 19411
main 19220
main 23071
main 19708
main 19227
main 20558
main 19044
main 24789
main 21329
main 23297
main 19694
main 18592
main 32894
main 22204
main 22276
main 20233
main 20031
main 22408
main 21155
main 19621
main 19647
main 18744
main 22451
main 20883
main 19477
main 22479
main 20142
main 22093
main 20787
main 21554
main 21374
main 21914
main 29999
main 21279
main 18059
main 25047
main 22652
main 23684
main 24728
main 19956
main 20772
main 34635
main 24821
main 18777
main 18835
main 19917
main 19932
main 32190
main 21889
main 19113
main 18580
main 18613
main 21922
main 19279
main 27416
main 24476
main 20626
main 29579
main 21554
main 19987
main 27086
main 21261
main 22933
main 22582
main 20423
main 19303
main 19645
main 20749
main 21474
main 21630
main 19921
main 18485
main 24102
main 17806
main 20441
main 21062
main 19213
main 21903
main 21447
main 26048
main 18622
main 19586
main 21114
main 20056
main 19673
main 18565
main 18474
main 21924
main 20695
main 20627
main 20430
main 18640
main 22750
main 20923
main 19018
main 22622
main 22263
main 21049
main 19719
main 19886
main 20085
main 20040
main 23938
main 21778
main 22879
main 22694
main 21484
main 26207
main 20025
main 21171
main 21210
main 23266
main 25974
main 21864
main 22208
main 24831
main 23364
main 30916
main 23743
main 23595
main 23212
main 26700
main 45504
main 24089
main 30261
main 21114
main 25977
main 23925
main 23604
main 23399
main 26410
main 21158
main 24649
main 35035
main 22992
main 22879
main 26855
main 48150
main 65880
main 22598
main 23642
main 20766
main 23929
main 22884
main 20140
main 28432
main 23000
main 24122
main 25426
main 22295
main 21973
main 22367
main 27923
main 21647
main 21767
main 24080
main 33670
main 25273
main 22650
main 26313
main 72836
main 21393
main 23849
main 23253
main 21056
main 21931
main 23165
main 72742
main 21539
main 20939
main 21600
main 21046
main 22596
main 22889
main 23438
main 22677
main 22219
main 22318
main 24460
main 23324
main 21770
main 25137
main 31356
main 29752
main 20285
main 21874
main 22000
main 24868
main 20675
main 160338
main 23350
main 23021
main 30590
main 26967
main 24121
main 20913
main 22958
main 26685
main 22084
main 20674
main 19195
main 19803
main 25532
main 20987
main 22604
main 23578
main 22594
main 25232
main 20812
main 27656
main 23753
main 20503
main 24535
main 22883
main 23233
main 27280
main 22322
main 26877
main 21919
main 22944
main 31617
main 76306
main 25287
main 20905
main 22008
main 27569
main 22551
main 24775
main 24749
main 22568
main 25970
main 24079
main 24668
main 26028
main 22266
main 27842
main 28771
main 25041
main 32156
main 21601
main 20493
main 22913
main 28515
main 22094
main 24474
main 25249
main 21527
main 25956
main 23575
main 22762
main 22894
main 22119
main 26344
main 29139
main 20694
main 22711
main 22828
main 27628
main 21335
main 22294
main 22036
main 22853
main 25404
main 22927
main 24530
main 23064
main 22012
main 27710
main 23231
main 22199
main 26832
main 23013
main 30734
main 25294
main 29864
main 22828
main 23491
main 26364
main 20114
main 20051
main 22801
main 19477
main 21705
main 20228
main 20829
main 34894
main 36506
main 24305
main 22695
main 29233
main 21624
main 21524
main 27192
main 21199
main 24519
main 20807
main 19808
main 26869
main 23627
main 22632
main 23007
main 23886
main 25077
main 26404
main 22486
main 25479
main 20102
main 34591
main 22139
main 24906
main 96995
main 20852
main 23884
main 22201
main 25211
main 22020
main 27535
main 23220
main 20565
main 40387
main 33081
main 23090
main 23048
main 20953
main 21097
main 21234
main 21154
main 23084
main 21872
main 21278
main 21918
main 28174
main 24764
main 21192
main 21585
main 21043
main 30888
main 23881
main 21001
main 20062
main 24836
main 23986
main 32722
main 23002
main 25721
main 24952
main 21926
main 30694
main 23362
main 22353
main 25481
main 23452
main 28919
main 23227
main 22790
main 25415
main 25779
main 22531
main 22483
main 21380
main 22490
main 31429
main 26345
main 24123
main 22561
main 21856
main 25283
main 27936
main 67558
main 22981
main 22479
main 22020
main 24946
main 22307
main 20549
main 22153
main 21438
main 25801
main 24118
main 25430
main 22075
main 22204
main 33155
main 28020
main 20844
main 22525
main 46760
main 32996
main 22269
main 23820
main 24525
main 26329
main 23429
main 21004
main 20284
main 23062
main 20476
main 26337
main 21882
main 34353
main 24010
main 21866
main 24569
main 22781
main 19543
main 22299
main 21429
main 24507
main 20270
main 23201
main 23211
main 22926
main 24214
main 22588
main 21175
main 20927
main 52890
main 77310
main 27313
main 20690
main 24013
main 25171
main 20335
main 32416
main 20632
main 21011
main 25680
main 20777
main 22182
main 21967
main 26282
main 23011
main 23352
main 22401
main 20230
main 22134
main 25923
main 103747
main 20438
main 165214
main 22293
main 31763
main 21050
main 22075
main 21900
main 22240
main 26549
main 23802
main 21608
main 21553
main 20254
main 31962
main 24518
main 22603
main 23173
main 22886
main 24508
main 29389
main 20633
main 61239
main 20580
main 23948
main 25457
main 21851
main 28789
main 22073
main 23671
main 20298
main 23364
main 20408
main 20989
main 26329
main 22090
main 19672
main 21503
main 23848
main 23756
main 20461
main 21755
main 28972
main 18834
main 25596
main 22569
main 22775
main 19558
main 22454
main 21442
main 20474
main 23496
main 20715
main 21146
main 23506
main 22296
main 21774
main 23924
main 21438
main 23255
main 21892
main 23009
main 26391
main 21471
main 29277
main 21452
main 24232
main 23373
main 21732
main 24204
main 22165
main 127434
main 20014
main 21399
main 26619
main 18896
main 22473
main 20300
main 22511
main 24239
main 26731
main 21063
main 24088
main 21754
main 25412
main 28661
main 21710
main 19446
main 21240
main 25251
main 20807
main 22039
main 24982
main 23193
main 25394
main 24556
main 22482
main 23647
main 21268
main 23014
main 20803
main 24391
main 22551
main 21361
main 25524
main 21382
main 20793
main 20412
main 24206
main 22628
main 21646
main 19695
main 20934
main 20420
main 22855
main 22711
main 21632
main 22131
main 22740
main 24361
main 21662
main 22008
main 20987
main 23241
main 25668
main 22190
main 24974
main 21403
main 20502
main 24952
main 20097
main 20372
main 19459
main 20302
main 23756
main 20715
main 20638
main 24060
main 21177
main 22133
main 21972
main 21825
main 20757
main 19866
main 24067
main 21387
main 21948
main 22206
main 20397
main 25747
main 20939
main 22845
main 21663
main 47168
main 24297
main 22657
main 20950
main 21801
main 21768
main 24782
main 23857
main 21310
main 20744
main 28090
main 41131
main 21685
main 20891
main 22599
main 25760
main 175070
main 20258
main 22797
main 22346
main 23327
main 25334
main 24276
main 23188
main 25690
main 20083
main 28285
main 24989
main 20870
main 21916
main 28055
main 25252
main 26446
main 25597
main 22337
main 21066
main 28841
main 19145
main 22392
main 21627
main 20526
main 24601
main 21343
main 20417
main 22032
main 61978
main 25466
main 21465
main 22559
main 21010
main 20601
main 22175
main 19900
main 21627
main 28789
main 20506
main 21675
main 25310
main 22406
main 23994
main 20104
main 21440
main 21218
main 22185
main 24661
main 23650
main 23904
main 25518
main 24233
main 21439
main 22030
main 24201
main 22452
main 23287
main 20620
main 20669
main 22806
main 20166
main 23665
main 23783
main 23546
main 24573
main 22942
main 22385
main 21412
main 21618
main 21938
main 28238
main 21916
main 25509
main 20770
main 26765
main 22423
main 24253
main 21447
main 23163
main 26472
main 19523
main 26068
main 22212
main 24987
main 26778
main 23829
main 21398
main 22926
main 21824
main 24300
main 22445
main 33019
main 28629
main 24110
main 26091
main 23176
main 21854
main 21736
main 24353
main 25866
main 22094
main 25320
main 24796
main 24856
main 34431
main 92220
main 20914
main 20978
main 20451
main 21018
main 23937
main 21027
main 20857
main 21945
main 23700
main 21130
main 26429
main 22153
main 19896
main 24051
main 21702
main 21344
main 22581
main 21928
main 32096
main 60523
main 24022
main 23305
main 21999
main 25145
main 25434
main 22203
main 33308
main 20249
main 22545
main 23767
main 22479
main 36536
main 21646
main 24963
main 21314
main 25362
main 23003
main 28246
main 25261
main 22393
main 20226
main 32464
main 28159
main 26114
main 22997
main 21003
main 29245
main 31181
main 23922
main 23795
main 22214
main 22146
main 23593
main 23772
main 24129
main 23448
main 21917
main 23824
main 24847
main 22349
main 23321
main 20638
main 24128
main 26433
main 22220
main 25047
main 33871
main 22720
main 24949
main 24470
main 21299
main 21889
main 21543
main 24296
main 25629
main 22481
main 22217
main 26197
main 25393
main 21049
main 21349
main 22486
main 19516
main 23639
main 35580
main 22483
main 26193
main 20950
main 22178
main 23064
main 22345
main 22107
main 22057
main 39196
main 22077
main 19108
main 22064
main 21296
main 23000
main 21156
main 20981
main 21659
main 20149
main 24538
main 21500
main 24683
main 34967
main 21186
main 23809
main 21768
main 23482
main 20647
main 20358
main 28798
main 20841
main 20063
main 48424
main 20473
main 23955
main 26995
main 22241
main 25169
main 24006
main 25009
main 23012
main 22760
main 23883
main 23151
main 25756
main 22348
main 21011
main 25127
main 21111
main 30062
main 30240
main 22312
main 22659
main 25267
main 28081
main 20769
main 21473
main 20993
main 23757
main 25010
main 25287
main 22696
main 21951
main 19633
main 25836
