main 75561
main 37041
main 36574
main 36449
main 36741
main 36204
main 36524
main 37097
main 36032
main 37085
main 36272
main 36809
main 36999
main 36647
main 36457
main 36822
main 37606
main 37147
main 36511
main 36368
main 36745
main 36815
main 36694
main 36352
main 37125
main 36146
main 36368
main 36396
main 35954
main 36164
main 36873
main 36235
main 36643
main 36005
main 40806
main 36471
main 36335
main 36836
main 36399
main 36502
main 36135
main 36215
main 36610
main 36457
main 36513
main 36102
main 36837
main 36287
main 36263
main 36772
main 36312
main 36272
main 36112
main 36847
main 36575
main 37000
main 36515
main 37313
main 36905
main 36962
main 36358
main 36687
main 36999
main 36220
main 36555
main 36291
main 37123
main 37005
main 36620
main 36846
main 36514
main 36726
main 36357
main 36709
main 36940
main 37171
main 36327
main 36802
main 36149
main 36865
main 36704
main 36815
main 36794
main 36608
main 37096
main 37252
main 36424
main 37178
main 36556
main 36420
main 36735
main 37025
main 37062
main 37314
main 40436
main 36674
main 40847
main 36610
main 36684
main 36570
main 36749
main 36585
main 37052
main 37033
main 36957
main 37242
main 36781
main 36827
main 36986
main 37063
main 37166
main 37427
main 36936
main 37643
main 36971
main 37132
main 36888
main 36554
main 36670
main 36866
main 36814
main 36443
main 36938
main 36474
main 36916
main 36521
main 36228
main 37154
main 36619
main 36892
main 36981
main 36642
main 36982
main 37212
main 37035
main 36839
main 36433
main 37665
main 37553
main 37687
main 37007
main 37552
main 36923
main 36793
main 36948
main 36997
main 37428
main 36876
main 36657
main 37104
main 37476
main 37676
main 36271
main 36900
main 37313
main 37061
main 37564
main 37381
main 36788
main 36822
main 37757
main 36982
main 37093
main 37406
main 36801
main 36717
main 37510
main 37248
main 37375
main 37333
main 153271
main 36903
main 37504
main 37100
main 36901
main 37160
main 37099
main 36939
main 36696
main 37080
main 37067
main 36578
main 37038
main 37398
main 37473
main 36639
main 36932
main 36612
main 37376
main 37619
main 37019
main 37486
main 37301
main 37113
main 37435
main 37889
main 37202
main 37100
main 36833
main 37441
main 36963
main 36765
main 37336
main 36542
main 37626
main 37505
main 36553
main 37628
main 36789
main 36452
main 37527
main 36701
main 37125
main 37523
main 37588
main 43156
main 37305
main 37382
main 35629
main 37677
main 36077
main 36005
main 35782
main 35983
main 35783
main 36703
main 37473
main 36414
main 36335
main 36712
main 36768
main 36828
main 37001
main 36661
main 37279
main 36879
main 36711
main 36678
main 36435
main 39116
main 34971
main 35475
main 35324
main 35563
main 34750
main 34995
main 35638
main 35874
main 35473
main 35539
main 35770
main 35314
main 35317
main 35898
main 36102
main 35053
main 35045
main 35221
main 35754
main 35914
main 35978
main 35315
main 35820
main 35248
main 35835
main 35629
main 35117
main 35837
main 34784
main 34948
main 35539
main 35228
main 36384
main 36487
main 35945
main 36552
main 35246
main 35640
main 35372
main 35582
main 36207
main 37499
main 36382
main 36141
main 36254
main 35009
main 35951
main 35586
main 36423
main 35942
main 35990
main 47474
main 36555
main 36397
main 37184
main 35364
main 36627
main 35899
main 36594
main 39679
main 36061
main 35600
main 36107
main 36343
main 36640
main 35947
main 36685
main 36022
main 36527
main 36818
main 36993
main 35411
main 35908
main 36601
main 35567
main 36880
main 35743
main 36544
main 35849
main 36266
main 36296
main 35844
main 35543
main 35266
main 36693
main 35361
main 35774
main 36092
main 36189
main 36444
main 35881
main 36355
main 671754
main 35618
main 35657
main 35319
main 36751
main 36657
main 35895
main 36787
main 36330
main 35707
main 36026
main 36049
main 35998
main 35694
main 35864
main 35989
main 35959
main 35570
main 35994
main 35276
main 36408
main 36201
main 35820
main 35382
main 35815
main 42067
main 35487
main 35332
main 35783
main 35749
main 35566
main 645272
main 35980
main 34882
main 35886
main 34928
main 34860
main 36073
main 34986
main 35332
main 35607
main 35354
main 36084
main 35534
main 35746
main 35191
main 35759
main 35846
main 35299
main 35776
main 35773
main 35541
main 35425
main 35688
main 34948
main 35096
main 35679
main 36233
main 34899
main 35321
main 36185
main 35527
main 35778
main 35044
main 35587
main 35222
main 64270
main 36028
main 35253
main 37302
main 35299
main 35536
main 35686
main 34923
main 35594
main 35932
main 35009
main 35828
main 35276
main 36118
main 35507
main 34940
main 35438
main 34791
main 35148
main 34682
main 35757
main 34866
main 35144
main 35494
main 35544
main 35395
main 35019
main 35430
main 34493
main 35571
main 35143
main 35301
main 35308
main 35293
main 35537
main 35555
main 35174
main 35411
main 35336
main 34981
main 35198
main 35679
main 35704
main 35467
main 35676
main 35325
main 35855
main 35353
main 35199
main 35980
main 36942
main 35822
main 36057
main 35849
main 35687
main 35767
main 35055
main 35625
main 35590
main 35235
main 35580
main 35662
main 35685
main 35875
main 35601
main 35798
main 34947
main 35546
main 35431
main 36116
main 35972
main 35725
main 35674
main 35159
main 35323
main 35646
main 35398
main 36052
main 35685
main 35944
main 35162
main 35142
main 35400
main 35471
main 35317
main 36243
main 35055
main 35387
main 35258
main 35771
main 36054
main 35186
main 35757
main 35817
main 35488
main 35471
main 34935
main 35373
main 35925
main 35964
main 35870
main 35453
main 35067
main 35426
main 35021
main 35226
main 34720
main 34983
main 36708
main 34749
main 35125
main 34998
main 34847
main 34892
main 35075
main 35991
main 35798
main 35206
main 35778
main 35159
main 35557
main 36117
main 37409
main 35647
main 35995
main 36003
main 35063
main 35307
main 34959
main 34745
main 35848
main 35283
main 42287
main 36306
main 36002
main 35476
main 35115
main 35704
main 34872
main 35282
main 35590
main 35054
main 34937
main 35359
main 35663
main 35483
main 35857
main 34997
main 35734
main 35648
main 35400
main 35326
main 35566
main 35491
main 35580
main 35085
main 36272
main 39383
main 36093
main 35264
main 35575
main 34755
main 35604
main 35510
main 34917
main 35359
main 35219
main 35951
main 35898
main 35910
main 35171
main 35378
main 35141
main 34938
main 35273
main 34958
main 35091
main 35021
main 35613
main 35808
main 35872
main 35770
main 35304
main 35146
main 35435
main 35459
main 34999
main 35792
main 34728
main 35472
main 35469
main 35863
main 35467
main 35733
main 35751
main 35451
main 35619
main 35188
main 35253
main 35443
main 35126
main 35074
main 34931
main 35755
main 35237
main 35734
main 37230
main 35240
main 35662
main 35724
main 35852
main 35517
main 35308
main 34978
main 35014
main 35134
main 35378
main 35727
main 35027
main 35532
main 35445
main 35876
main 35508
main 35911
main 35549
main 35261
main 35458
main 34884
main 34800
main 35534
main 35242
main 35296
main 35383
main 35208
main 34565
main 35023
main 34894
main 35257
main 35356
main 36010
main 35573
main 34947
main 35032
main 35161
main 35570
main 34784
main 34973
main 35650
main 35188
main 34831
main 35399
main 35115
main 35198
main 35852
main 35642
main 35361
main 34834
main 34934
main 35025
main 35265
main 35000
main 35294
main 35920
main 35059
main 35610
main 34980
main 35300
main 35685
main 35147
main 35061
main 35327
main 35169
main 35402
main 35050
main 35429
main 36110
main 35542
main 35990
main 35314
main 35523
main 35503
main 35493
main 35583
main 35842
main 35408
main 41525
main 35328
main 34978
main 35531
main 38066
main 35085
main 35214
main 35719
main 35423
main 34931
main 35271
main 35492
main 35907
main 35130
main 35397
main 35077
main 34937
main 35244
main 35221
main 34831
main 34791
main 35544
main 35073
main 35766
main 35290
main 35463
main 35894
main 35851
main 35380
main 35589
main 35273
main 35389
main 36190
main 34979
main 35434
main 35707
main 35767
main 35481
main 35630
main 36500
main 35126
main 35263
main 35188
main 35631
main 36071
main 35261
main 35387
main 35416
main 35362
main 35317
main 35958
main 35535
main 36031
main 35502
main 35469
main 35717
main 35575
main 35341
main 35059
main 35779
main 35931
main 35586
main 35834
main 35578
main 36096
main 35853
main 35812
main 35820
main 35792
main 37103
main 35571
main 35708
main 35881
main 35794
main 35793
main 35877
main 35806
main 35537
main 37871
main 35887
main 36310
main 35843
main 35236
main 35810
main 41147
main 35183
main 35786
main 35558
main 35853
main 37120
main 35664
main 36068
main 36091
main 36436
main 35694
main 35618
main 35475
main 35499
main 35423
main 35550
main 35346
main 35008
main 35282
main 35261
main 35823
main 35619
main 35495
main 35512
main 35479
main 35555
main 35308
main 35711
main 35580
main 35678
main 35814
main 35437
main 35435
main 35659
main 35712
main 35880
main 35372
main 35719
main 35793
main 35343
main 35834
main 35116
main 36042
main 35597
main 35961
main 35475
main 34804
main 35619
main 35200
main 35427
main 35070
main 35398
main 35254
main 35567
main 35734
main 35703
main 35316
main 35336
main 35074
main 35395
main 35010
main 35142
main 35581
main 35272
main 35511
main 35188
main 34985
main 34975
main 37105
main 35130
main 35586
main 74130
main 35641
main 35639
main 35538
main 35552
main 35314
main 35498
main 35581
main 35064
main 35196
main 34907
main 35214
main 34972
main 35862
main 35085
main 35453
main 36022
main 35281
main 36209
main 35249
main 35847
main 35240
main 35410
main 35141
main 35169
main 35859
main 35396
main 35104
main 35338
main 34777
main 36257
main 35403
main 35862
main 35804
main 38985
main 35320
main 35282
main 35260
main 35112
main 35357
main 34896
main 35226
main 35381
main 35666
main 35814
main 34878
main 35981
main 35560
main 35503
main 35230
main 35502
main 35979
main 35211
main 35745
main 35744
main 35179
main 35552
main 35650
main 35868
main 35724
main 35762
main 35099
main 35050
main 36788
main 36051
main 35760
main 35440
main 35347
main 35168
main 35002
main 35349
main 35364
main 36165
main 35625
main 35839
main 35458
main 35995
main 35297
main 35494
main 35738
main 35433
main 35218
main 35831
main 35541
main 35714
main 36119
main 35774
main 35903
main 36928
main 35953
main 35804
main 35476
main 36124
main 35628
main 36348
main 35821
main 36255
main 35798
main 35842
main 36011
main 35365
main 35864
main 35445
main 36073
main 35367
main 36043
main 35871
main 36031
main 35177
main 35390
main 35525
main 35570
main 35851
main 35408
main 35848
main 35985
main 35893
main 35659
main 35709
main 35129
main 35742
main 35581
main 35032
main 35207
main 35336
main 35425
main 35942
main 35839
main 35907
main 35341
main 35503
main 35386
main 35390
main 36902
main 35743
main 35150
main 35341
main 35988
main 35416
main 35820
main 35715
main 37420
main 38793
main 36615
main 36601
main 37319
main 36986
main 37614
main 36897
main 37088
main 37211
main 36855
main 36894
main 37107
main 36611
main 37696
main 35878
main 35651
main 35902
main 35521
main 35534
main 35589
