main 528143
main 534317
main 520171
main 544260
main 568748
main 521654
main 519282
main 527406
main 526314
main 540744
main 633399
main 549097
main 542088
main 541237
main 534755
main 520625
main 529381
main 574667
main 518708
main 557283
main 518300
main 534097
main 519692
main 544037
main 518193
main 524445
main 591470
main 518368
main 532026
main 536909
main 532163
main 531415
main 527057
main 526882
main 588024
main 526979
main 518344
main 531587
main 518217
main 538913
main 517271
main 541737
main 518856
main 566792
main 525003
main 523319
main 602059
main 558543
main 533171
main 544501
main 522592
main 547234
main 537817
main 542757
main 521510
main 556192
main 540777
main 527693
main 527047
main 517016
main 521806
main 535059
main 535829
main 530705
main 527936
main 522670
main 528632
main 529465
main 560703
main 516496
main 534032
main 526584
main 529474
main 528192
main 555496
main 522731
main 537785
main 542332
main 527525
main 536434
main 521501
main 522842
main 530339
main 535305
main 531518
main 546737
main 537951
main 545755
main 554924
main 521307
main 523048
main 539480
main 544757
main 527682
main 556700
main 539616
main 539748
main 536673
main 520923
main 535805
main 556217
main 554006
main 538044
main 520951
main 523574
main 533842
main 533372
main 531251
main 521937
main 521123
main 522141
main 528866
main 550274
main 522369
main 520881
main 562930
main 540025
main 531446
main 522346
main 522936
main 523029
main 544612
main 536780
main 521274
main 529484
main 550102
main 532644
main 520787
main 534693
main 521708
main 523117
main 521310
main 546574
main 535662
main 522619
main 523934
main 524933
main 521982
main 521161
main 524800
main 665813
main 659429
main 533599
main 520558
main 534317
main 535369
main 654034
main 520778
main 587120
main 524880
main 526379
main 523503
main 535160
main 521941
main 543488
main 537877
main 537811
main 531055
main 535251
main 521693
main 541280
main 522601
main 540220
main 520766
main 519978
main 521502
main 529174
main 520599
main 522091
main 541294
main 521758
main 553376
main 538092
main 521376
main 528910
main 521980
main 565208
main 543574
main 521698
main 545005
main 521301
main 520774
main 545422
main 537878
main 537010
main 521960
main 533279
main 523971
main 542804
main 545758
main 529560
main 525351
main 524779
main 524796
main 583317
main 553966
main 531854
main 540775
main 521202
main 536272
main 558630
main 575181
main 550095
main 521111
main 537190
main 538219
main 541069
main 546900
main 520624
main 545557
main 567416
main 520737
main 595979
main 521766
main 536048
main 521087
main 523050
main 527651
main 528327
main 523812
main 559927
main 519589
main 597990
main 520010
main 520723
main 559062
main 522765
main 550080
main 560714
main 521622
main 536543
main 520989
main 532149
main 523946
main 552706
main 545891
main 520992
main 523030
main 520927
main 521560
main 549811
main 538335
main 538059
main 542501
main 517635
main 562678
main 533224
main 533645
main 517823
main 517396
main 547849
main 518001
main 516373
main 532590
main 516458
main 525434
main 546420
main 529698
main 524350
main 531409
main 576889
main 521110
main 515663
main 530504
main 541560
main 516257
main 550472
main 523350
main 535385
main 528544
main 516984
main 516648
main 535213
main 516919
main 530162
main 517952
main 548662
main 524423
main 528131
main 530836
main 516809
main 536740
main 517190
main 517183
main 596221
main 517045
main 538437
main 516399
main 536304
main 527944
main 525420
main 538371
main 527757
main 555194
main 545269
main 520505
main 520667
main 526445
main 529596
main 541066
main 536416
main 521193
main 521670
main 521419
main 535402
main 524611
main 534588
main 533130
main 534088
main 540235
main 542113
main 598435
main 684640
main 519910
main 631789
main 624521
main 523408
main 660551
main 532771
main 521448
main 537480
main 534068
main 540340
main 527612
main 519730
main 528645
main 521819
main 528250
main 528953
main 529452
main 521324
main 530583
main 527444
main 531421
main 558417
main 532968
main 520459
main 538529
main 521858
main 522053
main 573377
main 522022
main 537011
main 526256
main 540123
main 541603
main 533571
main 521348
main 537458
main 534404
main 521826
main 561775
main 520997
main 522441
main 530640
main 520014
main 521003
main 542288
main 562462
main 554344
main 522162
main 528949
main 608765
main 591189
main 558107
main 520993
main 538113
main 592624
main 544570
main 538566
main 519700
main 522050
main 534497
main 536477
main 546592
main 519745
main 563356
main 525780
main 532391
main 521752
main 537410
main 546350
main 521137
main 557561
main 521732
main 521138
main 532782
main 531192
main 534817
main 570238
main 529782
main 535835
main 536106
main 523809
main 549084
main 521690
main 537076
main 599693
main 524336
main 559230
main 522547
main 544423
main 540021
main 542668
main 521311
main 772317
main 540449
main 550579
main 525678
main 566487
main 616084
main 522270
main 545299
main 575589
main 531365
main 524419
main 520805
main 538439
main 568127
main 520597
main 562519
main 541188
main 520746
main 529611
main 521706
main 539917
main 558257
main 566278
main 533205
main 533452
main 534593
main 537553
main 521312
main 537705
main 523288
main 530384
main 624617
main 522700
main 520818
main 529948
main 569162
main 538954
main 576710
main 531566
main 521208
main 537245
main 533770
main 677118
main 539268
main 523510
main 587931
main 643330
main 566594
main 583605
main 538469
main 544585
main 523262
main 548147
main 529341
main 523913
main 538706
main 536500
main 523872
main 531688
main 520164
main 558024
main 517211
main 530786
main 521577
main 516948
main 544928
main 517938
main 526806
main 617385
main 524108
main 542442
main 518608
main 518272
main 535148
main 536210
main 549804
main 518382
main 575608
main 525467
main 517097
main 528294
main 516345
main 517496
main 516215
main 536456
main 527024
main 524604
main 558794
main 536837
main 605153
main 518367
main 648885
main 526454
main 526104
main 541520
main 516002
main 522935
main 516157
main 518175
main 607389
main 543436
main 565604
main 521696
main 532803
main 532196
main 531031
main 516743
main 551284
main 529590
main 553577
main 576306
main 533519
main 535936
main 540690
main 521603
main 522606
main 521039
main 750446
main 531347
main 651404
main 535697
main 538489
main 520590
main 572026
main 550022
main 535723
main 523602
main 521039
main 521809
main 519646
main 521673
main 531678
main 533621
main 566789
main 521459
main 532366
main 521567
main 522002
main 537539
main 520513
main 522147
main 524685
main 526611
main 532063
main 701878
main 541431
main 527284
main 600956
main 536900
main 523545
main 522155
main 522107
main 562751
main 587326
main 535226
main 550315
main 519962
main 552131
main 537222
main 524522
main 521439
main 532654
main 520677
main 539578
main 538623
main 545642
main 604290
main 607015
main 532268
main 576844
main 520560
main 531335
main 521468
main 520675
main 529084
main 526024
main 537722
main 531760
main 539320
main 521482
main 521312
main 531666
main 542473
main 541243
main 533338
main 541440
main 541566
main 534740
main 521673
main 522643
main 565042
main 530342
main 535807
main 532779
main 532632
main 669360
main 521413
main 521721
main 540397
main 520950
main 529502
main 533241
main 526009
main 540353
main 520028
main 554896
main 530294
main 536774
main 532836
main 599036
main 521066
main 531041
main 541853
main 541727
main 520923
main 525392
main 536952
main 679702
main 669645
main 534782
main 521566
main 536718
main 575895
main 534679
main 557842
main 549508
main 531957
main 584709
main 524856
main 562778
main 531119
main 520882
main 554088
main 565430
main 559995
main 682181
main 521802
main 595252
main 650893
main 532553
main 612980
main 1038565
main 539943
main 593420
main 541381
main 532698
main 541675
main 523696
main 534982
main 534475
main 532406
main 534460
main 532661
main 542219
main 522897
main 578467
main 532337
main 521479
main 530474
main 522081
main 543218
main 761326
main 532030
main 531785
main 523263
main 537344
main 575787
main 517066
main 546684
main 554764
main 530682
main 540199
main 516660
main 549796
main 524497
main 524732
main 520758
main 539252
main 524135
main 541793
main 535425
main 576975
main 548039
main 550309
main 539416
main 569802
main 540629
main 532722
main 578002
main 555746
main 535599
main 522165
main 520718
main 544283
main 530458
main 517926
main 538172
main 529209
main 532579
main 526102
main 528824
main 536942
main 537598
main 545066
main 606291
main 516693
main 532529
main 553550
main 515812
main 531548
main 516573
main 535940
main 518231
main 529311
main 551138
main 516851
main 540067
main 536229
main 525176
main 537926
main 516146
main 536965
main 520724
main 537308
main 521292
main 550532
main 522403
main 524910
main 529445
main 529870
main 525990
main 546623
main 530857
main 544238
main 537539
main 629411
main 633452
main 537353
main 596673
main 544774
main 546249
main 524856
main 550296
main 520138
main 538352
main 526650
main 521511
main 536576
main 536786
main 530225
main 522676
main 548735
main 537219
main 538047
main 547948
main 538635
main 529814
main 523217
main 521070
main 539514
main 537499
main 526045
main 537871
main 532230
main 537316
main 522355
main 553338
main 529612
main 544944
main 538174
main 562678
main 617397
main 695644
main 545402
main 721447
main 774909
main 603363
main 521496
main 536739
main 882106
main 569762
main 520919
main 634186
main 530427
main 520410
main 585665
main 523325
main 527695
main 663285
main 717340
main 708900
main 520812
main 660816
main 751201
main 569360
main 639832
main 536037
main 536047
main 538977
main 571924
main 536509
main 522353
main 536203
main 522156
main 536409
main 523846
main 523054
main 570290
main 547780
main 562318
main 536858
main 588202
main 541774
main 532572
main 647197
main 846793
main 804599
main 555743
main 720028
main 720921
main 545069
main 612560
main 546224
main 700425
main 533746
main 758479
main 543767
main 647940
main 583258
main 548681
main 535429
main 657085
main 750513
main 561815
main 586861
main 578670
main 683881
main 522490
main 667616
main 597739
main 523407
main 561733
main 536984
main 614903
main 521978
main 547586
main 556685
main 543544
main 566597
main 541891
main 581793
main 568005
main 549946
main 524780
main 540703
main 525449
main 536326
main 595647
main 551263
main 591859
main 541752
main 546920
main 591715
main 562397
main 524118
main 561200
main 587920
main 544521
main 534949
main 566263
main 596598
main 564219
main 555196
main 621750
main 522516
main 531543
main 561427
main 521863
main 667988
main 576074
main 532790
main 535615
main 531951
main 653418
main 561042
main 668091
main 625802
main 534356
main 532219
main 537972
main 545827
main 525954
main 616527
main 547433
main 575361
main 587198
main 536894
main 523230
main 567593
main 539630
main 649962
main 550612
main 556681
main 564770
main 530011
main 531199
main 540306
main 535939
main 558448
main 523030
main 578515
main 521506
main 534721
main 521451
main 527685
main 524255
main 530651
main 547344
main 520787
main 566127
main 520499
main 645981
main 697747
main 555257
main 550044
main 524099
main 535306
main 523004
main 556019
main 535507
main 521974
main 547780
main 546154
main 591592
main 528145
main 526594
main 565737
main 530039
main 520819
main 541806
main 534188
main 541133
main 598095
main 524292
main 536728
main 545431
main 537247
main 640931
main 544312
main 522485
main 552568
main 521848
main 560395
main 549703
main 545122
main 595956
main 573951
main 540296
main 535094
main 554339
main 521438
main 528313
main 541118
main 521495
main 527973
main 521914
main 522167
main 591608
main 546082
main 543563
main 537385
main 536272
main 525522
main 640463
main 616470
main 534186
main 553783
main 525542
main 530452
main 533247
main 522489
main 569877
main 523556
main 537321
main 523298
main 542737
main 526246
main 548164
main 577573
main 525662
main 545128
main 534218
main 534018
main 542406
main 523106
