main 56912
main 8684
main 20362
main 11353
main 9201
main 9784
main 10291
main 10438
main 12111
main 9131
main 8937
main 9624
main 22962
main 8573
main 8987
main 8888
main 10078
main 9020
main 9826
main 9017
main 10901
main 10608
main 9188
main 13270
main 16233
main 10285
main 9198
main 9546
main 9034
main 9196
main 8863
main 8985
main 8985
main 9003
main 9207
main 8749
main 8929
main 9169
main 9263
main 8412
main 8313
main 8716
main 9468
main 8417
main 9144
main 9222
main 10317
main 8927
main 8915
main 8878
main 9710
main 9141
main 9441
main 8610
main 10767
main 10915
main 11836
main 11167
main 9057
main 9277
main 14725
main 10763
main 15858
main 9596
main 9392
main 9738
main 8712
main 8247
main 8631
main 9501
main 8238
main 8367
main 8377
main 8434
main 7555
main 8756
main 8173
main 8335
main 8760
main 8707
main 15657
main 8139
main 8832
main 8007
main 8568
main 8230
main 7835
main 8402
main 8389
main 8906
main 7868
main 9950
main 9057
main 7844
main 8972
main 8687
main 8448
main 8348
main 7838
main 9026
main 8406
main 39758
main 8528
main 9241
main 10460
main 9045
main 8951
main 8619
main 14858
main 8843
main 7999
main 8014
main 8298
main 8139
main 9112
main 8297
main 8720
main 8655
main 10102
main 9472
main 7640
main 8082
main 8697
main 9947
main 9665
main 7961
main 8914
main 8836
main 7988
main 8006
main 8370
main 18105
main 8366
main 9320
main 8523
main 8696
main 8883
main 9028
main 8773
main 9057
main 8797
main 8660
main 9041
main 8100
main 8042
main 8259
main 8101
main 9029
main 8261
main 9637
main 9665
main 9139
main 9232
main 8704
main 7728
main 7966
main 8299
main 8603
main 14479
main 7819
main 8592
main 8317
main 8352
main 8964
main 9120
main 8972
main 9963
main 8874
main 9025
main 8508
main 8806
main 7792
main 8518
main 8810
main 11544
main 8479
main 11349
main 8831
main 8002
main 9674
main 9864
main 9509
main 9035
main 10787
main 9801
main 9170
main 9390
main 10285
main 9497
main 9371
main 9569
main 8495
main 9716
main 8680
main 17768
main 7828
main 10126
main 10369
main 11028
main 9123
main 8568
main 9813
main 10415
main 19189
main 8046
main 8231
main 7991
main 8687
main 8894
main 8462
main 9315
main 8891
main 8599
main 8381
main 8281
main 8569
main 8673
main 8686
main 8969
main 7757
main 6542
main 7475
main 16088
main 6321
main 8664
main 7280
main 8249
main 12777
main 6979
main 11355
main 7767
main 6511
main 6866
main 7499
main 6938
main 6375
main 6126
main 6701
main 7288
main 6562
main 6314
main 8951
main 8245
main 7879
main 8948
main 8257
main 8243
main 7892
main 7917
main 9890
main 8243
main 9026
main 6958
main 6440
main 7436
main 6558
main 6787
main 6874
main 6535
main 7547
main 6649
main 7681
main 6129
main 6194
main 6828
main 6086
main 6669
main 6544
main 7177
main 6988
main 7099
main 7901
main 8340
main 7318
main 6470
main 6167
main 6437
main 6871
main 6732
main 6880
main 6404
main 6319
main 7313
main 6733
main 6491
main 6200
main 7417
main 6421
main 6193
main 5949
main 8318
main 62932
main 6218
main 6306
main 6915
main 5975
main 5786
main 7427
main 6360
main 6660
main 7963
main 6937
main 6624
main 6211
main 6221
main 6448
main 6758
main 53598
main 6417
main 6837
main 10355
main 6791
main 6580
main 9199
main 8101
main 6018
main 6365
main 7529
main 6828
main 6299
main 6761
main 6401
main 6724
main 7156
main 6989
main 6747
main 6232
main 7928
main 6237
main 6750
main 6076
main 6611
main 6649
main 6546
main 16652
main 6732
main 6654
main 6340
main 6619
main 6767
main 6980
main 6542
main 7531
main 6585
main 6496
main 6937
main 6096
main 8052
main 6424
main 6272
main 7060
main 6738
main 6778
main 8874
main 6279
main 6906
main 6636
main 6617
main 6813
main 24970
main 12214
main 7023
main 7011
main 7166
main 6805
main 6978
main 7895
main 7764
main 6799
main 6683
main 7492
main 8178
main 7657
main 6705
main 7184
main 6660
main 8457
main 8713
main 7641
main 7607
main 8373
main 8175
main 7689
main 7382
main 6529
main 7135
main 7245
main 7424
main 6571
main 7015
main 6687
main 7168
main 6463
main 6986
main 6337
main 6755
main 12228
main 6679
main 7188
main 7677
main 11400
main 7386
main 7939
main 7608
main 7136
main 14623
main 7042
main 7079
main 6616
main 6489
main 7058
main 7081
main 11617
main 6782
main 7238
main 7208
main 7300
main 18614
main 7422
main 12831
main 6581
main 7338
main 9074
main 6448
main 8397
main 6888
main 6388
main 6919
main 7052
main 6371
main 7015
main 6262
main 6233
main 6739
main 6732
main 6947
main 7536
main 6683
main 7097
main 7034
main 7093
main 6748
main 7058
main 8034
main 8894
main 8117
main 6672
main 6477
main 6541
main 6625
main 16207
main 38804
main 6442
main 6990
main 6794
main 6832
main 6649
main 7832
main 6636
main 6740
main 7818
main 6805
main 6714
main 7288
main 7175
main 7465
main 7144
main 6808
main 6212
main 6666
main 7388
main 6849
main 7024
main 8347
main 7254
main 6428
main 7465
main 8504
main 8467
main 6609
main 6694
main 30277
main 6629
main 6962
main 6529
main 6364
main 7035
main 10007
main 6063
main 6516
main 6217
main 8069
main 6986
main 6128
main 6842
main 6992
main 6716
main 7067
main 7018
main 6044
main 6206
main 9950
main 6811
main 6312
main 6486
main 6537
main 6563
main 6361
main 6569
main 7181
main 7035
main 6964
main 5891
main 5862
main 6971
main 6272
main 6323
main 7043
main 6490
main 6490
main 6007
main 13883
main 12487
main 7032
main 7130
main 6134
main 6370
main 6652
main 6263
main 6999
main 6790
main 6985
main 6755
main 6942
main 6373
main 6238
main 7007
main 7124
main 6712
main 6931
main 7914
main 6511
main 6475
main 12722
main 6971
main 6907
main 7603
main 6913
main 7022
main 6679
main 6230
main 6720
main 6144
main 6414
main 6801
main 6830
main 6698
main 6531
main 7086
main 11896
main 7021
main 6889
main 7061
main 7043
main 5869
main 6594
main 6168
main 7112
main 6070
main 6827
main 6504
main 7296
main 39196
main 6517
main 7203
main 6737
main 6843
main 10868
main 6354
main 7367
main 9890
main 6958
main 6014
main 6905
main 6132
main 6846
main 6049
main 6797
main 6803
main 6938
main 6388
main 256415
main 7037
main 7954
main 8871
main 26878
main 7247
main 8650
main 25349
main 8300
main 8242
main 6992
main 8657
main 7901
main 7399
main 15922
main 7211
main 7244
main 7666
main 7891
main 7375
main 9833
main 7483
main 6803
main 6850
main 8513
main 17932
main 7168
main 16475
main 7477
main 8212
main 8159
main 8026
main 10615
main 10449
main 6714
main 7121
main 7343
main 7385
main 7411
main 6798
main 7576
main 6454
main 7318
main 7737
main 7046
main 7572
main 7628
main 6747
main 12014
main 7388
main 7485
main 7186
main 6810
main 7342
main 6937
main 7038
main 7183
main 7077
main 7439
main 7011
main 6989
main 7508
main 6781
main 6667
main 7768
main 8501
main 7356
main 7786
main 17787
main 7083
main 36635
main 6746
main 6904
main 7056
main 8706
main 8341
main 7991
main 7989
main 7586
main 7349
main 6917
main 8026
main 7572
main 6858
main 7108
main 6974
main 8284
main 6853
main 7702
main 7402
main 7151
main 7195
main 6613
main 7369
main 6705
main 7470
main 7261
main 6840
main 7222
main 7807
main 6771
main 6852
main 8314
main 6760
main 7755
main 11927
main 6984
main 8167
main 7596
main 7944
main 6917
main 12037
main 7044
main 6588
main 7527
main 11829
main 6578
main 6522
main 6571
main 38558
main 7495
main 6900
main 6919
main 6024
main 7795
main 9879
main 6529
main 6587
main 6197
main 7629
main 7051
main 7091
main 6964
main 7301
main 7366
main 6528
main 6431
main 9608
main 7244
main 6523
main 7046
main 7081
main 6990
main 6486
main 7200
main 7169
main 6672
main 13675
main 6247
main 6894
main 6945
main 6878
main 6757
main 11302
main 6471
main 7699
main 6908
main 6725
main 6371
main 6851
main 12719
main 6202
main 6907
main 6053
main 6325
main 6355
main 6619
main 6452
main 7287
main 6263
main 6018
main 7124
main 6440
main 6301
main 6668
main 7030
main 6823
main 6250
main 5940
main 7463
main 6370
main 6621
main 6973
main 7425
main 6303
main 6962
main 7076
main 7765
main 6884
main 7151
main 12988
main 6308
main 6248
main 86022
main 6391
main 6688
main 7125
main 6741
main 6988
main 6836
main 6918
main 6642
main 6526
main 6630
main 6487
main 6722
main 6514
main 7091
main 6790
main 6523
main 6243
main 6884
main 7781
main 7449
main 6480
main 7154
main 6711
main 6942
main 8913
main 41109
main 6749
main 7170
main 5694
main 7299
main 5723
main 6377
main 8381
main 6987
main 6660
main 13203
main 6517
main 6577
main 6602
main 7438
main 7160
main 8830
main 9273
main 6992
main 6760
main 6374
main 10754
main 7218
main 6495
main 10035
main 7846
main 7903
main 6613
main 132526
main 9986
main 6602
main 7733
main 6690
main 6641
main 6480
main 6640
main 6287
main 6925
main 6031
main 7627
main 7128
main 6785
main 6752
main 6544
main 6777
main 16766
main 7596
main 6828
main 6955
main 7908
main 7620
main 8297
main 8524
main 6861
main 7607
main 16973
main 7762
main 10276
main 7863
main 8498
main 10524
main 6485
main 7201
main 6679
main 6231
main 14009
main 7014
main 7117
main 6645
main 7000
main 6804
main 8609
main 7044
main 6951
main 7505
main 7332
main 8009
main 7536
main 6542
main 7232
main 6831
main 7573
main 9993
main 6591
main 6744
main 6710
main 7062
main 6398
main 7458
main 6805
main 6775
main 7672
main 6857
main 7953
main 8655
main 6979
main 8093
main 7560
main 8275
main 6931
main 6942
main 7343
main 6463
main 8114
main 6833
main 14363
main 7168
main 6932
main 7058
main 10829
main 6969
main 7437
main 7414
main 6677
main 6828
main 7193
main 6681
main 7013
main 6363
main 6347
main 6096
main 8086
main 7913
main 6906
main 7035
main 7812
main 6968
main 6727
main 7053
main 7191
main 7188
main 7054
main 8073
main 7198
main 53440
main 7449
main 8620
main 7992
main 6887
main 6936
main 6527
main 8428
main 7091
main 7040
main 7112
main 6602
main 8238
main 7952
main 6806
main 66554
main 11584
main 6827
main 7148
main 6746
main 6352
main 7475
main 7152
main 6545
main 6448
main 6567
main 6126
main 6642
main 6352
main 6394
main 7127
main 6919
main 6689
main 7052
main 14788
main 6978
main 6934
main 7046
main 6057
main 6429
main 6269
main 7421
main 6309
main 7087
main 6771
main 7159
main 6167
main 6411
main 7298
main 8287
main 6331
main 6587
main 6680
main 8305
main 5944
main 6964
