main 503676
main 480969
main 471430
main 479744
main 511147
main 502080
main 870874
main 624816
main 652784
main 477785
main 452022
main 542266
main 561983
main 515234
main 480604
main 472846
main 571502
main 551969
main 482254
main 470980
main 481555
main 512823
main 476836
main 499445
main 473137
main 495498
main 492050
main 488804
main 610433
main 489345
main 478454
main 487574
main 477886
main 490530
main 474736
main 483059
main 478756
main 504450
main 508434
main 500805
main 486218
main 499482
main 477475
main 492327
main 482987
main 477297
main 480587
main 488437
main 500534
main 636769
main 533927
main 489650
main 501306
main 520994
main 480609
main 476292
main 523567
main 488646
main 490104
main 543392
main 480265
main 523983
main 475070
main 488975
main 481800
main 522387
main 498129
main 477953
main 510450
main 460856
main 592793
main 501548
main 521642
main 469669
main 493502
main 605509
main 477050
main 490764
main 469628
main 548797
main 508503
main 466892
main 511543
main 492545
main 508941
main 471267
main 543436
main 576217
main 488638
main 501572
main 427193
main 544676
main 614850
main 485472
main 677348
main 591912
main 531560
main 511203
main 502933
main 582624
main 485800
main 490432
main 485098
main 482071
main 497554
main 463632
main 487935
main 468038
main 459670
main 484205
main 480827
main 480590
main 509939
main 501203
main 457819
main 794959
main 493270
main 529486
main 494130
main 525236
main 479806
main 508531
main 568767
main 655942
main 687519
main 633926
main 488508
main 566421
main 524370
main 490151
main 484360
main 528298
main 479126
main 614271
main 476152
main 510007
main 468479
main 541731
main 528960
main 469535
main 531140
main 492870
main 471626
main 470927
main 471365
main 546436
main 528578
main 477926
main 473807
main 492536
main 485609
main 483050
main 501763
main 476975
main 501061
main 498045
main 488406
main 518203
main 630709
main 619889
main 712310
main 971424
main 499679
main 488085
main 726669
main 619172
main 530841
main 466447
main 485544
main 510202
main 483530
main 486734
main 481561
main 582171
main 733270
main 510131
main 509527
main 525941
main 488365
main 543039
main 531561
main 510524
main 567642
main 520394
main 626623
main 512371
main 561435
main 674061
main 489725
main 625242
main 677251
main 664019
main 501530
main 527490
main 664805
main 531647
main 579382
main 609738
main 535697
main 487400
main 542384
main 679142
main 479125
main 481141
main 487498
main 506472
main 511531
main 537449
main 494657
main 478651
main 506199
main 542849
main 485318
main 467867
main 549722
main 545657
main 469853
main 495983
main 522393
main 476520
main 467184
main 477513
main 551803
main 482220
main 489221
main 468387
main 495500
main 493439
main 528379
main 798909
main 623459
main 486774
main 460756
main 480491
main 491881
main 609251
main 469342
main 485532
main 536714
main 503210
main 457705
main 469403
main 491378
main 701762
main 518364
main 606068
main 869453
main 468550
main 502081
main 549143
main 467452
main 526264
main 527441
main 469449
main 489533
main 489550
main 536401
main 509272
main 471883
main 598594
main 478176
main 550811
main 469269
main 478034
main 483392
main 519701
main 559238
main 480574
main 477580
main 620633
main 842648
main 676887
main 600848
main 576876
main 468340
main 470973
main 459342
main 622846
main 461145
main 493454
main 515843
main 485552
main 674956
main 630706
main 508168
main 552606
main 475835
main 502072
main 497359
main 476009
main 476382
main 527348
main 487648
main 480208
main 504990
main 487779
main 489104
main 489872
main 468459
main 477012
main 415410
main 479143
main 469831
main 471456
main 522870
main 485185
main 504208
main 479580
main 510931
main 499004
main 482593
main 504951
main 478174
main 567948
main 506370
main 475722
main 510409
main 481903
main 509039
main 548568
main 485610
main 496523
main 470267
main 474292
main 474839
main 480400
main 474304
main 520532
main 482456
main 476480
main 488093
main 519476
main 786983
main 510933
main 474322
main 481842
main 553906
main 543623
main 543544
main 480911
main 477659
main 472583
main 477297
main 492409
main 477360
main 509422
main 475463
main 481874
main 485075
main 530393
main 684164
main 63718630
main 503247
main 480082
main 480911
main 459978
main 482190
main 481706
main 557905
main 474560
main 597099
main 484238
main 542993
main 495490
main 486980
main 469164
main 495304
main 726506
main 516541
main 494006
main 669026
main 552341
main 492977
main 460763
main 527084
main 486643
main 479188
main 498511
main 502901
main 486191
main 486263
main 479530
main 461790
main 475278
main 728354
main 553636
main 421676
main 492104
main 605215
main 482888
main 662733
main 480045
main 509398
main 524780
main 485730
main 476627
main 472858
main 490319
main 487421
main 496558
main 503828
main 525375
main 470272
main 470566
main 475046
main 470851
main 514121
main 493137
main 479794
main 458912
main 675224
main 535924
main 872371
main 588020
main 708714
main 937866
main 636122
main 559868
main 598617
main 460202
main 494156
main 547201
main 595002
main 570293
main 616724
main 714054
main 619293
main 565292
main 662170
main 509982
main 508288
main 623257
main 582530
main 520262
main 673055
main 725570
main 524422
main 577205
main 522741
main 524291
main 797119
main 694419
main 574632
main 817378
main 968970
main 589059
main 677000
main 584654
main 586415
main 949254
main 532897
main 634980
main 570793
main 750109
main 547667
main 488152
main 487485
main 586564
main 513991
main 624988
main 523773
main 545149
main 481877
main 519863
main 473264
main 515010
main 417445
main 460331
main 631278
main 526856
main 479144
main 646120
main 480833
main 559923
main 533533
main 479769
main 505283
main 471696
main 556933
main 509185
main 500599
main 494821
main 536532
main 465220
main 495704
main 468324
main 482286
main 579918
main 556769
main 493583
main 758513
main 493896
main 509240
main 642110
main 495479
main 495694
main 525455
main 684267
main 856678
main 747483
main 760383
main 569948
main 543307
main 488014
main 459427
main 472270
main 495482
main 472651
main 460819
main 521490
main 490090
main 494092
main 503711
main 495834
main 490610
main 474876
main 543987
main 480154
main 535647
main 514980
main 485503
main 496778
main 494793
main 479562
main 531327
main 484620
main 863815
main 850868
main 493482
main 492340
main 489150
main 481643
main 468557
main 721968
main 499830
main 480538
main 485940
main 480820
main 494444
main 486583
main 476191
main 487455
main 483734
main 472210
main 470973
main 460060
main 473267
main 638835
main 497921
main 549641
main 533763
main 561285
main 537632
main 471197
main 478548
main 468673
main 495339
main 491290
main 568824
main 473993
main 570678
main 808775
main 488449
main 475756
main 487288
main 442414
main 502684
main 487754
main 511430
main 487451
main 480025
main 497090
main 495616
main 499481
main 565469
main 472570
main 468264
main 533992
main 589784
main 880990
main 490742
main 509259
main 463129
main 482461
main 545551
main 535649
main 477397
main 510149
main 518285
main 484534
main 478027
main 482278
main 492813
main 545765
main 509129
main 540445
main 449976
main 493116
main 485490
main 492805
main 477765
main 547150
main 497162
main 478680
main 493657
main 482201
main 531008
main 479086
main 481828
main 474916
main 459991
main 571181
main 497556
main 489020
main 480661
main 495687
main 481283
main 525822
main 469621
main 501559
main 483210
main 478679
main 506847
main 481344
main 490089
main 472476
main 462668
main 515073
main 473387
main 495057
main 489511
main 470942
main 473637
main 494453
main 474397
main 480991
main 482985
main 461095
main 466018
main 470905
main 577171
main 481979
main 467405
main 488991
main 479008
main 487840
main 468343
main 469698
main 498207
main 537388
main 552718
main 471410
main 576361
main 481367
main 502149
main 509642
main 471203
main 491546
main 481022
main 468656
main 472584
main 472093
main 512943
main 470170
main 493801
main 512841
main 552252
main 482182
main 466919
main 480747
main 508366
main 564244
main 502709
main 463202
main 482060
main 467363
main 480298
main 648592
main 793199
main 501789
main 471542
main 506345
main 479942
main 469715
main 591482
main 559597
main 437395
main 491846
main 488682
main 472788
main 422758
main 469836
main 479266
main 482760
main 510935
main 481354
main 462382
main 486721
main 481384
main 472257
main 484450
main 478590
main 496702
main 470595
main 485394
main 472809
main 474050
main 490129
main 492278
main 489673
main 480956
main 470672
main 470539
main 439273
main 481042
main 480819
main 495117
main 494733
main 486233
main 464593
main 602853
main 497090
main 483716
main 484815
main 463621
main 497265
main 477733
main 477444
main 479057
main 488810
main 532181
main 572156
main 591568
main 505937
main 524253
main 518825
main 471378
main 481516
main 473704
main 488440
main 478192
main 469575
main 481717
main 517361
main 479521
main 479323
main 484492
main 729211
main 531595
main 498754
main 482928
main 486194
main 481792
main 477790
main 504306
main 512210
main 505348
main 505425
main 556265
main 485641
main 470695
main 527554
main 525463
main 508915
main 451011
main 469776
main 575786
main 606827
main 471959
main 495606
main 514731
main 544427
main 526443
main 497587
main 471092
main 537010
main 511610
main 433501
main 497737
main 490411
main 481868
main 570678
main 487039
main 491030
main 584896
main 485912
main 530215
main 521954
main 435372
main 518493
main 491617
main 496625
main 582508
main 470846
main 471796
main 534644
main 696542
main 524183
main 497129
main 765638
main 836864
main 608999
main 733740
main 532110
main 486627
main 548817
main 499121
main 478428
main 511388
main 545791
main 595801
main 582418
main 544576
main 502232
main 805797
main 515140
main 645719
main 497038
main 543179
main 569152
main 553610
main 713874
main 637804
main 621811
main 587240
main 651103
main 582514
main 698285
main 511170
main 519072
main 499337
main 529505
main 487637
main 463055
main 483888
main 647791
main 496708
main 476452
main 549364
main 505758
main 473850
main 516180
main 492589
main 493100
main 523225
main 484872
main 472307
main 494191
main 503173
main 550626
main 627664
main 503117
main 565556
main 529299
main 545221
main 592001
main 507008
main 510528
main 712076
main 958455
main 624176
main 472291
main 609186
main 674941
main 700905
main 512989
main 582669
main 496295
main 509375
main 608213
main 475890
main 871966
main 500771
main 482899
main 482043
main 483605
main 485628
main 471767
main 478665
main 472594
main 493809
main 524282
main 487148
main 478914
main 482539
main 487578
main 477925
main 462092
main 543660
main 461266
main 479181
main 471383
main 484783
main 469013
main 477717
main 530929
main 593790
main 487028
main 491874
main 476523
main 560009
main 611942
main 728118
main 438035
main 468066
main 504085
main 576292
main 760895
main 500579
main 478314
main 475767
main 472980
main 503346
main 514719
main 505258
main 490696
main 676851
main 715280
main 551904
main 486901
main 481388
main 511905
main 491894
main 526645
main 529070
main 472944
main 478182
main 475644
main 477779
main 457900
main 481956
main 471780
main 465199
main 501399
main 507063
main 665018
main 491156
main 488169
main 490927
main 477829
main 481237
main 501276
main 516864
main 505296
main 510705
main 489592
main 496217
main 576948
main 556316
main 481206
main 510071
main 472105
main 521365
main 504857
main 471956
main 457069
main 480240
main 554939
main 530443
main 481290
main 496263
main 478929
main 481642
main 544087
main 473919
main 479083
main 478401
main 477601
main 474582
main 478794
main 491559
main 641504
main 479284
main 484094
main 531130
main 478872
main 479958
main 458084
main 495241
main 495692
main 496551
main 734587
main 494352
main 504627
main 470357
main 515125
main 548776
main 524748
main 469740
main 490215
main 603075
main 502658
main 504910
main 475620
main 550481
main 586040
main 625146
main 487423
main 499639
main 491495
