main 314499
main 239650
main 254044
main 240089
main 239808
main 240909
main 302273
main 277940
main 241928
main 245178
main 240116
main 238659
main 239063
main 238231
main 316842
main 241611
main 278222
main 238107
main 245974
main 242215
main 234622
main 239608
main 237909
main 237128
main 238598
main 239870
main 237353
main 248113
main 239562
main 239995
main 233785
main 238785
main 243166
main 244350
main 258847
main 241424
main 255879
main 243538
main 240709
main 239346
main 239236
main 240649
main 241137
main 238509
main 238781
main 240071
main 239174
main 233491
main 241770
main 237671
main 240072
main 233684
main 236093
main 239924
main 236861
main 238979
main 234060
main 237962
main 237256
main 239867
main 238235
main 242962
main 236223
main 238453
main 245917
main 239674
main 262941
main 238305
main 238291
main 238372
main 255892
main 234329
main 240805
main 239536
main 239296
main 237389
main 241172
main 244030
main 232512
main 237427
main 237701
main 240729
main 237749
main 240330
main 237813
main 264305
main 246389
main 239781
main 239223
main 238598
main 239224
main 238774
main 240852
main 240102
main 239596
main 237516
main 241156
main 239257
main 239734
main 236957
main 238099
main 239717
main 232821
main 232970
main 252680
main 238363
main 239053
main 232572
main 228857
main 239183
main 239001
main 238235
main 233421
main 237922
main 238413
main 238376
main 237761
main 240400
main 237486
main 238318
main 229206
main 241930
main 239948
main 237142
main 244844
main 250030
main 243643
main 238683
main 237256
main 238236
main 250439
main 245327
main 237385
main 241185
main 237334
main 238048
main 234501
main 236622
main 239028
main 239067
main 239468
main 238101
main 254223
main 242080
main 239815
main 238175
main 233421
main 239578
main 243709
main 239126
main 238303
main 237559
main 237364
main 241043
main 239086
main 258964
main 234117
main 238322
main 239634
main 243620
main 238894
main 239556
main 239507
main 240864
main 239979
main 240250
main 237750
main 239843
main 262394
main 243804
main 238299
main 239451
main 247679
main 233270
main 237690
main 232790
main 238269
main 237966
main 239783
main 240018
main 237620
main 244778
main 228015
main 239963
main 267239
main 242128
main 239463
main 239162
main 236919
main 233992
main 238521
main 241052
main 238039
main 238944
main 238236
main 239772
main 243794
main 255742
main 239481
main 242933
main 240629
main 237469
main 240454
main 233074
main 239332
main 291731
main 242088
main 264392
main 238650
main 234105
main 235128
main 241615
main 237357
main 248144
main 240631
main 234087
main 248214
main 238598
main 236982
main 238938
main 238802
main 237549
main 238393
main 248059
main 238251
main 247729
main 243701
main 243300
main 238661
main 239870
main 238110
main 241064
main 238743
main 239126
main 238358
main 238436
main 300057
main 237431
main 243489
main 238793
main 262521
main 239707
main 238258
main 238046
main 238127
main 238647
main 239165
main 238980
main 281777
main 238464
main 237798
main 238925
main 238662
main 273171
main 238718
main 245405
main 238787
main 262591
main 237473
main 238423
main 238672
main 239624
main 234159
main 242130
main 237925
main 238065
main 328852
main 232554
main 238658
main 237342
main 234890
main 241173
main 239311
main 238268
main 234062
main 238443
main 241316
main 241068
main 239556
main 238041
main 246715
main 239038
main 238803
main 237916
main 238022
main 238437
main 239602
main 233164
main 240085
main 233980
main 239570
main 241550
main 235185
main 256576
main 248054
main 239308
main 239038
main 238183
main 237582
main 237539
main 239855
main 237861
main 238917
main 234646
main 238762
main 239377
main 241485
main 241481
main 236933
main 237469
main 240804
main 246996
main 240770
main 231061
main 242332
main 240073
main 238268
main 241391
main 238967
main 241610
main 231933
main 239137
main 236903
main 240152
main 233888
main 238451
main 239319
main 238991
main 321172
main 239356
main 238305
main 239857
main 240979
main 238601
main 239444
main 240275
main 238956
main 239305
main 239254
main 235212
main 239546
main 239371
main 239743
main 238160
main 238151
main 239160
main 238358
main 276340
main 238137
main 238946
main 238611
main 242928
main 240362
main 240932
main 239762
main 238537
main 235551
main 233471
main 239941
main 254066
main 238575
main 237472
main 238476
main 253725
main 239966
main 241222
main 239643
main 236642
main 236058
main 240803
main 242845
main 238830
main 238808
main 246416
main 238722
main 239636
main 239220
main 236322
main 239026
main 236840
main 241028
main 249832
main 239129
main 239072
main 236586
main 238907
main 233669
main 238640
main 246304
main 238215
main 238894
main 242559
main 238574
main 241298
main 239699
main 238553
main 238036
main 238339
main 244100
main 238422
main 239404
main 345541
main 239282
main 239762
main 308976
main 234071
main 238219
main 239237
main 238891
main 240204
main 237643
main 238115
main 239289
main 239212
main 238207
main 253706
main 241006
main 238456
main 236902
main 252691
main 242017
main 232784
main 238929
main 238755
main 238818
main 238777
main 237266
main 237823
main 241031
main 237410
main 238520
main 233171
main 234427
main 233964
main 243743
main 238686
main 240041
main 242392
main 241738
main 239211
main 237500
main 243960
main 238538
main 240530
main 236450
main 239328
main 239794
main 237492
main 249138
main 237705
main 240455
main 238754
main 232011
main 233389
main 237189
main 240086
main 238899
main 250036
main 241268
main 261463
main 239966
main 238549
main 244503
main 240624
main 238350
main 237740
main 254067
main 239093
main 234164
main 238171
main 238367
main 246819
main 242026
main 239303
main 232949
main 241224
main 232913
main 238452
main 233354
main 248923
main 239965
main 245433
main 243936
main 234903
main 237853
main 237412
main 239199
main 237819
main 238886
main 237360
main 238364
main 253272
main 238025
main 237306
main 252235
main 240364
main 280224
main 239247
main 239166
main 238308
main 239605
main 238586
main 240174
main 251142
main 242199
main 238377
main 238180
main 237663
main 237937
main 239267
main 239632
main 239103
main 238761
main 236804
main 238190
main 238127
main 244211
main 233315
main 239591
main 240925
main 238127
main 238424
main 240573
main 234805
main 239249
main 259806
main 240384
main 239775
main 253211
main 244031
main 238452
main 239611
main 238526
main 243671
main 238215
main 238429
main 238142
main 239598
main 241397
main 238945
main 239188
main 237844
main 238976
main 237806
main 235440
main 236687
main 233970
main 239380
main 246705
main 240142
main 233638
main 239525
main 240274
main 245821
main 238409
main 235308
main 252409
main 246108
main 242671
main 257985
main 245390
main 240630
main 238426
main 249094
main 252413
main 232942
main 253809
main 237308
main 239976
main 238451
main 243525
main 239115
main 237638
main 238038
main 234946
main 245878
main 237478
main 240972
main 239551
main 239179
main 232911
main 237381
main 237365
main 237241
main 238487
main 233539
main 235686
main 252123
main 234420
main 238680
main 238443
main 238006
main 299279
main 238567
main 238543
main 276534
main 237329
main 240474
main 242138
main 236628
main 238650
main 239564
main 237647
main 240525
main 306019
main 234229
main 238229
main 238478
main 239502
main 234143
main 299862
main 237267
main 233792
main 239407
main 240411
main 247247
main 246196
main 242327
main 247497
main 238652
main 245522
main 242850
main 240455
main 239238
main 242186
main 238177
main 239064
main 240517
main 237440
main 236928
main 238808
main 237925
main 238916
main 237983
main 238370
main 232304
main 234065
main 236353
main 237991
main 235584
main 234943
main 240676
main 237837
main 239134
main 245118
main 238313
main 239516
main 238950
main 238893
main 238150
main 239110
main 233845
main 238910
main 239191
main 237168
main 239711
main 234093
main 250521
main 249282
main 259225
main 241372
main 255699
main 239815
main 243343
main 238742
main 241108
main 238954
main 241952
main 237928
main 236867
main 309557
main 240996
main 239901
main 241063
main 241809
main 235757
main 233444
main 246359
main 238613
main 238476
main 235189
main 234037
main 243927
main 241143
main 240811
main 240706
main 241269
main 252070
main 240010
main 235054
main 240593
main 239669
main 238192
main 239999
main 242382
main 237732
main 237896
main 233533
main 239029
main 239475
main 239028
main 238431
main 238142
main 237512
main 238124
main 234936
main 237244
main 237386
main 238500
main 244957
main 251368
main 244648
main 241100
main 238144
main 239466
main 329766
main 239684
main 240275
main 235658
main 237065
main 246199
main 238269
main 238339
main 256692
main 238126
main 240002
main 239418
main 241196
main 248631
main 238520
main 242630
main 237280
main 237946
main 238335
main 238476
main 238471
main 240136
main 235134
main 237766
main 279479
main 238445
main 240802
main 237710
main 237075
main 239569
main 257589
main 235088
main 246945
main 238005
main 239022
main 246575
main 238921
main 239878
main 235171
main 237469
main 278452
main 237354
main 238550
main 254602
main 238566
main 239195
main 233110
main 242885
main 240315
main 282785
main 237681
main 242602
main 243383
main 239905
main 248856
main 237202
main 238453
main 284452
main 237520
main 237931
main 240955
main 241368
main 240799
main 238505
main 237749
main 241974
main 246674
main 234786
main 231847
main 238341
main 240479
main 239117
main 258242
main 240288
main 242169
main 246338
main 238659
main 240854
main 239375
main 238546
main 235863
main 238909
main 241268
main 238149
main 238479
main 234046
main 238821
main 239531
main 241271
main 314856
main 239970
main 270099
main 237809
main 239803
main 237772
main 240933
main 239977
main 239980
main 240394
main 239424
main 237614
main 300068
main 238356
main 235537
main 237692
main 233926
main 242560
main 239303
main 239155
main 239495
main 237673
main 237365
main 240233
main 243460
main 237825
main 234315
main 248707
main 239813
main 240148
main 273497
main 240288
main 238471
main 237978
main 238520
main 238344
main 238132
main 238038
main 238426
main 272168
main 238989
main 232354
main 250456
main 239510
main 233570
main 238484
main 240940
main 242413
main 238228
main 240765
main 238807
main 270621
main 241652
main 255405
main 237989
main 238328
main 239080
main 237007
main 238008
main 250533
main 247080
main 239261
main 239968
main 240047
main 238947
main 238220
main 244059
main 241879
main 246339
main 237257
main 233372
main 338888
main 234455
main 238168
main 237110
main 242526
main 239114
main 240914
main 234693
main 239778
main 238356
main 243514
main 238390
main 239006
main 237270
main 239792
main 242329
main 243766
main 241178
main 246351
main 238702
main 240422
main 238190
main 232344
main 239898
main 234447
main 237309
main 239662
main 238589
main 243874
main 240241
main 238509
main 238582
main 238585
main 237812
main 260668
main 239708
main 239569
main 240298
main 233417
main 238210
main 237384
main 238012
main 237680
main 235540
main 238926
main 243464
main 234566
main 240124
main 240603
main 240231
main 248306
main 234169
main 235280
main 239116
main 239007
main 237599
main 240199
main 241844
main 235144
main 234819
main 239150
main 238088
main 239294
main 234586
main 238312
main 238558
main 239115
main 240191
main 239590
main 238374
main 237547
main 245606
main 238149
main 238358
main 235749
main 237765
main 238732
main 238434
main 234365
main 238454
main 238365
main 238036
main 237695
main 237739
main 239225
main 263540
main 238229
main 241241
main 234338
main 259983
main 237747
main 238965
main 240939
main 238645
main 241447
main 239695
main 236932
main 233678
main 236367
main 239832
main 245697
main 238204
main 237330
main 238041
main 232777
main 250747
main 239880
main 240471
main 242648
main 239083
main 240767
main 240809
main 240210
main 340411
main 234018
main 241558
main 239310
main 291102
main 241499
main 234901
main 239523
main 238148
main 240004
main 240089
main 239357
