main 393521
main 413288
main 390772
main 401943
main 496164
main 439858
main 527659
main 419419
main 381294
main 386813
main 457654
main 372754
main 538419
main 429540
main 577441
main 500937
main 415734
main 450202
main 409947
main 432714
main 697516
main 696967
main 398697
main 443242
main 364218
main 448121
main 436728
main 504015
main 393686
main 416447
main 420549
main 672482
main 400254
main 414585
main 375564
main 391022
main 426363
main 614754
main 414791
main 399742
main 469847
main 405417
main 488548
main 385599
main 402063
main 429919
main 851607
main 519100
main 632226
main 802782
main 498385
main 555764
main 600272
main 492233
main 405824
main 396641
main 457516
main 398290
main 431327
main 378876
main 363752
main 435300
main 437490
main 578548
main 410447
main 389222
main 427781
main 388060
main 440071
main 367011
main 385312
main 409726
main 453234
main 381529
main 401293
main 371067
main 373819
main 422663
main 401965
main 376155
main 513361
main 519314
main 556965
main 435131
main 378231
main 469692
main 394248
main 455801
main 400211
main 442938
main 373428
main 522229
main 492487
main 392481
main 429846
main 404684
main 416257
main 368203
main 555563
main 390705
main 393787
main 390052
main 439571
main 424998
main 543424
main 497266
main 413192
main 420264
main 398123
main 445571
main 443885
main 382055
main 378939
main 364992
main 402158
main 430823
main 363004
main 380310
main 372944
main 386218
main 378488
main 363927
main 401593
main 404619
main 368437
main 382509
main 373464
main 364159
main 366406
main 440482
main 399249
main 365709
main 377205
main 613902
main 386465
main 552919
main 494840
main 362892
main 421116
main 401677
main 387454
main 597496
main 403598
main 411626
main 376050
main 363471
main 405725
main 399866
main 378155
main 376336
main 379713
main 400023
main 368379
main 431053
main 380789
main 421607
main 432139
main 405812
main 413604
main 366883
main 445059
main 384696
main 397356
main 393455
main 475018
main 580970
main 367212
main 545949
main 368490
main 434186
main 415480
main 420036
main 414948
main 369318
main 395157
main 513862
main 516355
main 395748
main 410119
main 369123
main 607744
main 880428
main 480569
main 495414
main 500485
main 419025
main 467751
main 553642
main 526159
main 576644
main 686068
main 372385
main 522673
main 623441
main 604791
main 558673
main 685367
main 436351
main 788840
main 535470
main 384959
main 613708
main 689077
main 1005888
main 485007
main 454489
main 365314
main 396841
main 405511
main 461927
main 394114
main 526024
main 529169
main 580977
main 410279
main 384669
main 427421
main 449139
main 424657
main 436537
main 583074
main 384984
main 384030
main 374776
main 471972
main 568812
main 409102
main 610837
main 419497
main 365812
main 429542
main 395705
main 399884
main 388243
main 473497
main 398423
main 381604
main 536567
main 401007
main 382584
main 415767
main 386966
main 476792
main 429961
main 368834
main 396965
main 423344
main 380865
main 360955
main 461890
main 378269
main 380398
main 466401
main 462474
main 389283
main 399727
main 408348
main 379284
main 409645
main 362522
main 370579
main 395500
main 389571
main 666443
main 526141
main 390327
main 372820
main 389981
main 391331
main 362037
main 381456
main 364544
main 382188
main 373903
main 394323
main 361826
main 362931
main 400172
main 394062
main 387486
main 380042
main 406186
main 374997
main 383583
main 385592
main 408585
main 375578
main 462257
main 402371
main 514681
main 405145
main 374749
main 368564
main 378306
main 366301
main 364185
main 497096
main 372312
main 362436
main 420441
main 386568
main 365682
main 369363
main 387787
main 416719
main 367574
main 526098
main 421994
main 374618
main 369336
main 393077
main 387997
main 360308
main 379431
main 363079
main 363951
main 375424
main 374734
main 397039
main 364971
main 377811
main 370286
main 376370
main 410604
main 364460
main 450117
main 386671
main 384454
main 385265
main 364966
main 380095
main 433668
main 400620
main 387806
main 389388
main 514160
main 471237
main 373668
main 422578
main 382176
main 430514
main 480336
main 398677
main 379156
main 476999
main 390631
main 436733
main 642937
main 568507
main 386329
main 366254
main 404759
main 634469
main 589747
main 379179
main 431829
main 440111
main 368206
main 454341
main 436218
main 473774
main 435706
main 389924
main 374635
main 373414
main 361959
main 416351
main 486212
main 413072
main 488157
main 462309
main 380423
main 371568
main 378662
main 458087
main 439104
main 456198
main 426271
main 448972
main 423921
main 367467
main 427752
main 384403
main 607482
main 451790
main 455804
main 386715
main 393709
main 377837
main 392772
main 378707
main 442775
main 421261
main 420915
main 430156
main 453235
main 721662
main 376198
main 375356
main 389617
main 365121
main 382699
main 395145
main 411634
main 367790
main 587573
main 366971
main 368995
main 368559
main 451849
main 364394
main 364958
main 377324
main 489032
main 363700
main 529057
main 803804
main 368037
main 367587
main 374353
main 383531
main 362501
main 366184
main 378688
main 371495
main 439936
main 401030
main 364736
main 406989
main 385231
main 366737
main 362827
main 367594
main 368298
main 367132
main 391042
main 377616
main 372472
main 434516
main 383575
main 389378
main 377006
main 381707
main 366664
main 392739
main 367488
main 371741
main 571145
main 443220
main 398647
main 466589
main 434056
main 378981
main 362008
main 814649
main 369957
main 510038
main 443353
main 426469
main 436994
main 523847
main 447696
main 398761
main 381030
main 422685
main 436481
main 380004
main 401102
main 397063
main 397203
main 408689
main 431125
main 409196
main 524550
main 382499
main 387164
main 397970
main 458451
main 386117
main 385159
main 386624
main 415781
main 361344
main 382661
main 372956
main 384246
main 382661
main 384545
main 397865
main 479234
main 438458
main 479595
main 393728
main 388631
main 486781
main 485457
main 576434
main 462330
main 415642
main 376733
main 508498
main 359429
main 359779
main 696953
main 472287
main 842417
main 547370
main 418626
main 455593
main 387608
main 462442
main 366834
main 385568
main 476492
main 388607
main 363484
main 450473
main 613950
main 373573
main 403398
main 363342
main 367949
main 398793
main 402098
main 391950
main 476568
main 383562
main 379139
main 385302
main 423697
main 388049
main 371664
main 425912
main 365192
main 390491
main 426681
main 392953
main 364042
main 363750
main 414701
main 384699
main 386488
main 397283
main 403690
main 384308
main 402893
main 377482
main 538336
main 405739
main 432956
main 388791
main 377436
main 390998
main 366711
main 366224
main 362201
main 385106
main 567490
main 794940
main 963363
main 383014
main 417383
main 478627
main 478248
main 396494
main 481989
main 383192
main 377287
main 389855
main 380611
main 363524
main 382236
main 409740
main 368675
main 373207
main 380802
main 365141
main 402973
main 402730
main 725727
main 473976
main 633793
main 997819
main 414694
main 382662
main 627969
main 429362
main 364891
main 389236
main 359167
main 376584
main 401486
main 376246
main 487844
main 728911
main 437611
main 364424
main 384108
main 411922
main 392609
main 362961
main 365725
main 473842
main 412851
main 412187
main 372020
main 367468
main 451025
main 437552
main 391349
main 596129
main 433925
main 379175
main 429181
main 375965
main 405734
main 433705
main 392663
main 384450
main 378071
main 380912
main 398318
main 365204
main 378808
main 388440
main 368126
main 371642
main 954492
main 396275
main 701974
main 622659
main 383387
main 403565
main 452104
main 384367
main 418615
main 388410
main 390716
main 372318
main 392434
main 725998
main 366196
main 363048
main 368176
main 375726
main 406302
main 363857
main 374051
main 365681
main 391836
main 403593
main 387336
main 413120
main 542846
main 395460
main 470358
main 386513
main 389877
main 401349
main 395922
main 378261
main 406805
main 490597
main 402923
main 401587
main 417310
main 411660
main 391606
main 418503
main 405682
main 370911
main 378786
main 416329
main 486434
main 372422
main 390867
main 371918
main 419341
main 467104
main 368366
main 409862
main 377102
main 369251
main 418281
main 371268
main 388139
main 449128
main 415567
main 398605
main 480869
main 363066
main 360975
main 469629
main 395959
main 414295
main 367555
main 363020
main 379073
main 376078
main 526544
main 367052
main 376260
main 398561
main 437164
main 481563
main 410686
main 378942
main 381647
main 381932
main 375332
main 371493
main 368851
main 393222
main 380041
main 376672
main 426815
main 473754
main 369405
main 386047
main 387673
main 470671
main 416198
main 367709
main 388925
main 409561
main 401839
main 419471
main 379821
main 369554
main 437155
main 362107
main 462752
main 397702
main 445834
main 483976
main 411118
main 365841
main 457335
main 447584
main 394673
main 561783
main 514727
main 498660
main 392472
main 402370
main 390711
main 422044
main 495369
main 397221
main 376341
main 372038
main 369029
main 383459
main 374173
main 644726
main 393188
main 402092
main 419523
main 372948
main 374449
main 412039
main 366618
main 393120
main 397030
main 425835
main 388788
main 417060
main 370882
main 368854
main 365009
main 399775
main 375053
main 591739
main 380533
main 371993
main 373599
main 363001
main 553820
main 479989
main 370440
main 395123
main 471465
main 381380
main 376354
main 526676
main 412351
main 414988
main 425831
main 387489
main 408676
main 449916
main 428168
main 415270
main 380000
main 369452
main 429072
main 383987
main 363771
main 537538
main 425395
main 427292
main 527221
main 604853
main 598783
main 436019
main 473163
main 427099
main 363020
main 600386
main 434124
main 368413
main 421561
main 404007
main 370651
main 375719
main 499696
main 486863
main 366461
main 362725
main 426838
main 752347
main 573861
main 425303
main 366182
main 381164
main 365079
main 484605
main 568591
main 484599
main 461193
main 435655
main 469309
main 651114
main 421572
main 373075
main 403022
main 468637
main 388188
main 384103
main 501260
main 529216
main 422822
main 396753
main 428332
main 425060
main 363220
main 418422
main 583754
main 420746
main 549700
main 393947
main 627852
main 450124
main 606222
main 365721
main 363447
main 492137
main 383973
main 416955
main 386364
main 509797
main 394971
main 495814
main 653997
main 418809
main 457975
main 429406
main 377362
main 431728
main 558152
main 367566
main 367645
main 368332
main 368989
main 375965
main 365031
main 379132
main 365172
main 387241
main 368101
main 367788
main 413086
main 403677
main 449313
main 367289
main 381001
main 529541
main 431849
main 411345
main 574089
main 571779
main 536028
main 564012
main 414644
main 373795
main 429586
main 383654
main 362217
main 389064
main 439444
main 477614
main 388385
main 455789
main 449397
main 406531
main 602547
main 400620
main 461116
main 425413
main 383992
main 369894
main 426262
main 449696
main 432669
main 418565
main 386402
main 430776
main 410361
main 418392
main 381456
main 398135
main 362574
main 498083
main 425990
main 381471
main 424024
main 383474
main 444966
main 611288
main 599075
main 394959
main 442954
main 413150
main 410278
main 391785
main 498675
main 467267
main 393243
main 384879
main 464132
main 407981
main 382769
main 421796
main 402970
main 364403
main 391987
main 445297
main 444898
main 581851
main 513518
main 551974
main 608483
main 640597
main 626842
main 476230
main 409725
main 376801
main 384320
main 380791
main 373524
main 372963
main 396675
main 450824
main 406904
main 427552
main 374875
main 376560
main 379810
main 368959
main 405557
main 423766
main 555203
main 441788
main 719058
main 487059
main 474517
main 536285
main 453911
main 378206
main 386782
main 395937
main 395607
main 419771
main 365231
main 507700
main 397177
main 424235
main 364243
main 424413
main 370061
main 390142
main 585425
main 407342
main 863807
main 406717
main 473854
main 481718
main 425645
main 706919
main 432880
