Get_Azure_us-east1 653076
Get_Thrift_Server_Storage_us-east1 653179
Get_Azure_us-east1 206025
Get_Thrift_Server_Storage_us-east1 206063
Get_Azure_us-east1 64204
Get_Thrift_Server_Storage_us-east1 64257
Get_Azure_us-east1 26557
Get_Thrift_Server_Storage_us-east1 26601
Get_Azure_us-east1 46202
Get_Thrift_Server_Storage_us-east1 46225
Get_Azure_us-east1 37282
Get_Thrift_Server_Storage_us-east1 37308
Get_Azure_us-east1 50829
Get_Thrift_Server_Storage_us-east1 50853
Get_Azure_us-east1 49242
Get_Thrift_Server_Storage_us-east1 49288
Get_Azure_us-east1 40905
Get_Thrift_Server_Storage_us-east1 40943
Get_Azure_us-east1 119202
Get_Thrift_Server_Storage_us-east1 119229
Get_Azure_us-east1 21347
Get_Thrift_Server_Storage_us-east1 21388
Get_Azure_us-east1 32727
Get_Thrift_Server_Storage_us-east1 32780
Get_Azure_us-east1 70119
Get_Thrift_Server_Storage_us-east1 70169
Get_Azure_us-east1 23304
Get_Thrift_Server_Storage_us-east1 23326
Get_Azure_us-east1 60497
Get_Thrift_Server_Storage_us-east1 60522
Get_Azure_us-east1 37435
Get_Thrift_Server_Storage_us-east1 37456
Get_Azure_us-east1 34849
Get_Thrift_Server_Storage_us-east1 34876
Get_Azure_us-east1 88811
Get_Thrift_Server_Storage_us-east1 88849
Get_Azure_us-east1 81988
Get_Thrift_Server_Storage_us-east1 82009
Get_Azure_us-east1 21853
Get_Thrift_Server_Storage_us-east1 21887
Get_Azure_us-east1 22647
Get_Thrift_Server_Storage_us-east1 22688
Get_Azure_us-east1 35630
Get_Thrift_Server_Storage_us-east1 35661
Get_Azure_us-east1 19384
Get_Thrift_Server_Storage_us-east1 19431
Get_Azure_us-east1 46836
Get_Thrift_Server_Storage_us-east1 46885
Get_Azure_us-east1 75445
Get_Thrift_Server_Storage_us-east1 75468
Get_Azure_us-east1 43571
Get_Thrift_Server_Storage_us-east1 43594
Get_Azure_us-east1 34039
Get_Thrift_Server_Storage_us-east1 34071
Get_Azure_us-east1 82768
Get_Thrift_Server_Storage_us-east1 82813
Get_Azure_us-east1 62378
Get_Thrift_Server_Storage_us-east1 62432
Get_Azure_us-east1 81372
Get_Thrift_Server_Storage_us-east1 81417
Get_Azure_us-east1 43346
Get_Thrift_Server_Storage_us-east1 43368
Get_Azure_us-east1 45500
Get_Thrift_Server_Storage_us-east1 45550
Get_Azure_us-east1 26695
Get_Thrift_Server_Storage_us-east1 26720
Get_Azure_us-east1 49596
Get_Thrift_Server_Storage_us-east1 49646
Get_Azure_us-east1 85392
Get_Thrift_Server_Storage_us-east1 85420
Get_Azure_us-east1 160271
Get_Thrift_Server_Storage_us-east1 160316
Get_Azure_us-east1 107412
Get_Thrift_Server_Storage_us-east1 107442
Get_Azure_us-east1 66664
Get_Thrift_Server_Storage_us-east1 66689
Get_Azure_us-east1 38580
Get_Thrift_Server_Storage_us-east1 38608
Get_Azure_us-east1 43470
Get_Thrift_Server_Storage_us-east1 43504
Get_Azure_us-east1 23697
Get_Thrift_Server_Storage_us-east1 23721
Get_Azure_us-east1 84595
Get_Thrift_Server_Storage_us-east1 84638
Get_Azure_us-east1 45233
Get_Thrift_Server_Storage_us-east1 45258
Get_Azure_us-east1 21613
Get_Thrift_Server_Storage_us-east1 21656
Get_Azure_us-east1 38223
Get_Thrift_Server_Storage_us-east1 38281
Get_Azure_us-east1 62949
Get_Thrift_Server_Storage_us-east1 62977
Get_Azure_us-east1 39370
Get_Thrift_Server_Storage_us-east1 39404
Get_Azure_us-east1 26935
Get_Thrift_Server_Storage_us-east1 26960
Get_Azure_us-east1 46318
Get_Thrift_Server_Storage_us-east1 46346
Get_Azure_us-east1 57451
Get_Thrift_Server_Storage_us-east1 57519
Get_Azure_us-east1 20815
Get_Thrift_Server_Storage_us-east1 20841
Get_Azure_us-east1 84241
Get_Thrift_Server_Storage_us-east1 84269
Get_Azure_us-east1 93390
Get_Thrift_Server_Storage_us-east1 93415
Get_Azure_us-east1 37969
Get_Thrift_Server_Storage_us-east1 38024
Get_Azure_us-east1 35366
Get_Thrift_Server_Storage_us-east1 35392
Get_Azure_us-east1 58483
Get_Thrift_Server_Storage_us-east1 58515
Get_Azure_us-east1 28164
Get_Thrift_Server_Storage_us-east1 28194
Get_Azure_us-east1 60183
Get_Thrift_Server_Storage_us-east1 60238
Get_Azure_us-east1 67565
Get_Thrift_Server_Storage_us-east1 67624
Get_Azure_us-east1 48777
Get_Thrift_Server_Storage_us-east1 48806
Get_Azure_us-east1 43852
Get_Thrift_Server_Storage_us-east1 43900
Get_Azure_us-east1 44569
Get_Thrift_Server_Storage_us-east1 44609
Get_Azure_us-east1 31386
Get_Thrift_Server_Storage_us-east1 31410
Get_Azure_us-east1 25000
Get_Thrift_Server_Storage_us-east1 25027
Get_Azure_us-east1 94872
Get_Thrift_Server_Storage_us-east1 94915
Get_Azure_us-east1 68538
Get_Thrift_Server_Storage_us-east1 68594
Get_Azure_us-east1 56534
Get_Thrift_Server_Storage_us-east1 56576
Get_Azure_us-east1 63245
Get_Thrift_Server_Storage_us-east1 63270
Get_Azure_us-east1 51806
Get_Thrift_Server_Storage_us-east1 51846
Get_Azure_us-east1 35620
Get_Thrift_Server_Storage_us-east1 35643
Get_Azure_us-east1 28450
Get_Thrift_Server_Storage_us-east1 28490
Get_Azure_us-east1 24138
Get_Thrift_Server_Storage_us-east1 24188
Get_Azure_us-east1 45074
Get_Thrift_Server_Storage_us-east1 45118
Get_Azure_us-east1 58054
Get_Thrift_Server_Storage_us-east1 58082
Get_Azure_us-east1 43837
Get_Thrift_Server_Storage_us-east1 43861
Get_Azure_us-east1 48616
Get_Thrift_Server_Storage_us-east1 48649
Get_Azure_us-east1 101611
Get_Thrift_Server_Storage_us-east1 101641
Get_Azure_us-east1 70603
Get_Thrift_Server_Storage_us-east1 70626
Get_Azure_us-east1 59458
Get_Thrift_Server_Storage_us-east1 59495
Get_Azure_us-east1 33438
Get_Thrift_Server_Storage_us-east1 33467
Get_Azure_us-east1 22168
Get_Thrift_Server_Storage_us-east1 22209
Get_Azure_us-east1 36237
Get_Thrift_Server_Storage_us-east1 36280
Get_Azure_us-east1 54778
Get_Thrift_Server_Storage_us-east1 54807
Get_Azure_us-east1 25608
Get_Thrift_Server_Storage_us-east1 25676
Get_Azure_us-east1 51571
Get_Thrift_Server_Storage_us-east1 51626
Get_Azure_us-east1 37723
Get_Thrift_Server_Storage_us-east1 37764
Get_Azure_us-east1 44876
Get_Thrift_Server_Storage_us-east1 44910
Get_Azure_us-east1 35239
Get_Thrift_Server_Storage_us-east1 35260
Get_Azure_us-east1 65097
Get_Thrift_Server_Storage_us-east1 65120
Get_Azure_us-east1 156093
Get_Thrift_Server_Storage_us-east1 156333
Get_Azure_us-east1 43950
Get_Thrift_Server_Storage_us-east1 43980
Get_Azure_us-east1 52319
Get_Thrift_Server_Storage_us-east1 52356
Get_Azure_us-east1 39661
Get_Thrift_Server_Storage_us-east1 39698
Get_Azure_us-east1 30063
Get_Thrift_Server_Storage_us-east1 30085
Get_Azure_us-east1 33715
Get_Thrift_Server_Storage_us-east1 33750
Get_Azure_us-east1 58950
Get_Thrift_Server_Storage_us-east1 58974
Get_Azure_us-east1 21291
Get_Thrift_Server_Storage_us-east1 21330
Get_Azure_us-east1 91262
Get_Thrift_Server_Storage_us-east1 91288
Get_Azure_us-east1 73706
Get_Thrift_Server_Storage_us-east1 73743
Get_Azure_us-east1 22621
Get_Thrift_Server_Storage_us-east1 22645
Get_Azure_us-east1 50157
Get_Thrift_Server_Storage_us-east1 50181
Get_Azure_us-east1 96008
Get_Thrift_Server_Storage_us-east1 96041
Get_Azure_us-east1 20233
Get_Thrift_Server_Storage_us-east1 20260
Get_Azure_us-east1 69955
Get_Thrift_Server_Storage_us-east1 69987
Get_Azure_us-east1 78473
Get_Thrift_Server_Storage_us-east1 78517
Get_Azure_us-east1 36601
Get_Thrift_Server_Storage_us-east1 36638
Get_Azure_us-east1 42539
Get_Thrift_Server_Storage_us-east1 42563
Get_Azure_us-east1 70238
Get_Thrift_Server_Storage_us-east1 70259
Get_Azure_us-east1 54178
Get_Thrift_Server_Storage_us-east1 54201
Get_Azure_us-east1 33709
Get_Thrift_Server_Storage_us-east1 33759
Get_Azure_us-east1 40983
Get_Thrift_Server_Storage_us-east1 41012
Get_Azure_us-east1 89297
Get_Thrift_Server_Storage_us-east1 89337
Get_Azure_us-east1 74687
Get_Thrift_Server_Storage_us-east1 74710
Get_Azure_us-east1 28159
Get_Thrift_Server_Storage_us-east1 28192
Get_Azure_us-east1 40512
Get_Thrift_Server_Storage_us-east1 40536
Get_Azure_us-east1 36633
Get_Thrift_Server_Storage_us-east1 36682
Get_Azure_us-east1 41074
Get_Thrift_Server_Storage_us-east1 41114
Get_Azure_us-east1 19790
Get_Thrift_Server_Storage_us-east1 19832
Get_Azure_us-east1 104370
Get_Thrift_Server_Storage_us-east1 104422
Get_Azure_us-east1 21743
Get_Thrift_Server_Storage_us-east1 21783
Get_Azure_us-east1 36564
Get_Thrift_Server_Storage_us-east1 36588
Get_Azure_us-east1 65029
Get_Thrift_Server_Storage_us-east1 65054
Get_Azure_us-east1 35502
Get_Thrift_Server_Storage_us-east1 35540
Get_Azure_us-east1 21015
Get_Thrift_Server_Storage_us-east1 21211
Get_Azure_us-east1 18736
Get_Thrift_Server_Storage_us-east1 18765
Get_Azure_us-east1 27864
Get_Thrift_Server_Storage_us-east1 27892
Get_Azure_us-east1 132054
Get_Thrift_Server_Storage_us-east1 132092
Get_Azure_us-east1 41665
Get_Thrift_Server_Storage_us-east1 41705
Get_Azure_us-east1 62953
Get_Thrift_Server_Storage_us-east1 63006
Get_Azure_us-east1 29026
Get_Thrift_Server_Storage_us-east1 29051
Get_Azure_us-east1 54159
Get_Thrift_Server_Storage_us-east1 54182
Get_Azure_us-east1 47781
Get_Thrift_Server_Storage_us-east1 47804
Get_Azure_us-east1 82178
Get_Thrift_Server_Storage_us-east1 82202
Get_Azure_us-east1 23140
Get_Thrift_Server_Storage_us-east1 23169
Get_Azure_us-east1 81681
Get_Thrift_Server_Storage_us-east1 81706
Get_Azure_us-east1 19758
Get_Thrift_Server_Storage_us-east1 19790
Get_Azure_us-east1 118303
Get_Thrift_Server_Storage_us-east1 118331
Get_Azure_us-east1 90318
Get_Thrift_Server_Storage_us-east1 90357
Get_Azure_us-east1 51158
Get_Thrift_Server_Storage_us-east1 51198
Get_Azure_us-east1 21670
Get_Thrift_Server_Storage_us-east1 21725
Get_Azure_us-east1 55592
Get_Thrift_Server_Storage_us-east1 55647
Get_Azure_us-east1 32552
Get_Thrift_Server_Storage_us-east1 32576
Get_Azure_us-east1 77609
Get_Thrift_Server_Storage_us-east1 77647
Get_Azure_us-east1 74886
Get_Thrift_Server_Storage_us-east1 74908
Get_Azure_us-east1 151689
Get_Thrift_Server_Storage_us-east1 151731
Get_Azure_us-east1 35041
Get_Thrift_Server_Storage_us-east1 35088
Get_Azure_us-east1 52462
Get_Thrift_Server_Storage_us-east1 52490
Get_Azure_us-east1 19611
Get_Thrift_Server_Storage_us-east1 19639
Get_Azure_us-east1 33890
Get_Thrift_Server_Storage_us-east1 33917
Get_Azure_us-east1 50167
Get_Thrift_Server_Storage_us-east1 50191
Get_Azure_us-east1 31412
Get_Thrift_Server_Storage_us-east1 31439
Get_Azure_us-east1 22704
Get_Thrift_Server_Storage_us-east1 22949
Get_Azure_us-east1 73340
Get_Thrift_Server_Storage_us-east1 73363
Get_Azure_us-east1 47771
Get_Thrift_Server_Storage_us-east1 47804
Get_Azure_us-east1 64309
Get_Thrift_Server_Storage_us-east1 64359
Get_Azure_us-east1 58028
Get_Thrift_Server_Storage_us-east1 58061
Get_Azure_us-east1 56716
Get_Thrift_Server_Storage_us-east1 56753
Get_Azure_us-east1 184114
Get_Thrift_Server_Storage_us-east1 184150
Get_Azure_us-east1 228824
Get_Thrift_Server_Storage_us-east1 228864
Get_Azure_us-east1 178699
Get_Thrift_Server_Storage_us-east1 178731
Get_Azure_us-east1 58730
Get_Thrift_Server_Storage_us-east1 58755
Get_Azure_us-east1 88829
Get_Thrift_Server_Storage_us-east1 88865
Get_Azure_us-east1 35416
Get_Thrift_Server_Storage_us-east1 35444
Get_Azure_us-east1 41632
Get_Thrift_Server_Storage_us-east1 41670
Get_Azure_us-east1 51911
Get_Thrift_Server_Storage_us-east1 51936
Get_Azure_us-east1 41779
Get_Thrift_Server_Storage_us-east1 41810
Get_Azure_us-east1 55375
Get_Thrift_Server_Storage_us-east1 55413
Get_Azure_us-east1 61971
Get_Thrift_Server_Storage_us-east1 62011
Get_Azure_us-east1 35635
Get_Thrift_Server_Storage_us-east1 35659
Get_Azure_us-east1 46938
Get_Thrift_Server_Storage_us-east1 46964
Get_Azure_us-east1 34118
Get_Thrift_Server_Storage_us-east1 34140
Get_Azure_us-east1 38665
Get_Thrift_Server_Storage_us-east1 38687
Get_Azure_us-east1 66340
Get_Thrift_Server_Storage_us-east1 66368
Get_Azure_us-east1 65853
Get_Thrift_Server_Storage_us-east1 65880
Get_Azure_us-east1 68293
Get_Thrift_Server_Storage_us-east1 68318
Get_Azure_us-east1 19627
Get_Thrift_Server_Storage_us-east1 19654
Get_Azure_us-east1 33605
Get_Thrift_Server_Storage_us-east1 33631
Get_Azure_us-east1 22155
Get_Thrift_Server_Storage_us-east1 22196
Get_Azure_us-east1 32101
Get_Thrift_Server_Storage_us-east1 32144
Get_Azure_us-east1 186537
Get_Thrift_Server_Storage_us-east1 186576
Get_Azure_us-east1 71844
Get_Thrift_Server_Storage_us-east1 71873
Get_Azure_us-east1 31090
Get_Thrift_Server_Storage_us-east1 31127
Get_Azure_us-east1 20831
Get_Thrift_Server_Storage_us-east1 20855
Get_Azure_us-east1 70510
Get_Thrift_Server_Storage_us-east1 70537
Get_Azure_us-east1 68588
Get_Thrift_Server_Storage_us-east1 68766
Get_Azure_us-east1 190128
Get_Thrift_Server_Storage_us-east1 190156
Get_Azure_us-east1 94363
Get_Thrift_Server_Storage_us-east1 94412
Get_Azure_us-east1 105044
Get_Thrift_Server_Storage_us-east1 105097
Get_Azure_us-east1 94471
Get_Thrift_Server_Storage_us-east1 94499
Get_Azure_us-east1 46038
Get_Thrift_Server_Storage_us-east1 46078
Get_Azure_us-east1 138099
Get_Thrift_Server_Storage_us-east1 138126
Get_Azure_us-east1 166695
Get_Thrift_Server_Storage_us-east1 166733
Get_Azure_us-east1 188563
Get_Thrift_Server_Storage_us-east1 188588
Get_Azure_us-east1 217351
Get_Thrift_Server_Storage_us-east1 217392
Get_Azure_us-east1 132526
Get_Thrift_Server_Storage_us-east1 132566
Get_Azure_us-east1 194413
Get_Thrift_Server_Storage_us-east1 194437
Get_Azure_us-east1 190114
Get_Thrift_Server_Storage_us-east1 190165
Get_Azure_us-east1 25466
Get_Thrift_Server_Storage_us-east1 25563
Get_Azure_us-east1 37613
Get_Thrift_Server_Storage_us-east1 37638
Get_Azure_us-east1 47304
Get_Thrift_Server_Storage_us-east1 47339
Get_Azure_us-east1 44013
Get_Thrift_Server_Storage_us-east1 44052
Get_Azure_us-east1 43002
Get_Thrift_Server_Storage_us-east1 43028
Get_Azure_us-east1 21467
Get_Thrift_Server_Storage_us-east1 21511
Get_Azure_us-east1 64099
Get_Thrift_Server_Storage_us-east1 64125
Get_Azure_us-east1 55449
Get_Thrift_Server_Storage_us-east1 55477
Get_Azure_us-east1 42445
Get_Thrift_Server_Storage_us-east1 42474
Get_Azure_us-east1 32758
Get_Thrift_Server_Storage_us-east1 32784
Get_Azure_us-east1 51855
Get_Thrift_Server_Storage_us-east1 51897
Get_Azure_us-east1 26983
Get_Thrift_Server_Storage_us-east1 27018
Get_Azure_us-east1 20712
Get_Thrift_Server_Storage_us-east1 20740
Get_Azure_us-east1 20611
Get_Thrift_Server_Storage_us-east1 20635
Get_Azure_us-east1 21811
Get_Thrift_Server_Storage_us-east1 21836
Get_Azure_us-east1 206140
Get_Thrift_Server_Storage_us-east1 206378
Get_Azure_us-east1 61569
Get_Thrift_Server_Storage_us-east1 61598
Get_Azure_us-east1 47066
Get_Thrift_Server_Storage_us-east1 47100
Get_Azure_us-east1 66445
Get_Thrift_Server_Storage_us-east1 66476
Get_Azure_us-east1 25273
Get_Thrift_Server_Storage_us-east1 25297
Get_Azure_us-east1 36686
Get_Thrift_Server_Storage_us-east1 36717
Get_Azure_us-east1 74112
Get_Thrift_Server_Storage_us-east1 74146
Get_Azure_us-east1 30700
Get_Thrift_Server_Storage_us-east1 30734
Get_Azure_us-east1 35987
Get_Thrift_Server_Storage_us-east1 36020
Get_Azure_us-east1 19554
Get_Thrift_Server_Storage_us-east1 19593
Get_Azure_us-east1 25852
Get_Thrift_Server_Storage_us-east1 25887
Get_Azure_us-east1 52490
Get_Thrift_Server_Storage_us-east1 52540
Get_Azure_us-east1 32050
Get_Thrift_Server_Storage_us-east1 32086
Get_Azure_us-east1 35081
Get_Thrift_Server_Storage_us-east1 35138
Get_Azure_us-east1 20666
Get_Thrift_Server_Storage_us-east1 20691
Get_Azure_us-east1 67278
Get_Thrift_Server_Storage_us-east1 67311
Get_Azure_us-east1 21073
Get_Thrift_Server_Storage_us-east1 21102
Get_Azure_us-east1 19504
Get_Thrift_Server_Storage_us-east1 19572
Get_Azure_us-east1 40073
Get_Thrift_Server_Storage_us-east1 40113
Get_Azure_us-east1 48990
Get_Thrift_Server_Storage_us-east1 49018
Get_Azure_us-east1 73728
Get_Thrift_Server_Storage_us-east1 73755
Get_Azure_us-east1 74879
Get_Thrift_Server_Storage_us-east1 74922
Get_Azure_us-east1 49341
Get_Thrift_Server_Storage_us-east1 49395
Get_Azure_us-east1 53450
Get_Thrift_Server_Storage_us-east1 53477
Get_Azure_us-east1 20761
Get_Thrift_Server_Storage_us-east1 20810
Get_Azure_us-east1 84137
Get_Thrift_Server_Storage_us-east1 84180
Get_Azure_us-east1 57331
Get_Thrift_Server_Storage_us-east1 57355
Get_Azure_us-east1 47504
Get_Thrift_Server_Storage_us-east1 47529
Get_Azure_us-east1 71774
Get_Thrift_Server_Storage_us-east1 71805
Get_Azure_us-east1 44761
Get_Thrift_Server_Storage_us-east1 44787
Get_Azure_us-east1 58009
Get_Thrift_Server_Storage_us-east1 58037
Get_Azure_us-east1 19494
Get_Thrift_Server_Storage_us-east1 19517
Get_Azure_us-east1 21146
Get_Thrift_Server_Storage_us-east1 21192
Get_Azure_us-east1 22045
Get_Thrift_Server_Storage_us-east1 22078
Get_Azure_us-east1 29952
Get_Thrift_Server_Storage_us-east1 29977
Get_Azure_us-east1 20131
Get_Thrift_Server_Storage_us-east1 20168
Get_Azure_us-east1 21273
Get_Thrift_Server_Storage_us-east1 21330
Get_Azure_us-east1 48290
Get_Thrift_Server_Storage_us-east1 48521
Get_Azure_us-east1 20809
Get_Thrift_Server_Storage_us-east1 20838
Get_Azure_us-east1 37680
Get_Thrift_Server_Storage_us-east1 37713
Get_Azure_us-east1 54919
Get_Thrift_Server_Storage_us-east1 54944
Get_Azure_us-east1 58691
Get_Thrift_Server_Storage_us-east1 58729
Get_Azure_us-east1 33194
Get_Thrift_Server_Storage_us-east1 33218
Get_Azure_us-east1 35154
Get_Thrift_Server_Storage_us-east1 35209
Get_Azure_us-east1 22914
Get_Thrift_Server_Storage_us-east1 22940
Get_Azure_us-east1 86463
Get_Thrift_Server_Storage_us-east1 86492
Get_Azure_us-east1 50979
Get_Thrift_Server_Storage_us-east1 51013
Get_Azure_us-east1 20908
Get_Thrift_Server_Storage_us-east1 20952
Get_Azure_us-east1 40721
Get_Thrift_Server_Storage_us-east1 40743
Get_Azure_us-east1 21539
Get_Thrift_Server_Storage_us-east1 21563
Get_Azure_us-east1 21731
Get_Thrift_Server_Storage_us-east1 21756
Get_Azure_us-east1 21378
Get_Thrift_Server_Storage_us-east1 21403
Get_Azure_us-east1 31525
Get_Thrift_Server_Storage_us-east1 31550
Get_Azure_us-east1 61478
Get_Thrift_Server_Storage_us-east1 61502
Get_Azure_us-east1 21551
Get_Thrift_Server_Storage_us-east1 21590
Get_Azure_us-east1 62017
Get_Thrift_Server_Storage_us-east1 62049
Get_Azure_us-east1 30417
Get_Thrift_Server_Storage_us-east1 30444
Get_Azure_us-east1 32710
Get_Thrift_Server_Storage_us-east1 32735
Get_Azure_us-east1 24095
Get_Thrift_Server_Storage_us-east1 24146
Get_Azure_us-east1 53605
Get_Thrift_Server_Storage_us-east1 53633
Get_Azure_us-east1 18809
Get_Thrift_Server_Storage_us-east1 18844
Get_Azure_us-east1 18712
Get_Thrift_Server_Storage_us-east1 18738
Get_Azure_us-east1 41727
Get_Thrift_Server_Storage_us-east1 41767
Get_Azure_us-east1 20069
Get_Thrift_Server_Storage_us-east1 20104
Get_Azure_us-east1 49013
Get_Thrift_Server_Storage_us-east1 49051
Get_Azure_us-east1 43595
Get_Thrift_Server_Storage_us-east1 43638
Get_Azure_us-east1 42283
Get_Thrift_Server_Storage_us-east1 42307
Get_Azure_us-east1 58836
Get_Thrift_Server_Storage_us-east1 58862
Get_Azure_us-east1 65287
Get_Thrift_Server_Storage_us-east1 65327
Get_Azure_us-east1 64860
Get_Thrift_Server_Storage_us-east1 64887
Get_Azure_us-east1 60353
Get_Thrift_Server_Storage_us-east1 60387
Get_Azure_us-east1 18966
Get_Thrift_Server_Storage_us-east1 18996
Get_Azure_us-east1 24750
Get_Thrift_Server_Storage_us-east1 24776
Get_Azure_us-east1 28013
Get_Thrift_Server_Storage_us-east1 28213
Get_Azure_us-east1 21558
Get_Thrift_Server_Storage_us-east1 21604
Get_Azure_us-east1 22392
Get_Thrift_Server_Storage_us-east1 22420
Get_Azure_us-east1 57631
Get_Thrift_Server_Storage_us-east1 57656
Get_Azure_us-east1 32515
Get_Thrift_Server_Storage_us-east1 32542
Get_Azure_us-east1 38280
Get_Thrift_Server_Storage_us-east1 38325
Get_Azure_us-east1 103331
Get_Thrift_Server_Storage_us-east1 103363
Get_Azure_us-east1 53314
Get_Thrift_Server_Storage_us-east1 53354
Get_Azure_us-east1 49382
Get_Thrift_Server_Storage_us-east1 49448
Get_Azure_us-east1 33158
Get_Thrift_Server_Storage_us-east1 33191
Get_Azure_us-east1 28168
Get_Thrift_Server_Storage_us-east1 28211
Get_Azure_us-east1 22108
Get_Thrift_Server_Storage_us-east1 22132
Get_Azure_us-east1 40802
Get_Thrift_Server_Storage_us-east1 40847
Get_Azure_us-east1 27685
Get_Thrift_Server_Storage_us-east1 27727
Get_Azure_us-east1 23078
Get_Thrift_Server_Storage_us-east1 23170
Get_Azure_us-east1 31514
Get_Thrift_Server_Storage_us-east1 31548
Get_Azure_us-east1 20584
Get_Thrift_Server_Storage_us-east1 20624
Get_Azure_us-east1 23279
Get_Thrift_Server_Storage_us-east1 23301
Get_Azure_us-east1 35457
Get_Thrift_Server_Storage_us-east1 35481
Get_Azure_us-east1 71145
Get_Thrift_Server_Storage_us-east1 71186
Get_Azure_us-east1 63426
Get_Thrift_Server_Storage_us-east1 63465
Get_Azure_us-east1 63639
Get_Thrift_Server_Storage_us-east1 63676
Get_Azure_us-east1 64537
Get_Thrift_Server_Storage_us-east1 64572
Get_Azure_us-east1 23228
Get_Thrift_Server_Storage_us-east1 23251
Get_Azure_us-east1 65545
Get_Thrift_Server_Storage_us-east1 65568
Get_Azure_us-east1 21649
Get_Thrift_Server_Storage_us-east1 21682
Get_Azure_us-east1 35397
Get_Thrift_Server_Storage_us-east1 35426
Get_Azure_us-east1 43647
Get_Thrift_Server_Storage_us-east1 43691
Get_Azure_us-east1 24338
Get_Thrift_Server_Storage_us-east1 24362
Get_Azure_us-east1 40312
Get_Thrift_Server_Storage_us-east1 40345
Get_Azure_us-east1 69893
Get_Thrift_Server_Storage_us-east1 69917
Get_Azure_us-east1 26208
Get_Thrift_Server_Storage_us-east1 26234
Get_Azure_us-east1 31110
Get_Thrift_Server_Storage_us-east1 31192
Get_Azure_us-east1 22385
Get_Thrift_Server_Storage_us-east1 22605
Get_Azure_us-east1 21739
Get_Thrift_Server_Storage_us-east1 21761
Get_Azure_us-east1 40909
Get_Thrift_Server_Storage_us-east1 40954
Get_Azure_us-east1 46178
Get_Thrift_Server_Storage_us-east1 46207
Get_Azure_us-east1 19708
Get_Thrift_Server_Storage_us-east1 19747
Get_Azure_us-east1 91740
Get_Thrift_Server_Storage_us-east1 91764
Get_Azure_us-east1 59563
Get_Thrift_Server_Storage_us-east1 59597
Get_Azure_us-east1 27549
Get_Thrift_Server_Storage_us-east1 27574
Get_Azure_us-east1 23623
Get_Thrift_Server_Storage_us-east1 23648
Get_Azure_us-east1 53165
Get_Thrift_Server_Storage_us-east1 53205
Get_Azure_us-east1 65246
Get_Thrift_Server_Storage_us-east1 65281
Get_Azure_us-east1 34291
Get_Thrift_Server_Storage_us-east1 34316
Get_Azure_us-east1 100636
Get_Thrift_Server_Storage_us-east1 100662
Get_Azure_us-east1 22997
Get_Thrift_Server_Storage_us-east1 23051
Get_Azure_us-east1 42181
Get_Thrift_Server_Storage_us-east1 42209
Get_Azure_us-east1 101808
Get_Thrift_Server_Storage_us-east1 101834
Get_Azure_us-east1 47572
Get_Thrift_Server_Storage_us-east1 47613
Get_Azure_us-east1 46396
Get_Thrift_Server_Storage_us-east1 46461
Get_Azure_us-east1 55995
Get_Thrift_Server_Storage_us-east1 56019
Get_Azure_us-east1 38261
Get_Thrift_Server_Storage_us-east1 38288
Get_Azure_us-east1 26076
Get_Thrift_Server_Storage_us-east1 26113
Get_Azure_us-east1 43215
Get_Thrift_Server_Storage_us-east1 43240
Get_Azure_us-east1 50905
Get_Thrift_Server_Storage_us-east1 50933
Get_Azure_us-east1 20191
Get_Thrift_Server_Storage_us-east1 20219
Get_Azure_us-east1 69982
Get_Thrift_Server_Storage_us-east1 70035
Get_Azure_us-east1 54109
Get_Thrift_Server_Storage_us-east1 54141
Get_Azure_us-east1 69307
Get_Thrift_Server_Storage_us-east1 69342
Get_Azure_us-east1 117107
Get_Thrift_Server_Storage_us-east1 117133
Get_Azure_us-east1 46879
Get_Thrift_Server_Storage_us-east1 46907
Get_Azure_us-east1 40428
Get_Thrift_Server_Storage_us-east1 40458
Get_Azure_us-east1 92408
Get_Thrift_Server_Storage_us-east1 92447
Get_Azure_us-east1 29912
Get_Thrift_Server_Storage_us-east1 29933
Get_Azure_us-east1 22028
Get_Thrift_Server_Storage_us-east1 22067
Get_Azure_us-east1 22630
Get_Thrift_Server_Storage_us-east1 22653
Get_Azure_us-east1 53230
Get_Thrift_Server_Storage_us-east1 53277
Get_Azure_us-east1 32357
Get_Thrift_Server_Storage_us-east1 32602
Get_Azure_us-east1 82279
Get_Thrift_Server_Storage_us-east1 82304
Get_Azure_us-east1 81751
Get_Thrift_Server_Storage_us-east1 81790
Get_Azure_us-east1 19773
Get_Thrift_Server_Storage_us-east1 19811
Get_Azure_us-east1 101760
Get_Thrift_Server_Storage_us-east1 101787
Get_Azure_us-east1 32736
Get_Thrift_Server_Storage_us-east1 32760
Get_Azure_us-east1 34261
Get_Thrift_Server_Storage_us-east1 34322
Get_Azure_us-east1 57929
Get_Thrift_Server_Storage_us-east1 57957
Get_Azure_us-east1 19987
Get_Thrift_Server_Storage_us-east1 20022
Get_Azure_us-east1 37767
Get_Thrift_Server_Storage_us-east1 37791
Get_Azure_us-east1 88064
Get_Thrift_Server_Storage_us-east1 88105
Get_Azure_us-east1 71706
Get_Thrift_Server_Storage_us-east1 71733
Get_Azure_us-east1 48051
Get_Thrift_Server_Storage_us-east1 48107
Get_Azure_us-east1 96371
Get_Thrift_Server_Storage_us-east1 96411
Get_Azure_us-east1 37156
Get_Thrift_Server_Storage_us-east1 37195
Get_Azure_us-east1 73179
Get_Thrift_Server_Storage_us-east1 73221
Get_Azure_us-east1 21018
Get_Thrift_Server_Storage_us-east1 21051
Get_Azure_us-east1 59543
Get_Thrift_Server_Storage_us-east1 59584
Get_Azure_us-east1 22138
Get_Thrift_Server_Storage_us-east1 22180
Get_Azure_us-east1 45606
Get_Thrift_Server_Storage_us-east1 45628
Get_Azure_us-east1 20126
Get_Thrift_Server_Storage_us-east1 20149
Get_Azure_us-east1 66070
Get_Thrift_Server_Storage_us-east1 66114
Get_Azure_us-east1 96973
Get_Thrift_Server_Storage_us-east1 96996
Get_Azure_us-east1 25447
Get_Thrift_Server_Storage_us-east1 25489
Get_Azure_us-east1 58659
Get_Thrift_Server_Storage_us-east1 58704
Get_Azure_us-east1 25522
Get_Thrift_Server_Storage_us-east1 25548
Get_Azure_us-east1 152570
Get_Thrift_Server_Storage_us-east1 152597
Get_Azure_us-east1 48476
Get_Thrift_Server_Storage_us-east1 48502
Get_Azure_us-east1 78853
Get_Thrift_Server_Storage_us-east1 78880
Get_Azure_us-east1 23995
Get_Thrift_Server_Storage_us-east1 24026
Get_Azure_us-east1 43908
Get_Thrift_Server_Storage_us-east1 43950
Get_Azure_us-east1 35687
Get_Thrift_Server_Storage_us-east1 35735
Get_Azure_us-east1 26482
Get_Thrift_Server_Storage_us-east1 26521
Get_Azure_us-east1 19748
Get_Thrift_Server_Storage_us-east1 19781
Get_Azure_us-east1 22922
Get_Thrift_Server_Storage_us-east1 22958
Get_Azure_us-east1 39634
Get_Thrift_Server_Storage_us-east1 39657
Get_Azure_us-east1 25941
Get_Thrift_Server_Storage_us-east1 26203
Get_Azure_us-east1 37372
Get_Thrift_Server_Storage_us-east1 37410
Get_Azure_us-east1 23782
Get_Thrift_Server_Storage_us-east1 23809
Get_Azure_us-east1 22937
Get_Thrift_Server_Storage_us-east1 22976
Get_Azure_us-east1 19322
Get_Thrift_Server_Storage_us-east1 19355
Get_Azure_us-east1 35706
Get_Thrift_Server_Storage_us-east1 35743
Get_Azure_us-east1 55842
Get_Thrift_Server_Storage_us-east1 55887
Get_Azure_us-east1 21767
Get_Thrift_Server_Storage_us-east1 21793
Get_Azure_us-east1 19565
Get_Thrift_Server_Storage_us-east1 19589
Get_Azure_us-east1 23199
Get_Thrift_Server_Storage_us-east1 23248
Get_Azure_us-east1 22192
Get_Thrift_Server_Storage_us-east1 22243
Get_Azure_us-east1 80836
Get_Thrift_Server_Storage_us-east1 80861
Get_Azure_us-east1 21362
Get_Thrift_Server_Storage_us-east1 21399
Get_Azure_us-east1 63617
Get_Thrift_Server_Storage_us-east1 63657
Get_Azure_us-east1 22902
Get_Thrift_Server_Storage_us-east1 22927
Get_Azure_us-east1 48174
Get_Thrift_Server_Storage_us-east1 48276
Get_Azure_us-east1 19173
Get_Thrift_Server_Storage_us-east1 19198
Get_Azure_us-east1 20342
Get_Thrift_Server_Storage_us-east1 20376
Get_Azure_us-east1 34766
Get_Thrift_Server_Storage_us-east1 34808
Get_Azure_us-east1 21053
Get_Thrift_Server_Storage_us-east1 21095
Get_Azure_us-east1 64756
Get_Thrift_Server_Storage_us-east1 64786
Get_Azure_us-east1 73853
Get_Thrift_Server_Storage_us-east1 73885
Get_Azure_us-east1 65087
Get_Thrift_Server_Storage_us-east1 65121
Get_Azure_us-east1 79172
Get_Thrift_Server_Storage_us-east1 79201
Get_Azure_us-east1 64793
Get_Thrift_Server_Storage_us-east1 64818
Get_Azure_us-east1 24773
Get_Thrift_Server_Storage_us-east1 24817
Get_Azure_us-east1 38426
Get_Thrift_Server_Storage_us-east1 38493
Get_Azure_us-east1 18606
Get_Thrift_Server_Storage_us-east1 18634
Get_Azure_us-east1 20129
Get_Thrift_Server_Storage_us-east1 20184
Get_Azure_us-east1 42616
Get_Thrift_Server_Storage_us-east1 42678
Get_Azure_us-east1 19171
Get_Thrift_Server_Storage_us-east1 19237
Get_Azure_us-east1 24253
Get_Thrift_Server_Storage_us-east1 24281
Get_Azure_us-east1 67531
Get_Thrift_Server_Storage_us-east1 67583
Get_Azure_us-east1 63489
Get_Thrift_Server_Storage_us-east1 63763
Get_Azure_us-east1 22976
Get_Thrift_Server_Storage_us-east1 23014
Get_Azure_us-east1 43890
Get_Thrift_Server_Storage_us-east1 43915
Get_Azure_us-east1 57599
Get_Thrift_Server_Storage_us-east1 57649
Get_Azure_us-east1 23051
Get_Thrift_Server_Storage_us-east1 23092
Get_Azure_us-east1 23551
Get_Thrift_Server_Storage_us-east1 23584
Get_Azure_us-east1 19507
Get_Thrift_Server_Storage_us-east1 19543
Get_Azure_us-east1 74917
Get_Thrift_Server_Storage_us-east1 74951
Get_Azure_us-east1 46649
Get_Thrift_Server_Storage_us-east1 46692
Get_Azure_us-east1 59871
Get_Thrift_Server_Storage_us-east1 59893
Get_Azure_us-east1 23409
Get_Thrift_Server_Storage_us-east1 23432
Get_Azure_us-east1 23809
Get_Thrift_Server_Storage_us-east1 23860
Get_Azure_us-east1 41488
Get_Thrift_Server_Storage_us-east1 41524
Get_Azure_us-east1 66773
Get_Thrift_Server_Storage_us-east1 66795
Get_Azure_us-east1 49312
Get_Thrift_Server_Storage_us-east1 49353
Get_Azure_us-east1 27814
Get_Thrift_Server_Storage_us-east1 27854
Get_Azure_us-east1 39363
Get_Thrift_Server_Storage_us-east1 39392
Get_Azure_us-east1 87359
Get_Thrift_Server_Storage_us-east1 87385
Get_Azure_us-east1 33483
Get_Thrift_Server_Storage_us-east1 33519
Get_Azure_us-east1 19806
Get_Thrift_Server_Storage_us-east1 19829
Get_Azure_us-east1 74964
Get_Thrift_Server_Storage_us-east1 74987
Get_Azure_us-east1 20583
Get_Thrift_Server_Storage_us-east1 20638
Get_Azure_us-east1 25044
Get_Thrift_Server_Storage_us-east1 25070
Get_Azure_us-east1 68680
Get_Thrift_Server_Storage_us-east1 68762
Get_Azure_us-east1 61207
Get_Thrift_Server_Storage_us-east1 61234
Get_Azure_us-east1 20625
Get_Thrift_Server_Storage_us-east1 20649
Get_Azure_us-east1 42023
Get_Thrift_Server_Storage_us-east1 42056
Get_Azure_us-east1 34689
Get_Thrift_Server_Storage_us-east1 34739
Get_Azure_us-east1 37194
Get_Thrift_Server_Storage_us-east1 37238
Get_Azure_us-east1 40495
Get_Thrift_Server_Storage_us-east1 40523
Get_Azure_us-east1 26896
Get_Thrift_Server_Storage_us-east1 26945
Get_Azure_us-east1 41741
Get_Thrift_Server_Storage_us-east1 41773
Get_Azure_us-east1 56535
Get_Thrift_Server_Storage_us-east1 56571
Get_Azure_us-east1 26970
Get_Thrift_Server_Storage_us-east1 27030
Get_Azure_us-east1 21427
Get_Thrift_Server_Storage_us-east1 21693
Get_Azure_us-east1 52605
Get_Thrift_Server_Storage_us-east1 52644
Get_Azure_us-east1 52822
Get_Thrift_Server_Storage_us-east1 52850
Get_Azure_us-east1 50542
Get_Thrift_Server_Storage_us-east1 50587
Get_Azure_us-east1 23459
Get_Thrift_Server_Storage_us-east1 23488
Get_Azure_us-east1 33383
Get_Thrift_Server_Storage_us-east1 33456
Get_Azure_us-east1 58845
Get_Thrift_Server_Storage_us-east1 58885
Get_Azure_us-east1 76663
Get_Thrift_Server_Storage_us-east1 76703
Get_Azure_us-east1 36623
Get_Thrift_Server_Storage_us-east1 36671
Get_Azure_us-east1 20949
Get_Thrift_Server_Storage_us-east1 20974
Get_Azure_us-east1 20837
Get_Thrift_Server_Storage_us-east1 20881
Get_Azure_us-east1 25894
Get_Thrift_Server_Storage_us-east1 25927
Get_Azure_us-east1 36563
Get_Thrift_Server_Storage_us-east1 36614
Get_Azure_us-east1 29157
Get_Thrift_Server_Storage_us-east1 29222
Get_Azure_us-east1 81600
Get_Thrift_Server_Storage_us-east1 81646
Get_Azure_us-east1 31459
Get_Thrift_Server_Storage_us-east1 31483
Get_Azure_us-east1 54932
Get_Thrift_Server_Storage_us-east1 54957
Get_Azure_us-east1 53154
Get_Thrift_Server_Storage_us-east1 53178
Get_Azure_us-east1 58749
Get_Thrift_Server_Storage_us-east1 58798
Get_Azure_us-east1 46841
Get_Thrift_Server_Storage_us-east1 46882
Get_Azure_us-east1 53414
Get_Thrift_Server_Storage_us-east1 53438
Get_Azure_us-east1 68473
Get_Thrift_Server_Storage_us-east1 68514
Get_Azure_us-east1 22810
Get_Thrift_Server_Storage_us-east1 22840
Get_Azure_us-east1 121061
Get_Thrift_Server_Storage_us-east1 121116
Get_Azure_us-east1 22659
Get_Thrift_Server_Storage_us-east1 22685
Get_Azure_us-east1 65379
Get_Thrift_Server_Storage_us-east1 65422
Get_Azure_us-east1 89030
Get_Thrift_Server_Storage_us-east1 89063
Get_Azure_us-east1 64584
Get_Thrift_Server_Storage_us-east1 64612
Get_Azure_us-east1 87913
Get_Thrift_Server_Storage_us-east1 87945
Get_Azure_us-east1 46681
Get_Thrift_Server_Storage_us-east1 46706
Get_Azure_us-east1 75539
Get_Thrift_Server_Storage_us-east1 75562
Get_Azure_us-east1 43297
Get_Thrift_Server_Storage_us-east1 43333
Get_Azure_us-east1 44937
Get_Thrift_Server_Storage_us-east1 45004
Get_Azure_us-east1 20692
Get_Thrift_Server_Storage_us-east1 20731
Get_Azure_us-east1 29858
Get_Thrift_Server_Storage_us-east1 29885
Get_Azure_us-east1 38829
Get_Thrift_Server_Storage_us-east1 38870
Get_Azure_us-east1 36812
Get_Thrift_Server_Storage_us-east1 36871
Get_Azure_us-east1 19049
Get_Thrift_Server_Storage_us-east1 19083
Get_Azure_us-east1 51245
Get_Thrift_Server_Storage_us-east1 51276
Get_Azure_us-east1 70186
Get_Thrift_Server_Storage_us-east1 70213
Get_Azure_us-east1 38562
Get_Thrift_Server_Storage_us-east1 38615
Get_Azure_us-east1 20050
Get_Thrift_Server_Storage_us-east1 20082
Get_Azure_us-east1 99062
Get_Thrift_Server_Storage_us-east1 99135
Get_Azure_us-east1 52404
Get_Thrift_Server_Storage_us-east1 52443
Get_Azure_us-east1 27551
Get_Thrift_Server_Storage_us-east1 27597
Get_Azure_us-east1 290340
Get_Thrift_Server_Storage_us-east1 290371
Get_Azure_us-east1 187307
Get_Thrift_Server_Storage_us-east1 187346
Get_Azure_us-east1 22274
Get_Thrift_Server_Storage_us-east1 22299
Get_Azure_us-east1 42967
Get_Thrift_Server_Storage_us-east1 42998
Get_Azure_us-east1 26423
Get_Thrift_Server_Storage_us-east1 26463
Get_Azure_us-east1 58609
Get_Thrift_Server_Storage_us-east1 58631
Get_Azure_us-east1 48300
Get_Thrift_Server_Storage_us-east1 48331
Get_Azure_us-east1 25057
Get_Thrift_Server_Storage_us-east1 25092
Get_Azure_us-east1 36721
Get_Thrift_Server_Storage_us-east1 36746
Get_Azure_us-east1 51363
Get_Thrift_Server_Storage_us-east1 51393
Get_Azure_us-east1 78569
Get_Thrift_Server_Storage_us-east1 78595
Get_Azure_us-east1 43851
Get_Thrift_Server_Storage_us-east1 43890
Get_Azure_us-east1 43838
Get_Thrift_Server_Storage_us-east1 43905
Get_Azure_us-east1 22737
Get_Thrift_Server_Storage_us-east1 22773
Get_Azure_us-east1 29904
Get_Thrift_Server_Storage_us-east1 29930
Get_Azure_us-east1 82358
Get_Thrift_Server_Storage_us-east1 82574
Get_Azure_us-east1 34367
Get_Thrift_Server_Storage_us-east1 34392
Get_Azure_us-east1 19453
Get_Thrift_Server_Storage_us-east1 19481
Get_Azure_us-east1 22481
Get_Thrift_Server_Storage_us-east1 22509
Get_Azure_us-east1 18781
Get_Thrift_Server_Storage_us-east1 18824
Get_Azure_us-east1 66773
Get_Thrift_Server_Storage_us-east1 66813
Get_Azure_us-east1 20924
Get_Thrift_Server_Storage_us-east1 20962
Get_Azure_us-east1 21581
Get_Thrift_Server_Storage_us-east1 21628
Get_Azure_us-east1 41723
Get_Thrift_Server_Storage_us-east1 41764
Get_Azure_us-east1 29998
Get_Thrift_Server_Storage_us-east1 30039
Get_Azure_us-east1 72988
Get_Thrift_Server_Storage_us-east1 73014
Get_Azure_us-east1 49470
Get_Thrift_Server_Storage_us-east1 49510
Get_Azure_us-east1 78990
Get_Thrift_Server_Storage_us-east1 79021
Get_Azure_us-east1 18991
Get_Thrift_Server_Storage_us-east1 19016
Get_Azure_us-east1 21006
Get_Thrift_Server_Storage_us-east1 21044
Get_Azure_us-east1 27553
Get_Thrift_Server_Storage_us-east1 27579
Get_Azure_us-east1 60677
Get_Thrift_Server_Storage_us-east1 60709
Get_Azure_us-east1 173083
Get_Thrift_Server_Storage_us-east1 173111
Get_Azure_us-east1 63056
Get_Thrift_Server_Storage_us-east1 63094
Get_Azure_us-east1 34039
Get_Thrift_Server_Storage_us-east1 34066
Get_Azure_us-east1 28288
Get_Thrift_Server_Storage_us-east1 28342
Get_Azure_us-east1 43192
Get_Thrift_Server_Storage_us-east1 43223
Get_Azure_us-east1 47935
Get_Thrift_Server_Storage_us-east1 47960
Get_Azure_us-east1 19397
Get_Thrift_Server_Storage_us-east1 19435
Get_Azure_us-east1 19239
Get_Thrift_Server_Storage_us-east1 19276
Get_Azure_us-east1 21547
Get_Thrift_Server_Storage_us-east1 21572
Get_Azure_us-east1 35194
Get_Thrift_Server_Storage_us-east1 35241
Get_Azure_us-east1 47352
Get_Thrift_Server_Storage_us-east1 47396
Get_Azure_us-east1 76002
Get_Thrift_Server_Storage_us-east1 76064
Get_Azure_us-east1 50443
Get_Thrift_Server_Storage_us-east1 50469
Get_Azure_us-east1 67082
Get_Thrift_Server_Storage_us-east1 67302
Get_Azure_us-east1 36663
Get_Thrift_Server_Storage_us-east1 36744
Get_Azure_us-east1 62699
Get_Thrift_Server_Storage_us-east1 62740
Get_Azure_us-east1 19485
Get_Thrift_Server_Storage_us-east1 19508
Get_Azure_us-east1 26453
Get_Thrift_Server_Storage_us-east1 26497
Get_Azure_us-east1 21580
Get_Thrift_Server_Storage_us-east1 21616
Get_Azure_us-east1 21395
Get_Thrift_Server_Storage_us-east1 21418
Get_Azure_us-east1 31118
Get_Thrift_Server_Storage_us-east1 31144
Get_Azure_us-east1 41172
Get_Thrift_Server_Storage_us-east1 41214
Get_Azure_us-east1 57139
Get_Thrift_Server_Storage_us-east1 57164
Get_Azure_us-east1 23244
Get_Thrift_Server_Storage_us-east1 23287
Get_Azure_us-east1 92200
Get_Thrift_Server_Storage_us-east1 92231
Get_Azure_us-east1 89383
Get_Thrift_Server_Storage_us-east1 89427
Get_Azure_us-east1 86179
Get_Thrift_Server_Storage_us-east1 86224
Get_Azure_us-east1 30091
Get_Thrift_Server_Storage_us-east1 30157
Get_Azure_us-east1 58014
Get_Thrift_Server_Storage_us-east1 58041
Get_Azure_us-east1 21516
Get_Thrift_Server_Storage_us-east1 21546
Get_Azure_us-east1 20853
Get_Thrift_Server_Storage_us-east1 20939
Get_Azure_us-east1 35653
Get_Thrift_Server_Storage_us-east1 35698
Get_Azure_us-east1 65491
Get_Thrift_Server_Storage_us-east1 65516
Get_Azure_us-east1 25327
Get_Thrift_Server_Storage_us-east1 25371
Get_Azure_us-east1 90035
Get_Thrift_Server_Storage_us-east1 90063
Get_Azure_us-east1 38078
Get_Thrift_Server_Storage_us-east1 38121
Get_Azure_us-east1 41182
Get_Thrift_Server_Storage_us-east1 41224
Get_Azure_us-east1 25546
Get_Thrift_Server_Storage_us-east1 25574
Get_Azure_us-east1 18858
Get_Thrift_Server_Storage_us-east1 18900
Get_Azure_us-east1 40124
Get_Thrift_Server_Storage_us-east1 40168
Get_Azure_us-east1 22743
Get_Thrift_Server_Storage_us-east1 22767
Get_Azure_us-east1 26353
Get_Thrift_Server_Storage_us-east1 26551
Get_Azure_us-east1 27346
Get_Thrift_Server_Storage_us-east1 27373
Get_Azure_us-east1 56842
Get_Thrift_Server_Storage_us-east1 56866
Get_Azure_us-east1 23444
Get_Thrift_Server_Storage_us-east1 23492
Get_Azure_us-east1 43649
Get_Thrift_Server_Storage_us-east1 43690
Get_Azure_us-east1 93102
Get_Thrift_Server_Storage_us-east1 93126
Get_Azure_us-east1 32189
Get_Thrift_Server_Storage_us-east1 32218
Get_Azure_us-east1 30996
Get_Thrift_Server_Storage_us-east1 31024
Get_Azure_us-east1 20733
Get_Thrift_Server_Storage_us-east1 20775
Get_Azure_us-east1 26512
Get_Thrift_Server_Storage_us-east1 26554
Get_Azure_us-east1 32862
Get_Thrift_Server_Storage_us-east1 32889
Get_Azure_us-east1 73383
Get_Thrift_Server_Storage_us-east1 73410
Get_Azure_us-east1 48089
Get_Thrift_Server_Storage_us-east1 48133
Get_Azure_us-east1 22598
Get_Thrift_Server_Storage_us-east1 22633
Get_Azure_us-east1 49325
Get_Thrift_Server_Storage_us-east1 49360
Get_Azure_us-east1 26233
Get_Thrift_Server_Storage_us-east1 26270
Get_Azure_us-east1 30800
Get_Thrift_Server_Storage_us-east1 30835
Get_Azure_us-east1 23460
Get_Thrift_Server_Storage_us-east1 23488
Get_Azure_us-east1 67194
Get_Thrift_Server_Storage_us-east1 67232
Get_Azure_us-east1 41106
Get_Thrift_Server_Storage_us-east1 41133
Get_Azure_us-east1 74677
Get_Thrift_Server_Storage_us-east1 74703
Get_Azure_us-east1 38524
Get_Thrift_Server_Storage_us-east1 38550
Get_Azure_us-east1 51478
Get_Thrift_Server_Storage_us-east1 51506
Get_Azure_us-east1 82646
Get_Thrift_Server_Storage_us-east1 82668
Get_Azure_us-east1 80049
Get_Thrift_Server_Storage_us-east1 80082
Get_Azure_us-east1 49384
Get_Thrift_Server_Storage_us-east1 49408
Get_Azure_us-east1 22596
Get_Thrift_Server_Storage_us-east1 22631
Get_Azure_us-east1 24775
Get_Thrift_Server_Storage_us-east1 24819
Get_Azure_us-east1 36585
Get_Thrift_Server_Storage_us-east1 36612
Get_Azure_us-east1 105754
Get_Thrift_Server_Storage_us-east1 105793
Get_Azure_us-east1 50720
Get_Thrift_Server_Storage_us-east1 50755
Get_Azure_us-east1 20052
Get_Thrift_Server_Storage_us-east1 20075
Get_Azure_us-east1 51716
Get_Thrift_Server_Storage_us-east1 51924
Get_Azure_us-east1 21307
Get_Thrift_Server_Storage_us-east1 21332
Get_Azure_us-east1 39707
Get_Thrift_Server_Storage_us-east1 39738
Get_Azure_us-east1 21578
Get_Thrift_Server_Storage_us-east1 21613
Get_Azure_us-east1 35843
Get_Thrift_Server_Storage_us-east1 35866
Get_Azure_us-east1 38516
Get_Thrift_Server_Storage_us-east1 38543
Get_Azure_us-east1 38212
Get_Thrift_Server_Storage_us-east1 38237
Get_Azure_us-east1 37189
Get_Thrift_Server_Storage_us-east1 37231
Get_Azure_us-east1 21674
Get_Thrift_Server_Storage_us-east1 21714
Get_Azure_us-east1 49061
Get_Thrift_Server_Storage_us-east1 49085
Get_Azure_us-east1 22273
Get_Thrift_Server_Storage_us-east1 22311
Get_Azure_us-east1 38807
Get_Thrift_Server_Storage_us-east1 38830
Get_Azure_us-east1 25498
Get_Thrift_Server_Storage_us-east1 25522
Get_Azure_us-east1 60468
Get_Thrift_Server_Storage_us-east1 60506
Get_Azure_us-east1 23771
Get_Thrift_Server_Storage_us-east1 23805
Get_Azure_us-east1 50545
Get_Thrift_Server_Storage_us-east1 50571
Get_Azure_us-east1 64122
Get_Thrift_Server_Storage_us-east1 64151
Get_Azure_us-east1 19779
Get_Thrift_Server_Storage_us-east1 19807
Get_Azure_us-east1 20561
Get_Thrift_Server_Storage_us-east1 20600
Get_Azure_us-east1 51120
Get_Thrift_Server_Storage_us-east1 51156
Get_Azure_us-east1 43286
Get_Thrift_Server_Storage_us-east1 43328
Get_Azure_us-east1 40221
Get_Thrift_Server_Storage_us-east1 40247
Get_Azure_us-east1 50787
Get_Thrift_Server_Storage_us-east1 50813
Get_Azure_us-east1 55925
Get_Thrift_Server_Storage_us-east1 55959
Get_Azure_us-east1 45419
Get_Thrift_Server_Storage_us-east1 45462
Get_Azure_us-east1 27325
Get_Thrift_Server_Storage_us-east1 27355
Get_Azure_us-east1 72136
Get_Thrift_Server_Storage_us-east1 72162
Get_Azure_us-east1 25429
Get_Thrift_Server_Storage_us-east1 25472
Get_Azure_us-east1 120582
Get_Thrift_Server_Storage_us-east1 120629
Get_Azure_us-east1 74829
Get_Thrift_Server_Storage_us-east1 74863
Get_Azure_us-east1 78311
Get_Thrift_Server_Storage_us-east1 78338
Get_Azure_us-east1 25497
Get_Thrift_Server_Storage_us-east1 25524
Get_Azure_us-east1 22067
Get_Thrift_Server_Storage_us-east1 22115
Get_Azure_us-east1 24072
Get_Thrift_Server_Storage_us-east1 24101
Get_Azure_us-east1 37691
Get_Thrift_Server_Storage_us-east1 37733
Get_Azure_us-east1 26390
Get_Thrift_Server_Storage_us-east1 26426
Get_Azure_us-east1 28554
Get_Thrift_Server_Storage_us-east1 28816
Get_Azure_us-east1 82277
Get_Thrift_Server_Storage_us-east1 82313
Get_Azure_us-east1 44330
Get_Thrift_Server_Storage_us-east1 44359
Get_Azure_us-east1 41303
Get_Thrift_Server_Storage_us-east1 41346
Get_Azure_us-east1 69597
Get_Thrift_Server_Storage_us-east1 69639
Get_Azure_us-east1 22803
Get_Thrift_Server_Storage_us-east1 22827
Get_Azure_us-east1 21758
Get_Thrift_Server_Storage_us-east1 21780
Get_Azure_us-east1 80773
Get_Thrift_Server_Storage_us-east1 80799
Get_Azure_us-east1 23434
Get_Thrift_Server_Storage_us-east1 23466
Get_Azure_us-east1 20856
Get_Thrift_Server_Storage_us-east1 20899
Get_Azure_us-east1 37261
Get_Thrift_Server_Storage_us-east1 37306
Get_Azure_us-east1 72129
Get_Thrift_Server_Storage_us-east1 72169
Get_Azure_us-east1 65651
Get_Thrift_Server_Storage_us-east1 65692
Get_Azure_us-east1 81701
Get_Thrift_Server_Storage_us-east1 81731
Get_Azure_us-east1 37420
Get_Thrift_Server_Storage_us-east1 37448
Get_Azure_us-east1 45605
Get_Thrift_Server_Storage_us-east1 45669
Get_Azure_us-east1 24889
Get_Thrift_Server_Storage_us-east1 24918
Get_Azure_us-east1 24982
Get_Thrift_Server_Storage_us-east1 25015
Get_Azure_us-east1 116015
Get_Thrift_Server_Storage_us-east1 116037
Get_Azure_us-east1 141678
Get_Thrift_Server_Storage_us-east1 141702
Get_Azure_us-east1 36038
Get_Thrift_Server_Storage_us-east1 36073
Get_Azure_us-east1 71989
Get_Thrift_Server_Storage_us-east1 72019
Get_Azure_us-east1 38636
Get_Thrift_Server_Storage_us-east1 38663
Get_Azure_us-east1 33342
Get_Thrift_Server_Storage_us-east1 33365
Get_Azure_us-east1 19693
Get_Thrift_Server_Storage_us-east1 19738
Get_Azure_us-east1 48944
Get_Thrift_Server_Storage_us-east1 48974
Get_Azure_us-east1 20511
Get_Thrift_Server_Storage_us-east1 20536
Get_Azure_us-east1 46382
Get_Thrift_Server_Storage_us-east1 46411
Get_Azure_us-east1 21007
Get_Thrift_Server_Storage_us-east1 21063
Get_Azure_us-east1 22347
Get_Thrift_Server_Storage_us-east1 22382
Get_Azure_us-east1 77186
Get_Thrift_Server_Storage_us-east1 77211
Get_Azure_us-east1 57198
Get_Thrift_Server_Storage_us-east1 57236
Get_Azure_us-east1 107608
Get_Thrift_Server_Storage_us-east1 107649
Get_Azure_us-east1 51583
Get_Thrift_Server_Storage_us-east1 51839
Get_Azure_us-east1 20651
Get_Thrift_Server_Storage_us-east1 20678
Get_Azure_us-east1 36997
Get_Thrift_Server_Storage_us-east1 37023
Get_Azure_us-east1 142993
Get_Thrift_Server_Storage_us-east1 143020
Get_Azure_us-east1 19891
Get_Thrift_Server_Storage_us-east1 19933
Get_Azure_us-east1 56302
Get_Thrift_Server_Storage_us-east1 56327
Get_Azure_us-east1 52823
Get_Thrift_Server_Storage_us-east1 52852
Get_Azure_us-east1 50199
Get_Thrift_Server_Storage_us-east1 50230
Get_Azure_us-east1 75805
Get_Thrift_Server_Storage_us-east1 75830
Get_Azure_us-east1 20977
Get_Thrift_Server_Storage_us-east1 21008
Get_Azure_us-east1 59810
Get_Thrift_Server_Storage_us-east1 59835
Get_Azure_us-east1 75168
Get_Thrift_Server_Storage_us-east1 75225
Get_Azure_us-east1 19966
Get_Thrift_Server_Storage_us-east1 19985
Get_Azure_us-east1 72317
Get_Thrift_Server_Storage_us-east1 72360
Get_Azure_us-east1 39062
Get_Thrift_Server_Storage_us-east1 39105
Get_Azure_us-east1 43808
Get_Thrift_Server_Storage_us-east1 43853
Get_Azure_us-east1 75277
Get_Thrift_Server_Storage_us-east1 75321
Get_Azure_us-east1 156707
Get_Thrift_Server_Storage_us-east1 156731
Get_Azure_us-east1 38465
Get_Thrift_Server_Storage_us-east1 38506
Get_Azure_us-east1 73803
Get_Thrift_Server_Storage_us-east1 73831
Get_Azure_us-east1 67477
Get_Thrift_Server_Storage_us-east1 67504
Get_Azure_us-east1 62068
Get_Thrift_Server_Storage_us-east1 62103
Get_Azure_us-east1 49049
Get_Thrift_Server_Storage_us-east1 49083
Get_Azure_us-east1 30484
Get_Thrift_Server_Storage_us-east1 30691
Get_Azure_us-east1 43277
Get_Thrift_Server_Storage_us-east1 43309
Get_Azure_us-east1 121871
Get_Thrift_Server_Storage_us-east1 121899
Get_Azure_us-east1 60060
Get_Thrift_Server_Storage_us-east1 60096
Get_Azure_us-east1 75398
Get_Thrift_Server_Storage_us-east1 75423
Get_Azure_us-east1 50890
Get_Thrift_Server_Storage_us-east1 50923
Get_Azure_us-east1 120261
Get_Thrift_Server_Storage_us-east1 120301
Get_Azure_us-east1 36999
Get_Thrift_Server_Storage_us-east1 37037
Get_Azure_us-east1 77355
Get_Thrift_Server_Storage_us-east1 77391
Get_Azure_us-east1 74962
Get_Thrift_Server_Storage_us-east1 74998
Get_Azure_us-east1 32444
Get_Thrift_Server_Storage_us-east1 32489
Get_Azure_us-east1 39830
Get_Thrift_Server_Storage_us-east1 39870
Get_Azure_us-east1 122556
Get_Thrift_Server_Storage_us-east1 122579
Get_Azure_us-east1 29310
Get_Thrift_Server_Storage_us-east1 29348
Get_Azure_us-east1 154981
Get_Thrift_Server_Storage_us-east1 155020
Get_Azure_us-east1 68199
Get_Thrift_Server_Storage_us-east1 68227
Get_Azure_us-east1 133726
Get_Thrift_Server_Storage_us-east1 133788
Get_Azure_us-east1 23489
Get_Thrift_Server_Storage_us-east1 23512
Get_Azure_us-east1 38092
Get_Thrift_Server_Storage_us-east1 38115
Get_Azure_us-east1 79506
Get_Thrift_Server_Storage_us-east1 79532
Get_Azure_us-east1 58697
Get_Thrift_Server_Storage_us-east1 58719
Get_Azure_us-east1 108748
Get_Thrift_Server_Storage_us-east1 108769
Get_Azure_us-east1 49421
Get_Thrift_Server_Storage_us-east1 49450
Get_Azure_us-east1 22000
Get_Thrift_Server_Storage_us-east1 22043
Get_Azure_us-east1 183864
Get_Thrift_Server_Storage_us-east1 183907
Get_Azure_us-east1 35811
Get_Thrift_Server_Storage_us-east1 35877
Get_Azure_us-east1 62740
Get_Thrift_Server_Storage_us-east1 62767
Get_Azure_us-east1 48054
Get_Thrift_Server_Storage_us-east1 48097
Get_Azure_us-east1 85662
Get_Thrift_Server_Storage_us-east1 85701
Get_Azure_us-east1 53697
Get_Thrift_Server_Storage_us-east1 53773
Get_Azure_us-east1 48218
Get_Thrift_Server_Storage_us-east1 48254
Get_Azure_us-east1 20771
Get_Thrift_Server_Storage_us-east1 20979
Get_Azure_us-east1 121226
Get_Thrift_Server_Storage_us-east1 121256
Get_Azure_us-east1 31663
Get_Thrift_Server_Storage_us-east1 31705
Get_Azure_us-east1 39135
Get_Thrift_Server_Storage_us-east1 39162
Get_Azure_us-east1 20760
Get_Thrift_Server_Storage_us-east1 20790
Get_Azure_us-east1 33074
Get_Thrift_Server_Storage_us-east1 33107
Get_Azure_us-east1 60603
Get_Thrift_Server_Storage_us-east1 60643
Get_Azure_us-east1 22863
Get_Thrift_Server_Storage_us-east1 22883
Get_Azure_us-east1 67900
Get_Thrift_Server_Storage_us-east1 67922
Get_Azure_us-east1 23612
Get_Thrift_Server_Storage_us-east1 23644
Get_Azure_us-east1 31859
Get_Thrift_Server_Storage_us-east1 31888
Get_Azure_us-east1 38270
Get_Thrift_Server_Storage_us-east1 38314
Get_Azure_us-east1 38531
Get_Thrift_Server_Storage_us-east1 38555
Get_Azure_us-east1 41758
Get_Thrift_Server_Storage_us-east1 41796
Get_Azure_us-east1 36033
Get_Thrift_Server_Storage_us-east1 36078
Get_Azure_us-east1 21579
Get_Thrift_Server_Storage_us-east1 21612
Get_Azure_us-east1 21029
Get_Thrift_Server_Storage_us-east1 21083
Get_Azure_us-east1 24339
Get_Thrift_Server_Storage_us-east1 24365
Get_Azure_us-east1 46192
Get_Thrift_Server_Storage_us-east1 46232
Get_Azure_us-east1 145812
Get_Thrift_Server_Storage_us-east1 145875
Get_Azure_us-east1 19313
Get_Thrift_Server_Storage_us-east1 19339
Get_Azure_us-east1 79466
Get_Thrift_Server_Storage_us-east1 79529
Get_Azure_us-east1 51927
Get_Thrift_Server_Storage_us-east1 51966
Get_Azure_us-east1 55042
Get_Thrift_Server_Storage_us-east1 55084
Get_Azure_us-east1 26595
Get_Thrift_Server_Storage_us-east1 26642
Get_Azure_us-east1 23059
Get_Thrift_Server_Storage_us-east1 23095
Get_Azure_us-east1 28342
Get_Thrift_Server_Storage_us-east1 28407
Get_Azure_us-east1 31016
Get_Thrift_Server_Storage_us-east1 31064
Get_Azure_us-east1 40220
Get_Thrift_Server_Storage_us-east1 40261
Get_Azure_us-east1 19426
Get_Thrift_Server_Storage_us-east1 19461
Get_Azure_us-east1 51086
Get_Thrift_Server_Storage_us-east1 51258
Get_Azure_us-east1 38432
Get_Thrift_Server_Storage_us-east1 38460
Get_Azure_us-east1 20860
Get_Thrift_Server_Storage_us-east1 20879
Get_Azure_us-east1 140762
Get_Thrift_Server_Storage_us-east1 140811
Get_Azure_us-east1 91856
Get_Thrift_Server_Storage_us-east1 91883
Get_Azure_us-east1 53447
Get_Thrift_Server_Storage_us-east1 53466
Get_Azure_us-east1 39222
Get_Thrift_Server_Storage_us-east1 39248
Get_Azure_us-east1 46186
Get_Thrift_Server_Storage_us-east1 46215
Get_Azure_us-east1 68406
Get_Thrift_Server_Storage_us-east1 68455
Get_Azure_us-east1 86464
Get_Thrift_Server_Storage_us-east1 86483
Get_Azure_us-east1 71643
Get_Thrift_Server_Storage_us-east1 71701
Get_Azure_us-east1 64354
Get_Thrift_Server_Storage_us-east1 64373
Get_Azure_us-east1 40876
Get_Thrift_Server_Storage_us-east1 40899
Get_Azure_us-east1 52563
Get_Thrift_Server_Storage_us-east1 52601
Get_Azure_us-east1 56989
Get_Thrift_Server_Storage_us-east1 57009
Get_Azure_us-east1 52426
Get_Thrift_Server_Storage_us-east1 52446
Get_Azure_us-east1 20611
Get_Thrift_Server_Storage_us-east1 20644
Get_Azure_us-east1 33044
Get_Thrift_Server_Storage_us-east1 33072
Get_Azure_us-east1 75279
Get_Thrift_Server_Storage_us-east1 75298
Get_Azure_us-east1 36542
Get_Thrift_Server_Storage_us-east1 36578
Get_Azure_us-east1 67051
Get_Thrift_Server_Storage_us-east1 67111
Get_Azure_us-east1 79774
Get_Thrift_Server_Storage_us-east1 79826
Get_Azure_us-east1 48660
Get_Thrift_Server_Storage_us-east1 48696
Get_Azure_us-east1 20146
Get_Thrift_Server_Storage_us-east1 20187
Get_Azure_us-east1 36932
Get_Thrift_Server_Storage_us-east1 36961
Get_Azure_us-east1 51740
Get_Thrift_Server_Storage_us-east1 51768
Get_Azure_us-east1 39416
Get_Thrift_Server_Storage_us-east1 39453
Get_Azure_us-east1 79722
Get_Thrift_Server_Storage_us-east1 79769
Get_Azure_us-east1 21170
Get_Thrift_Server_Storage_us-east1 21234
Get_Azure_us-east1 64585
Get_Thrift_Server_Storage_us-east1 64611
Get_Azure_us-east1 129155
Get_Thrift_Server_Storage_us-east1 129206
Get_Azure_us-east1 89825
Get_Thrift_Server_Storage_us-east1 89854
Get_Azure_us-east1 96732
Get_Thrift_Server_Storage_us-east1 96774
Get_Azure_us-east1 38712
Get_Thrift_Server_Storage_us-east1 38734
Get_Azure_us-east1 63949
Get_Thrift_Server_Storage_us-east1 63973
Get_Azure_us-east1 26592
Get_Thrift_Server_Storage_us-east1 26631
Get_Azure_us-east1 68240
Get_Thrift_Server_Storage_us-east1 68307
Get_Azure_us-east1 30665
Get_Thrift_Server_Storage_us-east1 30699
Get_Azure_us-east1 65836
Get_Thrift_Server_Storage_us-east1 65862
Get_Azure_us-east1 43507
Get_Thrift_Server_Storage_us-east1 43539
Get_Azure_us-east1 21386
Get_Thrift_Server_Storage_us-east1 21410
Get_Azure_us-east1 22841
Get_Thrift_Server_Storage_us-east1 22892
Get_Azure_us-east1 21265
Get_Thrift_Server_Storage_us-east1 21292
Get_Azure_us-east1 134496
Get_Thrift_Server_Storage_us-east1 134520
Get_Azure_us-east1 113965
Get_Thrift_Server_Storage_us-east1 113985
Get_Azure_us-east1 90228
Get_Thrift_Server_Storage_us-east1 90251
Get_Azure_us-east1 68939
Get_Thrift_Server_Storage_us-east1 68976
Get_Azure_us-east1 21262
Get_Thrift_Server_Storage_us-east1 21289
Get_Azure_us-east1 103369
Get_Thrift_Server_Storage_us-east1 103395
Get_Azure_us-east1 22304
Get_Thrift_Server_Storage_us-east1 22332
Get_Azure_us-east1 69185
Get_Thrift_Server_Storage_us-east1 69214
Get_Azure_us-east1 43100
Get_Thrift_Server_Storage_us-east1 43127
Get_Azure_us-east1 76773
Get_Thrift_Server_Storage_us-east1 76975
Get_Azure_us-east1 20578
Get_Thrift_Server_Storage_us-east1 20632
Get_Azure_us-east1 53843
Get_Thrift_Server_Storage_us-east1 53878
Get_Azure_us-east1 30313
Get_Thrift_Server_Storage_us-east1 30336
Get_Azure_us-east1 45236
Get_Thrift_Server_Storage_us-east1 45276
Get_Azure_us-east1 38917
Get_Thrift_Server_Storage_us-east1 38943
Get_Azure_us-east1 39408
Get_Thrift_Server_Storage_us-east1 39461
Get_Azure_us-east1 40678
Get_Thrift_Server_Storage_us-east1 40709
Get_Azure_us-east1 37011
Get_Thrift_Server_Storage_us-east1 37052
Get_Azure_us-east1 22948
Get_Thrift_Server_Storage_us-east1 22987
Get_Azure_us-east1 40913
Get_Thrift_Server_Storage_us-east1 40934
Get_Azure_us-east1 54408
Get_Thrift_Server_Storage_us-east1 54432
Get_Azure_us-east1 84409
Get_Thrift_Server_Storage_us-east1 84435
Get_Azure_us-east1 118459
Get_Thrift_Server_Storage_us-east1 118489
Get_Azure_us-east1 127928
Get_Thrift_Server_Storage_us-east1 127988
Get_Azure_us-east1 34124
Get_Thrift_Server_Storage_us-east1 34149
Get_Azure_us-east1 65647
Get_Thrift_Server_Storage_us-east1 65671
Get_Azure_us-east1 45247
Get_Thrift_Server_Storage_us-east1 45281
Get_Azure_us-east1 19585
Get_Thrift_Server_Storage_us-east1 19651
Get_Azure_us-east1 18941
Get_Thrift_Server_Storage_us-east1 18965
Get_Azure_us-east1 59452
Get_Thrift_Server_Storage_us-east1 59488
Get_Azure_us-east1 17878
Get_Thrift_Server_Storage_us-east1 17904
Get_Azure_us-east1 49884
Get_Thrift_Server_Storage_us-east1 49929
Get_Azure_us-east1 73698
Get_Thrift_Server_Storage_us-east1 73722
Get_Azure_us-east1 75532
Get_Thrift_Server_Storage_us-east1 75570
Get_Azure_us-east1 52775
Get_Thrift_Server_Storage_us-east1 52836
Get_Azure_us-east1 50564
Get_Thrift_Server_Storage_us-east1 50655
Get_Azure_us-east1 20640
Get_Thrift_Server_Storage_us-east1 20682
Get_Azure_us-east1 58897
Get_Thrift_Server_Storage_us-east1 58939
Get_Azure_us-east1 48397
Get_Thrift_Server_Storage_us-east1 48426
Get_Azure_us-east1 42118
Get_Thrift_Server_Storage_us-east1 42155
Get_Azure_us-east1 34707
Get_Thrift_Server_Storage_us-east1 34750
Get_Azure_us-east1 18883
Get_Thrift_Server_Storage_us-east1 18929
Get_Azure_us-east1 35325
Get_Thrift_Server_Storage_us-east1 35346
Get_Azure_us-east1 41494
Get_Thrift_Server_Storage_us-east1 41553
Get_Azure_us-east1 34117
Get_Thrift_Server_Storage_us-east1 34150
Get_Azure_us-east1 30564
Get_Thrift_Server_Storage_us-east1 30805
Get_Azure_us-east1 51271
Get_Thrift_Server_Storage_us-east1 51300
Get_Azure_us-east1 37209
Get_Thrift_Server_Storage_us-east1 37241
Get_Azure_us-east1 26121
Get_Thrift_Server_Storage_us-east1 26143
Get_Azure_us-east1 154151
Get_Thrift_Server_Storage_us-east1 154188
Get_Azure_us-east1 47049
Get_Thrift_Server_Storage_us-east1 47088
Get_Azure_us-east1 329213
Get_Thrift_Server_Storage_us-east1 329235
Get_Azure_us-east1 42903
Get_Thrift_Server_Storage_us-east1 42945
Get_Azure_us-east1 73032
Get_Thrift_Server_Storage_us-east1 73057
Get_Azure_us-east1 61645
Get_Thrift_Server_Storage_us-east1 61683
Get_Azure_us-east1 20243
Get_Thrift_Server_Storage_us-east1 20277
Get_Azure_us-east1 143935
Get_Thrift_Server_Storage_us-east1 143961
Get_Azure_us-east1 147474
Get_Thrift_Server_Storage_us-east1 147498
Get_Azure_us-east1 41052
Get_Thrift_Server_Storage_us-east1 41077
Get_Azure_us-east1 127276
Get_Thrift_Server_Storage_us-east1 127311
Get_Azure_us-east1 129975
Get_Thrift_Server_Storage_us-east1 130012
Get_Azure_us-east1 20459
Get_Thrift_Server_Storage_us-east1 20523
Get_Azure_us-east1 20807
Get_Thrift_Server_Storage_us-east1 20866
Get_Azure_us-east1 87795
Get_Thrift_Server_Storage_us-east1 87835
Get_Azure_us-east1 25501
Get_Thrift_Server_Storage_us-east1 25536
Get_Azure_us-east1 33657
Get_Thrift_Server_Storage_us-east1 33692
Get_Azure_us-east1 100185
Get_Thrift_Server_Storage_us-east1 100226
Get_Azure_us-east1 32385
Get_Thrift_Server_Storage_us-east1 32413
Get_Azure_us-east1 72849
Get_Thrift_Server_Storage_us-east1 72886
Get_Azure_us-east1 102147
Get_Thrift_Server_Storage_us-east1 102174
Get_Azure_us-east1 19553
Get_Thrift_Server_Storage_us-east1 19575
Get_Azure_us-east1 103285
Get_Thrift_Server_Storage_us-east1 103325
Get_Azure_us-east1 130781
Get_Thrift_Server_Storage_us-east1 130807
Get_Azure_us-east1 25730
Get_Thrift_Server_Storage_us-east1 25758
Get_Azure_us-east1 39624
Get_Thrift_Server_Storage_us-east1 39646
Get_Azure_us-east1 50688
Get_Thrift_Server_Storage_us-east1 50721
Get_Azure_us-east1 61862
Get_Thrift_Server_Storage_us-east1 61897
Get_Azure_us-east1 33176
Get_Thrift_Server_Storage_us-east1 33200
Get_Azure_us-east1 46739
Get_Thrift_Server_Storage_us-east1 46764
Get_Azure_us-east1 52213
Get_Thrift_Server_Storage_us-east1 52443
Get_Azure_us-east1 23511
Get_Thrift_Server_Storage_us-east1 23534
Get_Azure_us-east1 20541
Get_Thrift_Server_Storage_us-east1 20573
Get_Azure_us-east1 40581
Get_Thrift_Server_Storage_us-east1 40628
Get_Azure_us-east1 50732
Get_Thrift_Server_Storage_us-east1 50760
Get_Azure_us-east1 33796
Get_Thrift_Server_Storage_us-east1 33843
Get_Azure_us-east1 38871
Get_Thrift_Server_Storage_us-east1 38893
Get_Azure_us-east1 50367
Get_Thrift_Server_Storage_us-east1 50389
Get_Azure_us-east1 21619
Get_Thrift_Server_Storage_us-east1 21653
Get_Azure_us-east1 19229
Get_Thrift_Server_Storage_us-east1 19263
Get_Azure_us-east1 59080
Get_Thrift_Server_Storage_us-east1 59117
Get_Azure_us-east1 40249
Get_Thrift_Server_Storage_us-east1 40281
Get_Azure_us-east1 20769
Get_Thrift_Server_Storage_us-east1 20801
Get_Azure_us-east1 40008
Get_Thrift_Server_Storage_us-east1 40048
Get_Azure_us-east1 36191
Get_Thrift_Server_Storage_us-east1 36234
Get_Azure_us-east1 60929
Get_Thrift_Server_Storage_us-east1 60962
Get_Azure_us-east1 27707
Get_Thrift_Server_Storage_us-east1 27756
Get_Azure_us-east1 75812
Get_Thrift_Server_Storage_us-east1 75852
Get_Azure_us-east1 42726
Get_Thrift_Server_Storage_us-east1 42769
Get_Azure_us-east1 109415
Get_Thrift_Server_Storage_us-east1 109460
Get_Azure_us-east1 30783
Get_Thrift_Server_Storage_us-east1 30820
Get_Azure_us-east1 74886
Get_Thrift_Server_Storage_us-east1 74911
Get_Azure_us-east1 42995
Get_Thrift_Server_Storage_us-east1 43042
Get_Azure_us-east1 37405
Get_Thrift_Server_Storage_us-east1 37429
Get_Azure_us-east1 32390
Get_Thrift_Server_Storage_us-east1 32422
Get_Azure_us-east1 39593
Get_Thrift_Server_Storage_us-east1 39627
Get_Azure_us-east1 49082
Get_Thrift_Server_Storage_us-east1 49124
Get_Azure_us-east1 32408
Get_Thrift_Server_Storage_us-east1 32437
Get_Azure_us-east1 58218
Get_Thrift_Server_Storage_us-east1 58244
Get_Azure_us-east1 48118
Get_Thrift_Server_Storage_us-east1 48151
Get_Azure_us-east1 32419
Get_Thrift_Server_Storage_us-east1 32461
Get_Azure_us-east1 101887
Get_Thrift_Server_Storage_us-east1 101911
Get_Azure_us-east1 20817
Get_Thrift_Server_Storage_us-east1 20871
Get_Azure_us-east1 28859
Get_Thrift_Server_Storage_us-east1 28902
Get_Azure_us-east1 78202
Get_Thrift_Server_Storage_us-east1 78428
Get_Azure_us-east1 26364
Get_Thrift_Server_Storage_us-east1 26391
Get_Azure_us-east1 21867
Get_Thrift_Server_Storage_us-east1 21904
Get_Azure_us-east1 38715
Get_Thrift_Server_Storage_us-east1 38764
Get_Azure_us-east1 28493
Get_Thrift_Server_Storage_us-east1 28520
Get_Azure_us-east1 103917
Get_Thrift_Server_Storage_us-east1 103948
Get_Azure_us-east1 25673
Get_Thrift_Server_Storage_us-east1 25716
Get_Azure_us-east1 81071
Get_Thrift_Server_Storage_us-east1 81110
Get_Azure_us-east1 24515
Get_Thrift_Server_Storage_us-east1 24541
Get_Azure_us-east1 64949
Get_Thrift_Server_Storage_us-east1 64991
Get_Azure_us-east1 47591
Get_Thrift_Server_Storage_us-east1 47618
Get_Azure_us-east1 47930
Get_Thrift_Server_Storage_us-east1 47979
Get_Azure_us-east1 70617
Get_Thrift_Server_Storage_us-east1 70665
Get_Azure_us-east1 83042
Get_Thrift_Server_Storage_us-east1 83078
Get_Azure_us-east1 39081
Get_Thrift_Server_Storage_us-east1 39111
Get_Azure_us-east1 32933
Get_Thrift_Server_Storage_us-east1 32977
Get_Azure_us-east1 119605
Get_Thrift_Server_Storage_us-east1 119638
Get_Azure_us-east1 28558
Get_Thrift_Server_Storage_us-east1 28591
Get_Azure_us-east1 63186
Get_Thrift_Server_Storage_us-east1 63224
Get_Azure_us-east1 107477
Get_Thrift_Server_Storage_us-east1 107539
Get_Azure_us-east1 19414
Get_Thrift_Server_Storage_us-east1 19441
Get_Azure_us-east1 118064
Get_Thrift_Server_Storage_us-east1 118104
Get_Azure_us-east1 19175
Get_Thrift_Server_Storage_us-east1 19216
Get_Azure_us-east1 28628
Get_Thrift_Server_Storage_us-east1 28662
Get_Azure_us-east1 42915
Get_Thrift_Server_Storage_us-east1 42956
Get_Azure_us-east1 38509
Get_Thrift_Server_Storage_us-east1 38555
Get_Azure_us-east1 52035
Get_Thrift_Server_Storage_us-east1 52259
Get_Azure_us-east1 20448
Get_Thrift_Server_Storage_us-east1 20472
Get_Azure_us-east1 19986
Get_Thrift_Server_Storage_us-east1 20027
Get_Azure_us-east1 47897
Get_Thrift_Server_Storage_us-east1 47921
Get_Azure_us-east1 37940
Get_Thrift_Server_Storage_us-east1 37984
Get_Azure_us-east1 71789
Get_Thrift_Server_Storage_us-east1 71838
Get_Azure_us-east1 109853
Get_Thrift_Server_Storage_us-east1 109880
Get_Azure_us-east1 19045
Get_Thrift_Server_Storage_us-east1 19071
Get_Azure_us-east1 53318
Get_Thrift_Server_Storage_us-east1 53343
Get_Azure_us-east1 49529
Get_Thrift_Server_Storage_us-east1 49562
Get_Azure_us-east1 57212
Get_Thrift_Server_Storage_us-east1 57235
Get_Azure_us-east1 22078
Get_Thrift_Server_Storage_us-east1 22104
Get_Azure_us-east1 22425
Get_Thrift_Server_Storage_us-east1 22462
Get_Azure_us-east1 28966
Get_Thrift_Server_Storage_us-east1 28989
Get_Azure_us-east1 20119
Get_Thrift_Server_Storage_us-east1 20149
Get_Azure_us-east1 53533
Get_Thrift_Server_Storage_us-east1 53562
Get_Azure_us-east1 60267
Get_Thrift_Server_Storage_us-east1 60327
Get_Azure_us-east1 43611
Get_Thrift_Server_Storage_us-east1 43635
Get_Azure_us-east1 37711
Get_Thrift_Server_Storage_us-east1 37737
Get_Azure_us-east1 28543
Get_Thrift_Server_Storage_us-east1 28575
Get_Azure_us-east1 36635
Get_Thrift_Server_Storage_us-east1 36679
Get_Azure_us-east1 35059
Get_Thrift_Server_Storage_us-east1 35090
Get_Azure_us-east1 46066
Get_Thrift_Server_Storage_us-east1 46101
Get_Azure_us-east1 21772
Get_Thrift_Server_Storage_us-east1 21799
Get_Azure_us-east1 24646
Get_Thrift_Server_Storage_us-east1 24670
Get_Azure_us-east1 102097
Get_Thrift_Server_Storage_us-east1 102132
Get_Azure_us-east1 33449
Get_Thrift_Server_Storage_us-east1 33497
Get_Azure_us-east1 34740
Get_Thrift_Server_Storage_us-east1 34771
Get_Azure_us-east1 50654
Get_Thrift_Server_Storage_us-east1 50699
Get_Azure_us-east1 20278
Get_Thrift_Server_Storage_us-east1 20322
Get_Azure_us-east1 20427
Get_Thrift_Server_Storage_us-east1 20454
Get_Azure_us-east1 30553
Get_Thrift_Server_Storage_us-east1 30583
Get_Azure_us-east1 23362
Get_Thrift_Server_Storage_us-east1 23417
Get_Azure_us-east1 43006
Get_Thrift_Server_Storage_us-east1 43040
Get_Azure_us-east1 51906
Get_Thrift_Server_Storage_us-east1 51990
Get_Azure_us-east1 64077
Get_Thrift_Server_Storage_us-east1 64104
Get_Azure_us-east1 62844
Get_Thrift_Server_Storage_us-east1 62871
Get_Azure_us-east1 30762
Get_Thrift_Server_Storage_us-east1 30805
Get_Azure_us-east1 19635
Get_Thrift_Server_Storage_us-east1 19674
Get_Azure_us-east1 79942
Get_Thrift_Server_Storage_us-east1 79986
Get_Azure_us-east1 41137
Get_Thrift_Server_Storage_us-east1 41172
Get_Azure_us-east1 32725
Get_Thrift_Server_Storage_us-east1 32783
Get_Azure_us-east1 25111
Get_Thrift_Server_Storage_us-east1 25179
Get_Azure_us-east1 32972
Get_Thrift_Server_Storage_us-east1 33021
Get_Azure_us-east1 20079
Get_Thrift_Server_Storage_us-east1 20145
Get_Azure_us-east1 38788
Get_Thrift_Server_Storage_us-east1 38818
Get_Azure_us-east1 21852
Get_Thrift_Server_Storage_us-east1 21887
Get_Azure_us-east1 42579
Get_Thrift_Server_Storage_us-east1 42613
Get_Azure_us-east1 44192
Get_Thrift_Server_Storage_us-east1 44248
Get_Azure_us-east1 65212
Get_Thrift_Server_Storage_us-east1 65261
Get_Azure_us-east1 26335
Get_Thrift_Server_Storage_us-east1 26386
Get_Azure_us-east1 28398
Get_Thrift_Server_Storage_us-east1 28429
Get_Azure_us-east1 79573
Get_Thrift_Server_Storage_us-east1 79603
Get_Azure_us-east1 39518
Get_Thrift_Server_Storage_us-east1 39543
Get_Azure_us-east1 30768
Get_Thrift_Server_Storage_us-east1 30813
Get_Azure_us-east1 20871
Get_Thrift_Server_Storage_us-east1 20928
Get_Azure_us-east1 22527
Get_Thrift_Server_Storage_us-east1 22575
Get_Azure_us-east1 21678
Get_Thrift_Server_Storage_us-east1 21716
Get_Azure_us-east1 56169
Get_Thrift_Server_Storage_us-east1 56216
