Put_Azure_eu-north-europe 26124
Put_Thrift_Server_Storage_eu-north-europe 26519
Put_Azure_eu-north-europe 22609
Put_Thrift_Server_Storage_eu-north-europe 22889
Put_Azure_eu-north-europe 19426
Put_Thrift_Server_Storage_eu-north-europe 19631
Put_Azure_eu-north-europe 22857
Put_Thrift_Server_Storage_eu-north-europe 23057
Put_Azure_eu-north-europe 21896
Put_Thrift_Server_Storage_eu-north-europe 22072
Put_Azure_eu-north-europe 22342
Put_Thrift_Server_Storage_eu-north-europe 22509
Put_Azure_eu-north-europe 22065
Put_Thrift_Server_Storage_eu-north-europe 22255
Put_Azure_eu-north-europe 24131
Put_Thrift_Server_Storage_eu-north-europe 24319
Put_Azure_eu-north-europe 22987
Put_Thrift_Server_Storage_eu-north-europe 23124
Put_Azure_eu-north-europe 20841
Put_Thrift_Server_Storage_eu-north-europe 20972
Put_Azure_eu-north-europe 22197
Put_Thrift_Server_Storage_eu-north-europe 22343
Put_Azure_eu-north-europe 24891
Put_Thrift_Server_Storage_eu-north-europe 25036
Put_Azure_eu-north-europe 21920
Put_Thrift_Server_Storage_eu-north-europe 22042
Put_Azure_eu-north-europe 22889
Put_Thrift_Server_Storage_eu-north-europe 23010
Put_Azure_eu-north-europe 23307
Put_Thrift_Server_Storage_eu-north-europe 23472
Put_Azure_eu-north-europe 36854
Put_Thrift_Server_Storage_eu-north-europe 37038
Put_Azure_eu-north-europe 27860
Put_Thrift_Server_Storage_eu-north-europe 28107
Put_Azure_eu-north-europe 22246
Put_Thrift_Server_Storage_eu-north-europe 22356
Put_Azure_eu-north-europe 44724
Put_Thrift_Server_Storage_eu-north-europe 44860
Put_Azure_eu-north-europe 18101
Put_Thrift_Server_Storage_eu-north-europe 18237
Put_Azure_eu-north-europe 17491
Put_Thrift_Server_Storage_eu-north-europe 17622
Put_Azure_eu-north-europe 25225
Put_Thrift_Server_Storage_eu-north-europe 25373
Put_Azure_eu-north-europe 19699
Put_Thrift_Server_Storage_eu-north-europe 19934
Put_Azure_eu-north-europe 19535
Put_Thrift_Server_Storage_eu-north-europe 19714
Put_Azure_eu-north-europe 22560
Put_Thrift_Server_Storage_eu-north-europe 22724
Put_Azure_eu-north-europe 18107
Put_Thrift_Server_Storage_eu-north-europe 18300
Put_Azure_eu-north-europe 18694
Put_Thrift_Server_Storage_eu-north-europe 18836
Put_Azure_eu-north-europe 19193
Put_Thrift_Server_Storage_eu-north-europe 19367
Put_Azure_eu-north-europe 20219
Put_Thrift_Server_Storage_eu-north-europe 20379
Put_Azure_eu-north-europe 18999
Put_Thrift_Server_Storage_eu-north-europe 19385
Put_Azure_eu-north-europe 26445
Put_Thrift_Server_Storage_eu-north-europe 26615
Put_Azure_eu-north-europe 21595
Put_Thrift_Server_Storage_eu-north-europe 21740
Put_Azure_eu-north-europe 20792
Put_Thrift_Server_Storage_eu-north-europe 21053
Put_Azure_eu-north-europe 23376
Put_Thrift_Server_Storage_eu-north-europe 23541
Put_Azure_eu-north-europe 22438
Put_Thrift_Server_Storage_eu-north-europe 22613
Put_Azure_eu-north-europe 19229
Put_Thrift_Server_Storage_eu-north-europe 19348
Put_Azure_eu-north-europe 22685
Put_Thrift_Server_Storage_eu-north-europe 22866
Put_Azure_eu-north-europe 29563
Put_Thrift_Server_Storage_eu-north-europe 29715
Put_Azure_eu-north-europe 22313
Put_Thrift_Server_Storage_eu-north-europe 22484
Put_Azure_eu-north-europe 26088
Put_Thrift_Server_Storage_eu-north-europe 26283
Put_Azure_eu-north-europe 80785
Put_Thrift_Server_Storage_eu-north-europe 80917
Put_Azure_eu-north-europe 26655
Put_Thrift_Server_Storage_eu-north-europe 26790
Put_Azure_eu-north-europe 21351
Put_Thrift_Server_Storage_eu-north-europe 21500
Put_Azure_eu-north-europe 23410
Put_Thrift_Server_Storage_eu-north-europe 23580
Put_Azure_eu-north-europe 78305
Put_Thrift_Server_Storage_eu-north-europe 78515
Put_Azure_eu-north-europe 18558
Put_Thrift_Server_Storage_eu-north-europe 18705
Put_Azure_eu-north-europe 47797
Put_Thrift_Server_Storage_eu-north-europe 48136
Put_Azure_eu-north-europe 21431
Put_Thrift_Server_Storage_eu-north-europe 21569
Put_Azure_eu-north-europe 27691
Put_Thrift_Server_Storage_eu-north-europe 27846
Put_Azure_eu-north-europe 20672
Put_Thrift_Server_Storage_eu-north-europe 20813
Put_Azure_eu-north-europe 31626
Put_Thrift_Server_Storage_eu-north-europe 31761
Put_Azure_eu-north-europe 24451
Put_Thrift_Server_Storage_eu-north-europe 24694
Put_Azure_eu-north-europe 26573
Put_Thrift_Server_Storage_eu-north-europe 26725
Put_Azure_eu-north-europe 22752
Put_Thrift_Server_Storage_eu-north-europe 22885
Put_Azure_eu-north-europe 37420
Put_Thrift_Server_Storage_eu-north-europe 37619
Put_Azure_eu-north-europe 66004
Put_Thrift_Server_Storage_eu-north-europe 66133
Put_Azure_eu-north-europe 22525
Put_Thrift_Server_Storage_eu-north-europe 22662
Put_Azure_eu-north-europe 20104
Put_Thrift_Server_Storage_eu-north-europe 20282
Put_Azure_eu-north-europe 31466
Put_Thrift_Server_Storage_eu-north-europe 31660
Put_Azure_eu-north-europe 19413
Put_Thrift_Server_Storage_eu-north-europe 19581
Put_Azure_eu-north-europe 21254
Put_Thrift_Server_Storage_eu-north-europe 21383
Put_Azure_eu-north-europe 20279
Put_Thrift_Server_Storage_eu-north-europe 20387
Put_Azure_eu-north-europe 21690
Put_Thrift_Server_Storage_eu-north-europe 21860
Put_Azure_eu-north-europe 20372
Put_Thrift_Server_Storage_eu-north-europe 20797
Put_Azure_eu-north-europe 20023
Put_Thrift_Server_Storage_eu-north-europe 20183
Put_Azure_eu-north-europe 23886
Put_Thrift_Server_Storage_eu-north-europe 24087
Put_Azure_eu-north-europe 17994
Put_Thrift_Server_Storage_eu-north-europe 18119
Put_Azure_eu-north-europe 20934
Put_Thrift_Server_Storage_eu-north-europe 21124
Put_Azure_eu-north-europe 19425
Put_Thrift_Server_Storage_eu-north-europe 19927
Put_Azure_eu-north-europe 28245
Put_Thrift_Server_Storage_eu-north-europe 28370
Put_Azure_eu-north-europe 19340
Put_Thrift_Server_Storage_eu-north-europe 19465
Put_Azure_eu-north-europe 25355
Put_Thrift_Server_Storage_eu-north-europe 25500
Put_Azure_eu-north-europe 18934
Put_Thrift_Server_Storage_eu-north-europe 19121
Put_Azure_eu-north-europe 17845
Put_Thrift_Server_Storage_eu-north-europe 18001
Put_Azure_eu-north-europe 19571
Put_Thrift_Server_Storage_eu-north-europe 19722
Put_Azure_eu-north-europe 18828
Put_Thrift_Server_Storage_eu-north-europe 18935
Put_Azure_eu-north-europe 22249
Put_Thrift_Server_Storage_eu-north-europe 22415
Put_Azure_eu-north-europe 19132
Put_Thrift_Server_Storage_eu-north-europe 19304
Put_Azure_eu-north-europe 19852
Put_Thrift_Server_Storage_eu-north-europe 19987
Put_Azure_eu-north-europe 23197
Put_Thrift_Server_Storage_eu-north-europe 23325
Put_Azure_eu-north-europe 23089
Put_Thrift_Server_Storage_eu-north-europe 23625
Put_Azure_eu-north-europe 19374
Put_Thrift_Server_Storage_eu-north-europe 19545
Put_Azure_eu-north-europe 18192
Put_Thrift_Server_Storage_eu-north-europe 18370
Put_Azure_eu-north-europe 26248
Put_Thrift_Server_Storage_eu-north-europe 26369
Put_Azure_eu-north-europe 66248
Put_Thrift_Server_Storage_eu-north-europe 66348
Put_Azure_eu-north-europe 16546
Put_Thrift_Server_Storage_eu-north-europe 16665
Put_Azure_eu-north-europe 20031
Put_Thrift_Server_Storage_eu-north-europe 20229
Put_Azure_eu-north-europe 20868
Put_Thrift_Server_Storage_eu-north-europe 21016
Put_Azure_eu-north-europe 19836
Put_Thrift_Server_Storage_eu-north-europe 19998
Put_Azure_eu-north-europe 38250
Put_Thrift_Server_Storage_eu-north-europe 38404
Put_Azure_eu-north-europe 18746
Put_Thrift_Server_Storage_eu-north-europe 18857
Put_Azure_eu-north-europe 21740
Put_Thrift_Server_Storage_eu-north-europe 21930
Put_Azure_eu-north-europe 25566
Put_Thrift_Server_Storage_eu-north-europe 25780
Put_Azure_eu-north-europe 21407
Put_Thrift_Server_Storage_eu-north-europe 21542
Put_Azure_eu-north-europe 23782
Put_Thrift_Server_Storage_eu-north-europe 23937
Put_Azure_eu-north-europe 22023
Put_Thrift_Server_Storage_eu-north-europe 22181
Put_Azure_eu-north-europe 16742
Put_Thrift_Server_Storage_eu-north-europe 16925
Put_Azure_eu-north-europe 48324
Put_Thrift_Server_Storage_eu-north-europe 48473
Put_Azure_eu-north-europe 21100
Put_Thrift_Server_Storage_eu-north-europe 21589
Put_Azure_eu-north-europe 19010
Put_Thrift_Server_Storage_eu-north-europe 19192
Put_Azure_eu-north-europe 20864
Put_Thrift_Server_Storage_eu-north-europe 21042
Put_Azure_eu-north-europe 17129
Put_Thrift_Server_Storage_eu-north-europe 17289
Put_Azure_eu-north-europe 18411
Put_Thrift_Server_Storage_eu-north-europe 18597
Put_Azure_eu-north-europe 34003
Put_Thrift_Server_Storage_eu-north-europe 34146
Put_Azure_eu-north-europe 20341
Put_Thrift_Server_Storage_eu-north-europe 20507
Put_Azure_eu-north-europe 18380
Put_Thrift_Server_Storage_eu-north-europe 18544
Put_Azure_eu-north-europe 19811
Put_Thrift_Server_Storage_eu-north-europe 19938
Put_Azure_eu-north-europe 16677
Put_Thrift_Server_Storage_eu-north-europe 16859
Put_Azure_eu-north-europe 18265
Put_Thrift_Server_Storage_eu-north-europe 18383
Put_Azure_eu-north-europe 18392
Put_Thrift_Server_Storage_eu-north-europe 18524
Put_Azure_eu-north-europe 19841
Put_Thrift_Server_Storage_eu-north-europe 20012
Put_Azure_eu-north-europe 17674
Put_Thrift_Server_Storage_eu-north-europe 17782
Put_Azure_eu-north-europe 19282
Put_Thrift_Server_Storage_eu-north-europe 19390
Put_Azure_eu-north-europe 21781
Put_Thrift_Server_Storage_eu-north-europe 21963
Put_Azure_eu-north-europe 17639
Put_Thrift_Server_Storage_eu-north-europe 17782
Put_Azure_eu-north-europe 18045
Put_Thrift_Server_Storage_eu-north-europe 18149
Put_Azure_eu-north-europe 19935
Put_Thrift_Server_Storage_eu-north-europe 20140
Put_Azure_eu-north-europe 40895
Put_Thrift_Server_Storage_eu-north-europe 41023
Put_Azure_eu-north-europe 21211
Put_Thrift_Server_Storage_eu-north-europe 21323
Put_Azure_eu-north-europe 22203
Put_Thrift_Server_Storage_eu-north-europe 22345
Put_Azure_eu-north-europe 19963
Put_Thrift_Server_Storage_eu-north-europe 20107
Put_Azure_eu-north-europe 20338
Put_Thrift_Server_Storage_eu-north-europe 20451
Put_Azure_eu-north-europe 18271
Put_Thrift_Server_Storage_eu-north-europe 18451
Put_Azure_eu-north-europe 21034
Put_Thrift_Server_Storage_eu-north-europe 21166
Put_Azure_eu-north-europe 21749
Put_Thrift_Server_Storage_eu-north-europe 21894
Put_Azure_eu-north-europe 17944
Put_Thrift_Server_Storage_eu-north-europe 18086
Put_Azure_eu-north-europe 19268
Put_Thrift_Server_Storage_eu-north-europe 19414
Put_Azure_eu-north-europe 24851
Put_Thrift_Server_Storage_eu-north-europe 24980
Put_Azure_eu-north-europe 24385
Put_Thrift_Server_Storage_eu-north-europe 24535
Put_Azure_eu-north-europe 21110
Put_Thrift_Server_Storage_eu-north-europe 21225
Put_Azure_eu-north-europe 19739
Put_Thrift_Server_Storage_eu-north-europe 19908
Put_Azure_eu-north-europe 22499
Put_Thrift_Server_Storage_eu-north-europe 22645
Put_Azure_eu-north-europe 24389
Put_Thrift_Server_Storage_eu-north-europe 24539
Put_Azure_eu-north-europe 22301
Put_Thrift_Server_Storage_eu-north-europe 22639
Put_Azure_eu-north-europe 22784
Put_Thrift_Server_Storage_eu-north-europe 22919
Put_Azure_eu-north-europe 19934
Put_Thrift_Server_Storage_eu-north-europe 20152
Put_Azure_eu-north-europe 17756
Put_Thrift_Server_Storage_eu-north-europe 17900
Put_Azure_eu-north-europe 20399
Put_Thrift_Server_Storage_eu-north-europe 20556
Put_Azure_eu-north-europe 25004
Put_Thrift_Server_Storage_eu-north-europe 25144
Put_Azure_eu-north-europe 22188
Put_Thrift_Server_Storage_eu-north-europe 22337
Put_Azure_eu-north-europe 24053
Put_Thrift_Server_Storage_eu-north-europe 24192
Put_Azure_eu-north-europe 17937
Put_Thrift_Server_Storage_eu-north-europe 18110
Put_Azure_eu-north-europe 21623
Put_Thrift_Server_Storage_eu-north-europe 21789
Put_Azure_eu-north-europe 19906
Put_Thrift_Server_Storage_eu-north-europe 20042
Put_Azure_eu-north-europe 20037
Put_Thrift_Server_Storage_eu-north-europe 20260
Put_Azure_eu-north-europe 38138
Put_Thrift_Server_Storage_eu-north-europe 38281
Put_Azure_eu-north-europe 25932
Put_Thrift_Server_Storage_eu-north-europe 26068
Put_Azure_eu-north-europe 19755
Put_Thrift_Server_Storage_eu-north-europe 19895
Put_Azure_eu-north-europe 17584
Put_Thrift_Server_Storage_eu-north-europe 17732
Put_Azure_eu-north-europe 25718
Put_Thrift_Server_Storage_eu-north-europe 25953
Put_Azure_eu-north-europe 25634
Put_Thrift_Server_Storage_eu-north-europe 26126
Put_Azure_eu-north-europe 20944
Put_Thrift_Server_Storage_eu-north-europe 21089
Put_Azure_eu-north-europe 20508
Put_Thrift_Server_Storage_eu-north-europe 20665
Put_Azure_eu-north-europe 20904
Put_Thrift_Server_Storage_eu-north-europe 21071
Put_Azure_eu-north-europe 19581
Put_Thrift_Server_Storage_eu-north-europe 19739
Put_Azure_eu-north-europe 24199
Put_Thrift_Server_Storage_eu-north-europe 24331
Put_Azure_eu-north-europe 17527
Put_Thrift_Server_Storage_eu-north-europe 17713
Put_Azure_eu-north-europe 25053
Put_Thrift_Server_Storage_eu-north-europe 25224
Put_Azure_eu-north-europe 45698
Put_Thrift_Server_Storage_eu-north-europe 45892
Put_Azure_eu-north-europe 22099
Put_Thrift_Server_Storage_eu-north-europe 22232
Put_Azure_eu-north-europe 17624
Put_Thrift_Server_Storage_eu-north-europe 17770
Put_Azure_eu-north-europe 19739
Put_Thrift_Server_Storage_eu-north-europe 19902
Put_Azure_eu-north-europe 17989
Put_Thrift_Server_Storage_eu-north-europe 18145
Put_Azure_eu-north-europe 17484
Put_Thrift_Server_Storage_eu-north-europe 17604
Put_Azure_eu-north-europe 24180
Put_Thrift_Server_Storage_eu-north-europe 24346
Put_Azure_eu-north-europe 22356
Put_Thrift_Server_Storage_eu-north-europe 22583
Put_Azure_eu-north-europe 18116
Put_Thrift_Server_Storage_eu-north-europe 18259
Put_Azure_eu-north-europe 17620
Put_Thrift_Server_Storage_eu-north-europe 17825
Put_Azure_eu-north-europe 25917
Put_Thrift_Server_Storage_eu-north-europe 26349
Put_Azure_eu-north-europe 23141
Put_Thrift_Server_Storage_eu-north-europe 23253
Put_Azure_eu-north-europe 19763
Put_Thrift_Server_Storage_eu-north-europe 19950
Put_Azure_eu-north-europe 20977
Put_Thrift_Server_Storage_eu-north-europe 21144
Put_Azure_eu-north-europe 22029
Put_Thrift_Server_Storage_eu-north-europe 22154
Put_Azure_eu-north-europe 22002
Put_Thrift_Server_Storage_eu-north-europe 22159
Put_Azure_eu-north-europe 19704
Put_Thrift_Server_Storage_eu-north-europe 19806
Put_Azure_eu-north-europe 21105
Put_Thrift_Server_Storage_eu-north-europe 21216
Put_Azure_eu-north-europe 20573
Put_Thrift_Server_Storage_eu-north-europe 20659
Put_Azure_eu-north-europe 18764
Put_Thrift_Server_Storage_eu-north-europe 18946
Put_Azure_eu-north-europe 24358
Put_Thrift_Server_Storage_eu-north-europe 24489
Put_Azure_eu-north-europe 20366
Put_Thrift_Server_Storage_eu-north-europe 20616
Put_Azure_eu-north-europe 19792
Put_Thrift_Server_Storage_eu-north-europe 19935
Put_Azure_eu-north-europe 18541
Put_Thrift_Server_Storage_eu-north-europe 18760
Put_Azure_eu-north-europe 25680
Put_Thrift_Server_Storage_eu-north-europe 25875
Put_Azure_eu-north-europe 18563
Put_Thrift_Server_Storage_eu-north-europe 18735
Put_Azure_eu-north-europe 20166
Put_Thrift_Server_Storage_eu-north-europe 20328
Put_Azure_eu-north-europe 26501
Put_Thrift_Server_Storage_eu-north-europe 26686
Put_Azure_eu-north-europe 21176
Put_Thrift_Server_Storage_eu-north-europe 21557
Put_Azure_eu-north-europe 29810
Put_Thrift_Server_Storage_eu-north-europe 29992
Put_Azure_eu-north-europe 21558
Put_Thrift_Server_Storage_eu-north-europe 21759
Put_Azure_eu-north-europe 20236
Put_Thrift_Server_Storage_eu-north-europe 20387
Put_Azure_eu-north-europe 19644
Put_Thrift_Server_Storage_eu-north-europe 19792
Put_Azure_eu-north-europe 23697
Put_Thrift_Server_Storage_eu-north-europe 23809
Put_Azure_eu-north-europe 21681
Put_Thrift_Server_Storage_eu-north-europe 21796
Put_Azure_eu-north-europe 17253
Put_Thrift_Server_Storage_eu-north-europe 17389
Put_Azure_eu-north-europe 23137
Put_Thrift_Server_Storage_eu-north-europe 23270
Put_Azure_eu-north-europe 19592
Put_Thrift_Server_Storage_eu-north-europe 19745
Put_Azure_eu-north-europe 18085
Put_Thrift_Server_Storage_eu-north-europe 18272
Put_Azure_eu-north-europe 20120
Put_Thrift_Server_Storage_eu-north-europe 20310
Put_Azure_eu-north-europe 27594
Put_Thrift_Server_Storage_eu-north-europe 27763
Put_Azure_eu-north-europe 19177
Put_Thrift_Server_Storage_eu-north-europe 19370
Put_Azure_eu-north-europe 22503
Put_Thrift_Server_Storage_eu-north-europe 22634
Put_Azure_eu-north-europe 17477
Put_Thrift_Server_Storage_eu-north-europe 17653
Put_Azure_eu-north-europe 19660
Put_Thrift_Server_Storage_eu-north-europe 19895
Put_Azure_eu-north-europe 22528
Put_Thrift_Server_Storage_eu-north-europe 22657
Put_Azure_eu-north-europe 15849
Put_Thrift_Server_Storage_eu-north-europe 16066
Put_Azure_eu-north-europe 71107
Put_Thrift_Server_Storage_eu-north-europe 71263
Put_Azure_eu-north-europe 21228
Put_Thrift_Server_Storage_eu-north-europe 21413
Put_Azure_eu-north-europe 22448
Put_Thrift_Server_Storage_eu-north-europe 22563
Put_Azure_eu-north-europe 19783
Put_Thrift_Server_Storage_eu-north-europe 19967
Put_Azure_eu-north-europe 17840
Put_Thrift_Server_Storage_eu-north-europe 17994
Put_Azure_eu-north-europe 19359
Put_Thrift_Server_Storage_eu-north-europe 19538
Put_Azure_eu-north-europe 17714
Put_Thrift_Server_Storage_eu-north-europe 17890
Put_Azure_eu-north-europe 39973
Put_Thrift_Server_Storage_eu-north-europe 40131
Put_Azure_eu-north-europe 18575
Put_Thrift_Server_Storage_eu-north-europe 18697
Put_Azure_eu-north-europe 19443
Put_Thrift_Server_Storage_eu-north-europe 19592
Put_Azure_eu-north-europe 17199
Put_Thrift_Server_Storage_eu-north-europe 17380
Put_Azure_eu-north-europe 24906
Put_Thrift_Server_Storage_eu-north-europe 25035
Put_Azure_eu-north-europe 19423
Put_Thrift_Server_Storage_eu-north-europe 19573
Put_Azure_eu-north-europe 19422
Put_Thrift_Server_Storage_eu-north-europe 19533
Put_Azure_eu-north-europe 18602
Put_Thrift_Server_Storage_eu-north-europe 18703
Put_Azure_eu-north-europe 21687
Put_Thrift_Server_Storage_eu-north-europe 21841
Put_Azure_eu-north-europe 19837
Put_Thrift_Server_Storage_eu-north-europe 19950
Put_Azure_eu-north-europe 20376
Put_Thrift_Server_Storage_eu-north-europe 20568
Put_Azure_eu-north-europe 24650
Put_Thrift_Server_Storage_eu-north-europe 24889
Put_Azure_eu-north-europe 19975
Put_Thrift_Server_Storage_eu-north-europe 20131
Put_Azure_eu-north-europe 19007
Put_Thrift_Server_Storage_eu-north-europe 19162
Put_Azure_eu-north-europe 22109
Put_Thrift_Server_Storage_eu-north-europe 22227
Put_Azure_eu-north-europe 18438
Put_Thrift_Server_Storage_eu-north-europe 18572
Put_Azure_eu-north-europe 19583
Put_Thrift_Server_Storage_eu-north-europe 19729
Put_Azure_eu-north-europe 19326
Put_Thrift_Server_Storage_eu-north-europe 19474
Put_Azure_eu-north-europe 24051
Put_Thrift_Server_Storage_eu-north-europe 24293
Put_Azure_eu-north-europe 19031
Put_Thrift_Server_Storage_eu-north-europe 19210
Put_Azure_eu-north-europe 19389
Put_Thrift_Server_Storage_eu-north-europe 19517
Put_Azure_eu-north-europe 16396
Put_Thrift_Server_Storage_eu-north-europe 16533
Put_Azure_eu-north-europe 21745
Put_Thrift_Server_Storage_eu-north-europe 21884
Put_Azure_eu-north-europe 17972
Put_Thrift_Server_Storage_eu-north-europe 18143
Put_Azure_eu-north-europe 18807
Put_Thrift_Server_Storage_eu-north-europe 19013
Put_Azure_eu-north-europe 44994
Put_Thrift_Server_Storage_eu-north-europe 45113
Put_Azure_eu-north-europe 20105
Put_Thrift_Server_Storage_eu-north-europe 20271
Put_Azure_eu-north-europe 19094
Put_Thrift_Server_Storage_eu-north-europe 19252
Put_Azure_eu-north-europe 16115
Put_Thrift_Server_Storage_eu-north-europe 16288
Put_Azure_eu-north-europe 23547
Put_Thrift_Server_Storage_eu-north-europe 23683
Put_Azure_eu-north-europe 17319
Put_Thrift_Server_Storage_eu-north-europe 17436
Put_Azure_eu-north-europe 18664
Put_Thrift_Server_Storage_eu-north-europe 18856
Put_Azure_eu-north-europe 16846
Put_Thrift_Server_Storage_eu-north-europe 17000
Put_Azure_eu-north-europe 18564
Put_Thrift_Server_Storage_eu-north-europe 18716
Put_Azure_eu-north-europe 17242
Put_Thrift_Server_Storage_eu-north-europe 17369
Put_Azure_eu-north-europe 21167
Put_Thrift_Server_Storage_eu-north-europe 21327
Put_Azure_eu-north-europe 20831
Put_Thrift_Server_Storage_eu-north-europe 20956
Put_Azure_eu-north-europe 19904
Put_Thrift_Server_Storage_eu-north-europe 20025
Put_Azure_eu-north-europe 30385
Put_Thrift_Server_Storage_eu-north-europe 30536
Put_Azure_eu-north-europe 20222
Put_Thrift_Server_Storage_eu-north-europe 20395
Put_Azure_eu-north-europe 19238
Put_Thrift_Server_Storage_eu-north-europe 19422
Put_Azure_eu-north-europe 18200
Put_Thrift_Server_Storage_eu-north-europe 18371
Put_Azure_eu-north-europe 17163
Put_Thrift_Server_Storage_eu-north-europe 17299
Put_Azure_eu-north-europe 18782
Put_Thrift_Server_Storage_eu-north-europe 18885
Put_Azure_eu-north-europe 18259
Put_Thrift_Server_Storage_eu-north-europe 18363
Put_Azure_eu-north-europe 35943
Put_Thrift_Server_Storage_eu-north-europe 36315
Put_Azure_eu-north-europe 24800
Put_Thrift_Server_Storage_eu-north-europe 24908
Put_Azure_eu-north-europe 17912
Put_Thrift_Server_Storage_eu-north-europe 18089
Put_Azure_eu-north-europe 21231
Put_Thrift_Server_Storage_eu-north-europe 21540
Put_Azure_eu-north-europe 23191
Put_Thrift_Server_Storage_eu-north-europe 23383
Put_Azure_eu-north-europe 19088
Put_Thrift_Server_Storage_eu-north-europe 19253
Put_Azure_eu-north-europe 20749
Put_Thrift_Server_Storage_eu-north-europe 20889
Put_Azure_eu-north-europe 19685
Put_Thrift_Server_Storage_eu-north-europe 19914
Put_Azure_eu-north-europe 19744
Put_Thrift_Server_Storage_eu-north-europe 19856
Put_Azure_eu-north-europe 17558
Put_Thrift_Server_Storage_eu-north-europe 17727
Put_Azure_eu-north-europe 18420
Put_Thrift_Server_Storage_eu-north-europe 18567
Put_Azure_eu-north-europe 18957
Put_Thrift_Server_Storage_eu-north-europe 19170
Put_Azure_eu-north-europe 22719
Put_Thrift_Server_Storage_eu-north-europe 22850
Put_Azure_eu-north-europe 19469
Put_Thrift_Server_Storage_eu-north-europe 19687
Put_Azure_eu-north-europe 18963
Put_Thrift_Server_Storage_eu-north-europe 19092
Put_Azure_eu-north-europe 21880
Put_Thrift_Server_Storage_eu-north-europe 22066
Put_Azure_eu-north-europe 19615
Put_Thrift_Server_Storage_eu-north-europe 19755
Put_Azure_eu-north-europe 18134
Put_Thrift_Server_Storage_eu-north-europe 18280
Put_Azure_eu-north-europe 21354
Put_Thrift_Server_Storage_eu-north-europe 21530
Put_Azure_eu-north-europe 19784
Put_Thrift_Server_Storage_eu-north-europe 19948
Put_Azure_eu-north-europe 18850
Put_Thrift_Server_Storage_eu-north-europe 19025
Put_Azure_eu-north-europe 20479
Put_Thrift_Server_Storage_eu-north-europe 20613
Put_Azure_eu-north-europe 18084
Put_Thrift_Server_Storage_eu-north-europe 18238
Put_Azure_eu-north-europe 20485
Put_Thrift_Server_Storage_eu-north-europe 20625
Put_Azure_eu-north-europe 21470
Put_Thrift_Server_Storage_eu-north-europe 21587
Put_Azure_eu-north-europe 21976
Put_Thrift_Server_Storage_eu-north-europe 22136
Put_Azure_eu-north-europe 25844
Put_Thrift_Server_Storage_eu-north-europe 26005
Put_Azure_eu-north-europe 19713
Put_Thrift_Server_Storage_eu-north-europe 19874
Put_Azure_eu-north-europe 19016
Put_Thrift_Server_Storage_eu-north-europe 19216
Put_Azure_eu-north-europe 20425
Put_Thrift_Server_Storage_eu-north-europe 20604
Put_Azure_eu-north-europe 19608
Put_Thrift_Server_Storage_eu-north-europe 19793
Put_Azure_eu-north-europe 20362
Put_Thrift_Server_Storage_eu-north-europe 20520
Put_Azure_eu-north-europe 21826
Put_Thrift_Server_Storage_eu-north-europe 22015
Put_Azure_eu-north-europe 20548
Put_Thrift_Server_Storage_eu-north-europe 20732
Put_Azure_eu-north-europe 19258
Put_Thrift_Server_Storage_eu-north-europe 19388
Put_Azure_eu-north-europe 36324
Put_Thrift_Server_Storage_eu-north-europe 37069
Put_Azure_eu-north-europe 16062
Put_Thrift_Server_Storage_eu-north-europe 16219
Put_Azure_eu-north-europe 20151
Put_Thrift_Server_Storage_eu-north-europe 20263
Put_Azure_eu-north-europe 18676
Put_Thrift_Server_Storage_eu-north-europe 18784
Put_Azure_eu-north-europe 22319
Put_Thrift_Server_Storage_eu-north-europe 22524
Put_Azure_eu-north-europe 23170
Put_Thrift_Server_Storage_eu-north-europe 23342
Put_Azure_eu-north-europe 24808
Put_Thrift_Server_Storage_eu-north-europe 25004
Put_Azure_eu-north-europe 25628
Put_Thrift_Server_Storage_eu-north-europe 25830
Put_Azure_eu-north-europe 19884
Put_Thrift_Server_Storage_eu-north-europe 20092
Put_Azure_eu-north-europe 23091
Put_Thrift_Server_Storage_eu-north-europe 23261
Put_Azure_eu-north-europe 22078
Put_Thrift_Server_Storage_eu-north-europe 22232
Put_Azure_eu-north-europe 24121
Put_Thrift_Server_Storage_eu-north-europe 24236
Put_Azure_eu-north-europe 19325
Put_Thrift_Server_Storage_eu-north-europe 19497
Put_Azure_eu-north-europe 19203
Put_Thrift_Server_Storage_eu-north-europe 19311
Put_Azure_eu-north-europe 20545
Put_Thrift_Server_Storage_eu-north-europe 20762
Put_Azure_eu-north-europe 20412
Put_Thrift_Server_Storage_eu-north-europe 20556
Put_Azure_eu-north-europe 31228
Put_Thrift_Server_Storage_eu-north-europe 31386
Put_Azure_eu-north-europe 23719
Put_Thrift_Server_Storage_eu-north-europe 23875
Put_Azure_eu-north-europe 20860
Put_Thrift_Server_Storage_eu-north-europe 21077
Put_Azure_eu-north-europe 20252
Put_Thrift_Server_Storage_eu-north-europe 20478
Put_Azure_eu-north-europe 19722
Put_Thrift_Server_Storage_eu-north-europe 19881
Put_Azure_eu-north-europe 17041
Put_Thrift_Server_Storage_eu-north-europe 17189
Put_Azure_eu-north-europe 27527
Put_Thrift_Server_Storage_eu-north-europe 27681
Put_Azure_eu-north-europe 22453
Put_Thrift_Server_Storage_eu-north-europe 22650
Put_Azure_eu-north-europe 21964
Put_Thrift_Server_Storage_eu-north-europe 22106
Put_Azure_eu-north-europe 19630
Put_Thrift_Server_Storage_eu-north-europe 19777
Put_Azure_eu-north-europe 21955
Put_Thrift_Server_Storage_eu-north-europe 22095
Put_Azure_eu-north-europe 20390
Put_Thrift_Server_Storage_eu-north-europe 20557
Put_Azure_eu-north-europe 19407
Put_Thrift_Server_Storage_eu-north-europe 19540
Put_Azure_eu-north-europe 23249
Put_Thrift_Server_Storage_eu-north-europe 23460
Put_Azure_eu-north-europe 22103
Put_Thrift_Server_Storage_eu-north-europe 22252
Put_Azure_eu-north-europe 26380
Put_Thrift_Server_Storage_eu-north-europe 26484
Put_Azure_eu-north-europe 24346
Put_Thrift_Server_Storage_eu-north-europe 24520
Put_Azure_eu-north-europe 57482
Put_Thrift_Server_Storage_eu-north-europe 57621
Put_Azure_eu-north-europe 17160
Put_Thrift_Server_Storage_eu-north-europe 17280
Put_Azure_eu-north-europe 17646
Put_Thrift_Server_Storage_eu-north-europe 17793
Put_Azure_eu-north-europe 19675
Put_Thrift_Server_Storage_eu-north-europe 19817
Put_Azure_eu-north-europe 23575
Put_Thrift_Server_Storage_eu-north-europe 23790
Put_Azure_eu-north-europe 18390
Put_Thrift_Server_Storage_eu-north-europe 18522
Put_Azure_eu-north-europe 20436
Put_Thrift_Server_Storage_eu-north-europe 20574
Put_Azure_eu-north-europe 20146
Put_Thrift_Server_Storage_eu-north-europe 20315
Put_Azure_eu-north-europe 18272
Put_Thrift_Server_Storage_eu-north-europe 18432
Put_Azure_eu-north-europe 18661
Put_Thrift_Server_Storage_eu-north-europe 18851
Put_Azure_eu-north-europe 23310
Put_Thrift_Server_Storage_eu-north-europe 23501
Put_Azure_eu-north-europe 18613
Put_Thrift_Server_Storage_eu-north-europe 18856
Put_Azure_eu-north-europe 18496
Put_Thrift_Server_Storage_eu-north-europe 18636
Put_Azure_eu-north-europe 17469
Put_Thrift_Server_Storage_eu-north-europe 17620
Put_Azure_eu-north-europe 20948
Put_Thrift_Server_Storage_eu-north-europe 21134
Put_Azure_eu-north-europe 20062
Put_Thrift_Server_Storage_eu-north-europe 20215
Put_Azure_eu-north-europe 24309
Put_Thrift_Server_Storage_eu-north-europe 24463
Put_Azure_eu-north-europe 18171
Put_Thrift_Server_Storage_eu-north-europe 18308
Put_Azure_eu-north-europe 23704
Put_Thrift_Server_Storage_eu-north-europe 23892
Put_Azure_eu-north-europe 25406
Put_Thrift_Server_Storage_eu-north-europe 25518
Put_Azure_eu-north-europe 21047
Put_Thrift_Server_Storage_eu-north-europe 21263
Put_Azure_eu-north-europe 19015
Put_Thrift_Server_Storage_eu-north-europe 19161
Put_Azure_eu-north-europe 19235
Put_Thrift_Server_Storage_eu-north-europe 19757
Put_Azure_eu-north-europe 19057
Put_Thrift_Server_Storage_eu-north-europe 19242
Put_Azure_eu-north-europe 20970
Put_Thrift_Server_Storage_eu-north-europe 21145
Put_Azure_eu-north-europe 19989
Put_Thrift_Server_Storage_eu-north-europe 20122
Put_Azure_eu-north-europe 22021
Put_Thrift_Server_Storage_eu-north-europe 22378
Put_Azure_eu-north-europe 19964
Put_Thrift_Server_Storage_eu-north-europe 20089
Put_Azure_eu-north-europe 19935
Put_Thrift_Server_Storage_eu-north-europe 20192
Put_Azure_eu-north-europe 18105
Put_Thrift_Server_Storage_eu-north-europe 18250
Put_Azure_eu-north-europe 20258
Put_Thrift_Server_Storage_eu-north-europe 20416
Put_Azure_eu-north-europe 18642
Put_Thrift_Server_Storage_eu-north-europe 18842
Put_Azure_eu-north-europe 21827
Put_Thrift_Server_Storage_eu-north-europe 21960
Put_Azure_eu-north-europe 23044
Put_Thrift_Server_Storage_eu-north-europe 23237
Put_Azure_eu-north-europe 21219
Put_Thrift_Server_Storage_eu-north-europe 21360
Put_Azure_eu-north-europe 19672
Put_Thrift_Server_Storage_eu-north-europe 19786
Put_Azure_eu-north-europe 18566
Put_Thrift_Server_Storage_eu-north-europe 18696
Put_Azure_eu-north-europe 19337
Put_Thrift_Server_Storage_eu-north-europe 19575
Put_Azure_eu-north-europe 21837
Put_Thrift_Server_Storage_eu-north-europe 22010
Put_Azure_eu-north-europe 19576
Put_Thrift_Server_Storage_eu-north-europe 19713
Put_Azure_eu-north-europe 20758
Put_Thrift_Server_Storage_eu-north-europe 20879
Put_Azure_eu-north-europe 17975
Put_Thrift_Server_Storage_eu-north-europe 18110
Put_Azure_eu-north-europe 16789
Put_Thrift_Server_Storage_eu-north-europe 16937
Put_Azure_eu-north-europe 28712
Put_Thrift_Server_Storage_eu-north-europe 28946
Put_Azure_eu-north-europe 17983
Put_Thrift_Server_Storage_eu-north-europe 18143
Put_Azure_eu-north-europe 19105
Put_Thrift_Server_Storage_eu-north-europe 19264
Put_Azure_eu-north-europe 18318
Put_Thrift_Server_Storage_eu-north-europe 18494
Put_Azure_eu-north-europe 22302
Put_Thrift_Server_Storage_eu-north-europe 22444
Put_Azure_eu-north-europe 18782
Put_Thrift_Server_Storage_eu-north-europe 18931
Put_Azure_eu-north-europe 30126
Put_Thrift_Server_Storage_eu-north-europe 30365
Put_Azure_eu-north-europe 27919
Put_Thrift_Server_Storage_eu-north-europe 28064
Put_Azure_eu-north-europe 22985
Put_Thrift_Server_Storage_eu-north-europe 23119
Put_Azure_eu-north-europe 19984
Put_Thrift_Server_Storage_eu-north-europe 20132
Put_Azure_eu-north-europe 20840
Put_Thrift_Server_Storage_eu-north-europe 21054
Put_Azure_eu-north-europe 19473
Put_Thrift_Server_Storage_eu-north-europe 19603
Put_Azure_eu-north-europe 20576
Put_Thrift_Server_Storage_eu-north-europe 20787
Put_Azure_eu-north-europe 21035
Put_Thrift_Server_Storage_eu-north-europe 21203
Put_Azure_eu-north-europe 18900
Put_Thrift_Server_Storage_eu-north-europe 19017
Put_Azure_eu-north-europe 19562
Put_Thrift_Server_Storage_eu-north-europe 19716
Put_Azure_eu-north-europe 20196
Put_Thrift_Server_Storage_eu-north-europe 20628
Put_Azure_eu-north-europe 20829
Put_Thrift_Server_Storage_eu-north-europe 20942
Put_Azure_eu-north-europe 22154
Put_Thrift_Server_Storage_eu-north-europe 22260
Put_Azure_eu-north-europe 20496
Put_Thrift_Server_Storage_eu-north-europe 20649
Put_Azure_eu-north-europe 22467
Put_Thrift_Server_Storage_eu-north-europe 22591
Put_Azure_eu-north-europe 22333
Put_Thrift_Server_Storage_eu-north-europe 22458
Put_Azure_eu-north-europe 19138
Put_Thrift_Server_Storage_eu-north-europe 19266
Put_Azure_eu-north-europe 21436
Put_Thrift_Server_Storage_eu-north-europe 21584
Put_Azure_eu-north-europe 18846
Put_Thrift_Server_Storage_eu-north-europe 19018
Put_Azure_eu-north-europe 21310
Put_Thrift_Server_Storage_eu-north-europe 21457
Put_Azure_eu-north-europe 21230
Put_Thrift_Server_Storage_eu-north-europe 21419
Put_Azure_eu-north-europe 18999
Put_Thrift_Server_Storage_eu-north-europe 19195
Put_Azure_eu-north-europe 19932
Put_Thrift_Server_Storage_eu-north-europe 20046
Put_Azure_eu-north-europe 19972
Put_Thrift_Server_Storage_eu-north-europe 20137
Put_Azure_eu-north-europe 25526
Put_Thrift_Server_Storage_eu-north-europe 25644
Put_Azure_eu-north-europe 19124
Put_Thrift_Server_Storage_eu-north-europe 19306
Put_Azure_eu-north-europe 20978
Put_Thrift_Server_Storage_eu-north-europe 21125
Put_Azure_eu-north-europe 23473
Put_Thrift_Server_Storage_eu-north-europe 23639
Put_Azure_eu-north-europe 17171
Put_Thrift_Server_Storage_eu-north-europe 17612
Put_Azure_eu-north-europe 17649
Put_Thrift_Server_Storage_eu-north-europe 17889
Put_Azure_eu-north-europe 32662
Put_Thrift_Server_Storage_eu-north-europe 32806
Put_Azure_eu-north-europe 19695
Put_Thrift_Server_Storage_eu-north-europe 20092
Put_Azure_eu-north-europe 23037
Put_Thrift_Server_Storage_eu-north-europe 23330
Put_Azure_eu-north-europe 18154
Put_Thrift_Server_Storage_eu-north-europe 18391
Put_Azure_eu-north-europe 18905
Put_Thrift_Server_Storage_eu-north-europe 19043
Put_Azure_eu-north-europe 23674
Put_Thrift_Server_Storage_eu-north-europe 23869
Put_Azure_eu-north-europe 22414
Put_Thrift_Server_Storage_eu-north-europe 22538
Put_Azure_eu-north-europe 40283
Put_Thrift_Server_Storage_eu-north-europe 40494
Put_Azure_eu-north-europe 19438
Put_Thrift_Server_Storage_eu-north-europe 19567
Put_Azure_eu-north-europe 36296
Put_Thrift_Server_Storage_eu-north-europe 36426
Put_Azure_eu-north-europe 19815
Put_Thrift_Server_Storage_eu-north-europe 20014
Put_Azure_eu-north-europe 18505
Put_Thrift_Server_Storage_eu-north-europe 18682
Put_Azure_eu-north-europe 29340
Put_Thrift_Server_Storage_eu-north-europe 29514
Put_Azure_eu-north-europe 22308
Put_Thrift_Server_Storage_eu-north-europe 22422
Put_Azure_eu-north-europe 167564
Put_Thrift_Server_Storage_eu-north-europe 167753
Put_Azure_eu-north-europe 23816
Put_Thrift_Server_Storage_eu-north-europe 24099
Put_Azure_eu-north-europe 22616
Put_Thrift_Server_Storage_eu-north-europe 22761
Put_Azure_eu-north-europe 21110
Put_Thrift_Server_Storage_eu-north-europe 21239
Put_Azure_eu-north-europe 39791
Put_Thrift_Server_Storage_eu-north-europe 39974
Put_Azure_eu-north-europe 19079
Put_Thrift_Server_Storage_eu-north-europe 19229
Put_Azure_eu-north-europe 18657
Put_Thrift_Server_Storage_eu-north-europe 18919
Put_Azure_eu-north-europe 18734
Put_Thrift_Server_Storage_eu-north-europe 18885
Put_Azure_eu-north-europe 22836
Put_Thrift_Server_Storage_eu-north-europe 22951
Put_Azure_eu-north-europe 19188
Put_Thrift_Server_Storage_eu-north-europe 19299
Put_Azure_eu-north-europe 16798
Put_Thrift_Server_Storage_eu-north-europe 16936
Put_Azure_eu-north-europe 18006
Put_Thrift_Server_Storage_eu-north-europe 18139
Put_Azure_eu-north-europe 18122
Put_Thrift_Server_Storage_eu-north-europe 18268
Put_Azure_eu-north-europe 21465
Put_Thrift_Server_Storage_eu-north-europe 21622
Put_Azure_eu-north-europe 18682
Put_Thrift_Server_Storage_eu-north-europe 18769
Put_Azure_eu-north-europe 19214
Put_Thrift_Server_Storage_eu-north-europe 19352
Put_Azure_eu-north-europe 31116
Put_Thrift_Server_Storage_eu-north-europe 31352
Put_Azure_eu-north-europe 20082
Put_Thrift_Server_Storage_eu-north-europe 20224
Put_Azure_eu-north-europe 19707
Put_Thrift_Server_Storage_eu-north-europe 19844
Put_Azure_eu-north-europe 23288
Put_Thrift_Server_Storage_eu-north-europe 23434
Put_Azure_eu-north-europe 17999
Put_Thrift_Server_Storage_eu-north-europe 18129
Put_Azure_eu-north-europe 22058
Put_Thrift_Server_Storage_eu-north-europe 22264
Put_Azure_eu-north-europe 19803
Put_Thrift_Server_Storage_eu-north-europe 19913
Put_Azure_eu-north-europe 21670
Put_Thrift_Server_Storage_eu-north-europe 21874
Put_Azure_eu-north-europe 20456
Put_Thrift_Server_Storage_eu-north-europe 20593
Put_Azure_eu-north-europe 19656
Put_Thrift_Server_Storage_eu-north-europe 19843
Put_Azure_eu-north-europe 19150
Put_Thrift_Server_Storage_eu-north-europe 19337
Put_Azure_eu-north-europe 19046
Put_Thrift_Server_Storage_eu-north-europe 19189
Put_Azure_eu-north-europe 27189
Put_Thrift_Server_Storage_eu-north-europe 27353
Put_Azure_eu-north-europe 19798
Put_Thrift_Server_Storage_eu-north-europe 19910
Put_Azure_eu-north-europe 18188
Put_Thrift_Server_Storage_eu-north-europe 18413
Put_Azure_eu-north-europe 20318
Put_Thrift_Server_Storage_eu-north-europe 20507
Put_Azure_eu-north-europe 22414
Put_Thrift_Server_Storage_eu-north-europe 22547
Put_Azure_eu-north-europe 27233
Put_Thrift_Server_Storage_eu-north-europe 27388
Put_Azure_eu-north-europe 16654
Put_Thrift_Server_Storage_eu-north-europe 16803
Put_Azure_eu-north-europe 18910
Put_Thrift_Server_Storage_eu-north-europe 19028
Put_Azure_eu-north-europe 19850
Put_Thrift_Server_Storage_eu-north-europe 20262
Put_Azure_eu-north-europe 19496
Put_Thrift_Server_Storage_eu-north-europe 19607
Put_Azure_eu-north-europe 21657
Put_Thrift_Server_Storage_eu-north-europe 21784
Put_Azure_eu-north-europe 19577
Put_Thrift_Server_Storage_eu-north-europe 19721
Put_Azure_eu-north-europe 26135
Put_Thrift_Server_Storage_eu-north-europe 26278
Put_Azure_eu-north-europe 19133
Put_Thrift_Server_Storage_eu-north-europe 19315
Put_Azure_eu-north-europe 19914
Put_Thrift_Server_Storage_eu-north-europe 20149
Put_Azure_eu-north-europe 18381
Put_Thrift_Server_Storage_eu-north-europe 18855
Put_Azure_eu-north-europe 18001
Put_Thrift_Server_Storage_eu-north-europe 18161
Put_Azure_eu-north-europe 16685
Put_Thrift_Server_Storage_eu-north-europe 16938
Put_Azure_eu-north-europe 18557
Put_Thrift_Server_Storage_eu-north-europe 18690
Put_Azure_eu-north-europe 25690
Put_Thrift_Server_Storage_eu-north-europe 25885
Put_Azure_eu-north-europe 22849
Put_Thrift_Server_Storage_eu-north-europe 22965
Put_Azure_eu-north-europe 19979
Put_Thrift_Server_Storage_eu-north-europe 20174
Put_Azure_eu-north-europe 19799
Put_Thrift_Server_Storage_eu-north-europe 19939
Put_Azure_eu-north-europe 28579
Put_Thrift_Server_Storage_eu-north-europe 28720
Put_Azure_eu-north-europe 22969
Put_Thrift_Server_Storage_eu-north-europe 23164
Put_Azure_eu-north-europe 19223
Put_Thrift_Server_Storage_eu-north-europe 19630
Put_Azure_eu-north-europe 23199
Put_Thrift_Server_Storage_eu-north-europe 23334
Put_Azure_eu-north-europe 36063
Put_Thrift_Server_Storage_eu-north-europe 36227
Put_Azure_eu-north-europe 21392
Put_Thrift_Server_Storage_eu-north-europe 21534
Put_Azure_eu-north-europe 17140
Put_Thrift_Server_Storage_eu-north-europe 17269
Put_Azure_eu-north-europe 19095
Put_Thrift_Server_Storage_eu-north-europe 19247
Put_Azure_eu-north-europe 18833
Put_Thrift_Server_Storage_eu-north-europe 18983
Put_Azure_eu-north-europe 18053
Put_Thrift_Server_Storage_eu-north-europe 18205
Put_Azure_eu-north-europe 18049
Put_Thrift_Server_Storage_eu-north-europe 18263
Put_Azure_eu-north-europe 21638
Put_Thrift_Server_Storage_eu-north-europe 21785
Put_Azure_eu-north-europe 17757
Put_Thrift_Server_Storage_eu-north-europe 17899
Put_Azure_eu-north-europe 18600
Put_Thrift_Server_Storage_eu-north-europe 18799
Put_Azure_eu-north-europe 18079
Put_Thrift_Server_Storage_eu-north-europe 18214
Put_Azure_eu-north-europe 19045
Put_Thrift_Server_Storage_eu-north-europe 19183
Put_Azure_eu-north-europe 20141
Put_Thrift_Server_Storage_eu-north-europe 20267
Put_Azure_eu-north-europe 25294
Put_Thrift_Server_Storage_eu-north-europe 25507
Put_Azure_eu-north-europe 18212
Put_Thrift_Server_Storage_eu-north-europe 18363
Put_Azure_eu-north-europe 19369
Put_Thrift_Server_Storage_eu-north-europe 19561
Put_Azure_eu-north-europe 18382
Put_Thrift_Server_Storage_eu-north-europe 18825
Put_Azure_eu-north-europe 30205
Put_Thrift_Server_Storage_eu-north-europe 30295
Put_Azure_eu-north-europe 26287
Put_Thrift_Server_Storage_eu-north-europe 26455
Put_Azure_eu-north-europe 20517
Put_Thrift_Server_Storage_eu-north-europe 20771
Put_Azure_eu-north-europe 21973
Put_Thrift_Server_Storage_eu-north-europe 22203
Put_Azure_eu-north-europe 18075
Put_Thrift_Server_Storage_eu-north-europe 18246
Put_Azure_eu-north-europe 19875
Put_Thrift_Server_Storage_eu-north-europe 20032
Put_Azure_eu-north-europe 19260
Put_Thrift_Server_Storage_eu-north-europe 19438
Put_Azure_eu-north-europe 18619
Put_Thrift_Server_Storage_eu-north-europe 18773
Put_Azure_eu-north-europe 17717
Put_Thrift_Server_Storage_eu-north-europe 17832
Put_Azure_eu-north-europe 32329
Put_Thrift_Server_Storage_eu-north-europe 32442
Put_Azure_eu-north-europe 17268
Put_Thrift_Server_Storage_eu-north-europe 17445
Put_Azure_eu-north-europe 35003
Put_Thrift_Server_Storage_eu-north-europe 35231
Put_Azure_eu-north-europe 19812
Put_Thrift_Server_Storage_eu-north-europe 19973
Put_Azure_eu-north-europe 19943
Put_Thrift_Server_Storage_eu-north-europe 20110
Put_Azure_eu-north-europe 16833
Put_Thrift_Server_Storage_eu-north-europe 16941
Put_Azure_eu-north-europe 18037
Put_Thrift_Server_Storage_eu-north-europe 18257
Put_Azure_eu-north-europe 19373
Put_Thrift_Server_Storage_eu-north-europe 19542
Put_Azure_eu-north-europe 21372
Put_Thrift_Server_Storage_eu-north-europe 21612
Put_Azure_eu-north-europe 23436
Put_Thrift_Server_Storage_eu-north-europe 23555
Put_Azure_eu-north-europe 20090
Put_Thrift_Server_Storage_eu-north-europe 20222
Put_Azure_eu-north-europe 19206
Put_Thrift_Server_Storage_eu-north-europe 19391
Put_Azure_eu-north-europe 16730
Put_Thrift_Server_Storage_eu-north-europe 16847
Put_Azure_eu-north-europe 22655
Put_Thrift_Server_Storage_eu-north-europe 22803
Put_Azure_eu-north-europe 21060
Put_Thrift_Server_Storage_eu-north-europe 21233
Put_Azure_eu-north-europe 27121
Put_Thrift_Server_Storage_eu-north-europe 27261
Put_Azure_eu-north-europe 24806
Put_Thrift_Server_Storage_eu-north-europe 24987
Put_Azure_eu-north-europe 18033
Put_Thrift_Server_Storage_eu-north-europe 18200
Put_Azure_eu-north-europe 20105
Put_Thrift_Server_Storage_eu-north-europe 20232
Put_Azure_eu-north-europe 25312
Put_Thrift_Server_Storage_eu-north-europe 25436
Put_Azure_eu-north-europe 22714
Put_Thrift_Server_Storage_eu-north-europe 22857
Put_Azure_eu-north-europe 18463
Put_Thrift_Server_Storage_eu-north-europe 18675
Put_Azure_eu-north-europe 18851
Put_Thrift_Server_Storage_eu-north-europe 19008
Put_Azure_eu-north-europe 18164
Put_Thrift_Server_Storage_eu-north-europe 18359
Put_Azure_eu-north-europe 20794
Put_Thrift_Server_Storage_eu-north-europe 20941
Put_Azure_eu-north-europe 17941
Put_Thrift_Server_Storage_eu-north-europe 18137
Put_Azure_eu-north-europe 36605
Put_Thrift_Server_Storage_eu-north-europe 37018
Put_Azure_eu-north-europe 19427
Put_Thrift_Server_Storage_eu-north-europe 19644
Put_Azure_eu-north-europe 18836
Put_Thrift_Server_Storage_eu-north-europe 19008
Put_Azure_eu-north-europe 18276
Put_Thrift_Server_Storage_eu-north-europe 18402
Put_Azure_eu-north-europe 17510
Put_Thrift_Server_Storage_eu-north-europe 17680
Put_Azure_eu-north-europe 1191461
Put_Thrift_Server_Storage_eu-north-europe 1191663
Put_Azure_eu-north-europe 22616
Put_Thrift_Server_Storage_eu-north-europe 22808
Put_Azure_eu-north-europe 17115
Put_Thrift_Server_Storage_eu-north-europe 17267
Put_Azure_eu-north-europe 43077
Put_Thrift_Server_Storage_eu-north-europe 43232
Put_Azure_eu-north-europe 45692
Put_Thrift_Server_Storage_eu-north-europe 45836
Put_Azure_eu-north-europe 19671
Put_Thrift_Server_Storage_eu-north-europe 19798
Put_Azure_eu-north-europe 20913
Put_Thrift_Server_Storage_eu-north-europe 21042
Put_Azure_eu-north-europe 16889
Put_Thrift_Server_Storage_eu-north-europe 17262
Put_Azure_eu-north-europe 25992
Put_Thrift_Server_Storage_eu-north-europe 26118
Put_Azure_eu-north-europe 19377
Put_Thrift_Server_Storage_eu-north-europe 19512
Put_Azure_eu-north-europe 20219
Put_Thrift_Server_Storage_eu-north-europe 20321
Put_Azure_eu-north-europe 20627
Put_Thrift_Server_Storage_eu-north-europe 20822
Put_Azure_eu-north-europe 23179
Put_Thrift_Server_Storage_eu-north-europe 23298
Put_Azure_eu-north-europe 17085
Put_Thrift_Server_Storage_eu-north-europe 17220
Put_Azure_eu-north-europe 32488
Put_Thrift_Server_Storage_eu-north-europe 32601
Put_Azure_eu-north-europe 20196
Put_Thrift_Server_Storage_eu-north-europe 20377
Put_Azure_eu-north-europe 16076
Put_Thrift_Server_Storage_eu-north-europe 16230
Put_Azure_eu-north-europe 17429
Put_Thrift_Server_Storage_eu-north-europe 17565
Put_Azure_eu-north-europe 19047
Put_Thrift_Server_Storage_eu-north-europe 19208
Put_Azure_eu-north-europe 31242
Put_Thrift_Server_Storage_eu-north-europe 31383
Put_Azure_eu-north-europe 19246
Put_Thrift_Server_Storage_eu-north-europe 19391
Put_Azure_eu-north-europe 22114
Put_Thrift_Server_Storage_eu-north-europe 22263
Put_Azure_eu-north-europe 20134
Put_Thrift_Server_Storage_eu-north-europe 20299
Put_Azure_eu-north-europe 23126
Put_Thrift_Server_Storage_eu-north-europe 23269
Put_Azure_eu-north-europe 20579
Put_Thrift_Server_Storage_eu-north-europe 20671
Put_Azure_eu-north-europe 21231
Put_Thrift_Server_Storage_eu-north-europe 21681
Put_Azure_eu-north-europe 24266
Put_Thrift_Server_Storage_eu-north-europe 24402
Put_Azure_eu-north-europe 22662
Put_Thrift_Server_Storage_eu-north-europe 22845
Put_Azure_eu-north-europe 22830
Put_Thrift_Server_Storage_eu-north-europe 22948
Put_Azure_eu-north-europe 18763
Put_Thrift_Server_Storage_eu-north-europe 18904
Put_Azure_eu-north-europe 20817
Put_Thrift_Server_Storage_eu-north-europe 20973
Put_Azure_eu-north-europe 21776
Put_Thrift_Server_Storage_eu-north-europe 21932
Put_Azure_eu-north-europe 17137
Put_Thrift_Server_Storage_eu-north-europe 17302
Put_Azure_eu-north-europe 20856
Put_Thrift_Server_Storage_eu-north-europe 21001
Put_Azure_eu-north-europe 18774
Put_Thrift_Server_Storage_eu-north-europe 18919
Put_Azure_eu-north-europe 22824
Put_Thrift_Server_Storage_eu-north-europe 23067
Put_Azure_eu-north-europe 23995
Put_Thrift_Server_Storage_eu-north-europe 24200
Put_Azure_eu-north-europe 22105
Put_Thrift_Server_Storage_eu-north-europe 22309
Put_Azure_eu-north-europe 21047
Put_Thrift_Server_Storage_eu-north-europe 21211
Put_Azure_eu-north-europe 22175
Put_Thrift_Server_Storage_eu-north-europe 22351
Put_Azure_eu-north-europe 20452
Put_Thrift_Server_Storage_eu-north-europe 20632
Put_Azure_eu-north-europe 22318
Put_Thrift_Server_Storage_eu-north-europe 22559
Put_Azure_eu-north-europe 19974
Put_Thrift_Server_Storage_eu-north-europe 20162
Put_Azure_eu-north-europe 21810
Put_Thrift_Server_Storage_eu-north-europe 22217
Put_Azure_eu-north-europe 21373
Put_Thrift_Server_Storage_eu-north-europe 21484
Put_Azure_eu-north-europe 27104
Put_Thrift_Server_Storage_eu-north-europe 27254
Put_Azure_eu-north-europe 18622
Put_Thrift_Server_Storage_eu-north-europe 18763
Put_Azure_eu-north-europe 19335
Put_Thrift_Server_Storage_eu-north-europe 19507
Put_Azure_eu-north-europe 18304
Put_Thrift_Server_Storage_eu-north-europe 18412
Put_Azure_eu-north-europe 18364
Put_Thrift_Server_Storage_eu-north-europe 18497
Put_Azure_eu-north-europe 19679
Put_Thrift_Server_Storage_eu-north-europe 19866
Put_Azure_eu-north-europe 19675
Put_Thrift_Server_Storage_eu-north-europe 19853
Put_Azure_eu-north-europe 19081
Put_Thrift_Server_Storage_eu-north-europe 19257
Put_Azure_eu-north-europe 20821
Put_Thrift_Server_Storage_eu-north-europe 20967
Put_Azure_eu-north-europe 18263
Put_Thrift_Server_Storage_eu-north-europe 18415
Put_Azure_eu-north-europe 18697
Put_Thrift_Server_Storage_eu-north-europe 18922
Put_Azure_eu-north-europe 17075
Put_Thrift_Server_Storage_eu-north-europe 17226
Put_Azure_eu-north-europe 22456
Put_Thrift_Server_Storage_eu-north-europe 22592
Put_Azure_eu-north-europe 18813
Put_Thrift_Server_Storage_eu-north-europe 19023
Put_Azure_eu-north-europe 23872
Put_Thrift_Server_Storage_eu-north-europe 23984
Put_Azure_eu-north-europe 17871
Put_Thrift_Server_Storage_eu-north-europe 18021
Put_Azure_eu-north-europe 18896
Put_Thrift_Server_Storage_eu-north-europe 19325
Put_Azure_eu-north-europe 24597
Put_Thrift_Server_Storage_eu-north-europe 24726
Put_Azure_eu-north-europe 17595
Put_Thrift_Server_Storage_eu-north-europe 17760
Put_Azure_eu-north-europe 18631
Put_Thrift_Server_Storage_eu-north-europe 18780
Put_Azure_eu-north-europe 239669
Put_Thrift_Server_Storage_eu-north-europe 239848
Put_Azure_eu-north-europe 17990
Put_Thrift_Server_Storage_eu-north-europe 18304
Put_Azure_eu-north-europe 18649
Put_Thrift_Server_Storage_eu-north-europe 18869
Put_Azure_eu-north-europe 20633
Put_Thrift_Server_Storage_eu-north-europe 20788
Put_Azure_eu-north-europe 17044
Put_Thrift_Server_Storage_eu-north-europe 17253
Put_Azure_eu-north-europe 23111
Put_Thrift_Server_Storage_eu-north-europe 23274
Put_Azure_eu-north-europe 21675
Put_Thrift_Server_Storage_eu-north-europe 21799
Put_Azure_eu-north-europe 19108
Put_Thrift_Server_Storage_eu-north-europe 19252
Put_Azure_eu-north-europe 20480
Put_Thrift_Server_Storage_eu-north-europe 20594
Put_Azure_eu-north-europe 20344
Put_Thrift_Server_Storage_eu-north-europe 20520
Put_Azure_eu-north-europe 19499
Put_Thrift_Server_Storage_eu-north-europe 19718
Put_Azure_eu-north-europe 21336
Put_Thrift_Server_Storage_eu-north-europe 21561
Put_Azure_eu-north-europe 18194
Put_Thrift_Server_Storage_eu-north-europe 18422
Put_Azure_eu-north-europe 22654
Put_Thrift_Server_Storage_eu-north-europe 23126
Put_Azure_eu-north-europe 20763
Put_Thrift_Server_Storage_eu-north-europe 20880
Put_Azure_eu-north-europe 19266
Put_Thrift_Server_Storage_eu-north-europe 19383
Put_Azure_eu-north-europe 20344
Put_Thrift_Server_Storage_eu-north-europe 20533
Put_Azure_eu-north-europe 42523
Put_Thrift_Server_Storage_eu-north-europe 42700
Put_Azure_eu-north-europe 18244
Put_Thrift_Server_Storage_eu-north-europe 18393
Put_Azure_eu-north-europe 18451
Put_Thrift_Server_Storage_eu-north-europe 18650
Put_Azure_eu-north-europe 18506
Put_Thrift_Server_Storage_eu-north-europe 18685
Put_Azure_eu-north-europe 18648
Put_Thrift_Server_Storage_eu-north-europe 18828
Put_Azure_eu-north-europe 34090
Put_Thrift_Server_Storage_eu-north-europe 34236
Put_Azure_eu-north-europe 28467
Put_Thrift_Server_Storage_eu-north-europe 28602
Put_Azure_eu-north-europe 22190
Put_Thrift_Server_Storage_eu-north-europe 22360
Put_Azure_eu-north-europe 20612
Put_Thrift_Server_Storage_eu-north-europe 20817
Put_Azure_eu-north-europe 42546
Put_Thrift_Server_Storage_eu-north-europe 42724
Put_Azure_eu-north-europe 18002
Put_Thrift_Server_Storage_eu-north-europe 18209
Put_Azure_eu-north-europe 20073
Put_Thrift_Server_Storage_eu-north-europe 20329
Put_Azure_eu-north-europe 24597
Put_Thrift_Server_Storage_eu-north-europe 24809
Put_Azure_eu-north-europe 19171
Put_Thrift_Server_Storage_eu-north-europe 19338
Put_Azure_eu-north-europe 18711
Put_Thrift_Server_Storage_eu-north-europe 18879
Put_Azure_eu-north-europe 18098
Put_Thrift_Server_Storage_eu-north-europe 18704
Put_Azure_eu-north-europe 20413
Put_Thrift_Server_Storage_eu-north-europe 20534
Put_Azure_eu-north-europe 18502
Put_Thrift_Server_Storage_eu-north-europe 18693
Put_Azure_eu-north-europe 22798
Put_Thrift_Server_Storage_eu-north-europe 22971
Put_Azure_eu-north-europe 17581
Put_Thrift_Server_Storage_eu-north-europe 17739
Put_Azure_eu-north-europe 21591
Put_Thrift_Server_Storage_eu-north-europe 21762
Put_Azure_eu-north-europe 30009
Put_Thrift_Server_Storage_eu-north-europe 30125
Put_Azure_eu-north-europe 18544
Put_Thrift_Server_Storage_eu-north-europe 18682
Put_Azure_eu-north-europe 25864
Put_Thrift_Server_Storage_eu-north-europe 26047
Put_Azure_eu-north-europe 24015
Put_Thrift_Server_Storage_eu-north-europe 24137
Put_Azure_eu-north-europe 40878
Put_Thrift_Server_Storage_eu-north-europe 41041
Put_Azure_eu-north-europe 30923
Put_Thrift_Server_Storage_eu-north-europe 31064
Put_Azure_eu-north-europe 21661
Put_Thrift_Server_Storage_eu-north-europe 21816
Put_Azure_eu-north-europe 23585
Put_Thrift_Server_Storage_eu-north-europe 23701
Put_Azure_eu-north-europe 19503
Put_Thrift_Server_Storage_eu-north-europe 19610
Put_Azure_eu-north-europe 20271
Put_Thrift_Server_Storage_eu-north-europe 20472
Put_Azure_eu-north-europe 18626
Put_Thrift_Server_Storage_eu-north-europe 18944
Put_Azure_eu-north-europe 18935
Put_Thrift_Server_Storage_eu-north-europe 19119
Put_Azure_eu-north-europe 18792
Put_Thrift_Server_Storage_eu-north-europe 18920
Put_Azure_eu-north-europe 26253
Put_Thrift_Server_Storage_eu-north-europe 26375
Put_Azure_eu-north-europe 23885
Put_Thrift_Server_Storage_eu-north-europe 24012
Put_Azure_eu-north-europe 18712
Put_Thrift_Server_Storage_eu-north-europe 18889
Put_Azure_eu-north-europe 19152
Put_Thrift_Server_Storage_eu-north-europe 19375
Put_Azure_eu-north-europe 19801
Put_Thrift_Server_Storage_eu-north-europe 19946
Put_Azure_eu-north-europe 17984
Put_Thrift_Server_Storage_eu-north-europe 18146
Put_Azure_eu-north-europe 17426
Put_Thrift_Server_Storage_eu-north-europe 17593
Put_Azure_eu-north-europe 24880
Put_Thrift_Server_Storage_eu-north-europe 25003
Put_Azure_eu-north-europe 17431
Put_Thrift_Server_Storage_eu-north-europe 17554
Put_Azure_eu-north-europe 17364
Put_Thrift_Server_Storage_eu-north-europe 17554
Put_Azure_eu-north-europe 23193
Put_Thrift_Server_Storage_eu-north-europe 23362
Put_Azure_eu-north-europe 27615
Put_Thrift_Server_Storage_eu-north-europe 27774
Put_Azure_eu-north-europe 18878
Put_Thrift_Server_Storage_eu-north-europe 19102
Put_Azure_eu-north-europe 21115
Put_Thrift_Server_Storage_eu-north-europe 21270
Put_Azure_eu-north-europe 21787
Put_Thrift_Server_Storage_eu-north-europe 21951
Put_Azure_eu-north-europe 19738
Put_Thrift_Server_Storage_eu-north-europe 20278
Put_Azure_eu-north-europe 17344
Put_Thrift_Server_Storage_eu-north-europe 17504
Put_Azure_eu-north-europe 22863
Put_Thrift_Server_Storage_eu-north-europe 23046
Put_Azure_eu-north-europe 17696
Put_Thrift_Server_Storage_eu-north-europe 17845
Put_Azure_eu-north-europe 21582
Put_Thrift_Server_Storage_eu-north-europe 21696
Put_Azure_eu-north-europe 21517
Put_Thrift_Server_Storage_eu-north-europe 21700
Put_Azure_eu-north-europe 19496
Put_Thrift_Server_Storage_eu-north-europe 19646
Put_Azure_eu-north-europe 16894
Put_Thrift_Server_Storage_eu-north-europe 17059
Put_Azure_eu-north-europe 18080
Put_Thrift_Server_Storage_eu-north-europe 18246
Put_Azure_eu-north-europe 18434
Put_Thrift_Server_Storage_eu-north-europe 18591
Put_Azure_eu-north-europe 50033
Put_Thrift_Server_Storage_eu-north-europe 50182
Put_Azure_eu-north-europe 21411
Put_Thrift_Server_Storage_eu-north-europe 21519
Put_Azure_eu-north-europe 70293
Put_Thrift_Server_Storage_eu-north-europe 70456
Put_Azure_eu-north-europe 19756
Put_Thrift_Server_Storage_eu-north-europe 19938
Put_Azure_eu-north-europe 19200
Put_Thrift_Server_Storage_eu-north-europe 19358
Put_Azure_eu-north-europe 18025
Put_Thrift_Server_Storage_eu-north-europe 18219
Put_Azure_eu-north-europe 18227
Put_Thrift_Server_Storage_eu-north-europe 18400
Put_Azure_eu-north-europe 22437
Put_Thrift_Server_Storage_eu-north-europe 22596
Put_Azure_eu-north-europe 21529
Put_Thrift_Server_Storage_eu-north-europe 21669
Put_Azure_eu-north-europe 22732
Put_Thrift_Server_Storage_eu-north-europe 22921
Put_Azure_eu-north-europe 19093
Put_Thrift_Server_Storage_eu-north-europe 19240
Put_Azure_eu-north-europe 22449
Put_Thrift_Server_Storage_eu-north-europe 22576
Put_Azure_eu-north-europe 18018
Put_Thrift_Server_Storage_eu-north-europe 18221
Put_Azure_eu-north-europe 17505
Put_Thrift_Server_Storage_eu-north-europe 17670
Put_Azure_eu-north-europe 18989
Put_Thrift_Server_Storage_eu-north-europe 19129
Put_Azure_eu-north-europe 18043
Put_Thrift_Server_Storage_eu-north-europe 18218
Put_Azure_eu-north-europe 21569
Put_Thrift_Server_Storage_eu-north-europe 21728
Put_Azure_eu-north-europe 19068
Put_Thrift_Server_Storage_eu-north-europe 19218
Put_Azure_eu-north-europe 216366
Put_Thrift_Server_Storage_eu-north-europe 216532
Put_Azure_eu-north-europe 22340
Put_Thrift_Server_Storage_eu-north-europe 22531
Put_Azure_eu-north-europe 17683
Put_Thrift_Server_Storage_eu-north-europe 17856
Put_Azure_eu-north-europe 20279
Put_Thrift_Server_Storage_eu-north-europe 20456
Put_Azure_eu-north-europe 18449
Put_Thrift_Server_Storage_eu-north-europe 18658
Put_Azure_eu-north-europe 20992
Put_Thrift_Server_Storage_eu-north-europe 21129
Put_Azure_eu-north-europe 19650
Put_Thrift_Server_Storage_eu-north-europe 19743
Put_Azure_eu-north-europe 17089
Put_Thrift_Server_Storage_eu-north-europe 17204
Put_Azure_eu-north-europe 17895
Put_Thrift_Server_Storage_eu-north-europe 18258
Put_Azure_eu-north-europe 16745
Put_Thrift_Server_Storage_eu-north-europe 16885
Put_Azure_eu-north-europe 20286
Put_Thrift_Server_Storage_eu-north-europe 20494
Put_Azure_eu-north-europe 17828
Put_Thrift_Server_Storage_eu-north-europe 17990
Put_Azure_eu-north-europe 16754
Put_Thrift_Server_Storage_eu-north-europe 16916
Put_Azure_eu-north-europe 20900
Put_Thrift_Server_Storage_eu-north-europe 21135
Put_Azure_eu-north-europe 20390
Put_Thrift_Server_Storage_eu-north-europe 20560
Put_Azure_eu-north-europe 21407
Put_Thrift_Server_Storage_eu-north-europe 21546
Put_Azure_eu-north-europe 17308
Put_Thrift_Server_Storage_eu-north-europe 17444
Put_Azure_eu-north-europe 20038
Put_Thrift_Server_Storage_eu-north-europe 20173
Put_Azure_eu-north-europe 16446
Put_Thrift_Server_Storage_eu-north-europe 16546
Put_Azure_eu-north-europe 17988
Put_Thrift_Server_Storage_eu-north-europe 18122
Put_Azure_eu-north-europe 18831
Put_Thrift_Server_Storage_eu-north-europe 18947
Put_Azure_eu-north-europe 20556
Put_Thrift_Server_Storage_eu-north-europe 20788
Put_Azure_eu-north-europe 19468
Put_Thrift_Server_Storage_eu-north-europe 19620
Put_Azure_eu-north-europe 17321
Put_Thrift_Server_Storage_eu-north-europe 17450
Put_Azure_eu-north-europe 34650
Put_Thrift_Server_Storage_eu-north-europe 34792
Put_Azure_eu-north-europe 18191
Put_Thrift_Server_Storage_eu-north-europe 18365
Put_Azure_eu-north-europe 18598
Put_Thrift_Server_Storage_eu-north-europe 19048
Put_Azure_eu-north-europe 22597
Put_Thrift_Server_Storage_eu-north-europe 22802
Put_Azure_eu-north-europe 26517
Put_Thrift_Server_Storage_eu-north-europe 26647
Put_Azure_eu-north-europe 19025
Put_Thrift_Server_Storage_eu-north-europe 19144
Put_Azure_eu-north-europe 18643
Put_Thrift_Server_Storage_eu-north-europe 18803
Put_Azure_eu-north-europe 20294
Put_Thrift_Server_Storage_eu-north-europe 20440
Put_Azure_eu-north-europe 21614
Put_Thrift_Server_Storage_eu-north-europe 21784
Put_Azure_eu-north-europe 21733
Put_Thrift_Server_Storage_eu-north-europe 21900
Put_Azure_eu-north-europe 23696
Put_Thrift_Server_Storage_eu-north-europe 23842
Put_Azure_eu-north-europe 19168
Put_Thrift_Server_Storage_eu-north-europe 19311
Put_Azure_eu-north-europe 18247
Put_Thrift_Server_Storage_eu-north-europe 18435
Put_Azure_eu-north-europe 19171
Put_Thrift_Server_Storage_eu-north-europe 19389
Put_Azure_eu-north-europe 18340
Put_Thrift_Server_Storage_eu-north-europe 18477
Put_Azure_eu-north-europe 20134
Put_Thrift_Server_Storage_eu-north-europe 20330
Put_Azure_eu-north-europe 20090
Put_Thrift_Server_Storage_eu-north-europe 20272
Put_Azure_eu-north-europe 20924
Put_Thrift_Server_Storage_eu-north-europe 21080
Put_Azure_eu-north-europe 20037
Put_Thrift_Server_Storage_eu-north-europe 20220
Put_Azure_eu-north-europe 22403
Put_Thrift_Server_Storage_eu-north-europe 22553
Put_Azure_eu-north-europe 20036
Put_Thrift_Server_Storage_eu-north-europe 20497
Put_Azure_eu-north-europe 17811
Put_Thrift_Server_Storage_eu-north-europe 17971
Put_Azure_eu-north-europe 18776
Put_Thrift_Server_Storage_eu-north-europe 18978
Put_Azure_eu-north-europe 19412
Put_Thrift_Server_Storage_eu-north-europe 19647
Put_Azure_eu-north-europe 19879
Put_Thrift_Server_Storage_eu-north-europe 20037
Put_Azure_eu-north-europe 21086
Put_Thrift_Server_Storage_eu-north-europe 21229
Put_Azure_eu-north-europe 18556
Put_Thrift_Server_Storage_eu-north-europe 18737
Put_Azure_eu-north-europe 21679
Put_Thrift_Server_Storage_eu-north-europe 21795
Put_Azure_eu-north-europe 20290
Put_Thrift_Server_Storage_eu-north-europe 20405
Put_Azure_eu-north-europe 18928
Put_Thrift_Server_Storage_eu-north-europe 19072
Put_Azure_eu-north-europe 23684
Put_Thrift_Server_Storage_eu-north-europe 23855
Put_Azure_eu-north-europe 18986
Put_Thrift_Server_Storage_eu-north-europe 19138
Put_Azure_eu-north-europe 18720
Put_Thrift_Server_Storage_eu-north-europe 18959
Put_Azure_eu-north-europe 18312
Put_Thrift_Server_Storage_eu-north-europe 18482
Put_Azure_eu-north-europe 19600
Put_Thrift_Server_Storage_eu-north-europe 19704
Put_Azure_eu-north-europe 17866
Put_Thrift_Server_Storage_eu-north-europe 18061
Put_Azure_eu-north-europe 20951
Put_Thrift_Server_Storage_eu-north-europe 21081
Put_Azure_eu-north-europe 18369
Put_Thrift_Server_Storage_eu-north-europe 18530
Put_Azure_eu-north-europe 19369
Put_Thrift_Server_Storage_eu-north-europe 19720
Put_Azure_eu-north-europe 18698
Put_Thrift_Server_Storage_eu-north-europe 18896
Put_Azure_eu-north-europe 22907
Put_Thrift_Server_Storage_eu-north-europe 23033
Put_Azure_eu-north-europe 21138
Put_Thrift_Server_Storage_eu-north-europe 21284
Put_Azure_eu-north-europe 22668
Put_Thrift_Server_Storage_eu-north-europe 22881
Put_Azure_eu-north-europe 19064
Put_Thrift_Server_Storage_eu-north-europe 19176
Put_Azure_eu-north-europe 17803
Put_Thrift_Server_Storage_eu-north-europe 18034
Put_Azure_eu-north-europe 21130
Put_Thrift_Server_Storage_eu-north-europe 21295
Put_Azure_eu-north-europe 21531
Put_Thrift_Server_Storage_eu-north-europe 21663
Put_Azure_eu-north-europe 18452
Put_Thrift_Server_Storage_eu-north-europe 18626
Put_Azure_eu-north-europe 20936
Put_Thrift_Server_Storage_eu-north-europe 21153
Put_Azure_eu-north-europe 21308
Put_Thrift_Server_Storage_eu-north-europe 21450
Put_Azure_eu-north-europe 20808
Put_Thrift_Server_Storage_eu-north-europe 20967
Put_Azure_eu-north-europe 20643
Put_Thrift_Server_Storage_eu-north-europe 20794
Put_Azure_eu-north-europe 31524
Put_Thrift_Server_Storage_eu-north-europe 31737
Put_Azure_eu-north-europe 21616
Put_Thrift_Server_Storage_eu-north-europe 21786
Put_Azure_eu-north-europe 18995
Put_Thrift_Server_Storage_eu-north-europe 19181
Put_Azure_eu-north-europe 17841
Put_Thrift_Server_Storage_eu-north-europe 18243
Put_Azure_eu-north-europe 18352
Put_Thrift_Server_Storage_eu-north-europe 18507
Put_Azure_eu-north-europe 20203
Put_Thrift_Server_Storage_eu-north-europe 20363
Put_Azure_eu-north-europe 19182
Put_Thrift_Server_Storage_eu-north-europe 19337
Put_Azure_eu-north-europe 30042
Put_Thrift_Server_Storage_eu-north-europe 30281
Put_Azure_eu-north-europe 19411
Put_Thrift_Server_Storage_eu-north-europe 19556
Put_Azure_eu-north-europe 18505
Put_Thrift_Server_Storage_eu-north-europe 18686
Put_Azure_eu-north-europe 19251
Put_Thrift_Server_Storage_eu-north-europe 19432
Put_Azure_eu-north-europe 20405
Put_Thrift_Server_Storage_eu-north-europe 20552
Put_Azure_eu-north-europe 18546
Put_Thrift_Server_Storage_eu-north-europe 18712
Put_Azure_eu-north-europe 22234
Put_Thrift_Server_Storage_eu-north-europe 22391
Put_Azure_eu-north-europe 18099
Put_Thrift_Server_Storage_eu-north-europe 18243
Put_Azure_eu-north-europe 20269
Put_Thrift_Server_Storage_eu-north-europe 20429
Put_Azure_eu-north-europe 32209
Put_Thrift_Server_Storage_eu-north-europe 32423
Put_Azure_eu-north-europe 51506
Put_Thrift_Server_Storage_eu-north-europe 51650
Put_Azure_eu-north-europe 22849
Put_Thrift_Server_Storage_eu-north-europe 23039
Put_Azure_eu-north-europe 21477
Put_Thrift_Server_Storage_eu-north-europe 21638
Put_Azure_eu-north-europe 17921
Put_Thrift_Server_Storage_eu-north-europe 18101
Put_Azure_eu-north-europe 21763
Put_Thrift_Server_Storage_eu-north-europe 22228
Put_Azure_eu-north-europe 22344
Put_Thrift_Server_Storage_eu-north-europe 22528
Put_Azure_eu-north-europe 29723
Put_Thrift_Server_Storage_eu-north-europe 29858
Put_Azure_eu-north-europe 21748
Put_Thrift_Server_Storage_eu-north-europe 21963
Put_Azure_eu-north-europe 41803
Put_Thrift_Server_Storage_eu-north-europe 41982
Put_Azure_eu-north-europe 17312
Put_Thrift_Server_Storage_eu-north-europe 17467
Put_Azure_eu-north-europe 21341
Put_Thrift_Server_Storage_eu-north-europe 21500
Put_Azure_eu-north-europe 18721
Put_Thrift_Server_Storage_eu-north-europe 18846
Put_Azure_eu-north-europe 32549
Put_Thrift_Server_Storage_eu-north-europe 32710
Put_Azure_eu-north-europe 29150
Put_Thrift_Server_Storage_eu-north-europe 29312
Put_Azure_eu-north-europe 33084
Put_Thrift_Server_Storage_eu-north-europe 33253
Put_Azure_eu-north-europe 22194
Put_Thrift_Server_Storage_eu-north-europe 22308
Put_Azure_eu-north-europe 20781
Put_Thrift_Server_Storage_eu-north-europe 20933
Put_Azure_eu-north-europe 17996
Put_Thrift_Server_Storage_eu-north-europe 18132
Put_Azure_eu-north-europe 24840
Put_Thrift_Server_Storage_eu-north-europe 24955
Put_Azure_eu-north-europe 22367
Put_Thrift_Server_Storage_eu-north-europe 22664
Put_Azure_eu-north-europe 19841
Put_Thrift_Server_Storage_eu-north-europe 20006
Put_Azure_eu-north-europe 21580
Put_Thrift_Server_Storage_eu-north-europe 21736
Put_Azure_eu-north-europe 19518
Put_Thrift_Server_Storage_eu-north-europe 19673
Put_Azure_eu-north-europe 21501
Put_Thrift_Server_Storage_eu-north-europe 21636
Put_Azure_eu-north-europe 17965
Put_Thrift_Server_Storage_eu-north-europe 18091
Put_Azure_eu-north-europe 19274
Put_Thrift_Server_Storage_eu-north-europe 19437
Put_Azure_eu-north-europe 21579
Put_Thrift_Server_Storage_eu-north-europe 21723
Put_Azure_eu-north-europe 19624
Put_Thrift_Server_Storage_eu-north-europe 19780
Put_Azure_eu-north-europe 25045
Put_Thrift_Server_Storage_eu-north-europe 25216
Put_Azure_eu-north-europe 19068
Put_Thrift_Server_Storage_eu-north-europe 19216
Put_Azure_eu-north-europe 21334
Put_Thrift_Server_Storage_eu-north-europe 21495
Put_Azure_eu-north-europe 18148
Put_Thrift_Server_Storage_eu-north-europe 18342
Put_Azure_eu-north-europe 18781
Put_Thrift_Server_Storage_eu-north-europe 18949
Put_Azure_eu-north-europe 19509
Put_Thrift_Server_Storage_eu-north-europe 19746
Put_Azure_eu-north-europe 20388
Put_Thrift_Server_Storage_eu-north-europe 20587
Put_Azure_eu-north-europe 22163
Put_Thrift_Server_Storage_eu-north-europe 22397
Put_Azure_eu-north-europe 23708
Put_Thrift_Server_Storage_eu-north-europe 23853
Put_Azure_eu-north-europe 23382
Put_Thrift_Server_Storage_eu-north-europe 23534
Put_Azure_eu-north-europe 19863
Put_Thrift_Server_Storage_eu-north-europe 20002
Put_Azure_eu-north-europe 19054
Put_Thrift_Server_Storage_eu-north-europe 19220
Put_Azure_eu-north-europe 22000
Put_Thrift_Server_Storage_eu-north-europe 22360
Put_Azure_eu-north-europe 19828
Put_Thrift_Server_Storage_eu-north-europe 20023
Put_Azure_eu-north-europe 25100
Put_Thrift_Server_Storage_eu-north-europe 25252
Put_Azure_eu-north-europe 23739
Put_Thrift_Server_Storage_eu-north-europe 23868
Put_Azure_eu-north-europe 20942
Put_Thrift_Server_Storage_eu-north-europe 21065
Put_Azure_eu-north-europe 19202
Put_Thrift_Server_Storage_eu-north-europe 19361
Put_Azure_eu-north-europe 20908
Put_Thrift_Server_Storage_eu-north-europe 21092
Put_Azure_eu-north-europe 22916
Put_Thrift_Server_Storage_eu-north-europe 23049
Put_Azure_eu-north-europe 26815
Put_Thrift_Server_Storage_eu-north-europe 26974
Put_Azure_eu-north-europe 31750
Put_Thrift_Server_Storage_eu-north-europe 31959
Put_Azure_eu-north-europe 21012
Put_Thrift_Server_Storage_eu-north-europe 21186
Put_Azure_eu-north-europe 23596
Put_Thrift_Server_Storage_eu-north-europe 23706
Put_Azure_eu-north-europe 23449
Put_Thrift_Server_Storage_eu-north-europe 23622
Put_Azure_eu-north-europe 19973
Put_Thrift_Server_Storage_eu-north-europe 20170
Put_Azure_eu-north-europe 17842
Put_Thrift_Server_Storage_eu-north-europe 17995
Put_Azure_eu-north-europe 18946
Put_Thrift_Server_Storage_eu-north-europe 19115
Put_Azure_eu-north-europe 19489
Put_Thrift_Server_Storage_eu-north-europe 19646
Put_Azure_eu-north-europe 19955
Put_Thrift_Server_Storage_eu-north-europe 20129
Put_Azure_eu-north-europe 20960
Put_Thrift_Server_Storage_eu-north-europe 21099
Put_Azure_eu-north-europe 21442
Put_Thrift_Server_Storage_eu-north-europe 21610
Put_Azure_eu-north-europe 23368
Put_Thrift_Server_Storage_eu-north-europe 23589
Put_Azure_eu-north-europe 19632
Put_Thrift_Server_Storage_eu-north-europe 19754
Put_Azure_eu-north-europe 17500
Put_Thrift_Server_Storage_eu-north-europe 17682
Put_Azure_eu-north-europe 19807
Put_Thrift_Server_Storage_eu-north-europe 19916
Put_Azure_eu-north-europe 22451
Put_Thrift_Server_Storage_eu-north-europe 22588
Put_Azure_eu-north-europe 32969
Put_Thrift_Server_Storage_eu-north-europe 33062
Put_Azure_eu-north-europe 19562
Put_Thrift_Server_Storage_eu-north-europe 19714
Put_Azure_eu-north-europe 24751
Put_Thrift_Server_Storage_eu-north-europe 24900
Put_Azure_eu-north-europe 18032
Put_Thrift_Server_Storage_eu-north-europe 18226
Put_Azure_eu-north-europe 17552
Put_Thrift_Server_Storage_eu-north-europe 17682
Put_Azure_eu-north-europe 22164
Put_Thrift_Server_Storage_eu-north-europe 22313
Put_Azure_eu-north-europe 19406
Put_Thrift_Server_Storage_eu-north-europe 19551
Put_Azure_eu-north-europe 22904
Put_Thrift_Server_Storage_eu-north-europe 23100
Put_Azure_eu-north-europe 19836
Put_Thrift_Server_Storage_eu-north-europe 19993
Put_Azure_eu-north-europe 20199
Put_Thrift_Server_Storage_eu-north-europe 20301
Put_Azure_eu-north-europe 21129
Put_Thrift_Server_Storage_eu-north-europe 21267
Put_Azure_eu-north-europe 21696
Put_Thrift_Server_Storage_eu-north-europe 22126
Put_Azure_eu-north-europe 18221
Put_Thrift_Server_Storage_eu-north-europe 18422
Put_Azure_eu-north-europe 23064
Put_Thrift_Server_Storage_eu-north-europe 23231
Put_Azure_eu-north-europe 46003
Put_Thrift_Server_Storage_eu-north-europe 46131
Put_Azure_eu-north-europe 57390
Put_Thrift_Server_Storage_eu-north-europe 57573
Put_Azure_eu-north-europe 18076
Put_Thrift_Server_Storage_eu-north-europe 18228
Put_Azure_eu-north-europe 19058
Put_Thrift_Server_Storage_eu-north-europe 19208
Put_Azure_eu-north-europe 23688
Put_Thrift_Server_Storage_eu-north-europe 23871
Put_Azure_eu-north-europe 23560
Put_Thrift_Server_Storage_eu-north-europe 23706
Put_Azure_eu-north-europe 21003
Put_Thrift_Server_Storage_eu-north-europe 21172
Put_Azure_eu-north-europe 21634
Put_Thrift_Server_Storage_eu-north-europe 21812
Put_Azure_eu-north-europe 21741
Put_Thrift_Server_Storage_eu-north-europe 21877
Put_Azure_eu-north-europe 18964
Put_Thrift_Server_Storage_eu-north-europe 19089
Put_Azure_eu-north-europe 32266
Put_Thrift_Server_Storage_eu-north-europe 32406
Put_Azure_eu-north-europe 19025
Put_Thrift_Server_Storage_eu-north-europe 19171
Put_Azure_eu-north-europe 18781
Put_Thrift_Server_Storage_eu-north-europe 18944
Put_Azure_eu-north-europe 19394
Put_Thrift_Server_Storage_eu-north-europe 19524
Put_Azure_eu-north-europe 29514
Put_Thrift_Server_Storage_eu-north-europe 29640
Put_Azure_eu-north-europe 20289
Put_Thrift_Server_Storage_eu-north-europe 20570
Put_Azure_eu-north-europe 29550
Put_Thrift_Server_Storage_eu-north-europe 29716
Put_Azure_eu-north-europe 19479
Put_Thrift_Server_Storage_eu-north-europe 19727
Put_Azure_eu-north-europe 17142
Put_Thrift_Server_Storage_eu-north-europe 17273
Put_Azure_eu-north-europe 17923
Put_Thrift_Server_Storage_eu-north-europe 18089
Put_Azure_eu-north-europe 21078
Put_Thrift_Server_Storage_eu-north-europe 21269
Put_Azure_eu-north-europe 19579
Put_Thrift_Server_Storage_eu-north-europe 19737
Put_Azure_eu-north-europe 20865
Put_Thrift_Server_Storage_eu-north-europe 21045
Put_Azure_eu-north-europe 33152
Put_Thrift_Server_Storage_eu-north-europe 33320
Put_Azure_eu-north-europe 37009
Put_Thrift_Server_Storage_eu-north-europe 37173
Put_Azure_eu-north-europe 17716
Put_Thrift_Server_Storage_eu-north-europe 17898
Put_Azure_eu-north-europe 22941
Put_Thrift_Server_Storage_eu-north-europe 23089
Put_Azure_eu-north-europe 18701
Put_Thrift_Server_Storage_eu-north-europe 18855
Put_Azure_eu-north-europe 17214
Put_Thrift_Server_Storage_eu-north-europe 17335
Put_Azure_eu-north-europe 19406
Put_Thrift_Server_Storage_eu-north-europe 19554
Put_Azure_eu-north-europe 19583
Put_Thrift_Server_Storage_eu-north-europe 19766
Put_Azure_eu-north-europe 20156
Put_Thrift_Server_Storage_eu-north-europe 20299
Put_Azure_eu-north-europe 20044
Put_Thrift_Server_Storage_eu-north-europe 20166
Put_Azure_eu-north-europe 18111
Put_Thrift_Server_Storage_eu-north-europe 18256
Put_Azure_eu-north-europe 19694
Put_Thrift_Server_Storage_eu-north-europe 19849
Put_Azure_eu-north-europe 19569
Put_Thrift_Server_Storage_eu-north-europe 19711
Put_Azure_eu-north-europe 21893
Put_Thrift_Server_Storage_eu-north-europe 22004
Put_Azure_eu-north-europe 32968
Put_Thrift_Server_Storage_eu-north-europe 33133
Put_Azure_eu-north-europe 23097
Put_Thrift_Server_Storage_eu-north-europe 23236
Put_Azure_eu-north-europe 21095
Put_Thrift_Server_Storage_eu-north-europe 21267
Put_Azure_eu-north-europe 19074
Put_Thrift_Server_Storage_eu-north-europe 19207
Put_Azure_eu-north-europe 22818
Put_Thrift_Server_Storage_eu-north-europe 22956
Put_Azure_eu-north-europe 23993
Put_Thrift_Server_Storage_eu-north-europe 24172
Put_Azure_eu-north-europe 52867
Put_Thrift_Server_Storage_eu-north-europe 52959
Put_Azure_eu-north-europe 26429
Put_Thrift_Server_Storage_eu-north-europe 26523
Put_Azure_eu-north-europe 22067
Put_Thrift_Server_Storage_eu-north-europe 22203
Put_Azure_eu-north-europe 19526
Put_Thrift_Server_Storage_eu-north-europe 19741
Put_Azure_eu-north-europe 19658
Put_Thrift_Server_Storage_eu-north-europe 19805
Put_Azure_eu-north-europe 18766
Put_Thrift_Server_Storage_eu-north-europe 18914
Put_Azure_eu-north-europe 21737
Put_Thrift_Server_Storage_eu-north-europe 21841
Put_Azure_eu-north-europe 18781
Put_Thrift_Server_Storage_eu-north-europe 18917
Put_Azure_eu-north-europe 21119
Put_Thrift_Server_Storage_eu-north-europe 21285
Put_Azure_eu-north-europe 17645
Put_Thrift_Server_Storage_eu-north-europe 17785
Put_Azure_eu-north-europe 18521
Put_Thrift_Server_Storage_eu-north-europe 18673
Put_Azure_eu-north-europe 23002
Put_Thrift_Server_Storage_eu-north-europe 23126
Put_Azure_eu-north-europe 19060
Put_Thrift_Server_Storage_eu-north-europe 19226
Put_Azure_eu-north-europe 17284
Put_Thrift_Server_Storage_eu-north-europe 17448
Put_Azure_eu-north-europe 20189
Put_Thrift_Server_Storage_eu-north-europe 20316
Put_Azure_eu-north-europe 17533
Put_Thrift_Server_Storage_eu-north-europe 17647
Put_Azure_eu-north-europe 20921
Put_Thrift_Server_Storage_eu-north-europe 21036
Put_Azure_eu-north-europe 22056
Put_Thrift_Server_Storage_eu-north-europe 22191
Put_Azure_eu-north-europe 19151
Put_Thrift_Server_Storage_eu-north-europe 19282
Put_Azure_eu-north-europe 20992
Put_Thrift_Server_Storage_eu-north-europe 21169
Put_Azure_eu-north-europe 22371
Put_Thrift_Server_Storage_eu-north-europe 22521
Put_Azure_eu-north-europe 23042
Put_Thrift_Server_Storage_eu-north-europe 23181
Put_Azure_eu-north-europe 20785
Put_Thrift_Server_Storage_eu-north-europe 20899
Put_Azure_eu-north-europe 23099
Put_Thrift_Server_Storage_eu-north-europe 23261
Put_Azure_eu-north-europe 18912
Put_Thrift_Server_Storage_eu-north-europe 19064
Put_Azure_eu-north-europe 20565
Put_Thrift_Server_Storage_eu-north-europe 20710
Put_Azure_eu-north-europe 20273
Put_Thrift_Server_Storage_eu-north-europe 20468
Put_Azure_eu-north-europe 21692
Put_Thrift_Server_Storage_eu-north-europe 21876
Put_Azure_eu-north-europe 20371
Put_Thrift_Server_Storage_eu-north-europe 20559
Put_Azure_eu-north-europe 18242
Put_Thrift_Server_Storage_eu-north-europe 18369
Put_Azure_eu-north-europe 20869
Put_Thrift_Server_Storage_eu-north-europe 21015
Put_Azure_eu-north-europe 22565
Put_Thrift_Server_Storage_eu-north-europe 22719
Put_Azure_eu-north-europe 21297
Put_Thrift_Server_Storage_eu-north-europe 21476
Put_Azure_eu-north-europe 19539
Put_Thrift_Server_Storage_eu-north-europe 19668
Put_Azure_eu-north-europe 18498
Put_Thrift_Server_Storage_eu-north-europe 18620
Put_Azure_eu-north-europe 19749
Put_Thrift_Server_Storage_eu-north-europe 19908
Put_Azure_eu-north-europe 19087
Put_Thrift_Server_Storage_eu-north-europe 19249
Put_Azure_eu-north-europe 21219
Put_Thrift_Server_Storage_eu-north-europe 21399
Put_Azure_eu-north-europe 34172
Put_Thrift_Server_Storage_eu-north-europe 34300
Put_Azure_eu-north-europe 19639
Put_Thrift_Server_Storage_eu-north-europe 19859
Put_Azure_eu-north-europe 21291
Put_Thrift_Server_Storage_eu-north-europe 21422
Put_Azure_eu-north-europe 18529
Put_Thrift_Server_Storage_eu-north-europe 18685
Put_Azure_eu-north-europe 18597
Put_Thrift_Server_Storage_eu-north-europe 18866
Put_Azure_eu-north-europe 21985
Put_Thrift_Server_Storage_eu-north-europe 22163
Put_Azure_eu-north-europe 19065
Put_Thrift_Server_Storage_eu-north-europe 19501
Put_Azure_eu-north-europe 23892
Put_Thrift_Server_Storage_eu-north-europe 24039
Put_Azure_eu-north-europe 51728
Put_Thrift_Server_Storage_eu-north-europe 51895
Put_Azure_eu-north-europe 19378
Put_Thrift_Server_Storage_eu-north-europe 19537
Put_Azure_eu-north-europe 26993
Put_Thrift_Server_Storage_eu-north-europe 27145
Put_Azure_eu-north-europe 18374
Put_Thrift_Server_Storage_eu-north-europe 18573
Put_Azure_eu-north-europe 22024
Put_Thrift_Server_Storage_eu-north-europe 22185
Put_Azure_eu-north-europe 25043
Put_Thrift_Server_Storage_eu-north-europe 25179
Put_Azure_eu-north-europe 19960
Put_Thrift_Server_Storage_eu-north-europe 20150
Put_Azure_eu-north-europe 21263
Put_Thrift_Server_Storage_eu-north-europe 21457
Put_Azure_eu-north-europe 18543
Put_Thrift_Server_Storage_eu-north-europe 18687
Put_Azure_eu-north-europe 40380
Put_Thrift_Server_Storage_eu-north-europe 40510
Put_Azure_eu-north-europe 18907
Put_Thrift_Server_Storage_eu-north-europe 19031
Put_Azure_eu-north-europe 26534
Put_Thrift_Server_Storage_eu-north-europe 26711
Put_Azure_eu-north-europe 18560
Put_Thrift_Server_Storage_eu-north-europe 18689
Put_Azure_eu-north-europe 19105
Put_Thrift_Server_Storage_eu-north-europe 19258
Put_Azure_eu-north-europe 21798
Put_Thrift_Server_Storage_eu-north-europe 21998
Put_Azure_eu-north-europe 19396
Put_Thrift_Server_Storage_eu-north-europe 19598
Put_Azure_eu-north-europe 17560
Put_Thrift_Server_Storage_eu-north-europe 17915
Put_Azure_eu-north-europe 23103
Put_Thrift_Server_Storage_eu-north-europe 23396
Put_Azure_eu-north-europe 18809
Put_Thrift_Server_Storage_eu-north-europe 18919
Put_Azure_eu-north-europe 19586
Put_Thrift_Server_Storage_eu-north-europe 19688
Put_Azure_eu-north-europe 26343
Put_Thrift_Server_Storage_eu-north-europe 26471
Put_Azure_eu-north-europe 56469
Put_Thrift_Server_Storage_eu-north-europe 56632
Put_Azure_eu-north-europe 23800
Put_Thrift_Server_Storage_eu-north-europe 23965
Put_Azure_eu-north-europe 38460
Put_Thrift_Server_Storage_eu-north-europe 38620
Put_Azure_eu-north-europe 18178
Put_Thrift_Server_Storage_eu-north-europe 18324
Put_Azure_eu-north-europe 26496
Put_Thrift_Server_Storage_eu-north-europe 26624
Put_Azure_eu-north-europe 65311
Put_Thrift_Server_Storage_eu-north-europe 65436
Put_Azure_eu-north-europe 19020
Put_Thrift_Server_Storage_eu-north-europe 19168
Put_Azure_eu-north-europe 20068
Put_Thrift_Server_Storage_eu-north-europe 20176
Put_Azure_eu-north-europe 21138
Put_Thrift_Server_Storage_eu-north-europe 21301
Put_Azure_eu-north-europe 24158
Put_Thrift_Server_Storage_eu-north-europe 24295
Put_Azure_eu-north-europe 20917
Put_Thrift_Server_Storage_eu-north-europe 21105
Put_Azure_eu-north-europe 20230
Put_Thrift_Server_Storage_eu-north-europe 20370
Put_Azure_eu-north-europe 21070
Put_Thrift_Server_Storage_eu-north-europe 21222
Put_Azure_eu-north-europe 21585
Put_Thrift_Server_Storage_eu-north-europe 21759
Put_Azure_eu-north-europe 20669
Put_Thrift_Server_Storage_eu-north-europe 20835
Put_Azure_eu-north-europe 18281
Put_Thrift_Server_Storage_eu-north-europe 18449
Put_Azure_eu-north-europe 24288
Put_Thrift_Server_Storage_eu-north-europe 24451
Put_Azure_eu-north-europe 21436
Put_Thrift_Server_Storage_eu-north-europe 21621
Put_Azure_eu-north-europe 63301
Put_Thrift_Server_Storage_eu-north-europe 63448
Put_Azure_eu-north-europe 18624
Put_Thrift_Server_Storage_eu-north-europe 18754
Put_Azure_eu-north-europe 28785
Put_Thrift_Server_Storage_eu-north-europe 28922
Put_Azure_eu-north-europe 63054
Put_Thrift_Server_Storage_eu-north-europe 63190
Put_Azure_eu-north-europe 17733
Put_Thrift_Server_Storage_eu-north-europe 17844
Put_Azure_eu-north-europe 20927
Put_Thrift_Server_Storage_eu-north-europe 21046
Put_Azure_eu-north-europe 18046
Put_Thrift_Server_Storage_eu-north-europe 18162
Put_Azure_eu-north-europe 21394
Put_Thrift_Server_Storage_eu-north-europe 21536
Put_Azure_eu-north-europe 17304
Put_Thrift_Server_Storage_eu-north-europe 17437
Put_Azure_eu-north-europe 18318
Put_Thrift_Server_Storage_eu-north-europe 18443
Put_Azure_eu-north-europe 18277
Put_Thrift_Server_Storage_eu-north-europe 18409
