Get_Azure_eu-north-europe 99987
Get_Thrift_Server_Storage_eu-north-europe 100138
Get_Azure_eu-north-europe 87436
Get_Thrift_Server_Storage_eu-north-europe 87510
Get_Azure_eu-north-europe 188193
Get_Thrift_Server_Storage_eu-north-europe 188230
Get_Azure_eu-north-europe 49781
Get_Thrift_Server_Storage_eu-north-europe 49827
Get_Azure_eu-north-europe 57463
Get_Thrift_Server_Storage_eu-north-europe 57488
Get_Azure_eu-north-europe 105745
Get_Thrift_Server_Storage_eu-north-europe 105778
Get_Azure_eu-north-europe 45143
Get_Thrift_Server_Storage_eu-north-europe 45172
Get_Azure_eu-north-europe 41414
Get_Thrift_Server_Storage_eu-north-europe 41448
Get_Azure_eu-north-europe 142328
Get_Thrift_Server_Storage_eu-north-europe 142352
Get_Azure_eu-north-europe 38900
Get_Thrift_Server_Storage_eu-north-europe 38931
Get_Azure_eu-north-europe 26429
Get_Thrift_Server_Storage_eu-north-europe 26455
Get_Azure_eu-north-europe 51177
Get_Thrift_Server_Storage_eu-north-europe 51222
Get_Azure_eu-north-europe 28467
Get_Thrift_Server_Storage_eu-north-europe 28502
Get_Azure_eu-north-europe 52048
Get_Thrift_Server_Storage_eu-north-europe 52080
Get_Azure_eu-north-europe 37467
Get_Thrift_Server_Storage_eu-north-europe 37497
Get_Azure_eu-north-europe 73532
Get_Thrift_Server_Storage_eu-north-europe 73604
Get_Azure_eu-north-europe 60352
Get_Thrift_Server_Storage_eu-north-europe 60379
Get_Azure_eu-north-europe 42014
Get_Thrift_Server_Storage_eu-north-europe 42087
Get_Azure_eu-north-europe 26926
Get_Thrift_Server_Storage_eu-north-europe 26962
Get_Azure_eu-north-europe 28159
Get_Thrift_Server_Storage_eu-north-europe 28195
Get_Azure_eu-north-europe 34807
Get_Thrift_Server_Storage_eu-north-europe 34858
Get_Azure_eu-north-europe 111540
Get_Thrift_Server_Storage_eu-north-europe 111584
Get_Azure_eu-north-europe 65478
Get_Thrift_Server_Storage_eu-north-europe 65501
Get_Azure_eu-north-europe 41321
Get_Thrift_Server_Storage_eu-north-europe 41346
Get_Azure_eu-north-europe 41298
Get_Thrift_Server_Storage_eu-north-europe 41323
Get_Azure_eu-north-europe 132339
Get_Thrift_Server_Storage_eu-north-europe 132368
Get_Azure_eu-north-europe 69745
Get_Thrift_Server_Storage_eu-north-europe 69800
Get_Azure_eu-north-europe 69645
Get_Thrift_Server_Storage_eu-north-europe 69694
Get_Azure_eu-north-europe 43585
Get_Thrift_Server_Storage_eu-north-europe 43630
Get_Azure_eu-north-europe 28326
Get_Thrift_Server_Storage_eu-north-europe 28362
Get_Azure_eu-north-europe 32268
Get_Thrift_Server_Storage_eu-north-europe 32307
Get_Azure_eu-north-europe 33247
Get_Thrift_Server_Storage_eu-north-europe 33302
Get_Azure_eu-north-europe 61670
Get_Thrift_Server_Storage_eu-north-europe 61709
Get_Azure_eu-north-europe 54043
Get_Thrift_Server_Storage_eu-north-europe 54082
Get_Azure_eu-north-europe 36755
Get_Thrift_Server_Storage_eu-north-europe 36785
Get_Azure_eu-north-europe 27467
Get_Thrift_Server_Storage_eu-north-europe 27497
Get_Azure_eu-north-europe 41836
Get_Thrift_Server_Storage_eu-north-europe 41885
Get_Azure_eu-north-europe 47627
Get_Thrift_Server_Storage_eu-north-europe 47652
Get_Azure_eu-north-europe 46288
Get_Thrift_Server_Storage_eu-north-europe 46319
Get_Azure_eu-north-europe 34511
Get_Thrift_Server_Storage_eu-north-europe 34592
Get_Azure_eu-north-europe 57298
Get_Thrift_Server_Storage_eu-north-europe 57344
Get_Azure_eu-north-europe 23813
Get_Thrift_Server_Storage_eu-north-europe 23843
Get_Azure_eu-north-europe 23655
Get_Thrift_Server_Storage_eu-north-europe 23687
Get_Azure_eu-north-europe 33474
Get_Thrift_Server_Storage_eu-north-europe 33508
Get_Azure_eu-north-europe 21506
Get_Thrift_Server_Storage_eu-north-europe 21530
Get_Azure_eu-north-europe 24492
Get_Thrift_Server_Storage_eu-north-europe 24532
Get_Azure_eu-north-europe 48916
Get_Thrift_Server_Storage_eu-north-europe 48957
Get_Azure_eu-north-europe 24123
Get_Thrift_Server_Storage_eu-north-europe 24177
Get_Azure_eu-north-europe 36192
Get_Thrift_Server_Storage_eu-north-europe 36242
Get_Azure_eu-north-europe 42166
Get_Thrift_Server_Storage_eu-north-europe 42193
Get_Azure_eu-north-europe 40819
Get_Thrift_Server_Storage_eu-north-europe 40856
Get_Azure_eu-north-europe 38549
Get_Thrift_Server_Storage_eu-north-europe 38593
Get_Azure_eu-north-europe 42660
Get_Thrift_Server_Storage_eu-north-europe 42696
Get_Azure_eu-north-europe 40054
Get_Thrift_Server_Storage_eu-north-europe 40101
Get_Azure_eu-north-europe 31624
Get_Thrift_Server_Storage_eu-north-europe 31660
Get_Azure_eu-north-europe 22784
Get_Thrift_Server_Storage_eu-north-europe 22808
Get_Azure_eu-north-europe 28203
Get_Thrift_Server_Storage_eu-north-europe 28241
Get_Azure_eu-north-europe 22877
Get_Thrift_Server_Storage_eu-north-europe 22901
Get_Azure_eu-north-europe 67890
Get_Thrift_Server_Storage_eu-north-europe 67922
Get_Azure_eu-north-europe 43331
Get_Thrift_Server_Storage_eu-north-europe 43361
Get_Azure_eu-north-europe 46484
Get_Thrift_Server_Storage_eu-north-europe 46522
Get_Azure_eu-north-europe 37186
Get_Thrift_Server_Storage_eu-north-europe 37225
Get_Azure_eu-north-europe 45794
Get_Thrift_Server_Storage_eu-north-europe 45812
Get_Azure_eu-north-europe 23735
Get_Thrift_Server_Storage_eu-north-europe 23753
Get_Azure_eu-north-europe 38301
Get_Thrift_Server_Storage_eu-north-europe 38320
Get_Azure_eu-north-europe 62291
Get_Thrift_Server_Storage_eu-north-europe 62334
Get_Azure_eu-north-europe 63463
Get_Thrift_Server_Storage_eu-north-europe 63502
Get_Azure_eu-north-europe 48658
Get_Thrift_Server_Storage_eu-north-europe 48710
Get_Azure_eu-north-europe 35650
Get_Thrift_Server_Storage_eu-north-europe 35713
Get_Azure_eu-north-europe 32573
Get_Thrift_Server_Storage_eu-north-europe 32596
Get_Azure_eu-north-europe 91647
Get_Thrift_Server_Storage_eu-north-europe 91672
Get_Azure_eu-north-europe 23773
Get_Thrift_Server_Storage_eu-north-europe 23815
Get_Azure_eu-north-europe 42404
Get_Thrift_Server_Storage_eu-north-europe 42431
Get_Azure_eu-north-europe 37915
Get_Thrift_Server_Storage_eu-north-europe 37947
Get_Azure_eu-north-europe 23723
Get_Thrift_Server_Storage_eu-north-europe 23747
Get_Azure_eu-north-europe 35512
Get_Thrift_Server_Storage_eu-north-europe 35537
Get_Azure_eu-north-europe 53710
Get_Thrift_Server_Storage_eu-north-europe 53751
Get_Azure_eu-north-europe 30989
Get_Thrift_Server_Storage_eu-north-europe 31026
Get_Azure_eu-north-europe 40281
Get_Thrift_Server_Storage_eu-north-europe 40340
Get_Azure_eu-north-europe 40572
Get_Thrift_Server_Storage_eu-north-europe 40593
Get_Azure_eu-north-europe 143789
Get_Thrift_Server_Storage_eu-north-europe 143814
Get_Azure_eu-north-europe 36555
Get_Thrift_Server_Storage_eu-north-europe 36620
Get_Azure_eu-north-europe 29017
Get_Thrift_Server_Storage_eu-north-europe 29046
Get_Azure_eu-north-europe 55822
Get_Thrift_Server_Storage_eu-north-europe 55844
Get_Azure_eu-north-europe 99619
Get_Thrift_Server_Storage_eu-north-europe 99660
Get_Azure_eu-north-europe 32347
Get_Thrift_Server_Storage_eu-north-europe 32376
Get_Azure_eu-north-europe 33845
Get_Thrift_Server_Storage_eu-north-europe 33876
Get_Azure_eu-north-europe 35086
Get_Thrift_Server_Storage_eu-north-europe 35122
Get_Azure_eu-north-europe 40276
Get_Thrift_Server_Storage_eu-north-europe 40316
Get_Azure_eu-north-europe 40893
Get_Thrift_Server_Storage_eu-north-europe 40951
Get_Azure_eu-north-europe 66143
Get_Thrift_Server_Storage_eu-north-europe 66174
Get_Azure_eu-north-europe 22007
Get_Thrift_Server_Storage_eu-north-europe 22075
Get_Azure_eu-north-europe 37821
Get_Thrift_Server_Storage_eu-north-europe 37877
Get_Azure_eu-north-europe 22830
Get_Thrift_Server_Storage_eu-north-europe 22870
Get_Azure_eu-north-europe 23134
Get_Thrift_Server_Storage_eu-north-europe 23165
Get_Azure_eu-north-europe 26530
Get_Thrift_Server_Storage_eu-north-europe 26556
Get_Azure_eu-north-europe 75302
Get_Thrift_Server_Storage_eu-north-europe 75346
Get_Azure_eu-north-europe 38187
Get_Thrift_Server_Storage_eu-north-europe 38221
Get_Azure_eu-north-europe 39612
Get_Thrift_Server_Storage_eu-north-europe 39636
Get_Azure_eu-north-europe 37507
Get_Thrift_Server_Storage_eu-north-europe 37547
Get_Azure_eu-north-europe 52936
Get_Thrift_Server_Storage_eu-north-europe 52971
Get_Azure_eu-north-europe 61211
Get_Thrift_Server_Storage_eu-north-europe 61234
Get_Azure_eu-north-europe 54263
Get_Thrift_Server_Storage_eu-north-europe 54332
Get_Azure_eu-north-europe 45975
Get_Thrift_Server_Storage_eu-north-europe 46000
Get_Azure_eu-north-europe 41180
Get_Thrift_Server_Storage_eu-north-europe 41204
Get_Azure_eu-north-europe 25959
Get_Thrift_Server_Storage_eu-north-europe 26000
Get_Azure_eu-north-europe 28292
Get_Thrift_Server_Storage_eu-north-europe 28317
Get_Azure_eu-north-europe 55401
Get_Thrift_Server_Storage_eu-north-europe 55432
Get_Azure_eu-north-europe 49484
Get_Thrift_Server_Storage_eu-north-europe 49529
Get_Azure_eu-north-europe 33103
Get_Thrift_Server_Storage_eu-north-europe 33140
Get_Azure_eu-north-europe 92888
Get_Thrift_Server_Storage_eu-north-europe 92909
Get_Azure_eu-north-europe 66136
Get_Thrift_Server_Storage_eu-north-europe 66174
Get_Azure_eu-north-europe 39176
Get_Thrift_Server_Storage_eu-north-europe 39220
Get_Azure_eu-north-europe 59394
Get_Thrift_Server_Storage_eu-north-europe 59414
Get_Azure_eu-north-europe 36208
Get_Thrift_Server_Storage_eu-north-europe 36258
Get_Azure_eu-north-europe 26086
Get_Thrift_Server_Storage_eu-north-europe 26137
Get_Azure_eu-north-europe 31941
Get_Thrift_Server_Storage_eu-north-europe 31962
Get_Azure_eu-north-europe 28763
Get_Thrift_Server_Storage_eu-north-europe 28789
Get_Azure_eu-north-europe 29400
Get_Thrift_Server_Storage_eu-north-europe 29445
Get_Azure_eu-north-europe 75280
Get_Thrift_Server_Storage_eu-north-europe 75321
Get_Azure_eu-north-europe 64346
Get_Thrift_Server_Storage_eu-north-europe 64379
Get_Azure_eu-north-europe 26286
Get_Thrift_Server_Storage_eu-north-europe 26322
Get_Azure_eu-north-europe 29363
Get_Thrift_Server_Storage_eu-north-europe 29400
Get_Azure_eu-north-europe 49709
Get_Thrift_Server_Storage_eu-north-europe 49729
Get_Azure_eu-north-europe 49174
Get_Thrift_Server_Storage_eu-north-europe 49205
Get_Azure_eu-north-europe 45966
Get_Thrift_Server_Storage_eu-north-europe 45987
Get_Azure_eu-north-europe 34111
Get_Thrift_Server_Storage_eu-north-europe 34138
Get_Azure_eu-north-europe 38078
Get_Thrift_Server_Storage_eu-north-europe 38111
Get_Azure_eu-north-europe 42542
Get_Thrift_Server_Storage_eu-north-europe 42585
Get_Azure_eu-north-europe 33429
Get_Thrift_Server_Storage_eu-north-europe 33465
Get_Azure_eu-north-europe 44391
Get_Thrift_Server_Storage_eu-north-europe 44421
Get_Azure_eu-north-europe 45018
Get_Thrift_Server_Storage_eu-north-europe 45050
Get_Azure_eu-north-europe 26231
Get_Thrift_Server_Storage_eu-north-europe 26273
Get_Azure_eu-north-europe 28581
Get_Thrift_Server_Storage_eu-north-europe 28604
Get_Azure_eu-north-europe 40233
Get_Thrift_Server_Storage_eu-north-europe 40260
Get_Azure_eu-north-europe 30719
Get_Thrift_Server_Storage_eu-north-europe 30743
Get_Azure_eu-north-europe 26094
Get_Thrift_Server_Storage_eu-north-europe 26156
Get_Azure_eu-north-europe 42719
Get_Thrift_Server_Storage_eu-north-europe 42741
Get_Azure_eu-north-europe 24535
Get_Thrift_Server_Storage_eu-north-europe 24587
Get_Azure_eu-north-europe 34150
Get_Thrift_Server_Storage_eu-north-europe 34173
Get_Azure_eu-north-europe 102288
Get_Thrift_Server_Storage_eu-north-europe 102333
Get_Azure_eu-north-europe 38849
Get_Thrift_Server_Storage_eu-north-europe 38882
Get_Azure_eu-north-europe 162393
Get_Thrift_Server_Storage_eu-north-europe 162429
Get_Azure_eu-north-europe 27167
Get_Thrift_Server_Storage_eu-north-europe 27211
Get_Azure_eu-north-europe 32499
Get_Thrift_Server_Storage_eu-north-europe 32544
Get_Azure_eu-north-europe 47309
Get_Thrift_Server_Storage_eu-north-europe 47344
Get_Azure_eu-north-europe 33081
Get_Thrift_Server_Storage_eu-north-europe 33108
Get_Azure_eu-north-europe 40948
Get_Thrift_Server_Storage_eu-north-europe 40978
Get_Azure_eu-north-europe 29697
Get_Thrift_Server_Storage_eu-north-europe 29739
Get_Azure_eu-north-europe 43831
Get_Thrift_Server_Storage_eu-north-europe 43861
Get_Azure_eu-north-europe 27147
Get_Thrift_Server_Storage_eu-north-europe 27188
Get_Azure_eu-north-europe 49006
Get_Thrift_Server_Storage_eu-north-europe 49041
Get_Azure_eu-north-europe 57298
Get_Thrift_Server_Storage_eu-north-europe 57320
Get_Azure_eu-north-europe 40529
Get_Thrift_Server_Storage_eu-north-europe 40592
Get_Azure_eu-north-europe 21780
Get_Thrift_Server_Storage_eu-north-europe 21811
Get_Azure_eu-north-europe 39871
Get_Thrift_Server_Storage_eu-north-europe 39896
Get_Azure_eu-north-europe 25822
Get_Thrift_Server_Storage_eu-north-europe 25857
Get_Azure_eu-north-europe 52521
Get_Thrift_Server_Storage_eu-north-europe 52576
Get_Azure_eu-north-europe 49488
Get_Thrift_Server_Storage_eu-north-europe 49551
Get_Azure_eu-north-europe 56875
Get_Thrift_Server_Storage_eu-north-europe 56899
Get_Azure_eu-north-europe 63326
Get_Thrift_Server_Storage_eu-north-europe 63377
Get_Azure_eu-north-europe 26554
Get_Thrift_Server_Storage_eu-north-europe 26581
Get_Azure_eu-north-europe 77490
Get_Thrift_Server_Storage_eu-north-europe 77539
Get_Azure_eu-north-europe 36476
Get_Thrift_Server_Storage_eu-north-europe 36517
Get_Azure_eu-north-europe 45230
Get_Thrift_Server_Storage_eu-north-europe 45267
Get_Azure_eu-north-europe 45093
Get_Thrift_Server_Storage_eu-north-europe 45122
Get_Azure_eu-north-europe 89900
Get_Thrift_Server_Storage_eu-north-europe 89942
Get_Azure_eu-north-europe 38712
Get_Thrift_Server_Storage_eu-north-europe 38758
Get_Azure_eu-north-europe 33723
Get_Thrift_Server_Storage_eu-north-europe 33761
Get_Azure_eu-north-europe 38119
Get_Thrift_Server_Storage_eu-north-europe 38161
Get_Azure_eu-north-europe 31080
Get_Thrift_Server_Storage_eu-north-europe 31104
Get_Azure_eu-north-europe 21738
Get_Thrift_Server_Storage_eu-north-europe 21770
Get_Azure_eu-north-europe 21687
Get_Thrift_Server_Storage_eu-north-europe 21743
Get_Azure_eu-north-europe 22147
Get_Thrift_Server_Storage_eu-north-europe 22174
Get_Azure_eu-north-europe 63654
Get_Thrift_Server_Storage_eu-north-europe 63687
Get_Azure_eu-north-europe 64291
Get_Thrift_Server_Storage_eu-north-europe 64324
Get_Azure_eu-north-europe 52436
Get_Thrift_Server_Storage_eu-north-europe 52462
Get_Azure_eu-north-europe 38322
Get_Thrift_Server_Storage_eu-north-europe 38340
Get_Azure_eu-north-europe 55317
Get_Thrift_Server_Storage_eu-north-europe 55339
Get_Azure_eu-north-europe 41396
Get_Thrift_Server_Storage_eu-north-europe 41434
Get_Azure_eu-north-europe 23083
Get_Thrift_Server_Storage_eu-north-europe 23127
Get_Azure_eu-north-europe 28560
Get_Thrift_Server_Storage_eu-north-europe 28586
Get_Azure_eu-north-europe 38770
Get_Thrift_Server_Storage_eu-north-europe 38793
Get_Azure_eu-north-europe 32399
Get_Thrift_Server_Storage_eu-north-europe 32457
Get_Azure_eu-north-europe 22939
Get_Thrift_Server_Storage_eu-north-europe 22964
Get_Azure_eu-north-europe 59691
Get_Thrift_Server_Storage_eu-north-europe 59735
Get_Azure_eu-north-europe 21975
Get_Thrift_Server_Storage_eu-north-europe 22012
Get_Azure_eu-north-europe 31785
Get_Thrift_Server_Storage_eu-north-europe 31807
Get_Azure_eu-north-europe 30938
Get_Thrift_Server_Storage_eu-north-europe 30973
Get_Azure_eu-north-europe 23143
Get_Thrift_Server_Storage_eu-north-europe 23178
Get_Azure_eu-north-europe 23369
Get_Thrift_Server_Storage_eu-north-europe 23406
Get_Azure_eu-north-europe 34098
Get_Thrift_Server_Storage_eu-north-europe 34137
Get_Azure_eu-north-europe 35939
Get_Thrift_Server_Storage_eu-north-europe 36010
Get_Azure_eu-north-europe 41211
Get_Thrift_Server_Storage_eu-north-europe 41240
Get_Azure_eu-north-europe 24759
Get_Thrift_Server_Storage_eu-north-europe 24801
Get_Azure_eu-north-europe 34299
Get_Thrift_Server_Storage_eu-north-europe 34326
Get_Azure_eu-north-europe 23272
Get_Thrift_Server_Storage_eu-north-europe 23298
Get_Azure_eu-north-europe 53947
Get_Thrift_Server_Storage_eu-north-europe 53973
Get_Azure_eu-north-europe 36947
Get_Thrift_Server_Storage_eu-north-europe 36969
Get_Azure_eu-north-europe 34141
Get_Thrift_Server_Storage_eu-north-europe 34174
Get_Azure_eu-north-europe 40733
Get_Thrift_Server_Storage_eu-north-europe 40754
Get_Azure_eu-north-europe 22952
Get_Thrift_Server_Storage_eu-north-europe 22997
Get_Azure_eu-north-europe 38664
Get_Thrift_Server_Storage_eu-north-europe 38715
Get_Azure_eu-north-europe 22654
Get_Thrift_Server_Storage_eu-north-europe 22712
Get_Azure_eu-north-europe 51018
Get_Thrift_Server_Storage_eu-north-europe 51043
Get_Azure_eu-north-europe 42713
Get_Thrift_Server_Storage_eu-north-europe 42767
Get_Azure_eu-north-europe 30123
Get_Thrift_Server_Storage_eu-north-europe 30147
Get_Azure_eu-north-europe 44518
Get_Thrift_Server_Storage_eu-north-europe 44567
Get_Azure_eu-north-europe 29095
Get_Thrift_Server_Storage_eu-north-europe 29138
Get_Azure_eu-north-europe 55594
Get_Thrift_Server_Storage_eu-north-europe 55611
Get_Azure_eu-north-europe 71435
Get_Thrift_Server_Storage_eu-north-europe 71490
Get_Azure_eu-north-europe 24000
Get_Thrift_Server_Storage_eu-north-europe 24026
Get_Azure_eu-north-europe 37353
Get_Thrift_Server_Storage_eu-north-europe 37388
Get_Azure_eu-north-europe 63926
Get_Thrift_Server_Storage_eu-north-europe 63947
Get_Azure_eu-north-europe 23989
Get_Thrift_Server_Storage_eu-north-europe 24024
Get_Azure_eu-north-europe 23388
Get_Thrift_Server_Storage_eu-north-europe 23443
Get_Azure_eu-north-europe 23339
Get_Thrift_Server_Storage_eu-north-europe 23391
Get_Azure_eu-north-europe 55511
Get_Thrift_Server_Storage_eu-north-europe 55870
Get_Azure_eu-north-europe 60605
Get_Thrift_Server_Storage_eu-north-europe 60641
Get_Azure_eu-north-europe 40395
Get_Thrift_Server_Storage_eu-north-europe 40429
Get_Azure_eu-north-europe 24458
Get_Thrift_Server_Storage_eu-north-europe 24484
Get_Azure_eu-north-europe 23559
Get_Thrift_Server_Storage_eu-north-europe 23580
Get_Azure_eu-north-europe 24418
Get_Thrift_Server_Storage_eu-north-europe 24447
Get_Azure_eu-north-europe 44836
Get_Thrift_Server_Storage_eu-north-europe 44880
Get_Azure_eu-north-europe 64611
Get_Thrift_Server_Storage_eu-north-europe 64653
Get_Azure_eu-north-europe 30763
Get_Thrift_Server_Storage_eu-north-europe 30786
Get_Azure_eu-north-europe 26312
Get_Thrift_Server_Storage_eu-north-europe 26347
Get_Azure_eu-north-europe 25338
Get_Thrift_Server_Storage_eu-north-europe 25363
Get_Azure_eu-north-europe 30792
Get_Thrift_Server_Storage_eu-north-europe 30830
Get_Azure_eu-north-europe 49350
Get_Thrift_Server_Storage_eu-north-europe 49386
Get_Azure_eu-north-europe 61290
Get_Thrift_Server_Storage_eu-north-europe 61353
Get_Azure_eu-north-europe 56685
Get_Thrift_Server_Storage_eu-north-europe 56736
Get_Azure_eu-north-europe 28686
Get_Thrift_Server_Storage_eu-north-europe 28739
Get_Azure_eu-north-europe 28092
Get_Thrift_Server_Storage_eu-north-europe 28117
Get_Azure_eu-north-europe 58042
Get_Thrift_Server_Storage_eu-north-europe 58064
Get_Azure_eu-north-europe 34056
Get_Thrift_Server_Storage_eu-north-europe 34105
Get_Azure_eu-north-europe 29172
Get_Thrift_Server_Storage_eu-north-europe 29194
Get_Azure_eu-north-europe 27421
Get_Thrift_Server_Storage_eu-north-europe 27456
Get_Azure_eu-north-europe 59223
Get_Thrift_Server_Storage_eu-north-europe 59258
Get_Azure_eu-north-europe 38969
Get_Thrift_Server_Storage_eu-north-europe 39008
Get_Azure_eu-north-europe 39994
Get_Thrift_Server_Storage_eu-north-europe 40016
Get_Azure_eu-north-europe 43568
Get_Thrift_Server_Storage_eu-north-europe 43611
Get_Azure_eu-north-europe 76252
Get_Thrift_Server_Storage_eu-north-europe 76272
Get_Azure_eu-north-europe 74091
Get_Thrift_Server_Storage_eu-north-europe 74122
Get_Azure_eu-north-europe 30737
Get_Thrift_Server_Storage_eu-north-europe 30760
Get_Azure_eu-north-europe 65305
Get_Thrift_Server_Storage_eu-north-europe 65361
Get_Azure_eu-north-europe 34451
Get_Thrift_Server_Storage_eu-north-europe 34513
Get_Azure_eu-north-europe 227147
Get_Thrift_Server_Storage_eu-north-europe 227175
Get_Azure_eu-north-europe 34935
Get_Thrift_Server_Storage_eu-north-europe 34963
Get_Azure_eu-north-europe 41696
Get_Thrift_Server_Storage_eu-north-europe 41727
Get_Azure_eu-north-europe 28337
Get_Thrift_Server_Storage_eu-north-europe 28361
Get_Azure_eu-north-europe 37176
Get_Thrift_Server_Storage_eu-north-europe 37201
Get_Azure_eu-north-europe 71502
Get_Thrift_Server_Storage_eu-north-europe 71541
Get_Azure_eu-north-europe 42184
Get_Thrift_Server_Storage_eu-north-europe 42216
Get_Azure_eu-north-europe 27669
Get_Thrift_Server_Storage_eu-north-europe 27708
Get_Azure_eu-north-europe 25437
Get_Thrift_Server_Storage_eu-north-europe 25470
Get_Azure_eu-north-europe 41614
Get_Thrift_Server_Storage_eu-north-europe 41638
Get_Azure_eu-north-europe 27011
Get_Thrift_Server_Storage_eu-north-europe 27074
Get_Azure_eu-north-europe 60164
Get_Thrift_Server_Storage_eu-north-europe 60202
Get_Azure_eu-north-europe 28716
Get_Thrift_Server_Storage_eu-north-europe 28753
Get_Azure_eu-north-europe 21457
Get_Thrift_Server_Storage_eu-north-europe 21502
Get_Azure_eu-north-europe 42329
Get_Thrift_Server_Storage_eu-north-europe 42381
Get_Azure_eu-north-europe 42320
Get_Thrift_Server_Storage_eu-north-europe 42348
Get_Azure_eu-north-europe 23627
Get_Thrift_Server_Storage_eu-north-europe 23656
Get_Azure_eu-north-europe 24232
Get_Thrift_Server_Storage_eu-north-europe 24255
Get_Azure_eu-north-europe 41419
Get_Thrift_Server_Storage_eu-north-europe 41445
Get_Azure_eu-north-europe 59322
Get_Thrift_Server_Storage_eu-north-europe 59358
Get_Azure_eu-north-europe 55320
Get_Thrift_Server_Storage_eu-north-europe 55340
Get_Azure_eu-north-europe 24665
Get_Thrift_Server_Storage_eu-north-europe 24740
Get_Azure_eu-north-europe 23212
Get_Thrift_Server_Storage_eu-north-europe 23242
Get_Azure_eu-north-europe 44023
Get_Thrift_Server_Storage_eu-north-europe 44053
Get_Azure_eu-north-europe 24794
Get_Thrift_Server_Storage_eu-north-europe 24820
Get_Azure_eu-north-europe 32738
Get_Thrift_Server_Storage_eu-north-europe 32769
Get_Azure_eu-north-europe 23202
Get_Thrift_Server_Storage_eu-north-europe 23230
Get_Azure_eu-north-europe 40034
Get_Thrift_Server_Storage_eu-north-europe 40083
Get_Azure_eu-north-europe 24430
Get_Thrift_Server_Storage_eu-north-europe 24492
Get_Azure_eu-north-europe 23796
Get_Thrift_Server_Storage_eu-north-europe 23829
Get_Azure_eu-north-europe 46363
Get_Thrift_Server_Storage_eu-north-europe 46400
Get_Azure_eu-north-europe 43087
Get_Thrift_Server_Storage_eu-north-europe 43119
Get_Azure_eu-north-europe 23206
Get_Thrift_Server_Storage_eu-north-europe 23252
Get_Azure_eu-north-europe 58452
Get_Thrift_Server_Storage_eu-north-europe 58503
Get_Azure_eu-north-europe 69778
Get_Thrift_Server_Storage_eu-north-europe 69801
Get_Azure_eu-north-europe 31826
Get_Thrift_Server_Storage_eu-north-europe 31846
Get_Azure_eu-north-europe 52972
Get_Thrift_Server_Storage_eu-north-europe 52993
Get_Azure_eu-north-europe 49605
Get_Thrift_Server_Storage_eu-north-europe 49627
Get_Azure_eu-north-europe 34916
Get_Thrift_Server_Storage_eu-north-europe 34946
Get_Azure_eu-north-europe 25715
Get_Thrift_Server_Storage_eu-north-europe 25737
Get_Azure_eu-north-europe 21682
Get_Thrift_Server_Storage_eu-north-europe 21706
Get_Azure_eu-north-europe 41171
Get_Thrift_Server_Storage_eu-north-europe 41222
Get_Azure_eu-north-europe 34725
Get_Thrift_Server_Storage_eu-north-europe 34776
Get_Azure_eu-north-europe 22579
Get_Thrift_Server_Storage_eu-north-europe 22609
Get_Azure_eu-north-europe 47697
Get_Thrift_Server_Storage_eu-north-europe 47719
Get_Azure_eu-north-europe 22099
Get_Thrift_Server_Storage_eu-north-europe 22139
Get_Azure_eu-north-europe 46224
Get_Thrift_Server_Storage_eu-north-europe 46257
Get_Azure_eu-north-europe 32714
Get_Thrift_Server_Storage_eu-north-europe 32749
Get_Azure_eu-north-europe 42599
Get_Thrift_Server_Storage_eu-north-europe 42639
Get_Azure_eu-north-europe 31905
Get_Thrift_Server_Storage_eu-north-europe 31951
Get_Azure_eu-north-europe 42696
Get_Thrift_Server_Storage_eu-north-europe 42722
Get_Azure_eu-north-europe 43638
Get_Thrift_Server_Storage_eu-north-europe 43688
Get_Azure_eu-north-europe 22216
Get_Thrift_Server_Storage_eu-north-europe 22262
Get_Azure_eu-north-europe 67063
Get_Thrift_Server_Storage_eu-north-europe 67087
Get_Azure_eu-north-europe 28775
Get_Thrift_Server_Storage_eu-north-europe 28815
Get_Azure_eu-north-europe 38786
Get_Thrift_Server_Storage_eu-north-europe 38843
Get_Azure_eu-north-europe 53160
Get_Thrift_Server_Storage_eu-north-europe 53196
Get_Azure_eu-north-europe 40695
Get_Thrift_Server_Storage_eu-north-europe 40723
Get_Azure_eu-north-europe 23693
Get_Thrift_Server_Storage_eu-north-europe 23734
Get_Azure_eu-north-europe 23153
Get_Thrift_Server_Storage_eu-north-europe 23206
Get_Azure_eu-north-europe 46084
Get_Thrift_Server_Storage_eu-north-europe 46135
Get_Azure_eu-north-europe 26219
Get_Thrift_Server_Storage_eu-north-europe 26248
Get_Azure_eu-north-europe 66754
Get_Thrift_Server_Storage_eu-north-europe 66777
Get_Azure_eu-north-europe 34537
Get_Thrift_Server_Storage_eu-north-europe 34559
Get_Azure_eu-north-europe 43187
Get_Thrift_Server_Storage_eu-north-europe 43214
Get_Azure_eu-north-europe 32636
Get_Thrift_Server_Storage_eu-north-europe 32663
Get_Azure_eu-north-europe 46443
Get_Thrift_Server_Storage_eu-north-europe 46501
Get_Azure_eu-north-europe 40503
Get_Thrift_Server_Storage_eu-north-europe 40544
Get_Azure_eu-north-europe 46179
Get_Thrift_Server_Storage_eu-north-europe 46214
Get_Azure_eu-north-europe 57873
Get_Thrift_Server_Storage_eu-north-europe 57900
Get_Azure_eu-north-europe 31388
Get_Thrift_Server_Storage_eu-north-europe 31413
Get_Azure_eu-north-europe 23947
Get_Thrift_Server_Storage_eu-north-europe 23969
Get_Azure_eu-north-europe 32858
Get_Thrift_Server_Storage_eu-north-europe 32917
Get_Azure_eu-north-europe 23626
Get_Thrift_Server_Storage_eu-north-europe 23674
Get_Azure_eu-north-europe 23390
Get_Thrift_Server_Storage_eu-north-europe 23413
Get_Azure_eu-north-europe 22975
Get_Thrift_Server_Storage_eu-north-europe 23004
Get_Azure_eu-north-europe 61303
Get_Thrift_Server_Storage_eu-north-europe 61353
Get_Azure_eu-north-europe 28976
Get_Thrift_Server_Storage_eu-north-europe 29023
Get_Azure_eu-north-europe 24255
Get_Thrift_Server_Storage_eu-north-europe 24281
Get_Azure_eu-north-europe 25283
Get_Thrift_Server_Storage_eu-north-europe 25327
Get_Azure_eu-north-europe 77797
Get_Thrift_Server_Storage_eu-north-europe 77831
Get_Azure_eu-north-europe 24260
Get_Thrift_Server_Storage_eu-north-europe 24308
Get_Azure_eu-north-europe 54677
Get_Thrift_Server_Storage_eu-north-europe 54714
Get_Azure_eu-north-europe 33356
Get_Thrift_Server_Storage_eu-north-europe 33417
Get_Azure_eu-north-europe 31661
Get_Thrift_Server_Storage_eu-north-europe 31693
Get_Azure_eu-north-europe 114164
Get_Thrift_Server_Storage_eu-north-europe 114211
Get_Azure_eu-north-europe 31783
Get_Thrift_Server_Storage_eu-north-europe 31827
Get_Azure_eu-north-europe 24098
Get_Thrift_Server_Storage_eu-north-europe 24122
Get_Azure_eu-north-europe 25080
Get_Thrift_Server_Storage_eu-north-europe 25102
Get_Azure_eu-north-europe 37089
Get_Thrift_Server_Storage_eu-north-europe 37121
Get_Azure_eu-north-europe 41103
Get_Thrift_Server_Storage_eu-north-europe 41135
Get_Azure_eu-north-europe 47074
Get_Thrift_Server_Storage_eu-north-europe 47097
Get_Azure_eu-north-europe 25218
Get_Thrift_Server_Storage_eu-north-europe 25245
Get_Azure_eu-north-europe 22025
Get_Thrift_Server_Storage_eu-north-europe 22062
Get_Azure_eu-north-europe 28841
Get_Thrift_Server_Storage_eu-north-europe 28886
Get_Azure_eu-north-europe 38790
Get_Thrift_Server_Storage_eu-north-europe 38811
Get_Azure_eu-north-europe 23778
Get_Thrift_Server_Storage_eu-north-europe 23820
Get_Azure_eu-north-europe 25672
Get_Thrift_Server_Storage_eu-north-europe 25697
Get_Azure_eu-north-europe 49000
Get_Thrift_Server_Storage_eu-north-europe 49042
Get_Azure_eu-north-europe 54248
Get_Thrift_Server_Storage_eu-north-europe 54290
Get_Azure_eu-north-europe 35235
Get_Thrift_Server_Storage_eu-north-europe 35276
Get_Azure_eu-north-europe 34746
Get_Thrift_Server_Storage_eu-north-europe 34775
Get_Azure_eu-north-europe 44190
Get_Thrift_Server_Storage_eu-north-europe 44239
Get_Azure_eu-north-europe 38924
Get_Thrift_Server_Storage_eu-north-europe 38975
Get_Azure_eu-north-europe 50399
Get_Thrift_Server_Storage_eu-north-europe 50442
Get_Azure_eu-north-europe 45394
Get_Thrift_Server_Storage_eu-north-europe 45433
Get_Azure_eu-north-europe 58131
Get_Thrift_Server_Storage_eu-north-europe 58167
Get_Azure_eu-north-europe 88874
Get_Thrift_Server_Storage_eu-north-europe 88896
Get_Azure_eu-north-europe 90040
Get_Thrift_Server_Storage_eu-north-europe 90074
Get_Azure_eu-north-europe 49198
Get_Thrift_Server_Storage_eu-north-europe 49224
Get_Azure_eu-north-europe 59531
Get_Thrift_Server_Storage_eu-north-europe 59570
Get_Azure_eu-north-europe 50966
Get_Thrift_Server_Storage_eu-north-europe 51060
Get_Azure_eu-north-europe 28563
Get_Thrift_Server_Storage_eu-north-europe 28587
Get_Azure_eu-north-europe 51096
Get_Thrift_Server_Storage_eu-north-europe 51160
Get_Azure_eu-north-europe 29159
Get_Thrift_Server_Storage_eu-north-europe 29185
Get_Azure_eu-north-europe 28879
Get_Thrift_Server_Storage_eu-north-europe 28908
Get_Azure_eu-north-europe 54223
Get_Thrift_Server_Storage_eu-north-europe 54290
Get_Azure_eu-north-europe 101484
Get_Thrift_Server_Storage_eu-north-europe 101525
Get_Azure_eu-north-europe 55792
Get_Thrift_Server_Storage_eu-north-europe 55817
Get_Azure_eu-north-europe 67424
Get_Thrift_Server_Storage_eu-north-europe 67485
Get_Azure_eu-north-europe 34331
Get_Thrift_Server_Storage_eu-north-europe 34353
Get_Azure_eu-north-europe 25589
Get_Thrift_Server_Storage_eu-north-europe 25643
Get_Azure_eu-north-europe 50529
Get_Thrift_Server_Storage_eu-north-europe 50599
Get_Azure_eu-north-europe 41997
Get_Thrift_Server_Storage_eu-north-europe 42029
Get_Azure_eu-north-europe 53875
Get_Thrift_Server_Storage_eu-north-europe 53927
Get_Azure_eu-north-europe 25941
Get_Thrift_Server_Storage_eu-north-europe 25964
Get_Azure_eu-north-europe 42222
Get_Thrift_Server_Storage_eu-north-europe 42281
Get_Azure_eu-north-europe 44103
Get_Thrift_Server_Storage_eu-north-europe 44131
Get_Azure_eu-north-europe 65367
Get_Thrift_Server_Storage_eu-north-europe 65391
Get_Azure_eu-north-europe 31561
Get_Thrift_Server_Storage_eu-north-europe 31609
Get_Azure_eu-north-europe 59546
Get_Thrift_Server_Storage_eu-north-europe 59581
Get_Azure_eu-north-europe 62925
Get_Thrift_Server_Storage_eu-north-europe 62956
Get_Azure_eu-north-europe 75939
Get_Thrift_Server_Storage_eu-north-europe 75989
Get_Azure_eu-north-europe 24699
Get_Thrift_Server_Storage_eu-north-europe 24744
Get_Azure_eu-north-europe 22446
Get_Thrift_Server_Storage_eu-north-europe 22523
Get_Azure_eu-north-europe 29678
Get_Thrift_Server_Storage_eu-north-europe 29718
Get_Azure_eu-north-europe 61909
Get_Thrift_Server_Storage_eu-north-europe 61935
Get_Azure_eu-north-europe 236082
Get_Thrift_Server_Storage_eu-north-europe 236108
Get_Azure_eu-north-europe 49356
Get_Thrift_Server_Storage_eu-north-europe 49405
Get_Azure_eu-north-europe 38472
Get_Thrift_Server_Storage_eu-north-europe 38506
Get_Azure_eu-north-europe 88530
Get_Thrift_Server_Storage_eu-north-europe 88565
Get_Azure_eu-north-europe 127489
Get_Thrift_Server_Storage_eu-north-europe 127514
Get_Azure_eu-north-europe 60006
Get_Thrift_Server_Storage_eu-north-europe 60035
Get_Azure_eu-north-europe 27137
Get_Thrift_Server_Storage_eu-north-europe 27221
Get_Azure_eu-north-europe 29357
Get_Thrift_Server_Storage_eu-north-europe 29391
Get_Azure_eu-north-europe 67926
Get_Thrift_Server_Storage_eu-north-europe 67969
Get_Azure_eu-north-europe 53991
Get_Thrift_Server_Storage_eu-north-europe 54042
Get_Azure_eu-north-europe 114583
Get_Thrift_Server_Storage_eu-north-europe 114604
Get_Azure_eu-north-europe 68773
Get_Thrift_Server_Storage_eu-north-europe 68811
Get_Azure_eu-north-europe 46988
Get_Thrift_Server_Storage_eu-north-europe 47017
Get_Azure_eu-north-europe 70664
Get_Thrift_Server_Storage_eu-north-europe 70687
Get_Azure_eu-north-europe 64703
Get_Thrift_Server_Storage_eu-north-europe 64741
Get_Azure_eu-north-europe 132046
Get_Thrift_Server_Storage_eu-north-europe 132073
Get_Azure_eu-north-europe 128669
Get_Thrift_Server_Storage_eu-north-europe 128703
Get_Azure_eu-north-europe 74559
Get_Thrift_Server_Storage_eu-north-europe 74598
Get_Azure_eu-north-europe 61745
Get_Thrift_Server_Storage_eu-north-europe 61792
Get_Azure_eu-north-europe 82469
Get_Thrift_Server_Storage_eu-north-europe 82521
Get_Azure_eu-north-europe 48525
Get_Thrift_Server_Storage_eu-north-europe 48563
Get_Azure_eu-north-europe 52186
Get_Thrift_Server_Storage_eu-north-europe 52210
Get_Azure_eu-north-europe 54165
Get_Thrift_Server_Storage_eu-north-europe 54209
Get_Azure_eu-north-europe 156942
Get_Thrift_Server_Storage_eu-north-europe 156994
Get_Azure_eu-north-europe 68648
Get_Thrift_Server_Storage_eu-north-europe 68709
Get_Azure_eu-north-europe 37991
Get_Thrift_Server_Storage_eu-north-europe 38042
Get_Azure_eu-north-europe 41991
Get_Thrift_Server_Storage_eu-north-europe 42016
Get_Azure_eu-north-europe 38124
Get_Thrift_Server_Storage_eu-north-europe 38158
Get_Azure_eu-north-europe 57223
Get_Thrift_Server_Storage_eu-north-europe 57261
Get_Azure_eu-north-europe 57320
Get_Thrift_Server_Storage_eu-north-europe 57348
Get_Azure_eu-north-europe 84874
Get_Thrift_Server_Storage_eu-north-europe 84911
Get_Azure_eu-north-europe 76114
Get_Thrift_Server_Storage_eu-north-europe 76155
Get_Azure_eu-north-europe 64740
Get_Thrift_Server_Storage_eu-north-europe 64766
Get_Azure_eu-north-europe 122782
Get_Thrift_Server_Storage_eu-north-europe 122828
Get_Azure_eu-north-europe 138213
Get_Thrift_Server_Storage_eu-north-europe 138262
Get_Azure_eu-north-europe 76588
Get_Thrift_Server_Storage_eu-north-europe 76622
Get_Azure_eu-north-europe 37927
Get_Thrift_Server_Storage_eu-north-europe 37960
Get_Azure_eu-north-europe 31362
Get_Thrift_Server_Storage_eu-north-europe 31404
Get_Azure_eu-north-europe 33279
Get_Thrift_Server_Storage_eu-north-europe 33314
Get_Azure_eu-north-europe 40409
Get_Thrift_Server_Storage_eu-north-europe 40449
Get_Azure_eu-north-europe 129164
Get_Thrift_Server_Storage_eu-north-europe 129192
Get_Azure_eu-north-europe 53961
Get_Thrift_Server_Storage_eu-north-europe 53997
Get_Azure_eu-north-europe 34411
Get_Thrift_Server_Storage_eu-north-europe 34432
Get_Azure_eu-north-europe 41739
Get_Thrift_Server_Storage_eu-north-europe 41777
Get_Azure_eu-north-europe 59766
Get_Thrift_Server_Storage_eu-north-europe 59805
Get_Azure_eu-north-europe 92161
Get_Thrift_Server_Storage_eu-north-europe 92221
Get_Azure_eu-north-europe 85158
Get_Thrift_Server_Storage_eu-north-europe 85182
Get_Azure_eu-north-europe 82010
Get_Thrift_Server_Storage_eu-north-europe 82037
Get_Azure_eu-north-europe 21077
Get_Thrift_Server_Storage_eu-north-europe 21114
Get_Azure_eu-north-europe 55440
Get_Thrift_Server_Storage_eu-north-europe 55489
Get_Azure_eu-north-europe 59601
Get_Thrift_Server_Storage_eu-north-europe 59625
Get_Azure_eu-north-europe 129921
Get_Thrift_Server_Storage_eu-north-europe 129957
Get_Azure_eu-north-europe 139485
Get_Thrift_Server_Storage_eu-north-europe 139527
Get_Azure_eu-north-europe 54433
Get_Thrift_Server_Storage_eu-north-europe 54464
Get_Azure_eu-north-europe 130338
Get_Thrift_Server_Storage_eu-north-europe 130377
Get_Azure_eu-north-europe 43955
Get_Thrift_Server_Storage_eu-north-europe 44003
Get_Azure_eu-north-europe 167196
Get_Thrift_Server_Storage_eu-north-europe 167240
Get_Azure_eu-north-europe 53457
Get_Thrift_Server_Storage_eu-north-europe 53494
Get_Azure_eu-north-europe 100208
Get_Thrift_Server_Storage_eu-north-europe 100236
Get_Azure_eu-north-europe 82435
Get_Thrift_Server_Storage_eu-north-europe 82488
Get_Azure_eu-north-europe 45800
Get_Thrift_Server_Storage_eu-north-europe 45836
Get_Azure_eu-north-europe 39797
Get_Thrift_Server_Storage_eu-north-europe 39821
Get_Azure_eu-north-europe 37309
Get_Thrift_Server_Storage_eu-north-europe 37365
Get_Azure_eu-north-europe 44186
Get_Thrift_Server_Storage_eu-north-europe 44221
Get_Azure_eu-north-europe 39620
Get_Thrift_Server_Storage_eu-north-europe 39643
Get_Azure_eu-north-europe 19605
Get_Thrift_Server_Storage_eu-north-europe 19648
Get_Azure_eu-north-europe 35039
Get_Thrift_Server_Storage_eu-north-europe 35071
Get_Azure_eu-north-europe 23316
Get_Thrift_Server_Storage_eu-north-europe 23349
Get_Azure_eu-north-europe 63374
Get_Thrift_Server_Storage_eu-north-europe 63421
Get_Azure_eu-north-europe 33003
Get_Thrift_Server_Storage_eu-north-europe 33034
Get_Azure_eu-north-europe 52244
Get_Thrift_Server_Storage_eu-north-europe 52277
Get_Azure_eu-north-europe 45096
Get_Thrift_Server_Storage_eu-north-europe 45142
Get_Azure_eu-north-europe 30111
Get_Thrift_Server_Storage_eu-north-europe 30142
Get_Azure_eu-north-europe 19516
Get_Thrift_Server_Storage_eu-north-europe 19548
Get_Azure_eu-north-europe 35921
Get_Thrift_Server_Storage_eu-north-europe 35949
Get_Azure_eu-north-europe 27428
Get_Thrift_Server_Storage_eu-north-europe 27452
Get_Azure_eu-north-europe 24221
Get_Thrift_Server_Storage_eu-north-europe 24265
Get_Azure_eu-north-europe 31305
Get_Thrift_Server_Storage_eu-north-europe 31340
Get_Azure_eu-north-europe 41232
Get_Thrift_Server_Storage_eu-north-europe 41265
Get_Azure_eu-north-europe 44787
Get_Thrift_Server_Storage_eu-north-europe 44825
Get_Azure_eu-north-europe 40510
Get_Thrift_Server_Storage_eu-north-europe 40549
Get_Azure_eu-north-europe 22092
Get_Thrift_Server_Storage_eu-north-europe 22138
Get_Azure_eu-north-europe 22144
Get_Thrift_Server_Storage_eu-north-europe 22204
Get_Azure_eu-north-europe 47166
Get_Thrift_Server_Storage_eu-north-europe 47244
Get_Azure_eu-north-europe 44831
Get_Thrift_Server_Storage_eu-north-europe 44875
Get_Azure_eu-north-europe 58491
Get_Thrift_Server_Storage_eu-north-europe 58536
Get_Azure_eu-north-europe 33269
Get_Thrift_Server_Storage_eu-north-europe 33308
Get_Azure_eu-north-europe 21619
Get_Thrift_Server_Storage_eu-north-europe 21646
Get_Azure_eu-north-europe 23428
Get_Thrift_Server_Storage_eu-north-europe 23458
Get_Azure_eu-north-europe 22100
Get_Thrift_Server_Storage_eu-north-europe 22138
Get_Azure_eu-north-europe 26020
Get_Thrift_Server_Storage_eu-north-europe 26048
Get_Azure_eu-north-europe 27175
Get_Thrift_Server_Storage_eu-north-europe 27218
Get_Azure_eu-north-europe 51083
Get_Thrift_Server_Storage_eu-north-europe 51115
Get_Azure_eu-north-europe 26402
Get_Thrift_Server_Storage_eu-north-europe 26425
Get_Azure_eu-north-europe 26335
Get_Thrift_Server_Storage_eu-north-europe 26359
Get_Azure_eu-north-europe 45331
Get_Thrift_Server_Storage_eu-north-europe 45354
Get_Azure_eu-north-europe 26386
Get_Thrift_Server_Storage_eu-north-europe 26411
Get_Azure_eu-north-europe 37020
Get_Thrift_Server_Storage_eu-north-europe 37043
Get_Azure_eu-north-europe 26338
Get_Thrift_Server_Storage_eu-north-europe 26363
Get_Azure_eu-north-europe 27345
Get_Thrift_Server_Storage_eu-north-europe 27391
Get_Azure_eu-north-europe 29269
Get_Thrift_Server_Storage_eu-north-europe 29303
Get_Azure_eu-north-europe 32894
Get_Thrift_Server_Storage_eu-north-europe 32944
Get_Azure_eu-north-europe 41626
Get_Thrift_Server_Storage_eu-north-europe 41650
Get_Azure_eu-north-europe 69544
Get_Thrift_Server_Storage_eu-north-europe 69587
Get_Azure_eu-north-europe 28513
Get_Thrift_Server_Storage_eu-north-europe 28579
Get_Azure_eu-north-europe 45509
Get_Thrift_Server_Storage_eu-north-europe 45533
Get_Azure_eu-north-europe 184173
Get_Thrift_Server_Storage_eu-north-europe 184214
Get_Azure_eu-north-europe 43096
Get_Thrift_Server_Storage_eu-north-europe 43120
Get_Azure_eu-north-europe 40976
Get_Thrift_Server_Storage_eu-north-europe 41020
Get_Azure_eu-north-europe 55132
Get_Thrift_Server_Storage_eu-north-europe 55155
Get_Azure_eu-north-europe 26252
Get_Thrift_Server_Storage_eu-north-europe 26283
Get_Azure_eu-north-europe 28081
Get_Thrift_Server_Storage_eu-north-europe 28123
Get_Azure_eu-north-europe 27965
Get_Thrift_Server_Storage_eu-north-europe 28006
Get_Azure_eu-north-europe 31766
Get_Thrift_Server_Storage_eu-north-europe 31791
Get_Azure_eu-north-europe 42708
Get_Thrift_Server_Storage_eu-north-europe 42730
Get_Azure_eu-north-europe 32413
Get_Thrift_Server_Storage_eu-north-europe 32451
Get_Azure_eu-north-europe 28067
Get_Thrift_Server_Storage_eu-north-europe 28110
Get_Azure_eu-north-europe 69459
Get_Thrift_Server_Storage_eu-north-europe 69492
Get_Azure_eu-north-europe 46141
Get_Thrift_Server_Storage_eu-north-europe 46201
Get_Azure_eu-north-europe 67679
Get_Thrift_Server_Storage_eu-north-europe 67718
Get_Azure_eu-north-europe 45704
Get_Thrift_Server_Storage_eu-north-europe 45727
Get_Azure_eu-north-europe 42985
Get_Thrift_Server_Storage_eu-north-europe 43022
Get_Azure_eu-north-europe 36406
Get_Thrift_Server_Storage_eu-north-europe 36473
Get_Azure_eu-north-europe 35634
Get_Thrift_Server_Storage_eu-north-europe 35657
Get_Azure_eu-north-europe 45911
Get_Thrift_Server_Storage_eu-north-europe 45947
Get_Azure_eu-north-europe 27492
Get_Thrift_Server_Storage_eu-north-europe 27512
Get_Azure_eu-north-europe 49226
Get_Thrift_Server_Storage_eu-north-europe 49281
Get_Azure_eu-north-europe 21354
Get_Thrift_Server_Storage_eu-north-europe 21390
Get_Azure_eu-north-europe 26275
Get_Thrift_Server_Storage_eu-north-europe 26301
Get_Azure_eu-north-europe 29462
Get_Thrift_Server_Storage_eu-north-europe 29491
Get_Azure_eu-north-europe 20895
Get_Thrift_Server_Storage_eu-north-europe 20931
Get_Azure_eu-north-europe 59137
Get_Thrift_Server_Storage_eu-north-europe 59178
Get_Azure_eu-north-europe 59757
Get_Thrift_Server_Storage_eu-north-europe 59795
Get_Azure_eu-north-europe 48616
Get_Thrift_Server_Storage_eu-north-europe 48650
Get_Azure_eu-north-europe 22847
Get_Thrift_Server_Storage_eu-north-europe 22882
Get_Azure_eu-north-europe 28686
Get_Thrift_Server_Storage_eu-north-europe 28722
Get_Azure_eu-north-europe 22508
Get_Thrift_Server_Storage_eu-north-europe 22531
Get_Azure_eu-north-europe 26584
Get_Thrift_Server_Storage_eu-north-europe 26645
Get_Azure_eu-north-europe 22528
Get_Thrift_Server_Storage_eu-north-europe 22569
Get_Azure_eu-north-europe 36758
Get_Thrift_Server_Storage_eu-north-europe 36805
Get_Azure_eu-north-europe 24658
Get_Thrift_Server_Storage_eu-north-europe 24680
Get_Azure_eu-north-europe 23152
Get_Thrift_Server_Storage_eu-north-europe 23185
Get_Azure_eu-north-europe 23192
Get_Thrift_Server_Storage_eu-north-europe 23239
Get_Azure_eu-north-europe 25151
Get_Thrift_Server_Storage_eu-north-europe 25197
Get_Azure_eu-north-europe 53216
Get_Thrift_Server_Storage_eu-north-europe 53241
Get_Azure_eu-north-europe 32096
Get_Thrift_Server_Storage_eu-north-europe 32119
Get_Azure_eu-north-europe 43751
Get_Thrift_Server_Storage_eu-north-europe 43798
Get_Azure_eu-north-europe 23370
Get_Thrift_Server_Storage_eu-north-europe 23427
Get_Azure_eu-north-europe 26768
Get_Thrift_Server_Storage_eu-north-europe 26807
Get_Azure_eu-north-europe 35830
Get_Thrift_Server_Storage_eu-north-europe 35867
Get_Azure_eu-north-europe 52100
Get_Thrift_Server_Storage_eu-north-europe 52138
Get_Azure_eu-north-europe 43411
Get_Thrift_Server_Storage_eu-north-europe 43437
Get_Azure_eu-north-europe 32574
Get_Thrift_Server_Storage_eu-north-europe 32618
Get_Azure_eu-north-europe 45449
Get_Thrift_Server_Storage_eu-north-europe 45487
Get_Azure_eu-north-europe 45816
Get_Thrift_Server_Storage_eu-north-europe 45839
Get_Azure_eu-north-europe 42223
Get_Thrift_Server_Storage_eu-north-europe 42247
Get_Azure_eu-north-europe 28316
Get_Thrift_Server_Storage_eu-north-europe 28366
Get_Azure_eu-north-europe 21629
Get_Thrift_Server_Storage_eu-north-europe 21680
Get_Azure_eu-north-europe 23276
Get_Thrift_Server_Storage_eu-north-europe 23297
Get_Azure_eu-north-europe 22574
Get_Thrift_Server_Storage_eu-north-europe 22616
Get_Azure_eu-north-europe 137505
Get_Thrift_Server_Storage_eu-north-europe 137547
Get_Azure_eu-north-europe 60428
Get_Thrift_Server_Storage_eu-north-europe 60462
Get_Azure_eu-north-europe 83859
Get_Thrift_Server_Storage_eu-north-europe 83896
Get_Azure_eu-north-europe 45599
Get_Thrift_Server_Storage_eu-north-europe 45636
Get_Azure_eu-north-europe 43536
Get_Thrift_Server_Storage_eu-north-europe 43585
Get_Azure_eu-north-europe 27822
Get_Thrift_Server_Storage_eu-north-europe 27853
Get_Azure_eu-north-europe 34008
Get_Thrift_Server_Storage_eu-north-europe 34043
Get_Azure_eu-north-europe 76727
Get_Thrift_Server_Storage_eu-north-europe 76768
Get_Azure_eu-north-europe 23765
Get_Thrift_Server_Storage_eu-north-europe 23794
Get_Azure_eu-north-europe 35038
Get_Thrift_Server_Storage_eu-north-europe 35086
Get_Azure_eu-north-europe 53495
Get_Thrift_Server_Storage_eu-north-europe 53519
Get_Azure_eu-north-europe 47489
Get_Thrift_Server_Storage_eu-north-europe 47528
Get_Azure_eu-north-europe 43921
Get_Thrift_Server_Storage_eu-north-europe 43954
Get_Azure_eu-north-europe 26293
Get_Thrift_Server_Storage_eu-north-europe 26330
Get_Azure_eu-north-europe 38610
Get_Thrift_Server_Storage_eu-north-europe 38641
Get_Azure_eu-north-europe 35673
Get_Thrift_Server_Storage_eu-north-europe 35715
Get_Azure_eu-north-europe 44418
Get_Thrift_Server_Storage_eu-north-europe 44438
Get_Azure_eu-north-europe 22008
Get_Thrift_Server_Storage_eu-north-europe 22066
Get_Azure_eu-north-europe 23213
Get_Thrift_Server_Storage_eu-north-europe 23258
Get_Azure_eu-north-europe 21239
Get_Thrift_Server_Storage_eu-north-europe 21268
Get_Azure_eu-north-europe 25162
Get_Thrift_Server_Storage_eu-north-europe 25199
Get_Azure_eu-north-europe 42575
Get_Thrift_Server_Storage_eu-north-europe 42635
Get_Azure_eu-north-europe 33859
Get_Thrift_Server_Storage_eu-north-europe 33933
Get_Azure_eu-north-europe 36817
Get_Thrift_Server_Storage_eu-north-europe 36852
Get_Azure_eu-north-europe 37205
Get_Thrift_Server_Storage_eu-north-europe 37235
Get_Azure_eu-north-europe 47781
Get_Thrift_Server_Storage_eu-north-europe 47835
Get_Azure_eu-north-europe 47660
Get_Thrift_Server_Storage_eu-north-europe 47687
Get_Azure_eu-north-europe 63129
Get_Thrift_Server_Storage_eu-north-europe 63157
Get_Azure_eu-north-europe 44983
Get_Thrift_Server_Storage_eu-north-europe 45018
Get_Azure_eu-north-europe 22100
Get_Thrift_Server_Storage_eu-north-europe 22126
Get_Azure_eu-north-europe 47049
Get_Thrift_Server_Storage_eu-north-europe 47088
Get_Azure_eu-north-europe 23339
Get_Thrift_Server_Storage_eu-north-europe 23378
Get_Azure_eu-north-europe 39884
Get_Thrift_Server_Storage_eu-north-europe 39906
Get_Azure_eu-north-europe 26986
Get_Thrift_Server_Storage_eu-north-europe 27009
Get_Azure_eu-north-europe 44178
Get_Thrift_Server_Storage_eu-north-europe 44205
Get_Azure_eu-north-europe 70033
Get_Thrift_Server_Storage_eu-north-europe 70060
Get_Azure_eu-north-europe 38999
Get_Thrift_Server_Storage_eu-north-europe 39025
Get_Azure_eu-north-europe 47280
Get_Thrift_Server_Storage_eu-north-europe 47312
Get_Azure_eu-north-europe 31291
Get_Thrift_Server_Storage_eu-north-europe 31321
Get_Azure_eu-north-europe 32083
Get_Thrift_Server_Storage_eu-north-europe 32117
Get_Azure_eu-north-europe 26897
Get_Thrift_Server_Storage_eu-north-europe 26937
Get_Azure_eu-north-europe 68151
Get_Thrift_Server_Storage_eu-north-europe 68197
Get_Azure_eu-north-europe 81153
Get_Thrift_Server_Storage_eu-north-europe 81189
Get_Azure_eu-north-europe 47019
Get_Thrift_Server_Storage_eu-north-europe 47058
Get_Azure_eu-north-europe 30122
Get_Thrift_Server_Storage_eu-north-europe 30162
Get_Azure_eu-north-europe 57931
Get_Thrift_Server_Storage_eu-north-europe 57952
Get_Azure_eu-north-europe 42512
Get_Thrift_Server_Storage_eu-north-europe 42556
Get_Azure_eu-north-europe 40431
Get_Thrift_Server_Storage_eu-north-europe 40474
Get_Azure_eu-north-europe 38092
Get_Thrift_Server_Storage_eu-north-europe 38116
Get_Azure_eu-north-europe 40937
Get_Thrift_Server_Storage_eu-north-europe 40971
Get_Azure_eu-north-europe 28441
Get_Thrift_Server_Storage_eu-north-europe 28471
Get_Azure_eu-north-europe 50009
Get_Thrift_Server_Storage_eu-north-europe 50053
Get_Azure_eu-north-europe 68646
Get_Thrift_Server_Storage_eu-north-europe 68672
Get_Azure_eu-north-europe 43468
Get_Thrift_Server_Storage_eu-north-europe 43506
Get_Azure_eu-north-europe 27319
Get_Thrift_Server_Storage_eu-north-europe 27375
Get_Azure_eu-north-europe 36942
Get_Thrift_Server_Storage_eu-north-europe 36964
Get_Azure_eu-north-europe 29585
Get_Thrift_Server_Storage_eu-north-europe 29607
Get_Azure_eu-north-europe 33663
Get_Thrift_Server_Storage_eu-north-europe 33703
Get_Azure_eu-north-europe 46452
Get_Thrift_Server_Storage_eu-north-europe 46497
Get_Azure_eu-north-europe 55019
Get_Thrift_Server_Storage_eu-north-europe 55063
Get_Azure_eu-north-europe 46105
Get_Thrift_Server_Storage_eu-north-europe 46139
Get_Azure_eu-north-europe 35864
Get_Thrift_Server_Storage_eu-north-europe 35901
Get_Azure_eu-north-europe 30090
Get_Thrift_Server_Storage_eu-north-europe 30172
Get_Azure_eu-north-europe 39915
Get_Thrift_Server_Storage_eu-north-europe 39955
Get_Azure_eu-north-europe 44024
Get_Thrift_Server_Storage_eu-north-europe 44052
Get_Azure_eu-north-europe 90853
Get_Thrift_Server_Storage_eu-north-europe 90879
Get_Azure_eu-north-europe 108523
Get_Thrift_Server_Storage_eu-north-europe 108547
Get_Azure_eu-north-europe 49716
Get_Thrift_Server_Storage_eu-north-europe 49771
Get_Azure_eu-north-europe 43580
Get_Thrift_Server_Storage_eu-north-europe 43608
Get_Azure_eu-north-europe 48669
Get_Thrift_Server_Storage_eu-north-europe 48696
Get_Azure_eu-north-europe 28403
Get_Thrift_Server_Storage_eu-north-europe 28446
Get_Azure_eu-north-europe 74481
Get_Thrift_Server_Storage_eu-north-europe 74533
Get_Azure_eu-north-europe 211719
Get_Thrift_Server_Storage_eu-north-europe 211745
Get_Azure_eu-north-europe 63500
Get_Thrift_Server_Storage_eu-north-europe 63549
Get_Azure_eu-north-europe 31704
Get_Thrift_Server_Storage_eu-north-europe 31757
Get_Azure_eu-north-europe 72998
Get_Thrift_Server_Storage_eu-north-europe 73021
Get_Azure_eu-north-europe 50328
Get_Thrift_Server_Storage_eu-north-europe 50361
Get_Azure_eu-north-europe 46442
Get_Thrift_Server_Storage_eu-north-europe 46475
Get_Azure_eu-north-europe 107020
Get_Thrift_Server_Storage_eu-north-europe 107060
Get_Azure_eu-north-europe 54237
Get_Thrift_Server_Storage_eu-north-europe 54270
Get_Azure_eu-north-europe 53734
Get_Thrift_Server_Storage_eu-north-europe 53758
Get_Azure_eu-north-europe 49056
Get_Thrift_Server_Storage_eu-north-europe 49089
Get_Azure_eu-north-europe 49724
Get_Thrift_Server_Storage_eu-north-europe 49771
Get_Azure_eu-north-europe 43160
Get_Thrift_Server_Storage_eu-north-europe 43189
Get_Azure_eu-north-europe 23698
Get_Thrift_Server_Storage_eu-north-europe 23743
Get_Azure_eu-north-europe 37332
Get_Thrift_Server_Storage_eu-north-europe 37365
Get_Azure_eu-north-europe 45029
Get_Thrift_Server_Storage_eu-north-europe 45064
Get_Azure_eu-north-europe 54615
Get_Thrift_Server_Storage_eu-north-europe 54665
Get_Azure_eu-north-europe 19091
Get_Thrift_Server_Storage_eu-north-europe 19110
Get_Azure_eu-north-europe 20614
Get_Thrift_Server_Storage_eu-north-europe 20638
Get_Azure_eu-north-europe 22596
Get_Thrift_Server_Storage_eu-north-europe 22618
Get_Azure_eu-north-europe 39610
Get_Thrift_Server_Storage_eu-north-europe 39638
Get_Azure_eu-north-europe 40480
Get_Thrift_Server_Storage_eu-north-europe 40540
Get_Azure_eu-north-europe 44143
Get_Thrift_Server_Storage_eu-north-europe 44184
Get_Azure_eu-north-europe 79205
Get_Thrift_Server_Storage_eu-north-europe 79225
Get_Azure_eu-north-europe 22998
Get_Thrift_Server_Storage_eu-north-europe 23026
Get_Azure_eu-north-europe 22446
Get_Thrift_Server_Storage_eu-north-europe 22486
Get_Azure_eu-north-europe 22705
Get_Thrift_Server_Storage_eu-north-europe 22728
Get_Azure_eu-north-europe 35048
Get_Thrift_Server_Storage_eu-north-europe 35092
Get_Azure_eu-north-europe 27752
Get_Thrift_Server_Storage_eu-north-europe 27785
Get_Azure_eu-north-europe 22891
Get_Thrift_Server_Storage_eu-north-europe 22916
Get_Azure_eu-north-europe 39063
Get_Thrift_Server_Storage_eu-north-europe 39109
Get_Azure_eu-north-europe 47302
Get_Thrift_Server_Storage_eu-north-europe 47321
Get_Azure_eu-north-europe 21591
Get_Thrift_Server_Storage_eu-north-europe 21621
Get_Azure_eu-north-europe 281371
Get_Thrift_Server_Storage_eu-north-europe 281410
Get_Azure_eu-north-europe 102444
Get_Thrift_Server_Storage_eu-north-europe 102471
Get_Azure_eu-north-europe 23715
Get_Thrift_Server_Storage_eu-north-europe 23738
Get_Azure_eu-north-europe 74315
Get_Thrift_Server_Storage_eu-north-europe 74389
Get_Azure_eu-north-europe 45754
Get_Thrift_Server_Storage_eu-north-europe 45796
Get_Azure_eu-north-europe 60464
Get_Thrift_Server_Storage_eu-north-europe 60490
Get_Azure_eu-north-europe 36080
Get_Thrift_Server_Storage_eu-north-europe 36120
Get_Azure_eu-north-europe 54467
Get_Thrift_Server_Storage_eu-north-europe 54500
Get_Azure_eu-north-europe 44669
Get_Thrift_Server_Storage_eu-north-europe 44695
Get_Azure_eu-north-europe 43082
Get_Thrift_Server_Storage_eu-north-europe 43104
Get_Azure_eu-north-europe 37290
Get_Thrift_Server_Storage_eu-north-europe 37315
Get_Azure_eu-north-europe 75801
Get_Thrift_Server_Storage_eu-north-europe 75833
Get_Azure_eu-north-europe 22964
Get_Thrift_Server_Storage_eu-north-europe 22986
Get_Azure_eu-north-europe 28226
Get_Thrift_Server_Storage_eu-north-europe 28275
Get_Azure_eu-north-europe 23081
Get_Thrift_Server_Storage_eu-north-europe 23112
Get_Azure_eu-north-europe 23267
Get_Thrift_Server_Storage_eu-north-europe 23301
Get_Azure_eu-north-europe 68972
Get_Thrift_Server_Storage_eu-north-europe 69021
Get_Azure_eu-north-europe 34410
Get_Thrift_Server_Storage_eu-north-europe 34437
Get_Azure_eu-north-europe 113354
Get_Thrift_Server_Storage_eu-north-europe 113376
Get_Azure_eu-north-europe 24725
Get_Thrift_Server_Storage_eu-north-europe 24742
Get_Azure_eu-north-europe 41505
Get_Thrift_Server_Storage_eu-north-europe 41544
Get_Azure_eu-north-europe 37094
Get_Thrift_Server_Storage_eu-north-europe 37142
Get_Azure_eu-north-europe 175142
Get_Thrift_Server_Storage_eu-north-europe 175166
Get_Azure_eu-north-europe 23990
Get_Thrift_Server_Storage_eu-north-europe 24016
Get_Azure_eu-north-europe 42341
Get_Thrift_Server_Storage_eu-north-europe 42366
Get_Azure_eu-north-europe 25244
Get_Thrift_Server_Storage_eu-north-europe 25267
Get_Azure_eu-north-europe 29332
Get_Thrift_Server_Storage_eu-north-europe 29363
Get_Azure_eu-north-europe 35575
Get_Thrift_Server_Storage_eu-north-europe 35623
Get_Azure_eu-north-europe 48677
Get_Thrift_Server_Storage_eu-north-europe 48711
Get_Azure_eu-north-europe 40517
Get_Thrift_Server_Storage_eu-north-europe 40542
Get_Azure_eu-north-europe 21638
Get_Thrift_Server_Storage_eu-north-europe 21661
Get_Azure_eu-north-europe 62651
Get_Thrift_Server_Storage_eu-north-europe 62690
Get_Azure_eu-north-europe 50351
Get_Thrift_Server_Storage_eu-north-europe 50374
Get_Azure_eu-north-europe 34734
Get_Thrift_Server_Storage_eu-north-europe 34776
Get_Azure_eu-north-europe 55957
Get_Thrift_Server_Storage_eu-north-europe 56001
Get_Azure_eu-north-europe 56853
Get_Thrift_Server_Storage_eu-north-europe 56893
Get_Azure_eu-north-europe 48531
Get_Thrift_Server_Storage_eu-north-europe 48572
Get_Azure_eu-north-europe 37785
Get_Thrift_Server_Storage_eu-north-europe 37804
Get_Azure_eu-north-europe 32450
Get_Thrift_Server_Storage_eu-north-europe 32482
Get_Azure_eu-north-europe 45276
Get_Thrift_Server_Storage_eu-north-europe 45330
Get_Azure_eu-north-europe 56374
Get_Thrift_Server_Storage_eu-north-europe 56445
Get_Azure_eu-north-europe 52794
Get_Thrift_Server_Storage_eu-north-europe 52819
Get_Azure_eu-north-europe 150179
Get_Thrift_Server_Storage_eu-north-europe 150207
Get_Azure_eu-north-europe 61069
Get_Thrift_Server_Storage_eu-north-europe 61115
Get_Azure_eu-north-europe 89448
Get_Thrift_Server_Storage_eu-north-europe 89470
Get_Azure_eu-north-europe 34729
Get_Thrift_Server_Storage_eu-north-europe 34749
Get_Azure_eu-north-europe 22776
Get_Thrift_Server_Storage_eu-north-europe 22814
Get_Azure_eu-north-europe 43844
Get_Thrift_Server_Storage_eu-north-europe 43866
Get_Azure_eu-north-europe 22945
Get_Thrift_Server_Storage_eu-north-europe 23001
Get_Azure_eu-north-europe 76413
Get_Thrift_Server_Storage_eu-north-europe 76469
Get_Azure_eu-north-europe 40173
Get_Thrift_Server_Storage_eu-north-europe 40214
Get_Azure_eu-north-europe 64304
Get_Thrift_Server_Storage_eu-north-europe 64347
Get_Azure_eu-north-europe 24055
Get_Thrift_Server_Storage_eu-north-europe 24074
Get_Azure_eu-north-europe 26804
Get_Thrift_Server_Storage_eu-north-europe 26822
Get_Azure_eu-north-europe 38593
Get_Thrift_Server_Storage_eu-north-europe 38626
Get_Azure_eu-north-europe 47069
Get_Thrift_Server_Storage_eu-north-europe 47102
Get_Azure_eu-north-europe 27934
Get_Thrift_Server_Storage_eu-north-europe 27960
Get_Azure_eu-north-europe 30508
Get_Thrift_Server_Storage_eu-north-europe 30568
Get_Azure_eu-north-europe 96852
Get_Thrift_Server_Storage_eu-north-europe 96911
Get_Azure_eu-north-europe 23490
Get_Thrift_Server_Storage_eu-north-europe 23524
Get_Azure_eu-north-europe 23690
Get_Thrift_Server_Storage_eu-north-europe 23714
Get_Azure_eu-north-europe 26559
Get_Thrift_Server_Storage_eu-north-europe 26587
Get_Azure_eu-north-europe 21974
Get_Thrift_Server_Storage_eu-north-europe 22016
Get_Azure_eu-north-europe 39377
Get_Thrift_Server_Storage_eu-north-europe 39398
Get_Azure_eu-north-europe 21311
Get_Thrift_Server_Storage_eu-north-europe 21341
Get_Azure_eu-north-europe 27760
Get_Thrift_Server_Storage_eu-north-europe 27790
Get_Azure_eu-north-europe 167305
Get_Thrift_Server_Storage_eu-north-europe 167365
Get_Azure_eu-north-europe 48957
Get_Thrift_Server_Storage_eu-north-europe 48989
Get_Azure_eu-north-europe 30444
Get_Thrift_Server_Storage_eu-north-europe 30468
Get_Azure_eu-north-europe 32966
Get_Thrift_Server_Storage_eu-north-europe 33015
Get_Azure_eu-north-europe 27495
Get_Thrift_Server_Storage_eu-north-europe 27522
Get_Azure_eu-north-europe 32838
Get_Thrift_Server_Storage_eu-north-europe 32863
Get_Azure_eu-north-europe 64407
Get_Thrift_Server_Storage_eu-north-europe 64430
Get_Azure_eu-north-europe 29529
Get_Thrift_Server_Storage_eu-north-europe 29553
Get_Azure_eu-north-europe 27796
Get_Thrift_Server_Storage_eu-north-europe 27826
Get_Azure_eu-north-europe 50176
Get_Thrift_Server_Storage_eu-north-europe 50216
Get_Azure_eu-north-europe 35267
Get_Thrift_Server_Storage_eu-north-europe 35288
Get_Azure_eu-north-europe 29476
Get_Thrift_Server_Storage_eu-north-europe 29521
Get_Azure_eu-north-europe 27244
Get_Thrift_Server_Storage_eu-north-europe 27265
Get_Azure_eu-north-europe 24706
Get_Thrift_Server_Storage_eu-north-europe 24742
Get_Azure_eu-north-europe 26986
Get_Thrift_Server_Storage_eu-north-europe 27023
Get_Azure_eu-north-europe 29095
Get_Thrift_Server_Storage_eu-north-europe 29124
Get_Azure_eu-north-europe 46247
Get_Thrift_Server_Storage_eu-north-europe 46263
Get_Azure_eu-north-europe 25047
Get_Thrift_Server_Storage_eu-north-europe 25090
Get_Azure_eu-north-europe 28128
Get_Thrift_Server_Storage_eu-north-europe 28174
Get_Azure_eu-north-europe 27497
Get_Thrift_Server_Storage_eu-north-europe 27545
Get_Azure_eu-north-europe 136174
Get_Thrift_Server_Storage_eu-north-europe 136202
Get_Azure_eu-north-europe 130067
Get_Thrift_Server_Storage_eu-north-europe 130126
Get_Azure_eu-north-europe 74860
Get_Thrift_Server_Storage_eu-north-europe 74888
Get_Azure_eu-north-europe 49965
Get_Thrift_Server_Storage_eu-north-europe 50024
Get_Azure_eu-north-europe 45874
Get_Thrift_Server_Storage_eu-north-europe 45911
Get_Azure_eu-north-europe 29376
Get_Thrift_Server_Storage_eu-north-europe 29415
Get_Azure_eu-north-europe 28428
Get_Thrift_Server_Storage_eu-north-europe 28458
Get_Azure_eu-north-europe 65582
Get_Thrift_Server_Storage_eu-north-europe 65607
Get_Azure_eu-north-europe 70710
Get_Thrift_Server_Storage_eu-north-europe 70755
Get_Azure_eu-north-europe 67964
Get_Thrift_Server_Storage_eu-north-europe 67995
Get_Azure_eu-north-europe 106154
Get_Thrift_Server_Storage_eu-north-europe 106208
Get_Azure_eu-north-europe 76015
Get_Thrift_Server_Storage_eu-north-europe 76048
Get_Azure_eu-north-europe 106600
Get_Thrift_Server_Storage_eu-north-europe 106628
Get_Azure_eu-north-europe 151069
Get_Thrift_Server_Storage_eu-north-europe 151099
Get_Azure_eu-north-europe 39798
Get_Thrift_Server_Storage_eu-north-europe 39860
Get_Azure_eu-north-europe 42968
Get_Thrift_Server_Storage_eu-north-europe 42990
Get_Azure_eu-north-europe 56154
Get_Thrift_Server_Storage_eu-north-europe 56177
Get_Azure_eu-north-europe 52285
Get_Thrift_Server_Storage_eu-north-europe 52320
Get_Azure_eu-north-europe 42993
Get_Thrift_Server_Storage_eu-north-europe 43018
Get_Azure_eu-north-europe 54996
Get_Thrift_Server_Storage_eu-north-europe 55052
Get_Azure_eu-north-europe 47414
Get_Thrift_Server_Storage_eu-north-europe 47448
Get_Azure_eu-north-europe 23503
Get_Thrift_Server_Storage_eu-north-europe 23525
Get_Azure_eu-north-europe 32336
Get_Thrift_Server_Storage_eu-north-europe 32373
Get_Azure_eu-north-europe 24520
Get_Thrift_Server_Storage_eu-north-europe 24560
Get_Azure_eu-north-europe 50768
Get_Thrift_Server_Storage_eu-north-europe 50796
Get_Azure_eu-north-europe 41306
Get_Thrift_Server_Storage_eu-north-europe 41327
Get_Azure_eu-north-europe 46745
Get_Thrift_Server_Storage_eu-north-europe 46777
Get_Azure_eu-north-europe 23908
Get_Thrift_Server_Storage_eu-north-europe 23942
Get_Azure_eu-north-europe 39378
Get_Thrift_Server_Storage_eu-north-europe 39411
Get_Azure_eu-north-europe 23149
Get_Thrift_Server_Storage_eu-north-europe 23199
Get_Azure_eu-north-europe 25721
Get_Thrift_Server_Storage_eu-north-europe 25753
Get_Azure_eu-north-europe 80363
Get_Thrift_Server_Storage_eu-north-europe 80391
Get_Azure_eu-north-europe 54402
Get_Thrift_Server_Storage_eu-north-europe 54458
Get_Azure_eu-north-europe 140484
Get_Thrift_Server_Storage_eu-north-europe 140511
Get_Azure_eu-north-europe 41684
Get_Thrift_Server_Storage_eu-north-europe 41721
Get_Azure_eu-north-europe 39483
Get_Thrift_Server_Storage_eu-north-europe 39514
Get_Azure_eu-north-europe 62625
Get_Thrift_Server_Storage_eu-north-europe 62660
Get_Azure_eu-north-europe 26321
Get_Thrift_Server_Storage_eu-north-europe 26343
Get_Azure_eu-north-europe 43580
Get_Thrift_Server_Storage_eu-north-europe 43604
Get_Azure_eu-north-europe 50261
Get_Thrift_Server_Storage_eu-north-europe 50295
Get_Azure_eu-north-europe 79492
Get_Thrift_Server_Storage_eu-north-europe 79520
Get_Azure_eu-north-europe 64883
Get_Thrift_Server_Storage_eu-north-europe 64925
Get_Azure_eu-north-europe 59312
Get_Thrift_Server_Storage_eu-north-europe 59334
Get_Azure_eu-north-europe 44670
Get_Thrift_Server_Storage_eu-north-europe 44706
Get_Azure_eu-north-europe 42285
Get_Thrift_Server_Storage_eu-north-europe 42320
Get_Azure_eu-north-europe 54193
Get_Thrift_Server_Storage_eu-north-europe 54211
Get_Azure_eu-north-europe 120969
Get_Thrift_Server_Storage_eu-north-europe 120989
Get_Azure_eu-north-europe 46033
Get_Thrift_Server_Storage_eu-north-europe 46094
Get_Azure_eu-north-europe 87852
Get_Thrift_Server_Storage_eu-north-europe 87928
Get_Azure_eu-north-europe 59110
Get_Thrift_Server_Storage_eu-north-europe 59158
Get_Azure_eu-north-europe 83872
Get_Thrift_Server_Storage_eu-north-europe 83917
Get_Azure_eu-north-europe 67275
Get_Thrift_Server_Storage_eu-north-europe 67304
Get_Azure_eu-north-europe 53103
Get_Thrift_Server_Storage_eu-north-europe 53129
Get_Azure_eu-north-europe 48744
Get_Thrift_Server_Storage_eu-north-europe 48792
Get_Azure_eu-north-europe 59999
Get_Thrift_Server_Storage_eu-north-europe 60030
Get_Azure_eu-north-europe 32867
Get_Thrift_Server_Storage_eu-north-europe 32901
Get_Azure_eu-north-europe 29763
Get_Thrift_Server_Storage_eu-north-europe 29811
Get_Azure_eu-north-europe 66153
Get_Thrift_Server_Storage_eu-north-europe 66185
Get_Azure_eu-north-europe 88039
Get_Thrift_Server_Storage_eu-north-europe 88067
Get_Azure_eu-north-europe 98008
Get_Thrift_Server_Storage_eu-north-europe 98053
Get_Azure_eu-north-europe 122598
Get_Thrift_Server_Storage_eu-north-europe 122637
Get_Azure_eu-north-europe 40472
Get_Thrift_Server_Storage_eu-north-europe 40539
Get_Azure_eu-north-europe 42076
Get_Thrift_Server_Storage_eu-north-europe 42115
Get_Azure_eu-north-europe 38714
Get_Thrift_Server_Storage_eu-north-europe 38740
Get_Azure_eu-north-europe 50732
Get_Thrift_Server_Storage_eu-north-europe 50761
Get_Azure_eu-north-europe 57803
Get_Thrift_Server_Storage_eu-north-europe 57848
Get_Azure_eu-north-europe 24805
Get_Thrift_Server_Storage_eu-north-europe 24831
Get_Azure_eu-north-europe 98725
Get_Thrift_Server_Storage_eu-north-europe 98743
Get_Azure_eu-north-europe 104184
Get_Thrift_Server_Storage_eu-north-europe 104217
Get_Azure_eu-north-europe 82017
Get_Thrift_Server_Storage_eu-north-europe 82049
Get_Azure_eu-north-europe 73848
Get_Thrift_Server_Storage_eu-north-europe 73869
Get_Azure_eu-north-europe 205965
Get_Thrift_Server_Storage_eu-north-europe 206016
Get_Azure_eu-north-europe 67350
Get_Thrift_Server_Storage_eu-north-europe 67372
Get_Azure_eu-north-europe 62322
Get_Thrift_Server_Storage_eu-north-europe 62362
Get_Azure_eu-north-europe 36352
Get_Thrift_Server_Storage_eu-north-europe 36413
Get_Azure_eu-north-europe 53232
Get_Thrift_Server_Storage_eu-north-europe 53253
Get_Azure_eu-north-europe 33082
Get_Thrift_Server_Storage_eu-north-europe 33111
Get_Azure_eu-north-europe 54251
Get_Thrift_Server_Storage_eu-north-europe 54276
Get_Azure_eu-north-europe 35368
Get_Thrift_Server_Storage_eu-north-europe 35417
Get_Azure_eu-north-europe 27948
Get_Thrift_Server_Storage_eu-north-europe 27973
Get_Azure_eu-north-europe 60143
Get_Thrift_Server_Storage_eu-north-europe 60199
Get_Azure_eu-north-europe 69001
Get_Thrift_Server_Storage_eu-north-europe 69035
Get_Azure_eu-north-europe 48784
Get_Thrift_Server_Storage_eu-north-europe 48847
Get_Azure_eu-north-europe 49810
Get_Thrift_Server_Storage_eu-north-europe 49835
Get_Azure_eu-north-europe 68700
Get_Thrift_Server_Storage_eu-north-europe 68789
Get_Azure_eu-north-europe 58647
Get_Thrift_Server_Storage_eu-north-europe 58692
Get_Azure_eu-north-europe 36976
Get_Thrift_Server_Storage_eu-north-europe 37028
Get_Azure_eu-north-europe 49389
Get_Thrift_Server_Storage_eu-north-europe 49410
Get_Azure_eu-north-europe 46384
Get_Thrift_Server_Storage_eu-north-europe 46412
Get_Azure_eu-north-europe 93705
Get_Thrift_Server_Storage_eu-north-europe 93727
Get_Azure_eu-north-europe 41938
Get_Thrift_Server_Storage_eu-north-europe 41986
Get_Azure_eu-north-europe 50171
Get_Thrift_Server_Storage_eu-north-europe 50195
Get_Azure_eu-north-europe 153650
Get_Thrift_Server_Storage_eu-north-europe 153717
Get_Azure_eu-north-europe 46365
Get_Thrift_Server_Storage_eu-north-europe 46398
Get_Azure_eu-north-europe 36503
Get_Thrift_Server_Storage_eu-north-europe 36525
Get_Azure_eu-north-europe 23353
Get_Thrift_Server_Storage_eu-north-europe 23413
Get_Azure_eu-north-europe 49485
Get_Thrift_Server_Storage_eu-north-europe 49514
Get_Azure_eu-north-europe 55371
Get_Thrift_Server_Storage_eu-north-europe 55403
Get_Azure_eu-north-europe 24936
Get_Thrift_Server_Storage_eu-north-europe 24979
Get_Azure_eu-north-europe 56754
Get_Thrift_Server_Storage_eu-north-europe 56791
Get_Azure_eu-north-europe 22303
Get_Thrift_Server_Storage_eu-north-europe 22341
Get_Azure_eu-north-europe 41685
Get_Thrift_Server_Storage_eu-north-europe 41711
Get_Azure_eu-north-europe 53657
Get_Thrift_Server_Storage_eu-north-europe 53726
Get_Azure_eu-north-europe 31233
Get_Thrift_Server_Storage_eu-north-europe 31277
Get_Azure_eu-north-europe 51349
Get_Thrift_Server_Storage_eu-north-europe 51384
Get_Azure_eu-north-europe 42000
Get_Thrift_Server_Storage_eu-north-europe 42054
Get_Azure_eu-north-europe 65200
Get_Thrift_Server_Storage_eu-north-europe 65222
Get_Azure_eu-north-europe 66578
Get_Thrift_Server_Storage_eu-north-europe 66635
Get_Azure_eu-north-europe 58294
Get_Thrift_Server_Storage_eu-north-europe 58318
Get_Azure_eu-north-europe 50367
Get_Thrift_Server_Storage_eu-north-europe 50405
Get_Azure_eu-north-europe 39913
Get_Thrift_Server_Storage_eu-north-europe 39967
Get_Azure_eu-north-europe 84176
Get_Thrift_Server_Storage_eu-north-europe 84224
Get_Azure_eu-north-europe 212266
Get_Thrift_Server_Storage_eu-north-europe 212291
Get_Azure_eu-north-europe 65711
Get_Thrift_Server_Storage_eu-north-europe 65751
Get_Azure_eu-north-europe 107633
Get_Thrift_Server_Storage_eu-north-europe 107678
Get_Azure_eu-north-europe 65012
Get_Thrift_Server_Storage_eu-north-europe 65036
Get_Azure_eu-north-europe 133393
Get_Thrift_Server_Storage_eu-north-europe 133426
Get_Azure_eu-north-europe 61954
Get_Thrift_Server_Storage_eu-north-europe 61976
Get_Azure_eu-north-europe 126371
Get_Thrift_Server_Storage_eu-north-europe 126411
Get_Azure_eu-north-europe 58119
Get_Thrift_Server_Storage_eu-north-europe 58176
Get_Azure_eu-north-europe 225860
Get_Thrift_Server_Storage_eu-north-europe 225908
Get_Azure_eu-north-europe 144064
Get_Thrift_Server_Storage_eu-north-europe 144102
Get_Azure_eu-north-europe 221782
Get_Thrift_Server_Storage_eu-north-europe 221815
Get_Azure_eu-north-europe 47384
Get_Thrift_Server_Storage_eu-north-europe 47410
Get_Azure_eu-north-europe 85066
Get_Thrift_Server_Storage_eu-north-europe 85132
Get_Azure_eu-north-europe 77468
Get_Thrift_Server_Storage_eu-north-europe 77525
Get_Azure_eu-north-europe 94968
Get_Thrift_Server_Storage_eu-north-europe 95036
Get_Azure_eu-north-europe 79637
Get_Thrift_Server_Storage_eu-north-europe 79674
Get_Azure_eu-north-europe 92548
Get_Thrift_Server_Storage_eu-north-europe 92596
Get_Azure_eu-north-europe 89311
Get_Thrift_Server_Storage_eu-north-europe 89360
Get_Azure_eu-north-europe 85636
Get_Thrift_Server_Storage_eu-north-europe 85670
Get_Azure_eu-north-europe 69886
Get_Thrift_Server_Storage_eu-north-europe 69915
Get_Azure_eu-north-europe 207525
Get_Thrift_Server_Storage_eu-north-europe 207585
Get_Azure_eu-north-europe 174835
Get_Thrift_Server_Storage_eu-north-europe 174878
Get_Azure_eu-north-europe 134812
Get_Thrift_Server_Storage_eu-north-europe 134841
Get_Azure_eu-north-europe 77394
Get_Thrift_Server_Storage_eu-north-europe 77434
Get_Azure_eu-north-europe 133481
Get_Thrift_Server_Storage_eu-north-europe 133523
Get_Azure_eu-north-europe 96757
Get_Thrift_Server_Storage_eu-north-europe 96806
Get_Azure_eu-north-europe 227247
Get_Thrift_Server_Storage_eu-north-europe 227280
Get_Azure_eu-north-europe 42200
Get_Thrift_Server_Storage_eu-north-europe 42232
Get_Azure_eu-north-europe 51406
Get_Thrift_Server_Storage_eu-north-europe 51474
Get_Azure_eu-north-europe 66799
Get_Thrift_Server_Storage_eu-north-europe 66835
Get_Azure_eu-north-europe 99138
Get_Thrift_Server_Storage_eu-north-europe 99183
Get_Azure_eu-north-europe 262404
Get_Thrift_Server_Storage_eu-north-europe 262451
Get_Azure_eu-north-europe 26577
Get_Thrift_Server_Storage_eu-north-europe 26621
Get_Azure_eu-north-europe 65220
Get_Thrift_Server_Storage_eu-north-europe 65266
Get_Azure_eu-north-europe 34786
Get_Thrift_Server_Storage_eu-north-europe 34812
Get_Azure_eu-north-europe 22585
Get_Thrift_Server_Storage_eu-north-europe 22609
Get_Azure_eu-north-europe 49254
Get_Thrift_Server_Storage_eu-north-europe 49294
Get_Azure_eu-north-europe 28833
Get_Thrift_Server_Storage_eu-north-europe 28914
Get_Azure_eu-north-europe 73815
Get_Thrift_Server_Storage_eu-north-europe 73852
Get_Azure_eu-north-europe 93859
Get_Thrift_Server_Storage_eu-north-europe 93898
Get_Azure_eu-north-europe 42850
Get_Thrift_Server_Storage_eu-north-europe 42897
Get_Azure_eu-north-europe 32645
Get_Thrift_Server_Storage_eu-north-europe 32671
Get_Azure_eu-north-europe 69634
Get_Thrift_Server_Storage_eu-north-europe 69661
Get_Azure_eu-north-europe 41821
Get_Thrift_Server_Storage_eu-north-europe 41885
Get_Azure_eu-north-europe 47082
Get_Thrift_Server_Storage_eu-north-europe 47104
Get_Azure_eu-north-europe 44521
Get_Thrift_Server_Storage_eu-north-europe 44547
Get_Azure_eu-north-europe 42489
Get_Thrift_Server_Storage_eu-north-europe 42553
Get_Azure_eu-north-europe 28841
Get_Thrift_Server_Storage_eu-north-europe 28874
Get_Azure_eu-north-europe 108045
Get_Thrift_Server_Storage_eu-north-europe 108066
Get_Azure_eu-north-europe 59085
Get_Thrift_Server_Storage_eu-north-europe 59106
Get_Azure_eu-north-europe 63968
Get_Thrift_Server_Storage_eu-north-europe 64010
Get_Azure_eu-north-europe 71546
Get_Thrift_Server_Storage_eu-north-europe 71572
Get_Azure_eu-north-europe 140833
Get_Thrift_Server_Storage_eu-north-europe 140859
Get_Azure_eu-north-europe 37620
Get_Thrift_Server_Storage_eu-north-europe 37672
Get_Azure_eu-north-europe 26106
Get_Thrift_Server_Storage_eu-north-europe 26130
Get_Azure_eu-north-europe 423544
Get_Thrift_Server_Storage_eu-north-europe 423588
Get_Azure_eu-north-europe 75293
Get_Thrift_Server_Storage_eu-north-europe 75331
Get_Azure_eu-north-europe 166175
Get_Thrift_Server_Storage_eu-north-europe 166246
Get_Azure_eu-north-europe 55394
Get_Thrift_Server_Storage_eu-north-europe 55423
Get_Azure_eu-north-europe 40922
Get_Thrift_Server_Storage_eu-north-europe 40956
Get_Azure_eu-north-europe 56861
Get_Thrift_Server_Storage_eu-north-europe 56922
Get_Azure_eu-north-europe 55968
Get_Thrift_Server_Storage_eu-north-europe 55990
Get_Azure_eu-north-europe 62252
Get_Thrift_Server_Storage_eu-north-europe 62274
Get_Azure_eu-north-europe 52573
Get_Thrift_Server_Storage_eu-north-europe 52612
Get_Azure_eu-north-europe 55088
Get_Thrift_Server_Storage_eu-north-europe 55150
Get_Azure_eu-north-europe 53132
Get_Thrift_Server_Storage_eu-north-europe 53176
Get_Azure_eu-north-europe 48124
Get_Thrift_Server_Storage_eu-north-europe 48167
Get_Azure_eu-north-europe 30190
Get_Thrift_Server_Storage_eu-north-europe 30231
Get_Azure_eu-north-europe 29244
Get_Thrift_Server_Storage_eu-north-europe 29269
Get_Azure_eu-north-europe 48448
Get_Thrift_Server_Storage_eu-north-europe 48483
Get_Azure_eu-north-europe 54136
Get_Thrift_Server_Storage_eu-north-europe 54195
Get_Azure_eu-north-europe 31727
Get_Thrift_Server_Storage_eu-north-europe 31774
Get_Azure_eu-north-europe 40008
Get_Thrift_Server_Storage_eu-north-europe 40037
Get_Azure_eu-north-europe 25026
Get_Thrift_Server_Storage_eu-north-europe 25061
Get_Azure_eu-north-europe 37908
Get_Thrift_Server_Storage_eu-north-europe 38004
Get_Azure_eu-north-europe 59930
Get_Thrift_Server_Storage_eu-north-europe 59965
Get_Azure_eu-north-europe 57897
Get_Thrift_Server_Storage_eu-north-europe 57934
Get_Azure_eu-north-europe 60706
Get_Thrift_Server_Storage_eu-north-europe 60735
Get_Azure_eu-north-europe 52353
Get_Thrift_Server_Storage_eu-north-europe 52397
Get_Azure_eu-north-europe 158472
Get_Thrift_Server_Storage_eu-north-europe 158530
Get_Azure_eu-north-europe 52947
Get_Thrift_Server_Storage_eu-north-europe 52971
Get_Azure_eu-north-europe 55513
Get_Thrift_Server_Storage_eu-north-europe 55532
Get_Azure_eu-north-europe 22897
Get_Thrift_Server_Storage_eu-north-europe 22929
Get_Azure_eu-north-europe 60350
Get_Thrift_Server_Storage_eu-north-europe 60384
Get_Azure_eu-north-europe 79018
Get_Thrift_Server_Storage_eu-north-europe 79045
Get_Azure_eu-north-europe 172954
Get_Thrift_Server_Storage_eu-north-europe 172982
Get_Azure_eu-north-europe 127313
Get_Thrift_Server_Storage_eu-north-europe 127356
Get_Azure_eu-north-europe 57493
Get_Thrift_Server_Storage_eu-north-europe 57561
Get_Azure_eu-north-europe 99405
Get_Thrift_Server_Storage_eu-north-europe 99471
Get_Azure_eu-north-europe 88732
Get_Thrift_Server_Storage_eu-north-europe 88796
Get_Azure_eu-north-europe 404567
Get_Thrift_Server_Storage_eu-north-europe 404609
Get_Azure_eu-north-europe 138242
Get_Thrift_Server_Storage_eu-north-europe 138296
Get_Azure_eu-north-europe 54876
Get_Thrift_Server_Storage_eu-north-europe 54939
Get_Azure_eu-north-europe 40461
Get_Thrift_Server_Storage_eu-north-europe 40498
Get_Azure_eu-north-europe 35367
Get_Thrift_Server_Storage_eu-north-europe 35395
Get_Azure_eu-north-europe 52482
Get_Thrift_Server_Storage_eu-north-europe 52511
Get_Azure_eu-north-europe 55054
Get_Thrift_Server_Storage_eu-north-europe 55078
Get_Azure_eu-north-europe 48446
Get_Thrift_Server_Storage_eu-north-europe 48496
Get_Azure_eu-north-europe 59368
Get_Thrift_Server_Storage_eu-north-europe 59408
Get_Azure_eu-north-europe 27898
Get_Thrift_Server_Storage_eu-north-europe 27927
Get_Azure_eu-north-europe 51969
Get_Thrift_Server_Storage_eu-north-europe 52072
Get_Azure_eu-north-europe 72715
Get_Thrift_Server_Storage_eu-north-europe 72755
Get_Azure_eu-north-europe 52678
Get_Thrift_Server_Storage_eu-north-europe 52710
Get_Azure_eu-north-europe 58640
Get_Thrift_Server_Storage_eu-north-europe 58683
Get_Azure_eu-north-europe 93474
Get_Thrift_Server_Storage_eu-north-europe 93534
Get_Azure_eu-north-europe 57653
Get_Thrift_Server_Storage_eu-north-europe 57695
Get_Azure_eu-north-europe 70344
Get_Thrift_Server_Storage_eu-north-europe 70384
Get_Azure_eu-north-europe 29563
Get_Thrift_Server_Storage_eu-north-europe 29590
Get_Azure_eu-north-europe 41162
Get_Thrift_Server_Storage_eu-north-europe 41189
Get_Azure_eu-north-europe 56290
Get_Thrift_Server_Storage_eu-north-europe 56311
Get_Azure_eu-north-europe 49372
Get_Thrift_Server_Storage_eu-north-europe 49396
Get_Azure_eu-north-europe 72988
Get_Thrift_Server_Storage_eu-north-europe 73020
Get_Azure_eu-north-europe 47420
Get_Thrift_Server_Storage_eu-north-europe 47443
Get_Azure_eu-north-europe 88988
Get_Thrift_Server_Storage_eu-north-europe 89026
Get_Azure_eu-north-europe 49177
Get_Thrift_Server_Storage_eu-north-europe 49213
Get_Azure_eu-north-europe 55396
Get_Thrift_Server_Storage_eu-north-europe 55451
Get_Azure_eu-north-europe 39951
Get_Thrift_Server_Storage_eu-north-europe 40007
Get_Azure_eu-north-europe 31666
Get_Thrift_Server_Storage_eu-north-europe 31691
Get_Azure_eu-north-europe 57595
Get_Thrift_Server_Storage_eu-north-europe 57623
Get_Azure_eu-north-europe 72693
Get_Thrift_Server_Storage_eu-north-europe 72734
Get_Azure_eu-north-europe 56461
Get_Thrift_Server_Storage_eu-north-europe 56495
Get_Azure_eu-north-europe 43069
Get_Thrift_Server_Storage_eu-north-europe 43146
Get_Azure_eu-north-europe 81044
Get_Thrift_Server_Storage_eu-north-europe 81088
Get_Azure_eu-north-europe 53097
Get_Thrift_Server_Storage_eu-north-europe 53129
Get_Azure_eu-north-europe 108519
Get_Thrift_Server_Storage_eu-north-europe 108567
Get_Azure_eu-north-europe 50536
Get_Thrift_Server_Storage_eu-north-europe 50604
Get_Azure_eu-north-europe 45774
Get_Thrift_Server_Storage_eu-north-europe 45806
Get_Azure_eu-north-europe 101612
Get_Thrift_Server_Storage_eu-north-europe 101679
Get_Azure_eu-north-europe 113985
Get_Thrift_Server_Storage_eu-north-europe 114037
Get_Azure_eu-north-europe 86427
Get_Thrift_Server_Storage_eu-north-europe 86472
Get_Azure_eu-north-europe 38036
Get_Thrift_Server_Storage_eu-north-europe 38064
Get_Azure_eu-north-europe 39208
Get_Thrift_Server_Storage_eu-north-europe 39247
Get_Azure_eu-north-europe 53423
Get_Thrift_Server_Storage_eu-north-europe 53466
Get_Azure_eu-north-europe 41798
Get_Thrift_Server_Storage_eu-north-europe 41866
Get_Azure_eu-north-europe 67797
Get_Thrift_Server_Storage_eu-north-europe 67823
Get_Azure_eu-north-europe 26256
Get_Thrift_Server_Storage_eu-north-europe 26281
Get_Azure_eu-north-europe 40639
Get_Thrift_Server_Storage_eu-north-europe 40662
Get_Azure_eu-north-europe 143731
Get_Thrift_Server_Storage_eu-north-europe 143771
Get_Azure_eu-north-europe 44729
Get_Thrift_Server_Storage_eu-north-europe 44757
Get_Azure_eu-north-europe 58408
Get_Thrift_Server_Storage_eu-north-europe 58453
Get_Azure_eu-north-europe 50221
Get_Thrift_Server_Storage_eu-north-europe 50250
Get_Azure_eu-north-europe 76640
Get_Thrift_Server_Storage_eu-north-europe 76664
Get_Azure_eu-north-europe 119999
Get_Thrift_Server_Storage_eu-north-europe 120041
Get_Azure_eu-north-europe 24496
Get_Thrift_Server_Storage_eu-north-europe 24525
Get_Azure_eu-north-europe 114062
Get_Thrift_Server_Storage_eu-north-europe 114110
Get_Azure_eu-north-europe 41987
Get_Thrift_Server_Storage_eu-north-europe 42028
Get_Azure_eu-north-europe 205092
Get_Thrift_Server_Storage_eu-north-europe 205128
Get_Azure_eu-north-europe 132415
Get_Thrift_Server_Storage_eu-north-europe 132442
Get_Azure_eu-north-europe 53638
Get_Thrift_Server_Storage_eu-north-europe 53673
Get_Azure_eu-north-europe 48708
Get_Thrift_Server_Storage_eu-north-europe 48797
Get_Azure_eu-north-europe 32085
Get_Thrift_Server_Storage_eu-north-europe 32115
Get_Azure_eu-north-europe 27890
Get_Thrift_Server_Storage_eu-north-europe 27930
Get_Azure_eu-north-europe 61027
Get_Thrift_Server_Storage_eu-north-europe 61058
Get_Azure_eu-north-europe 88617
Get_Thrift_Server_Storage_eu-north-europe 88651
