Get_Azure_us-west-central 56355
Get_Thrift_Server_Storage_us-west-central 56511
Get_Azure_us-west-central 22765
Get_Thrift_Server_Storage_us-west-central 22810
Get_Azure_us-west-central 14946
Get_Thrift_Server_Storage_us-west-central 14986
Get_Azure_us-west-central 15197
Get_Thrift_Server_Storage_us-west-central 15225
Get_Azure_us-west-central 24965
Get_Thrift_Server_Storage_us-west-central 24986
Get_Azure_us-west-central 15789
Get_Thrift_Server_Storage_us-west-central 15811
Get_Azure_us-west-central 15484
Get_Thrift_Server_Storage_us-west-central 15710
Get_Azure_us-west-central 14348
Get_Thrift_Server_Storage_us-west-central 14369
Get_Azure_us-west-central 14279
Get_Thrift_Server_Storage_us-west-central 14317
Get_Azure_us-west-central 15568
Get_Thrift_Server_Storage_us-west-central 15592
Get_Azure_us-west-central 19135
Get_Thrift_Server_Storage_us-west-central 19175
Get_Azure_us-west-central 14532
Get_Thrift_Server_Storage_us-west-central 14559
Get_Azure_us-west-central 15723
Get_Thrift_Server_Storage_us-west-central 15759
Get_Azure_us-west-central 14768
Get_Thrift_Server_Storage_us-west-central 14795
Get_Azure_us-west-central 16047
Get_Thrift_Server_Storage_us-west-central 16074
Get_Azure_us-west-central 14732
Get_Thrift_Server_Storage_us-west-central 14753
Get_Azure_us-west-central 15436
Get_Thrift_Server_Storage_us-west-central 15462
Get_Azure_us-west-central 15576
Get_Thrift_Server_Storage_us-west-central 15616
Get_Azure_us-west-central 18582
Get_Thrift_Server_Storage_us-west-central 18608
Get_Azure_us-west-central 15398
Get_Thrift_Server_Storage_us-west-central 15418
Get_Azure_us-west-central 15194
Get_Thrift_Server_Storage_us-west-central 15217
Get_Azure_us-west-central 15750
Get_Thrift_Server_Storage_us-west-central 15777
Get_Azure_us-west-central 15338
Get_Thrift_Server_Storage_us-west-central 15370
Get_Azure_us-west-central 13704
Get_Thrift_Server_Storage_us-west-central 13727
Get_Azure_us-west-central 28511
Get_Thrift_Server_Storage_us-west-central 28537
Get_Azure_us-west-central 15194
Get_Thrift_Server_Storage_us-west-central 15239
Get_Azure_us-west-central 15976
Get_Thrift_Server_Storage_us-west-central 16008
Get_Azure_us-west-central 14479
Get_Thrift_Server_Storage_us-west-central 14502
Get_Azure_us-west-central 12974
Get_Thrift_Server_Storage_us-west-central 13223
Get_Azure_us-west-central 12686
Get_Thrift_Server_Storage_us-west-central 12706
Get_Azure_us-west-central 15116
Get_Thrift_Server_Storage_us-west-central 15165
Get_Azure_us-west-central 15057
Get_Thrift_Server_Storage_us-west-central 15082
Get_Azure_us-west-central 22925
Get_Thrift_Server_Storage_us-west-central 22952
Get_Azure_us-west-central 13745
Get_Thrift_Server_Storage_us-west-central 13769
Get_Azure_us-west-central 16331
Get_Thrift_Server_Storage_us-west-central 16361
Get_Azure_us-west-central 27638
Get_Thrift_Server_Storage_us-west-central 27661
Get_Azure_us-west-central 16853
Get_Thrift_Server_Storage_us-west-central 16877
Get_Azure_us-west-central 15435
Get_Thrift_Server_Storage_us-west-central 15459
Get_Azure_us-west-central 15087
Get_Thrift_Server_Storage_us-west-central 15110
Get_Azure_us-west-central 13248
Get_Thrift_Server_Storage_us-west-central 13290
Get_Azure_us-west-central 16684
Get_Thrift_Server_Storage_us-west-central 16712
Get_Azure_us-west-central 16819
Get_Thrift_Server_Storage_us-west-central 16842
Get_Azure_us-west-central 14576
Get_Thrift_Server_Storage_us-west-central 14598
Get_Azure_us-west-central 19241
Get_Thrift_Server_Storage_us-west-central 19265
Get_Azure_us-west-central 15319
Get_Thrift_Server_Storage_us-west-central 15344
Get_Azure_us-west-central 17436
Get_Thrift_Server_Storage_us-west-central 17496
Get_Azure_us-west-central 16765
Get_Thrift_Server_Storage_us-west-central 16800
Get_Azure_us-west-central 14574
Get_Thrift_Server_Storage_us-west-central 14628
Get_Azure_us-west-central 17239
Get_Thrift_Server_Storage_us-west-central 17272
Get_Azure_us-west-central 17753
Get_Thrift_Server_Storage_us-west-central 17813
Get_Azure_us-west-central 15892
Get_Thrift_Server_Storage_us-west-central 15918
Get_Azure_us-west-central 15714
Get_Thrift_Server_Storage_us-west-central 15759
Get_Azure_us-west-central 14222
Get_Thrift_Server_Storage_us-west-central 14247
Get_Azure_us-west-central 16751
Get_Thrift_Server_Storage_us-west-central 16795
Get_Azure_us-west-central 15111
Get_Thrift_Server_Storage_us-west-central 15138
Get_Azure_us-west-central 13960
Get_Thrift_Server_Storage_us-west-central 13992
Get_Azure_us-west-central 15130
Get_Thrift_Server_Storage_us-west-central 15156
Get_Azure_us-west-central 14453
Get_Thrift_Server_Storage_us-west-central 14476
Get_Azure_us-west-central 15718
Get_Thrift_Server_Storage_us-west-central 15743
Get_Azure_us-west-central 16785
Get_Thrift_Server_Storage_us-west-central 17035
Get_Azure_us-west-central 13377
Get_Thrift_Server_Storage_us-west-central 13421
Get_Azure_us-west-central 15498
Get_Thrift_Server_Storage_us-west-central 15520
Get_Azure_us-west-central 27272
Get_Thrift_Server_Storage_us-west-central 27297
Get_Azure_us-west-central 15149
Get_Thrift_Server_Storage_us-west-central 15180
Get_Azure_us-west-central 14532
Get_Thrift_Server_Storage_us-west-central 14554
Get_Azure_us-west-central 13836
Get_Thrift_Server_Storage_us-west-central 13865
Get_Azure_us-west-central 50488
Get_Thrift_Server_Storage_us-west-central 50510
Get_Azure_us-west-central 13667
Get_Thrift_Server_Storage_us-west-central 13692
Get_Azure_us-west-central 13894
Get_Thrift_Server_Storage_us-west-central 13920
Get_Azure_us-west-central 13888
Get_Thrift_Server_Storage_us-west-central 13909
Get_Azure_us-west-central 13388
Get_Thrift_Server_Storage_us-west-central 13458
Get_Azure_us-west-central 21314
Get_Thrift_Server_Storage_us-west-central 21347
Get_Azure_us-west-central 17149
Get_Thrift_Server_Storage_us-west-central 17175
Get_Azure_us-west-central 16413
Get_Thrift_Server_Storage_us-west-central 16454
Get_Azure_us-west-central 15547
Get_Thrift_Server_Storage_us-west-central 15599
Get_Azure_us-west-central 14875
Get_Thrift_Server_Storage_us-west-central 14907
Get_Azure_us-west-central 14335
Get_Thrift_Server_Storage_us-west-central 14356
Get_Azure_us-west-central 14799
Get_Thrift_Server_Storage_us-west-central 14823
Get_Azure_us-west-central 15484
Get_Thrift_Server_Storage_us-west-central 15561
Get_Azure_us-west-central 14576
Get_Thrift_Server_Storage_us-west-central 14618
Get_Azure_us-west-central 13593
Get_Thrift_Server_Storage_us-west-central 13625
Get_Azure_us-west-central 14144
Get_Thrift_Server_Storage_us-west-central 14169
Get_Azure_us-west-central 16774
Get_Thrift_Server_Storage_us-west-central 16796
Get_Azure_us-west-central 16275
Get_Thrift_Server_Storage_us-west-central 16297
Get_Azure_us-west-central 14204
Get_Thrift_Server_Storage_us-west-central 14228
Get_Azure_us-west-central 13849
Get_Thrift_Server_Storage_us-west-central 13880
Get_Azure_us-west-central 16285
Get_Thrift_Server_Storage_us-west-central 16308
Get_Azure_us-west-central 15440
Get_Thrift_Server_Storage_us-west-central 15465
Get_Azure_us-west-central 14404
Get_Thrift_Server_Storage_us-west-central 14624
Get_Azure_us-west-central 15737
Get_Thrift_Server_Storage_us-west-central 15769
Get_Azure_us-west-central 14315
Get_Thrift_Server_Storage_us-west-central 14344
Get_Azure_us-west-central 25521
Get_Thrift_Server_Storage_us-west-central 25559
Get_Azure_us-west-central 15097
Get_Thrift_Server_Storage_us-west-central 15160
Get_Azure_us-west-central 14313
Get_Thrift_Server_Storage_us-west-central 14347
Get_Azure_us-west-central 27491
Get_Thrift_Server_Storage_us-west-central 27516
Get_Azure_us-west-central 15069
Get_Thrift_Server_Storage_us-west-central 15106
Get_Azure_us-west-central 15049
Get_Thrift_Server_Storage_us-west-central 15074
Get_Azure_us-west-central 15385
Get_Thrift_Server_Storage_us-west-central 15431
Get_Azure_us-west-central 13657
Get_Thrift_Server_Storage_us-west-central 13686
Get_Azure_us-west-central 14188
Get_Thrift_Server_Storage_us-west-central 14223
Get_Azure_us-west-central 16209
Get_Thrift_Server_Storage_us-west-central 16280
Get_Azure_us-west-central 16132
Get_Thrift_Server_Storage_us-west-central 16157
Get_Azure_us-west-central 66572
Get_Thrift_Server_Storage_us-west-central 66598
Get_Azure_us-west-central 14366
Get_Thrift_Server_Storage_us-west-central 14393
Get_Azure_us-west-central 16456
Get_Thrift_Server_Storage_us-west-central 16486
Get_Azure_us-west-central 14744
Get_Thrift_Server_Storage_us-west-central 14770
Get_Azure_us-west-central 17729
Get_Thrift_Server_Storage_us-west-central 18020
Get_Azure_us-west-central 15282
Get_Thrift_Server_Storage_us-west-central 15310
Get_Azure_us-west-central 16360
Get_Thrift_Server_Storage_us-west-central 16393
Get_Azure_us-west-central 16077
Get_Thrift_Server_Storage_us-west-central 16102
Get_Azure_us-west-central 14601
Get_Thrift_Server_Storage_us-west-central 14626
Get_Azure_us-west-central 14624
Get_Thrift_Server_Storage_us-west-central 14676
Get_Azure_us-west-central 14424
Get_Thrift_Server_Storage_us-west-central 14450
Get_Azure_us-west-central 14810
Get_Thrift_Server_Storage_us-west-central 14835
Get_Azure_us-west-central 14005
Get_Thrift_Server_Storage_us-west-central 14035
Get_Azure_us-west-central 16256
Get_Thrift_Server_Storage_us-west-central 16280
Get_Azure_us-west-central 15459
Get_Thrift_Server_Storage_us-west-central 15480
Get_Azure_us-west-central 13915
Get_Thrift_Server_Storage_us-west-central 13935
Get_Azure_us-west-central 14234
Get_Thrift_Server_Storage_us-west-central 14257
Get_Azure_us-west-central 15515
Get_Thrift_Server_Storage_us-west-central 15548
Get_Azure_us-west-central 14165
Get_Thrift_Server_Storage_us-west-central 14193
Get_Azure_us-west-central 15068
Get_Thrift_Server_Storage_us-west-central 15088
Get_Azure_us-west-central 15133
Get_Thrift_Server_Storage_us-west-central 15159
Get_Azure_us-west-central 15644
Get_Thrift_Server_Storage_us-west-central 15665
Get_Azure_us-west-central 13427
Get_Thrift_Server_Storage_us-west-central 13454
Get_Azure_us-west-central 15439
Get_Thrift_Server_Storage_us-west-central 15459
Get_Azure_us-west-central 14115
Get_Thrift_Server_Storage_us-west-central 14145
Get_Azure_us-west-central 16274
Get_Thrift_Server_Storage_us-west-central 16294
Get_Azure_us-west-central 15199
Get_Thrift_Server_Storage_us-west-central 15224
Get_Azure_us-west-central 15072
Get_Thrift_Server_Storage_us-west-central 15115
Get_Azure_us-west-central 73693
Get_Thrift_Server_Storage_us-west-central 73713
Get_Azure_us-west-central 16342
Get_Thrift_Server_Storage_us-west-central 16361
Get_Azure_us-west-central 13623
Get_Thrift_Server_Storage_us-west-central 13654
Get_Azure_us-west-central 13629
Get_Thrift_Server_Storage_us-west-central 13656
Get_Azure_us-west-central 14724
Get_Thrift_Server_Storage_us-west-central 14752
Get_Azure_us-west-central 15555
Get_Thrift_Server_Storage_us-west-central 15581
Get_Azure_us-west-central 13690
Get_Thrift_Server_Storage_us-west-central 13708
Get_Azure_us-west-central 28850
Get_Thrift_Server_Storage_us-west-central 28872
Get_Azure_us-west-central 88330
Get_Thrift_Server_Storage_us-west-central 88352
Get_Azure_us-west-central 12834
Get_Thrift_Server_Storage_us-west-central 12863
Get_Azure_us-west-central 15937
Get_Thrift_Server_Storage_us-west-central 15964
Get_Azure_us-west-central 15520
Get_Thrift_Server_Storage_us-west-central 15542
Get_Azure_us-west-central 14796
Get_Thrift_Server_Storage_us-west-central 14839
Get_Azure_us-west-central 15409
Get_Thrift_Server_Storage_us-west-central 15435
Get_Azure_us-west-central 14229
Get_Thrift_Server_Storage_us-west-central 14258
Get_Azure_us-west-central 13789
Get_Thrift_Server_Storage_us-west-central 14039
Get_Azure_us-west-central 16376
Get_Thrift_Server_Storage_us-west-central 16406
Get_Azure_us-west-central 32843
Get_Thrift_Server_Storage_us-west-central 32864
Get_Azure_us-west-central 14339
Get_Thrift_Server_Storage_us-west-central 14365
Get_Azure_us-west-central 15769
Get_Thrift_Server_Storage_us-west-central 15795
Get_Azure_us-west-central 15265
Get_Thrift_Server_Storage_us-west-central 15291
Get_Azure_us-west-central 41370
Get_Thrift_Server_Storage_us-west-central 41400
Get_Azure_us-west-central 16366
Get_Thrift_Server_Storage_us-west-central 16388
Get_Azure_us-west-central 15008
Get_Thrift_Server_Storage_us-west-central 15043
Get_Azure_us-west-central 15372
Get_Thrift_Server_Storage_us-west-central 15392
Get_Azure_us-west-central 14934
Get_Thrift_Server_Storage_us-west-central 14953
Get_Azure_us-west-central 14584
Get_Thrift_Server_Storage_us-west-central 14604
Get_Azure_us-west-central 15361
Get_Thrift_Server_Storage_us-west-central 15385
Get_Azure_us-west-central 14014
Get_Thrift_Server_Storage_us-west-central 14038
Get_Azure_us-west-central 14459
Get_Thrift_Server_Storage_us-west-central 14509
Get_Azure_us-west-central 26530
Get_Thrift_Server_Storage_us-west-central 26550
Get_Azure_us-west-central 15064
Get_Thrift_Server_Storage_us-west-central 15089
Get_Azure_us-west-central 14335
Get_Thrift_Server_Storage_us-west-central 14356
Get_Azure_us-west-central 14025
Get_Thrift_Server_Storage_us-west-central 14053
Get_Azure_us-west-central 15650
Get_Thrift_Server_Storage_us-west-central 15678
Get_Azure_us-west-central 14953
Get_Thrift_Server_Storage_us-west-central 14984
Get_Azure_us-west-central 14570
Get_Thrift_Server_Storage_us-west-central 14593
Get_Azure_us-west-central 24066
Get_Thrift_Server_Storage_us-west-central 24090
Get_Azure_us-west-central 16518
Get_Thrift_Server_Storage_us-west-central 16541
Get_Azure_us-west-central 14649
Get_Thrift_Server_Storage_us-west-central 14673
Get_Azure_us-west-central 15008
Get_Thrift_Server_Storage_us-west-central 15038
Get_Azure_us-west-central 15949
Get_Thrift_Server_Storage_us-west-central 15972
Get_Azure_us-west-central 17457
Get_Thrift_Server_Storage_us-west-central 17494
Get_Azure_us-west-central 16200
Get_Thrift_Server_Storage_us-west-central 16226
Get_Azure_us-west-central 14678
Get_Thrift_Server_Storage_us-west-central 14703
Get_Azure_us-west-central 13851
Get_Thrift_Server_Storage_us-west-central 13881
Get_Azure_us-west-central 15891
Get_Thrift_Server_Storage_us-west-central 15917
Get_Azure_us-west-central 19372
Get_Thrift_Server_Storage_us-west-central 19396
Get_Azure_us-west-central 14623
Get_Thrift_Server_Storage_us-west-central 14659
Get_Azure_us-west-central 15447
Get_Thrift_Server_Storage_us-west-central 15472
Get_Azure_us-west-central 14092
Get_Thrift_Server_Storage_us-west-central 14129
Get_Azure_us-west-central 13994
Get_Thrift_Server_Storage_us-west-central 14020
Get_Azure_us-west-central 15588
Get_Thrift_Server_Storage_us-west-central 15612
Get_Azure_us-west-central 15669
Get_Thrift_Server_Storage_us-west-central 15689
Get_Azure_us-west-central 14295
Get_Thrift_Server_Storage_us-west-central 14316
Get_Azure_us-west-central 13988
Get_Thrift_Server_Storage_us-west-central 14020
Get_Azure_us-west-central 14056
Get_Thrift_Server_Storage_us-west-central 14249
Get_Azure_us-west-central 21118
Get_Thrift_Server_Storage_us-west-central 21143
Get_Azure_us-west-central 13104
Get_Thrift_Server_Storage_us-west-central 13128
Get_Azure_us-west-central 15885
Get_Thrift_Server_Storage_us-west-central 15912
Get_Azure_us-west-central 14077
Get_Thrift_Server_Storage_us-west-central 14106
Get_Azure_us-west-central 16833
Get_Thrift_Server_Storage_us-west-central 16859
Get_Azure_us-west-central 16929
Get_Thrift_Server_Storage_us-west-central 16956
Get_Azure_us-west-central 15128
Get_Thrift_Server_Storage_us-west-central 15156
Get_Azure_us-west-central 13358
Get_Thrift_Server_Storage_us-west-central 13386
Get_Azure_us-west-central 15647
Get_Thrift_Server_Storage_us-west-central 15674
Get_Azure_us-west-central 16323
Get_Thrift_Server_Storage_us-west-central 16349
Get_Azure_us-west-central 14858
Get_Thrift_Server_Storage_us-west-central 14886
Get_Azure_us-west-central 14946
Get_Thrift_Server_Storage_us-west-central 14973
Get_Azure_us-west-central 15064
Get_Thrift_Server_Storage_us-west-central 15109
Get_Azure_us-west-central 15188
Get_Thrift_Server_Storage_us-west-central 15221
Get_Azure_us-west-central 19362
Get_Thrift_Server_Storage_us-west-central 19388
Get_Azure_us-west-central 14789
Get_Thrift_Server_Storage_us-west-central 14817
Get_Azure_us-west-central 15970
Get_Thrift_Server_Storage_us-west-central 15992
Get_Azure_us-west-central 14626
Get_Thrift_Server_Storage_us-west-central 14665
Get_Azure_us-west-central 14495
Get_Thrift_Server_Storage_us-west-central 14525
Get_Azure_us-west-central 15102
Get_Thrift_Server_Storage_us-west-central 15127
Get_Azure_us-west-central 14044
Get_Thrift_Server_Storage_us-west-central 14079
Get_Azure_us-west-central 12989
Get_Thrift_Server_Storage_us-west-central 13012
Get_Azure_us-west-central 13683
Get_Thrift_Server_Storage_us-west-central 13714
Get_Azure_us-west-central 15760
Get_Thrift_Server_Storage_us-west-central 15786
Get_Azure_us-west-central 14174
Get_Thrift_Server_Storage_us-west-central 14193
Get_Azure_us-west-central 15058
Get_Thrift_Server_Storage_us-west-central 15083
Get_Azure_us-west-central 15741
Get_Thrift_Server_Storage_us-west-central 15764
Get_Azure_us-west-central 14428
Get_Thrift_Server_Storage_us-west-central 14457
Get_Azure_us-west-central 15084
Get_Thrift_Server_Storage_us-west-central 15109
Get_Azure_us-west-central 14005
Get_Thrift_Server_Storage_us-west-central 14025
Get_Azure_us-west-central 13800
Get_Thrift_Server_Storage_us-west-central 13826
Get_Azure_us-west-central 15035
Get_Thrift_Server_Storage_us-west-central 15076
Get_Azure_us-west-central 15192
Get_Thrift_Server_Storage_us-west-central 15215
Get_Azure_us-west-central 14704
Get_Thrift_Server_Storage_us-west-central 14732
Get_Azure_us-west-central 15365
Get_Thrift_Server_Storage_us-west-central 15397
Get_Azure_us-west-central 15773
Get_Thrift_Server_Storage_us-west-central 15795
Get_Azure_us-west-central 15167
Get_Thrift_Server_Storage_us-west-central 15192
Get_Azure_us-west-central 15255
Get_Thrift_Server_Storage_us-west-central 15278
Get_Azure_us-west-central 15365
Get_Thrift_Server_Storage_us-west-central 15401
Get_Azure_us-west-central 14977
Get_Thrift_Server_Storage_us-west-central 15332
Get_Azure_us-west-central 14198
Get_Thrift_Server_Storage_us-west-central 14223
Get_Azure_us-west-central 14736
Get_Thrift_Server_Storage_us-west-central 14763
Get_Azure_us-west-central 15863
Get_Thrift_Server_Storage_us-west-central 15890
Get_Azure_us-west-central 14959
Get_Thrift_Server_Storage_us-west-central 14985
Get_Azure_us-west-central 13816
Get_Thrift_Server_Storage_us-west-central 13841
Get_Azure_us-west-central 14363
Get_Thrift_Server_Storage_us-west-central 14386
Get_Azure_us-west-central 13787
Get_Thrift_Server_Storage_us-west-central 13823
Get_Azure_us-west-central 13358
Get_Thrift_Server_Storage_us-west-central 13406
Get_Azure_us-west-central 15280
Get_Thrift_Server_Storage_us-west-central 15305
Get_Azure_us-west-central 14802
Get_Thrift_Server_Storage_us-west-central 14829
Get_Azure_us-west-central 16058
Get_Thrift_Server_Storage_us-west-central 16085
Get_Azure_us-west-central 17423
Get_Thrift_Server_Storage_us-west-central 17449
Get_Azure_us-west-central 14357
Get_Thrift_Server_Storage_us-west-central 14381
Get_Azure_us-west-central 15976
Get_Thrift_Server_Storage_us-west-central 15999
Get_Azure_us-west-central 13325
Get_Thrift_Server_Storage_us-west-central 13356
Get_Azure_us-west-central 13406
Get_Thrift_Server_Storage_us-west-central 13434
Get_Azure_us-west-central 14603
Get_Thrift_Server_Storage_us-west-central 14626
Get_Azure_us-west-central 14378
Get_Thrift_Server_Storage_us-west-central 14404
Get_Azure_us-west-central 15342
Get_Thrift_Server_Storage_us-west-central 15363
Get_Azure_us-west-central 15085
Get_Thrift_Server_Storage_us-west-central 15124
Get_Azure_us-west-central 15991
Get_Thrift_Server_Storage_us-west-central 16017
Get_Azure_us-west-central 13984
Get_Thrift_Server_Storage_us-west-central 14021
Get_Azure_us-west-central 29202
Get_Thrift_Server_Storage_us-west-central 29225
Get_Azure_us-west-central 17234
Get_Thrift_Server_Storage_us-west-central 17262
Get_Azure_us-west-central 16436
Get_Thrift_Server_Storage_us-west-central 16476
Get_Azure_us-west-central 14683
Get_Thrift_Server_Storage_us-west-central 14716
Get_Azure_us-west-central 14587
Get_Thrift_Server_Storage_us-west-central 14641
Get_Azure_us-west-central 15308
Get_Thrift_Server_Storage_us-west-central 15332
Get_Azure_us-west-central 14733
Get_Thrift_Server_Storage_us-west-central 14770
Get_Azure_us-west-central 13703
Get_Thrift_Server_Storage_us-west-central 13736
Get_Azure_us-west-central 13862
Get_Thrift_Server_Storage_us-west-central 13893
Get_Azure_us-west-central 13740
Get_Thrift_Server_Storage_us-west-central 13791
Get_Azure_us-west-central 12526
Get_Thrift_Server_Storage_us-west-central 12555
Get_Azure_us-west-central 14955
Get_Thrift_Server_Storage_us-west-central 15284
Get_Azure_us-west-central 19474
Get_Thrift_Server_Storage_us-west-central 19502
Get_Azure_us-west-central 13286
Get_Thrift_Server_Storage_us-west-central 13310
Get_Azure_us-west-central 15075
Get_Thrift_Server_Storage_us-west-central 15098
Get_Azure_us-west-central 13674
Get_Thrift_Server_Storage_us-west-central 13727
Get_Azure_us-west-central 13613
Get_Thrift_Server_Storage_us-west-central 13653
Get_Azure_us-west-central 13027
Get_Thrift_Server_Storage_us-west-central 13069
Get_Azure_us-west-central 11617
Get_Thrift_Server_Storage_us-west-central 11646
Get_Azure_us-west-central 10856
Get_Thrift_Server_Storage_us-west-central 10880
Get_Azure_us-west-central 12464
Get_Thrift_Server_Storage_us-west-central 12489
Get_Azure_us-west-central 13599
Get_Thrift_Server_Storage_us-west-central 13631
Get_Azure_us-west-central 15547
Get_Thrift_Server_Storage_us-west-central 15587
Get_Azure_us-west-central 12468
Get_Thrift_Server_Storage_us-west-central 12507
Get_Azure_us-west-central 19733
Get_Thrift_Server_Storage_us-west-central 19776
Get_Azure_us-west-central 15328
Get_Thrift_Server_Storage_us-west-central 15354
Get_Azure_us-west-central 15959
Get_Thrift_Server_Storage_us-west-central 15983
Get_Azure_us-west-central 15447
Get_Thrift_Server_Storage_us-west-central 15496
Get_Azure_us-west-central 15653
Get_Thrift_Server_Storage_us-west-central 15685
Get_Azure_us-west-central 14270
Get_Thrift_Server_Storage_us-west-central 14294
Get_Azure_us-west-central 14720
Get_Thrift_Server_Storage_us-west-central 14747
Get_Azure_us-west-central 15798
Get_Thrift_Server_Storage_us-west-central 15831
Get_Azure_us-west-central 15343
Get_Thrift_Server_Storage_us-west-central 15367
Get_Azure_us-west-central 14093
Get_Thrift_Server_Storage_us-west-central 14128
Get_Azure_us-west-central 14733
Get_Thrift_Server_Storage_us-west-central 14752
Get_Azure_us-west-central 15762
Get_Thrift_Server_Storage_us-west-central 15794
Get_Azure_us-west-central 25462
Get_Thrift_Server_Storage_us-west-central 25503
Get_Azure_us-west-central 57776
Get_Thrift_Server_Storage_us-west-central 57826
Get_Azure_us-west-central 15442
Get_Thrift_Server_Storage_us-west-central 15467
Get_Azure_us-west-central 14032
Get_Thrift_Server_Storage_us-west-central 14056
Get_Azure_us-west-central 15708
Get_Thrift_Server_Storage_us-west-central 15732
Get_Azure_us-west-central 11843
Get_Thrift_Server_Storage_us-west-central 11875
Get_Azure_us-west-central 13292
Get_Thrift_Server_Storage_us-west-central 13317
Get_Azure_us-west-central 16715
Get_Thrift_Server_Storage_us-west-central 16740
Get_Azure_us-west-central 13507
Get_Thrift_Server_Storage_us-west-central 13559
Get_Azure_us-west-central 17039
Get_Thrift_Server_Storage_us-west-central 17068
Get_Azure_us-west-central 15780
Get_Thrift_Server_Storage_us-west-central 16061
Get_Azure_us-west-central 14816
Get_Thrift_Server_Storage_us-west-central 14840
Get_Azure_us-west-central 18282
Get_Thrift_Server_Storage_us-west-central 18313
Get_Azure_us-west-central 11922
Get_Thrift_Server_Storage_us-west-central 11952
Get_Azure_us-west-central 13497
Get_Thrift_Server_Storage_us-west-central 13520
Get_Azure_us-west-central 13613
Get_Thrift_Server_Storage_us-west-central 13643
Get_Azure_us-west-central 14908
Get_Thrift_Server_Storage_us-west-central 14984
Get_Azure_us-west-central 13792
Get_Thrift_Server_Storage_us-west-central 13822
Get_Azure_us-west-central 16461
Get_Thrift_Server_Storage_us-west-central 16503
Get_Azure_us-west-central 12939
Get_Thrift_Server_Storage_us-west-central 12963
Get_Azure_us-west-central 13436
Get_Thrift_Server_Storage_us-west-central 13466
Get_Azure_us-west-central 12916
Get_Thrift_Server_Storage_us-west-central 12943
Get_Azure_us-west-central 11867
Get_Thrift_Server_Storage_us-west-central 11928
Get_Azure_us-west-central 12037
Get_Thrift_Server_Storage_us-west-central 12067
Get_Azure_us-west-central 14087
Get_Thrift_Server_Storage_us-west-central 14113
Get_Azure_us-west-central 25169
Get_Thrift_Server_Storage_us-west-central 25195
Get_Azure_us-west-central 11606
Get_Thrift_Server_Storage_us-west-central 11667
Get_Azure_us-west-central 13004
Get_Thrift_Server_Storage_us-west-central 13071
Get_Azure_us-west-central 13265
Get_Thrift_Server_Storage_us-west-central 13301
Get_Azure_us-west-central 11889
Get_Thrift_Server_Storage_us-west-central 11915
Get_Azure_us-west-central 15531
Get_Thrift_Server_Storage_us-west-central 15560
Get_Azure_us-west-central 12039
Get_Thrift_Server_Storage_us-west-central 12084
Get_Azure_us-west-central 13240
Get_Thrift_Server_Storage_us-west-central 13266
Get_Azure_us-west-central 11853
Get_Thrift_Server_Storage_us-west-central 11883
Get_Azure_us-west-central 12900
Get_Thrift_Server_Storage_us-west-central 12926
Get_Azure_us-west-central 11856
Get_Thrift_Server_Storage_us-west-central 11876
Get_Azure_us-west-central 10938
Get_Thrift_Server_Storage_us-west-central 10972
Get_Azure_us-west-central 12450
Get_Thrift_Server_Storage_us-west-central 12489
Get_Azure_us-west-central 11486
Get_Thrift_Server_Storage_us-west-central 11523
Get_Azure_us-west-central 23790
Get_Thrift_Server_Storage_us-west-central 23810
Get_Azure_us-west-central 13970
Get_Thrift_Server_Storage_us-west-central 13995
Get_Azure_us-west-central 21625
Get_Thrift_Server_Storage_us-west-central 21654
Get_Azure_us-west-central 13241
Get_Thrift_Server_Storage_us-west-central 13282
Get_Azure_us-west-central 12624
Get_Thrift_Server_Storage_us-west-central 12691
Get_Azure_us-west-central 33915
Get_Thrift_Server_Storage_us-west-central 33982
Get_Azure_us-west-central 13234
Get_Thrift_Server_Storage_us-west-central 13259
Get_Azure_us-west-central 15144
Get_Thrift_Server_Storage_us-west-central 15166
Get_Azure_us-west-central 15192
Get_Thrift_Server_Storage_us-west-central 15243
Get_Azure_us-west-central 13466
Get_Thrift_Server_Storage_us-west-central 13496
Get_Azure_us-west-central 13936
Get_Thrift_Server_Storage_us-west-central 13967
Get_Azure_us-west-central 16854
Get_Thrift_Server_Storage_us-west-central 16884
Get_Azure_us-west-central 11841
Get_Thrift_Server_Storage_us-west-central 11866
Get_Azure_us-west-central 12673
Get_Thrift_Server_Storage_us-west-central 12715
Get_Azure_us-west-central 12965
Get_Thrift_Server_Storage_us-west-central 13250
Get_Azure_us-west-central 13308
Get_Thrift_Server_Storage_us-west-central 13334
Get_Azure_us-west-central 13317
Get_Thrift_Server_Storage_us-west-central 13338
Get_Azure_us-west-central 13112
Get_Thrift_Server_Storage_us-west-central 13133
Get_Azure_us-west-central 15315
Get_Thrift_Server_Storage_us-west-central 15336
Get_Azure_us-west-central 12468
Get_Thrift_Server_Storage_us-west-central 12489
Get_Azure_us-west-central 24260
Get_Thrift_Server_Storage_us-west-central 24310
Get_Azure_us-west-central 12574
Get_Thrift_Server_Storage_us-west-central 12598
Get_Azure_us-west-central 12598
Get_Thrift_Server_Storage_us-west-central 12625
Get_Azure_us-west-central 15457
Get_Thrift_Server_Storage_us-west-central 15481
Get_Azure_us-west-central 12757
Get_Thrift_Server_Storage_us-west-central 12781
Get_Azure_us-west-central 12633
Get_Thrift_Server_Storage_us-west-central 12654
Get_Azure_us-west-central 14585
Get_Thrift_Server_Storage_us-west-central 14611
Get_Azure_us-west-central 11128
Get_Thrift_Server_Storage_us-west-central 11185
Get_Azure_us-west-central 12356
Get_Thrift_Server_Storage_us-west-central 12391
Get_Azure_us-west-central 15369
Get_Thrift_Server_Storage_us-west-central 15390
Get_Azure_us-west-central 14880
Get_Thrift_Server_Storage_us-west-central 14901
Get_Azure_us-west-central 14220
Get_Thrift_Server_Storage_us-west-central 14248
Get_Azure_us-west-central 14392
Get_Thrift_Server_Storage_us-west-central 14423
Get_Azure_us-west-central 11418
Get_Thrift_Server_Storage_us-west-central 11459
Get_Azure_us-west-central 14321
Get_Thrift_Server_Storage_us-west-central 14346
Get_Azure_us-west-central 11799
Get_Thrift_Server_Storage_us-west-central 11820
Get_Azure_us-west-central 13860
Get_Thrift_Server_Storage_us-west-central 13881
Get_Azure_us-west-central 11645
Get_Thrift_Server_Storage_us-west-central 11671
Get_Azure_us-west-central 13559
Get_Thrift_Server_Storage_us-west-central 13593
Get_Azure_us-west-central 12159
Get_Thrift_Server_Storage_us-west-central 12187
Get_Azure_us-west-central 14836
Get_Thrift_Server_Storage_us-west-central 14863
Get_Azure_us-west-central 13402
Get_Thrift_Server_Storage_us-west-central 13448
Get_Azure_us-west-central 12568
Get_Thrift_Server_Storage_us-west-central 12609
Get_Azure_us-west-central 13199
Get_Thrift_Server_Storage_us-west-central 13226
Get_Azure_us-west-central 12937
Get_Thrift_Server_Storage_us-west-central 12977
Get_Azure_us-west-central 12340
Get_Thrift_Server_Storage_us-west-central 12361
Get_Azure_us-west-central 12724
Get_Thrift_Server_Storage_us-west-central 12752
Get_Azure_us-west-central 13348
Get_Thrift_Server_Storage_us-west-central 13388
Get_Azure_us-west-central 11811
Get_Thrift_Server_Storage_us-west-central 11840
Get_Azure_us-west-central 11828
Get_Thrift_Server_Storage_us-west-central 11849
Get_Azure_us-west-central 12012
Get_Thrift_Server_Storage_us-west-central 12045
Get_Azure_us-west-central 12738
Get_Thrift_Server_Storage_us-west-central 12778
Get_Azure_us-west-central 12538
Get_Thrift_Server_Storage_us-west-central 12563
Get_Azure_us-west-central 11343
Get_Thrift_Server_Storage_us-west-central 11367
Get_Azure_us-west-central 22940
Get_Thrift_Server_Storage_us-west-central 22971
Get_Azure_us-west-central 13135
Get_Thrift_Server_Storage_us-west-central 13169
Get_Azure_us-west-central 24990
Get_Thrift_Server_Storage_us-west-central 25299
Get_Azure_us-west-central 11427
Get_Thrift_Server_Storage_us-west-central 11452
Get_Azure_us-west-central 13916
Get_Thrift_Server_Storage_us-west-central 13940
Get_Azure_us-west-central 12757
Get_Thrift_Server_Storage_us-west-central 12776
Get_Azure_us-west-central 11413
Get_Thrift_Server_Storage_us-west-central 11433
Get_Azure_us-west-central 12911
Get_Thrift_Server_Storage_us-west-central 12930
Get_Azure_us-west-central 12906
Get_Thrift_Server_Storage_us-west-central 12924
Get_Azure_us-west-central 11998
Get_Thrift_Server_Storage_us-west-central 12042
Get_Azure_us-west-central 13518
Get_Thrift_Server_Storage_us-west-central 13542
Get_Azure_us-west-central 11435
Get_Thrift_Server_Storage_us-west-central 11453
Get_Azure_us-west-central 11431
Get_Thrift_Server_Storage_us-west-central 11470
Get_Azure_us-west-central 12268
Get_Thrift_Server_Storage_us-west-central 12294
Get_Azure_us-west-central 13005
Get_Thrift_Server_Storage_us-west-central 13041
Get_Azure_us-west-central 12361
Get_Thrift_Server_Storage_us-west-central 12385
Get_Azure_us-west-central 13488
Get_Thrift_Server_Storage_us-west-central 13508
Get_Azure_us-west-central 11012
Get_Thrift_Server_Storage_us-west-central 11032
Get_Azure_us-west-central 11523
Get_Thrift_Server_Storage_us-west-central 11544
Get_Azure_us-west-central 58464
Get_Thrift_Server_Storage_us-west-central 58484
Get_Azure_us-west-central 12679
Get_Thrift_Server_Storage_us-west-central 12701
Get_Azure_us-west-central 13139
Get_Thrift_Server_Storage_us-west-central 13161
Get_Azure_us-west-central 12672
Get_Thrift_Server_Storage_us-west-central 12695
Get_Azure_us-west-central 13484
Get_Thrift_Server_Storage_us-west-central 13503
Get_Azure_us-west-central 14608
Get_Thrift_Server_Storage_us-west-central 14637
Get_Azure_us-west-central 12136
Get_Thrift_Server_Storage_us-west-central 12163
Get_Azure_us-west-central 12654
Get_Thrift_Server_Storage_us-west-central 12677
Get_Azure_us-west-central 12324
Get_Thrift_Server_Storage_us-west-central 12350
Get_Azure_us-west-central 12129
Get_Thrift_Server_Storage_us-west-central 12164
Get_Azure_us-west-central 14563
Get_Thrift_Server_Storage_us-west-central 14593
Get_Azure_us-west-central 14141
Get_Thrift_Server_Storage_us-west-central 14176
Get_Azure_us-west-central 12645
Get_Thrift_Server_Storage_us-west-central 12670
Get_Azure_us-west-central 14242
Get_Thrift_Server_Storage_us-west-central 14265
Get_Azure_us-west-central 13652
Get_Thrift_Server_Storage_us-west-central 13690
Get_Azure_us-west-central 12726
Get_Thrift_Server_Storage_us-west-central 12748
Get_Azure_us-west-central 11516
Get_Thrift_Server_Storage_us-west-central 11539
Get_Azure_us-west-central 13182
Get_Thrift_Server_Storage_us-west-central 13208
Get_Azure_us-west-central 12343
Get_Thrift_Server_Storage_us-west-central 12378
Get_Azure_us-west-central 13219
Get_Thrift_Server_Storage_us-west-central 13242
Get_Azure_us-west-central 25677
Get_Thrift_Server_Storage_us-west-central 25699
Get_Azure_us-west-central 11850
Get_Thrift_Server_Storage_us-west-central 11873
Get_Azure_us-west-central 12526
Get_Thrift_Server_Storage_us-west-central 12550
Get_Azure_us-west-central 13415
Get_Thrift_Server_Storage_us-west-central 13455
Get_Azure_us-west-central 12037
Get_Thrift_Server_Storage_us-west-central 12069
Get_Azure_us-west-central 13450
Get_Thrift_Server_Storage_us-west-central 13477
Get_Azure_us-west-central 11740
Get_Thrift_Server_Storage_us-west-central 11782
Get_Azure_us-west-central 11816
Get_Thrift_Server_Storage_us-west-central 11847
Get_Azure_us-west-central 14375
Get_Thrift_Server_Storage_us-west-central 14412
Get_Azure_us-west-central 11812
Get_Thrift_Server_Storage_us-west-central 11837
Get_Azure_us-west-central 13515
Get_Thrift_Server_Storage_us-west-central 13823
Get_Azure_us-west-central 14088
Get_Thrift_Server_Storage_us-west-central 14113
Get_Azure_us-west-central 12181
Get_Thrift_Server_Storage_us-west-central 12202
Get_Azure_us-west-central 13708
Get_Thrift_Server_Storage_us-west-central 13771
Get_Azure_us-west-central 12085
Get_Thrift_Server_Storage_us-west-central 12142
Get_Azure_us-west-central 12249
Get_Thrift_Server_Storage_us-west-central 12274
Get_Azure_us-west-central 14735
Get_Thrift_Server_Storage_us-west-central 14759
Get_Azure_us-west-central 13614
Get_Thrift_Server_Storage_us-west-central 13662
Get_Azure_us-west-central 13579
Get_Thrift_Server_Storage_us-west-central 13600
Get_Azure_us-west-central 13461
Get_Thrift_Server_Storage_us-west-central 13495
Get_Azure_us-west-central 14474
Get_Thrift_Server_Storage_us-west-central 14501
Get_Azure_us-west-central 13713
Get_Thrift_Server_Storage_us-west-central 13737
Get_Azure_us-west-central 14710
Get_Thrift_Server_Storage_us-west-central 14746
Get_Azure_us-west-central 30708
Get_Thrift_Server_Storage_us-west-central 30744
Get_Azure_us-west-central 15442
Get_Thrift_Server_Storage_us-west-central 15462
Get_Azure_us-west-central 14338
Get_Thrift_Server_Storage_us-west-central 14367
Get_Azure_us-west-central 14627
Get_Thrift_Server_Storage_us-west-central 14647
Get_Azure_us-west-central 22655
Get_Thrift_Server_Storage_us-west-central 22683
Get_Azure_us-west-central 13044
Get_Thrift_Server_Storage_us-west-central 13073
Get_Azure_us-west-central 16893
Get_Thrift_Server_Storage_us-west-central 16917
Get_Azure_us-west-central 15684
Get_Thrift_Server_Storage_us-west-central 15721
Get_Azure_us-west-central 17602
Get_Thrift_Server_Storage_us-west-central 17635
Get_Azure_us-west-central 12907
Get_Thrift_Server_Storage_us-west-central 12933
Get_Azure_us-west-central 12624
Get_Thrift_Server_Storage_us-west-central 12651
Get_Azure_us-west-central 11990
Get_Thrift_Server_Storage_us-west-central 12011
Get_Azure_us-west-central 12184
Get_Thrift_Server_Storage_us-west-central 12211
Get_Azure_us-west-central 11744
Get_Thrift_Server_Storage_us-west-central 11773
Get_Azure_us-west-central 33213
Get_Thrift_Server_Storage_us-west-central 33242
Get_Azure_us-west-central 13685
Get_Thrift_Server_Storage_us-west-central 13714
Get_Azure_us-west-central 11279
Get_Thrift_Server_Storage_us-west-central 11346
Get_Azure_us-west-central 11950
Get_Thrift_Server_Storage_us-west-central 12004
Get_Azure_us-west-central 11448
Get_Thrift_Server_Storage_us-west-central 11472
Get_Azure_us-west-central 12912
Get_Thrift_Server_Storage_us-west-central 12967
Get_Azure_us-west-central 11794
Get_Thrift_Server_Storage_us-west-central 11811
Get_Azure_us-west-central 11754
Get_Thrift_Server_Storage_us-west-central 11775
Get_Azure_us-west-central 12514
Get_Thrift_Server_Storage_us-west-central 12542
Get_Azure_us-west-central 12498
Get_Thrift_Server_Storage_us-west-central 12524
Get_Azure_us-west-central 14072
Get_Thrift_Server_Storage_us-west-central 14099
Get_Azure_us-west-central 13597
Get_Thrift_Server_Storage_us-west-central 13620
Get_Azure_us-west-central 11979
Get_Thrift_Server_Storage_us-west-central 12004
Get_Azure_us-west-central 13822
Get_Thrift_Server_Storage_us-west-central 13849
Get_Azure_us-west-central 11698
Get_Thrift_Server_Storage_us-west-central 11723
Get_Azure_us-west-central 14393
Get_Thrift_Server_Storage_us-west-central 14425
Get_Azure_us-west-central 12765
Get_Thrift_Server_Storage_us-west-central 12806
Get_Azure_us-west-central 12127
Get_Thrift_Server_Storage_us-west-central 12175
Get_Azure_us-west-central 14508
Get_Thrift_Server_Storage_us-west-central 14788
Get_Azure_us-west-central 12870
Get_Thrift_Server_Storage_us-west-central 12895
Get_Azure_us-west-central 11629
Get_Thrift_Server_Storage_us-west-central 11654
Get_Azure_us-west-central 14086
Get_Thrift_Server_Storage_us-west-central 14124
Get_Azure_us-west-central 13791
Get_Thrift_Server_Storage_us-west-central 13812
Get_Azure_us-west-central 11362
Get_Thrift_Server_Storage_us-west-central 11412
Get_Azure_us-west-central 13634
Get_Thrift_Server_Storage_us-west-central 13661
Get_Azure_us-west-central 12270
Get_Thrift_Server_Storage_us-west-central 12300
Get_Azure_us-west-central 12330
Get_Thrift_Server_Storage_us-west-central 12360
Get_Azure_us-west-central 13093
Get_Thrift_Server_Storage_us-west-central 13142
Get_Azure_us-west-central 11558
Get_Thrift_Server_Storage_us-west-central 11576
Get_Azure_us-west-central 12398
Get_Thrift_Server_Storage_us-west-central 12422
Get_Azure_us-west-central 10713
Get_Thrift_Server_Storage_us-west-central 10761
Get_Azure_us-west-central 13874
Get_Thrift_Server_Storage_us-west-central 13896
Get_Azure_us-west-central 12944
Get_Thrift_Server_Storage_us-west-central 12967
Get_Azure_us-west-central 11898
Get_Thrift_Server_Storage_us-west-central 11933
Get_Azure_us-west-central 11731
Get_Thrift_Server_Storage_us-west-central 11758
Get_Azure_us-west-central 12223
Get_Thrift_Server_Storage_us-west-central 12243
Get_Azure_us-west-central 11574
Get_Thrift_Server_Storage_us-west-central 11613
Get_Azure_us-west-central 11070
Get_Thrift_Server_Storage_us-west-central 11098
Get_Azure_us-west-central 12615
Get_Thrift_Server_Storage_us-west-central 12658
Get_Azure_us-west-central 23359
Get_Thrift_Server_Storage_us-west-central 23400
Get_Azure_us-west-central 13600
Get_Thrift_Server_Storage_us-west-central 13636
Get_Azure_us-west-central 12847
Get_Thrift_Server_Storage_us-west-central 12873
Get_Azure_us-west-central 12058
Get_Thrift_Server_Storage_us-west-central 12080
Get_Azure_us-west-central 14571
Get_Thrift_Server_Storage_us-west-central 14592
Get_Azure_us-west-central 11850
Get_Thrift_Server_Storage_us-west-central 11872
Get_Azure_us-west-central 13146
Get_Thrift_Server_Storage_us-west-central 13183
Get_Azure_us-west-central 12968
Get_Thrift_Server_Storage_us-west-central 12999
Get_Azure_us-west-central 12557
Get_Thrift_Server_Storage_us-west-central 12579
Get_Azure_us-west-central 12663
Get_Thrift_Server_Storage_us-west-central 12697
Get_Azure_us-west-central 11987
Get_Thrift_Server_Storage_us-west-central 12014
Get_Azure_us-west-central 14525
Get_Thrift_Server_Storage_us-west-central 14549
Get_Azure_us-west-central 12426
Get_Thrift_Server_Storage_us-west-central 12463
Get_Azure_us-west-central 14061
Get_Thrift_Server_Storage_us-west-central 14107
Get_Azure_us-west-central 13376
Get_Thrift_Server_Storage_us-west-central 13400
Get_Azure_us-west-central 13387
Get_Thrift_Server_Storage_us-west-central 13418
Get_Azure_us-west-central 12303
Get_Thrift_Server_Storage_us-west-central 12342
Get_Azure_us-west-central 11955
Get_Thrift_Server_Storage_us-west-central 11984
Get_Azure_us-west-central 11726
Get_Thrift_Server_Storage_us-west-central 11756
Get_Azure_us-west-central 14364
Get_Thrift_Server_Storage_us-west-central 14405
Get_Azure_us-west-central 12284
Get_Thrift_Server_Storage_us-west-central 12325
Get_Azure_us-west-central 23013
Get_Thrift_Server_Storage_us-west-central 23043
Get_Azure_us-west-central 12771
Get_Thrift_Server_Storage_us-west-central 12799
Get_Azure_us-west-central 12148
Get_Thrift_Server_Storage_us-west-central 12183
Get_Azure_us-west-central 12370
Get_Thrift_Server_Storage_us-west-central 12396
Get_Azure_us-west-central 11293
Get_Thrift_Server_Storage_us-west-central 11318
Get_Azure_us-west-central 13127
Get_Thrift_Server_Storage_us-west-central 13165
Get_Azure_us-west-central 10937
Get_Thrift_Server_Storage_us-west-central 10972
Get_Azure_us-west-central 13126
Get_Thrift_Server_Storage_us-west-central 13150
Get_Azure_us-west-central 15409
Get_Thrift_Server_Storage_us-west-central 15709
Get_Azure_us-west-central 15845
Get_Thrift_Server_Storage_us-west-central 15879
Get_Azure_us-west-central 12755
Get_Thrift_Server_Storage_us-west-central 12786
Get_Azure_us-west-central 12959
Get_Thrift_Server_Storage_us-west-central 12982
Get_Azure_us-west-central 12144
Get_Thrift_Server_Storage_us-west-central 12176
Get_Azure_us-west-central 13640
Get_Thrift_Server_Storage_us-west-central 13664
Get_Azure_us-west-central 13715
Get_Thrift_Server_Storage_us-west-central 13751
Get_Azure_us-west-central 11636
Get_Thrift_Server_Storage_us-west-central 11658
Get_Azure_us-west-central 17658
Get_Thrift_Server_Storage_us-west-central 17691
Get_Azure_us-west-central 12236
Get_Thrift_Server_Storage_us-west-central 12267
Get_Azure_us-west-central 22282
Get_Thrift_Server_Storage_us-west-central 22308
Get_Azure_us-west-central 13551
Get_Thrift_Server_Storage_us-west-central 13577
Get_Azure_us-west-central 12030
Get_Thrift_Server_Storage_us-west-central 12066
Get_Azure_us-west-central 12089
Get_Thrift_Server_Storage_us-west-central 12115
Get_Azure_us-west-central 20426
Get_Thrift_Server_Storage_us-west-central 20473
Get_Azure_us-west-central 11426
Get_Thrift_Server_Storage_us-west-central 11452
Get_Azure_us-west-central 11592
Get_Thrift_Server_Storage_us-west-central 11616
Get_Azure_us-west-central 16864
Get_Thrift_Server_Storage_us-west-central 16896
Get_Azure_us-west-central 14105
Get_Thrift_Server_Storage_us-west-central 14130
Get_Azure_us-west-central 12104
Get_Thrift_Server_Storage_us-west-central 12130
Get_Azure_us-west-central 13681
Get_Thrift_Server_Storage_us-west-central 13699
Get_Azure_us-west-central 13669
Get_Thrift_Server_Storage_us-west-central 13694
Get_Azure_us-west-central 11588
Get_Thrift_Server_Storage_us-west-central 11607
Get_Azure_us-west-central 12351
Get_Thrift_Server_Storage_us-west-central 12374
Get_Azure_us-west-central 12859
Get_Thrift_Server_Storage_us-west-central 12884
Get_Azure_us-west-central 11908
Get_Thrift_Server_Storage_us-west-central 11928
Get_Azure_us-west-central 13818
Get_Thrift_Server_Storage_us-west-central 13864
Get_Azure_us-west-central 12241
Get_Thrift_Server_Storage_us-west-central 12267
Get_Azure_us-west-central 12387
Get_Thrift_Server_Storage_us-west-central 12419
Get_Azure_us-west-central 13686
Get_Thrift_Server_Storage_us-west-central 13710
Get_Azure_us-west-central 11534
Get_Thrift_Server_Storage_us-west-central 11553
Get_Azure_us-west-central 21605
Get_Thrift_Server_Storage_us-west-central 21641
Get_Azure_us-west-central 27655
Get_Thrift_Server_Storage_us-west-central 27676
Get_Azure_us-west-central 11365
Get_Thrift_Server_Storage_us-west-central 11386
Get_Azure_us-west-central 23271
Get_Thrift_Server_Storage_us-west-central 23288
Get_Azure_us-west-central 12015
Get_Thrift_Server_Storage_us-west-central 12036
Get_Azure_us-west-central 12350
Get_Thrift_Server_Storage_us-west-central 12371
Get_Azure_us-west-central 29329
Get_Thrift_Server_Storage_us-west-central 29357
Get_Azure_us-west-central 12303
Get_Thrift_Server_Storage_us-west-central 12336
Get_Azure_us-west-central 11530
Get_Thrift_Server_Storage_us-west-central 11559
Get_Azure_us-west-central 12912
Get_Thrift_Server_Storage_us-west-central 12967
Get_Azure_us-west-central 10909
Get_Thrift_Server_Storage_us-west-central 10939
Get_Azure_us-west-central 13219
Get_Thrift_Server_Storage_us-west-central 13261
Get_Azure_us-west-central 14740
Get_Thrift_Server_Storage_us-west-central 14794
Get_Azure_us-west-central 12144
Get_Thrift_Server_Storage_us-west-central 12172
Get_Azure_us-west-central 12561
Get_Thrift_Server_Storage_us-west-central 12594
Get_Azure_us-west-central 13273
Get_Thrift_Server_Storage_us-west-central 13318
Get_Azure_us-west-central 12993
Get_Thrift_Server_Storage_us-west-central 13024
Get_Azure_us-west-central 11996
Get_Thrift_Server_Storage_us-west-central 12032
Get_Azure_us-west-central 13948
Get_Thrift_Server_Storage_us-west-central 13981
Get_Azure_us-west-central 12167
Get_Thrift_Server_Storage_us-west-central 12189
Get_Azure_us-west-central 12289
Get_Thrift_Server_Storage_us-west-central 12312
Get_Azure_us-west-central 13571
Get_Thrift_Server_Storage_us-west-central 13631
Get_Azure_us-west-central 14579
Get_Thrift_Server_Storage_us-west-central 14623
Get_Azure_us-west-central 12395
Get_Thrift_Server_Storage_us-west-central 12414
Get_Azure_us-west-central 11366
Get_Thrift_Server_Storage_us-west-central 11388
Get_Azure_us-west-central 59731
Get_Thrift_Server_Storage_us-west-central 59755
Get_Azure_us-west-central 12946
Get_Thrift_Server_Storage_us-west-central 12977
Get_Azure_us-west-central 12738
Get_Thrift_Server_Storage_us-west-central 12771
Get_Azure_us-west-central 11891
Get_Thrift_Server_Storage_us-west-central 11950
Get_Azure_us-west-central 14435
Get_Thrift_Server_Storage_us-west-central 14474
Get_Azure_us-west-central 13456
Get_Thrift_Server_Storage_us-west-central 13480
Get_Azure_us-west-central 13747
Get_Thrift_Server_Storage_us-west-central 13778
Get_Azure_us-west-central 14811
Get_Thrift_Server_Storage_us-west-central 14836
Get_Azure_us-west-central 12638
Get_Thrift_Server_Storage_us-west-central 12663
Get_Azure_us-west-central 13100
Get_Thrift_Server_Storage_us-west-central 13131
Get_Azure_us-west-central 11808
Get_Thrift_Server_Storage_us-west-central 11830
Get_Azure_us-west-central 11534
Get_Thrift_Server_Storage_us-west-central 11558
Get_Azure_us-west-central 12323
Get_Thrift_Server_Storage_us-west-central 12349
Get_Azure_us-west-central 13031
Get_Thrift_Server_Storage_us-west-central 13060
Get_Azure_us-west-central 12345
Get_Thrift_Server_Storage_us-west-central 12387
Get_Azure_us-west-central 14622
Get_Thrift_Server_Storage_us-west-central 14642
Get_Azure_us-west-central 16237
Get_Thrift_Server_Storage_us-west-central 16256
Get_Azure_us-west-central 13583
Get_Thrift_Server_Storage_us-west-central 13609
Get_Azure_us-west-central 15067
Get_Thrift_Server_Storage_us-west-central 15090
Get_Azure_us-west-central 11746
Get_Thrift_Server_Storage_us-west-central 11767
Get_Azure_us-west-central 12471
Get_Thrift_Server_Storage_us-west-central 12490
Get_Azure_us-west-central 13192
Get_Thrift_Server_Storage_us-west-central 13224
Get_Azure_us-west-central 13779
Get_Thrift_Server_Storage_us-west-central 13804
Get_Azure_us-west-central 13753
Get_Thrift_Server_Storage_us-west-central 13979
Get_Azure_us-west-central 11350
Get_Thrift_Server_Storage_us-west-central 11371
Get_Azure_us-west-central 13067
Get_Thrift_Server_Storage_us-west-central 13091
Get_Azure_us-west-central 19885
Get_Thrift_Server_Storage_us-west-central 19909
Get_Azure_us-west-central 12406
Get_Thrift_Server_Storage_us-west-central 12439
Get_Azure_us-west-central 13922
Get_Thrift_Server_Storage_us-west-central 13949
Get_Azure_us-west-central 12176
Get_Thrift_Server_Storage_us-west-central 12198
Get_Azure_us-west-central 13388
Get_Thrift_Server_Storage_us-west-central 13429
Get_Azure_us-west-central 14636
Get_Thrift_Server_Storage_us-west-central 14665
Get_Azure_us-west-central 12634
Get_Thrift_Server_Storage_us-west-central 12667
Get_Azure_us-west-central 14157
Get_Thrift_Server_Storage_us-west-central 14201
Get_Azure_us-west-central 14254
Get_Thrift_Server_Storage_us-west-central 14302
Get_Azure_us-west-central 12580
Get_Thrift_Server_Storage_us-west-central 12624
Get_Azure_us-west-central 14925
Get_Thrift_Server_Storage_us-west-central 14947
Get_Azure_us-west-central 12344
Get_Thrift_Server_Storage_us-west-central 12394
Get_Azure_us-west-central 11184
Get_Thrift_Server_Storage_us-west-central 11233
Get_Azure_us-west-central 11399
Get_Thrift_Server_Storage_us-west-central 11447
Get_Azure_us-west-central 13934
Get_Thrift_Server_Storage_us-west-central 13959
Get_Azure_us-west-central 14987
Get_Thrift_Server_Storage_us-west-central 15029
Get_Azure_us-west-central 13282
Get_Thrift_Server_Storage_us-west-central 13305
Get_Azure_us-west-central 12616
Get_Thrift_Server_Storage_us-west-central 12645
Get_Azure_us-west-central 13907
Get_Thrift_Server_Storage_us-west-central 13945
Get_Azure_us-west-central 14507
Get_Thrift_Server_Storage_us-west-central 14531
Get_Azure_us-west-central 13622
Get_Thrift_Server_Storage_us-west-central 13648
Get_Azure_us-west-central 11293
Get_Thrift_Server_Storage_us-west-central 11316
Get_Azure_us-west-central 15209
Get_Thrift_Server_Storage_us-west-central 15230
Get_Azure_us-west-central 12210
Get_Thrift_Server_Storage_us-west-central 12235
Get_Azure_us-west-central 12253
Get_Thrift_Server_Storage_us-west-central 12281
Get_Azure_us-west-central 11204
Get_Thrift_Server_Storage_us-west-central 11225
Get_Azure_us-west-central 11248
Get_Thrift_Server_Storage_us-west-central 11273
Get_Azure_us-west-central 13412
Get_Thrift_Server_Storage_us-west-central 13433
Get_Azure_us-west-central 13234
Get_Thrift_Server_Storage_us-west-central 13259
Get_Azure_us-west-central 12070
Get_Thrift_Server_Storage_us-west-central 12105
Get_Azure_us-west-central 13013
Get_Thrift_Server_Storage_us-west-central 13038
Get_Azure_us-west-central 12588
Get_Thrift_Server_Storage_us-west-central 12622
Get_Azure_us-west-central 12878
Get_Thrift_Server_Storage_us-west-central 12910
Get_Azure_us-west-central 12782
Get_Thrift_Server_Storage_us-west-central 12805
Get_Azure_us-west-central 12273
Get_Thrift_Server_Storage_us-west-central 12325
Get_Azure_us-west-central 12814
Get_Thrift_Server_Storage_us-west-central 12835
Get_Azure_us-west-central 13426
Get_Thrift_Server_Storage_us-west-central 13457
Get_Azure_us-west-central 19286
Get_Thrift_Server_Storage_us-west-central 19313
Get_Azure_us-west-central 33085
Get_Thrift_Server_Storage_us-west-central 33118
Get_Azure_us-west-central 15410
Get_Thrift_Server_Storage_us-west-central 15443
Get_Azure_us-west-central 12629
Get_Thrift_Server_Storage_us-west-central 12650
Get_Azure_us-west-central 12304
Get_Thrift_Server_Storage_us-west-central 12326
Get_Azure_us-west-central 12685
Get_Thrift_Server_Storage_us-west-central 12706
Get_Azure_us-west-central 13284
Get_Thrift_Server_Storage_us-west-central 13305
Get_Azure_us-west-central 15712
Get_Thrift_Server_Storage_us-west-central 15767
Get_Azure_us-west-central 12451
Get_Thrift_Server_Storage_us-west-central 12476
Get_Azure_us-west-central 14110
Get_Thrift_Server_Storage_us-west-central 14136
Get_Azure_us-west-central 11367
Get_Thrift_Server_Storage_us-west-central 11388
Get_Azure_us-west-central 29160
Get_Thrift_Server_Storage_us-west-central 29189
Get_Azure_us-west-central 13374
Get_Thrift_Server_Storage_us-west-central 13423
Get_Azure_us-west-central 16172
Get_Thrift_Server_Storage_us-west-central 16201
Get_Azure_us-west-central 15147
Get_Thrift_Server_Storage_us-west-central 15172
Get_Azure_us-west-central 16303
Get_Thrift_Server_Storage_us-west-central 16329
Get_Azure_us-west-central 13018
Get_Thrift_Server_Storage_us-west-central 13043
Get_Azure_us-west-central 12650
Get_Thrift_Server_Storage_us-west-central 12672
Get_Azure_us-west-central 13114
Get_Thrift_Server_Storage_us-west-central 13138
Get_Azure_us-west-central 23668
Get_Thrift_Server_Storage_us-west-central 23699
Get_Azure_us-west-central 15047
Get_Thrift_Server_Storage_us-west-central 15080
Get_Azure_us-west-central 18814
Get_Thrift_Server_Storage_us-west-central 18835
Get_Azure_us-west-central 14006
Get_Thrift_Server_Storage_us-west-central 14033
Get_Azure_us-west-central 13669
Get_Thrift_Server_Storage_us-west-central 13694
Get_Azure_us-west-central 37794
Get_Thrift_Server_Storage_us-west-central 37818
Get_Azure_us-west-central 13688
Get_Thrift_Server_Storage_us-west-central 13723
Get_Azure_us-west-central 14001
Get_Thrift_Server_Storage_us-west-central 14032
Get_Azure_us-west-central 21533
Get_Thrift_Server_Storage_us-west-central 21563
Get_Azure_us-west-central 15362
Get_Thrift_Server_Storage_us-west-central 15398
Get_Azure_us-west-central 15219
Get_Thrift_Server_Storage_us-west-central 15248
Get_Azure_us-west-central 15248
Get_Thrift_Server_Storage_us-west-central 15276
Get_Azure_us-west-central 15403
Get_Thrift_Server_Storage_us-west-central 15433
Get_Azure_us-west-central 16435
Get_Thrift_Server_Storage_us-west-central 16477
Get_Azure_us-west-central 13389
Get_Thrift_Server_Storage_us-west-central 13442
Get_Azure_us-west-central 14337
Get_Thrift_Server_Storage_us-west-central 14364
Get_Azure_us-west-central 14227
Get_Thrift_Server_Storage_us-west-central 14264
Get_Azure_us-west-central 15600
Get_Thrift_Server_Storage_us-west-central 15624
Get_Azure_us-west-central 15915
Get_Thrift_Server_Storage_us-west-central 15939
Get_Azure_us-west-central 14769
Get_Thrift_Server_Storage_us-west-central 14806
Get_Azure_us-west-central 13553
Get_Thrift_Server_Storage_us-west-central 13576
Get_Azure_us-west-central 15496
Get_Thrift_Server_Storage_us-west-central 15520
Get_Azure_us-west-central 15679
Get_Thrift_Server_Storage_us-west-central 15709
Get_Azure_us-west-central 40548
Get_Thrift_Server_Storage_us-west-central 40585
Get_Azure_us-west-central 14106
Get_Thrift_Server_Storage_us-west-central 14130
Get_Azure_us-west-central 14003
Get_Thrift_Server_Storage_us-west-central 14050
Get_Azure_us-west-central 15569
Get_Thrift_Server_Storage_us-west-central 15596
Get_Azure_us-west-central 15817
Get_Thrift_Server_Storage_us-west-central 15841
Get_Azure_us-west-central 14471
Get_Thrift_Server_Storage_us-west-central 14494
Get_Azure_us-west-central 15016
Get_Thrift_Server_Storage_us-west-central 15106
Get_Azure_us-west-central 14776
Get_Thrift_Server_Storage_us-west-central 14796
Get_Azure_us-west-central 13281
Get_Thrift_Server_Storage_us-west-central 13306
Get_Azure_us-west-central 15030
Get_Thrift_Server_Storage_us-west-central 15065
Get_Azure_us-west-central 15329
Get_Thrift_Server_Storage_us-west-central 15364
Get_Azure_us-west-central 28957
Get_Thrift_Server_Storage_us-west-central 28986
Get_Azure_us-west-central 32815
Get_Thrift_Server_Storage_us-west-central 32853
Get_Azure_us-west-central 15262
Get_Thrift_Server_Storage_us-west-central 15295
Get_Azure_us-west-central 15184
Get_Thrift_Server_Storage_us-west-central 15205
Get_Azure_us-west-central 15597
Get_Thrift_Server_Storage_us-west-central 15624
Get_Azure_us-west-central 16056
Get_Thrift_Server_Storage_us-west-central 16082
Get_Azure_us-west-central 14286
Get_Thrift_Server_Storage_us-west-central 14334
Get_Azure_us-west-central 21788
Get_Thrift_Server_Storage_us-west-central 21807
Get_Azure_us-west-central 16816
Get_Thrift_Server_Storage_us-west-central 16837
Get_Azure_us-west-central 13654
Get_Thrift_Server_Storage_us-west-central 13678
Get_Azure_us-west-central 15977
Get_Thrift_Server_Storage_us-west-central 16002
Get_Azure_us-west-central 15070
Get_Thrift_Server_Storage_us-west-central 15095
Get_Azure_us-west-central 14214
Get_Thrift_Server_Storage_us-west-central 14240
Get_Azure_us-west-central 16866
Get_Thrift_Server_Storage_us-west-central 16892
Get_Azure_us-west-central 13556
Get_Thrift_Server_Storage_us-west-central 13642
Get_Azure_us-west-central 14022
Get_Thrift_Server_Storage_us-west-central 14051
Get_Azure_us-west-central 13469
Get_Thrift_Server_Storage_us-west-central 13507
Get_Azure_us-west-central 15723
Get_Thrift_Server_Storage_us-west-central 15746
Get_Azure_us-west-central 14246
Get_Thrift_Server_Storage_us-west-central 14269
Get_Azure_us-west-central 16373
Get_Thrift_Server_Storage_us-west-central 16402
Get_Azure_us-west-central 15029
Get_Thrift_Server_Storage_us-west-central 15061
Get_Azure_us-west-central 20629
Get_Thrift_Server_Storage_us-west-central 20658
Get_Azure_us-west-central 16544
Get_Thrift_Server_Storage_us-west-central 16569
Get_Azure_us-west-central 15125
Get_Thrift_Server_Storage_us-west-central 15174
Get_Azure_us-west-central 16475
Get_Thrift_Server_Storage_us-west-central 16511
Get_Azure_us-west-central 13738
Get_Thrift_Server_Storage_us-west-central 13763
Get_Azure_us-west-central 15446
Get_Thrift_Server_Storage_us-west-central 15472
Get_Azure_us-west-central 16254
Get_Thrift_Server_Storage_us-west-central 16283
Get_Azure_us-west-central 16018
Get_Thrift_Server_Storage_us-west-central 16044
Get_Azure_us-west-central 14512
Get_Thrift_Server_Storage_us-west-central 14571
Get_Azure_us-west-central 48155
Get_Thrift_Server_Storage_us-west-central 48214
Get_Azure_us-west-central 15118
Get_Thrift_Server_Storage_us-west-central 15171
Get_Azure_us-west-central 14546
Get_Thrift_Server_Storage_us-west-central 14587
Get_Azure_us-west-central 14955
Get_Thrift_Server_Storage_us-west-central 14994
Get_Azure_us-west-central 14957
Get_Thrift_Server_Storage_us-west-central 15042
Get_Azure_us-west-central 15357
Get_Thrift_Server_Storage_us-west-central 15404
Get_Azure_us-west-central 14560
Get_Thrift_Server_Storage_us-west-central 14598
Get_Azure_us-west-central 14871
Get_Thrift_Server_Storage_us-west-central 14899
Get_Azure_us-west-central 15603
Get_Thrift_Server_Storage_us-west-central 15625
Get_Azure_us-west-central 14578
Get_Thrift_Server_Storage_us-west-central 14610
Get_Azure_us-west-central 15350
Get_Thrift_Server_Storage_us-west-central 15384
Get_Azure_us-west-central 14516
Get_Thrift_Server_Storage_us-west-central 14539
Get_Azure_us-west-central 14993
Get_Thrift_Server_Storage_us-west-central 15025
Get_Azure_us-west-central 14269
Get_Thrift_Server_Storage_us-west-central 14305
Get_Azure_us-west-central 25233
Get_Thrift_Server_Storage_us-west-central 25262
Get_Azure_us-west-central 16247
Get_Thrift_Server_Storage_us-west-central 16301
Get_Azure_us-west-central 30505
Get_Thrift_Server_Storage_us-west-central 30563
Get_Azure_us-west-central 16998
Get_Thrift_Server_Storage_us-west-central 17024
Get_Azure_us-west-central 17208
Get_Thrift_Server_Storage_us-west-central 17237
Get_Azure_us-west-central 17897
Get_Thrift_Server_Storage_us-west-central 17922
Get_Azure_us-west-central 16440
Get_Thrift_Server_Storage_us-west-central 16462
Get_Azure_us-west-central 33957
Get_Thrift_Server_Storage_us-west-central 33987
Get_Azure_us-west-central 18542
Get_Thrift_Server_Storage_us-west-central 18566
Get_Azure_us-west-central 16300
Get_Thrift_Server_Storage_us-west-central 16326
Get_Azure_us-west-central 14242
Get_Thrift_Server_Storage_us-west-central 14269
Get_Azure_us-west-central 14398
Get_Thrift_Server_Storage_us-west-central 14424
Get_Azure_us-west-central 16298
Get_Thrift_Server_Storage_us-west-central 16325
Get_Azure_us-west-central 13541
Get_Thrift_Server_Storage_us-west-central 13572
Get_Azure_us-west-central 16059
Get_Thrift_Server_Storage_us-west-central 16084
Get_Azure_us-west-central 15008
Get_Thrift_Server_Storage_us-west-central 15033
Get_Azure_us-west-central 14567
Get_Thrift_Server_Storage_us-west-central 14590
Get_Azure_us-west-central 14934
Get_Thrift_Server_Storage_us-west-central 14957
Get_Azure_us-west-central 13675
Get_Thrift_Server_Storage_us-west-central 13717
Get_Azure_us-west-central 16012
Get_Thrift_Server_Storage_us-west-central 16056
Get_Azure_us-west-central 15987
Get_Thrift_Server_Storage_us-west-central 16026
Get_Azure_us-west-central 14975
Get_Thrift_Server_Storage_us-west-central 15016
Get_Azure_us-west-central 15746
Get_Thrift_Server_Storage_us-west-central 15777
Get_Azure_us-west-central 14389
Get_Thrift_Server_Storage_us-west-central 14413
Get_Azure_us-west-central 16707
Get_Thrift_Server_Storage_us-west-central 16732
Get_Azure_us-west-central 14556
Get_Thrift_Server_Storage_us-west-central 14584
Get_Azure_us-west-central 14737
Get_Thrift_Server_Storage_us-west-central 14770
Get_Azure_us-west-central 15619
Get_Thrift_Server_Storage_us-west-central 15643
Get_Azure_us-west-central 15182
Get_Thrift_Server_Storage_us-west-central 15212
Get_Azure_us-west-central 19537
Get_Thrift_Server_Storage_us-west-central 19569
Get_Azure_us-west-central 14594
Get_Thrift_Server_Storage_us-west-central 14625
Get_Azure_us-west-central 14355
Get_Thrift_Server_Storage_us-west-central 14374
Get_Azure_us-west-central 14397
Get_Thrift_Server_Storage_us-west-central 14425
Get_Azure_us-west-central 14179
Get_Thrift_Server_Storage_us-west-central 14217
Get_Azure_us-west-central 16555
Get_Thrift_Server_Storage_us-west-central 16595
Get_Azure_us-west-central 16306
Get_Thrift_Server_Storage_us-west-central 16349
Get_Azure_us-west-central 13862
Get_Thrift_Server_Storage_us-west-central 13910
Get_Azure_us-west-central 14941
Get_Thrift_Server_Storage_us-west-central 14973
Get_Azure_us-west-central 13562
Get_Thrift_Server_Storage_us-west-central 13622
Get_Azure_us-west-central 41709
Get_Thrift_Server_Storage_us-west-central 41739
Get_Azure_us-west-central 14414
Get_Thrift_Server_Storage_us-west-central 14433
Get_Azure_us-west-central 14043
Get_Thrift_Server_Storage_us-west-central 14070
Get_Azure_us-west-central 14482
Get_Thrift_Server_Storage_us-west-central 14529
Get_Azure_us-west-central 15385
Get_Thrift_Server_Storage_us-west-central 15416
Get_Azure_us-west-central 13327
Get_Thrift_Server_Storage_us-west-central 13347
Get_Azure_us-west-central 15049
Get_Thrift_Server_Storage_us-west-central 15092
Get_Azure_us-west-central 14911
Get_Thrift_Server_Storage_us-west-central 14937
Get_Azure_us-west-central 13943
Get_Thrift_Server_Storage_us-west-central 13965
Get_Azure_us-west-central 14466
Get_Thrift_Server_Storage_us-west-central 14485
Get_Azure_us-west-central 14834
Get_Thrift_Server_Storage_us-west-central 14852
Get_Azure_us-west-central 13821
Get_Thrift_Server_Storage_us-west-central 13848
Get_Azure_us-west-central 14858
Get_Thrift_Server_Storage_us-west-central 14913
Get_Azure_us-west-central 14485
Get_Thrift_Server_Storage_us-west-central 14519
Get_Azure_us-west-central 13693
Get_Thrift_Server_Storage_us-west-central 13714
Get_Azure_us-west-central 13377
Get_Thrift_Server_Storage_us-west-central 13397
Get_Azure_us-west-central 14826
Get_Thrift_Server_Storage_us-west-central 14856
Get_Azure_us-west-central 15901
Get_Thrift_Server_Storage_us-west-central 15970
Get_Azure_us-west-central 13921
Get_Thrift_Server_Storage_us-west-central 13952
Get_Azure_us-west-central 17551
Get_Thrift_Server_Storage_us-west-central 17578
Get_Azure_us-west-central 15744
Get_Thrift_Server_Storage_us-west-central 15771
Get_Azure_us-west-central 14876
Get_Thrift_Server_Storage_us-west-central 14914
Get_Azure_us-west-central 14797
Get_Thrift_Server_Storage_us-west-central 14823
Get_Azure_us-west-central 14437
Get_Thrift_Server_Storage_us-west-central 14463
Get_Azure_us-west-central 14432
Get_Thrift_Server_Storage_us-west-central 14465
Get_Azure_us-west-central 14462
Get_Thrift_Server_Storage_us-west-central 14505
Get_Azure_us-west-central 22532
Get_Thrift_Server_Storage_us-west-central 22556
Get_Azure_us-west-central 14394
Get_Thrift_Server_Storage_us-west-central 14417
Get_Azure_us-west-central 14407
Get_Thrift_Server_Storage_us-west-central 14433
Get_Azure_us-west-central 18813
Get_Thrift_Server_Storage_us-west-central 18850
Get_Azure_us-west-central 14827
Get_Thrift_Server_Storage_us-west-central 14858
Get_Azure_us-west-central 14804
Get_Thrift_Server_Storage_us-west-central 14831
Get_Azure_us-west-central 26139
Get_Thrift_Server_Storage_us-west-central 26168
Get_Azure_us-west-central 14667
Get_Thrift_Server_Storage_us-west-central 14693
Get_Azure_us-west-central 14219
Get_Thrift_Server_Storage_us-west-central 14255
Get_Azure_us-west-central 14247
Get_Thrift_Server_Storage_us-west-central 14291
Get_Azure_us-west-central 13888
Get_Thrift_Server_Storage_us-west-central 13910
Get_Azure_us-west-central 14599
Get_Thrift_Server_Storage_us-west-central 14626
Get_Azure_us-west-central 14621
Get_Thrift_Server_Storage_us-west-central 14644
Get_Azure_us-west-central 21961
Get_Thrift_Server_Storage_us-west-central 22028
Get_Azure_us-west-central 14693
Get_Thrift_Server_Storage_us-west-central 14735
Get_Azure_us-west-central 13459
Get_Thrift_Server_Storage_us-west-central 13486
Get_Azure_us-west-central 14360
Get_Thrift_Server_Storage_us-west-central 14389
Get_Azure_us-west-central 15735
Get_Thrift_Server_Storage_us-west-central 15772
Get_Azure_us-west-central 15537
Get_Thrift_Server_Storage_us-west-central 15559
Get_Azure_us-west-central 249678
Get_Thrift_Server_Storage_us-west-central 249713
Get_Azure_us-west-central 15206
Get_Thrift_Server_Storage_us-west-central 15231
Get_Azure_us-west-central 15666
Get_Thrift_Server_Storage_us-west-central 15695
Get_Azure_us-west-central 14489
Get_Thrift_Server_Storage_us-west-central 14514
Get_Azure_us-west-central 16641
Get_Thrift_Server_Storage_us-west-central 16698
Get_Azure_us-west-central 18377
Get_Thrift_Server_Storage_us-west-central 18412
Get_Azure_us-west-central 15712
Get_Thrift_Server_Storage_us-west-central 15737
Get_Azure_us-west-central 57039
Get_Thrift_Server_Storage_us-west-central 57066
Get_Azure_us-west-central 16036
Get_Thrift_Server_Storage_us-west-central 16069
Get_Azure_us-west-central 17006
Get_Thrift_Server_Storage_us-west-central 17050
Get_Azure_us-west-central 14440
Get_Thrift_Server_Storage_us-west-central 14461
Get_Azure_us-west-central 14743
Get_Thrift_Server_Storage_us-west-central 14768
Get_Azure_us-west-central 14428
Get_Thrift_Server_Storage_us-west-central 14467
Get_Azure_us-west-central 16413
Get_Thrift_Server_Storage_us-west-central 16438
Get_Azure_us-west-central 14740
Get_Thrift_Server_Storage_us-west-central 14768
Get_Azure_us-west-central 15454
Get_Thrift_Server_Storage_us-west-central 15495
Get_Azure_us-west-central 14696
Get_Thrift_Server_Storage_us-west-central 14726
Get_Azure_us-west-central 15405
Get_Thrift_Server_Storage_us-west-central 15696
Get_Azure_us-west-central 17206
Get_Thrift_Server_Storage_us-west-central 17248
Get_Azure_us-west-central 16708
Get_Thrift_Server_Storage_us-west-central 16736
Get_Azure_us-west-central 15296
Get_Thrift_Server_Storage_us-west-central 15316
Get_Azure_us-west-central 18003
Get_Thrift_Server_Storage_us-west-central 18032
Get_Azure_us-west-central 62836
Get_Thrift_Server_Storage_us-west-central 62866
Get_Azure_us-west-central 16496
Get_Thrift_Server_Storage_us-west-central 16520
Get_Azure_us-west-central 14158
Get_Thrift_Server_Storage_us-west-central 14199
Get_Azure_us-west-central 14771
Get_Thrift_Server_Storage_us-west-central 14796
Get_Azure_us-west-central 15563
Get_Thrift_Server_Storage_us-west-central 15600
Get_Azure_us-west-central 14126
Get_Thrift_Server_Storage_us-west-central 14152
Get_Azure_us-west-central 16763
Get_Thrift_Server_Storage_us-west-central 16792
Get_Azure_us-west-central 14295
Get_Thrift_Server_Storage_us-west-central 14323
Get_Azure_us-west-central 13955
Get_Thrift_Server_Storage_us-west-central 13978
Get_Azure_us-west-central 15330
Get_Thrift_Server_Storage_us-west-central 15352
Get_Azure_us-west-central 14494
Get_Thrift_Server_Storage_us-west-central 14518
Get_Azure_us-west-central 13844
Get_Thrift_Server_Storage_us-west-central 13879
Get_Azure_us-west-central 28629
Get_Thrift_Server_Storage_us-west-central 28661
Get_Azure_us-west-central 13077
Get_Thrift_Server_Storage_us-west-central 13104
Get_Azure_us-west-central 16772
Get_Thrift_Server_Storage_us-west-central 16802
Get_Azure_us-west-central 14716
Get_Thrift_Server_Storage_us-west-central 14752
Get_Azure_us-west-central 15200
Get_Thrift_Server_Storage_us-west-central 15226
Get_Azure_us-west-central 14562
Get_Thrift_Server_Storage_us-west-central 14594
Get_Azure_us-west-central 15262
Get_Thrift_Server_Storage_us-west-central 15289
Get_Azure_us-west-central 13492
Get_Thrift_Server_Storage_us-west-central 13521
Get_Azure_us-west-central 13977
Get_Thrift_Server_Storage_us-west-central 14038
Get_Azure_us-west-central 16403
Get_Thrift_Server_Storage_us-west-central 16431
Get_Azure_us-west-central 14208
Get_Thrift_Server_Storage_us-west-central 14512
Get_Azure_us-west-central 14880
Get_Thrift_Server_Storage_us-west-central 14906
Get_Azure_us-west-central 45483
Get_Thrift_Server_Storage_us-west-central 45511
Get_Azure_us-west-central 14381
Get_Thrift_Server_Storage_us-west-central 14402
Get_Azure_us-west-central 14448
Get_Thrift_Server_Storage_us-west-central 14502
Get_Azure_us-west-central 16077
Get_Thrift_Server_Storage_us-west-central 16102
Get_Azure_us-west-central 15139
Get_Thrift_Server_Storage_us-west-central 15171
Get_Azure_us-west-central 14247
Get_Thrift_Server_Storage_us-west-central 14275
Get_Azure_us-west-central 23653
Get_Thrift_Server_Storage_us-west-central 23677
Get_Azure_us-west-central 15080
Get_Thrift_Server_Storage_us-west-central 15104
Get_Azure_us-west-central 14520
Get_Thrift_Server_Storage_us-west-central 14568
Get_Azure_us-west-central 13870
Get_Thrift_Server_Storage_us-west-central 13912
Get_Azure_us-west-central 16273
Get_Thrift_Server_Storage_us-west-central 16299
Get_Azure_us-west-central 14363
Get_Thrift_Server_Storage_us-west-central 14394
Get_Azure_us-west-central 15005
Get_Thrift_Server_Storage_us-west-central 15033
Get_Azure_us-west-central 16795
Get_Thrift_Server_Storage_us-west-central 16820
Get_Azure_us-west-central 15481
Get_Thrift_Server_Storage_us-west-central 15552
Get_Azure_us-west-central 16065
Get_Thrift_Server_Storage_us-west-central 16127
Get_Azure_us-west-central 15497
Get_Thrift_Server_Storage_us-west-central 15533
Get_Azure_us-west-central 14194
Get_Thrift_Server_Storage_us-west-central 14224
Get_Azure_us-west-central 15221
Get_Thrift_Server_Storage_us-west-central 15249
Get_Azure_us-west-central 14486
Get_Thrift_Server_Storage_us-west-central 14508
Get_Azure_us-west-central 34106
Get_Thrift_Server_Storage_us-west-central 34130
Get_Azure_us-west-central 15382
Get_Thrift_Server_Storage_us-west-central 15407
Get_Azure_us-west-central 15430
Get_Thrift_Server_Storage_us-west-central 15452
Get_Azure_us-west-central 15800
Get_Thrift_Server_Storage_us-west-central 15825
Get_Azure_us-west-central 14894
Get_Thrift_Server_Storage_us-west-central 14928
Get_Azure_us-west-central 63865
Get_Thrift_Server_Storage_us-west-central 63885
Get_Azure_us-west-central 15404
Get_Thrift_Server_Storage_us-west-central 15433
Get_Azure_us-west-central 15199
Get_Thrift_Server_Storage_us-west-central 15289
Get_Azure_us-west-central 16313
Get_Thrift_Server_Storage_us-west-central 16346
Get_Azure_us-west-central 27949
Get_Thrift_Server_Storage_us-west-central 27971
Get_Azure_us-west-central 15100
Get_Thrift_Server_Storage_us-west-central 15137
Get_Azure_us-west-central 16040
Get_Thrift_Server_Storage_us-west-central 16302
Get_Azure_us-west-central 15317
Get_Thrift_Server_Storage_us-west-central 15342
Get_Azure_us-west-central 33659
Get_Thrift_Server_Storage_us-west-central 33684
Get_Azure_us-west-central 15856
Get_Thrift_Server_Storage_us-west-central 15882
Get_Azure_us-west-central 14699
Get_Thrift_Server_Storage_us-west-central 14726
Get_Azure_us-west-central 16898
Get_Thrift_Server_Storage_us-west-central 16929
Get_Azure_us-west-central 13761
Get_Thrift_Server_Storage_us-west-central 13782
Get_Azure_us-west-central 27282
Get_Thrift_Server_Storage_us-west-central 27307
Get_Azure_us-west-central 20688
Get_Thrift_Server_Storage_us-west-central 20724
Get_Azure_us-west-central 14752
Get_Thrift_Server_Storage_us-west-central 14776
Get_Azure_us-west-central 13922
Get_Thrift_Server_Storage_us-west-central 13949
Get_Azure_us-west-central 17120
Get_Thrift_Server_Storage_us-west-central 17144
Get_Azure_us-west-central 15323
Get_Thrift_Server_Storage_us-west-central 15362
Get_Azure_us-west-central 15668
Get_Thrift_Server_Storage_us-west-central 15697
Get_Azure_us-west-central 488215
Get_Thrift_Server_Storage_us-west-central 488240
Get_Azure_us-west-central 13827
Get_Thrift_Server_Storage_us-west-central 13848
Get_Azure_us-west-central 15893
Get_Thrift_Server_Storage_us-west-central 15927
Get_Azure_us-west-central 15917
Get_Thrift_Server_Storage_us-west-central 15941
Get_Azure_us-west-central 17061
Get_Thrift_Server_Storage_us-west-central 17085
Get_Azure_us-west-central 15254
Get_Thrift_Server_Storage_us-west-central 15281
Get_Azure_us-west-central 14810
Get_Thrift_Server_Storage_us-west-central 14837
Get_Azure_us-west-central 13653
Get_Thrift_Server_Storage_us-west-central 13676
Get_Azure_us-west-central 14716
Get_Thrift_Server_Storage_us-west-central 14747
Get_Azure_us-west-central 16925
Get_Thrift_Server_Storage_us-west-central 16963
Get_Azure_us-west-central 29107
Get_Thrift_Server_Storage_us-west-central 29137
Get_Azure_us-west-central 13175
Get_Thrift_Server_Storage_us-west-central 13194
Get_Azure_us-west-central 17829
Get_Thrift_Server_Storage_us-west-central 17848
Get_Azure_us-west-central 16677
Get_Thrift_Server_Storage_us-west-central 16705
Get_Azure_us-west-central 17202
Get_Thrift_Server_Storage_us-west-central 17242
Get_Azure_us-west-central 28096
Get_Thrift_Server_Storage_us-west-central 28125
Get_Azure_us-west-central 15809
Get_Thrift_Server_Storage_us-west-central 16049
Get_Azure_us-west-central 15657
Get_Thrift_Server_Storage_us-west-central 15691
Get_Azure_us-west-central 16840
Get_Thrift_Server_Storage_us-west-central 16864
Get_Azure_us-west-central 14070
Get_Thrift_Server_Storage_us-west-central 14120
Get_Azure_us-west-central 17097
Get_Thrift_Server_Storage_us-west-central 17123
Get_Azure_us-west-central 14005
Get_Thrift_Server_Storage_us-west-central 14030
Get_Azure_us-west-central 14007
Get_Thrift_Server_Storage_us-west-central 14032
Get_Azure_us-west-central 13863
Get_Thrift_Server_Storage_us-west-central 13886
Get_Azure_us-west-central 39768
Get_Thrift_Server_Storage_us-west-central 39821
Get_Azure_us-west-central 29594
Get_Thrift_Server_Storage_us-west-central 29619
Get_Azure_us-west-central 13998
Get_Thrift_Server_Storage_us-west-central 14027
Get_Azure_us-west-central 15463
Get_Thrift_Server_Storage_us-west-central 15511
Get_Azure_us-west-central 15082
Get_Thrift_Server_Storage_us-west-central 15114
Get_Azure_us-west-central 15212
Get_Thrift_Server_Storage_us-west-central 15253
Get_Azure_us-west-central 15553
Get_Thrift_Server_Storage_us-west-central 15583
Get_Azure_us-west-central 15049
Get_Thrift_Server_Storage_us-west-central 15075
Get_Azure_us-west-central 14333
Get_Thrift_Server_Storage_us-west-central 14361
Get_Azure_us-west-central 15208
Get_Thrift_Server_Storage_us-west-central 15239
Get_Azure_us-west-central 15815
Get_Thrift_Server_Storage_us-west-central 15858
Get_Azure_us-west-central 14274
Get_Thrift_Server_Storage_us-west-central 14305
Get_Azure_us-west-central 15313
Get_Thrift_Server_Storage_us-west-central 15339
Get_Azure_us-west-central 14428
Get_Thrift_Server_Storage_us-west-central 14453
Get_Azure_us-west-central 14044
Get_Thrift_Server_Storage_us-west-central 14079
Get_Azure_us-west-central 16679
Get_Thrift_Server_Storage_us-west-central 16706
Get_Azure_us-west-central 14481
Get_Thrift_Server_Storage_us-west-central 14508
Get_Azure_us-west-central 16804
Get_Thrift_Server_Storage_us-west-central 16827
Get_Azure_us-west-central 15047
Get_Thrift_Server_Storage_us-west-central 15076
Get_Azure_us-west-central 23367
Get_Thrift_Server_Storage_us-west-central 23399
Get_Azure_us-west-central 16000
Get_Thrift_Server_Storage_us-west-central 16041
Get_Azure_us-west-central 16412
Get_Thrift_Server_Storage_us-west-central 16646
Get_Azure_us-west-central 14932
Get_Thrift_Server_Storage_us-west-central 14955
Get_Azure_us-west-central 14623
Get_Thrift_Server_Storage_us-west-central 14656
Get_Azure_us-west-central 14589
Get_Thrift_Server_Storage_us-west-central 14627
Get_Azure_us-west-central 15523
Get_Thrift_Server_Storage_us-west-central 15545
Get_Azure_us-west-central 16933
Get_Thrift_Server_Storage_us-west-central 16955
Get_Azure_us-west-central 12654
Get_Thrift_Server_Storage_us-west-central 12675
Get_Azure_us-west-central 15446
Get_Thrift_Server_Storage_us-west-central 15470
Get_Azure_us-west-central 14068
Get_Thrift_Server_Storage_us-west-central 14108
Get_Azure_us-west-central 15846
Get_Thrift_Server_Storage_us-west-central 15869
Get_Azure_us-west-central 16654
Get_Thrift_Server_Storage_us-west-central 16677
Get_Azure_us-west-central 15606
Get_Thrift_Server_Storage_us-west-central 15635
Get_Azure_us-west-central 13984
Get_Thrift_Server_Storage_us-west-central 14011
Get_Azure_us-west-central 15034
Get_Thrift_Server_Storage_us-west-central 15064
Get_Azure_us-west-central 15736
Get_Thrift_Server_Storage_us-west-central 15765
Get_Azure_us-west-central 13619
Get_Thrift_Server_Storage_us-west-central 13641
Get_Azure_us-west-central 31902
Get_Thrift_Server_Storage_us-west-central 31961
Get_Azure_us-west-central 16097
Get_Thrift_Server_Storage_us-west-central 16120
Get_Azure_us-west-central 14785
Get_Thrift_Server_Storage_us-west-central 14805
Get_Azure_us-west-central 16433
Get_Thrift_Server_Storage_us-west-central 16472
Get_Azure_us-west-central 23974
Get_Thrift_Server_Storage_us-west-central 24009
Get_Azure_us-west-central 13746
Get_Thrift_Server_Storage_us-west-central 13771
Get_Azure_us-west-central 16120
Get_Thrift_Server_Storage_us-west-central 16148
Get_Azure_us-west-central 13482
Get_Thrift_Server_Storage_us-west-central 13519
Get_Azure_us-west-central 13805
Get_Thrift_Server_Storage_us-west-central 13823
Get_Azure_us-west-central 14743
Get_Thrift_Server_Storage_us-west-central 14763
Get_Azure_us-west-central 14366
Get_Thrift_Server_Storage_us-west-central 14396
Get_Azure_us-west-central 15649
Get_Thrift_Server_Storage_us-west-central 15671
Get_Azure_us-west-central 18943
Get_Thrift_Server_Storage_us-west-central 18991
Get_Azure_us-west-central 13703
Get_Thrift_Server_Storage_us-west-central 13756
Get_Azure_us-west-central 14784
Get_Thrift_Server_Storage_us-west-central 14820
Get_Azure_us-west-central 15323
Get_Thrift_Server_Storage_us-west-central 15362
Get_Azure_us-west-central 15297
Get_Thrift_Server_Storage_us-west-central 15331
Get_Azure_us-west-central 14842
Get_Thrift_Server_Storage_us-west-central 14877
Get_Azure_us-west-central 13653
Get_Thrift_Server_Storage_us-west-central 13679
Get_Azure_us-west-central 16331
Get_Thrift_Server_Storage_us-west-central 16365
Get_Azure_us-west-central 16313
Get_Thrift_Server_Storage_us-west-central 16350
Get_Azure_us-west-central 13862
Get_Thrift_Server_Storage_us-west-central 14058
Get_Azure_us-west-central 14667
Get_Thrift_Server_Storage_us-west-central 14705
Get_Azure_us-west-central 14923
Get_Thrift_Server_Storage_us-west-central 14965
Get_Azure_us-west-central 14396
Get_Thrift_Server_Storage_us-west-central 14419
Get_Azure_us-west-central 17397
Get_Thrift_Server_Storage_us-west-central 17427
