Put_Azure_us-central 80662
Put_Thrift_Server_Storage_us-central 81144
Put_Azure_us-central 60911
Put_Thrift_Server_Storage_us-central 61286
Put_Azure_us-central 72676
Put_Thrift_Server_Storage_us-central 73065
Put_Azure_us-central 50866
Put_Thrift_Server_Storage_us-central 51258
Put_Azure_us-central 70660
Put_Thrift_Server_Storage_us-central 71053
Put_Azure_us-central 72301
Put_Thrift_Server_Storage_us-central 72620
Put_Azure_us-central 83935
Put_Thrift_Server_Storage_us-central 84273
Put_Azure_us-central 80080
Put_Thrift_Server_Storage_us-central 80416
Put_Azure_us-central 34464
Put_Thrift_Server_Storage_us-central 34838
Put_Azure_us-central 76721
Put_Thrift_Server_Storage_us-central 77092
Put_Azure_us-central 55316
Put_Thrift_Server_Storage_us-central 55664
Put_Azure_us-central 61395
Put_Thrift_Server_Storage_us-central 61647
Put_Azure_us-central 52990
Put_Thrift_Server_Storage_us-central 53319
Put_Azure_us-central 33916
Put_Thrift_Server_Storage_us-central 34285
Put_Azure_us-central 35379
Put_Thrift_Server_Storage_us-central 35729
Put_Azure_us-central 52354
Put_Thrift_Server_Storage_us-central 52713
Put_Azure_us-central 48356
Put_Thrift_Server_Storage_us-central 48704
Put_Azure_us-central 76488
Put_Thrift_Server_Storage_us-central 76832
Put_Azure_us-central 76878
Put_Thrift_Server_Storage_us-central 77233
Put_Azure_us-central 36256
Put_Thrift_Server_Storage_us-central 36520
Put_Azure_us-central 107749
Put_Thrift_Server_Storage_us-central 108125
Put_Azure_us-central 46909
Put_Thrift_Server_Storage_us-central 47285
Put_Azure_us-central 34849
Put_Thrift_Server_Storage_us-central 35212
Put_Azure_us-central 38813
Put_Thrift_Server_Storage_us-central 39173
Put_Azure_us-central 39559
Put_Thrift_Server_Storage_us-central 39933
Put_Azure_us-central 40196
Put_Thrift_Server_Storage_us-central 40546
Put_Azure_us-central 43457
Put_Thrift_Server_Storage_us-central 43814
Put_Azure_us-central 195176
Put_Thrift_Server_Storage_us-central 195531
Put_Azure_us-central 72632
Put_Thrift_Server_Storage_us-central 72985
Put_Azure_us-central 35642
Put_Thrift_Server_Storage_us-central 36017
Put_Azure_us-central 44741
Put_Thrift_Server_Storage_us-central 45066
Put_Azure_us-central 38853
Put_Thrift_Server_Storage_us-central 39122
Put_Azure_us-central 57275
Put_Thrift_Server_Storage_us-central 57902
Put_Azure_us-central 34412
Put_Thrift_Server_Storage_us-central 35834
Put_Azure_us-central 41534
Put_Thrift_Server_Storage_us-central 41822
Put_Azure_us-central 39750
Put_Thrift_Server_Storage_us-central 40167
Put_Azure_us-central 42786
Put_Thrift_Server_Storage_us-central 43148
Put_Azure_us-central 37277
Put_Thrift_Server_Storage_us-central 37635
Put_Azure_us-central 34760
Put_Thrift_Server_Storage_us-central 35105
Put_Azure_us-central 33042
Put_Thrift_Server_Storage_us-central 33398
Put_Azure_us-central 34960
Put_Thrift_Server_Storage_us-central 35310
Put_Azure_us-central 39155
Put_Thrift_Server_Storage_us-central 39512
Put_Azure_us-central 35657
Put_Thrift_Server_Storage_us-central 36016
Put_Azure_us-central 31181
Put_Thrift_Server_Storage_us-central 31535
Put_Azure_us-central 31744
Put_Thrift_Server_Storage_us-central 32085
Put_Azure_us-central 41665
Put_Thrift_Server_Storage_us-central 42045
Put_Azure_us-central 35585
Put_Thrift_Server_Storage_us-central 35930
Put_Azure_us-central 35062
Put_Thrift_Server_Storage_us-central 35322
Put_Azure_us-central 32015
Put_Thrift_Server_Storage_us-central 32382
Put_Azure_us-central 48726
Put_Thrift_Server_Storage_us-central 49055
Put_Azure_us-central 30861
Put_Thrift_Server_Storage_us-central 31235
Put_Azure_us-central 38466
Put_Thrift_Server_Storage_us-central 38830
Put_Azure_us-central 34205
Put_Thrift_Server_Storage_us-central 34561
Put_Azure_us-central 32863
Put_Thrift_Server_Storage_us-central 33197
Put_Azure_us-central 42655
Put_Thrift_Server_Storage_us-central 43014
Put_Azure_us-central 29419
Put_Thrift_Server_Storage_us-central 29784
Put_Azure_us-central 29428
Put_Thrift_Server_Storage_us-central 29810
Put_Azure_us-central 33067
Put_Thrift_Server_Storage_us-central 33435
Put_Azure_us-central 42140
Put_Thrift_Server_Storage_us-central 42493
Put_Azure_us-central 38945
Put_Thrift_Server_Storage_us-central 39296
Put_Azure_us-central 34970
Put_Thrift_Server_Storage_us-central 35322
Put_Azure_us-central 41991
Put_Thrift_Server_Storage_us-central 42369
Put_Azure_us-central 38228
Put_Thrift_Server_Storage_us-central 38580
Put_Azure_us-central 35031
Put_Thrift_Server_Storage_us-central 35406
Put_Azure_us-central 37558
Put_Thrift_Server_Storage_us-central 37924
Put_Azure_us-central 30866
Put_Thrift_Server_Storage_us-central 31239
Put_Azure_us-central 29888
Put_Thrift_Server_Storage_us-central 30244
Put_Azure_us-central 31350
Put_Thrift_Server_Storage_us-central 31694
Put_Azure_us-central 108855
Put_Thrift_Server_Storage_us-central 109173
Put_Azure_us-central 50061
Put_Thrift_Server_Storage_us-central 50422
Put_Azure_us-central 35845
Put_Thrift_Server_Storage_us-central 36215
Put_Azure_us-central 77695
Put_Thrift_Server_Storage_us-central 78066
Put_Azure_us-central 30525
Put_Thrift_Server_Storage_us-central 30885
Put_Azure_us-central 31119
Put_Thrift_Server_Storage_us-central 31486
Put_Azure_us-central 37889
Put_Thrift_Server_Storage_us-central 38265
Put_Azure_us-central 35387
Put_Thrift_Server_Storage_us-central 35907
Put_Azure_us-central 31966
Put_Thrift_Server_Storage_us-central 32261
Put_Azure_us-central 38228
Put_Thrift_Server_Storage_us-central 38588
Put_Azure_us-central 34738
Put_Thrift_Server_Storage_us-central 35011
Put_Azure_us-central 56563
Put_Thrift_Server_Storage_us-central 56944
Put_Azure_us-central 30473
Put_Thrift_Server_Storage_us-central 30850
Put_Azure_us-central 42759
Put_Thrift_Server_Storage_us-central 43147
Put_Azure_us-central 34302
Put_Thrift_Server_Storage_us-central 34683
Put_Azure_us-central 32957
Put_Thrift_Server_Storage_us-central 33314
Put_Azure_us-central 57623
Put_Thrift_Server_Storage_us-central 58013
Put_Azure_us-central 33448
Put_Thrift_Server_Storage_us-central 33846
Put_Azure_us-central 31624
Put_Thrift_Server_Storage_us-central 31984
Put_Azure_us-central 34058
Put_Thrift_Server_Storage_us-central 34421
Put_Azure_us-central 31730
Put_Thrift_Server_Storage_us-central 32100
Put_Azure_us-central 37579
Put_Thrift_Server_Storage_us-central 37955
Put_Azure_us-central 32148
Put_Thrift_Server_Storage_us-central 32514
Put_Azure_us-central 34788
Put_Thrift_Server_Storage_us-central 35116
Put_Azure_us-central 30462
Put_Thrift_Server_Storage_us-central 30774
Put_Azure_us-central 31772
Put_Thrift_Server_Storage_us-central 32150
Put_Azure_us-central 36554
Put_Thrift_Server_Storage_us-central 36926
Put_Azure_us-central 37240
Put_Thrift_Server_Storage_us-central 37635
Put_Azure_us-central 35372
Put_Thrift_Server_Storage_us-central 35716
Put_Azure_us-central 32581
Put_Thrift_Server_Storage_us-central 32925
Put_Azure_us-central 32993
Put_Thrift_Server_Storage_us-central 33335
Put_Azure_us-central 34832
Put_Thrift_Server_Storage_us-central 35164
Put_Azure_us-central 32830
Put_Thrift_Server_Storage_us-central 33206
Put_Azure_us-central 33413
Put_Thrift_Server_Storage_us-central 33761
Put_Azure_us-central 31962
Put_Thrift_Server_Storage_us-central 32299
Put_Azure_us-central 35883
Put_Thrift_Server_Storage_us-central 36227
Put_Azure_us-central 41152
Put_Thrift_Server_Storage_us-central 41435
Put_Azure_us-central 33836
Put_Thrift_Server_Storage_us-central 34173
Put_Azure_us-central 30120
Put_Thrift_Server_Storage_us-central 30523
Put_Azure_us-central 36472
Put_Thrift_Server_Storage_us-central 36803
Put_Azure_us-central 32938
Put_Thrift_Server_Storage_us-central 33232
Put_Azure_us-central 37093
Put_Thrift_Server_Storage_us-central 37434
Put_Azure_us-central 38715
Put_Thrift_Server_Storage_us-central 39050
Put_Azure_us-central 34550
Put_Thrift_Server_Storage_us-central 34899
Put_Azure_us-central 34313
Put_Thrift_Server_Storage_us-central 34640
Put_Azure_us-central 30115
Put_Thrift_Server_Storage_us-central 30512
Put_Azure_us-central 34903
Put_Thrift_Server_Storage_us-central 35183
Put_Azure_us-central 33913
Put_Thrift_Server_Storage_us-central 34172
Put_Azure_us-central 31444
Put_Thrift_Server_Storage_us-central 31800
Put_Azure_us-central 39841
Put_Thrift_Server_Storage_us-central 40128
Put_Azure_us-central 32382
Put_Thrift_Server_Storage_us-central 32729
Put_Azure_us-central 44285
Put_Thrift_Server_Storage_us-central 44632
Put_Azure_us-central 37981
Put_Thrift_Server_Storage_us-central 38329
Put_Azure_us-central 34563
Put_Thrift_Server_Storage_us-central 34905
Put_Azure_us-central 31434
Put_Thrift_Server_Storage_us-central 31794
Put_Azure_us-central 34983
Put_Thrift_Server_Storage_us-central 35332
Put_Azure_us-central 38490
Put_Thrift_Server_Storage_us-central 38825
Put_Azure_us-central 32222
Put_Thrift_Server_Storage_us-central 32572
Put_Azure_us-central 30549
Put_Thrift_Server_Storage_us-central 30886
Put_Azure_us-central 33662
Put_Thrift_Server_Storage_us-central 34043
Put_Azure_us-central 33442
Put_Thrift_Server_Storage_us-central 33829
Put_Azure_us-central 36573
Put_Thrift_Server_Storage_us-central 36917
Put_Azure_us-central 32774
Put_Thrift_Server_Storage_us-central 33154
Put_Azure_us-central 31856
Put_Thrift_Server_Storage_us-central 32211
Put_Azure_us-central 37877
Put_Thrift_Server_Storage_us-central 38235
Put_Azure_us-central 30961
Put_Thrift_Server_Storage_us-central 31298
Put_Azure_us-central 35164
Put_Thrift_Server_Storage_us-central 35508
Put_Azure_us-central 33697
Put_Thrift_Server_Storage_us-central 34040
Put_Azure_us-central 34405
Put_Thrift_Server_Storage_us-central 34814
Put_Azure_us-central 40124
Put_Thrift_Server_Storage_us-central 40487
Put_Azure_us-central 38016
Put_Thrift_Server_Storage_us-central 38374
Put_Azure_us-central 38259
Put_Thrift_Server_Storage_us-central 38625
Put_Azure_us-central 31234
Put_Thrift_Server_Storage_us-central 31604
Put_Azure_us-central 38551
Put_Thrift_Server_Storage_us-central 38993
Put_Azure_us-central 39357
Put_Thrift_Server_Storage_us-central 39735
Put_Azure_us-central 39122
Put_Thrift_Server_Storage_us-central 39482
Put_Azure_us-central 39671
Put_Thrift_Server_Storage_us-central 40004
Put_Azure_us-central 31101
Put_Thrift_Server_Storage_us-central 31437
Put_Azure_us-central 30982
Put_Thrift_Server_Storage_us-central 31318
Put_Azure_us-central 32385
Put_Thrift_Server_Storage_us-central 32639
Put_Azure_us-central 35187
Put_Thrift_Server_Storage_us-central 35557
Put_Azure_us-central 33503
Put_Thrift_Server_Storage_us-central 33869
Put_Azure_us-central 29323
Put_Thrift_Server_Storage_us-central 29702
Put_Azure_us-central 33823
Put_Thrift_Server_Storage_us-central 34163
Put_Azure_us-central 33785
Put_Thrift_Server_Storage_us-central 34117
Put_Azure_us-central 39965
Put_Thrift_Server_Storage_us-central 40361
Put_Azure_us-central 34444
Put_Thrift_Server_Storage_us-central 34771
Put_Azure_us-central 31531
Put_Thrift_Server_Storage_us-central 31880
Put_Azure_us-central 31231
Put_Thrift_Server_Storage_us-central 31578
Put_Azure_us-central 72481
Put_Thrift_Server_Storage_us-central 72838
Put_Azure_us-central 82266
Put_Thrift_Server_Storage_us-central 82609
Put_Azure_us-central 37870
Put_Thrift_Server_Storage_us-central 38205
Put_Azure_us-central 29904
Put_Thrift_Server_Storage_us-central 30246
Put_Azure_us-central 32403
Put_Thrift_Server_Storage_us-central 32737
Put_Azure_us-central 37196
Put_Thrift_Server_Storage_us-central 37550
Put_Azure_us-central 41149
Put_Thrift_Server_Storage_us-central 41487
Put_Azure_us-central 30800
Put_Thrift_Server_Storage_us-central 31132
Put_Azure_us-central 60348
Put_Thrift_Server_Storage_us-central 60682
Put_Azure_us-central 30107
Put_Thrift_Server_Storage_us-central 30441
Put_Azure_us-central 38349
Put_Thrift_Server_Storage_us-central 38702
Put_Azure_us-central 39088
Put_Thrift_Server_Storage_us-central 39405
Put_Azure_us-central 66107
Put_Thrift_Server_Storage_us-central 66458
Put_Azure_us-central 31422
Put_Thrift_Server_Storage_us-central 31751
Put_Azure_us-central 31159
Put_Thrift_Server_Storage_us-central 31500
Put_Azure_us-central 32598
Put_Thrift_Server_Storage_us-central 32946
Put_Azure_us-central 35862
Put_Thrift_Server_Storage_us-central 36208
Put_Azure_us-central 32694
Put_Thrift_Server_Storage_us-central 33049
Put_Azure_us-central 33458
Put_Thrift_Server_Storage_us-central 33809
Put_Azure_us-central 40529
Put_Thrift_Server_Storage_us-central 40857
Put_Azure_us-central 32691
Put_Thrift_Server_Storage_us-central 33012
Put_Azure_us-central 38755
Put_Thrift_Server_Storage_us-central 39014
Put_Azure_us-central 49253
Put_Thrift_Server_Storage_us-central 49548
Put_Azure_us-central 33603
Put_Thrift_Server_Storage_us-central 33999
Put_Azure_us-central 31375
Put_Thrift_Server_Storage_us-central 31712
Put_Azure_us-central 35013
Put_Thrift_Server_Storage_us-central 35361
Put_Azure_us-central 90188
Put_Thrift_Server_Storage_us-central 90537
Put_Azure_us-central 32915
Put_Thrift_Server_Storage_us-central 33216
Put_Azure_us-central 33411
Put_Thrift_Server_Storage_us-central 34002
Put_Azure_us-central 83666
Put_Thrift_Server_Storage_us-central 84153
Put_Azure_us-central 33767
Put_Thrift_Server_Storage_us-central 34099
Put_Azure_us-central 37987
Put_Thrift_Server_Storage_us-central 38378
Put_Azure_us-central 32679
Put_Thrift_Server_Storage_us-central 33026
Put_Azure_us-central 31167
Put_Thrift_Server_Storage_us-central 31543
Put_Azure_us-central 36875
Put_Thrift_Server_Storage_us-central 37222
Put_Azure_us-central 32287
Put_Thrift_Server_Storage_us-central 32662
Put_Azure_us-central 36829
Put_Thrift_Server_Storage_us-central 37176
Put_Azure_us-central 34085
Put_Thrift_Server_Storage_us-central 34433
Put_Azure_us-central 68061
Put_Thrift_Server_Storage_us-central 68440
Put_Azure_us-central 32173
Put_Thrift_Server_Storage_us-central 32562
Put_Azure_us-central 29976
Put_Thrift_Server_Storage_us-central 30315
Put_Azure_us-central 41342
Put_Thrift_Server_Storage_us-central 41706
Put_Azure_us-central 35090
Put_Thrift_Server_Storage_us-central 35453
Put_Azure_us-central 43203
Put_Thrift_Server_Storage_us-central 43590
Put_Azure_us-central 32855
Put_Thrift_Server_Storage_us-central 33251
Put_Azure_us-central 79694
Put_Thrift_Server_Storage_us-central 80064
Put_Azure_us-central 38246
Put_Thrift_Server_Storage_us-central 38505
Put_Azure_us-central 34980
Put_Thrift_Server_Storage_us-central 35358
Put_Azure_us-central 46780
Put_Thrift_Server_Storage_us-central 47152
Put_Azure_us-central 32786
Put_Thrift_Server_Storage_us-central 33142
Put_Azure_us-central 30886
Put_Thrift_Server_Storage_us-central 31243
Put_Azure_us-central 38531
Put_Thrift_Server_Storage_us-central 38882
Put_Azure_us-central 31403
Put_Thrift_Server_Storage_us-central 31757
Put_Azure_us-central 32265
Put_Thrift_Server_Storage_us-central 32614
Put_Azure_us-central 30280
Put_Thrift_Server_Storage_us-central 30617
Put_Azure_us-central 43604
Put_Thrift_Server_Storage_us-central 43947
Put_Azure_us-central 36192
Put_Thrift_Server_Storage_us-central 36540
Put_Azure_us-central 32493
Put_Thrift_Server_Storage_us-central 32857
Put_Azure_us-central 65552
Put_Thrift_Server_Storage_us-central 65934
Put_Azure_us-central 34418
Put_Thrift_Server_Storage_us-central 34787
Put_Azure_us-central 38458
Put_Thrift_Server_Storage_us-central 38808
Put_Azure_us-central 51418
Put_Thrift_Server_Storage_us-central 51752
Put_Azure_us-central 33087
Put_Thrift_Server_Storage_us-central 33440
Put_Azure_us-central 30779
Put_Thrift_Server_Storage_us-central 31139
Put_Azure_us-central 30160
Put_Thrift_Server_Storage_us-central 30494
Put_Azure_us-central 30992
Put_Thrift_Server_Storage_us-central 31342
Put_Azure_us-central 40875
Put_Thrift_Server_Storage_us-central 41205
Put_Azure_us-central 31143
Put_Thrift_Server_Storage_us-central 31479
Put_Azure_us-central 106010
Put_Thrift_Server_Storage_us-central 106355
Put_Azure_us-central 34151
Put_Thrift_Server_Storage_us-central 34498
Put_Azure_us-central 32271
Put_Thrift_Server_Storage_us-central 32615
Put_Azure_us-central 37777
Put_Thrift_Server_Storage_us-central 38121
Put_Azure_us-central 36479
Put_Thrift_Server_Storage_us-central 36839
Put_Azure_us-central 29755
Put_Thrift_Server_Storage_us-central 30119
Put_Azure_us-central 30245
Put_Thrift_Server_Storage_us-central 30575
Put_Azure_us-central 29275
Put_Thrift_Server_Storage_us-central 29599
Put_Azure_us-central 38325
Put_Thrift_Server_Storage_us-central 38676
Put_Azure_us-central 35989
Put_Thrift_Server_Storage_us-central 36330
Put_Azure_us-central 31961
Put_Thrift_Server_Storage_us-central 32313
Put_Azure_us-central 30921
Put_Thrift_Server_Storage_us-central 31278
Put_Azure_us-central 33677
Put_Thrift_Server_Storage_us-central 34009
Put_Azure_us-central 41351
Put_Thrift_Server_Storage_us-central 41717
Put_Azure_us-central 32770
Put_Thrift_Server_Storage_us-central 33121
Put_Azure_us-central 32873
Put_Thrift_Server_Storage_us-central 33196
Put_Azure_us-central 32827
Put_Thrift_Server_Storage_us-central 33214
Put_Azure_us-central 31023
Put_Thrift_Server_Storage_us-central 31339
Put_Azure_us-central 40908
Put_Thrift_Server_Storage_us-central 41224
Put_Azure_us-central 32582
Put_Thrift_Server_Storage_us-central 32936
Put_Azure_us-central 36306
Put_Thrift_Server_Storage_us-central 36671
Put_Azure_us-central 34628
Put_Thrift_Server_Storage_us-central 34982
Put_Azure_us-central 34647
Put_Thrift_Server_Storage_us-central 35021
Put_Azure_us-central 47777
Put_Thrift_Server_Storage_us-central 48136
Put_Azure_us-central 35220
Put_Thrift_Server_Storage_us-central 35572
Put_Azure_us-central 39999
Put_Thrift_Server_Storage_us-central 40354
Put_Azure_us-central 34623
Put_Thrift_Server_Storage_us-central 34994
Put_Azure_us-central 39759
Put_Thrift_Server_Storage_us-central 40089
Put_Azure_us-central 28955
Put_Thrift_Server_Storage_us-central 29307
Put_Azure_us-central 30011
Put_Thrift_Server_Storage_us-central 30425
Put_Azure_us-central 32952
Put_Thrift_Server_Storage_us-central 33359
Put_Azure_us-central 36276
Put_Thrift_Server_Storage_us-central 36632
Put_Azure_us-central 44256
Put_Thrift_Server_Storage_us-central 44554
Put_Azure_us-central 36788
Put_Thrift_Server_Storage_us-central 37152
Put_Azure_us-central 31598
Put_Thrift_Server_Storage_us-central 31974
Put_Azure_us-central 33634
Put_Thrift_Server_Storage_us-central 33982
Put_Azure_us-central 33753
Put_Thrift_Server_Storage_us-central 34114
Put_Azure_us-central 49106
Put_Thrift_Server_Storage_us-central 49458
Put_Azure_us-central 35532
Put_Thrift_Server_Storage_us-central 35903
Put_Azure_us-central 33523
Put_Thrift_Server_Storage_us-central 33906
Put_Azure_us-central 36311
Put_Thrift_Server_Storage_us-central 36673
Put_Azure_us-central 39888
Put_Thrift_Server_Storage_us-central 40226
Put_Azure_us-central 43383
Put_Thrift_Server_Storage_us-central 43739
Put_Azure_us-central 58401
Put_Thrift_Server_Storage_us-central 58746
Put_Azure_us-central 34247
Put_Thrift_Server_Storage_us-central 34506
Put_Azure_us-central 31370
Put_Thrift_Server_Storage_us-central 31690
Put_Azure_us-central 30793
Put_Thrift_Server_Storage_us-central 31088
Put_Azure_us-central 35512
Put_Thrift_Server_Storage_us-central 35834
Put_Azure_us-central 31822
Put_Thrift_Server_Storage_us-central 32155
Put_Azure_us-central 39950
Put_Thrift_Server_Storage_us-central 40297
Put_Azure_us-central 31506
Put_Thrift_Server_Storage_us-central 31852
Put_Azure_us-central 77087
Put_Thrift_Server_Storage_us-central 77390
Put_Azure_us-central 49382
Put_Thrift_Server_Storage_us-central 49727
Put_Azure_us-central 34334
Put_Thrift_Server_Storage_us-central 34653
Put_Azure_us-central 31273
Put_Thrift_Server_Storage_us-central 31569
Put_Azure_us-central 68761
Put_Thrift_Server_Storage_us-central 69118
Put_Azure_us-central 31258
Put_Thrift_Server_Storage_us-central 31560
Put_Azure_us-central 39127
Put_Thrift_Server_Storage_us-central 39469
Put_Azure_us-central 31385
Put_Thrift_Server_Storage_us-central 31738
Put_Azure_us-central 33112
Put_Thrift_Server_Storage_us-central 33460
Put_Azure_us-central 29913
Put_Thrift_Server_Storage_us-central 30225
Put_Azure_us-central 51347
Put_Thrift_Server_Storage_us-central 51688
Put_Azure_us-central 42812
Put_Thrift_Server_Storage_us-central 43135
Put_Azure_us-central 30324
Put_Thrift_Server_Storage_us-central 30659
Put_Azure_us-central 32780
Put_Thrift_Server_Storage_us-central 33110
Put_Azure_us-central 30104
Put_Thrift_Server_Storage_us-central 30472
Put_Azure_us-central 28946
Put_Thrift_Server_Storage_us-central 29295
Put_Azure_us-central 36218
Put_Thrift_Server_Storage_us-central 36586
Put_Azure_us-central 31293
Put_Thrift_Server_Storage_us-central 31663
Put_Azure_us-central 32026
Put_Thrift_Server_Storage_us-central 32407
Put_Azure_us-central 32456
Put_Thrift_Server_Storage_us-central 32797
Put_Azure_us-central 30878
Put_Thrift_Server_Storage_us-central 31255
Put_Azure_us-central 39037
Put_Thrift_Server_Storage_us-central 39408
Put_Azure_us-central 30263
Put_Thrift_Server_Storage_us-central 30644
Put_Azure_us-central 36723
Put_Thrift_Server_Storage_us-central 37062
Put_Azure_us-central 39411
Put_Thrift_Server_Storage_us-central 39748
Put_Azure_us-central 58892
Put_Thrift_Server_Storage_us-central 59283
Put_Azure_us-central 37840
Put_Thrift_Server_Storage_us-central 38172
Put_Azure_us-central 33224
Put_Thrift_Server_Storage_us-central 33496
Put_Azure_us-central 36383
Put_Thrift_Server_Storage_us-central 36741
Put_Azure_us-central 32880
Put_Thrift_Server_Storage_us-central 33252
Put_Azure_us-central 42666
Put_Thrift_Server_Storage_us-central 42934
Put_Azure_us-central 81281
Put_Thrift_Server_Storage_us-central 81638
Put_Azure_us-central 51088
Put_Thrift_Server_Storage_us-central 51433
Put_Azure_us-central 34933
Put_Thrift_Server_Storage_us-central 35223
Put_Azure_us-central 34050
Put_Thrift_Server_Storage_us-central 34445
Put_Azure_us-central 32742
Put_Thrift_Server_Storage_us-central 33018
Put_Azure_us-central 37095
Put_Thrift_Server_Storage_us-central 37451
Put_Azure_us-central 70511
Put_Thrift_Server_Storage_us-central 70843
Put_Azure_us-central 35725
Put_Thrift_Server_Storage_us-central 36078
Put_Azure_us-central 31647
Put_Thrift_Server_Storage_us-central 31981
Put_Azure_us-central 32821
Put_Thrift_Server_Storage_us-central 33178
Put_Azure_us-central 35685
Put_Thrift_Server_Storage_us-central 36027
Put_Azure_us-central 78164
Put_Thrift_Server_Storage_us-central 78421
Put_Azure_us-central 36299
Put_Thrift_Server_Storage_us-central 36670
Put_Azure_us-central 30410
Put_Thrift_Server_Storage_us-central 30755
Put_Azure_us-central 36690
Put_Thrift_Server_Storage_us-central 37037
Put_Azure_us-central 31205
Put_Thrift_Server_Storage_us-central 31569
Put_Azure_us-central 36402
Put_Thrift_Server_Storage_us-central 36747
Put_Azure_us-central 39226
Put_Thrift_Server_Storage_us-central 39572
Put_Azure_us-central 41811
Put_Thrift_Server_Storage_us-central 42228
Put_Azure_us-central 35647
Put_Thrift_Server_Storage_us-central 35988
Put_Azure_us-central 35140
Put_Thrift_Server_Storage_us-central 35488
Put_Azure_us-central 34775
Put_Thrift_Server_Storage_us-central 35126
Put_Azure_us-central 30804
Put_Thrift_Server_Storage_us-central 31121
Put_Azure_us-central 32550
Put_Thrift_Server_Storage_us-central 32960
Put_Azure_us-central 41226
Put_Thrift_Server_Storage_us-central 41593
Put_Azure_us-central 27307
Put_Thrift_Server_Storage_us-central 27645
Put_Azure_us-central 29322
Put_Thrift_Server_Storage_us-central 29596
Put_Azure_us-central 29113
Put_Thrift_Server_Storage_us-central 29358
Put_Azure_us-central 31504
Put_Thrift_Server_Storage_us-central 31838
Put_Azure_us-central 38863
Put_Thrift_Server_Storage_us-central 39203
Put_Azure_us-central 29469
Put_Thrift_Server_Storage_us-central 29769
Put_Azure_us-central 31608
Put_Thrift_Server_Storage_us-central 31863
Put_Azure_us-central 31807
Put_Thrift_Server_Storage_us-central 32152
Put_Azure_us-central 30775
Put_Thrift_Server_Storage_us-central 31150
Put_Azure_us-central 37707
Put_Thrift_Server_Storage_us-central 37991
Put_Azure_us-central 33545
Put_Thrift_Server_Storage_us-central 33885
Put_Azure_us-central 32727
Put_Thrift_Server_Storage_us-central 33065
Put_Azure_us-central 31763
Put_Thrift_Server_Storage_us-central 32096
Put_Azure_us-central 30919
Put_Thrift_Server_Storage_us-central 31205
Put_Azure_us-central 40784
Put_Thrift_Server_Storage_us-central 41110
Put_Azure_us-central 34296
Put_Thrift_Server_Storage_us-central 34573
Put_Azure_us-central 32514
Put_Thrift_Server_Storage_us-central 32856
Put_Azure_us-central 32316
Put_Thrift_Server_Storage_us-central 32573
Put_Azure_us-central 39090
Put_Thrift_Server_Storage_us-central 39396
Put_Azure_us-central 40614
Put_Thrift_Server_Storage_us-central 40947
Put_Azure_us-central 29680
Put_Thrift_Server_Storage_us-central 29988
Put_Azure_us-central 30098
Put_Thrift_Server_Storage_us-central 30445
Put_Azure_us-central 31815
Put_Thrift_Server_Storage_us-central 32139
Put_Azure_us-central 37399
Put_Thrift_Server_Storage_us-central 37747
Put_Azure_us-central 30487
Put_Thrift_Server_Storage_us-central 30839
Put_Azure_us-central 31526
Put_Thrift_Server_Storage_us-central 31870
Put_Azure_us-central 34705
Put_Thrift_Server_Storage_us-central 35046
Put_Azure_us-central 30391
Put_Thrift_Server_Storage_us-central 30732
Put_Azure_us-central 37768
Put_Thrift_Server_Storage_us-central 38111
Put_Azure_us-central 50463
Put_Thrift_Server_Storage_us-central 50804
Put_Azure_us-central 32794
Put_Thrift_Server_Storage_us-central 33134
Put_Azure_us-central 35155
Put_Thrift_Server_Storage_us-central 35467
Put_Azure_us-central 36510
Put_Thrift_Server_Storage_us-central 36845
Put_Azure_us-central 34065
Put_Thrift_Server_Storage_us-central 34416
Put_Azure_us-central 39413
Put_Thrift_Server_Storage_us-central 39750
Put_Azure_us-central 33233
Put_Thrift_Server_Storage_us-central 33573
Put_Azure_us-central 34407
Put_Thrift_Server_Storage_us-central 34740
Put_Azure_us-central 33042
Put_Thrift_Server_Storage_us-central 33421
Put_Azure_us-central 35504
Put_Thrift_Server_Storage_us-central 35827
Put_Azure_us-central 33075
Put_Thrift_Server_Storage_us-central 33412
Put_Azure_us-central 33102
Put_Thrift_Server_Storage_us-central 33439
Put_Azure_us-central 36051
Put_Thrift_Server_Storage_us-central 36433
Put_Azure_us-central 36037
Put_Thrift_Server_Storage_us-central 36377
Put_Azure_us-central 36097
Put_Thrift_Server_Storage_us-central 36439
Put_Azure_us-central 36734
Put_Thrift_Server_Storage_us-central 37081
Put_Azure_us-central 32521
Put_Thrift_Server_Storage_us-central 32859
Put_Azure_us-central 35397
Put_Thrift_Server_Storage_us-central 35717
Put_Azure_us-central 30697
Put_Thrift_Server_Storage_us-central 31055
Put_Azure_us-central 38639
Put_Thrift_Server_Storage_us-central 38975
Put_Azure_us-central 31210
Put_Thrift_Server_Storage_us-central 31580
Put_Azure_us-central 37929
Put_Thrift_Server_Storage_us-central 38274
Put_Azure_us-central 31265
Put_Thrift_Server_Storage_us-central 31615
Put_Azure_us-central 32455
Put_Thrift_Server_Storage_us-central 32827
Put_Azure_us-central 35715
Put_Thrift_Server_Storage_us-central 36055
Put_Azure_us-central 34092
Put_Thrift_Server_Storage_us-central 34462
Put_Azure_us-central 32661
Put_Thrift_Server_Storage_us-central 33029
Put_Azure_us-central 33156
Put_Thrift_Server_Storage_us-central 33503
Put_Azure_us-central 30556
Put_Thrift_Server_Storage_us-central 30901
Put_Azure_us-central 40623
Put_Thrift_Server_Storage_us-central 40974
Put_Azure_us-central 35700
Put_Thrift_Server_Storage_us-central 36035
Put_Azure_us-central 35051
Put_Thrift_Server_Storage_us-central 35392
Put_Azure_us-central 35291
Put_Thrift_Server_Storage_us-central 35642
Put_Azure_us-central 35648
Put_Thrift_Server_Storage_us-central 36000
Put_Azure_us-central 75321
Put_Thrift_Server_Storage_us-central 75793
Put_Azure_us-central 33246
Put_Thrift_Server_Storage_us-central 33602
Put_Azure_us-central 31251
Put_Thrift_Server_Storage_us-central 31586
Put_Azure_us-central 32970
Put_Thrift_Server_Storage_us-central 33227
Put_Azure_us-central 34078
Put_Thrift_Server_Storage_us-central 34421
Put_Azure_us-central 38803
Put_Thrift_Server_Storage_us-central 39142
Put_Azure_us-central 35189
Put_Thrift_Server_Storage_us-central 35463
Put_Azure_us-central 31549
Put_Thrift_Server_Storage_us-central 31808
Put_Azure_us-central 33900
Put_Thrift_Server_Storage_us-central 34255
Put_Azure_us-central 35835
Put_Thrift_Server_Storage_us-central 36180
Put_Azure_us-central 41345
Put_Thrift_Server_Storage_us-central 41710
Put_Azure_us-central 33507
Put_Thrift_Server_Storage_us-central 33868
Put_Azure_us-central 30643
Put_Thrift_Server_Storage_us-central 30975
Put_Azure_us-central 31640
Put_Thrift_Server_Storage_us-central 31976
Put_Azure_us-central 35268
Put_Thrift_Server_Storage_us-central 35627
Put_Azure_us-central 35657
Put_Thrift_Server_Storage_us-central 35919
Put_Azure_us-central 38565
Put_Thrift_Server_Storage_us-central 38832
Put_Azure_us-central 34445
Put_Thrift_Server_Storage_us-central 34783
Put_Azure_us-central 35752
Put_Thrift_Server_Storage_us-central 36118
Put_Azure_us-central 44443
Put_Thrift_Server_Storage_us-central 44701
Put_Azure_us-central 38381
Put_Thrift_Server_Storage_us-central 38730
Put_Azure_us-central 36483
Put_Thrift_Server_Storage_us-central 36820
Put_Azure_us-central 41267
Put_Thrift_Server_Storage_us-central 41760
Put_Azure_us-central 31485
Put_Thrift_Server_Storage_us-central 31863
Put_Azure_us-central 34519
Put_Thrift_Server_Storage_us-central 34903
Put_Azure_us-central 34206
Put_Thrift_Server_Storage_us-central 34569
Put_Azure_us-central 31701
Put_Thrift_Server_Storage_us-central 32054
Put_Azure_us-central 32317
Put_Thrift_Server_Storage_us-central 32652
Put_Azure_us-central 31724
Put_Thrift_Server_Storage_us-central 31977
Put_Azure_us-central 30421
Put_Thrift_Server_Storage_us-central 30768
Put_Azure_us-central 86033
Put_Thrift_Server_Storage_us-central 86368
Put_Azure_us-central 31070
Put_Thrift_Server_Storage_us-central 31401
Put_Azure_us-central 51862
Put_Thrift_Server_Storage_us-central 52197
Put_Azure_us-central 32598
Put_Thrift_Server_Storage_us-central 32932
Put_Azure_us-central 29095
Put_Thrift_Server_Storage_us-central 29432
Put_Azure_us-central 36380
Put_Thrift_Server_Storage_us-central 36721
Put_Azure_us-central 35007
Put_Thrift_Server_Storage_us-central 35361
Put_Azure_us-central 35191
Put_Thrift_Server_Storage_us-central 35527
Put_Azure_us-central 31699
Put_Thrift_Server_Storage_us-central 32049
Put_Azure_us-central 34579
Put_Thrift_Server_Storage_us-central 34946
Put_Azure_us-central 40855
Put_Thrift_Server_Storage_us-central 41225
Put_Azure_us-central 38663
Put_Thrift_Server_Storage_us-central 38949
Put_Azure_us-central 31674
Put_Thrift_Server_Storage_us-central 32025
Put_Azure_us-central 32463
Put_Thrift_Server_Storage_us-central 32825
Put_Azure_us-central 33227
Put_Thrift_Server_Storage_us-central 33569
Put_Azure_us-central 39427
Put_Thrift_Server_Storage_us-central 39789
Put_Azure_us-central 37574
Put_Thrift_Server_Storage_us-central 39238
Put_Azure_us-central 34566
Put_Thrift_Server_Storage_us-central 34891
Put_Azure_us-central 34445
Put_Thrift_Server_Storage_us-central 34995
Put_Azure_us-central 37436
Put_Thrift_Server_Storage_us-central 37779
Put_Azure_us-central 39037
Put_Thrift_Server_Storage_us-central 39319
Put_Azure_us-central 38700
Put_Thrift_Server_Storage_us-central 39023
Put_Azure_us-central 41414
Put_Thrift_Server_Storage_us-central 41742
Put_Azure_us-central 30490
Put_Thrift_Server_Storage_us-central 30801
Put_Azure_us-central 33223
Put_Thrift_Server_Storage_us-central 33520
Put_Azure_us-central 35479
Put_Thrift_Server_Storage_us-central 35812
Put_Azure_us-central 31241
Put_Thrift_Server_Storage_us-central 31603
Put_Azure_us-central 55618
Put_Thrift_Server_Storage_us-central 55962
Put_Azure_us-central 32470
Put_Thrift_Server_Storage_us-central 33100
Put_Azure_us-central 33175
Put_Thrift_Server_Storage_us-central 33526
Put_Azure_us-central 40444
Put_Thrift_Server_Storage_us-central 40771
Put_Azure_us-central 31522
Put_Thrift_Server_Storage_us-central 31869
Put_Azure_us-central 31990
Put_Thrift_Server_Storage_us-central 32275
Put_Azure_us-central 31091
Put_Thrift_Server_Storage_us-central 31427
Put_Azure_us-central 39150
Put_Thrift_Server_Storage_us-central 39496
Put_Azure_us-central 37135
Put_Thrift_Server_Storage_us-central 37481
Put_Azure_us-central 59657
Put_Thrift_Server_Storage_us-central 60114
Put_Azure_us-central 84046
Put_Thrift_Server_Storage_us-central 84384
Put_Azure_us-central 30446
Put_Thrift_Server_Storage_us-central 30791
Put_Azure_us-central 33581
Put_Thrift_Server_Storage_us-central 33924
Put_Azure_us-central 37479
Put_Thrift_Server_Storage_us-central 37830
Put_Azure_us-central 31349
Put_Thrift_Server_Storage_us-central 31687
Put_Azure_us-central 30370
Put_Thrift_Server_Storage_us-central 30709
Put_Azure_us-central 31422
Put_Thrift_Server_Storage_us-central 31679
Put_Azure_us-central 46240
Put_Thrift_Server_Storage_us-central 46561
Put_Azure_us-central 71403
Put_Thrift_Server_Storage_us-central 71665
Put_Azure_us-central 29860
Put_Thrift_Server_Storage_us-central 30192
Put_Azure_us-central 35956
Put_Thrift_Server_Storage_us-central 36294
Put_Azure_us-central 39712
Put_Thrift_Server_Storage_us-central 40065
Put_Azure_us-central 31106
Put_Thrift_Server_Storage_us-central 31447
Put_Azure_us-central 38512
Put_Thrift_Server_Storage_us-central 38839
Put_Azure_us-central 32919
Put_Thrift_Server_Storage_us-central 33291
Put_Azure_us-central 43109
Put_Thrift_Server_Storage_us-central 43458
Put_Azure_us-central 35308
Put_Thrift_Server_Storage_us-central 35654
Put_Azure_us-central 33898
Put_Thrift_Server_Storage_us-central 34237
Put_Azure_us-central 37098
Put_Thrift_Server_Storage_us-central 37451
Put_Azure_us-central 29452
Put_Thrift_Server_Storage_us-central 29898
Put_Azure_us-central 32233
Put_Thrift_Server_Storage_us-central 32589
Put_Azure_us-central 33394
Put_Thrift_Server_Storage_us-central 33763
Put_Azure_us-central 44997
Put_Thrift_Server_Storage_us-central 45343
Put_Azure_us-central 40148
Put_Thrift_Server_Storage_us-central 40493
Put_Azure_us-central 31328
Put_Thrift_Server_Storage_us-central 31681
Put_Azure_us-central 32351
Put_Thrift_Server_Storage_us-central 32692
Put_Azure_us-central 37124
Put_Thrift_Server_Storage_us-central 37485
Put_Azure_us-central 79166
Put_Thrift_Server_Storage_us-central 79570
Put_Azure_us-central 39871
Put_Thrift_Server_Storage_us-central 40190
Put_Azure_us-central 42675
Put_Thrift_Server_Storage_us-central 43522
Put_Azure_us-central 29332
Put_Thrift_Server_Storage_us-central 29615
Put_Azure_us-central 36568
Put_Thrift_Server_Storage_us-central 36943
Put_Azure_us-central 34659
Put_Thrift_Server_Storage_us-central 35004
Put_Azure_us-central 35992
Put_Thrift_Server_Storage_us-central 36376
Put_Azure_us-central 46168
Put_Thrift_Server_Storage_us-central 46519
Put_Azure_us-central 51690
Put_Thrift_Server_Storage_us-central 52027
Put_Azure_us-central 31896
Put_Thrift_Server_Storage_us-central 32358
Put_Azure_us-central 38434
Put_Thrift_Server_Storage_us-central 38774
Put_Azure_us-central 48131
Put_Thrift_Server_Storage_us-central 48489
Put_Azure_us-central 50170
Put_Thrift_Server_Storage_us-central 50532
Put_Azure_us-central 45763
Put_Thrift_Server_Storage_us-central 46098
Put_Azure_us-central 31547
Put_Thrift_Server_Storage_us-central 31945
Put_Azure_us-central 33019
Put_Thrift_Server_Storage_us-central 33337
Put_Azure_us-central 39937
Put_Thrift_Server_Storage_us-central 40282
Put_Azure_us-central 81865
Put_Thrift_Server_Storage_us-central 82128
Put_Azure_us-central 39783
Put_Thrift_Server_Storage_us-central 40141
Put_Azure_us-central 31663
Put_Thrift_Server_Storage_us-central 31992
Put_Azure_us-central 34877
Put_Thrift_Server_Storage_us-central 35349
Put_Azure_us-central 40686
Put_Thrift_Server_Storage_us-central 41024
Put_Azure_us-central 33128
Put_Thrift_Server_Storage_us-central 33497
Put_Azure_us-central 41312
Put_Thrift_Server_Storage_us-central 41652
Put_Azure_us-central 47394
Put_Thrift_Server_Storage_us-central 47749
Put_Azure_us-central 30975
Put_Thrift_Server_Storage_us-central 31240
Put_Azure_us-central 38459
Put_Thrift_Server_Storage_us-central 38809
Put_Azure_us-central 89056
Put_Thrift_Server_Storage_us-central 89419
Put_Azure_us-central 32784
Put_Thrift_Server_Storage_us-central 33113
Put_Azure_us-central 39899
Put_Thrift_Server_Storage_us-central 40259
Put_Azure_us-central 29609
Put_Thrift_Server_Storage_us-central 29961
Put_Azure_us-central 38475
Put_Thrift_Server_Storage_us-central 38759
Put_Azure_us-central 30920
Put_Thrift_Server_Storage_us-central 31258
Put_Azure_us-central 32179
Put_Thrift_Server_Storage_us-central 32940
Put_Azure_us-central 32644
Put_Thrift_Server_Storage_us-central 32998
Put_Azure_us-central 37433
Put_Thrift_Server_Storage_us-central 38199
Put_Azure_us-central 35599
Put_Thrift_Server_Storage_us-central 35954
Put_Azure_us-central 31516
Put_Thrift_Server_Storage_us-central 31881
Put_Azure_us-central 32446
Put_Thrift_Server_Storage_us-central 32779
Put_Azure_us-central 29748
Put_Thrift_Server_Storage_us-central 30087
Put_Azure_us-central 30405
Put_Thrift_Server_Storage_us-central 30745
Put_Azure_us-central 34632
Put_Thrift_Server_Storage_us-central 35007
Put_Azure_us-central 30629
Put_Thrift_Server_Storage_us-central 30967
Put_Azure_us-central 35136
Put_Thrift_Server_Storage_us-central 35469
Put_Azure_us-central 31554
Put_Thrift_Server_Storage_us-central 31857
Put_Azure_us-central 34053
Put_Thrift_Server_Storage_us-central 34406
Put_Azure_us-central 38046
Put_Thrift_Server_Storage_us-central 38404
Put_Azure_us-central 48459
Put_Thrift_Server_Storage_us-central 48805
Put_Azure_us-central 28861
Put_Thrift_Server_Storage_us-central 29207
Put_Azure_us-central 31828
Put_Thrift_Server_Storage_us-central 32210
Put_Azure_us-central 32877
Put_Thrift_Server_Storage_us-central 33617
Put_Azure_us-central 36036
Put_Thrift_Server_Storage_us-central 36404
Put_Azure_us-central 30213
Put_Thrift_Server_Storage_us-central 30568
Put_Azure_us-central 33356
Put_Thrift_Server_Storage_us-central 33646
Put_Azure_us-central 89890
Put_Thrift_Server_Storage_us-central 90221
Put_Azure_us-central 35744
Put_Thrift_Server_Storage_us-central 36050
Put_Azure_us-central 32529
Put_Thrift_Server_Storage_us-central 32872
Put_Azure_us-central 32099
Put_Thrift_Server_Storage_us-central 32474
Put_Azure_us-central 29442
Put_Thrift_Server_Storage_us-central 29804
Put_Azure_us-central 35190
Put_Thrift_Server_Storage_us-central 35581
Put_Azure_us-central 39825
Put_Thrift_Server_Storage_us-central 40159
Put_Azure_us-central 32277
Put_Thrift_Server_Storage_us-central 32616
Put_Azure_us-central 33660
Put_Thrift_Server_Storage_us-central 33960
Put_Azure_us-central 33731
Put_Thrift_Server_Storage_us-central 34111
Put_Azure_us-central 33480
Put_Thrift_Server_Storage_us-central 33829
Put_Azure_us-central 42025
Put_Thrift_Server_Storage_us-central 42407
Put_Azure_us-central 32908
Put_Thrift_Server_Storage_us-central 33296
Put_Azure_us-central 30968
Put_Thrift_Server_Storage_us-central 31328
Put_Azure_us-central 35520
Put_Thrift_Server_Storage_us-central 35886
Put_Azure_us-central 32937
Put_Thrift_Server_Storage_us-central 33299
Put_Azure_us-central 39827
Put_Thrift_Server_Storage_us-central 40188
Put_Azure_us-central 32638
Put_Thrift_Server_Storage_us-central 32990
Put_Azure_us-central 32672
Put_Thrift_Server_Storage_us-central 33020
Put_Azure_us-central 37315
Put_Thrift_Server_Storage_us-central 37656
Put_Azure_us-central 33103
Put_Thrift_Server_Storage_us-central 33449
Put_Azure_us-central 41153
Put_Thrift_Server_Storage_us-central 41533
Put_Azure_us-central 30916
Put_Thrift_Server_Storage_us-central 31204
Put_Azure_us-central 36296
Put_Thrift_Server_Storage_us-central 36643
Put_Azure_us-central 37607
Put_Thrift_Server_Storage_us-central 37984
Put_Azure_us-central 39767
Put_Thrift_Server_Storage_us-central 40331
Put_Azure_us-central 35969
Put_Thrift_Server_Storage_us-central 36292
Put_Azure_us-central 29176
Put_Thrift_Server_Storage_us-central 29510
Put_Azure_us-central 30069
Put_Thrift_Server_Storage_us-central 30409
Put_Azure_us-central 33861
Put_Thrift_Server_Storage_us-central 34202
Put_Azure_us-central 38626
Put_Thrift_Server_Storage_us-central 38954
Put_Azure_us-central 32817
Put_Thrift_Server_Storage_us-central 33184
Put_Azure_us-central 35330
Put_Thrift_Server_Storage_us-central 35697
Put_Azure_us-central 31432
Put_Thrift_Server_Storage_us-central 31775
Put_Azure_us-central 29726
Put_Thrift_Server_Storage_us-central 30052
Put_Azure_us-central 38198
Put_Thrift_Server_Storage_us-central 38516
Put_Azure_us-central 38882
Put_Thrift_Server_Storage_us-central 39470
Put_Azure_us-central 55150
Put_Thrift_Server_Storage_us-central 55495
Put_Azure_us-central 34938
Put_Thrift_Server_Storage_us-central 35297
Put_Azure_us-central 44355
Put_Thrift_Server_Storage_us-central 44702
Put_Azure_us-central 38496
Put_Thrift_Server_Storage_us-central 38845
Put_Azure_us-central 31447
Put_Thrift_Server_Storage_us-central 31937
Put_Azure_us-central 34124
Put_Thrift_Server_Storage_us-central 34482
Put_Azure_us-central 32369
Put_Thrift_Server_Storage_us-central 32704
Put_Azure_us-central 31610
Put_Thrift_Server_Storage_us-central 31953
Put_Azure_us-central 42117
Put_Thrift_Server_Storage_us-central 42493
Put_Azure_us-central 35638
Put_Thrift_Server_Storage_us-central 36253
Put_Azure_us-central 33992
Put_Thrift_Server_Storage_us-central 34323
Put_Azure_us-central 31373
Put_Thrift_Server_Storage_us-central 31722
Put_Azure_us-central 34035
Put_Thrift_Server_Storage_us-central 34403
Put_Azure_us-central 34398
Put_Thrift_Server_Storage_us-central 34742
Put_Azure_us-central 32944
Put_Thrift_Server_Storage_us-central 33293
Put_Azure_us-central 42928
Put_Thrift_Server_Storage_us-central 43192
Put_Azure_us-central 31017
Put_Thrift_Server_Storage_us-central 31369
Put_Azure_us-central 38327
Put_Thrift_Server_Storage_us-central 38672
Put_Azure_us-central 35738
Put_Thrift_Server_Storage_us-central 36111
Put_Azure_us-central 31943
Put_Thrift_Server_Storage_us-central 32268
Put_Azure_us-central 33467
Put_Thrift_Server_Storage_us-central 33753
Put_Azure_us-central 29746
Put_Thrift_Server_Storage_us-central 30005
Put_Azure_us-central 33355
Put_Thrift_Server_Storage_us-central 33652
Put_Azure_us-central 39973
Put_Thrift_Server_Storage_us-central 40224
Put_Azure_us-central 35524
Put_Thrift_Server_Storage_us-central 35782
Put_Azure_us-central 33935
Put_Thrift_Server_Storage_us-central 34291
Put_Azure_us-central 38796
Put_Thrift_Server_Storage_us-central 39128
Put_Azure_us-central 37258
Put_Thrift_Server_Storage_us-central 37643
Put_Azure_us-central 41778
Put_Thrift_Server_Storage_us-central 42143
Put_Azure_us-central 32607
Put_Thrift_Server_Storage_us-central 32871
Put_Azure_us-central 35122
Put_Thrift_Server_Storage_us-central 35468
Put_Azure_us-central 38434
Put_Thrift_Server_Storage_us-central 38791
Put_Azure_us-central 42029
Put_Thrift_Server_Storage_us-central 42370
Put_Azure_us-central 39771
Put_Thrift_Server_Storage_us-central 40117
Put_Azure_us-central 33394
Put_Thrift_Server_Storage_us-central 33732
Put_Azure_us-central 30949
Put_Thrift_Server_Storage_us-central 31291
Put_Azure_us-central 32061
Put_Thrift_Server_Storage_us-central 32434
Put_Azure_us-central 30321
Put_Thrift_Server_Storage_us-central 30678
Put_Azure_us-central 37081
Put_Thrift_Server_Storage_us-central 37428
Put_Azure_us-central 112098
Put_Thrift_Server_Storage_us-central 112480
Put_Azure_us-central 33337
Put_Thrift_Server_Storage_us-central 33590
Put_Azure_us-central 32245
Put_Thrift_Server_Storage_us-central 32582
Put_Azure_us-central 33068
Put_Thrift_Server_Storage_us-central 33398
Put_Azure_us-central 74865
Put_Thrift_Server_Storage_us-central 75190
Put_Azure_us-central 35334
Put_Thrift_Server_Storage_us-central 35700
Put_Azure_us-central 31518
Put_Thrift_Server_Storage_us-central 31779
Put_Azure_us-central 30751
Put_Thrift_Server_Storage_us-central 31102
Put_Azure_us-central 50981
Put_Thrift_Server_Storage_us-central 51260
Put_Azure_us-central 38424
Put_Thrift_Server_Storage_us-central 38692
Put_Azure_us-central 36179
Put_Thrift_Server_Storage_us-central 36541
Put_Azure_us-central 34131
Put_Thrift_Server_Storage_us-central 34493
Put_Azure_us-central 37434
Put_Thrift_Server_Storage_us-central 37780
Put_Azure_us-central 31057
Put_Thrift_Server_Storage_us-central 31400
Put_Azure_us-central 32905
Put_Thrift_Server_Storage_us-central 33207
Put_Azure_us-central 31461
Put_Thrift_Server_Storage_us-central 31851
Put_Azure_us-central 32713
Put_Thrift_Server_Storage_us-central 33051
Put_Azure_us-central 32334
Put_Thrift_Server_Storage_us-central 32709
Put_Azure_us-central 29693
Put_Thrift_Server_Storage_us-central 30033
Put_Azure_us-central 43654
Put_Thrift_Server_Storage_us-central 43992
Put_Azure_us-central 37412
Put_Thrift_Server_Storage_us-central 37732
Put_Azure_us-central 57355
Put_Thrift_Server_Storage_us-central 57688
Put_Azure_us-central 30080
Put_Thrift_Server_Storage_us-central 30415
Put_Azure_us-central 36109
Put_Thrift_Server_Storage_us-central 36409
Put_Azure_us-central 35598
Put_Thrift_Server_Storage_us-central 35929
Put_Azure_us-central 29846
Put_Thrift_Server_Storage_us-central 30194
Put_Azure_us-central 29995
Put_Thrift_Server_Storage_us-central 30368
Put_Azure_us-central 31684
Put_Thrift_Server_Storage_us-central 32034
Put_Azure_us-central 33964
Put_Thrift_Server_Storage_us-central 34342
Put_Azure_us-central 37844
Put_Thrift_Server_Storage_us-central 38141
Put_Azure_us-central 32175
Put_Thrift_Server_Storage_us-central 32499
Put_Azure_us-central 37500
Put_Thrift_Server_Storage_us-central 37803
Put_Azure_us-central 39829
Put_Thrift_Server_Storage_us-central 40193
Put_Azure_us-central 34765
Put_Thrift_Server_Storage_us-central 35412
Put_Azure_us-central 37958
Put_Thrift_Server_Storage_us-central 38519
Put_Azure_us-central 32762
Put_Thrift_Server_Storage_us-central 33106
Put_Azure_us-central 33153
Put_Thrift_Server_Storage_us-central 33512
Put_Azure_us-central 30165
Put_Thrift_Server_Storage_us-central 30508
Put_Azure_us-central 32776
Put_Thrift_Server_Storage_us-central 33104
Put_Azure_us-central 44577
Put_Thrift_Server_Storage_us-central 44962
Put_Azure_us-central 33191
Put_Thrift_Server_Storage_us-central 33562
Put_Azure_us-central 29851
Put_Thrift_Server_Storage_us-central 30130
Put_Azure_us-central 33280
Put_Thrift_Server_Storage_us-central 33623
Put_Azure_us-central 31960
Put_Thrift_Server_Storage_us-central 32306
Put_Azure_us-central 44254
Put_Thrift_Server_Storage_us-central 44608
Put_Azure_us-central 36105
Put_Thrift_Server_Storage_us-central 36444
Put_Azure_us-central 29069
Put_Thrift_Server_Storage_us-central 29435
Put_Azure_us-central 31460
Put_Thrift_Server_Storage_us-central 31821
Put_Azure_us-central 31008
Put_Thrift_Server_Storage_us-central 31361
Put_Azure_us-central 36780
Put_Thrift_Server_Storage_us-central 37144
Put_Azure_us-central 38445
Put_Thrift_Server_Storage_us-central 38805
Put_Azure_us-central 29132
Put_Thrift_Server_Storage_us-central 29551
Put_Azure_us-central 39885
Put_Thrift_Server_Storage_us-central 40268
Put_Azure_us-central 34578
Put_Thrift_Server_Storage_us-central 34882
Put_Azure_us-central 39529
Put_Thrift_Server_Storage_us-central 39857
Put_Azure_us-central 37038
Put_Thrift_Server_Storage_us-central 37438
Put_Azure_us-central 39225
Put_Thrift_Server_Storage_us-central 39570
Put_Azure_us-central 35455
Put_Thrift_Server_Storage_us-central 35808
Put_Azure_us-central 32609
Put_Thrift_Server_Storage_us-central 32954
Put_Azure_us-central 37225
Put_Thrift_Server_Storage_us-central 37554
Put_Azure_us-central 35766
Put_Thrift_Server_Storage_us-central 36232
Put_Azure_us-central 44689
Put_Thrift_Server_Storage_us-central 44952
Put_Azure_us-central 34134
Put_Thrift_Server_Storage_us-central 34463
Put_Azure_us-central 33803
Put_Thrift_Server_Storage_us-central 34055
Put_Azure_us-central 42868
Put_Thrift_Server_Storage_us-central 43200
Put_Azure_us-central 45036
Put_Thrift_Server_Storage_us-central 45682
Put_Azure_us-central 32102
Put_Thrift_Server_Storage_us-central 32384
Put_Azure_us-central 30966
Put_Thrift_Server_Storage_us-central 31213
Put_Azure_us-central 38163
Put_Thrift_Server_Storage_us-central 38500
Put_Azure_us-central 38186
Put_Thrift_Server_Storage_us-central 38525
Put_Azure_us-central 33790
Put_Thrift_Server_Storage_us-central 34120
Put_Azure_us-central 36876
Put_Thrift_Server_Storage_us-central 37204
Put_Azure_us-central 35059
Put_Thrift_Server_Storage_us-central 35393
Put_Azure_us-central 33870
Put_Thrift_Server_Storage_us-central 34217
Put_Azure_us-central 35799
Put_Thrift_Server_Storage_us-central 36139
Put_Azure_us-central 29251
Put_Thrift_Server_Storage_us-central 29509
Put_Azure_us-central 31868
Put_Thrift_Server_Storage_us-central 32475
Put_Azure_us-central 32873
Put_Thrift_Server_Storage_us-central 33189
Put_Azure_us-central 34093
Put_Thrift_Server_Storage_us-central 34429
Put_Azure_us-central 40503
Put_Thrift_Server_Storage_us-central 40860
Put_Azure_us-central 37556
Put_Thrift_Server_Storage_us-central 37922
Put_Azure_us-central 36478
Put_Thrift_Server_Storage_us-central 36814
Put_Azure_us-central 32653
Put_Thrift_Server_Storage_us-central 33018
Put_Azure_us-central 38665
Put_Thrift_Server_Storage_us-central 39111
Put_Azure_us-central 41122
Put_Thrift_Server_Storage_us-central 41482
Put_Azure_us-central 29468
Put_Thrift_Server_Storage_us-central 29807
Put_Azure_us-central 31681
Put_Thrift_Server_Storage_us-central 32031
Put_Azure_us-central 32354
Put_Thrift_Server_Storage_us-central 32713
Put_Azure_us-central 32493
Put_Thrift_Server_Storage_us-central 32840
Put_Azure_us-central 40102
Put_Thrift_Server_Storage_us-central 40471
Put_Azure_us-central 33772
Put_Thrift_Server_Storage_us-central 34105
Put_Azure_us-central 34489
Put_Thrift_Server_Storage_us-central 34795
Put_Azure_us-central 32301
Put_Thrift_Server_Storage_us-central 32651
Put_Azure_us-central 37131
Put_Thrift_Server_Storage_us-central 37515
Put_Azure_us-central 37503
Put_Thrift_Server_Storage_us-central 37836
Put_Azure_us-central 32440
Put_Thrift_Server_Storage_us-central 32720
Put_Azure_us-central 32641
Put_Thrift_Server_Storage_us-central 32978
Put_Azure_us-central 31512
Put_Thrift_Server_Storage_us-central 31756
Put_Azure_us-central 33810
Put_Thrift_Server_Storage_us-central 34140
Put_Azure_us-central 40521
Put_Thrift_Server_Storage_us-central 40858
Put_Azure_us-central 29542
Put_Thrift_Server_Storage_us-central 29877
Put_Azure_us-central 31969
Put_Thrift_Server_Storage_us-central 32305
Put_Azure_us-central 32094
Put_Thrift_Server_Storage_us-central 32353
Put_Azure_us-central 33171
Put_Thrift_Server_Storage_us-central 33530
Put_Azure_us-central 33193
Put_Thrift_Server_Storage_us-central 33549
Put_Azure_us-central 32860
Put_Thrift_Server_Storage_us-central 33212
Put_Azure_us-central 31690
Put_Thrift_Server_Storage_us-central 32037
Put_Azure_us-central 32486
Put_Thrift_Server_Storage_us-central 33205
Put_Azure_us-central 30268
Put_Thrift_Server_Storage_us-central 30608
Put_Azure_us-central 36519
Put_Thrift_Server_Storage_us-central 36840
Put_Azure_us-central 34224
Put_Thrift_Server_Storage_us-central 34619
Put_Azure_us-central 34673
Put_Thrift_Server_Storage_us-central 35058
Put_Azure_us-central 42801
Put_Thrift_Server_Storage_us-central 43120
Put_Azure_us-central 36897
Put_Thrift_Server_Storage_us-central 37205
Put_Azure_us-central 35820
Put_Thrift_Server_Storage_us-central 36174
Put_Azure_us-central 41615
Put_Thrift_Server_Storage_us-central 42005
Put_Azure_us-central 39858
Put_Thrift_Server_Storage_us-central 40223
Put_Azure_us-central 33167
Put_Thrift_Server_Storage_us-central 33525
Put_Azure_us-central 33150
Put_Thrift_Server_Storage_us-central 33486
Put_Azure_us-central 39020
Put_Thrift_Server_Storage_us-central 39350
Put_Azure_us-central 34485
Put_Thrift_Server_Storage_us-central 34931
Put_Azure_us-central 35114
Put_Thrift_Server_Storage_us-central 35452
Put_Azure_us-central 31083
Put_Thrift_Server_Storage_us-central 31425
Put_Azure_us-central 41779
Put_Thrift_Server_Storage_us-central 42119
Put_Azure_us-central 30904
Put_Thrift_Server_Storage_us-central 31232
Put_Azure_us-central 31892
Put_Thrift_Server_Storage_us-central 32217
Put_Azure_us-central 52163
Put_Thrift_Server_Storage_us-central 52500
Put_Azure_us-central 41064
Put_Thrift_Server_Storage_us-central 41415
Put_Azure_us-central 35470
Put_Thrift_Server_Storage_us-central 35805
Put_Azure_us-central 28766
Put_Thrift_Server_Storage_us-central 29072
Put_Azure_us-central 31983
Put_Thrift_Server_Storage_us-central 32323
Put_Azure_us-central 38265
Put_Thrift_Server_Storage_us-central 38602
Put_Azure_us-central 33888
Put_Thrift_Server_Storage_us-central 34224
Put_Azure_us-central 37280
Put_Thrift_Server_Storage_us-central 37642
Put_Azure_us-central 29664
Put_Thrift_Server_Storage_us-central 30050
Put_Azure_us-central 36915
Put_Thrift_Server_Storage_us-central 37267
Put_Azure_us-central 41523
Put_Thrift_Server_Storage_us-central 41871
Put_Azure_us-central 36835
Put_Thrift_Server_Storage_us-central 37165
Put_Azure_us-central 42156
Put_Thrift_Server_Storage_us-central 42496
Put_Azure_us-central 35054
Put_Thrift_Server_Storage_us-central 35385
Put_Azure_us-central 33199
Put_Thrift_Server_Storage_us-central 33521
Put_Azure_us-central 33203
Put_Thrift_Server_Storage_us-central 33466
Put_Azure_us-central 40147
Put_Thrift_Server_Storage_us-central 40439
Put_Azure_us-central 50556
Put_Thrift_Server_Storage_us-central 50906
Put_Azure_us-central 30651
Put_Thrift_Server_Storage_us-central 30935
Put_Azure_us-central 30955
Put_Thrift_Server_Storage_us-central 31242
Put_Azure_us-central 31778
Put_Thrift_Server_Storage_us-central 32118
Put_Azure_us-central 31298
Put_Thrift_Server_Storage_us-central 31670
Put_Azure_us-central 37442
Put_Thrift_Server_Storage_us-central 37781
Put_Azure_us-central 32697
Put_Thrift_Server_Storage_us-central 33042
Put_Azure_us-central 39954
Put_Thrift_Server_Storage_us-central 40302
Put_Azure_us-central 29822
Put_Thrift_Server_Storage_us-central 30158
Put_Azure_us-central 34238
Put_Thrift_Server_Storage_us-central 34581
Put_Azure_us-central 39888
Put_Thrift_Server_Storage_us-central 40195
Put_Azure_us-central 32609
Put_Thrift_Server_Storage_us-central 32945
Put_Azure_us-central 35653
Put_Thrift_Server_Storage_us-central 36028
Put_Azure_us-central 33746
Put_Thrift_Server_Storage_us-central 34139
Put_Azure_us-central 34944
Put_Thrift_Server_Storage_us-central 35358
Put_Azure_us-central 37947
Put_Thrift_Server_Storage_us-central 38306
Put_Azure_us-central 34809
Put_Thrift_Server_Storage_us-central 35174
Put_Azure_us-central 58411
Put_Thrift_Server_Storage_us-central 58696
Put_Azure_us-central 29558
Put_Thrift_Server_Storage_us-central 29912
Put_Azure_us-central 33024
Put_Thrift_Server_Storage_us-central 33371
Put_Azure_us-central 35910
Put_Thrift_Server_Storage_us-central 36245
Put_Azure_us-central 30958
Put_Thrift_Server_Storage_us-central 31305
Put_Azure_us-central 33177
Put_Thrift_Server_Storage_us-central 33467
Put_Azure_us-central 50850
Put_Thrift_Server_Storage_us-central 51448
Put_Azure_us-central 44409
Put_Thrift_Server_Storage_us-central 44731
Put_Azure_us-central 41294
Put_Thrift_Server_Storage_us-central 41594
Put_Azure_us-central 36956
Put_Thrift_Server_Storage_us-central 37301
Put_Azure_us-central 61978
Put_Thrift_Server_Storage_us-central 62293
Put_Azure_us-central 40607
Put_Thrift_Server_Storage_us-central 40956
Put_Azure_us-central 49717
Put_Thrift_Server_Storage_us-central 50077
Put_Azure_us-central 36269
Put_Thrift_Server_Storage_us-central 36552
Put_Azure_us-central 33043
Put_Thrift_Server_Storage_us-central 33327
Put_Azure_us-central 34374
Put_Thrift_Server_Storage_us-central 34675
Put_Azure_us-central 31351
Put_Thrift_Server_Storage_us-central 31704
Put_Azure_us-central 30757
Put_Thrift_Server_Storage_us-central 31111
Put_Azure_us-central 39295
Put_Thrift_Server_Storage_us-central 39677
Put_Azure_us-central 34733
Put_Thrift_Server_Storage_us-central 35107
Put_Azure_us-central 35026
Put_Thrift_Server_Storage_us-central 35364
Put_Azure_us-central 34713
Put_Thrift_Server_Storage_us-central 35035
Put_Azure_us-central 47471
Put_Thrift_Server_Storage_us-central 47808
Put_Azure_us-central 40057
Put_Thrift_Server_Storage_us-central 40404
Put_Azure_us-central 40674
Put_Thrift_Server_Storage_us-central 41028
Put_Azure_us-central 32006
Put_Thrift_Server_Storage_us-central 32384
Put_Azure_us-central 33440
Put_Thrift_Server_Storage_us-central 34303
Put_Azure_us-central 29823
Put_Thrift_Server_Storage_us-central 30210
Put_Azure_us-central 37033
Put_Thrift_Server_Storage_us-central 37364
Put_Azure_us-central 33351
Put_Thrift_Server_Storage_us-central 33705
Put_Azure_us-central 34504
Put_Thrift_Server_Storage_us-central 34873
Put_Azure_us-central 31985
Put_Thrift_Server_Storage_us-central 32300
Put_Azure_us-central 30643
Put_Thrift_Server_Storage_us-central 31008
Put_Azure_us-central 42641
Put_Thrift_Server_Storage_us-central 43050
Put_Azure_us-central 28760
Put_Thrift_Server_Storage_us-central 29088
Put_Azure_us-central 47793
Put_Thrift_Server_Storage_us-central 48057
Put_Azure_us-central 35937
Put_Thrift_Server_Storage_us-central 36271
Put_Azure_us-central 32386
Put_Thrift_Server_Storage_us-central 32718
Put_Azure_us-central 38592
Put_Thrift_Server_Storage_us-central 38941
Put_Azure_us-central 32505
Put_Thrift_Server_Storage_us-central 33016
Put_Azure_us-central 37973
Put_Thrift_Server_Storage_us-central 38300
Put_Azure_us-central 35418
Put_Thrift_Server_Storage_us-central 35847
Put_Azure_us-central 32938
Put_Thrift_Server_Storage_us-central 33241
Put_Azure_us-central 40568
Put_Thrift_Server_Storage_us-central 40902
Put_Azure_us-central 30910
Put_Thrift_Server_Storage_us-central 31263
Put_Azure_us-central 35659
Put_Thrift_Server_Storage_us-central 35997
Put_Azure_us-central 34366
Put_Thrift_Server_Storage_us-central 34689
Put_Azure_us-central 35164
Put_Thrift_Server_Storage_us-central 35544
Put_Azure_us-central 37807
Put_Thrift_Server_Storage_us-central 38170
Put_Azure_us-central 31179
Put_Thrift_Server_Storage_us-central 31560
Put_Azure_us-central 69040
Put_Thrift_Server_Storage_us-central 69393
Put_Azure_us-central 35258
Put_Thrift_Server_Storage_us-central 35601
Put_Azure_us-central 36573
Put_Thrift_Server_Storage_us-central 36938
Put_Azure_us-central 39208
Put_Thrift_Server_Storage_us-central 39558
Put_Azure_us-central 34580
Put_Thrift_Server_Storage_us-central 34899
Put_Azure_us-central 36785
Put_Thrift_Server_Storage_us-central 37046
Put_Azure_us-central 38116
Put_Thrift_Server_Storage_us-central 38417
Put_Azure_us-central 31560
Put_Thrift_Server_Storage_us-central 31890
Put_Azure_us-central 39661
Put_Thrift_Server_Storage_us-central 39959
Put_Azure_us-central 31400
Put_Thrift_Server_Storage_us-central 31846
Put_Azure_us-central 32862
Put_Thrift_Server_Storage_us-central 33247
Put_Azure_us-central 31503
Put_Thrift_Server_Storage_us-central 31848
Put_Azure_us-central 34774
Put_Thrift_Server_Storage_us-central 35091
Put_Azure_us-central 36132
Put_Thrift_Server_Storage_us-central 36487
Put_Azure_us-central 32845
Put_Thrift_Server_Storage_us-central 33313
Put_Azure_us-central 31971
Put_Thrift_Server_Storage_us-central 32293
Put_Azure_us-central 40659
Put_Thrift_Server_Storage_us-central 41076
Put_Azure_us-central 31099
Put_Thrift_Server_Storage_us-central 32468
Put_Azure_us-central 41816
Put_Thrift_Server_Storage_us-central 42138
Put_Azure_us-central 40972
Put_Thrift_Server_Storage_us-central 41581
Put_Azure_us-central 40724
Put_Thrift_Server_Storage_us-central 41066
Put_Azure_us-central 35075
Put_Thrift_Server_Storage_us-central 35447
Put_Azure_us-central 35301
Put_Thrift_Server_Storage_us-central 35670
Put_Azure_us-central 55617
Put_Thrift_Server_Storage_us-central 55965
Put_Azure_us-central 34908
Put_Thrift_Server_Storage_us-central 35228
Put_Azure_us-central 32738
Put_Thrift_Server_Storage_us-central 33101
Put_Azure_us-central 30887
Put_Thrift_Server_Storage_us-central 31233
Put_Azure_us-central 35323
Put_Thrift_Server_Storage_us-central 35692
Put_Azure_us-central 35316
Put_Thrift_Server_Storage_us-central 35644
Put_Azure_us-central 33556
Put_Thrift_Server_Storage_us-central 33942
Put_Azure_us-central 36641
Put_Thrift_Server_Storage_us-central 37013
Put_Azure_us-central 34414
Put_Thrift_Server_Storage_us-central 34815
Put_Azure_us-central 31391
Put_Thrift_Server_Storage_us-central 31730
Put_Azure_us-central 38543
Put_Thrift_Server_Storage_us-central 38891
Put_Azure_us-central 106362
Put_Thrift_Server_Storage_us-central 106684
Put_Azure_us-central 34574
Put_Thrift_Server_Storage_us-central 34935
Put_Azure_us-central 30266
Put_Thrift_Server_Storage_us-central 30617
Put_Azure_us-central 30876
Put_Thrift_Server_Storage_us-central 31215
Put_Azure_us-central 35827
Put_Thrift_Server_Storage_us-central 36123
Put_Azure_us-central 34093
Put_Thrift_Server_Storage_us-central 34597
Put_Azure_us-central 32114
Put_Thrift_Server_Storage_us-central 32478
Put_Azure_us-central 36766
Put_Thrift_Server_Storage_us-central 37126
Put_Azure_us-central 39247
Put_Thrift_Server_Storage_us-central 39687
Put_Azure_us-central 34934
Put_Thrift_Server_Storage_us-central 35276
Put_Azure_us-central 35665
Put_Thrift_Server_Storage_us-central 36005
Put_Azure_us-central 31042
Put_Thrift_Server_Storage_us-central 31380
Put_Azure_us-central 33624
Put_Thrift_Server_Storage_us-central 33973
Put_Azure_us-central 136849
Put_Thrift_Server_Storage_us-central 137193
Put_Azure_us-central 37512
Put_Thrift_Server_Storage_us-central 37885
Put_Azure_us-central 29649
Put_Thrift_Server_Storage_us-central 30025
Put_Azure_us-central 30271
Put_Thrift_Server_Storage_us-central 30532
Put_Azure_us-central 36843
Put_Thrift_Server_Storage_us-central 37305
Put_Azure_us-central 31622
Put_Thrift_Server_Storage_us-central 31964
Put_Azure_us-central 37401
Put_Thrift_Server_Storage_us-central 37775
Put_Azure_us-central 33246
Put_Thrift_Server_Storage_us-central 33662
Put_Azure_us-central 31583
Put_Thrift_Server_Storage_us-central 31931
Put_Azure_us-central 31793
Put_Thrift_Server_Storage_us-central 32098
Put_Azure_us-central 32987
Put_Thrift_Server_Storage_us-central 33360
Put_Azure_us-central 36450
Put_Thrift_Server_Storage_us-central 36800
Put_Azure_us-central 33360
Put_Thrift_Server_Storage_us-central 33674
Put_Azure_us-central 40796
Put_Thrift_Server_Storage_us-central 41118
Put_Azure_us-central 40105
Put_Thrift_Server_Storage_us-central 40432
Put_Azure_us-central 32362
Put_Thrift_Server_Storage_us-central 32713
Put_Azure_us-central 37985
Put_Thrift_Server_Storage_us-central 38333
Put_Azure_us-central 33633
Put_Thrift_Server_Storage_us-central 33976
Put_Azure_us-central 31959
Put_Thrift_Server_Storage_us-central 32293
Put_Azure_us-central 31782
Put_Thrift_Server_Storage_us-central 32120
Put_Azure_us-central 31421
Put_Thrift_Server_Storage_us-central 31774
Put_Azure_us-central 38675
Put_Thrift_Server_Storage_us-central 39018
Put_Azure_us-central 35258
Put_Thrift_Server_Storage_us-central 35594
Put_Azure_us-central 37786
Put_Thrift_Server_Storage_us-central 38133
Put_Azure_us-central 31058
Put_Thrift_Server_Storage_us-central 31462
Put_Azure_us-central 34269
Put_Thrift_Server_Storage_us-central 34645
Put_Azure_us-central 46373
Put_Thrift_Server_Storage_us-central 46711
Put_Azure_us-central 31531
Put_Thrift_Server_Storage_us-central 31863
Put_Azure_us-central 33428
Put_Thrift_Server_Storage_us-central 33779
Put_Azure_us-central 35077
Put_Thrift_Server_Storage_us-central 35337
Put_Azure_us-central 32565
Put_Thrift_Server_Storage_us-central 32936
Put_Azure_us-central 39564
Put_Thrift_Server_Storage_us-central 39920
Put_Azure_us-central 34225
Put_Thrift_Server_Storage_us-central 34693
Put_Azure_us-central 31951
Put_Thrift_Server_Storage_us-central 32293
Put_Azure_us-central 37336
Put_Thrift_Server_Storage_us-central 37724
Put_Azure_us-central 35072
Put_Thrift_Server_Storage_us-central 35333
Put_Azure_us-central 39618
Put_Thrift_Server_Storage_us-central 40054
Put_Azure_us-central 30115
Put_Thrift_Server_Storage_us-central 30478
Put_Azure_us-central 36730
Put_Thrift_Server_Storage_us-central 37064
Put_Azure_us-central 42496
Put_Thrift_Server_Storage_us-central 42937
Put_Azure_us-central 47396
Put_Thrift_Server_Storage_us-central 47770
Put_Azure_us-central 50289
Put_Thrift_Server_Storage_us-central 50706
Put_Azure_us-central 33320
Put_Thrift_Server_Storage_us-central 33688
Put_Azure_us-central 36588
Put_Thrift_Server_Storage_us-central 36876
Put_Azure_us-central 30542
Put_Thrift_Server_Storage_us-central 30930
Put_Azure_us-central 36959
Put_Thrift_Server_Storage_us-central 37327
Put_Azure_us-central 38908
Put_Thrift_Server_Storage_us-central 39272
Put_Azure_us-central 31341
Put_Thrift_Server_Storage_us-central 31690
Put_Azure_us-central 31718
Put_Thrift_Server_Storage_us-central 32078
Put_Azure_us-central 32197
Put_Thrift_Server_Storage_us-central 32559
Put_Azure_us-central 34360
Put_Thrift_Server_Storage_us-central 34699
Put_Azure_us-central 40027
Put_Thrift_Server_Storage_us-central 40361
Put_Azure_us-central 53123
Put_Thrift_Server_Storage_us-central 53445
Put_Azure_us-central 29947
Put_Thrift_Server_Storage_us-central 30269
Put_Azure_us-central 34549
Put_Thrift_Server_Storage_us-central 34891
Put_Azure_us-central 37325
Put_Thrift_Server_Storage_us-central 37714
Put_Azure_us-central 33561
Put_Thrift_Server_Storage_us-central 34030
Put_Azure_us-central 33464
Put_Thrift_Server_Storage_us-central 33801
Put_Azure_us-central 31588
Put_Thrift_Server_Storage_us-central 31924
Put_Azure_us-central 30967
Put_Thrift_Server_Storage_us-central 31352
Put_Azure_us-central 33546
Put_Thrift_Server_Storage_us-central 33895
Put_Azure_us-central 37419
Put_Thrift_Server_Storage_us-central 37818
Put_Azure_us-central 31199
Put_Thrift_Server_Storage_us-central 31580
Put_Azure_us-central 29414
Put_Thrift_Server_Storage_us-central 29762
Put_Azure_us-central 31375
Put_Thrift_Server_Storage_us-central 31728
Put_Azure_us-central 81314
Put_Thrift_Server_Storage_us-central 81649
Put_Azure_us-central 46630
Put_Thrift_Server_Storage_us-central 46940
Put_Azure_us-central 32138
Put_Thrift_Server_Storage_us-central 32483
Put_Azure_us-central 29657
Put_Thrift_Server_Storage_us-central 29993
Put_Azure_us-central 30270
Put_Thrift_Server_Storage_us-central 30537
Put_Azure_us-central 40786
Put_Thrift_Server_Storage_us-central 41131
Put_Azure_us-central 34768
Put_Thrift_Server_Storage_us-central 35106
Put_Azure_us-central 38302
Put_Thrift_Server_Storage_us-central 38628
Put_Azure_us-central 30321
Put_Thrift_Server_Storage_us-central 30641
Put_Azure_us-central 36446
Put_Thrift_Server_Storage_us-central 36796
Put_Azure_us-central 34034
Put_Thrift_Server_Storage_us-central 34387
Put_Azure_us-central 32050
Put_Thrift_Server_Storage_us-central 32386
Put_Azure_us-central 31430
Put_Thrift_Server_Storage_us-central 31781
Put_Azure_us-central 31659
Put_Thrift_Server_Storage_us-central 31998
Put_Azure_us-central 37372
Put_Thrift_Server_Storage_us-central 37837
Put_Azure_us-central 38619
Put_Thrift_Server_Storage_us-central 38981
Put_Azure_us-central 33523
Put_Thrift_Server_Storage_us-central 33843
Put_Azure_us-central 31466
Put_Thrift_Server_Storage_us-central 31828
Put_Azure_us-central 29290
Put_Thrift_Server_Storage_us-central 29632
Put_Azure_us-central 30826
Put_Thrift_Server_Storage_us-central 31177
Put_Azure_us-central 37449
Put_Thrift_Server_Storage_us-central 37826
Put_Azure_us-central 30255
Put_Thrift_Server_Storage_us-central 30525
Put_Azure_us-central 34913
Put_Thrift_Server_Storage_us-central 35294
Put_Azure_us-central 34503
Put_Thrift_Server_Storage_us-central 34839
Put_Azure_us-central 31917
Put_Thrift_Server_Storage_us-central 32251
Put_Azure_us-central 46627
Put_Thrift_Server_Storage_us-central 46941
Put_Azure_us-central 31662
Put_Thrift_Server_Storage_us-central 32002
Put_Azure_us-central 36616
Put_Thrift_Server_Storage_us-central 36984
Put_Azure_us-central 30708
Put_Thrift_Server_Storage_us-central 31184
Put_Azure_us-central 34107
Put_Thrift_Server_Storage_us-central 34458
Put_Azure_us-central 39121
Put_Thrift_Server_Storage_us-central 39483
Put_Azure_us-central 29920
Put_Thrift_Server_Storage_us-central 30300
Put_Azure_us-central 36178
Put_Thrift_Server_Storage_us-central 36693
Put_Azure_us-central 32135
Put_Thrift_Server_Storage_us-central 32482
Put_Azure_us-central 35632
Put_Thrift_Server_Storage_us-central 35971
Put_Azure_us-central 39635
Put_Thrift_Server_Storage_us-central 40512
Put_Azure_us-central 34500
Put_Thrift_Server_Storage_us-central 34839
Put_Azure_us-central 34557
Put_Thrift_Server_Storage_us-central 34903
Put_Azure_us-central 34946
Put_Thrift_Server_Storage_us-central 35309
Put_Azure_us-central 39974
Put_Thrift_Server_Storage_us-central 40311
Put_Azure_us-central 52197
Put_Thrift_Server_Storage_us-central 52598
Put_Azure_us-central 36628
Put_Thrift_Server_Storage_us-central 36980
Put_Azure_us-central 35163
Put_Thrift_Server_Storage_us-central 35486
Put_Azure_us-central 33381
Put_Thrift_Server_Storage_us-central 33707
Put_Azure_us-central 36163
Put_Thrift_Server_Storage_us-central 36502
Put_Azure_us-central 40670
Put_Thrift_Server_Storage_us-central 41132
Put_Azure_us-central 29275
Put_Thrift_Server_Storage_us-central 29603
Put_Azure_us-central 35481
Put_Thrift_Server_Storage_us-central 35813
Put_Azure_us-central 34105
Put_Thrift_Server_Storage_us-central 34661
Put_Azure_us-central 31395
Put_Thrift_Server_Storage_us-central 31846
Put_Azure_us-central 35144
Put_Thrift_Server_Storage_us-central 35620
Put_Azure_us-central 32971
Put_Thrift_Server_Storage_us-central 33316
Put_Azure_us-central 32797
Put_Thrift_Server_Storage_us-central 33125
Put_Azure_us-central 73426
Put_Thrift_Server_Storage_us-central 73812
Put_Azure_us-central 31445
Put_Thrift_Server_Storage_us-central 31834
Put_Azure_us-central 38826
Put_Thrift_Server_Storage_us-central 39188
Put_Azure_us-central 31666
Put_Thrift_Server_Storage_us-central 32007
Put_Azure_us-central 31993
Put_Thrift_Server_Storage_us-central 32356
Put_Azure_us-central 30262
Put_Thrift_Server_Storage_us-central 30611
