Put_Azure_us-west1 160304
Put_Thrift_Server_Storage_us-west1 161109
Put_Azure_us-west1 133111
Put_Thrift_Server_Storage_us-west1 133648
Put_Azure_us-west1 77920
Put_Thrift_Server_Storage_us-west1 78342
Put_Azure_us-west1 124802
Put_Thrift_Server_Storage_us-west1 125191
Put_Azure_us-west1 171843
Put_Thrift_Server_Storage_us-west1 172245
Put_Azure_us-west1 69451
Put_Thrift_Server_Storage_us-west1 69832
Put_Azure_us-west1 128551
Put_Thrift_Server_Storage_us-west1 128961
Put_Azure_us-west1 107718
Put_Thrift_Server_Storage_us-west1 108127
Put_Azure_us-west1 83752
Put_Thrift_Server_Storage_us-west1 84221
Put_Azure_us-west1 164496
Put_Thrift_Server_Storage_us-west1 164899
Put_Azure_us-west1 77859
Put_Thrift_Server_Storage_us-west1 78308
Put_Azure_us-west1 113667
Put_Thrift_Server_Storage_us-west1 114088
Put_Azure_us-west1 88097
Put_Thrift_Server_Storage_us-west1 88520
Put_Azure_us-west1 70610
Put_Thrift_Server_Storage_us-west1 71292
Put_Azure_us-west1 151922
Put_Thrift_Server_Storage_us-west1 152411
Put_Azure_us-west1 52888
Put_Thrift_Server_Storage_us-west1 53198
Put_Azure_us-west1 60816
Put_Thrift_Server_Storage_us-west1 61137
Put_Azure_us-west1 102940
Put_Thrift_Server_Storage_us-west1 103329
Put_Azure_us-west1 109600
Put_Thrift_Server_Storage_us-west1 109985
Put_Azure_us-west1 51298
Put_Thrift_Server_Storage_us-west1 51684
Put_Azure_us-west1 97383
Put_Thrift_Server_Storage_us-west1 97831
Put_Azure_us-west1 152060
Put_Thrift_Server_Storage_us-west1 152462
Put_Azure_us-west1 48679
Put_Thrift_Server_Storage_us-west1 49094
Put_Azure_us-west1 65235
Put_Thrift_Server_Storage_us-west1 65603
Put_Azure_us-west1 62094
Put_Thrift_Server_Storage_us-west1 62519
Put_Azure_us-west1 83017
Put_Thrift_Server_Storage_us-west1 83422
Put_Azure_us-west1 80120
Put_Thrift_Server_Storage_us-west1 80512
Put_Azure_us-west1 48738
Put_Thrift_Server_Storage_us-west1 49095
Put_Azure_us-west1 63260
Put_Thrift_Server_Storage_us-west1 63627
Put_Azure_us-west1 91054
Put_Thrift_Server_Storage_us-west1 91496
Put_Azure_us-west1 112341
Put_Thrift_Server_Storage_us-west1 112729
Put_Azure_us-west1 72705
Put_Thrift_Server_Storage_us-west1 73179
Put_Azure_us-west1 50125
Put_Thrift_Server_Storage_us-west1 50477
Put_Azure_us-west1 157731
Put_Thrift_Server_Storage_us-west1 158055
Put_Azure_us-west1 52554
Put_Thrift_Server_Storage_us-west1 52956
Put_Azure_us-west1 103080
Put_Thrift_Server_Storage_us-west1 103466
Put_Azure_us-west1 68141
Put_Thrift_Server_Storage_us-west1 68527
Put_Azure_us-west1 79312
Put_Thrift_Server_Storage_us-west1 79746
Put_Azure_us-west1 49845
Put_Thrift_Server_Storage_us-west1 50359
Put_Azure_us-west1 56111
Put_Thrift_Server_Storage_us-west1 56486
Put_Azure_us-west1 55926
Put_Thrift_Server_Storage_us-west1 56313
Put_Azure_us-west1 64750
Put_Thrift_Server_Storage_us-west1 65249
Put_Azure_us-west1 88095
Put_Thrift_Server_Storage_us-west1 88407
Put_Azure_us-west1 61431
Put_Thrift_Server_Storage_us-west1 61776
Put_Azure_us-west1 51802
Put_Thrift_Server_Storage_us-west1 52170
Put_Azure_us-west1 53235
Put_Thrift_Server_Storage_us-west1 53709
Put_Azure_us-west1 58838
Put_Thrift_Server_Storage_us-west1 59311
Put_Azure_us-west1 53068
Put_Thrift_Server_Storage_us-west1 53477
Put_Azure_us-west1 72824
Put_Thrift_Server_Storage_us-west1 73205
Put_Azure_us-west1 55229
Put_Thrift_Server_Storage_us-west1 55612
Put_Azure_us-west1 116221
Put_Thrift_Server_Storage_us-west1 116689
Put_Azure_us-west1 73617
Put_Thrift_Server_Storage_us-west1 74097
Put_Azure_us-west1 54298
Put_Thrift_Server_Storage_us-west1 54632
Put_Azure_us-west1 52937
Put_Thrift_Server_Storage_us-west1 53321
Put_Azure_us-west1 53536
Put_Thrift_Server_Storage_us-west1 53972
Put_Azure_us-west1 50308
Put_Thrift_Server_Storage_us-west1 50738
Put_Azure_us-west1 52573
Put_Thrift_Server_Storage_us-west1 53002
Put_Azure_us-west1 51997
Put_Thrift_Server_Storage_us-west1 52329
Put_Azure_us-west1 145615
Put_Thrift_Server_Storage_us-west1 146078
Put_Azure_us-west1 52545
Put_Thrift_Server_Storage_us-west1 52884
Put_Azure_us-west1 80362
Put_Thrift_Server_Storage_us-west1 80729
Put_Azure_us-west1 49718
Put_Thrift_Server_Storage_us-west1 50122
Put_Azure_us-west1 170358
Put_Thrift_Server_Storage_us-west1 170754
Put_Azure_us-west1 54505
Put_Thrift_Server_Storage_us-west1 54897
Put_Azure_us-west1 92397
Put_Thrift_Server_Storage_us-west1 92802
Put_Azure_us-west1 53141
Put_Thrift_Server_Storage_us-west1 53497
Put_Azure_us-west1 148469
Put_Thrift_Server_Storage_us-west1 149154
Put_Azure_us-west1 45341
Put_Thrift_Server_Storage_us-west1 45775
Put_Azure_us-west1 73202
Put_Thrift_Server_Storage_us-west1 73626
Put_Azure_us-west1 75224
Put_Thrift_Server_Storage_us-west1 75597
Put_Azure_us-west1 60028
Put_Thrift_Server_Storage_us-west1 60412
Put_Azure_us-west1 55851
Put_Thrift_Server_Storage_us-west1 56223
Put_Azure_us-west1 76483
Put_Thrift_Server_Storage_us-west1 76856
Put_Azure_us-west1 62080
Put_Thrift_Server_Storage_us-west1 62500
Put_Azure_us-west1 75675
Put_Thrift_Server_Storage_us-west1 76015
Put_Azure_us-west1 87142
Put_Thrift_Server_Storage_us-west1 87477
Put_Azure_us-west1 77579
Put_Thrift_Server_Storage_us-west1 77936
Put_Azure_us-west1 55400
Put_Thrift_Server_Storage_us-west1 55809
Put_Azure_us-west1 54360
Put_Thrift_Server_Storage_us-west1 54722
Put_Azure_us-west1 90790
Put_Thrift_Server_Storage_us-west1 91198
Put_Azure_us-west1 86728
Put_Thrift_Server_Storage_us-west1 87165
Put_Azure_us-west1 44053
Put_Thrift_Server_Storage_us-west1 44458
Put_Azure_us-west1 43564
Put_Thrift_Server_Storage_us-west1 44019
Put_Azure_us-west1 54468
Put_Thrift_Server_Storage_us-west1 54856
Put_Azure_us-west1 56457
Put_Thrift_Server_Storage_us-west1 56949
Put_Azure_us-west1 43887
Put_Thrift_Server_Storage_us-west1 44259
Put_Azure_us-west1 44894
Put_Thrift_Server_Storage_us-west1 45231
Put_Azure_us-west1 39167
Put_Thrift_Server_Storage_us-west1 39476
Put_Azure_us-west1 58628
Put_Thrift_Server_Storage_us-west1 59048
Put_Azure_us-west1 45391
Put_Thrift_Server_Storage_us-west1 45712
Put_Azure_us-west1 48901
Put_Thrift_Server_Storage_us-west1 49330
Put_Azure_us-west1 66459
Put_Thrift_Server_Storage_us-west1 66828
Put_Azure_us-west1 46315
Put_Thrift_Server_Storage_us-west1 46769
Put_Azure_us-west1 77860
Put_Thrift_Server_Storage_us-west1 78305
Put_Azure_us-west1 40267
Put_Thrift_Server_Storage_us-west1 40645
Put_Azure_us-west1 62667
Put_Thrift_Server_Storage_us-west1 63067
Put_Azure_us-west1 62587
Put_Thrift_Server_Storage_us-west1 62963
Put_Azure_us-west1 59040
Put_Thrift_Server_Storage_us-west1 59447
Put_Azure_us-west1 65254
Put_Thrift_Server_Storage_us-west1 65593
Put_Azure_us-west1 54841
Put_Thrift_Server_Storage_us-west1 55205
Put_Azure_us-west1 45475
Put_Thrift_Server_Storage_us-west1 45889
Put_Azure_us-west1 50733
Put_Thrift_Server_Storage_us-west1 51080
Put_Azure_us-west1 108175
Put_Thrift_Server_Storage_us-west1 108556
Put_Azure_us-west1 42666
Put_Thrift_Server_Storage_us-west1 43121
Put_Azure_us-west1 63025
Put_Thrift_Server_Storage_us-west1 63461
Put_Azure_us-west1 54642
Put_Thrift_Server_Storage_us-west1 55007
Put_Azure_us-west1 47897
Put_Thrift_Server_Storage_us-west1 48262
Put_Azure_us-west1 45878
Put_Thrift_Server_Storage_us-west1 46191
Put_Azure_us-west1 44242
Put_Thrift_Server_Storage_us-west1 44697
Put_Azure_us-west1 43386
Put_Thrift_Server_Storage_us-west1 43688
Put_Azure_us-west1 51120
Put_Thrift_Server_Storage_us-west1 51450
Put_Azure_us-west1 65534
Put_Thrift_Server_Storage_us-west1 65853
Put_Azure_us-west1 51046
Put_Thrift_Server_Storage_us-west1 51351
Put_Azure_us-west1 48696
Put_Thrift_Server_Storage_us-west1 49155
Put_Azure_us-west1 73025
Put_Thrift_Server_Storage_us-west1 73511
Put_Azure_us-west1 65000
Put_Thrift_Server_Storage_us-west1 65477
Put_Azure_us-west1 60159
Put_Thrift_Server_Storage_us-west1 60635
Put_Azure_us-west1 73650
Put_Thrift_Server_Storage_us-west1 74010
Put_Azure_us-west1 50623
Put_Thrift_Server_Storage_us-west1 50968
Put_Azure_us-west1 42793
Put_Thrift_Server_Storage_us-west1 43201
Put_Azure_us-west1 83459
Put_Thrift_Server_Storage_us-west1 83785
Put_Azure_us-west1 42814
Put_Thrift_Server_Storage_us-west1 43076
Put_Azure_us-west1 41872
Put_Thrift_Server_Storage_us-west1 42167
Put_Azure_us-west1 41907
Put_Thrift_Server_Storage_us-west1 42206
Put_Azure_us-west1 49232
Put_Thrift_Server_Storage_us-west1 49751
Put_Azure_us-west1 42388
Put_Thrift_Server_Storage_us-west1 42847
Put_Azure_us-west1 45813
Put_Thrift_Server_Storage_us-west1 46216
Put_Azure_us-west1 46382
Put_Thrift_Server_Storage_us-west1 46752
Put_Azure_us-west1 38718
Put_Thrift_Server_Storage_us-west1 39214
Put_Azure_us-west1 47061
Put_Thrift_Server_Storage_us-west1 47485
Put_Azure_us-west1 73630
Put_Thrift_Server_Storage_us-west1 73921
Put_Azure_us-west1 74832
Put_Thrift_Server_Storage_us-west1 75274
Put_Azure_us-west1 46502
Put_Thrift_Server_Storage_us-west1 46820
Put_Azure_us-west1 42049
Put_Thrift_Server_Storage_us-west1 42556
Put_Azure_us-west1 54821
Put_Thrift_Server_Storage_us-west1 55181
Put_Azure_us-west1 44144
Put_Thrift_Server_Storage_us-west1 44536
Put_Azure_us-west1 43658
Put_Thrift_Server_Storage_us-west1 44007
Put_Azure_us-west1 43441
Put_Thrift_Server_Storage_us-west1 43784
Put_Azure_us-west1 48947
Put_Thrift_Server_Storage_us-west1 49257
Put_Azure_us-west1 47808
Put_Thrift_Server_Storage_us-west1 48092
Put_Azure_us-west1 54011
Put_Thrift_Server_Storage_us-west1 54364
Put_Azure_us-west1 57759
Put_Thrift_Server_Storage_us-west1 58264
Put_Azure_us-west1 52017
Put_Thrift_Server_Storage_us-west1 52615
Put_Azure_us-west1 58229
Put_Thrift_Server_Storage_us-west1 58681
Put_Azure_us-west1 65577
Put_Thrift_Server_Storage_us-west1 66142
Put_Azure_us-west1 61124
Put_Thrift_Server_Storage_us-west1 61572
Put_Azure_us-west1 48671
Put_Thrift_Server_Storage_us-west1 48967
Put_Azure_us-west1 58664
Put_Thrift_Server_Storage_us-west1 59050
Put_Azure_us-west1 96970
Put_Thrift_Server_Storage_us-west1 97356
Put_Azure_us-west1 62588
Put_Thrift_Server_Storage_us-west1 62957
Put_Azure_us-west1 62640
Put_Thrift_Server_Storage_us-west1 63234
Put_Azure_us-west1 72714
Put_Thrift_Server_Storage_us-west1 73219
Put_Azure_us-west1 138894
Put_Thrift_Server_Storage_us-west1 139420
Put_Azure_us-west1 69266
Put_Thrift_Server_Storage_us-west1 69672
Put_Azure_us-west1 115566
Put_Thrift_Server_Storage_us-west1 116142
Put_Azure_us-west1 49481
Put_Thrift_Server_Storage_us-west1 49952
Put_Azure_us-west1 46393
Put_Thrift_Server_Storage_us-west1 46798
Put_Azure_us-west1 45804
Put_Thrift_Server_Storage_us-west1 46187
Put_Azure_us-west1 75191
Put_Thrift_Server_Storage_us-west1 75724
Put_Azure_us-west1 44126
Put_Thrift_Server_Storage_us-west1 44596
Put_Azure_us-west1 43980
Put_Thrift_Server_Storage_us-west1 44313
Put_Azure_us-west1 47886
Put_Thrift_Server_Storage_us-west1 48276
Put_Azure_us-west1 43229
Put_Thrift_Server_Storage_us-west1 43640
Put_Azure_us-west1 87615
Put_Thrift_Server_Storage_us-west1 87916
Put_Azure_us-west1 59860
Put_Thrift_Server_Storage_us-west1 60246
Put_Azure_us-west1 70698
Put_Thrift_Server_Storage_us-west1 71018
Put_Azure_us-west1 45675
Put_Thrift_Server_Storage_us-west1 46082
Put_Azure_us-west1 39034
Put_Thrift_Server_Storage_us-west1 39346
Put_Azure_us-west1 53239
Put_Thrift_Server_Storage_us-west1 53508
Put_Azure_us-west1 42418
Put_Thrift_Server_Storage_us-west1 42729
Put_Azure_us-west1 47185
Put_Thrift_Server_Storage_us-west1 47495
Put_Azure_us-west1 48592
Put_Thrift_Server_Storage_us-west1 48947
Put_Azure_us-west1 116442
Put_Thrift_Server_Storage_us-west1 116769
Put_Azure_us-west1 52181
Put_Thrift_Server_Storage_us-west1 52608
Put_Azure_us-west1 43197
Put_Thrift_Server_Storage_us-west1 43536
Put_Azure_us-west1 52216
Put_Thrift_Server_Storage_us-west1 52527
Put_Azure_us-west1 79262
Put_Thrift_Server_Storage_us-west1 79615
Put_Azure_us-west1 63408
Put_Thrift_Server_Storage_us-west1 63794
Put_Azure_us-west1 66312
Put_Thrift_Server_Storage_us-west1 66628
Put_Azure_us-west1 44682
Put_Thrift_Server_Storage_us-west1 45033
Put_Azure_us-west1 39342
Put_Thrift_Server_Storage_us-west1 39751
Put_Azure_us-west1 53043
Put_Thrift_Server_Storage_us-west1 53398
Put_Azure_us-west1 56623
Put_Thrift_Server_Storage_us-west1 56912
Put_Azure_us-west1 79610
Put_Thrift_Server_Storage_us-west1 79956
Put_Azure_us-west1 47666
Put_Thrift_Server_Storage_us-west1 47952
Put_Azure_us-west1 67157
Put_Thrift_Server_Storage_us-west1 67446
Put_Azure_us-west1 49823
Put_Thrift_Server_Storage_us-west1 50295
Put_Azure_us-west1 124219
Put_Thrift_Server_Storage_us-west1 124534
Put_Azure_us-west1 55437
Put_Thrift_Server_Storage_us-west1 55757
Put_Azure_us-west1 74998
Put_Thrift_Server_Storage_us-west1 75301
Put_Azure_us-west1 63670
Put_Thrift_Server_Storage_us-west1 64003
Put_Azure_us-west1 60334
Put_Thrift_Server_Storage_us-west1 60667
Put_Azure_us-west1 47755
Put_Thrift_Server_Storage_us-west1 48073
Put_Azure_us-west1 58933
Put_Thrift_Server_Storage_us-west1 59270
Put_Azure_us-west1 44439
Put_Thrift_Server_Storage_us-west1 44854
Put_Azure_us-west1 48899
Put_Thrift_Server_Storage_us-west1 49223
Put_Azure_us-west1 50321
Put_Thrift_Server_Storage_us-west1 50686
Put_Azure_us-west1 54435
Put_Thrift_Server_Storage_us-west1 54828
Put_Azure_us-west1 61721
Put_Thrift_Server_Storage_us-west1 62103
Put_Azure_us-west1 81845
Put_Thrift_Server_Storage_us-west1 82254
Put_Azure_us-west1 45314
Put_Thrift_Server_Storage_us-west1 45632
Put_Azure_us-west1 49585
Put_Thrift_Server_Storage_us-west1 49884
Put_Azure_us-west1 50435
Put_Thrift_Server_Storage_us-west1 50793
Put_Azure_us-west1 67722
Put_Thrift_Server_Storage_us-west1 68092
Put_Azure_us-west1 42648
Put_Thrift_Server_Storage_us-west1 43036
Put_Azure_us-west1 48430
Put_Thrift_Server_Storage_us-west1 48737
Put_Azure_us-west1 40584
Put_Thrift_Server_Storage_us-west1 40870
Put_Azure_us-west1 124364
Put_Thrift_Server_Storage_us-west1 124770
Put_Azure_us-west1 62164
Put_Thrift_Server_Storage_us-west1 62573
Put_Azure_us-west1 53450
Put_Thrift_Server_Storage_us-west1 53865
Put_Azure_us-west1 57765
Put_Thrift_Server_Storage_us-west1 58085
Put_Azure_us-west1 69794
Put_Thrift_Server_Storage_us-west1 70088
Put_Azure_us-west1 50086
Put_Thrift_Server_Storage_us-west1 50556
Put_Azure_us-west1 57017
Put_Thrift_Server_Storage_us-west1 57408
Put_Azure_us-west1 87357
Put_Thrift_Server_Storage_us-west1 87695
Put_Azure_us-west1 59037
Put_Thrift_Server_Storage_us-west1 59344
Put_Azure_us-west1 58088
Put_Thrift_Server_Storage_us-west1 58461
Put_Azure_us-west1 55760
Put_Thrift_Server_Storage_us-west1 56076
Put_Azure_us-west1 100071
Put_Thrift_Server_Storage_us-west1 100407
Put_Azure_us-west1 52018
Put_Thrift_Server_Storage_us-west1 52346
Put_Azure_us-west1 45671
Put_Thrift_Server_Storage_us-west1 45986
Put_Azure_us-west1 53541
Put_Thrift_Server_Storage_us-west1 53879
Put_Azure_us-west1 97655
Put_Thrift_Server_Storage_us-west1 98236
Put_Azure_us-west1 49227
Put_Thrift_Server_Storage_us-west1 49711
Put_Azure_us-west1 71831
Put_Thrift_Server_Storage_us-west1 72263
Put_Azure_us-west1 74984
Put_Thrift_Server_Storage_us-west1 75465
Put_Azure_us-west1 77049
Put_Thrift_Server_Storage_us-west1 77387
Put_Azure_us-west1 54442
Put_Thrift_Server_Storage_us-west1 54765
Put_Azure_us-west1 57892
Put_Thrift_Server_Storage_us-west1 58306
Put_Azure_us-west1 73407
Put_Thrift_Server_Storage_us-west1 73766
Put_Azure_us-west1 53317
Put_Thrift_Server_Storage_us-west1 53696
Put_Azure_us-west1 52756
Put_Thrift_Server_Storage_us-west1 53115
Put_Azure_us-west1 71390
Put_Thrift_Server_Storage_us-west1 71774
Put_Azure_us-west1 41435
Put_Thrift_Server_Storage_us-west1 41911
Put_Azure_us-west1 52735
Put_Thrift_Server_Storage_us-west1 53047
Put_Azure_us-west1 40184
Put_Thrift_Server_Storage_us-west1 40487
Put_Azure_us-west1 65640
Put_Thrift_Server_Storage_us-west1 65938
Put_Azure_us-west1 46152
Put_Thrift_Server_Storage_us-west1 46428
Put_Azure_us-west1 52795
Put_Thrift_Server_Storage_us-west1 53086
Put_Azure_us-west1 45680
Put_Thrift_Server_Storage_us-west1 46035
Put_Azure_us-west1 41305
Put_Thrift_Server_Storage_us-west1 41749
Put_Azure_us-west1 46964
Put_Thrift_Server_Storage_us-west1 47378
Put_Azure_us-west1 60914
Put_Thrift_Server_Storage_us-west1 61295
Put_Azure_us-west1 67911
Put_Thrift_Server_Storage_us-west1 68360
Put_Azure_us-west1 52913
Put_Thrift_Server_Storage_us-west1 53298
Put_Azure_us-west1 53351
Put_Thrift_Server_Storage_us-west1 53878
Put_Azure_us-west1 53831
Put_Thrift_Server_Storage_us-west1 54268
Put_Azure_us-west1 49149
Put_Thrift_Server_Storage_us-west1 49715
Put_Azure_us-west1 43324
Put_Thrift_Server_Storage_us-west1 43742
Put_Azure_us-west1 45976
Put_Thrift_Server_Storage_us-west1 46379
Put_Azure_us-west1 45364
Put_Thrift_Server_Storage_us-west1 45679
Put_Azure_us-west1 54424
Put_Thrift_Server_Storage_us-west1 54925
Put_Azure_us-west1 46683
Put_Thrift_Server_Storage_us-west1 46976
Put_Azure_us-west1 52534
Put_Thrift_Server_Storage_us-west1 52924
Put_Azure_us-west1 75740
Put_Thrift_Server_Storage_us-west1 76056
Put_Azure_us-west1 38930
Put_Thrift_Server_Storage_us-west1 39237
Put_Azure_us-west1 43559
Put_Thrift_Server_Storage_us-west1 43884
Put_Azure_us-west1 47684
Put_Thrift_Server_Storage_us-west1 47989
Put_Azure_us-west1 43161
Put_Thrift_Server_Storage_us-west1 43633
Put_Azure_us-west1 56133
Put_Thrift_Server_Storage_us-west1 56493
Put_Azure_us-west1 68331
Put_Thrift_Server_Storage_us-west1 68685
Put_Azure_us-west1 53881
Put_Thrift_Server_Storage_us-west1 54288
Put_Azure_us-west1 47196
Put_Thrift_Server_Storage_us-west1 47556
Put_Azure_us-west1 45850
Put_Thrift_Server_Storage_us-west1 46235
Put_Azure_us-west1 51364
Put_Thrift_Server_Storage_us-west1 51649
Put_Azure_us-west1 40687
Put_Thrift_Server_Storage_us-west1 41022
Put_Azure_us-west1 65053
Put_Thrift_Server_Storage_us-west1 65407
Put_Azure_us-west1 57864
Put_Thrift_Server_Storage_us-west1 58154
Put_Azure_us-west1 42335
Put_Thrift_Server_Storage_us-west1 42635
Put_Azure_us-west1 45936
Put_Thrift_Server_Storage_us-west1 46316
Put_Azure_us-west1 47940
Put_Thrift_Server_Storage_us-west1 48243
Put_Azure_us-west1 87572
Put_Thrift_Server_Storage_us-west1 87890
Put_Azure_us-west1 44635
Put_Thrift_Server_Storage_us-west1 44927
Put_Azure_us-west1 54614
Put_Thrift_Server_Storage_us-west1 54919
Put_Azure_us-west1 51240
Put_Thrift_Server_Storage_us-west1 51548
Put_Azure_us-west1 44253
Put_Thrift_Server_Storage_us-west1 44628
Put_Azure_us-west1 78360
Put_Thrift_Server_Storage_us-west1 78926
Put_Azure_us-west1 64071
Put_Thrift_Server_Storage_us-west1 64579
Put_Azure_us-west1 41039
Put_Thrift_Server_Storage_us-west1 41540
Put_Azure_us-west1 60091
Put_Thrift_Server_Storage_us-west1 60557
Put_Azure_us-west1 85376
Put_Thrift_Server_Storage_us-west1 85765
Put_Azure_us-west1 52065
Put_Thrift_Server_Storage_us-west1 52445
Put_Azure_us-west1 73879
Put_Thrift_Server_Storage_us-west1 74301
Put_Azure_us-west1 40137
Put_Thrift_Server_Storage_us-west1 40466
Put_Azure_us-west1 47417
Put_Thrift_Server_Storage_us-west1 47779
Put_Azure_us-west1 49267
Put_Thrift_Server_Storage_us-west1 49699
Put_Azure_us-west1 56071
Put_Thrift_Server_Storage_us-west1 56470
Put_Azure_us-west1 62314
Put_Thrift_Server_Storage_us-west1 62602
Put_Azure_us-west1 57336
Put_Thrift_Server_Storage_us-west1 57711
Put_Azure_us-west1 69139
Put_Thrift_Server_Storage_us-west1 69487
Put_Azure_us-west1 99832
Put_Thrift_Server_Storage_us-west1 100305
Put_Azure_us-west1 71888
Put_Thrift_Server_Storage_us-west1 72279
Put_Azure_us-west1 55931
Put_Thrift_Server_Storage_us-west1 56234
Put_Azure_us-west1 56894
Put_Thrift_Server_Storage_us-west1 57206
Put_Azure_us-west1 81007
Put_Thrift_Server_Storage_us-west1 81396
Put_Azure_us-west1 70291
Put_Thrift_Server_Storage_us-west1 70632
Put_Azure_us-west1 53502
Put_Thrift_Server_Storage_us-west1 54023
Put_Azure_us-west1 165161
Put_Thrift_Server_Storage_us-west1 165551
Put_Azure_us-west1 53294
Put_Thrift_Server_Storage_us-west1 53949
Put_Azure_us-west1 55552
Put_Thrift_Server_Storage_us-west1 55871
Put_Azure_us-west1 44617
Put_Thrift_Server_Storage_us-west1 44954
Put_Azure_us-west1 50150
Put_Thrift_Server_Storage_us-west1 50454
Put_Azure_us-west1 81699
Put_Thrift_Server_Storage_us-west1 82001
Put_Azure_us-west1 75786
Put_Thrift_Server_Storage_us-west1 76145
Put_Azure_us-west1 49114
Put_Thrift_Server_Storage_us-west1 49466
Put_Azure_us-west1 65304
Put_Thrift_Server_Storage_us-west1 65588
Put_Azure_us-west1 86061
Put_Thrift_Server_Storage_us-west1 86388
Put_Azure_us-west1 44908
Put_Thrift_Server_Storage_us-west1 45189
Put_Azure_us-west1 53852
Put_Thrift_Server_Storage_us-west1 54143
Put_Azure_us-west1 47114
Put_Thrift_Server_Storage_us-west1 47520
Put_Azure_us-west1 67066
Put_Thrift_Server_Storage_us-west1 67436
Put_Azure_us-west1 49759
Put_Thrift_Server_Storage_us-west1 50063
Put_Azure_us-west1 47134
Put_Thrift_Server_Storage_us-west1 47884
Put_Azure_us-west1 50897
Put_Thrift_Server_Storage_us-west1 51251
Put_Azure_us-west1 62521
Put_Thrift_Server_Storage_us-west1 62817
Put_Azure_us-west1 50483
Put_Thrift_Server_Storage_us-west1 50792
Put_Azure_us-west1 58170
Put_Thrift_Server_Storage_us-west1 58571
Put_Azure_us-west1 50275
Put_Thrift_Server_Storage_us-west1 50632
Put_Azure_us-west1 45210
Put_Thrift_Server_Storage_us-west1 45590
Put_Azure_us-west1 43473
Put_Thrift_Server_Storage_us-west1 43854
Put_Azure_us-west1 47757
Put_Thrift_Server_Storage_us-west1 48126
Put_Azure_us-west1 49612
Put_Thrift_Server_Storage_us-west1 50176
Put_Azure_us-west1 154810
Put_Thrift_Server_Storage_us-west1 155307
Put_Azure_us-west1 59843
Put_Thrift_Server_Storage_us-west1 60277
Put_Azure_us-west1 53546
Put_Thrift_Server_Storage_us-west1 54039
Put_Azure_us-west1 78292
Put_Thrift_Server_Storage_us-west1 78595
Put_Azure_us-west1 63083
Put_Thrift_Server_Storage_us-west1 63431
Put_Azure_us-west1 123903
Put_Thrift_Server_Storage_us-west1 124223
Put_Azure_us-west1 74461
Put_Thrift_Server_Storage_us-west1 74837
Put_Azure_us-west1 107631
Put_Thrift_Server_Storage_us-west1 108180
Put_Azure_us-west1 56952
Put_Thrift_Server_Storage_us-west1 57249
Put_Azure_us-west1 56669
Put_Thrift_Server_Storage_us-west1 57056
Put_Azure_us-west1 72224
Put_Thrift_Server_Storage_us-west1 72544
Put_Azure_us-west1 47792
Put_Thrift_Server_Storage_us-west1 48106
Put_Azure_us-west1 74617
Put_Thrift_Server_Storage_us-west1 74899
Put_Azure_us-west1 76134
Put_Thrift_Server_Storage_us-west1 76460
Put_Azure_us-west1 39000
Put_Thrift_Server_Storage_us-west1 39279
Put_Azure_us-west1 49151
Put_Thrift_Server_Storage_us-west1 49733
Put_Azure_us-west1 47305
Put_Thrift_Server_Storage_us-west1 47906
Put_Azure_us-west1 39982
Put_Thrift_Server_Storage_us-west1 40488
Put_Azure_us-west1 41868
Put_Thrift_Server_Storage_us-west1 42418
Put_Azure_us-west1 51005
Put_Thrift_Server_Storage_us-west1 51582
Put_Azure_us-west1 97575
Put_Thrift_Server_Storage_us-west1 98089
Put_Azure_us-west1 46431
Put_Thrift_Server_Storage_us-west1 46840
Put_Azure_us-west1 47204
Put_Thrift_Server_Storage_us-west1 47597
Put_Azure_us-west1 40714
Put_Thrift_Server_Storage_us-west1 41153
Put_Azure_us-west1 47734
Put_Thrift_Server_Storage_us-west1 48051
Put_Azure_us-west1 50696
Put_Thrift_Server_Storage_us-west1 51150
Put_Azure_us-west1 54315
Put_Thrift_Server_Storage_us-west1 54843
Put_Azure_us-west1 57234
Put_Thrift_Server_Storage_us-west1 57706
Put_Azure_us-west1 46050
Put_Thrift_Server_Storage_us-west1 46514
Put_Azure_us-west1 57398
Put_Thrift_Server_Storage_us-west1 57851
Put_Azure_us-west1 71789
Put_Thrift_Server_Storage_us-west1 72176
Put_Azure_us-west1 83281
Put_Thrift_Server_Storage_us-west1 83839
Put_Azure_us-west1 49975
Put_Thrift_Server_Storage_us-west1 50391
Put_Azure_us-west1 64518
Put_Thrift_Server_Storage_us-west1 64909
Put_Azure_us-west1 61534
Put_Thrift_Server_Storage_us-west1 61873
Put_Azure_us-west1 103558
Put_Thrift_Server_Storage_us-west1 104016
Put_Azure_us-west1 43098
Put_Thrift_Server_Storage_us-west1 43579
Put_Azure_us-west1 102900
Put_Thrift_Server_Storage_us-west1 103262
Put_Azure_us-west1 64855
Put_Thrift_Server_Storage_us-west1 65212
Put_Azure_us-west1 58056
Put_Thrift_Server_Storage_us-west1 58534
Put_Azure_us-west1 69340
Put_Thrift_Server_Storage_us-west1 69697
Put_Azure_us-west1 49855
Put_Thrift_Server_Storage_us-west1 50182
Put_Azure_us-west1 45558
Put_Thrift_Server_Storage_us-west1 45913
Put_Azure_us-west1 55122
Put_Thrift_Server_Storage_us-west1 55465
Put_Azure_us-west1 61789
Put_Thrift_Server_Storage_us-west1 62143
Put_Azure_us-west1 61205
Put_Thrift_Server_Storage_us-west1 61589
Put_Azure_us-west1 55721
Put_Thrift_Server_Storage_us-west1 56226
Put_Azure_us-west1 61033
Put_Thrift_Server_Storage_us-west1 61397
Put_Azure_us-west1 60432
Put_Thrift_Server_Storage_us-west1 60741
Put_Azure_us-west1 52562
Put_Thrift_Server_Storage_us-west1 52972
Put_Azure_us-west1 49970
Put_Thrift_Server_Storage_us-west1 50311
Put_Azure_us-west1 54882
Put_Thrift_Server_Storage_us-west1 55407
Put_Azure_us-west1 57131
Put_Thrift_Server_Storage_us-west1 57549
Put_Azure_us-west1 54300
Put_Thrift_Server_Storage_us-west1 54657
Put_Azure_us-west1 60094
Put_Thrift_Server_Storage_us-west1 60470
Put_Azure_us-west1 57618
Put_Thrift_Server_Storage_us-west1 57978
Put_Azure_us-west1 68830
Put_Thrift_Server_Storage_us-west1 69186
Put_Azure_us-west1 73927
Put_Thrift_Server_Storage_us-west1 74276
Put_Azure_us-west1 109655
Put_Thrift_Server_Storage_us-west1 110036
Put_Azure_us-west1 49897
Put_Thrift_Server_Storage_us-west1 50275
Put_Azure_us-west1 42420
Put_Thrift_Server_Storage_us-west1 42838
Put_Azure_us-west1 41082
Put_Thrift_Server_Storage_us-west1 41418
Put_Azure_us-west1 51107
Put_Thrift_Server_Storage_us-west1 51453
Put_Azure_us-west1 55060
Put_Thrift_Server_Storage_us-west1 55418
Put_Azure_us-west1 78035
Put_Thrift_Server_Storage_us-west1 78361
Put_Azure_us-west1 61513
Put_Thrift_Server_Storage_us-west1 61853
Put_Azure_us-west1 47146
Put_Thrift_Server_Storage_us-west1 47464
Put_Azure_us-west1 52453
Put_Thrift_Server_Storage_us-west1 52757
Put_Azure_us-west1 43585
Put_Thrift_Server_Storage_us-west1 44133
Put_Azure_us-west1 48798
Put_Thrift_Server_Storage_us-west1 49094
Put_Azure_us-west1 101801
Put_Thrift_Server_Storage_us-west1 102079
Put_Azure_us-west1 44206
Put_Thrift_Server_Storage_us-west1 44500
Put_Azure_us-west1 49770
Put_Thrift_Server_Storage_us-west1 50082
Put_Azure_us-west1 43664
Put_Thrift_Server_Storage_us-west1 43962
Put_Azure_us-west1 43180
Put_Thrift_Server_Storage_us-west1 43470
Put_Azure_us-west1 55750
Put_Thrift_Server_Storage_us-west1 56084
Put_Azure_us-west1 64893
Put_Thrift_Server_Storage_us-west1 65190
Put_Azure_us-west1 52063
Put_Thrift_Server_Storage_us-west1 52400
Put_Azure_us-west1 40996
Put_Thrift_Server_Storage_us-west1 41321
Put_Azure_us-west1 89342
Put_Thrift_Server_Storage_us-west1 89694
Put_Azure_us-west1 65571
Put_Thrift_Server_Storage_us-west1 65946
Put_Azure_us-west1 41375
Put_Thrift_Server_Storage_us-west1 41689
Put_Azure_us-west1 51212
Put_Thrift_Server_Storage_us-west1 51540
Put_Azure_us-west1 52684
Put_Thrift_Server_Storage_us-west1 53297
Put_Azure_us-west1 55719
Put_Thrift_Server_Storage_us-west1 56092
Put_Azure_us-west1 47781
Put_Thrift_Server_Storage_us-west1 48178
Put_Azure_us-west1 1184229
Put_Thrift_Server_Storage_us-west1 1184878
Put_Azure_us-west1 51679
Put_Thrift_Server_Storage_us-west1 52235
Put_Azure_us-west1 56635
Put_Thrift_Server_Storage_us-west1 56924
Put_Azure_us-west1 49581
Put_Thrift_Server_Storage_us-west1 49884
Put_Azure_us-west1 48013
Put_Thrift_Server_Storage_us-west1 48364
Put_Azure_us-west1 57839
Put_Thrift_Server_Storage_us-west1 58171
Put_Azure_us-west1 48257
Put_Thrift_Server_Storage_us-west1 48663
Put_Azure_us-west1 47860
Put_Thrift_Server_Storage_us-west1 48305
Put_Azure_us-west1 45255
Put_Thrift_Server_Storage_us-west1 45657
Put_Azure_us-west1 83106
Put_Thrift_Server_Storage_us-west1 83451
Put_Azure_us-west1 51955
Put_Thrift_Server_Storage_us-west1 52337
Put_Azure_us-west1 46065
Put_Thrift_Server_Storage_us-west1 46525
Put_Azure_us-west1 47087
Put_Thrift_Server_Storage_us-west1 47469
Put_Azure_us-west1 44260
Put_Thrift_Server_Storage_us-west1 44734
Put_Azure_us-west1 197737
Put_Thrift_Server_Storage_us-west1 198021
Put_Azure_us-west1 55280
Put_Thrift_Server_Storage_us-west1 55767
Put_Azure_us-west1 65893
Put_Thrift_Server_Storage_us-west1 66364
Put_Azure_us-west1 51148
Put_Thrift_Server_Storage_us-west1 51621
Put_Azure_us-west1 52784
Put_Thrift_Server_Storage_us-west1 53204
Put_Azure_us-west1 50609
Put_Thrift_Server_Storage_us-west1 50958
Put_Azure_us-west1 46040
Put_Thrift_Server_Storage_us-west1 46479
Put_Azure_us-west1 89226
Put_Thrift_Server_Storage_us-west1 89555
Put_Azure_us-west1 83443
Put_Thrift_Server_Storage_us-west1 83816
Put_Azure_us-west1 39039
Put_Thrift_Server_Storage_us-west1 39418
Put_Azure_us-west1 48871
Put_Thrift_Server_Storage_us-west1 49219
Put_Azure_us-west1 40167
Put_Thrift_Server_Storage_us-west1 40569
Put_Azure_us-west1 44029
Put_Thrift_Server_Storage_us-west1 44521
Put_Azure_us-west1 81340
Put_Thrift_Server_Storage_us-west1 81672
Put_Azure_us-west1 56091
Put_Thrift_Server_Storage_us-west1 56418
Put_Azure_us-west1 50157
Put_Thrift_Server_Storage_us-west1 50546
Put_Azure_us-west1 99868
Put_Thrift_Server_Storage_us-west1 100200
Put_Azure_us-west1 57293
Put_Thrift_Server_Storage_us-west1 57608
Put_Azure_us-west1 75376
Put_Thrift_Server_Storage_us-west1 75720
Put_Azure_us-west1 61719
Put_Thrift_Server_Storage_us-west1 62114
Put_Azure_us-west1 66742
Put_Thrift_Server_Storage_us-west1 67118
Put_Azure_us-west1 56432
Put_Thrift_Server_Storage_us-west1 56736
Put_Azure_us-west1 67615
Put_Thrift_Server_Storage_us-west1 67992
Put_Azure_us-west1 89595
Put_Thrift_Server_Storage_us-west1 89936
Put_Azure_us-west1 120364
Put_Thrift_Server_Storage_us-west1 120740
Put_Azure_us-west1 88115
Put_Thrift_Server_Storage_us-west1 88447
Put_Azure_us-west1 55185
Put_Thrift_Server_Storage_us-west1 55532
Put_Azure_us-west1 128430
Put_Thrift_Server_Storage_us-west1 128818
Put_Azure_us-west1 84292
Put_Thrift_Server_Storage_us-west1 84652
Put_Azure_us-west1 99940
Put_Thrift_Server_Storage_us-west1 100444
Put_Azure_us-west1 44572
Put_Thrift_Server_Storage_us-west1 44992
Put_Azure_us-west1 66318
Put_Thrift_Server_Storage_us-west1 66630
Put_Azure_us-west1 55597
Put_Thrift_Server_Storage_us-west1 55908
Put_Azure_us-west1 43581
Put_Thrift_Server_Storage_us-west1 43903
Put_Azure_us-west1 50371
Put_Thrift_Server_Storage_us-west1 50955
Put_Azure_us-west1 154975
Put_Thrift_Server_Storage_us-west1 155372
Put_Azure_us-west1 49329
Put_Thrift_Server_Storage_us-west1 49799
Put_Azure_us-west1 62200
Put_Thrift_Server_Storage_us-west1 62552
Put_Azure_us-west1 43253
Put_Thrift_Server_Storage_us-west1 43722
Put_Azure_us-west1 49410
Put_Thrift_Server_Storage_us-west1 49913
Put_Azure_us-west1 94556
Put_Thrift_Server_Storage_us-west1 94936
Put_Azure_us-west1 55055
Put_Thrift_Server_Storage_us-west1 55370
Put_Azure_us-west1 70074
Put_Thrift_Server_Storage_us-west1 70539
Put_Azure_us-west1 63008
Put_Thrift_Server_Storage_us-west1 63434
Put_Azure_us-west1 58220
Put_Thrift_Server_Storage_us-west1 58612
Put_Azure_us-west1 62392
Put_Thrift_Server_Storage_us-west1 62904
Put_Azure_us-west1 64082
Put_Thrift_Server_Storage_us-west1 64559
Put_Azure_us-west1 68368
Put_Thrift_Server_Storage_us-west1 68754
Put_Azure_us-west1 63971
Put_Thrift_Server_Storage_us-west1 64345
Put_Azure_us-west1 46240
Put_Thrift_Server_Storage_us-west1 46565
Put_Azure_us-west1 48036
Put_Thrift_Server_Storage_us-west1 48365
Put_Azure_us-west1 52085
Put_Thrift_Server_Storage_us-west1 52413
Put_Azure_us-west1 64421
Put_Thrift_Server_Storage_us-west1 64727
Put_Azure_us-west1 46755
Put_Thrift_Server_Storage_us-west1 47065
Put_Azure_us-west1 101223
Put_Thrift_Server_Storage_us-west1 101544
Put_Azure_us-west1 79003
Put_Thrift_Server_Storage_us-west1 79338
Put_Azure_us-west1 97139
Put_Thrift_Server_Storage_us-west1 97481
Put_Azure_us-west1 85545
Put_Thrift_Server_Storage_us-west1 85905
Put_Azure_us-west1 57940
Put_Thrift_Server_Storage_us-west1 58287
Put_Azure_us-west1 49443
Put_Thrift_Server_Storage_us-west1 49782
Put_Azure_us-west1 49618
Put_Thrift_Server_Storage_us-west1 49979
Put_Azure_us-west1 82801
Put_Thrift_Server_Storage_us-west1 83160
Put_Azure_us-west1 52249
Put_Thrift_Server_Storage_us-west1 52711
Put_Azure_us-west1 74222
Put_Thrift_Server_Storage_us-west1 74620
Put_Azure_us-west1 80234
Put_Thrift_Server_Storage_us-west1 80609
Put_Azure_us-west1 63166
Put_Thrift_Server_Storage_us-west1 63482
Put_Azure_us-west1 53030
Put_Thrift_Server_Storage_us-west1 53355
Put_Azure_us-west1 50788
Put_Thrift_Server_Storage_us-west1 51078
Put_Azure_us-west1 55503
Put_Thrift_Server_Storage_us-west1 55794
Put_Azure_us-west1 49282
Put_Thrift_Server_Storage_us-west1 49800
Put_Azure_us-west1 50710
Put_Thrift_Server_Storage_us-west1 51044
Put_Azure_us-west1 54447
Put_Thrift_Server_Storage_us-west1 54734
Put_Azure_us-west1 67740
Put_Thrift_Server_Storage_us-west1 68083
Put_Azure_us-west1 79641
Put_Thrift_Server_Storage_us-west1 79964
Put_Azure_us-west1 62312
Put_Thrift_Server_Storage_us-west1 62616
Put_Azure_us-west1 88775
Put_Thrift_Server_Storage_us-west1 89150
Put_Azure_us-west1 78366
Put_Thrift_Server_Storage_us-west1 78674
Put_Azure_us-west1 52482
Put_Thrift_Server_Storage_us-west1 52814
Put_Azure_us-west1 45593
Put_Thrift_Server_Storage_us-west1 45907
Put_Azure_us-west1 59525
Put_Thrift_Server_Storage_us-west1 59830
Put_Azure_us-west1 91160
Put_Thrift_Server_Storage_us-west1 91466
Put_Azure_us-west1 63337
Put_Thrift_Server_Storage_us-west1 63644
Put_Azure_us-west1 71966
Put_Thrift_Server_Storage_us-west1 72294
Put_Azure_us-west1 77401
Put_Thrift_Server_Storage_us-west1 77759
Put_Azure_us-west1 190450
Put_Thrift_Server_Storage_us-west1 190940
Put_Azure_us-west1 79907
Put_Thrift_Server_Storage_us-west1 80381
Put_Azure_us-west1 52422
Put_Thrift_Server_Storage_us-west1 52791
Put_Azure_us-west1 54558
Put_Thrift_Server_Storage_us-west1 54891
Put_Azure_us-west1 70278
Put_Thrift_Server_Storage_us-west1 70774
Put_Azure_us-west1 68860
Put_Thrift_Server_Storage_us-west1 69289
Put_Azure_us-west1 41048
Put_Thrift_Server_Storage_us-west1 41473
Put_Azure_us-west1 58772
Put_Thrift_Server_Storage_us-west1 59298
Put_Azure_us-west1 85486
Put_Thrift_Server_Storage_us-west1 85887
Put_Azure_us-west1 93341
Put_Thrift_Server_Storage_us-west1 93747
Put_Azure_us-west1 52909
Put_Thrift_Server_Storage_us-west1 53443
Put_Azure_us-west1 56302
Put_Thrift_Server_Storage_us-west1 56621
Put_Azure_us-west1 60693
Put_Thrift_Server_Storage_us-west1 61158
Put_Azure_us-west1 53146
Put_Thrift_Server_Storage_us-west1 53734
Put_Azure_us-west1 46441
Put_Thrift_Server_Storage_us-west1 46920
Put_Azure_us-west1 43193
Put_Thrift_Server_Storage_us-west1 43518
Put_Azure_us-west1 53820
Put_Thrift_Server_Storage_us-west1 54195
Put_Azure_us-west1 56785
Put_Thrift_Server_Storage_us-west1 57213
Put_Azure_us-west1 56073
Put_Thrift_Server_Storage_us-west1 56445
Put_Azure_us-west1 77837
Put_Thrift_Server_Storage_us-west1 78191
Put_Azure_us-west1 81926
Put_Thrift_Server_Storage_us-west1 82220
Put_Azure_us-west1 96245
Put_Thrift_Server_Storage_us-west1 96582
Put_Azure_us-west1 66718
Put_Thrift_Server_Storage_us-west1 67089
Put_Azure_us-west1 50807
Put_Thrift_Server_Storage_us-west1 51150
Put_Azure_us-west1 55686
Put_Thrift_Server_Storage_us-west1 56011
Put_Azure_us-west1 66384
Put_Thrift_Server_Storage_us-west1 66779
Put_Azure_us-west1 75328
Put_Thrift_Server_Storage_us-west1 75771
Put_Azure_us-west1 106539
Put_Thrift_Server_Storage_us-west1 106852
Put_Azure_us-west1 56957
Put_Thrift_Server_Storage_us-west1 57318
Put_Azure_us-west1 56948
Put_Thrift_Server_Storage_us-west1 57356
Put_Azure_us-west1 98372
Put_Thrift_Server_Storage_us-west1 98736
Put_Azure_us-west1 53116
Put_Thrift_Server_Storage_us-west1 53596
Put_Azure_us-west1 54950
Put_Thrift_Server_Storage_us-west1 55292
Put_Azure_us-west1 51938
Put_Thrift_Server_Storage_us-west1 52319
Put_Azure_us-west1 45480
Put_Thrift_Server_Storage_us-west1 45829
Put_Azure_us-west1 47937
Put_Thrift_Server_Storage_us-west1 48304
Put_Azure_us-west1 77327
Put_Thrift_Server_Storage_us-west1 77624
Put_Azure_us-west1 61858
Put_Thrift_Server_Storage_us-west1 62295
Put_Azure_us-west1 57682
Put_Thrift_Server_Storage_us-west1 58134
Put_Azure_us-west1 72149
Put_Thrift_Server_Storage_us-west1 72476
Put_Azure_us-west1 109781
Put_Thrift_Server_Storage_us-west1 110101
Put_Azure_us-west1 64350
Put_Thrift_Server_Storage_us-west1 64671
Put_Azure_us-west1 62824
Put_Thrift_Server_Storage_us-west1 63163
Put_Azure_us-west1 54743
Put_Thrift_Server_Storage_us-west1 55081
Put_Azure_us-west1 61770
Put_Thrift_Server_Storage_us-west1 62152
Put_Azure_us-west1 53684
Put_Thrift_Server_Storage_us-west1 54041
Put_Azure_us-west1 41389
Put_Thrift_Server_Storage_us-west1 41758
Put_Azure_us-west1 117540
Put_Thrift_Server_Storage_us-west1 117909
Put_Azure_us-west1 58918
Put_Thrift_Server_Storage_us-west1 59304
Put_Azure_us-west1 58976
Put_Thrift_Server_Storage_us-west1 59338
Put_Azure_us-west1 56528
Put_Thrift_Server_Storage_us-west1 56857
Put_Azure_us-west1 58010
Put_Thrift_Server_Storage_us-west1 58373
Put_Azure_us-west1 70662
Put_Thrift_Server_Storage_us-west1 71003
Put_Azure_us-west1 60828
Put_Thrift_Server_Storage_us-west1 61195
Put_Azure_us-west1 51259
Put_Thrift_Server_Storage_us-west1 51589
Put_Azure_us-west1 125249
Put_Thrift_Server_Storage_us-west1 125545
Put_Azure_us-west1 91951
Put_Thrift_Server_Storage_us-west1 92285
Put_Azure_us-west1 94044
Put_Thrift_Server_Storage_us-west1 94647
Put_Azure_us-west1 46687
Put_Thrift_Server_Storage_us-west1 47069
Put_Azure_us-west1 61899
Put_Thrift_Server_Storage_us-west1 62252
Put_Azure_us-west1 64150
Put_Thrift_Server_Storage_us-west1 64579
Put_Azure_us-west1 73772
Put_Thrift_Server_Storage_us-west1 74100
Put_Azure_us-west1 84575
Put_Thrift_Server_Storage_us-west1 84892
Put_Azure_us-west1 73096
Put_Thrift_Server_Storage_us-west1 73507
Put_Azure_us-west1 113238
Put_Thrift_Server_Storage_us-west1 113585
Put_Azure_us-west1 81453
Put_Thrift_Server_Storage_us-west1 81797
Put_Azure_us-west1 280020
Put_Thrift_Server_Storage_us-west1 280322
Put_Azure_us-west1 45019
Put_Thrift_Server_Storage_us-west1 45370
Put_Azure_us-west1 79565
Put_Thrift_Server_Storage_us-west1 79887
Put_Azure_us-west1 71072
Put_Thrift_Server_Storage_us-west1 71465
Put_Azure_us-west1 63027
Put_Thrift_Server_Storage_us-west1 63495
Put_Azure_us-west1 70965
Put_Thrift_Server_Storage_us-west1 71352
Put_Azure_us-west1 140562
Put_Thrift_Server_Storage_us-west1 140911
Put_Azure_us-west1 45767
Put_Thrift_Server_Storage_us-west1 46196
Put_Azure_us-west1 62744
Put_Thrift_Server_Storage_us-west1 63120
Put_Azure_us-west1 103468
Put_Thrift_Server_Storage_us-west1 103729
Put_Azure_us-west1 59672
Put_Thrift_Server_Storage_us-west1 59977
Put_Azure_us-west1 58219
Put_Thrift_Server_Storage_us-west1 58547
Put_Azure_us-west1 52395
Put_Thrift_Server_Storage_us-west1 52717
Put_Azure_us-west1 72611
Put_Thrift_Server_Storage_us-west1 73027
Put_Azure_us-west1 57374
Put_Thrift_Server_Storage_us-west1 57768
Put_Azure_us-west1 63382
Put_Thrift_Server_Storage_us-west1 63724
Put_Azure_us-west1 59900
Put_Thrift_Server_Storage_us-west1 60200
Put_Azure_us-west1 136615
Put_Thrift_Server_Storage_us-west1 136951
Put_Azure_us-west1 57665
Put_Thrift_Server_Storage_us-west1 57999
Put_Azure_us-west1 59613
Put_Thrift_Server_Storage_us-west1 60035
Put_Azure_us-west1 75603
Put_Thrift_Server_Storage_us-west1 76156
Put_Azure_us-west1 68294
Put_Thrift_Server_Storage_us-west1 68642
Put_Azure_us-west1 68666
Put_Thrift_Server_Storage_us-west1 69086
Put_Azure_us-west1 92262
Put_Thrift_Server_Storage_us-west1 92591
Put_Azure_us-west1 59905
Put_Thrift_Server_Storage_us-west1 60307
Put_Azure_us-west1 60814
Put_Thrift_Server_Storage_us-west1 61134
Put_Azure_us-west1 101394
Put_Thrift_Server_Storage_us-west1 101720
Put_Azure_us-west1 51926
Put_Thrift_Server_Storage_us-west1 52296
Put_Azure_us-west1 61579
Put_Thrift_Server_Storage_us-west1 61963
Put_Azure_us-west1 131006
Put_Thrift_Server_Storage_us-west1 131395
Put_Azure_us-west1 52114
Put_Thrift_Server_Storage_us-west1 52447
Put_Azure_us-west1 110964
Put_Thrift_Server_Storage_us-west1 111313
Put_Azure_us-west1 80663
Put_Thrift_Server_Storage_us-west1 81040
Put_Azure_us-west1 90383
Put_Thrift_Server_Storage_us-west1 90699
Put_Azure_us-west1 59523
Put_Thrift_Server_Storage_us-west1 59878
Put_Azure_us-west1 99934
Put_Thrift_Server_Storage_us-west1 100294
Put_Azure_us-west1 66666
Put_Thrift_Server_Storage_us-west1 66998
Put_Azure_us-west1 52728
Put_Thrift_Server_Storage_us-west1 53050
Put_Azure_us-west1 56043
Put_Thrift_Server_Storage_us-west1 56367
Put_Azure_us-west1 80455
Put_Thrift_Server_Storage_us-west1 80827
Put_Azure_us-west1 138219
Put_Thrift_Server_Storage_us-west1 138573
Put_Azure_us-west1 64513
Put_Thrift_Server_Storage_us-west1 64913
Put_Azure_us-west1 60680
Put_Thrift_Server_Storage_us-west1 61028
Put_Azure_us-west1 62843
Put_Thrift_Server_Storage_us-west1 63275
Put_Azure_us-west1 51262
Put_Thrift_Server_Storage_us-west1 51628
Put_Azure_us-west1 45019
Put_Thrift_Server_Storage_us-west1 45328
Put_Azure_us-west1 66252
Put_Thrift_Server_Storage_us-west1 66625
Put_Azure_us-west1 134666
Put_Thrift_Server_Storage_us-west1 134996
Put_Azure_us-west1 65456
Put_Thrift_Server_Storage_us-west1 65774
Put_Azure_us-west1 49055
Put_Thrift_Server_Storage_us-west1 49381
Put_Azure_us-west1 43629
Put_Thrift_Server_Storage_us-west1 44015
Put_Azure_us-west1 86367
Put_Thrift_Server_Storage_us-west1 86753
Put_Azure_us-west1 74444
Put_Thrift_Server_Storage_us-west1 74818
Put_Azure_us-west1 76714
Put_Thrift_Server_Storage_us-west1 77303
Put_Azure_us-west1 75386
Put_Thrift_Server_Storage_us-west1 75762
Put_Azure_us-west1 74430
Put_Thrift_Server_Storage_us-west1 74741
Put_Azure_us-west1 64015
Put_Thrift_Server_Storage_us-west1 64378
Put_Azure_us-west1 58084
Put_Thrift_Server_Storage_us-west1 58463
Put_Azure_us-west1 49617
Put_Thrift_Server_Storage_us-west1 49916
Put_Azure_us-west1 57403
Put_Thrift_Server_Storage_us-west1 57909
Put_Azure_us-west1 123915
Put_Thrift_Server_Storage_us-west1 124478
Put_Azure_us-west1 118752
Put_Thrift_Server_Storage_us-west1 119213
Put_Azure_us-west1 73559
Put_Thrift_Server_Storage_us-west1 73914
Put_Azure_us-west1 58262
Put_Thrift_Server_Storage_us-west1 58687
Put_Azure_us-west1 56571
Put_Thrift_Server_Storage_us-west1 56910
Put_Azure_us-west1 46829
Put_Thrift_Server_Storage_us-west1 47200
Put_Azure_us-west1 56008
Put_Thrift_Server_Storage_us-west1 56311
Put_Azure_us-west1 68702
Put_Thrift_Server_Storage_us-west1 69004
Put_Azure_us-west1 77120
Put_Thrift_Server_Storage_us-west1 77421
Put_Azure_us-west1 74284
Put_Thrift_Server_Storage_us-west1 74574
Put_Azure_us-west1 47008
Put_Thrift_Server_Storage_us-west1 47350
Put_Azure_us-west1 57989
Put_Thrift_Server_Storage_us-west1 58339
Put_Azure_us-west1 44543
Put_Thrift_Server_Storage_us-west1 44835
Put_Azure_us-west1 56210
Put_Thrift_Server_Storage_us-west1 56537
Put_Azure_us-west1 39860
Put_Thrift_Server_Storage_us-west1 40299
Put_Azure_us-west1 47118
Put_Thrift_Server_Storage_us-west1 47409
Put_Azure_us-west1 49218
Put_Thrift_Server_Storage_us-west1 49516
Put_Azure_us-west1 47764
Put_Thrift_Server_Storage_us-west1 48216
Put_Azure_us-west1 46233
Put_Thrift_Server_Storage_us-west1 46515
Put_Azure_us-west1 50770
Put_Thrift_Server_Storage_us-west1 51089
Put_Azure_us-west1 63236
Put_Thrift_Server_Storage_us-west1 63556
Put_Azure_us-west1 130226
Put_Thrift_Server_Storage_us-west1 130528
Put_Azure_us-west1 50845
Put_Thrift_Server_Storage_us-west1 51170
Put_Azure_us-west1 48276
Put_Thrift_Server_Storage_us-west1 48682
Put_Azure_us-west1 44138
Put_Thrift_Server_Storage_us-west1 44427
Put_Azure_us-west1 39048
Put_Thrift_Server_Storage_us-west1 39365
Put_Azure_us-west1 40937
Put_Thrift_Server_Storage_us-west1 41248
Put_Azure_us-west1 50149
Put_Thrift_Server_Storage_us-west1 50500
Put_Azure_us-west1 47890
Put_Thrift_Server_Storage_us-west1 48182
Put_Azure_us-west1 39925
Put_Thrift_Server_Storage_us-west1 40217
Put_Azure_us-west1 48492
Put_Thrift_Server_Storage_us-west1 48869
Put_Azure_us-west1 90199
Put_Thrift_Server_Storage_us-west1 90505
Put_Azure_us-west1 63562
Put_Thrift_Server_Storage_us-west1 64012
Put_Azure_us-west1 44548
Put_Thrift_Server_Storage_us-west1 44881
Put_Azure_us-west1 43929
Put_Thrift_Server_Storage_us-west1 44277
Put_Azure_us-west1 39784
Put_Thrift_Server_Storage_us-west1 40134
Put_Azure_us-west1 45692
Put_Thrift_Server_Storage_us-west1 46014
Put_Azure_us-west1 43686
Put_Thrift_Server_Storage_us-west1 44025
Put_Azure_us-west1 50234
Put_Thrift_Server_Storage_us-west1 50716
Put_Azure_us-west1 38660
Put_Thrift_Server_Storage_us-west1 38958
Put_Azure_us-west1 39615
Put_Thrift_Server_Storage_us-west1 39998
Put_Azure_us-west1 74761
Put_Thrift_Server_Storage_us-west1 75061
Put_Azure_us-west1 67888
Put_Thrift_Server_Storage_us-west1 68320
Put_Azure_us-west1 49054
Put_Thrift_Server_Storage_us-west1 49301
Put_Azure_us-west1 51832
Put_Thrift_Server_Storage_us-west1 52115
Put_Azure_us-west1 36521
Put_Thrift_Server_Storage_us-west1 36863
Put_Azure_us-west1 71213
Put_Thrift_Server_Storage_us-west1 71622
Put_Azure_us-west1 64487
Put_Thrift_Server_Storage_us-west1 64778
Put_Azure_us-west1 43397
Put_Thrift_Server_Storage_us-west1 43735
Put_Azure_us-west1 40781
Put_Thrift_Server_Storage_us-west1 41086
Put_Azure_us-west1 91395
Put_Thrift_Server_Storage_us-west1 91915
Put_Azure_us-west1 51151
Put_Thrift_Server_Storage_us-west1 51461
Put_Azure_us-west1 45167
Put_Thrift_Server_Storage_us-west1 45461
Put_Azure_us-west1 49766
Put_Thrift_Server_Storage_us-west1 50257
Put_Azure_us-west1 51931
Put_Thrift_Server_Storage_us-west1 52346
Put_Azure_us-west1 55901
Put_Thrift_Server_Storage_us-west1 56262
Put_Azure_us-west1 59246
Put_Thrift_Server_Storage_us-west1 59705
Put_Azure_us-west1 55895
Put_Thrift_Server_Storage_us-west1 56252
Put_Azure_us-west1 48127
Put_Thrift_Server_Storage_us-west1 48426
Put_Azure_us-west1 59121
Put_Thrift_Server_Storage_us-west1 59609
Put_Azure_us-west1 51373
Put_Thrift_Server_Storage_us-west1 51672
Put_Azure_us-west1 49622
Put_Thrift_Server_Storage_us-west1 49943
Put_Azure_us-west1 67635
Put_Thrift_Server_Storage_us-west1 67955
Put_Azure_us-west1 46778
Put_Thrift_Server_Storage_us-west1 47055
Put_Azure_us-west1 53566
Put_Thrift_Server_Storage_us-west1 53867
Put_Azure_us-west1 57721
Put_Thrift_Server_Storage_us-west1 58194
Put_Azure_us-west1 40649
Put_Thrift_Server_Storage_us-west1 41061
Put_Azure_us-west1 140102
Put_Thrift_Server_Storage_us-west1 140388
Put_Azure_us-west1 50334
Put_Thrift_Server_Storage_us-west1 50687
Put_Azure_us-west1 61663
Put_Thrift_Server_Storage_us-west1 61953
Put_Azure_us-west1 103895
Put_Thrift_Server_Storage_us-west1 104217
Put_Azure_us-west1 43946
Put_Thrift_Server_Storage_us-west1 44283
Put_Azure_us-west1 39947
Put_Thrift_Server_Storage_us-west1 40242
Put_Azure_us-west1 53376
Put_Thrift_Server_Storage_us-west1 53863
Put_Azure_us-west1 43165
Put_Thrift_Server_Storage_us-west1 43497
Put_Azure_us-west1 55444
Put_Thrift_Server_Storage_us-west1 55912
Put_Azure_us-west1 42511
Put_Thrift_Server_Storage_us-west1 42819
Put_Azure_us-west1 50580
Put_Thrift_Server_Storage_us-west1 50971
Put_Azure_us-west1 107644
Put_Thrift_Server_Storage_us-west1 107996
Put_Azure_us-west1 39386
Put_Thrift_Server_Storage_us-west1 39702
Put_Azure_us-west1 46605
Put_Thrift_Server_Storage_us-west1 46988
Put_Azure_us-west1 51096
Put_Thrift_Server_Storage_us-west1 51385
Put_Azure_us-west1 61875
Put_Thrift_Server_Storage_us-west1 62302
Put_Azure_us-west1 91128
Put_Thrift_Server_Storage_us-west1 91533
Put_Azure_us-west1 41444
Put_Thrift_Server_Storage_us-west1 41749
Put_Azure_us-west1 56645
Put_Thrift_Server_Storage_us-west1 56970
Put_Azure_us-west1 50625
Put_Thrift_Server_Storage_us-west1 50941
Put_Azure_us-west1 45751
Put_Thrift_Server_Storage_us-west1 46090
Put_Azure_us-west1 65849
Put_Thrift_Server_Storage_us-west1 66157
Put_Azure_us-west1 44302
Put_Thrift_Server_Storage_us-west1 44613
Put_Azure_us-west1 56167
Put_Thrift_Server_Storage_us-west1 56667
Put_Azure_us-west1 139623
Put_Thrift_Server_Storage_us-west1 139919
Put_Azure_us-west1 88256
Put_Thrift_Server_Storage_us-west1 88581
Put_Azure_us-west1 54508
Put_Thrift_Server_Storage_us-west1 54835
Put_Azure_us-west1 68377
Put_Thrift_Server_Storage_us-west1 68702
Put_Azure_us-west1 55965
Put_Thrift_Server_Storage_us-west1 56289
Put_Azure_us-west1 63710
Put_Thrift_Server_Storage_us-west1 64249
Put_Azure_us-west1 44695
Put_Thrift_Server_Storage_us-west1 45236
Put_Azure_us-west1 47673
Put_Thrift_Server_Storage_us-west1 48073
Put_Azure_us-west1 41869
Put_Thrift_Server_Storage_us-west1 42307
Put_Azure_us-west1 58187
Put_Thrift_Server_Storage_us-west1 58511
Put_Azure_us-west1 124845
Put_Thrift_Server_Storage_us-west1 125159
Put_Azure_us-west1 40031
Put_Thrift_Server_Storage_us-west1 40409
Put_Azure_us-west1 48516
Put_Thrift_Server_Storage_us-west1 48930
Put_Azure_us-west1 46066
Put_Thrift_Server_Storage_us-west1 46413
Put_Azure_us-west1 51325
Put_Thrift_Server_Storage_us-west1 51705
Put_Azure_us-west1 61875
Put_Thrift_Server_Storage_us-west1 62267
Put_Azure_us-west1 38699
Put_Thrift_Server_Storage_us-west1 39120
Put_Azure_us-west1 42990
Put_Thrift_Server_Storage_us-west1 43438
Put_Azure_us-west1 36890
Put_Thrift_Server_Storage_us-west1 37388
Put_Azure_us-west1 56927
Put_Thrift_Server_Storage_us-west1 57355
Put_Azure_us-west1 44601
Put_Thrift_Server_Storage_us-west1 44980
Put_Azure_us-west1 46228
Put_Thrift_Server_Storage_us-west1 46645
Put_Azure_us-west1 51610
Put_Thrift_Server_Storage_us-west1 52139
Put_Azure_us-west1 44008
Put_Thrift_Server_Storage_us-west1 44453
Put_Azure_us-west1 66379
Put_Thrift_Server_Storage_us-west1 66756
Put_Azure_us-west1 34660
Put_Thrift_Server_Storage_us-west1 34967
Put_Azure_us-west1 46891
Put_Thrift_Server_Storage_us-west1 47176
Put_Azure_us-west1 39383
Put_Thrift_Server_Storage_us-west1 39685
Put_Azure_us-west1 48551
Put_Thrift_Server_Storage_us-west1 48882
Put_Azure_us-west1 37207
Put_Thrift_Server_Storage_us-west1 37587
Put_Azure_us-west1 38366
Put_Thrift_Server_Storage_us-west1 38764
Put_Azure_us-west1 52384
Put_Thrift_Server_Storage_us-west1 52724
Put_Azure_us-west1 45250
Put_Thrift_Server_Storage_us-west1 45649
Put_Azure_us-west1 42710
Put_Thrift_Server_Storage_us-west1 43043
Put_Azure_us-west1 52579
Put_Thrift_Server_Storage_us-west1 52876
Put_Azure_us-west1 43202
Put_Thrift_Server_Storage_us-west1 43480
Put_Azure_us-west1 50823
Put_Thrift_Server_Storage_us-west1 51229
Put_Azure_us-west1 49249
Put_Thrift_Server_Storage_us-west1 49612
Put_Azure_us-west1 53897
Put_Thrift_Server_Storage_us-west1 54176
Put_Azure_us-west1 53097
Put_Thrift_Server_Storage_us-west1 53440
Put_Azure_us-west1 50534
Put_Thrift_Server_Storage_us-west1 50898
Put_Azure_us-west1 53280
Put_Thrift_Server_Storage_us-west1 53592
Put_Azure_us-west1 104598
Put_Thrift_Server_Storage_us-west1 104961
Put_Azure_us-west1 94745
Put_Thrift_Server_Storage_us-west1 95071
Put_Azure_us-west1 61009
Put_Thrift_Server_Storage_us-west1 61355
Put_Azure_us-west1 59590
Put_Thrift_Server_Storage_us-west1 59947
Put_Azure_us-west1 41312
Put_Thrift_Server_Storage_us-west1 41655
Put_Azure_us-west1 51486
Put_Thrift_Server_Storage_us-west1 51790
Put_Azure_us-west1 90959
Put_Thrift_Server_Storage_us-west1 91340
Put_Azure_us-west1 53555
Put_Thrift_Server_Storage_us-west1 53932
Put_Azure_us-west1 53907
Put_Thrift_Server_Storage_us-west1 54241
Put_Azure_us-west1 59724
Put_Thrift_Server_Storage_us-west1 60097
Put_Azure_us-west1 45881
Put_Thrift_Server_Storage_us-west1 46241
Put_Azure_us-west1 55904
Put_Thrift_Server_Storage_us-west1 56267
Put_Azure_us-west1 43905
Put_Thrift_Server_Storage_us-west1 44227
Put_Azure_us-west1 49020
Put_Thrift_Server_Storage_us-west1 49305
Put_Azure_us-west1 71752
Put_Thrift_Server_Storage_us-west1 72112
Put_Azure_us-west1 59444
Put_Thrift_Server_Storage_us-west1 59756
Put_Azure_us-west1 40035
Put_Thrift_Server_Storage_us-west1 40416
Put_Azure_us-west1 37552
Put_Thrift_Server_Storage_us-west1 37937
Put_Azure_us-west1 49810
Put_Thrift_Server_Storage_us-west1 50233
Put_Azure_us-west1 41406
Put_Thrift_Server_Storage_us-west1 41763
Put_Azure_us-west1 45517
Put_Thrift_Server_Storage_us-west1 45880
Put_Azure_us-west1 69103
Put_Thrift_Server_Storage_us-west1 69435
Put_Azure_us-west1 65381
Put_Thrift_Server_Storage_us-west1 65713
Put_Azure_us-west1 92931
Put_Thrift_Server_Storage_us-west1 93342
Put_Azure_us-west1 53256
Put_Thrift_Server_Storage_us-west1 53630
Put_Azure_us-west1 56596
Put_Thrift_Server_Storage_us-west1 56970
Put_Azure_us-west1 46588
Put_Thrift_Server_Storage_us-west1 46939
Put_Azure_us-west1 65073
Put_Thrift_Server_Storage_us-west1 65427
Put_Azure_us-west1 51904
Put_Thrift_Server_Storage_us-west1 52267
Put_Azure_us-west1 109666
Put_Thrift_Server_Storage_us-west1 110027
Put_Azure_us-west1 45141
Put_Thrift_Server_Storage_us-west1 45554
Put_Azure_us-west1 96009
Put_Thrift_Server_Storage_us-west1 96408
Put_Azure_us-west1 41970
Put_Thrift_Server_Storage_us-west1 42411
Put_Azure_us-west1 46039
Put_Thrift_Server_Storage_us-west1 46382
Put_Azure_us-west1 42716
Put_Thrift_Server_Storage_us-west1 43147
Put_Azure_us-west1 68944
Put_Thrift_Server_Storage_us-west1 69320
Put_Azure_us-west1 41705
Put_Thrift_Server_Storage_us-west1 42071
Put_Azure_us-west1 45065
Put_Thrift_Server_Storage_us-west1 45412
Put_Azure_us-west1 48418
Put_Thrift_Server_Storage_us-west1 48797
Put_Azure_us-west1 91998
Put_Thrift_Server_Storage_us-west1 92393
Put_Azure_us-west1 74947
Put_Thrift_Server_Storage_us-west1 75274
Put_Azure_us-west1 50335
Put_Thrift_Server_Storage_us-west1 50695
Put_Azure_us-west1 48894
Put_Thrift_Server_Storage_us-west1 49250
Put_Azure_us-west1 72533
Put_Thrift_Server_Storage_us-west1 72888
Put_Azure_us-west1 74708
Put_Thrift_Server_Storage_us-west1 75003
Put_Azure_us-west1 51323
Put_Thrift_Server_Storage_us-west1 51644
Put_Azure_us-west1 63329
Put_Thrift_Server_Storage_us-west1 63695
Put_Azure_us-west1 43581
Put_Thrift_Server_Storage_us-west1 43870
Put_Azure_us-west1 73210
Put_Thrift_Server_Storage_us-west1 73565
Put_Azure_us-west1 52564
Put_Thrift_Server_Storage_us-west1 52889
Put_Azure_us-west1 41975
Put_Thrift_Server_Storage_us-west1 42309
Put_Azure_us-west1 41444
Put_Thrift_Server_Storage_us-west1 41835
Put_Azure_us-west1 57425
Put_Thrift_Server_Storage_us-west1 57753
Put_Azure_us-west1 65187
Put_Thrift_Server_Storage_us-west1 65564
Put_Azure_us-west1 55789
Put_Thrift_Server_Storage_us-west1 56205
Put_Azure_us-west1 53787
Put_Thrift_Server_Storage_us-west1 54158
Put_Azure_us-west1 58688
Put_Thrift_Server_Storage_us-west1 58955
Put_Azure_us-west1 48507
Put_Thrift_Server_Storage_us-west1 48827
Put_Azure_us-west1 54841
Put_Thrift_Server_Storage_us-west1 55297
Put_Azure_us-west1 38956
Put_Thrift_Server_Storage_us-west1 39362
Put_Azure_us-west1 46513
Put_Thrift_Server_Storage_us-west1 46798
Put_Azure_us-west1 56485
Put_Thrift_Server_Storage_us-west1 56807
Put_Azure_us-west1 62832
Put_Thrift_Server_Storage_us-west1 63119
Put_Azure_us-west1 45798
Put_Thrift_Server_Storage_us-west1 46148
Put_Azure_us-west1 64158
Put_Thrift_Server_Storage_us-west1 64497
Put_Azure_us-west1 75821
Put_Thrift_Server_Storage_us-west1 76172
Put_Azure_us-west1 93365
Put_Thrift_Server_Storage_us-west1 93709
Put_Azure_us-west1 61641
Put_Thrift_Server_Storage_us-west1 61954
Put_Azure_us-west1 65271
Put_Thrift_Server_Storage_us-west1 65638
Put_Azure_us-west1 46000
Put_Thrift_Server_Storage_us-west1 46319
Put_Azure_us-west1 65658
Put_Thrift_Server_Storage_us-west1 66008
Put_Azure_us-west1 62914
Put_Thrift_Server_Storage_us-west1 63283
Put_Azure_us-west1 41372
Put_Thrift_Server_Storage_us-west1 41876
Put_Azure_us-west1 70104
Put_Thrift_Server_Storage_us-west1 70490
Put_Azure_us-west1 78387
Put_Thrift_Server_Storage_us-west1 78645
Put_Azure_us-west1 73370
Put_Thrift_Server_Storage_us-west1 73657
Put_Azure_us-west1 44386
Put_Thrift_Server_Storage_us-west1 44668
Put_Azure_us-west1 91108
Put_Thrift_Server_Storage_us-west1 91509
Put_Azure_us-west1 47119
Put_Thrift_Server_Storage_us-west1 47401
Put_Azure_us-west1 71819
Put_Thrift_Server_Storage_us-west1 72125
Put_Azure_us-west1 70189
Put_Thrift_Server_Storage_us-west1 70697
Put_Azure_us-west1 45956
Put_Thrift_Server_Storage_us-west1 46221
Put_Azure_us-west1 41400
Put_Thrift_Server_Storage_us-west1 41661
Put_Azure_us-west1 41399
Put_Thrift_Server_Storage_us-west1 41663
Put_Azure_us-west1 40180
Put_Thrift_Server_Storage_us-west1 40433
Put_Azure_us-west1 105132
Put_Thrift_Server_Storage_us-west1 105419
Put_Azure_us-west1 50411
Put_Thrift_Server_Storage_us-west1 50702
Put_Azure_us-west1 77213
Put_Thrift_Server_Storage_us-west1 77485
Put_Azure_us-west1 87550
Put_Thrift_Server_Storage_us-west1 87869
Put_Azure_us-west1 192711
Put_Thrift_Server_Storage_us-west1 192993
Put_Azure_us-west1 47373
Put_Thrift_Server_Storage_us-west1 47687
Put_Azure_us-west1 47983
Put_Thrift_Server_Storage_us-west1 48288
Put_Azure_us-west1 65325
Put_Thrift_Server_Storage_us-west1 65690
Put_Azure_us-west1 49192
Put_Thrift_Server_Storage_us-west1 49570
Put_Azure_us-west1 45367
Put_Thrift_Server_Storage_us-west1 45722
Put_Azure_us-west1 43863
Put_Thrift_Server_Storage_us-west1 44167
Put_Azure_us-west1 45879
Put_Thrift_Server_Storage_us-west1 46201
Put_Azure_us-west1 50254
Put_Thrift_Server_Storage_us-west1 50595
Put_Azure_us-west1 51746
Put_Thrift_Server_Storage_us-west1 52089
Put_Azure_us-west1 74741
Put_Thrift_Server_Storage_us-west1 75097
Put_Azure_us-west1 49454
Put_Thrift_Server_Storage_us-west1 49835
Put_Azure_us-west1 51787
Put_Thrift_Server_Storage_us-west1 52146
Put_Azure_us-west1 68017
Put_Thrift_Server_Storage_us-west1 68383
Put_Azure_us-west1 44593
Put_Thrift_Server_Storage_us-west1 44920
Put_Azure_us-west1 113882
Put_Thrift_Server_Storage_us-west1 114260
Put_Azure_us-west1 111074
Put_Thrift_Server_Storage_us-west1 111431
Put_Azure_us-west1 77558
Put_Thrift_Server_Storage_us-west1 77913
Put_Azure_us-west1 58987
Put_Thrift_Server_Storage_us-west1 59337
Put_Azure_us-west1 48177
Put_Thrift_Server_Storage_us-west1 48549
Put_Azure_us-west1 47347
Put_Thrift_Server_Storage_us-west1 47816
Put_Azure_us-west1 54794
Put_Thrift_Server_Storage_us-west1 55154
Put_Azure_us-west1 51416
Put_Thrift_Server_Storage_us-west1 51794
Put_Azure_us-west1 50886
Put_Thrift_Server_Storage_us-west1 51180
Put_Azure_us-west1 49678
Put_Thrift_Server_Storage_us-west1 50121
Put_Azure_us-west1 37194
Put_Thrift_Server_Storage_us-west1 37497
Put_Azure_us-west1 44297
Put_Thrift_Server_Storage_us-west1 44692
Put_Azure_us-west1 62348
Put_Thrift_Server_Storage_us-west1 62647
Put_Azure_us-west1 38709
Put_Thrift_Server_Storage_us-west1 38948
Put_Azure_us-west1 38664
Put_Thrift_Server_Storage_us-west1 38994
Put_Azure_us-west1 59274
Put_Thrift_Server_Storage_us-west1 59679
Put_Azure_us-west1 67502
Put_Thrift_Server_Storage_us-west1 67873
Put_Azure_us-west1 149660
Put_Thrift_Server_Storage_us-west1 150227
Put_Azure_us-west1 48888
Put_Thrift_Server_Storage_us-west1 49356
Put_Azure_us-west1 55224
Put_Thrift_Server_Storage_us-west1 55670
Put_Azure_us-west1 89571
Put_Thrift_Server_Storage_us-west1 89932
Put_Azure_us-west1 52485
Put_Thrift_Server_Storage_us-west1 52916
Put_Azure_us-west1 68887
Put_Thrift_Server_Storage_us-west1 69285
Put_Azure_us-west1 54806
Put_Thrift_Server_Storage_us-west1 55158
Put_Azure_us-west1 172814
Put_Thrift_Server_Storage_us-west1 173206
Put_Azure_us-west1 47384
Put_Thrift_Server_Storage_us-west1 47825
Put_Azure_us-west1 43378
Put_Thrift_Server_Storage_us-west1 43707
Put_Azure_us-west1 87761
Put_Thrift_Server_Storage_us-west1 88097
Put_Azure_us-west1 64293
Put_Thrift_Server_Storage_us-west1 64644
Put_Azure_us-west1 42049
Put_Thrift_Server_Storage_us-west1 42408
Put_Azure_us-west1 44327
Put_Thrift_Server_Storage_us-west1 44657
Put_Azure_us-west1 107040
Put_Thrift_Server_Storage_us-west1 107442
Put_Azure_us-west1 94006
Put_Thrift_Server_Storage_us-west1 94433
Put_Azure_us-west1 43113
Put_Thrift_Server_Storage_us-west1 43537
Put_Azure_us-west1 59783
Put_Thrift_Server_Storage_us-west1 60159
Put_Azure_us-west1 70636
Put_Thrift_Server_Storage_us-west1 71102
Put_Azure_us-west1 56758
Put_Thrift_Server_Storage_us-west1 57241
Put_Azure_us-west1 54652
Put_Thrift_Server_Storage_us-west1 55118
Put_Azure_us-west1 154872
Put_Thrift_Server_Storage_us-west1 155616
Put_Azure_us-west1 46934
Put_Thrift_Server_Storage_us-west1 47349
Put_Azure_us-west1 47621
Put_Thrift_Server_Storage_us-west1 47965
Put_Azure_us-west1 46414
Put_Thrift_Server_Storage_us-west1 46817
Put_Azure_us-west1 46882
Put_Thrift_Server_Storage_us-west1 47229
Put_Azure_us-west1 63781
Put_Thrift_Server_Storage_us-west1 64100
Put_Azure_us-west1 69547
Put_Thrift_Server_Storage_us-west1 69877
Put_Azure_us-west1 65127
Put_Thrift_Server_Storage_us-west1 65456
Put_Azure_us-west1 49545
Put_Thrift_Server_Storage_us-west1 49869
Put_Azure_us-west1 37291
Put_Thrift_Server_Storage_us-west1 37665
Put_Azure_us-west1 59086
Put_Thrift_Server_Storage_us-west1 59457
Put_Azure_us-west1 74485
Put_Thrift_Server_Storage_us-west1 74849
Put_Azure_us-west1 44134
Put_Thrift_Server_Storage_us-west1 44489
Put_Azure_us-west1 49870
Put_Thrift_Server_Storage_us-west1 50199
Put_Azure_us-west1 106325
Put_Thrift_Server_Storage_us-west1 106778
Put_Azure_us-west1 65769
Put_Thrift_Server_Storage_us-west1 66115
Put_Azure_us-west1 59838
Put_Thrift_Server_Storage_us-west1 60174
Put_Azure_us-west1 45277
Put_Thrift_Server_Storage_us-west1 45729
Put_Azure_us-west1 88242
Put_Thrift_Server_Storage_us-west1 88946
Put_Azure_us-west1 49008
Put_Thrift_Server_Storage_us-west1 49600
Put_Azure_us-west1 43628
Put_Thrift_Server_Storage_us-west1 43960
Put_Azure_us-west1 54011
Put_Thrift_Server_Storage_us-west1 54377
Put_Azure_us-west1 408979
Put_Thrift_Server_Storage_us-west1 409319
Put_Azure_us-west1 56650
Put_Thrift_Server_Storage_us-west1 57004
Put_Azure_us-west1 59651
Put_Thrift_Server_Storage_us-west1 60103
Put_Azure_us-west1 63069
Put_Thrift_Server_Storage_us-west1 63429
Put_Azure_us-west1 54813
Put_Thrift_Server_Storage_us-west1 55207
Put_Azure_us-west1 96392
Put_Thrift_Server_Storage_us-west1 96683
Put_Azure_us-west1 58075
Put_Thrift_Server_Storage_us-west1 58426
Put_Azure_us-west1 74924
Put_Thrift_Server_Storage_us-west1 75224
Put_Azure_us-west1 48581
Put_Thrift_Server_Storage_us-west1 48897
Put_Azure_us-west1 58115
Put_Thrift_Server_Storage_us-west1 58429
Put_Azure_us-west1 50627
Put_Thrift_Server_Storage_us-west1 50958
Put_Azure_us-west1 58015
Put_Thrift_Server_Storage_us-west1 58395
Put_Azure_us-west1 87551
Put_Thrift_Server_Storage_us-west1 87887
Put_Azure_us-west1 48012
Put_Thrift_Server_Storage_us-west1 48297
Put_Azure_us-west1 69993
Put_Thrift_Server_Storage_us-west1 70291
Put_Azure_us-west1 54588
Put_Thrift_Server_Storage_us-west1 55032
Put_Azure_us-west1 46162
Put_Thrift_Server_Storage_us-west1 46461
Put_Azure_us-west1 65692
Put_Thrift_Server_Storage_us-west1 66018
Put_Azure_us-west1 60366
Put_Thrift_Server_Storage_us-west1 60698
Put_Azure_us-west1 61020
Put_Thrift_Server_Storage_us-west1 61327
Put_Azure_us-west1 48985
Put_Thrift_Server_Storage_us-west1 49273
Put_Azure_us-west1 80314
Put_Thrift_Server_Storage_us-west1 80654
Put_Azure_us-west1 48361
Put_Thrift_Server_Storage_us-west1 48723
Put_Azure_us-west1 57684
Put_Thrift_Server_Storage_us-west1 58156
Put_Azure_us-west1 51650
Put_Thrift_Server_Storage_us-west1 52042
Put_Azure_us-west1 85022
Put_Thrift_Server_Storage_us-west1 85305
Put_Azure_us-west1 55931
Put_Thrift_Server_Storage_us-west1 56412
Put_Azure_us-west1 79651
Put_Thrift_Server_Storage_us-west1 80098
Put_Azure_us-west1 90337
Put_Thrift_Server_Storage_us-west1 90723
Put_Azure_us-west1 44720
Put_Thrift_Server_Storage_us-west1 45045
Put_Azure_us-west1 45496
Put_Thrift_Server_Storage_us-west1 45887
Put_Azure_us-west1 50037
Put_Thrift_Server_Storage_us-west1 50407
Put_Azure_us-west1 125347
Put_Thrift_Server_Storage_us-west1 125693
Put_Azure_us-west1 68335
Put_Thrift_Server_Storage_us-west1 68649
Put_Azure_us-west1 89552
Put_Thrift_Server_Storage_us-west1 89884
Put_Azure_us-west1 43956
Put_Thrift_Server_Storage_us-west1 44252
Put_Azure_us-west1 52800
Put_Thrift_Server_Storage_us-west1 53407
Put_Azure_us-west1 83804
Put_Thrift_Server_Storage_us-west1 84260
Put_Azure_us-west1 90328
Put_Thrift_Server_Storage_us-west1 90682
Put_Azure_us-west1 47785
Put_Thrift_Server_Storage_us-west1 48070
Put_Azure_us-west1 62625
Put_Thrift_Server_Storage_us-west1 62936
Put_Azure_us-west1 54537
Put_Thrift_Server_Storage_us-west1 54830
Put_Azure_us-west1 46062
Put_Thrift_Server_Storage_us-west1 46378
Put_Azure_us-west1 52320
Put_Thrift_Server_Storage_us-west1 52657
Put_Azure_us-west1 63789
Put_Thrift_Server_Storage_us-west1 64090
Put_Azure_us-west1 64620
Put_Thrift_Server_Storage_us-west1 65017
Put_Azure_us-west1 50726
Put_Thrift_Server_Storage_us-west1 51060
Put_Azure_us-west1 47941
Put_Thrift_Server_Storage_us-west1 48371
Put_Azure_us-west1 66626
Put_Thrift_Server_Storage_us-west1 66995
Put_Azure_us-west1 54868
Put_Thrift_Server_Storage_us-west1 55250
Put_Azure_us-west1 46684
Put_Thrift_Server_Storage_us-west1 46965
Put_Azure_us-west1 76882
Put_Thrift_Server_Storage_us-west1 77326
Put_Azure_us-west1 32762
Put_Thrift_Server_Storage_us-west1 33061
Put_Azure_us-west1 61148
Put_Thrift_Server_Storage_us-west1 61412
Put_Azure_us-west1 44258
Put_Thrift_Server_Storage_us-west1 44534
Put_Azure_us-west1 52844
Put_Thrift_Server_Storage_us-west1 53157
Put_Azure_us-west1 72318
Put_Thrift_Server_Storage_us-west1 72643
Put_Azure_us-west1 46399
Put_Thrift_Server_Storage_us-west1 46719
Put_Azure_us-west1 40165
Put_Thrift_Server_Storage_us-west1 40477
Put_Azure_us-west1 47241
Put_Thrift_Server_Storage_us-west1 47596
Put_Azure_us-west1 46584
Put_Thrift_Server_Storage_us-west1 46890
Put_Azure_us-west1 57997
Put_Thrift_Server_Storage_us-west1 58348
Put_Azure_us-west1 47809
Put_Thrift_Server_Storage_us-west1 48141
Put_Azure_us-west1 49270
Put_Thrift_Server_Storage_us-west1 49680
Put_Azure_us-west1 50232
Put_Thrift_Server_Storage_us-west1 50581
Put_Azure_us-west1 83518
Put_Thrift_Server_Storage_us-west1 83930
Put_Azure_us-west1 49593
Put_Thrift_Server_Storage_us-west1 49973
Put_Azure_us-west1 61891
Put_Thrift_Server_Storage_us-west1 62312
Put_Azure_us-west1 45354
Put_Thrift_Server_Storage_us-west1 45879
Put_Azure_us-west1 137517
Put_Thrift_Server_Storage_us-west1 137886
Put_Azure_us-west1 46301
Put_Thrift_Server_Storage_us-west1 46682
