Get_Azure_us-central 109489
Get_Thrift_Server_Storage_us-central 109617
Get_Azure_us-central 77234
Get_Thrift_Server_Storage_us-central 77254
Get_Azure_us-central 105647
Get_Thrift_Server_Storage_us-central 105678
Get_Azure_us-central 100376
Get_Thrift_Server_Storage_us-central 100401
Get_Azure_us-central 78400
Get_Thrift_Server_Storage_us-central 78434
Get_Azure_us-central 69551
Get_Thrift_Server_Storage_us-central 69571
Get_Azure_us-central 82973
Get_Thrift_Server_Storage_us-central 83005
Get_Azure_us-central 66294
Get_Thrift_Server_Storage_us-central 66322
Get_Azure_us-central 74154
Get_Thrift_Server_Storage_us-central 74173
Get_Azure_us-central 59296
Get_Thrift_Server_Storage_us-central 59322
Get_Azure_us-central 76920
Get_Thrift_Server_Storage_us-central 76943
Get_Azure_us-central 53467
Get_Thrift_Server_Storage_us-central 53499
Get_Azure_us-central 70605
Get_Thrift_Server_Storage_us-central 70633
Get_Azure_us-central 64557
Get_Thrift_Server_Storage_us-central 64584
Get_Azure_us-central 50324
Get_Thrift_Server_Storage_us-central 50356
Get_Azure_us-central 88634
Get_Thrift_Server_Storage_us-central 88657
Get_Azure_us-central 57040
Get_Thrift_Server_Storage_us-central 57063
Get_Azure_us-central 57045
Get_Thrift_Server_Storage_us-central 57074
Get_Azure_us-central 127993
Get_Thrift_Server_Storage_us-central 128026
Get_Azure_us-central 52532
Get_Thrift_Server_Storage_us-central 52560
Get_Azure_us-central 90087
Get_Thrift_Server_Storage_us-central 90109
Get_Azure_us-central 38537
Get_Thrift_Server_Storage_us-central 38566
Get_Azure_us-central 65423
Get_Thrift_Server_Storage_us-central 65447
Get_Azure_us-central 53830
Get_Thrift_Server_Storage_us-central 53860
Get_Azure_us-central 57581
Get_Thrift_Server_Storage_us-central 57601
Get_Azure_us-central 58992
Get_Thrift_Server_Storage_us-central 59022
Get_Azure_us-central 41034
Get_Thrift_Server_Storage_us-central 41063
Get_Azure_us-central 48465
Get_Thrift_Server_Storage_us-central 48489
Get_Azure_us-central 50848
Get_Thrift_Server_Storage_us-central 50869
Get_Azure_us-central 33999
Get_Thrift_Server_Storage_us-central 34022
Get_Azure_us-central 93942
Get_Thrift_Server_Storage_us-central 93963
Get_Azure_us-central 83016
Get_Thrift_Server_Storage_us-central 83037
Get_Azure_us-central 78924
Get_Thrift_Server_Storage_us-central 78952
Get_Azure_us-central 50435
Get_Thrift_Server_Storage_us-central 50455
Get_Azure_us-central 65750
Get_Thrift_Server_Storage_us-central 65774
Get_Azure_us-central 54649
Get_Thrift_Server_Storage_us-central 54672
Get_Azure_us-central 51874
Get_Thrift_Server_Storage_us-central 51894
Get_Azure_us-central 56904
Get_Thrift_Server_Storage_us-central 56925
Get_Azure_us-central 32206
Get_Thrift_Server_Storage_us-central 32227
Get_Azure_us-central 38249
Get_Thrift_Server_Storage_us-central 38268
Get_Azure_us-central 49426
Get_Thrift_Server_Storage_us-central 49449
Get_Azure_us-central 90229
Get_Thrift_Server_Storage_us-central 90250
Get_Azure_us-central 57466
Get_Thrift_Server_Storage_us-central 57485
Get_Azure_us-central 33973
Get_Thrift_Server_Storage_us-central 34000
Get_Azure_us-central 102634
Get_Thrift_Server_Storage_us-central 102663
Get_Azure_us-central 65575
Get_Thrift_Server_Storage_us-central 65605
Get_Azure_us-central 54580
Get_Thrift_Server_Storage_us-central 54604
Get_Azure_us-central 38069
Get_Thrift_Server_Storage_us-central 38089
Get_Azure_us-central 66047
Get_Thrift_Server_Storage_us-central 66068
Get_Azure_us-central 34709
Get_Thrift_Server_Storage_us-central 34736
Get_Azure_us-central 53469
Get_Thrift_Server_Storage_us-central 53491
Get_Azure_us-central 53265
Get_Thrift_Server_Storage_us-central 53285
Get_Azure_us-central 53471
Get_Thrift_Server_Storage_us-central 53491
Get_Azure_us-central 34391
Get_Thrift_Server_Storage_us-central 34413
Get_Azure_us-central 36397
Get_Thrift_Server_Storage_us-central 36420
Get_Azure_us-central 48531
Get_Thrift_Server_Storage_us-central 48556
Get_Azure_us-central 39420
Get_Thrift_Server_Storage_us-central 39440
Get_Azure_us-central 62034
Get_Thrift_Server_Storage_us-central 62055
Get_Azure_us-central 34443
Get_Thrift_Server_Storage_us-central 34476
Get_Azure_us-central 51594
Get_Thrift_Server_Storage_us-central 51631
Get_Azure_us-central 51131
Get_Thrift_Server_Storage_us-central 51155
Get_Azure_us-central 56472
Get_Thrift_Server_Storage_us-central 56493
Get_Azure_us-central 37648
Get_Thrift_Server_Storage_us-central 37677
Get_Azure_us-central 30804
Get_Thrift_Server_Storage_us-central 30828
Get_Azure_us-central 54190
Get_Thrift_Server_Storage_us-central 54211
Get_Azure_us-central 37740
Get_Thrift_Server_Storage_us-central 37762
Get_Azure_us-central 52449
Get_Thrift_Server_Storage_us-central 52471
Get_Azure_us-central 59423
Get_Thrift_Server_Storage_us-central 59443
Get_Azure_us-central 64907
Get_Thrift_Server_Storage_us-central 64926
Get_Azure_us-central 32891
Get_Thrift_Server_Storage_us-central 32912
Get_Azure_us-central 52072
Get_Thrift_Server_Storage_us-central 52095
Get_Azure_us-central 49382
Get_Thrift_Server_Storage_us-central 49402
Get_Azure_us-central 36358
Get_Thrift_Server_Storage_us-central 36378
Get_Azure_us-central 51927
Get_Thrift_Server_Storage_us-central 51948
Get_Azure_us-central 44460
Get_Thrift_Server_Storage_us-central 44491
Get_Azure_us-central 45608
Get_Thrift_Server_Storage_us-central 45626
Get_Azure_us-central 40061
Get_Thrift_Server_Storage_us-central 40080
Get_Azure_us-central 46970
Get_Thrift_Server_Storage_us-central 46990
Get_Azure_us-central 42905
Get_Thrift_Server_Storage_us-central 42926
Get_Azure_us-central 60681
Get_Thrift_Server_Storage_us-central 60707
Get_Azure_us-central 35318
Get_Thrift_Server_Storage_us-central 35340
Get_Azure_us-central 34746
Get_Thrift_Server_Storage_us-central 34767
Get_Azure_us-central 34160
Get_Thrift_Server_Storage_us-central 34181
Get_Azure_us-central 35765
Get_Thrift_Server_Storage_us-central 35787
Get_Azure_us-central 130097
Get_Thrift_Server_Storage_us-central 130124
Get_Azure_us-central 66265
Get_Thrift_Server_Storage_us-central 66287
Get_Azure_us-central 68715
Get_Thrift_Server_Storage_us-central 68742
Get_Azure_us-central 57191
Get_Thrift_Server_Storage_us-central 57213
Get_Azure_us-central 35813
Get_Thrift_Server_Storage_us-central 35841
Get_Azure_us-central 37919
Get_Thrift_Server_Storage_us-central 37939
Get_Azure_us-central 66680
Get_Thrift_Server_Storage_us-central 66702
Get_Azure_us-central 50991
Get_Thrift_Server_Storage_us-central 51010
Get_Azure_us-central 60489
Get_Thrift_Server_Storage_us-central 60509
Get_Azure_us-central 50107
Get_Thrift_Server_Storage_us-central 50142
Get_Azure_us-central 46498
Get_Thrift_Server_Storage_us-central 46535
Get_Azure_us-central 52156
Get_Thrift_Server_Storage_us-central 52178
Get_Azure_us-central 42970
Get_Thrift_Server_Storage_us-central 42988
Get_Azure_us-central 50926
Get_Thrift_Server_Storage_us-central 50946
Get_Azure_us-central 65212
Get_Thrift_Server_Storage_us-central 65248
Get_Azure_us-central 71880
Get_Thrift_Server_Storage_us-central 71904
Get_Azure_us-central 46312
Get_Thrift_Server_Storage_us-central 46335
Get_Azure_us-central 56886
Get_Thrift_Server_Storage_us-central 56906
Get_Azure_us-central 64198
Get_Thrift_Server_Storage_us-central 64223
Get_Azure_us-central 53452
Get_Thrift_Server_Storage_us-central 53484
Get_Azure_us-central 50704
Get_Thrift_Server_Storage_us-central 50727
Get_Azure_us-central 38876
Get_Thrift_Server_Storage_us-central 38903
Get_Azure_us-central 54216
Get_Thrift_Server_Storage_us-central 54244
Get_Azure_us-central 49272
Get_Thrift_Server_Storage_us-central 49303
Get_Azure_us-central 65235
Get_Thrift_Server_Storage_us-central 65257
Get_Azure_us-central 89924
Get_Thrift_Server_Storage_us-central 89957
Get_Azure_us-central 35905
Get_Thrift_Server_Storage_us-central 35936
Get_Azure_us-central 48718
Get_Thrift_Server_Storage_us-central 48743
Get_Azure_us-central 35979
Get_Thrift_Server_Storage_us-central 36013
Get_Azure_us-central 58764
Get_Thrift_Server_Storage_us-central 58788
Get_Azure_us-central 35718
Get_Thrift_Server_Storage_us-central 35744
Get_Azure_us-central 37518
Get_Thrift_Server_Storage_us-central 37545
Get_Azure_us-central 36266
Get_Thrift_Server_Storage_us-central 36295
Get_Azure_us-central 36739
Get_Thrift_Server_Storage_us-central 36761
Get_Azure_us-central 54676
Get_Thrift_Server_Storage_us-central 54696
Get_Azure_us-central 48977
Get_Thrift_Server_Storage_us-central 49003
Get_Azure_us-central 57322
Get_Thrift_Server_Storage_us-central 57345
Get_Azure_us-central 67013
Get_Thrift_Server_Storage_us-central 67031
Get_Azure_us-central 50249
Get_Thrift_Server_Storage_us-central 50268
Get_Azure_us-central 53322
Get_Thrift_Server_Storage_us-central 53349
Get_Azure_us-central 39075
Get_Thrift_Server_Storage_us-central 39095
Get_Azure_us-central 55000
Get_Thrift_Server_Storage_us-central 55020
Get_Azure_us-central 53379
Get_Thrift_Server_Storage_us-central 53400
Get_Azure_us-central 46667
Get_Thrift_Server_Storage_us-central 46684
Get_Azure_us-central 32350
Get_Thrift_Server_Storage_us-central 32370
Get_Azure_us-central 50806
Get_Thrift_Server_Storage_us-central 50825
Get_Azure_us-central 49982
Get_Thrift_Server_Storage_us-central 50001
Get_Azure_us-central 35364
Get_Thrift_Server_Storage_us-central 35383
Get_Azure_us-central 48964
Get_Thrift_Server_Storage_us-central 48988
Get_Azure_us-central 44582
Get_Thrift_Server_Storage_us-central 44601
Get_Azure_us-central 48391
Get_Thrift_Server_Storage_us-central 48412
Get_Azure_us-central 49103
Get_Thrift_Server_Storage_us-central 49140
Get_Azure_us-central 34521
Get_Thrift_Server_Storage_us-central 34548
Get_Azure_us-central 53965
Get_Thrift_Server_Storage_us-central 53987
Get_Azure_us-central 65308
Get_Thrift_Server_Storage_us-central 65332
Get_Azure_us-central 57403
Get_Thrift_Server_Storage_us-central 57429
Get_Azure_us-central 29506
Get_Thrift_Server_Storage_us-central 29529
Get_Azure_us-central 49363
Get_Thrift_Server_Storage_us-central 49384
Get_Azure_us-central 38497
Get_Thrift_Server_Storage_us-central 38524
Get_Azure_us-central 56219
Get_Thrift_Server_Storage_us-central 56239
Get_Azure_us-central 54218
Get_Thrift_Server_Storage_us-central 54237
Get_Azure_us-central 56218
Get_Thrift_Server_Storage_us-central 56238
Get_Azure_us-central 52911
Get_Thrift_Server_Storage_us-central 52930
Get_Azure_us-central 63611
Get_Thrift_Server_Storage_us-central 63629
Get_Azure_us-central 32879
Get_Thrift_Server_Storage_us-central 32902
Get_Azure_us-central 34122
Get_Thrift_Server_Storage_us-central 34147
Get_Azure_us-central 32132
Get_Thrift_Server_Storage_us-central 32152
Get_Azure_us-central 299872
Get_Thrift_Server_Storage_us-central 299894
Get_Azure_us-central 32170
Get_Thrift_Server_Storage_us-central 32189
Get_Azure_us-central 55245
Get_Thrift_Server_Storage_us-central 55268
Get_Azure_us-central 35723
Get_Thrift_Server_Storage_us-central 35745
Get_Azure_us-central 159361
Get_Thrift_Server_Storage_us-central 159382
Get_Azure_us-central 50025
Get_Thrift_Server_Storage_us-central 50045
Get_Azure_us-central 68199
Get_Thrift_Server_Storage_us-central 68231
Get_Azure_us-central 67813
Get_Thrift_Server_Storage_us-central 67834
Get_Azure_us-central 37314
Get_Thrift_Server_Storage_us-central 37333
Get_Azure_us-central 55631
Get_Thrift_Server_Storage_us-central 55654
Get_Azure_us-central 54243
Get_Thrift_Server_Storage_us-central 54262
Get_Azure_us-central 51967
Get_Thrift_Server_Storage_us-central 51989
Get_Azure_us-central 58885
Get_Thrift_Server_Storage_us-central 58908
Get_Azure_us-central 51878
Get_Thrift_Server_Storage_us-central 51897
Get_Azure_us-central 35464
Get_Thrift_Server_Storage_us-central 35484
Get_Azure_us-central 53753
Get_Thrift_Server_Storage_us-central 53774
Get_Azure_us-central 53604
Get_Thrift_Server_Storage_us-central 53625
Get_Azure_us-central 55720
Get_Thrift_Server_Storage_us-central 55745
Get_Azure_us-central 40899
Get_Thrift_Server_Storage_us-central 40923
Get_Azure_us-central 32373
Get_Thrift_Server_Storage_us-central 32395
Get_Azure_us-central 53667
Get_Thrift_Server_Storage_us-central 53686
Get_Azure_us-central 33497
Get_Thrift_Server_Storage_us-central 33520
Get_Azure_us-central 52275
Get_Thrift_Server_Storage_us-central 52296
Get_Azure_us-central 42862
Get_Thrift_Server_Storage_us-central 42883
Get_Azure_us-central 52171
Get_Thrift_Server_Storage_us-central 52196
Get_Azure_us-central 37907
Get_Thrift_Server_Storage_us-central 37927
Get_Azure_us-central 42397
Get_Thrift_Server_Storage_us-central 42433
Get_Azure_us-central 70191
Get_Thrift_Server_Storage_us-central 70212
Get_Azure_us-central 31732
Get_Thrift_Server_Storage_us-central 31752
Get_Azure_us-central 51173
Get_Thrift_Server_Storage_us-central 51196
Get_Azure_us-central 54861
Get_Thrift_Server_Storage_us-central 54882
Get_Azure_us-central 38742
Get_Thrift_Server_Storage_us-central 38763
Get_Azure_us-central 45570
Get_Thrift_Server_Storage_us-central 45590
Get_Azure_us-central 35637
Get_Thrift_Server_Storage_us-central 35662
Get_Azure_us-central 52414
Get_Thrift_Server_Storage_us-central 52434
Get_Azure_us-central 57584
Get_Thrift_Server_Storage_us-central 57606
Get_Azure_us-central 44869
Get_Thrift_Server_Storage_us-central 44891
Get_Azure_us-central 35386
Get_Thrift_Server_Storage_us-central 35411
Get_Azure_us-central 81898
Get_Thrift_Server_Storage_us-central 81919
Get_Azure_us-central 56748
Get_Thrift_Server_Storage_us-central 56771
Get_Azure_us-central 73330
Get_Thrift_Server_Storage_us-central 73354
Get_Azure_us-central 35339
Get_Thrift_Server_Storage_us-central 35360
Get_Azure_us-central 50102
Get_Thrift_Server_Storage_us-central 50127
Get_Azure_us-central 46640
Get_Thrift_Server_Storage_us-central 46666
Get_Azure_us-central 48298
Get_Thrift_Server_Storage_us-central 48320
Get_Azure_us-central 40843
Get_Thrift_Server_Storage_us-central 40865
Get_Azure_us-central 61307
Get_Thrift_Server_Storage_us-central 61328
Get_Azure_us-central 55881
Get_Thrift_Server_Storage_us-central 55901
Get_Azure_us-central 38441
Get_Thrift_Server_Storage_us-central 38464
Get_Azure_us-central 89509
Get_Thrift_Server_Storage_us-central 89537
Get_Azure_us-central 81374
Get_Thrift_Server_Storage_us-central 81395
Get_Azure_us-central 50905
Get_Thrift_Server_Storage_us-central 50925
Get_Azure_us-central 30994
Get_Thrift_Server_Storage_us-central 31014
Get_Azure_us-central 33535
Get_Thrift_Server_Storage_us-central 33560
Get_Azure_us-central 53410
Get_Thrift_Server_Storage_us-central 53432
Get_Azure_us-central 46063
Get_Thrift_Server_Storage_us-central 46088
Get_Azure_us-central 53390
Get_Thrift_Server_Storage_us-central 53411
Get_Azure_us-central 47030
Get_Thrift_Server_Storage_us-central 47054
Get_Azure_us-central 38763
Get_Thrift_Server_Storage_us-central 38788
Get_Azure_us-central 54741
Get_Thrift_Server_Storage_us-central 54762
Get_Azure_us-central 34477
Get_Thrift_Server_Storage_us-central 34497
Get_Azure_us-central 55915
Get_Thrift_Server_Storage_us-central 55941
Get_Azure_us-central 38901
Get_Thrift_Server_Storage_us-central 38928
Get_Azure_us-central 35363
Get_Thrift_Server_Storage_us-central 35395
Get_Azure_us-central 49640
Get_Thrift_Server_Storage_us-central 49661
Get_Azure_us-central 34453
Get_Thrift_Server_Storage_us-central 34484
Get_Azure_us-central 29068
Get_Thrift_Server_Storage_us-central 29090
Get_Azure_us-central 34767
Get_Thrift_Server_Storage_us-central 34792
Get_Azure_us-central 49136
Get_Thrift_Server_Storage_us-central 49163
Get_Azure_us-central 35905
Get_Thrift_Server_Storage_us-central 35927
Get_Azure_us-central 35565
Get_Thrift_Server_Storage_us-central 35590
Get_Azure_us-central 54625
Get_Thrift_Server_Storage_us-central 54644
Get_Azure_us-central 51145
Get_Thrift_Server_Storage_us-central 51165
Get_Azure_us-central 111654
Get_Thrift_Server_Storage_us-central 111679
Get_Azure_us-central 55197
Get_Thrift_Server_Storage_us-central 55219
Get_Azure_us-central 48615
Get_Thrift_Server_Storage_us-central 48636
Get_Azure_us-central 54979
Get_Thrift_Server_Storage_us-central 55001
Get_Azure_us-central 56829
Get_Thrift_Server_Storage_us-central 56848
Get_Azure_us-central 38762
Get_Thrift_Server_Storage_us-central 38785
Get_Azure_us-central 38360
Get_Thrift_Server_Storage_us-central 38383
Get_Azure_us-central 34895
Get_Thrift_Server_Storage_us-central 34915
Get_Azure_us-central 55725
Get_Thrift_Server_Storage_us-central 55747
Get_Azure_us-central 36806
Get_Thrift_Server_Storage_us-central 36826
Get_Azure_us-central 51919
Get_Thrift_Server_Storage_us-central 51940
Get_Azure_us-central 32145
Get_Thrift_Server_Storage_us-central 32166
Get_Azure_us-central 55431
Get_Thrift_Server_Storage_us-central 55452
Get_Azure_us-central 35836
Get_Thrift_Server_Storage_us-central 35858
Get_Azure_us-central 105035
Get_Thrift_Server_Storage_us-central 105055
Get_Azure_us-central 38483
Get_Thrift_Server_Storage_us-central 38503
Get_Azure_us-central 48093
Get_Thrift_Server_Storage_us-central 48115
Get_Azure_us-central 56487
Get_Thrift_Server_Storage_us-central 56758
Get_Azure_us-central 53512
Get_Thrift_Server_Storage_us-central 53532
Get_Azure_us-central 38549
Get_Thrift_Server_Storage_us-central 38569
Get_Azure_us-central 56280
Get_Thrift_Server_Storage_us-central 56301
Get_Azure_us-central 66611
Get_Thrift_Server_Storage_us-central 66632
Get_Azure_us-central 56142
Get_Thrift_Server_Storage_us-central 56167
Get_Azure_us-central 58029
Get_Thrift_Server_Storage_us-central 58050
Get_Azure_us-central 64808
Get_Thrift_Server_Storage_us-central 64829
Get_Azure_us-central 54695
Get_Thrift_Server_Storage_us-central 54718
Get_Azure_us-central 48402
Get_Thrift_Server_Storage_us-central 48424
Get_Azure_us-central 48417
Get_Thrift_Server_Storage_us-central 48438
Get_Azure_us-central 39456
Get_Thrift_Server_Storage_us-central 39481
Get_Azure_us-central 60013
Get_Thrift_Server_Storage_us-central 60033
Get_Azure_us-central 60776
Get_Thrift_Server_Storage_us-central 60796
Get_Azure_us-central 50101
Get_Thrift_Server_Storage_us-central 50122
Get_Azure_us-central 38195
Get_Thrift_Server_Storage_us-central 38216
Get_Azure_us-central 56396
Get_Thrift_Server_Storage_us-central 56418
Get_Azure_us-central 53701
Get_Thrift_Server_Storage_us-central 53723
Get_Azure_us-central 60659
Get_Thrift_Server_Storage_us-central 60679
Get_Azure_us-central 39171
Get_Thrift_Server_Storage_us-central 39196
Get_Azure_us-central 54762
Get_Thrift_Server_Storage_us-central 54783
Get_Azure_us-central 37163
Get_Thrift_Server_Storage_us-central 37190
Get_Azure_us-central 38640
Get_Thrift_Server_Storage_us-central 38659
Get_Azure_us-central 61360
Get_Thrift_Server_Storage_us-central 61378
Get_Azure_us-central 59128
Get_Thrift_Server_Storage_us-central 59153
Get_Azure_us-central 46972
Get_Thrift_Server_Storage_us-central 46998
Get_Azure_us-central 37058
Get_Thrift_Server_Storage_us-central 37078
Get_Azure_us-central 56211
Get_Thrift_Server_Storage_us-central 56233
Get_Azure_us-central 30346
Get_Thrift_Server_Storage_us-central 30369
Get_Azure_us-central 48179
Get_Thrift_Server_Storage_us-central 48202
Get_Azure_us-central 39588
Get_Thrift_Server_Storage_us-central 39614
Get_Azure_us-central 57191
Get_Thrift_Server_Storage_us-central 57223
Get_Azure_us-central 75196
Get_Thrift_Server_Storage_us-central 75217
Get_Azure_us-central 52479
Get_Thrift_Server_Storage_us-central 52498
Get_Azure_us-central 64828
Get_Thrift_Server_Storage_us-central 64849
Get_Azure_us-central 35555
Get_Thrift_Server_Storage_us-central 35580
Get_Azure_us-central 60117
Get_Thrift_Server_Storage_us-central 60139
Get_Azure_us-central 42442
Get_Thrift_Server_Storage_us-central 42463
Get_Azure_us-central 46573
Get_Thrift_Server_Storage_us-central 46596
Get_Azure_us-central 50666
Get_Thrift_Server_Storage_us-central 50688
Get_Azure_us-central 56289
Get_Thrift_Server_Storage_us-central 56311
Get_Azure_us-central 53336
Get_Thrift_Server_Storage_us-central 53360
Get_Azure_us-central 36675
Get_Thrift_Server_Storage_us-central 36697
Get_Azure_us-central 52692
Get_Thrift_Server_Storage_us-central 52715
Get_Azure_us-central 38093
Get_Thrift_Server_Storage_us-central 38116
Get_Azure_us-central 38539
Get_Thrift_Server_Storage_us-central 38564
Get_Azure_us-central 51225
Get_Thrift_Server_Storage_us-central 51249
Get_Azure_us-central 40780
Get_Thrift_Server_Storage_us-central 40801
Get_Azure_us-central 37153
Get_Thrift_Server_Storage_us-central 37173
Get_Azure_us-central 52223
Get_Thrift_Server_Storage_us-central 52247
Get_Azure_us-central 50993
Get_Thrift_Server_Storage_us-central 51014
Get_Azure_us-central 37805
Get_Thrift_Server_Storage_us-central 37836
Get_Azure_us-central 38559
Get_Thrift_Server_Storage_us-central 38579
Get_Azure_us-central 50882
Get_Thrift_Server_Storage_us-central 50903
Get_Azure_us-central 93738
Get_Thrift_Server_Storage_us-central 93772
Get_Azure_us-central 34710
Get_Thrift_Server_Storage_us-central 34738
Get_Azure_us-central 54117
Get_Thrift_Server_Storage_us-central 54141
Get_Azure_us-central 58484
Get_Thrift_Server_Storage_us-central 58506
Get_Azure_us-central 136553
Get_Thrift_Server_Storage_us-central 136582
Get_Azure_us-central 78143
Get_Thrift_Server_Storage_us-central 78173
Get_Azure_us-central 46020
Get_Thrift_Server_Storage_us-central 46044
Get_Azure_us-central 48415
Get_Thrift_Server_Storage_us-central 48437
Get_Azure_us-central 47316
Get_Thrift_Server_Storage_us-central 47340
Get_Azure_us-central 58735
Get_Thrift_Server_Storage_us-central 58758
Get_Azure_us-central 37213
Get_Thrift_Server_Storage_us-central 37234
Get_Azure_us-central 54373
Get_Thrift_Server_Storage_us-central 54395
Get_Azure_us-central 58857
Get_Thrift_Server_Storage_us-central 58886
Get_Azure_us-central 55143
Get_Thrift_Server_Storage_us-central 55169
Get_Azure_us-central 42545
Get_Thrift_Server_Storage_us-central 42567
Get_Azure_us-central 49518
Get_Thrift_Server_Storage_us-central 49541
Get_Azure_us-central 59242
Get_Thrift_Server_Storage_us-central 59270
Get_Azure_us-central 58082
Get_Thrift_Server_Storage_us-central 58103
Get_Azure_us-central 41333
Get_Thrift_Server_Storage_us-central 41353
Get_Azure_us-central 53168
Get_Thrift_Server_Storage_us-central 53187
Get_Azure_us-central 38574
Get_Thrift_Server_Storage_us-central 38593
Get_Azure_us-central 67879
Get_Thrift_Server_Storage_us-central 67900
Get_Azure_us-central 34784
Get_Thrift_Server_Storage_us-central 34803
Get_Azure_us-central 65959
Get_Thrift_Server_Storage_us-central 65979
Get_Azure_us-central 36211
Get_Thrift_Server_Storage_us-central 36232
Get_Azure_us-central 42805
Get_Thrift_Server_Storage_us-central 42827
Get_Azure_us-central 34187
Get_Thrift_Server_Storage_us-central 34212
Get_Azure_us-central 40500
Get_Thrift_Server_Storage_us-central 40519
Get_Azure_us-central 48579
Get_Thrift_Server_Storage_us-central 48600
Get_Azure_us-central 53211
Get_Thrift_Server_Storage_us-central 53231
Get_Azure_us-central 33867
Get_Thrift_Server_Storage_us-central 33887
Get_Azure_us-central 35212
Get_Thrift_Server_Storage_us-central 35234
Get_Azure_us-central 33636
Get_Thrift_Server_Storage_us-central 33659
Get_Azure_us-central 56067
Get_Thrift_Server_Storage_us-central 56090
Get_Azure_us-central 37116
Get_Thrift_Server_Storage_us-central 37138
Get_Azure_us-central 80380
Get_Thrift_Server_Storage_us-central 80401
Get_Azure_us-central 36773
Get_Thrift_Server_Storage_us-central 36794
Get_Azure_us-central 46020
Get_Thrift_Server_Storage_us-central 46047
Get_Azure_us-central 44980
Get_Thrift_Server_Storage_us-central 44999
Get_Azure_us-central 50928
Get_Thrift_Server_Storage_us-central 50948
Get_Azure_us-central 38127
Get_Thrift_Server_Storage_us-central 38147
Get_Azure_us-central 52349
Get_Thrift_Server_Storage_us-central 52368
Get_Azure_us-central 58539
Get_Thrift_Server_Storage_us-central 58558
Get_Azure_us-central 55501
Get_Thrift_Server_Storage_us-central 55525
Get_Azure_us-central 61445
Get_Thrift_Server_Storage_us-central 61465
Get_Azure_us-central 70186
Get_Thrift_Server_Storage_us-central 70205
Get_Azure_us-central 58151
Get_Thrift_Server_Storage_us-central 58172
Get_Azure_us-central 30983
Get_Thrift_Server_Storage_us-central 31003
Get_Azure_us-central 63550
Get_Thrift_Server_Storage_us-central 63568
Get_Azure_us-central 30885
Get_Thrift_Server_Storage_us-central 30904
Get_Azure_us-central 70316
Get_Thrift_Server_Storage_us-central 70334
Get_Azure_us-central 48024
Get_Thrift_Server_Storage_us-central 48044
Get_Azure_us-central 40258
Get_Thrift_Server_Storage_us-central 40282
Get_Azure_us-central 32448
Get_Thrift_Server_Storage_us-central 32470
Get_Azure_us-central 48433
Get_Thrift_Server_Storage_us-central 48453
Get_Azure_us-central 49461
Get_Thrift_Server_Storage_us-central 49488
Get_Azure_us-central 35984
Get_Thrift_Server_Storage_us-central 36012
Get_Azure_us-central 32763
Get_Thrift_Server_Storage_us-central 32786
Get_Azure_us-central 54698
Get_Thrift_Server_Storage_us-central 54724
Get_Azure_us-central 45997
Get_Thrift_Server_Storage_us-central 46022
Get_Azure_us-central 35216
Get_Thrift_Server_Storage_us-central 35234
Get_Azure_us-central 31111
Get_Thrift_Server_Storage_us-central 31131
Get_Azure_us-central 36301
Get_Thrift_Server_Storage_us-central 36321
Get_Azure_us-central 43401
Get_Thrift_Server_Storage_us-central 43421
Get_Azure_us-central 32793
Get_Thrift_Server_Storage_us-central 32814
Get_Azure_us-central 44421
Get_Thrift_Server_Storage_us-central 44447
Get_Azure_us-central 33249
Get_Thrift_Server_Storage_us-central 33270
Get_Azure_us-central 53307
Get_Thrift_Server_Storage_us-central 53328
Get_Azure_us-central 58444
Get_Thrift_Server_Storage_us-central 58469
Get_Azure_us-central 35486
Get_Thrift_Server_Storage_us-central 35507
Get_Azure_us-central 39640
Get_Thrift_Server_Storage_us-central 39662
Get_Azure_us-central 45326
Get_Thrift_Server_Storage_us-central 45350
Get_Azure_us-central 53025
Get_Thrift_Server_Storage_us-central 53048
Get_Azure_us-central 43976
Get_Thrift_Server_Storage_us-central 43996
Get_Azure_us-central 52336
Get_Thrift_Server_Storage_us-central 52356
Get_Azure_us-central 55132
Get_Thrift_Server_Storage_us-central 55151
Get_Azure_us-central 40116
Get_Thrift_Server_Storage_us-central 40135
Get_Azure_us-central 54352
Get_Thrift_Server_Storage_us-central 54370
Get_Azure_us-central 35811
Get_Thrift_Server_Storage_us-central 35831
Get_Azure_us-central 70514
Get_Thrift_Server_Storage_us-central 70543
Get_Azure_us-central 207102
Get_Thrift_Server_Storage_us-central 207128
Get_Azure_us-central 47566
Get_Thrift_Server_Storage_us-central 47586
Get_Azure_us-central 54424
Get_Thrift_Server_Storage_us-central 54445
Get_Azure_us-central 76318
Get_Thrift_Server_Storage_us-central 76341
Get_Azure_us-central 48712
Get_Thrift_Server_Storage_us-central 48729
Get_Azure_us-central 53910
Get_Thrift_Server_Storage_us-central 53937
Get_Azure_us-central 36724
Get_Thrift_Server_Storage_us-central 36744
Get_Azure_us-central 32172
Get_Thrift_Server_Storage_us-central 32203
Get_Azure_us-central 38389
Get_Thrift_Server_Storage_us-central 38412
Get_Azure_us-central 56362
Get_Thrift_Server_Storage_us-central 56384
Get_Azure_us-central 47803
Get_Thrift_Server_Storage_us-central 47825
Get_Azure_us-central 34736
Get_Thrift_Server_Storage_us-central 34759
Get_Azure_us-central 47689
Get_Thrift_Server_Storage_us-central 47708
Get_Azure_us-central 37042
Get_Thrift_Server_Storage_us-central 37067
Get_Azure_us-central 41052
Get_Thrift_Server_Storage_us-central 41077
Get_Azure_us-central 36871
Get_Thrift_Server_Storage_us-central 36890
Get_Azure_us-central 54731
Get_Thrift_Server_Storage_us-central 54752
Get_Azure_us-central 48523
Get_Thrift_Server_Storage_us-central 48557
Get_Azure_us-central 55149
Get_Thrift_Server_Storage_us-central 55175
Get_Azure_us-central 51440
Get_Thrift_Server_Storage_us-central 51483
Get_Azure_us-central 45239
Get_Thrift_Server_Storage_us-central 45263
Get_Azure_us-central 59712
Get_Thrift_Server_Storage_us-central 59741
Get_Azure_us-central 61277
Get_Thrift_Server_Storage_us-central 61296
Get_Azure_us-central 54840
Get_Thrift_Server_Storage_us-central 54863
Get_Azure_us-central 37587
Get_Thrift_Server_Storage_us-central 37626
Get_Azure_us-central 36969
Get_Thrift_Server_Storage_us-central 36993
Get_Azure_us-central 80331
Get_Thrift_Server_Storage_us-central 80356
Get_Azure_us-central 56690
Get_Thrift_Server_Storage_us-central 56712
Get_Azure_us-central 52970
Get_Thrift_Server_Storage_us-central 52997
Get_Azure_us-central 54474
Get_Thrift_Server_Storage_us-central 54500
Get_Azure_us-central 40673
Get_Thrift_Server_Storage_us-central 40695
Get_Azure_us-central 52539
Get_Thrift_Server_Storage_us-central 52571
Get_Azure_us-central 39067
Get_Thrift_Server_Storage_us-central 39097
Get_Azure_us-central 87036
Get_Thrift_Server_Storage_us-central 87068
Get_Azure_us-central 56963
Get_Thrift_Server_Storage_us-central 56998
Get_Azure_us-central 82037
Get_Thrift_Server_Storage_us-central 82057
Get_Azure_us-central 47105
Get_Thrift_Server_Storage_us-central 47126
Get_Azure_us-central 55627
Get_Thrift_Server_Storage_us-central 55651
Get_Azure_us-central 57191
Get_Thrift_Server_Storage_us-central 57226
Get_Azure_us-central 62809
Get_Thrift_Server_Storage_us-central 62831
Get_Azure_us-central 63451
Get_Thrift_Server_Storage_us-central 63472
Get_Azure_us-central 32411
Get_Thrift_Server_Storage_us-central 32431
Get_Azure_us-central 34367
Get_Thrift_Server_Storage_us-central 34389
Get_Azure_us-central 48120
Get_Thrift_Server_Storage_us-central 48140
Get_Azure_us-central 40247
Get_Thrift_Server_Storage_us-central 40268
Get_Azure_us-central 60486
Get_Thrift_Server_Storage_us-central 60506
Get_Azure_us-central 36807
Get_Thrift_Server_Storage_us-central 36830
Get_Azure_us-central 71679
Get_Thrift_Server_Storage_us-central 71700
Get_Azure_us-central 35035
Get_Thrift_Server_Storage_us-central 35060
Get_Azure_us-central 47315
Get_Thrift_Server_Storage_us-central 47333
Get_Azure_us-central 37753
Get_Thrift_Server_Storage_us-central 37779
Get_Azure_us-central 34432
Get_Thrift_Server_Storage_us-central 34461
Get_Azure_us-central 31908
Get_Thrift_Server_Storage_us-central 31937
Get_Azure_us-central 31243
Get_Thrift_Server_Storage_us-central 31265
Get_Azure_us-central 54188
Get_Thrift_Server_Storage_us-central 54209
Get_Azure_us-central 47320
Get_Thrift_Server_Storage_us-central 47340
Get_Azure_us-central 44959
Get_Thrift_Server_Storage_us-central 44981
Get_Azure_us-central 40578
Get_Thrift_Server_Storage_us-central 40604
Get_Azure_us-central 37161
Get_Thrift_Server_Storage_us-central 37184
Get_Azure_us-central 52527
Get_Thrift_Server_Storage_us-central 52558
Get_Azure_us-central 59983
Get_Thrift_Server_Storage_us-central 60011
Get_Azure_us-central 53430
Get_Thrift_Server_Storage_us-central 53459
Get_Azure_us-central 34951
Get_Thrift_Server_Storage_us-central 34971
Get_Azure_us-central 34323
Get_Thrift_Server_Storage_us-central 34344
Get_Azure_us-central 49181
Get_Thrift_Server_Storage_us-central 49198
Get_Azure_us-central 52516
Get_Thrift_Server_Storage_us-central 52544
Get_Azure_us-central 70355
Get_Thrift_Server_Storage_us-central 70375
Get_Azure_us-central 31417
Get_Thrift_Server_Storage_us-central 31437
Get_Azure_us-central 33458
Get_Thrift_Server_Storage_us-central 33477
Get_Azure_us-central 53577
Get_Thrift_Server_Storage_us-central 53600
Get_Azure_us-central 37442
Get_Thrift_Server_Storage_us-central 37465
Get_Azure_us-central 35402
Get_Thrift_Server_Storage_us-central 35427
Get_Azure_us-central 83708
Get_Thrift_Server_Storage_us-central 83734
Get_Azure_us-central 86049
Get_Thrift_Server_Storage_us-central 86073
Get_Azure_us-central 56348
Get_Thrift_Server_Storage_us-central 56370
Get_Azure_us-central 58980
Get_Thrift_Server_Storage_us-central 59003
Get_Azure_us-central 48920
Get_Thrift_Server_Storage_us-central 48947
Get_Azure_us-central 98967
Get_Thrift_Server_Storage_us-central 98991
Get_Azure_us-central 52645
Get_Thrift_Server_Storage_us-central 52671
Get_Azure_us-central 33738
Get_Thrift_Server_Storage_us-central 33761
Get_Azure_us-central 33763
Get_Thrift_Server_Storage_us-central 33794
Get_Azure_us-central 63205
Get_Thrift_Server_Storage_us-central 63228
Get_Azure_us-central 32262
Get_Thrift_Server_Storage_us-central 32285
Get_Azure_us-central 49526
Get_Thrift_Server_Storage_us-central 49551
Get_Azure_us-central 35462
Get_Thrift_Server_Storage_us-central 35486
Get_Azure_us-central 54591
Get_Thrift_Server_Storage_us-central 54614
Get_Azure_us-central 59859
Get_Thrift_Server_Storage_us-central 59884
Get_Azure_us-central 35961
Get_Thrift_Server_Storage_us-central 35985
Get_Azure_us-central 53474
Get_Thrift_Server_Storage_us-central 53501
Get_Azure_us-central 36382
Get_Thrift_Server_Storage_us-central 36402
Get_Azure_us-central 77698
Get_Thrift_Server_Storage_us-central 77720
Get_Azure_us-central 33195
Get_Thrift_Server_Storage_us-central 33215
Get_Azure_us-central 64989
Get_Thrift_Server_Storage_us-central 65011
Get_Azure_us-central 34120
Get_Thrift_Server_Storage_us-central 34139
Get_Azure_us-central 54883
Get_Thrift_Server_Storage_us-central 54906
Get_Azure_us-central 35405
Get_Thrift_Server_Storage_us-central 35424
Get_Azure_us-central 162405
Get_Thrift_Server_Storage_us-central 162426
Get_Azure_us-central 38270
Get_Thrift_Server_Storage_us-central 38293
Get_Azure_us-central 58295
Get_Thrift_Server_Storage_us-central 58330
Get_Azure_us-central 50466
Get_Thrift_Server_Storage_us-central 50488
Get_Azure_us-central 29876
Get_Thrift_Server_Storage_us-central 29900
Get_Azure_us-central 47888
Get_Thrift_Server_Storage_us-central 47906
Get_Azure_us-central 108868
Get_Thrift_Server_Storage_us-central 108889
Get_Azure_us-central 63451
Get_Thrift_Server_Storage_us-central 63470
Get_Azure_us-central 55093
Get_Thrift_Server_Storage_us-central 55123
Get_Azure_us-central 96104
Get_Thrift_Server_Storage_us-central 96124
Get_Azure_us-central 37555
Get_Thrift_Server_Storage_us-central 37574
Get_Azure_us-central 32351
Get_Thrift_Server_Storage_us-central 32371
Get_Azure_us-central 34830
Get_Thrift_Server_Storage_us-central 34850
Get_Azure_us-central 53964
Get_Thrift_Server_Storage_us-central 53985
Get_Azure_us-central 46185
Get_Thrift_Server_Storage_us-central 46207
Get_Azure_us-central 32904
Get_Thrift_Server_Storage_us-central 32924
Get_Azure_us-central 29908
Get_Thrift_Server_Storage_us-central 29931
Get_Azure_us-central 61022
Get_Thrift_Server_Storage_us-central 61043
Get_Azure_us-central 53469
Get_Thrift_Server_Storage_us-central 53491
Get_Azure_us-central 63521
Get_Thrift_Server_Storage_us-central 63542
Get_Azure_us-central 49176
Get_Thrift_Server_Storage_us-central 49203
Get_Azure_us-central 53646
Get_Thrift_Server_Storage_us-central 53666
Get_Azure_us-central 113866
Get_Thrift_Server_Storage_us-central 113890
Get_Azure_us-central 88682
Get_Thrift_Server_Storage_us-central 88703
Get_Azure_us-central 47815
Get_Thrift_Server_Storage_us-central 47836
Get_Azure_us-central 73534
Get_Thrift_Server_Storage_us-central 73558
Get_Azure_us-central 68205
Get_Thrift_Server_Storage_us-central 68239
Get_Azure_us-central 55940
Get_Thrift_Server_Storage_us-central 55962
Get_Azure_us-central 40301
Get_Thrift_Server_Storage_us-central 40329
Get_Azure_us-central 47192
Get_Thrift_Server_Storage_us-central 47234
Get_Azure_us-central 96068
Get_Thrift_Server_Storage_us-central 96091
Get_Azure_us-central 35418
Get_Thrift_Server_Storage_us-central 35440
Get_Azure_us-central 51059
Get_Thrift_Server_Storage_us-central 51083
Get_Azure_us-central 69157
Get_Thrift_Server_Storage_us-central 69188
Get_Azure_us-central 57060
Get_Thrift_Server_Storage_us-central 57088
Get_Azure_us-central 54469
Get_Thrift_Server_Storage_us-central 54492
Get_Azure_us-central 58194
Get_Thrift_Server_Storage_us-central 58226
Get_Azure_us-central 53555
Get_Thrift_Server_Storage_us-central 53579
Get_Azure_us-central 52712
Get_Thrift_Server_Storage_us-central 52735
Get_Azure_us-central 58363
Get_Thrift_Server_Storage_us-central 58388
Get_Azure_us-central 48325
Get_Thrift_Server_Storage_us-central 48356
Get_Azure_us-central 54931
Get_Thrift_Server_Storage_us-central 54961
Get_Azure_us-central 47964
Get_Thrift_Server_Storage_us-central 47986
Get_Azure_us-central 58379
Get_Thrift_Server_Storage_us-central 58401
Get_Azure_us-central 50224
Get_Thrift_Server_Storage_us-central 50243
Get_Azure_us-central 37337
Get_Thrift_Server_Storage_us-central 37357
Get_Azure_us-central 56450
Get_Thrift_Server_Storage_us-central 56471
Get_Azure_us-central 55558
Get_Thrift_Server_Storage_us-central 55581
Get_Azure_us-central 73388
Get_Thrift_Server_Storage_us-central 73417
Get_Azure_us-central 40313
Get_Thrift_Server_Storage_us-central 40335
Get_Azure_us-central 56196
Get_Thrift_Server_Storage_us-central 56218
Get_Azure_us-central 53082
Get_Thrift_Server_Storage_us-central 53102
Get_Azure_us-central 91849
Get_Thrift_Server_Storage_us-central 91878
Get_Azure_us-central 33135
Get_Thrift_Server_Storage_us-central 33157
Get_Azure_us-central 49383
Get_Thrift_Server_Storage_us-central 49403
Get_Azure_us-central 49271
Get_Thrift_Server_Storage_us-central 49304
Get_Azure_us-central 40400
Get_Thrift_Server_Storage_us-central 40428
Get_Azure_us-central 53215
Get_Thrift_Server_Storage_us-central 53237
Get_Azure_us-central 49929
Get_Thrift_Server_Storage_us-central 49951
Get_Azure_us-central 41529
Get_Thrift_Server_Storage_us-central 41550
Get_Azure_us-central 347534
Get_Thrift_Server_Storage_us-central 347559
Get_Azure_us-central 198298
Get_Thrift_Server_Storage_us-central 198323
Get_Azure_us-central 47369
Get_Thrift_Server_Storage_us-central 47394
Get_Azure_us-central 51909
Get_Thrift_Server_Storage_us-central 51932
Get_Azure_us-central 55538
Get_Thrift_Server_Storage_us-central 55563
Get_Azure_us-central 37536
Get_Thrift_Server_Storage_us-central 37557
Get_Azure_us-central 34704
Get_Thrift_Server_Storage_us-central 34724
Get_Azure_us-central 33230
Get_Thrift_Server_Storage_us-central 33263
Get_Azure_us-central 37160
Get_Thrift_Server_Storage_us-central 37181
Get_Azure_us-central 60133
Get_Thrift_Server_Storage_us-central 60155
Get_Azure_us-central 67776
Get_Thrift_Server_Storage_us-central 67802
Get_Azure_us-central 54720
Get_Thrift_Server_Storage_us-central 54741
Get_Azure_us-central 46998
Get_Thrift_Server_Storage_us-central 47018
Get_Azure_us-central 57693
Get_Thrift_Server_Storage_us-central 57719
Get_Azure_us-central 34928
Get_Thrift_Server_Storage_us-central 34950
Get_Azure_us-central 34017
Get_Thrift_Server_Storage_us-central 34039
Get_Azure_us-central 66306
Get_Thrift_Server_Storage_us-central 66327
Get_Azure_us-central 35213
Get_Thrift_Server_Storage_us-central 35234
Get_Azure_us-central 31118
Get_Thrift_Server_Storage_us-central 31140
Get_Azure_us-central 54425
Get_Thrift_Server_Storage_us-central 54444
Get_Azure_us-central 53101
Get_Thrift_Server_Storage_us-central 53121
Get_Azure_us-central 52931
Get_Thrift_Server_Storage_us-central 52952
Get_Azure_us-central 35754
Get_Thrift_Server_Storage_us-central 35775
Get_Azure_us-central 36879
Get_Thrift_Server_Storage_us-central 36902
Get_Azure_us-central 34328
Get_Thrift_Server_Storage_us-central 34350
Get_Azure_us-central 41026
Get_Thrift_Server_Storage_us-central 41048
Get_Azure_us-central 53369
Get_Thrift_Server_Storage_us-central 53391
Get_Azure_us-central 41537
Get_Thrift_Server_Storage_us-central 41557
Get_Azure_us-central 34025
Get_Thrift_Server_Storage_us-central 34044
Get_Azure_us-central 56586
Get_Thrift_Server_Storage_us-central 56610
Get_Azure_us-central 42849
Get_Thrift_Server_Storage_us-central 42869
Get_Azure_us-central 52388
Get_Thrift_Server_Storage_us-central 52409
Get_Azure_us-central 50003
Get_Thrift_Server_Storage_us-central 50022
Get_Azure_us-central 50206
Get_Thrift_Server_Storage_us-central 50226
Get_Azure_us-central 34430
Get_Thrift_Server_Storage_us-central 34449
Get_Azure_us-central 72117
Get_Thrift_Server_Storage_us-central 72138
Get_Azure_us-central 48763
Get_Thrift_Server_Storage_us-central 48785
Get_Azure_us-central 33723
Get_Thrift_Server_Storage_us-central 33751
Get_Azure_us-central 67756
Get_Thrift_Server_Storage_us-central 67776
Get_Azure_us-central 61766
Get_Thrift_Server_Storage_us-central 61793
Get_Azure_us-central 58662
Get_Thrift_Server_Storage_us-central 58690
Get_Azure_us-central 51181
Get_Thrift_Server_Storage_us-central 51202
Get_Azure_us-central 63954
Get_Thrift_Server_Storage_us-central 63976
Get_Azure_us-central 34003
Get_Thrift_Server_Storage_us-central 34024
Get_Azure_us-central 42913
Get_Thrift_Server_Storage_us-central 42938
Get_Azure_us-central 72874
Get_Thrift_Server_Storage_us-central 72896
Get_Azure_us-central 37587
Get_Thrift_Server_Storage_us-central 37608
Get_Azure_us-central 50386
Get_Thrift_Server_Storage_us-central 50407
Get_Azure_us-central 67742
Get_Thrift_Server_Storage_us-central 67765
Get_Azure_us-central 37407
Get_Thrift_Server_Storage_us-central 37433
Get_Azure_us-central 36750
Get_Thrift_Server_Storage_us-central 36802
Get_Azure_us-central 36099
Get_Thrift_Server_Storage_us-central 36124
Get_Azure_us-central 53133
Get_Thrift_Server_Storage_us-central 53154
Get_Azure_us-central 74855
Get_Thrift_Server_Storage_us-central 74883
Get_Azure_us-central 56852
Get_Thrift_Server_Storage_us-central 56881
Get_Azure_us-central 77689
Get_Thrift_Server_Storage_us-central 77712
Get_Azure_us-central 36396
Get_Thrift_Server_Storage_us-central 36422
Get_Azure_us-central 39927
Get_Thrift_Server_Storage_us-central 39948
Get_Azure_us-central 51760
Get_Thrift_Server_Storage_us-central 51783
Get_Azure_us-central 38949
Get_Thrift_Server_Storage_us-central 38974
Get_Azure_us-central 63022
Get_Thrift_Server_Storage_us-central 63043
Get_Azure_us-central 51970
Get_Thrift_Server_Storage_us-central 51991
Get_Azure_us-central 50652
Get_Thrift_Server_Storage_us-central 50671
Get_Azure_us-central 47683
Get_Thrift_Server_Storage_us-central 47701
Get_Azure_us-central 46194
Get_Thrift_Server_Storage_us-central 46214
Get_Azure_us-central 52117
Get_Thrift_Server_Storage_us-central 52138
Get_Azure_us-central 38252
Get_Thrift_Server_Storage_us-central 38274
Get_Azure_us-central 31597
Get_Thrift_Server_Storage_us-central 31619
Get_Azure_us-central 37237
Get_Thrift_Server_Storage_us-central 37257
Get_Azure_us-central 32565
Get_Thrift_Server_Storage_us-central 32587
Get_Azure_us-central 38767
Get_Thrift_Server_Storage_us-central 38785
Get_Azure_us-central 80139
Get_Thrift_Server_Storage_us-central 80159
Get_Azure_us-central 46110
Get_Thrift_Server_Storage_us-central 46133
Get_Azure_us-central 33958
Get_Thrift_Server_Storage_us-central 33979
Get_Azure_us-central 45235
Get_Thrift_Server_Storage_us-central 45254
Get_Azure_us-central 58984
Get_Thrift_Server_Storage_us-central 59013
Get_Azure_us-central 76661
Get_Thrift_Server_Storage_us-central 76692
Get_Azure_us-central 53430
Get_Thrift_Server_Storage_us-central 53453
Get_Azure_us-central 50876
Get_Thrift_Server_Storage_us-central 50900
Get_Azure_us-central 48091
Get_Thrift_Server_Storage_us-central 48116
Get_Azure_us-central 90874
Get_Thrift_Server_Storage_us-central 90899
Get_Azure_us-central 105674
Get_Thrift_Server_Storage_us-central 105701
Get_Azure_us-central 46142
Get_Thrift_Server_Storage_us-central 46171
Get_Azure_us-central 37040
Get_Thrift_Server_Storage_us-central 37062
Get_Azure_us-central 57558
Get_Thrift_Server_Storage_us-central 57579
Get_Azure_us-central 57689
Get_Thrift_Server_Storage_us-central 57713
Get_Azure_us-central 43654
Get_Thrift_Server_Storage_us-central 43680
Get_Azure_us-central 42519
Get_Thrift_Server_Storage_us-central 42540
Get_Azure_us-central 53651
Get_Thrift_Server_Storage_us-central 53671
Get_Azure_us-central 36587
Get_Thrift_Server_Storage_us-central 36609
Get_Azure_us-central 36343
Get_Thrift_Server_Storage_us-central 36366
Get_Azure_us-central 45038
Get_Thrift_Server_Storage_us-central 45062
Get_Azure_us-central 44997
Get_Thrift_Server_Storage_us-central 45024
Get_Azure_us-central 144352
Get_Thrift_Server_Storage_us-central 144373
Get_Azure_us-central 53054
Get_Thrift_Server_Storage_us-central 53073
Get_Azure_us-central 46606
Get_Thrift_Server_Storage_us-central 46630
Get_Azure_us-central 33243
Get_Thrift_Server_Storage_us-central 33269
Get_Azure_us-central 41333
Get_Thrift_Server_Storage_us-central 41355
Get_Azure_us-central 51149
Get_Thrift_Server_Storage_us-central 51169
Get_Azure_us-central 63656
Get_Thrift_Server_Storage_us-central 63676
Get_Azure_us-central 73369
Get_Thrift_Server_Storage_us-central 73390
Get_Azure_us-central 59539
Get_Thrift_Server_Storage_us-central 59562
Get_Azure_us-central 61291
Get_Thrift_Server_Storage_us-central 61312
Get_Azure_us-central 55261
Get_Thrift_Server_Storage_us-central 55286
Get_Azure_us-central 50082
Get_Thrift_Server_Storage_us-central 50104
Get_Azure_us-central 35705
Get_Thrift_Server_Storage_us-central 35723
Get_Azure_us-central 54399
Get_Thrift_Server_Storage_us-central 54421
Get_Azure_us-central 55647
Get_Thrift_Server_Storage_us-central 55676
Get_Azure_us-central 91395
Get_Thrift_Server_Storage_us-central 91414
Get_Azure_us-central 92029
Get_Thrift_Server_Storage_us-central 92049
Get_Azure_us-central 55436
Get_Thrift_Server_Storage_us-central 55457
Get_Azure_us-central 50846
Get_Thrift_Server_Storage_us-central 50868
Get_Azure_us-central 51247
Get_Thrift_Server_Storage_us-central 51273
Get_Azure_us-central 81458
Get_Thrift_Server_Storage_us-central 81478
Get_Azure_us-central 52305
Get_Thrift_Server_Storage_us-central 52330
Get_Azure_us-central 66660
Get_Thrift_Server_Storage_us-central 66681
Get_Azure_us-central 69232
Get_Thrift_Server_Storage_us-central 69255
Get_Azure_us-central 56072
Get_Thrift_Server_Storage_us-central 56108
Get_Azure_us-central 45799
Get_Thrift_Server_Storage_us-central 45825
Get_Azure_us-central 56949
Get_Thrift_Server_Storage_us-central 56971
Get_Azure_us-central 50474
Get_Thrift_Server_Storage_us-central 50508
Get_Azure_us-central 46785
Get_Thrift_Server_Storage_us-central 46807
Get_Azure_us-central 34291
Get_Thrift_Server_Storage_us-central 34312
Get_Azure_us-central 32351
Get_Thrift_Server_Storage_us-central 32374
Get_Azure_us-central 39344
Get_Thrift_Server_Storage_us-central 39366
Get_Azure_us-central 38244
Get_Thrift_Server_Storage_us-central 38263
Get_Azure_us-central 34758
Get_Thrift_Server_Storage_us-central 34779
Get_Azure_us-central 52731
Get_Thrift_Server_Storage_us-central 52751
Get_Azure_us-central 37810
Get_Thrift_Server_Storage_us-central 37833
Get_Azure_us-central 53378
Get_Thrift_Server_Storage_us-central 53399
Get_Azure_us-central 36033
Get_Thrift_Server_Storage_us-central 36056
Get_Azure_us-central 34835
Get_Thrift_Server_Storage_us-central 34856
Get_Azure_us-central 43804
Get_Thrift_Server_Storage_us-central 43824
Get_Azure_us-central 48933
Get_Thrift_Server_Storage_us-central 48955
Get_Azure_us-central 67433
Get_Thrift_Server_Storage_us-central 67462
Get_Azure_us-central 60628
Get_Thrift_Server_Storage_us-central 60657
Get_Azure_us-central 60315
Get_Thrift_Server_Storage_us-central 60336
Get_Azure_us-central 59096
Get_Thrift_Server_Storage_us-central 59118
Get_Azure_us-central 56115
Get_Thrift_Server_Storage_us-central 56136
Get_Azure_us-central 53539
Get_Thrift_Server_Storage_us-central 53560
Get_Azure_us-central 37948
Get_Thrift_Server_Storage_us-central 37968
Get_Azure_us-central 36695
Get_Thrift_Server_Storage_us-central 36720
Get_Azure_us-central 53700
Get_Thrift_Server_Storage_us-central 53726
Get_Azure_us-central 82384
Get_Thrift_Server_Storage_us-central 82407
Get_Azure_us-central 49030
Get_Thrift_Server_Storage_us-central 49049
Get_Azure_us-central 51267
Get_Thrift_Server_Storage_us-central 51290
Get_Azure_us-central 49210
Get_Thrift_Server_Storage_us-central 49233
Get_Azure_us-central 59673
Get_Thrift_Server_Storage_us-central 59703
Get_Azure_us-central 35697
Get_Thrift_Server_Storage_us-central 35722
Get_Azure_us-central 85777
Get_Thrift_Server_Storage_us-central 85803
Get_Azure_us-central 31327
Get_Thrift_Server_Storage_us-central 31363
Get_Azure_us-central 54650
Get_Thrift_Server_Storage_us-central 54670
Get_Azure_us-central 57710
Get_Thrift_Server_Storage_us-central 57730
Get_Azure_us-central 33700
Get_Thrift_Server_Storage_us-central 33721
Get_Azure_us-central 57559
Get_Thrift_Server_Storage_us-central 57581
Get_Azure_us-central 38157
Get_Thrift_Server_Storage_us-central 38178
Get_Azure_us-central 45814
Get_Thrift_Server_Storage_us-central 45840
Get_Azure_us-central 29371
Get_Thrift_Server_Storage_us-central 29393
Get_Azure_us-central 55709
Get_Thrift_Server_Storage_us-central 55731
Get_Azure_us-central 55637
Get_Thrift_Server_Storage_us-central 55675
Get_Azure_us-central 49526
Get_Thrift_Server_Storage_us-central 49548
Get_Azure_us-central 37071
Get_Thrift_Server_Storage_us-central 37095
Get_Azure_us-central 57914
Get_Thrift_Server_Storage_us-central 57936
Get_Azure_us-central 55013
Get_Thrift_Server_Storage_us-central 55035
Get_Azure_us-central 32421
Get_Thrift_Server_Storage_us-central 32443
Get_Azure_us-central 32860
Get_Thrift_Server_Storage_us-central 32891
Get_Azure_us-central 51244
Get_Thrift_Server_Storage_us-central 51289
Get_Azure_us-central 50652
Get_Thrift_Server_Storage_us-central 50672
Get_Azure_us-central 34487
Get_Thrift_Server_Storage_us-central 34517
Get_Azure_us-central 53456
Get_Thrift_Server_Storage_us-central 53481
Get_Azure_us-central 57351
Get_Thrift_Server_Storage_us-central 57376
Get_Azure_us-central 80048
Get_Thrift_Server_Storage_us-central 80072
Get_Azure_us-central 53600
Get_Thrift_Server_Storage_us-central 53625
Get_Azure_us-central 36079
Get_Thrift_Server_Storage_us-central 36103
Get_Azure_us-central 45723
Get_Thrift_Server_Storage_us-central 45744
Get_Azure_us-central 51239
Get_Thrift_Server_Storage_us-central 51259
Get_Azure_us-central 52942
Get_Thrift_Server_Storage_us-central 52971
Get_Azure_us-central 35758
Get_Thrift_Server_Storage_us-central 35780
Get_Azure_us-central 34038
Get_Thrift_Server_Storage_us-central 34058
Get_Azure_us-central 35147
Get_Thrift_Server_Storage_us-central 35167
Get_Azure_us-central 55702
Get_Thrift_Server_Storage_us-central 55727
Get_Azure_us-central 37459
Get_Thrift_Server_Storage_us-central 37480
Get_Azure_us-central 35094
Get_Thrift_Server_Storage_us-central 35116
Get_Azure_us-central 62088
Get_Thrift_Server_Storage_us-central 62109
Get_Azure_us-central 31643
Get_Thrift_Server_Storage_us-central 31662
Get_Azure_us-central 50248
Get_Thrift_Server_Storage_us-central 50269
Get_Azure_us-central 84033
Get_Thrift_Server_Storage_us-central 84057
Get_Azure_us-central 53094
Get_Thrift_Server_Storage_us-central 53118
Get_Azure_us-central 55480
Get_Thrift_Server_Storage_us-central 55511
Get_Azure_us-central 32513
Get_Thrift_Server_Storage_us-central 32537
Get_Azure_us-central 32996
Get_Thrift_Server_Storage_us-central 33021
Get_Azure_us-central 36487
Get_Thrift_Server_Storage_us-central 36517
Get_Azure_us-central 36158
Get_Thrift_Server_Storage_us-central 36189
Get_Azure_us-central 34443
Get_Thrift_Server_Storage_us-central 34471
Get_Azure_us-central 78028
Get_Thrift_Server_Storage_us-central 78053
Get_Azure_us-central 75367
Get_Thrift_Server_Storage_us-central 75389
Get_Azure_us-central 35096
Get_Thrift_Server_Storage_us-central 35130
Get_Azure_us-central 32219
Get_Thrift_Server_Storage_us-central 32245
Get_Azure_us-central 40468
Get_Thrift_Server_Storage_us-central 40492
Get_Azure_us-central 45257
Get_Thrift_Server_Storage_us-central 45290
Get_Azure_us-central 36732
Get_Thrift_Server_Storage_us-central 36765
Get_Azure_us-central 38007
Get_Thrift_Server_Storage_us-central 38034
Get_Azure_us-central 36320
Get_Thrift_Server_Storage_us-central 36345
Get_Azure_us-central 56683
Get_Thrift_Server_Storage_us-central 56706
Get_Azure_us-central 46528
Get_Thrift_Server_Storage_us-central 46548
Get_Azure_us-central 39670
Get_Thrift_Server_Storage_us-central 39689
Get_Azure_us-central 32778
Get_Thrift_Server_Storage_us-central 32797
Get_Azure_us-central 35953
Get_Thrift_Server_Storage_us-central 35973
Get_Azure_us-central 53453
Get_Thrift_Server_Storage_us-central 53476
Get_Azure_us-central 36301
Get_Thrift_Server_Storage_us-central 36324
Get_Azure_us-central 52468
Get_Thrift_Server_Storage_us-central 52499
Get_Azure_us-central 45779
Get_Thrift_Server_Storage_us-central 45800
Get_Azure_us-central 33830
Get_Thrift_Server_Storage_us-central 33856
Get_Azure_us-central 32314
Get_Thrift_Server_Storage_us-central 32336
Get_Azure_us-central 33208
Get_Thrift_Server_Storage_us-central 33229
Get_Azure_us-central 37241
Get_Thrift_Server_Storage_us-central 37264
Get_Azure_us-central 35000
Get_Thrift_Server_Storage_us-central 35023
Get_Azure_us-central 38571
Get_Thrift_Server_Storage_us-central 38594
Get_Azure_us-central 57306
Get_Thrift_Server_Storage_us-central 57328
Get_Azure_us-central 52008
Get_Thrift_Server_Storage_us-central 52033
Get_Azure_us-central 50907
Get_Thrift_Server_Storage_us-central 50931
Get_Azure_us-central 34926
Get_Thrift_Server_Storage_us-central 34948
Get_Azure_us-central 34605
Get_Thrift_Server_Storage_us-central 34624
Get_Azure_us-central 50325
Get_Thrift_Server_Storage_us-central 50346
Get_Azure_us-central 45696
Get_Thrift_Server_Storage_us-central 45717
Get_Azure_us-central 112072
Get_Thrift_Server_Storage_us-central 112098
Get_Azure_us-central 46746
Get_Thrift_Server_Storage_us-central 46769
Get_Azure_us-central 65241
Get_Thrift_Server_Storage_us-central 65260
Get_Azure_us-central 48034
Get_Thrift_Server_Storage_us-central 48056
Get_Azure_us-central 43018
Get_Thrift_Server_Storage_us-central 43045
Get_Azure_us-central 64613
Get_Thrift_Server_Storage_us-central 64643
Get_Azure_us-central 34130
Get_Thrift_Server_Storage_us-central 34149
Get_Azure_us-central 32631
Get_Thrift_Server_Storage_us-central 32653
Get_Azure_us-central 32291
Get_Thrift_Server_Storage_us-central 32313
Get_Azure_us-central 65767
Get_Thrift_Server_Storage_us-central 65788
Get_Azure_us-central 58874
Get_Thrift_Server_Storage_us-central 58895
Get_Azure_us-central 55127
Get_Thrift_Server_Storage_us-central 55150
Get_Azure_us-central 48399
Get_Thrift_Server_Storage_us-central 48418
Get_Azure_us-central 46541
Get_Thrift_Server_Storage_us-central 46564
Get_Azure_us-central 64009
Get_Thrift_Server_Storage_us-central 64031
Get_Azure_us-central 32490
Get_Thrift_Server_Storage_us-central 32511
Get_Azure_us-central 35693
Get_Thrift_Server_Storage_us-central 35717
Get_Azure_us-central 48729
Get_Thrift_Server_Storage_us-central 48753
Get_Azure_us-central 299780
Get_Thrift_Server_Storage_us-central 299804
Get_Azure_us-central 303784
Get_Thrift_Server_Storage_us-central 303810
Get_Azure_us-central 249554
Get_Thrift_Server_Storage_us-central 249575
Get_Azure_us-central 56116
Get_Thrift_Server_Storage_us-central 56136
Get_Azure_us-central 58082
Get_Thrift_Server_Storage_us-central 58105
Get_Azure_us-central 49573
Get_Thrift_Server_Storage_us-central 49592
Get_Azure_us-central 64965
Get_Thrift_Server_Storage_us-central 64988
Get_Azure_us-central 39674
Get_Thrift_Server_Storage_us-central 39711
Get_Azure_us-central 33766
Get_Thrift_Server_Storage_us-central 33789
Get_Azure_us-central 71630
Get_Thrift_Server_Storage_us-central 71650
Get_Azure_us-central 44452
Get_Thrift_Server_Storage_us-central 44473
Get_Azure_us-central 52218
Get_Thrift_Server_Storage_us-central 52241
Get_Azure_us-central 36351
Get_Thrift_Server_Storage_us-central 36382
Get_Azure_us-central 30921
Get_Thrift_Server_Storage_us-central 30941
Get_Azure_us-central 56523
Get_Thrift_Server_Storage_us-central 56542
Get_Azure_us-central 52321
Get_Thrift_Server_Storage_us-central 52355
Get_Azure_us-central 54476
Get_Thrift_Server_Storage_us-central 54497
Get_Azure_us-central 48379
Get_Thrift_Server_Storage_us-central 48399
Get_Azure_us-central 37357
Get_Thrift_Server_Storage_us-central 37387
Get_Azure_us-central 55848
Get_Thrift_Server_Storage_us-central 55870
Get_Azure_us-central 33015
Get_Thrift_Server_Storage_us-central 33047
Get_Azure_us-central 57131
Get_Thrift_Server_Storage_us-central 57152
Get_Azure_us-central 36040
Get_Thrift_Server_Storage_us-central 36072
Get_Azure_us-central 34269
Get_Thrift_Server_Storage_us-central 34297
Get_Azure_us-central 37725
Get_Thrift_Server_Storage_us-central 37744
Get_Azure_us-central 59723
Get_Thrift_Server_Storage_us-central 59745
Get_Azure_us-central 45401
Get_Thrift_Server_Storage_us-central 45423
Get_Azure_us-central 35145
Get_Thrift_Server_Storage_us-central 35166
Get_Azure_us-central 68702
Get_Thrift_Server_Storage_us-central 68725
Get_Azure_us-central 49960
Get_Thrift_Server_Storage_us-central 49983
Get_Azure_us-central 50140
Get_Thrift_Server_Storage_us-central 50164
Get_Azure_us-central 44724
Get_Thrift_Server_Storage_us-central 44747
Get_Azure_us-central 53954
Get_Thrift_Server_Storage_us-central 53980
Get_Azure_us-central 33225
Get_Thrift_Server_Storage_us-central 33247
Get_Azure_us-central 72480
Get_Thrift_Server_Storage_us-central 72503
Get_Azure_us-central 52206
Get_Thrift_Server_Storage_us-central 52229
Get_Azure_us-central 81580
Get_Thrift_Server_Storage_us-central 81605
Get_Azure_us-central 68986
Get_Thrift_Server_Storage_us-central 69005
Get_Azure_us-central 35900
Get_Thrift_Server_Storage_us-central 35923
Get_Azure_us-central 185062
Get_Thrift_Server_Storage_us-central 185093
Get_Azure_us-central 34978
Get_Thrift_Server_Storage_us-central 34999
Get_Azure_us-central 34701
Get_Thrift_Server_Storage_us-central 34720
Get_Azure_us-central 55730
Get_Thrift_Server_Storage_us-central 55756
Get_Azure_us-central 44957
Get_Thrift_Server_Storage_us-central 44985
Get_Azure_us-central 40346
Get_Thrift_Server_Storage_us-central 40371
Get_Azure_us-central 53295
Get_Thrift_Server_Storage_us-central 53318
Get_Azure_us-central 57025
Get_Thrift_Server_Storage_us-central 57051
Get_Azure_us-central 63011
Get_Thrift_Server_Storage_us-central 63046
Get_Azure_us-central 37218
Get_Thrift_Server_Storage_us-central 37250
Get_Azure_us-central 35519
Get_Thrift_Server_Storage_us-central 35542
Get_Azure_us-central 33263
Get_Thrift_Server_Storage_us-central 33285
Get_Azure_us-central 33911
Get_Thrift_Server_Storage_us-central 33934
Get_Azure_us-central 53477
Get_Thrift_Server_Storage_us-central 53502
Get_Azure_us-central 55522
Get_Thrift_Server_Storage_us-central 55548
Get_Azure_us-central 36125
Get_Thrift_Server_Storage_us-central 36161
Get_Azure_us-central 32927
Get_Thrift_Server_Storage_us-central 32950
Get_Azure_us-central 36426
Get_Thrift_Server_Storage_us-central 36451
Get_Azure_us-central 35765
Get_Thrift_Server_Storage_us-central 35786
Get_Azure_us-central 32852
Get_Thrift_Server_Storage_us-central 32874
Get_Azure_us-central 50559
Get_Thrift_Server_Storage_us-central 50582
Get_Azure_us-central 66093
Get_Thrift_Server_Storage_us-central 66115
Get_Azure_us-central 35748
Get_Thrift_Server_Storage_us-central 35771
Get_Azure_us-central 48118
Get_Thrift_Server_Storage_us-central 48143
Get_Azure_us-central 50816
Get_Thrift_Server_Storage_us-central 50844
Get_Azure_us-central 37925
Get_Thrift_Server_Storage_us-central 37944
Get_Azure_us-central 52701
Get_Thrift_Server_Storage_us-central 52728
Get_Azure_us-central 35654
Get_Thrift_Server_Storage_us-central 35679
Get_Azure_us-central 31680
Get_Thrift_Server_Storage_us-central 31702
Get_Azure_us-central 46093
Get_Thrift_Server_Storage_us-central 46114
Get_Azure_us-central 54160
Get_Thrift_Server_Storage_us-central 54181
Get_Azure_us-central 34243
Get_Thrift_Server_Storage_us-central 34263
Get_Azure_us-central 57068
Get_Thrift_Server_Storage_us-central 57092
Get_Azure_us-central 44553
Get_Thrift_Server_Storage_us-central 44573
Get_Azure_us-central 47418
Get_Thrift_Server_Storage_us-central 47438
Get_Azure_us-central 54024
Get_Thrift_Server_Storage_us-central 54044
Get_Azure_us-central 50512
Get_Thrift_Server_Storage_us-central 50532
Get_Azure_us-central 31939
Get_Thrift_Server_Storage_us-central 31961
Get_Azure_us-central 44628
Get_Thrift_Server_Storage_us-central 44653
Get_Azure_us-central 56548
Get_Thrift_Server_Storage_us-central 56578
Get_Azure_us-central 33092
Get_Thrift_Server_Storage_us-central 33114
Get_Azure_us-central 95892
Get_Thrift_Server_Storage_us-central 95917
Get_Azure_us-central 46126
Get_Thrift_Server_Storage_us-central 46146
Get_Azure_us-central 32339
Get_Thrift_Server_Storage_us-central 32360
Get_Azure_us-central 69971
Get_Thrift_Server_Storage_us-central 70000
Get_Azure_us-central 33478
Get_Thrift_Server_Storage_us-central 33500
Get_Azure_us-central 34011
Get_Thrift_Server_Storage_us-central 34031
Get_Azure_us-central 33087
Get_Thrift_Server_Storage_us-central 33109
Get_Azure_us-central 39455
Get_Thrift_Server_Storage_us-central 39480
Get_Azure_us-central 35944
Get_Thrift_Server_Storage_us-central 35961
Get_Azure_us-central 87088
Get_Thrift_Server_Storage_us-central 87108
Get_Azure_us-central 53466
Get_Thrift_Server_Storage_us-central 53485
Get_Azure_us-central 57216
Get_Thrift_Server_Storage_us-central 57236
Get_Azure_us-central 39839
Get_Thrift_Server_Storage_us-central 39860
Get_Azure_us-central 41731
Get_Thrift_Server_Storage_us-central 41751
Get_Azure_us-central 33626
Get_Thrift_Server_Storage_us-central 33644
Get_Azure_us-central 49716
Get_Thrift_Server_Storage_us-central 49747
Get_Azure_us-central 32192
Get_Thrift_Server_Storage_us-central 32224
Get_Azure_us-central 34407
Get_Thrift_Server_Storage_us-central 34427
Get_Azure_us-central 48785
Get_Thrift_Server_Storage_us-central 48807
Get_Azure_us-central 33339
Get_Thrift_Server_Storage_us-central 33368
Get_Azure_us-central 54967
Get_Thrift_Server_Storage_us-central 54992
Get_Azure_us-central 39389
Get_Thrift_Server_Storage_us-central 39410
Get_Azure_us-central 35891
Get_Thrift_Server_Storage_us-central 35915
Get_Azure_us-central 47559
Get_Thrift_Server_Storage_us-central 47587
Get_Azure_us-central 35874
Get_Thrift_Server_Storage_us-central 35896
Get_Azure_us-central 58334
Get_Thrift_Server_Storage_us-central 58352
Get_Azure_us-central 37992
Get_Thrift_Server_Storage_us-central 38008
Get_Azure_us-central 35850
Get_Thrift_Server_Storage_us-central 35873
Get_Azure_us-central 40069
Get_Thrift_Server_Storage_us-central 40090
Get_Azure_us-central 65388
Get_Thrift_Server_Storage_us-central 65409
Get_Azure_us-central 35961
Get_Thrift_Server_Storage_us-central 35982
Get_Azure_us-central 35538
Get_Thrift_Server_Storage_us-central 35563
Get_Azure_us-central 45463
Get_Thrift_Server_Storage_us-central 45483
Get_Azure_us-central 45083
Get_Thrift_Server_Storage_us-central 45103
Get_Azure_us-central 50824
Get_Thrift_Server_Storage_us-central 50853
Get_Azure_us-central 49269
Get_Thrift_Server_Storage_us-central 49292
Get_Azure_us-central 49123
Get_Thrift_Server_Storage_us-central 49150
Get_Azure_us-central 37229
Get_Thrift_Server_Storage_us-central 37250
Get_Azure_us-central 33442
Get_Thrift_Server_Storage_us-central 33468
Get_Azure_us-central 34149
Get_Thrift_Server_Storage_us-central 34169
Get_Azure_us-central 36147
Get_Thrift_Server_Storage_us-central 36176
Get_Azure_us-central 37687
Get_Thrift_Server_Storage_us-central 37710
Get_Azure_us-central 49688
Get_Thrift_Server_Storage_us-central 49713
Get_Azure_us-central 51894
Get_Thrift_Server_Storage_us-central 51918
Get_Azure_us-central 51076
Get_Thrift_Server_Storage_us-central 51102
Get_Azure_us-central 38021
Get_Thrift_Server_Storage_us-central 38042
Get_Azure_us-central 35805
Get_Thrift_Server_Storage_us-central 35827
Get_Azure_us-central 38168
Get_Thrift_Server_Storage_us-central 38193
Get_Azure_us-central 58186
Get_Thrift_Server_Storage_us-central 58213
Get_Azure_us-central 38574
Get_Thrift_Server_Storage_us-central 38601
Get_Azure_us-central 47274
Get_Thrift_Server_Storage_us-central 47298
Get_Azure_us-central 55570
Get_Thrift_Server_Storage_us-central 55603
Get_Azure_us-central 50356
Get_Thrift_Server_Storage_us-central 50376
Get_Azure_us-central 53474
Get_Thrift_Server_Storage_us-central 53494
Get_Azure_us-central 55010
Get_Thrift_Server_Storage_us-central 55032
Get_Azure_us-central 53743
Get_Thrift_Server_Storage_us-central 53769
Get_Azure_us-central 57040
Get_Thrift_Server_Storage_us-central 57070
Get_Azure_us-central 67560
Get_Thrift_Server_Storage_us-central 67581
Get_Azure_us-central 50628
Get_Thrift_Server_Storage_us-central 50653
Get_Azure_us-central 56493
Get_Thrift_Server_Storage_us-central 56519
Get_Azure_us-central 62995
Get_Thrift_Server_Storage_us-central 63023
Get_Azure_us-central 66846
Get_Thrift_Server_Storage_us-central 66872
Get_Azure_us-central 42178
Get_Thrift_Server_Storage_us-central 42200
Get_Azure_us-central 48906
Get_Thrift_Server_Storage_us-central 48928
Get_Azure_us-central 67130
Get_Thrift_Server_Storage_us-central 67161
Get_Azure_us-central 43163
Get_Thrift_Server_Storage_us-central 43183
Get_Azure_us-central 83366
Get_Thrift_Server_Storage_us-central 83385
Get_Azure_us-central 48749
Get_Thrift_Server_Storage_us-central 48773
Get_Azure_us-central 37735
Get_Thrift_Server_Storage_us-central 37762
Get_Azure_us-central 40664
Get_Thrift_Server_Storage_us-central 40689
Get_Azure_us-central 55428
Get_Thrift_Server_Storage_us-central 55451
Get_Azure_us-central 49583
Get_Thrift_Server_Storage_us-central 49615
Get_Azure_us-central 33472
Get_Thrift_Server_Storage_us-central 33492
Get_Azure_us-central 42025
Get_Thrift_Server_Storage_us-central 42043
Get_Azure_us-central 45136
Get_Thrift_Server_Storage_us-central 45155
Get_Azure_us-central 42843
Get_Thrift_Server_Storage_us-central 42863
Get_Azure_us-central 100913
Get_Thrift_Server_Storage_us-central 100934
Get_Azure_us-central 42308
Get_Thrift_Server_Storage_us-central 42327
Get_Azure_us-central 48112
Get_Thrift_Server_Storage_us-central 48132
Get_Azure_us-central 30957
Get_Thrift_Server_Storage_us-central 30976
Get_Azure_us-central 43362
Get_Thrift_Server_Storage_us-central 43385
Get_Azure_us-central 164896
Get_Thrift_Server_Storage_us-central 164915
Get_Azure_us-central 37364
Get_Thrift_Server_Storage_us-central 37381
Get_Azure_us-central 61763
Get_Thrift_Server_Storage_us-central 61786
Get_Azure_us-central 64510
Get_Thrift_Server_Storage_us-central 64528
Get_Azure_us-central 47508
Get_Thrift_Server_Storage_us-central 47530
Get_Azure_us-central 59296
Get_Thrift_Server_Storage_us-central 59315
Get_Azure_us-central 55123
Get_Thrift_Server_Storage_us-central 55145
Get_Azure_us-central 36582
Get_Thrift_Server_Storage_us-central 36600
Get_Azure_us-central 63245
Get_Thrift_Server_Storage_us-central 63265
Get_Azure_us-central 35839
Get_Thrift_Server_Storage_us-central 35858
Get_Azure_us-central 36333
Get_Thrift_Server_Storage_us-central 36352
Get_Azure_us-central 38926
Get_Thrift_Server_Storage_us-central 38945
Get_Azure_us-central 52653
Get_Thrift_Server_Storage_us-central 52674
Get_Azure_us-central 36601
Get_Thrift_Server_Storage_us-central 36620
Get_Azure_us-central 33708
Get_Thrift_Server_Storage_us-central 33729
Get_Azure_us-central 54724
Get_Thrift_Server_Storage_us-central 54743
Get_Azure_us-central 36631
Get_Thrift_Server_Storage_us-central 36651
Get_Azure_us-central 47345
Get_Thrift_Server_Storage_us-central 47365
Get_Azure_us-central 55826
Get_Thrift_Server_Storage_us-central 55848
Get_Azure_us-central 64118
Get_Thrift_Server_Storage_us-central 64139
Get_Azure_us-central 55077
Get_Thrift_Server_Storage_us-central 55101
Get_Azure_us-central 33559
Get_Thrift_Server_Storage_us-central 33578
Get_Azure_us-central 29803
Get_Thrift_Server_Storage_us-central 29826
Get_Azure_us-central 38976
Get_Thrift_Server_Storage_us-central 38997
Get_Azure_us-central 52981
Get_Thrift_Server_Storage_us-central 53008
Get_Azure_us-central 82668
Get_Thrift_Server_Storage_us-central 82694
Get_Azure_us-central 53558
Get_Thrift_Server_Storage_us-central 53577
Get_Azure_us-central 38986
Get_Thrift_Server_Storage_us-central 39005
Get_Azure_us-central 45183
Get_Thrift_Server_Storage_us-central 45201
Get_Azure_us-central 58316
Get_Thrift_Server_Storage_us-central 58336
Get_Azure_us-central 36641
Get_Thrift_Server_Storage_us-central 36659
Get_Azure_us-central 54213
Get_Thrift_Server_Storage_us-central 54232
Get_Azure_us-central 56870
Get_Thrift_Server_Storage_us-central 56889
Get_Azure_us-central 51993
Get_Thrift_Server_Storage_us-central 52011
Get_Azure_us-central 32156
Get_Thrift_Server_Storage_us-central 32173
Get_Azure_us-central 36952
Get_Thrift_Server_Storage_us-central 36969
Get_Azure_us-central 50520
Get_Thrift_Server_Storage_us-central 50547
Get_Azure_us-central 54627
Get_Thrift_Server_Storage_us-central 54646
Get_Azure_us-central 40689
Get_Thrift_Server_Storage_us-central 40707
Get_Azure_us-central 38841
Get_Thrift_Server_Storage_us-central 38868
Get_Azure_us-central 61666
Get_Thrift_Server_Storage_us-central 61685
Get_Azure_us-central 43979
Get_Thrift_Server_Storage_us-central 43999
Get_Azure_us-central 36219
Get_Thrift_Server_Storage_us-central 36238
Get_Azure_us-central 30096
Get_Thrift_Server_Storage_us-central 30123
Get_Azure_us-central 32282
Get_Thrift_Server_Storage_us-central 32303
Get_Azure_us-central 36536
Get_Thrift_Server_Storage_us-central 36557
Get_Azure_us-central 55416
Get_Thrift_Server_Storage_us-central 55439
Get_Azure_us-central 45318
Get_Thrift_Server_Storage_us-central 45336
Get_Azure_us-central 35081
Get_Thrift_Server_Storage_us-central 35098
Get_Azure_us-central 35938
Get_Thrift_Server_Storage_us-central 35959
Get_Azure_us-central 38950
Get_Thrift_Server_Storage_us-central 38977
Get_Azure_us-central 54887
Get_Thrift_Server_Storage_us-central 54907
Get_Azure_us-central 39274
Get_Thrift_Server_Storage_us-central 39293
Get_Azure_us-central 45921
Get_Thrift_Server_Storage_us-central 45940
Get_Azure_us-central 44005
Get_Thrift_Server_Storage_us-central 44029
Get_Azure_us-central 73337
Get_Thrift_Server_Storage_us-central 73360
Get_Azure_us-central 53149
Get_Thrift_Server_Storage_us-central 53168
Get_Azure_us-central 36175
Get_Thrift_Server_Storage_us-central 36195
Get_Azure_us-central 38104
Get_Thrift_Server_Storage_us-central 38125
Get_Azure_us-central 33463
Get_Thrift_Server_Storage_us-central 33490
Get_Azure_us-central 39306
Get_Thrift_Server_Storage_us-central 39327
Get_Azure_us-central 36120
Get_Thrift_Server_Storage_us-central 36149
Get_Azure_us-central 50619
Get_Thrift_Server_Storage_us-central 50641
Get_Azure_us-central 57172
Get_Thrift_Server_Storage_us-central 57194
Get_Azure_us-central 43199
Get_Thrift_Server_Storage_us-central 43223
