Get_Azure_us-central 62864
Get_Thrift_Server_Storage_us-central 62919
Get_Azure_us-central 48523
Get_Thrift_Server_Storage_us-central 48542
Get_Azure_us-central 58530
Get_Thrift_Server_Storage_us-central 58551
Get_Azure_us-central 49110
Get_Thrift_Server_Storage_us-central 49132
Get_Azure_us-central 48537
Get_Thrift_Server_Storage_us-central 48559
Get_Azure_us-central 48286
Get_Thrift_Server_Storage_us-central 48304
Get_Azure_us-central 12349
Get_Thrift_Server_Storage_us-central 12371
Get_Azure_us-central 47430
Get_Thrift_Server_Storage_us-central 47450
Get_Azure_us-central 12531
Get_Thrift_Server_Storage_us-central 12573
Get_Azure_us-central 26499
Get_Thrift_Server_Storage_us-central 26523
Get_Azure_us-central 28070
Get_Thrift_Server_Storage_us-central 28092
Get_Azure_us-central 27618
Get_Thrift_Server_Storage_us-central 27638
Get_Azure_us-central 29921
Get_Thrift_Server_Storage_us-central 29945
Get_Azure_us-central 12732
Get_Thrift_Server_Storage_us-central 12749
Get_Azure_us-central 13608
Get_Thrift_Server_Storage_us-central 13629
Get_Azure_us-central 26080
Get_Thrift_Server_Storage_us-central 26098
Get_Azure_us-central 14630
Get_Thrift_Server_Storage_us-central 14648
Get_Azure_us-central 49126
Get_Thrift_Server_Storage_us-central 49149
Get_Azure_us-central 12029
Get_Thrift_Server_Storage_us-central 12047
Get_Azure_us-central 12188
Get_Thrift_Server_Storage_us-central 12206
Get_Azure_us-central 15531
Get_Thrift_Server_Storage_us-central 15554
Get_Azure_us-central 12136
Get_Thrift_Server_Storage_us-central 12154
Get_Azure_us-central 26658
Get_Thrift_Server_Storage_us-central 26679
Get_Azure_us-central 12520
Get_Thrift_Server_Storage_us-central 12537
Get_Azure_us-central 62305
Get_Thrift_Server_Storage_us-central 62322
Get_Azure_us-central 11789
Get_Thrift_Server_Storage_us-central 11806
Get_Azure_us-central 48581
Get_Thrift_Server_Storage_us-central 48600
Get_Azure_us-central 22187
Get_Thrift_Server_Storage_us-central 22204
Get_Azure_us-central 49543
Get_Thrift_Server_Storage_us-central 49559
Get_Azure_us-central 55000
Get_Thrift_Server_Storage_us-central 55020
Get_Azure_us-central 47374
Get_Thrift_Server_Storage_us-central 47393
Get_Azure_us-central 12296
Get_Thrift_Server_Storage_us-central 12313
Get_Azure_us-central 12969
Get_Thrift_Server_Storage_us-central 12995
Get_Azure_us-central 12197
Get_Thrift_Server_Storage_us-central 12220
Get_Azure_us-central 11956
Get_Thrift_Server_Storage_us-central 11977
Get_Azure_us-central 12707
Get_Thrift_Server_Storage_us-central 12727
Get_Azure_us-central 11609
Get_Thrift_Server_Storage_us-central 11627
Get_Azure_us-central 13142
Get_Thrift_Server_Storage_us-central 13165
Get_Azure_us-central 14657
Get_Thrift_Server_Storage_us-central 14679
Get_Azure_us-central 13289
Get_Thrift_Server_Storage_us-central 13313
Get_Azure_us-central 12132
Get_Thrift_Server_Storage_us-central 12152
Get_Azure_us-central 12644
Get_Thrift_Server_Storage_us-central 12662
Get_Azure_us-central 12490
Get_Thrift_Server_Storage_us-central 12512
Get_Azure_us-central 13099
Get_Thrift_Server_Storage_us-central 13123
Get_Azure_us-central 11842
Get_Thrift_Server_Storage_us-central 11859
Get_Azure_us-central 12410
Get_Thrift_Server_Storage_us-central 12427
Get_Azure_us-central 12488
Get_Thrift_Server_Storage_us-central 12513
Get_Azure_us-central 12815
Get_Thrift_Server_Storage_us-central 12831
Get_Azure_us-central 14737
Get_Thrift_Server_Storage_us-central 14753
Get_Azure_us-central 12182
Get_Thrift_Server_Storage_us-central 12201
Get_Azure_us-central 12256
Get_Thrift_Server_Storage_us-central 12282
Get_Azure_us-central 13628
Get_Thrift_Server_Storage_us-central 13646
Get_Azure_us-central 12562
Get_Thrift_Server_Storage_us-central 12579
Get_Azure_us-central 12758
Get_Thrift_Server_Storage_us-central 12776
Get_Azure_us-central 13074
Get_Thrift_Server_Storage_us-central 13101
Get_Azure_us-central 11733
Get_Thrift_Server_Storage_us-central 11752
Get_Azure_us-central 12516
Get_Thrift_Server_Storage_us-central 12533
Get_Azure_us-central 10094
Get_Thrift_Server_Storage_us-central 10112
Get_Azure_us-central 9456
Get_Thrift_Server_Storage_us-central 9477
Get_Azure_us-central 12713
Get_Thrift_Server_Storage_us-central 12730
Get_Azure_us-central 10228
Get_Thrift_Server_Storage_us-central 10245
Get_Azure_us-central 33251
Get_Thrift_Server_Storage_us-central 33269
Get_Azure_us-central 12287
Get_Thrift_Server_Storage_us-central 12313
Get_Azure_us-central 10251
Get_Thrift_Server_Storage_us-central 10269
Get_Azure_us-central 14357
Get_Thrift_Server_Storage_us-central 14375
Get_Azure_us-central 57446
Get_Thrift_Server_Storage_us-central 57465
Get_Azure_us-central 11729
Get_Thrift_Server_Storage_us-central 11746
Get_Azure_us-central 13320
Get_Thrift_Server_Storage_us-central 13336
Get_Azure_us-central 11484
Get_Thrift_Server_Storage_us-central 11501
Get_Azure_us-central 9500
Get_Thrift_Server_Storage_us-central 9517
Get_Azure_us-central 13173
Get_Thrift_Server_Storage_us-central 13190
Get_Azure_us-central 9410
Get_Thrift_Server_Storage_us-central 9431
Get_Azure_us-central 29401
Get_Thrift_Server_Storage_us-central 29418
Get_Azure_us-central 15327
Get_Thrift_Server_Storage_us-central 15345
Get_Azure_us-central 14699
Get_Thrift_Server_Storage_us-central 14721
Get_Azure_us-central 14099
Get_Thrift_Server_Storage_us-central 14116
Get_Azure_us-central 13151
Get_Thrift_Server_Storage_us-central 13168
Get_Azure_us-central 16114
Get_Thrift_Server_Storage_us-central 16132
Get_Azure_us-central 12871
Get_Thrift_Server_Storage_us-central 12888
Get_Azure_us-central 11171
Get_Thrift_Server_Storage_us-central 11188
Get_Azure_us-central 31285
Get_Thrift_Server_Storage_us-central 31304
Get_Azure_us-central 22360
Get_Thrift_Server_Storage_us-central 22384
Get_Azure_us-central 12557
Get_Thrift_Server_Storage_us-central 12577
Get_Azure_us-central 8810
Get_Thrift_Server_Storage_us-central 8828
Get_Azure_us-central 11634
Get_Thrift_Server_Storage_us-central 11654
Get_Azure_us-central 12923
Get_Thrift_Server_Storage_us-central 12942
Get_Azure_us-central 13671
Get_Thrift_Server_Storage_us-central 13689
Get_Azure_us-central 8752
Get_Thrift_Server_Storage_us-central 8769
Get_Azure_us-central 15211
Get_Thrift_Server_Storage_us-central 15228
Get_Azure_us-central 9654
Get_Thrift_Server_Storage_us-central 9671
Get_Azure_us-central 11897
Get_Thrift_Server_Storage_us-central 11913
Get_Azure_us-central 12662
Get_Thrift_Server_Storage_us-central 12680
Get_Azure_us-central 15414
Get_Thrift_Server_Storage_us-central 15437
Get_Azure_us-central 12162
Get_Thrift_Server_Storage_us-central 12187
Get_Azure_us-central 14407
Get_Thrift_Server_Storage_us-central 14433
Get_Azure_us-central 10320
Get_Thrift_Server_Storage_us-central 10353
Get_Azure_us-central 12554
Get_Thrift_Server_Storage_us-central 12576
Get_Azure_us-central 21492
Get_Thrift_Server_Storage_us-central 21513
Get_Azure_us-central 13721
Get_Thrift_Server_Storage_us-central 13748
Get_Azure_us-central 41601
Get_Thrift_Server_Storage_us-central 41624
Get_Azure_us-central 12550
Get_Thrift_Server_Storage_us-central 12569
Get_Azure_us-central 15466
Get_Thrift_Server_Storage_us-central 15489
Get_Azure_us-central 19082
Get_Thrift_Server_Storage_us-central 19106
Get_Azure_us-central 36884
Get_Thrift_Server_Storage_us-central 36906
Get_Azure_us-central 12017
Get_Thrift_Server_Storage_us-central 12038
Get_Azure_us-central 12220
Get_Thrift_Server_Storage_us-central 12237
Get_Azure_us-central 9150
Get_Thrift_Server_Storage_us-central 9167
Get_Azure_us-central 13469
Get_Thrift_Server_Storage_us-central 13487
Get_Azure_us-central 9413
Get_Thrift_Server_Storage_us-central 9435
Get_Azure_us-central 10561
Get_Thrift_Server_Storage_us-central 10579
Get_Azure_us-central 8732
Get_Thrift_Server_Storage_us-central 8752
Get_Azure_us-central 9981
Get_Thrift_Server_Storage_us-central 10001
Get_Azure_us-central 11769
Get_Thrift_Server_Storage_us-central 11786
Get_Azure_us-central 13646
Get_Thrift_Server_Storage_us-central 13664
Get_Azure_us-central 11075
Get_Thrift_Server_Storage_us-central 11109
Get_Azure_us-central 27775
Get_Thrift_Server_Storage_us-central 27797
Get_Azure_us-central 11257
Get_Thrift_Server_Storage_us-central 11277
Get_Azure_us-central 10029
Get_Thrift_Server_Storage_us-central 10056
Get_Azure_us-central 11958
Get_Thrift_Server_Storage_us-central 11976
Get_Azure_us-central 9556
Get_Thrift_Server_Storage_us-central 9574
Get_Azure_us-central 14603
Get_Thrift_Server_Storage_us-central 14623
Get_Azure_us-central 11834
Get_Thrift_Server_Storage_us-central 11852
Get_Azure_us-central 23053
Get_Thrift_Server_Storage_us-central 23070
Get_Azure_us-central 12487
Get_Thrift_Server_Storage_us-central 12507
Get_Azure_us-central 12268
Get_Thrift_Server_Storage_us-central 12292
Get_Azure_us-central 12336
Get_Thrift_Server_Storage_us-central 12359
Get_Azure_us-central 11829
Get_Thrift_Server_Storage_us-central 11849
Get_Azure_us-central 12475
Get_Thrift_Server_Storage_us-central 12494
Get_Azure_us-central 14870
Get_Thrift_Server_Storage_us-central 14890
Get_Azure_us-central 12704
Get_Thrift_Server_Storage_us-central 12721
Get_Azure_us-central 8485
Get_Thrift_Server_Storage_us-central 8501
Get_Azure_us-central 10105
Get_Thrift_Server_Storage_us-central 10131
Get_Azure_us-central 9359
Get_Thrift_Server_Storage_us-central 9380
Get_Azure_us-central 12354
Get_Thrift_Server_Storage_us-central 12379
Get_Azure_us-central 13343
Get_Thrift_Server_Storage_us-central 13364
Get_Azure_us-central 32776
Get_Thrift_Server_Storage_us-central 32792
Get_Azure_us-central 12264
Get_Thrift_Server_Storage_us-central 12284
Get_Azure_us-central 16171
Get_Thrift_Server_Storage_us-central 16191
Get_Azure_us-central 12174
Get_Thrift_Server_Storage_us-central 12191
Get_Azure_us-central 30056
Get_Thrift_Server_Storage_us-central 30074
Get_Azure_us-central 34481
Get_Thrift_Server_Storage_us-central 34499
Get_Azure_us-central 15110
Get_Thrift_Server_Storage_us-central 15130
Get_Azure_us-central 14438
Get_Thrift_Server_Storage_us-central 14455
Get_Azure_us-central 13332
Get_Thrift_Server_Storage_us-central 13350
Get_Azure_us-central 12623
Get_Thrift_Server_Storage_us-central 12641
Get_Azure_us-central 15334
Get_Thrift_Server_Storage_us-central 15353
Get_Azure_us-central 9423
Get_Thrift_Server_Storage_us-central 9440
Get_Azure_us-central 11629
Get_Thrift_Server_Storage_us-central 11651
Get_Azure_us-central 11977
Get_Thrift_Server_Storage_us-central 11995
Get_Azure_us-central 9291
Get_Thrift_Server_Storage_us-central 9309
Get_Azure_us-central 10753
Get_Thrift_Server_Storage_us-central 10772
Get_Azure_us-central 10661
Get_Thrift_Server_Storage_us-central 10682
Get_Azure_us-central 9739
Get_Thrift_Server_Storage_us-central 9762
Get_Azure_us-central 10291
Get_Thrift_Server_Storage_us-central 10309
Get_Azure_us-central 9858
Get_Thrift_Server_Storage_us-central 9878
Get_Azure_us-central 13771
Get_Thrift_Server_Storage_us-central 13791
Get_Azure_us-central 12475
Get_Thrift_Server_Storage_us-central 12497
Get_Azure_us-central 14215
Get_Thrift_Server_Storage_us-central 14235
Get_Azure_us-central 30295
Get_Thrift_Server_Storage_us-central 30323
Get_Azure_us-central 25838
Get_Thrift_Server_Storage_us-central 25858
Get_Azure_us-central 13659
Get_Thrift_Server_Storage_us-central 13676
Get_Azure_us-central 12165
Get_Thrift_Server_Storage_us-central 12195
Get_Azure_us-central 17210
Get_Thrift_Server_Storage_us-central 17230
Get_Azure_us-central 11627
Get_Thrift_Server_Storage_us-central 11648
Get_Azure_us-central 12064
Get_Thrift_Server_Storage_us-central 12090
Get_Azure_us-central 9702
Get_Thrift_Server_Storage_us-central 9730
Get_Azure_us-central 19329
Get_Thrift_Server_Storage_us-central 19348
Get_Azure_us-central 12724
Get_Thrift_Server_Storage_us-central 12745
Get_Azure_us-central 11944
Get_Thrift_Server_Storage_us-central 11963
Get_Azure_us-central 11890
Get_Thrift_Server_Storage_us-central 11908
Get_Azure_us-central 19748
Get_Thrift_Server_Storage_us-central 19765
Get_Azure_us-central 13555
Get_Thrift_Server_Storage_us-central 13573
Get_Azure_us-central 16104
Get_Thrift_Server_Storage_us-central 16126
Get_Azure_us-central 13686
Get_Thrift_Server_Storage_us-central 13703
Get_Azure_us-central 29654
Get_Thrift_Server_Storage_us-central 29671
Get_Azure_us-central 95682
Get_Thrift_Server_Storage_us-central 95699
Get_Azure_us-central 11720
Get_Thrift_Server_Storage_us-central 11746
Get_Azure_us-central 9819
Get_Thrift_Server_Storage_us-central 9836
Get_Azure_us-central 14267
Get_Thrift_Server_Storage_us-central 14284
Get_Azure_us-central 9200
Get_Thrift_Server_Storage_us-central 9217
Get_Azure_us-central 9144
Get_Thrift_Server_Storage_us-central 9161
Get_Azure_us-central 10639
Get_Thrift_Server_Storage_us-central 10656
Get_Azure_us-central 9687
Get_Thrift_Server_Storage_us-central 9702
Get_Azure_us-central 12079
Get_Thrift_Server_Storage_us-central 12096
Get_Azure_us-central 10144
Get_Thrift_Server_Storage_us-central 10162
Get_Azure_us-central 10445
Get_Thrift_Server_Storage_us-central 10463
Get_Azure_us-central 12680
Get_Thrift_Server_Storage_us-central 12701
Get_Azure_us-central 11676
Get_Thrift_Server_Storage_us-central 11695
Get_Azure_us-central 25868
Get_Thrift_Server_Storage_us-central 25886
Get_Azure_us-central 24784
Get_Thrift_Server_Storage_us-central 24802
Get_Azure_us-central 11663
Get_Thrift_Server_Storage_us-central 11680
Get_Azure_us-central 13227
Get_Thrift_Server_Storage_us-central 13255
Get_Azure_us-central 9078
Get_Thrift_Server_Storage_us-central 9097
Get_Azure_us-central 11639
Get_Thrift_Server_Storage_us-central 11661
Get_Azure_us-central 12592
Get_Thrift_Server_Storage_us-central 12609
Get_Azure_us-central 10609
Get_Thrift_Server_Storage_us-central 10625
Get_Azure_us-central 36670
Get_Thrift_Server_Storage_us-central 36688
Get_Azure_us-central 13152
Get_Thrift_Server_Storage_us-central 13169
Get_Azure_us-central 19523
Get_Thrift_Server_Storage_us-central 19539
Get_Azure_us-central 12294
Get_Thrift_Server_Storage_us-central 12311
Get_Azure_us-central 9920
Get_Thrift_Server_Storage_us-central 9936
Get_Azure_us-central 13234
Get_Thrift_Server_Storage_us-central 13271
Get_Azure_us-central 11413
Get_Thrift_Server_Storage_us-central 11431
Get_Azure_us-central 12807
Get_Thrift_Server_Storage_us-central 12824
Get_Azure_us-central 34887
Get_Thrift_Server_Storage_us-central 34905
Get_Azure_us-central 11455
Get_Thrift_Server_Storage_us-central 11471
Get_Azure_us-central 15073
Get_Thrift_Server_Storage_us-central 15088
Get_Azure_us-central 10582
Get_Thrift_Server_Storage_us-central 10598
Get_Azure_us-central 12917
Get_Thrift_Server_Storage_us-central 12934
Get_Azure_us-central 41810
Get_Thrift_Server_Storage_us-central 41832
Get_Azure_us-central 9802
Get_Thrift_Server_Storage_us-central 9818
Get_Azure_us-central 12651
Get_Thrift_Server_Storage_us-central 12669
Get_Azure_us-central 12947
Get_Thrift_Server_Storage_us-central 12965
Get_Azure_us-central 10503
Get_Thrift_Server_Storage_us-central 10521
Get_Azure_us-central 35252
Get_Thrift_Server_Storage_us-central 35273
Get_Azure_us-central 13828
Get_Thrift_Server_Storage_us-central 13847
Get_Azure_us-central 15856
Get_Thrift_Server_Storage_us-central 15873
Get_Azure_us-central 15346
Get_Thrift_Server_Storage_us-central 15365
Get_Azure_us-central 11269
Get_Thrift_Server_Storage_us-central 11287
Get_Azure_us-central 12760
Get_Thrift_Server_Storage_us-central 12776
Get_Azure_us-central 12189
Get_Thrift_Server_Storage_us-central 12208
Get_Azure_us-central 12015
Get_Thrift_Server_Storage_us-central 12034
Get_Azure_us-central 14366
Get_Thrift_Server_Storage_us-central 14400
Get_Azure_us-central 13823
Get_Thrift_Server_Storage_us-central 13840
Get_Azure_us-central 12311
Get_Thrift_Server_Storage_us-central 12330
Get_Azure_us-central 12669
Get_Thrift_Server_Storage_us-central 12687
Get_Azure_us-central 13864
Get_Thrift_Server_Storage_us-central 13890
Get_Azure_us-central 11284
Get_Thrift_Server_Storage_us-central 11307
Get_Azure_us-central 12955
Get_Thrift_Server_Storage_us-central 12973
Get_Azure_us-central 62083
Get_Thrift_Server_Storage_us-central 62102
Get_Azure_us-central 11813
Get_Thrift_Server_Storage_us-central 11835
Get_Azure_us-central 12835
Get_Thrift_Server_Storage_us-central 12858
Get_Azure_us-central 9267
Get_Thrift_Server_Storage_us-central 9286
Get_Azure_us-central 33016
Get_Thrift_Server_Storage_us-central 33042
Get_Azure_us-central 34229
Get_Thrift_Server_Storage_us-central 34255
Get_Azure_us-central 30304
Get_Thrift_Server_Storage_us-central 30327
Get_Azure_us-central 13497
Get_Thrift_Server_Storage_us-central 13519
Get_Azure_us-central 47125
Get_Thrift_Server_Storage_us-central 47143
Get_Azure_us-central 11732
Get_Thrift_Server_Storage_us-central 11749
Get_Azure_us-central 14712
Get_Thrift_Server_Storage_us-central 14730
Get_Azure_us-central 10657
Get_Thrift_Server_Storage_us-central 10679
Get_Azure_us-central 9593
Get_Thrift_Server_Storage_us-central 9614
Get_Azure_us-central 14632
Get_Thrift_Server_Storage_us-central 14656
Get_Azure_us-central 16773
Get_Thrift_Server_Storage_us-central 16793
Get_Azure_us-central 12654
Get_Thrift_Server_Storage_us-central 12672
Get_Azure_us-central 11730
Get_Thrift_Server_Storage_us-central 11747
Get_Azure_us-central 11794
Get_Thrift_Server_Storage_us-central 11813
Get_Azure_us-central 10594
Get_Thrift_Server_Storage_us-central 10617
Get_Azure_us-central 10955
Get_Thrift_Server_Storage_us-central 10973
Get_Azure_us-central 33477
Get_Thrift_Server_Storage_us-central 33496
Get_Azure_us-central 13096
Get_Thrift_Server_Storage_us-central 13114
Get_Azure_us-central 11251
Get_Thrift_Server_Storage_us-central 11271
Get_Azure_us-central 15660
Get_Thrift_Server_Storage_us-central 15680
Get_Azure_us-central 8806
Get_Thrift_Server_Storage_us-central 8830
Get_Azure_us-central 19332
Get_Thrift_Server_Storage_us-central 19351
Get_Azure_us-central 12480
Get_Thrift_Server_Storage_us-central 12498
Get_Azure_us-central 11969
Get_Thrift_Server_Storage_us-central 11992
Get_Azure_us-central 9580
Get_Thrift_Server_Storage_us-central 9597
Get_Azure_us-central 13602
Get_Thrift_Server_Storage_us-central 13620
Get_Azure_us-central 18549
Get_Thrift_Server_Storage_us-central 18570
Get_Azure_us-central 12894
Get_Thrift_Server_Storage_us-central 12912
Get_Azure_us-central 11988
Get_Thrift_Server_Storage_us-central 12005
Get_Azure_us-central 10214
Get_Thrift_Server_Storage_us-central 10233
Get_Azure_us-central 13094
Get_Thrift_Server_Storage_us-central 13112
Get_Azure_us-central 9110
Get_Thrift_Server_Storage_us-central 9127
Get_Azure_us-central 9409
Get_Thrift_Server_Storage_us-central 9427
Get_Azure_us-central 11773
Get_Thrift_Server_Storage_us-central 11791
Get_Azure_us-central 11611
Get_Thrift_Server_Storage_us-central 11629
Get_Azure_us-central 17872
Get_Thrift_Server_Storage_us-central 17899
Get_Azure_us-central 12162
Get_Thrift_Server_Storage_us-central 12179
Get_Azure_us-central 10045
Get_Thrift_Server_Storage_us-central 10060
Get_Azure_us-central 8776
Get_Thrift_Server_Storage_us-central 8792
Get_Azure_us-central 9995
Get_Thrift_Server_Storage_us-central 10012
Get_Azure_us-central 16047
Get_Thrift_Server_Storage_us-central 16063
Get_Azure_us-central 12541
Get_Thrift_Server_Storage_us-central 12562
Get_Azure_us-central 10615
Get_Thrift_Server_Storage_us-central 10633
Get_Azure_us-central 11917
Get_Thrift_Server_Storage_us-central 11933
Get_Azure_us-central 9209
Get_Thrift_Server_Storage_us-central 9227
Get_Azure_us-central 12036
Get_Thrift_Server_Storage_us-central 12053
Get_Azure_us-central 13147
Get_Thrift_Server_Storage_us-central 13163
Get_Azure_us-central 12649
Get_Thrift_Server_Storage_us-central 12670
Get_Azure_us-central 10234
Get_Thrift_Server_Storage_us-central 10257
Get_Azure_us-central 11619
Get_Thrift_Server_Storage_us-central 11641
Get_Azure_us-central 10205
Get_Thrift_Server_Storage_us-central 10224
Get_Azure_us-central 11654
Get_Thrift_Server_Storage_us-central 11675
Get_Azure_us-central 14271
Get_Thrift_Server_Storage_us-central 14288
Get_Azure_us-central 11960
Get_Thrift_Server_Storage_us-central 11978
Get_Azure_us-central 12739
Get_Thrift_Server_Storage_us-central 12756
Get_Azure_us-central 10533
Get_Thrift_Server_Storage_us-central 10551
Get_Azure_us-central 9196
Get_Thrift_Server_Storage_us-central 9215
Get_Azure_us-central 12741
Get_Thrift_Server_Storage_us-central 12759
Get_Azure_us-central 17800
Get_Thrift_Server_Storage_us-central 17817
Get_Azure_us-central 12642
Get_Thrift_Server_Storage_us-central 12658
Get_Azure_us-central 22334
Get_Thrift_Server_Storage_us-central 22352
Get_Azure_us-central 10600
Get_Thrift_Server_Storage_us-central 10617
Get_Azure_us-central 13984
Get_Thrift_Server_Storage_us-central 14007
Get_Azure_us-central 12015
Get_Thrift_Server_Storage_us-central 12032
Get_Azure_us-central 9498
Get_Thrift_Server_Storage_us-central 9514
Get_Azure_us-central 12595
Get_Thrift_Server_Storage_us-central 12616
Get_Azure_us-central 9611
Get_Thrift_Server_Storage_us-central 9632
Get_Azure_us-central 16049
Get_Thrift_Server_Storage_us-central 16067
Get_Azure_us-central 14545
Get_Thrift_Server_Storage_us-central 14568
Get_Azure_us-central 13871
Get_Thrift_Server_Storage_us-central 13891
Get_Azure_us-central 9461
Get_Thrift_Server_Storage_us-central 9486
Get_Azure_us-central 10243
Get_Thrift_Server_Storage_us-central 10263
Get_Azure_us-central 12515
Get_Thrift_Server_Storage_us-central 12532
Get_Azure_us-central 13572
Get_Thrift_Server_Storage_us-central 13592
Get_Azure_us-central 9568
Get_Thrift_Server_Storage_us-central 9591
Get_Azure_us-central 9825
Get_Thrift_Server_Storage_us-central 9844
Get_Azure_us-central 12894
Get_Thrift_Server_Storage_us-central 12913
Get_Azure_us-central 12938
Get_Thrift_Server_Storage_us-central 12957
Get_Azure_us-central 10747
Get_Thrift_Server_Storage_us-central 10765
Get_Azure_us-central 11491
Get_Thrift_Server_Storage_us-central 11510
Get_Azure_us-central 10716
Get_Thrift_Server_Storage_us-central 10735
Get_Azure_us-central 14068
Get_Thrift_Server_Storage_us-central 14085
Get_Azure_us-central 13093
Get_Thrift_Server_Storage_us-central 13111
Get_Azure_us-central 24152
Get_Thrift_Server_Storage_us-central 24169
Get_Azure_us-central 14183
Get_Thrift_Server_Storage_us-central 14200
Get_Azure_us-central 9910
Get_Thrift_Server_Storage_us-central 9928
Get_Azure_us-central 10486
Get_Thrift_Server_Storage_us-central 10517
Get_Azure_us-central 8895
Get_Thrift_Server_Storage_us-central 8911
Get_Azure_us-central 11430
Get_Thrift_Server_Storage_us-central 11450
Get_Azure_us-central 13041
Get_Thrift_Server_Storage_us-central 13059
Get_Azure_us-central 9539
Get_Thrift_Server_Storage_us-central 9558
Get_Azure_us-central 11904
Get_Thrift_Server_Storage_us-central 11921
Get_Azure_us-central 15873
Get_Thrift_Server_Storage_us-central 15893
Get_Azure_us-central 11723
Get_Thrift_Server_Storage_us-central 11742
Get_Azure_us-central 13845
Get_Thrift_Server_Storage_us-central 13862
Get_Azure_us-central 16332
Get_Thrift_Server_Storage_us-central 16351
Get_Azure_us-central 61342
Get_Thrift_Server_Storage_us-central 61361
Get_Azure_us-central 12560
Get_Thrift_Server_Storage_us-central 12580
Get_Azure_us-central 11543
Get_Thrift_Server_Storage_us-central 11563
Get_Azure_us-central 13921
Get_Thrift_Server_Storage_us-central 13938
Get_Azure_us-central 13058
Get_Thrift_Server_Storage_us-central 13080
Get_Azure_us-central 11003
Get_Thrift_Server_Storage_us-central 11021
Get_Azure_us-central 11559
Get_Thrift_Server_Storage_us-central 11577
Get_Azure_us-central 15169
Get_Thrift_Server_Storage_us-central 15188
Get_Azure_us-central 12670
Get_Thrift_Server_Storage_us-central 12688
Get_Azure_us-central 14869
Get_Thrift_Server_Storage_us-central 14890
Get_Azure_us-central 13197
Get_Thrift_Server_Storage_us-central 13214
Get_Azure_us-central 15386
Get_Thrift_Server_Storage_us-central 15402
Get_Azure_us-central 19311
Get_Thrift_Server_Storage_us-central 19328
Get_Azure_us-central 11027
Get_Thrift_Server_Storage_us-central 11044
Get_Azure_us-central 12335
Get_Thrift_Server_Storage_us-central 12356
Get_Azure_us-central 11995
Get_Thrift_Server_Storage_us-central 12014
Get_Azure_us-central 13110
Get_Thrift_Server_Storage_us-central 13128
Get_Azure_us-central 12270
Get_Thrift_Server_Storage_us-central 12292
Get_Azure_us-central 18148
Get_Thrift_Server_Storage_us-central 18173
Get_Azure_us-central 14303
Get_Thrift_Server_Storage_us-central 14321
Get_Azure_us-central 14911
Get_Thrift_Server_Storage_us-central 14928
Get_Azure_us-central 8876
Get_Thrift_Server_Storage_us-central 8894
Get_Azure_us-central 11752
Get_Thrift_Server_Storage_us-central 11769
Get_Azure_us-central 12665
Get_Thrift_Server_Storage_us-central 12696
Get_Azure_us-central 12042
Get_Thrift_Server_Storage_us-central 12059
Get_Azure_us-central 13473
Get_Thrift_Server_Storage_us-central 13490
Get_Azure_us-central 12819
Get_Thrift_Server_Storage_us-central 12834
Get_Azure_us-central 12954
Get_Thrift_Server_Storage_us-central 12971
Get_Azure_us-central 9967
Get_Thrift_Server_Storage_us-central 9984
Get_Azure_us-central 11888
Get_Thrift_Server_Storage_us-central 11909
Get_Azure_us-central 12173
Get_Thrift_Server_Storage_us-central 12189
Get_Azure_us-central 12326
Get_Thrift_Server_Storage_us-central 12345
Get_Azure_us-central 22195
Get_Thrift_Server_Storage_us-central 22214
Get_Azure_us-central 17121
Get_Thrift_Server_Storage_us-central 17140
Get_Azure_us-central 12015
Get_Thrift_Server_Storage_us-central 12036
Get_Azure_us-central 11917
Get_Thrift_Server_Storage_us-central 11934
Get_Azure_us-central 13292
Get_Thrift_Server_Storage_us-central 13309
Get_Azure_us-central 12643
Get_Thrift_Server_Storage_us-central 12664
Get_Azure_us-central 10021
Get_Thrift_Server_Storage_us-central 10043
Get_Azure_us-central 21535
Get_Thrift_Server_Storage_us-central 21558
Get_Azure_us-central 13943
Get_Thrift_Server_Storage_us-central 13965
Get_Azure_us-central 11915
Get_Thrift_Server_Storage_us-central 11933
Get_Azure_us-central 16319
Get_Thrift_Server_Storage_us-central 16340
Get_Azure_us-central 10483
Get_Thrift_Server_Storage_us-central 10507
Get_Azure_us-central 59754
Get_Thrift_Server_Storage_us-central 59778
Get_Azure_us-central 18903
Get_Thrift_Server_Storage_us-central 18924
Get_Azure_us-central 27071
Get_Thrift_Server_Storage_us-central 27090
Get_Azure_us-central 13469
Get_Thrift_Server_Storage_us-central 13487
Get_Azure_us-central 55209
Get_Thrift_Server_Storage_us-central 55228
Get_Azure_us-central 21225
Get_Thrift_Server_Storage_us-central 21244
Get_Azure_us-central 12211
Get_Thrift_Server_Storage_us-central 12235
Get_Azure_us-central 9352
Get_Thrift_Server_Storage_us-central 9373
Get_Azure_us-central 11997
Get_Thrift_Server_Storage_us-central 12016
Get_Azure_us-central 11521
Get_Thrift_Server_Storage_us-central 11540
Get_Azure_us-central 12607
Get_Thrift_Server_Storage_us-central 12626
Get_Azure_us-central 8694
Get_Thrift_Server_Storage_us-central 8713
Get_Azure_us-central 12950
Get_Thrift_Server_Storage_us-central 12968
Get_Azure_us-central 10422
Get_Thrift_Server_Storage_us-central 10438
Get_Azure_us-central 33189
Get_Thrift_Server_Storage_us-central 33206
Get_Azure_us-central 33105
Get_Thrift_Server_Storage_us-central 33123
Get_Azure_us-central 11611
Get_Thrift_Server_Storage_us-central 11629
Get_Azure_us-central 12447
Get_Thrift_Server_Storage_us-central 12464
Get_Azure_us-central 12624
Get_Thrift_Server_Storage_us-central 12644
Get_Azure_us-central 12886
Get_Thrift_Server_Storage_us-central 12903
Get_Azure_us-central 23787
Get_Thrift_Server_Storage_us-central 23804
Get_Azure_us-central 11894
Get_Thrift_Server_Storage_us-central 11911
Get_Azure_us-central 15300
Get_Thrift_Server_Storage_us-central 15317
Get_Azure_us-central 13340
Get_Thrift_Server_Storage_us-central 13356
Get_Azure_us-central 15007
Get_Thrift_Server_Storage_us-central 15028
Get_Azure_us-central 26414
Get_Thrift_Server_Storage_us-central 26431
Get_Azure_us-central 12192
Get_Thrift_Server_Storage_us-central 12210
Get_Azure_us-central 14764
Get_Thrift_Server_Storage_us-central 14784
Get_Azure_us-central 14559
Get_Thrift_Server_Storage_us-central 14578
Get_Azure_us-central 11696
Get_Thrift_Server_Storage_us-central 11714
Get_Azure_us-central 21182
Get_Thrift_Server_Storage_us-central 21200
Get_Azure_us-central 13697
Get_Thrift_Server_Storage_us-central 13714
Get_Azure_us-central 12851
Get_Thrift_Server_Storage_us-central 12869
Get_Azure_us-central 32945
Get_Thrift_Server_Storage_us-central 32963
Get_Azure_us-central 14271
Get_Thrift_Server_Storage_us-central 14287
Get_Azure_us-central 12343
Get_Thrift_Server_Storage_us-central 12362
Get_Azure_us-central 16594
Get_Thrift_Server_Storage_us-central 16611
Get_Azure_us-central 34332
Get_Thrift_Server_Storage_us-central 34353
Get_Azure_us-central 17588
Get_Thrift_Server_Storage_us-central 17610
Get_Azure_us-central 12168
Get_Thrift_Server_Storage_us-central 12186
Get_Azure_us-central 17321
Get_Thrift_Server_Storage_us-central 17340
Get_Azure_us-central 20580
Get_Thrift_Server_Storage_us-central 20599
Get_Azure_us-central 10291
Get_Thrift_Server_Storage_us-central 10309
Get_Azure_us-central 12876
Get_Thrift_Server_Storage_us-central 12893
Get_Azure_us-central 11721
Get_Thrift_Server_Storage_us-central 11743
Get_Azure_us-central 12215
Get_Thrift_Server_Storage_us-central 12232
Get_Azure_us-central 12520
Get_Thrift_Server_Storage_us-central 12540
Get_Azure_us-central 12727
Get_Thrift_Server_Storage_us-central 12745
Get_Azure_us-central 22312
Get_Thrift_Server_Storage_us-central 22329
Get_Azure_us-central 21564
Get_Thrift_Server_Storage_us-central 21588
Get_Azure_us-central 13382
Get_Thrift_Server_Storage_us-central 13400
Get_Azure_us-central 12431
Get_Thrift_Server_Storage_us-central 12448
Get_Azure_us-central 8823
Get_Thrift_Server_Storage_us-central 8842
Get_Azure_us-central 11748
Get_Thrift_Server_Storage_us-central 11764
Get_Azure_us-central 13183
Get_Thrift_Server_Storage_us-central 13203
Get_Azure_us-central 12952
Get_Thrift_Server_Storage_us-central 12977
Get_Azure_us-central 11265
Get_Thrift_Server_Storage_us-central 11285
Get_Azure_us-central 14510
Get_Thrift_Server_Storage_us-central 14533
Get_Azure_us-central 11995
Get_Thrift_Server_Storage_us-central 12016
Get_Azure_us-central 12087
Get_Thrift_Server_Storage_us-central 12106
Get_Azure_us-central 12905
Get_Thrift_Server_Storage_us-central 12932
Get_Azure_us-central 14084
Get_Thrift_Server_Storage_us-central 14108
Get_Azure_us-central 23552
Get_Thrift_Server_Storage_us-central 23570
Get_Azure_us-central 9368
Get_Thrift_Server_Storage_us-central 9389
Get_Azure_us-central 13953
Get_Thrift_Server_Storage_us-central 13974
Get_Azure_us-central 11208
Get_Thrift_Server_Storage_us-central 11226
Get_Azure_us-central 10222
Get_Thrift_Server_Storage_us-central 10239
Get_Azure_us-central 18838
Get_Thrift_Server_Storage_us-central 18855
Get_Azure_us-central 13581
Get_Thrift_Server_Storage_us-central 13596
Get_Azure_us-central 17810
Get_Thrift_Server_Storage_us-central 17827
Get_Azure_us-central 12015
Get_Thrift_Server_Storage_us-central 12033
Get_Azure_us-central 9566
Get_Thrift_Server_Storage_us-central 9582
Get_Azure_us-central 29933
Get_Thrift_Server_Storage_us-central 29951
Get_Azure_us-central 9838
Get_Thrift_Server_Storage_us-central 9853
Get_Azure_us-central 10585
Get_Thrift_Server_Storage_us-central 10600
Get_Azure_us-central 9892
Get_Thrift_Server_Storage_us-central 9909
Get_Azure_us-central 9912
Get_Thrift_Server_Storage_us-central 9934
Get_Azure_us-central 10066
Get_Thrift_Server_Storage_us-central 10082
Get_Azure_us-central 11575
Get_Thrift_Server_Storage_us-central 11597
Get_Azure_us-central 9193
Get_Thrift_Server_Storage_us-central 9230
Get_Azure_us-central 23710
Get_Thrift_Server_Storage_us-central 23727
Get_Azure_us-central 11848
Get_Thrift_Server_Storage_us-central 11864
Get_Azure_us-central 10065
Get_Thrift_Server_Storage_us-central 10083
Get_Azure_us-central 11388
Get_Thrift_Server_Storage_us-central 11405
Get_Azure_us-central 10103
Get_Thrift_Server_Storage_us-central 10121
Get_Azure_us-central 11936
Get_Thrift_Server_Storage_us-central 11955
Get_Azure_us-central 11943
Get_Thrift_Server_Storage_us-central 11961
Get_Azure_us-central 9794
Get_Thrift_Server_Storage_us-central 9815
Get_Azure_us-central 10817
Get_Thrift_Server_Storage_us-central 10834
Get_Azure_us-central 17446
Get_Thrift_Server_Storage_us-central 17464
Get_Azure_us-central 12065
Get_Thrift_Server_Storage_us-central 12084
Get_Azure_us-central 8647
Get_Thrift_Server_Storage_us-central 8668
Get_Azure_us-central 14499
Get_Thrift_Server_Storage_us-central 14518
Get_Azure_us-central 13825
Get_Thrift_Server_Storage_us-central 13843
Get_Azure_us-central 9695
Get_Thrift_Server_Storage_us-central 9712
Get_Azure_us-central 12479
Get_Thrift_Server_Storage_us-central 12502
Get_Azure_us-central 9114
Get_Thrift_Server_Storage_us-central 9133
Get_Azure_us-central 18662
Get_Thrift_Server_Storage_us-central 18681
Get_Azure_us-central 13893
Get_Thrift_Server_Storage_us-central 13914
Get_Azure_us-central 29576
Get_Thrift_Server_Storage_us-central 29595
Get_Azure_us-central 9630
Get_Thrift_Server_Storage_us-central 9647
Get_Azure_us-central 12016
Get_Thrift_Server_Storage_us-central 12031
Get_Azure_us-central 9898
Get_Thrift_Server_Storage_us-central 9914
Get_Azure_us-central 12209
Get_Thrift_Server_Storage_us-central 12229
Get_Azure_us-central 13525
Get_Thrift_Server_Storage_us-central 13545
Get_Azure_us-central 13533
Get_Thrift_Server_Storage_us-central 13550
Get_Azure_us-central 9917
Get_Thrift_Server_Storage_us-central 9935
Get_Azure_us-central 10764
Get_Thrift_Server_Storage_us-central 10782
Get_Azure_us-central 21319
Get_Thrift_Server_Storage_us-central 21338
Get_Azure_us-central 9130
Get_Thrift_Server_Storage_us-central 9147
Get_Azure_us-central 9886
Get_Thrift_Server_Storage_us-central 9910
Get_Azure_us-central 9966
Get_Thrift_Server_Storage_us-central 9986
Get_Azure_us-central 11122
Get_Thrift_Server_Storage_us-central 11140
Get_Azure_us-central 9408
Get_Thrift_Server_Storage_us-central 9426
Get_Azure_us-central 12407
Get_Thrift_Server_Storage_us-central 12432
Get_Azure_us-central 11928
Get_Thrift_Server_Storage_us-central 11947
Get_Azure_us-central 11550
Get_Thrift_Server_Storage_us-central 11569
Get_Azure_us-central 14198
Get_Thrift_Server_Storage_us-central 14216
Get_Azure_us-central 10225
Get_Thrift_Server_Storage_us-central 10242
Get_Azure_us-central 11816
Get_Thrift_Server_Storage_us-central 11833
Get_Azure_us-central 18289
Get_Thrift_Server_Storage_us-central 18306
Get_Azure_us-central 12508
Get_Thrift_Server_Storage_us-central 12524
Get_Azure_us-central 9774
Get_Thrift_Server_Storage_us-central 9880
Get_Azure_us-central 18547
Get_Thrift_Server_Storage_us-central 18566
Get_Azure_us-central 12266
Get_Thrift_Server_Storage_us-central 12284
Get_Azure_us-central 14836
Get_Thrift_Server_Storage_us-central 14855
Get_Azure_us-central 12114
Get_Thrift_Server_Storage_us-central 12144
Get_Azure_us-central 10589
Get_Thrift_Server_Storage_us-central 10606
Get_Azure_us-central 16215
Get_Thrift_Server_Storage_us-central 16237
Get_Azure_us-central 43782
Get_Thrift_Server_Storage_us-central 43806
Get_Azure_us-central 36154
Get_Thrift_Server_Storage_us-central 36172
Get_Azure_us-central 30186
Get_Thrift_Server_Storage_us-central 30207
Get_Azure_us-central 11729
Get_Thrift_Server_Storage_us-central 11749
Get_Azure_us-central 27443
Get_Thrift_Server_Storage_us-central 27461
Get_Azure_us-central 42685
Get_Thrift_Server_Storage_us-central 42714
Get_Azure_us-central 13385
Get_Thrift_Server_Storage_us-central 13404
Get_Azure_us-central 13188
Get_Thrift_Server_Storage_us-central 13205
Get_Azure_us-central 12712
Get_Thrift_Server_Storage_us-central 12730
Get_Azure_us-central 12546
Get_Thrift_Server_Storage_us-central 12564
Get_Azure_us-central 12953
Get_Thrift_Server_Storage_us-central 12971
Get_Azure_us-central 14744
Get_Thrift_Server_Storage_us-central 14763
Get_Azure_us-central 11588
Get_Thrift_Server_Storage_us-central 11605
Get_Azure_us-central 13247
Get_Thrift_Server_Storage_us-central 13265
Get_Azure_us-central 10439
Get_Thrift_Server_Storage_us-central 10463
Get_Azure_us-central 14996
Get_Thrift_Server_Storage_us-central 15014
Get_Azure_us-central 15181
Get_Thrift_Server_Storage_us-central 15198
Get_Azure_us-central 28904
Get_Thrift_Server_Storage_us-central 28927
Get_Azure_us-central 18258
Get_Thrift_Server_Storage_us-central 18276
Get_Azure_us-central 16350
Get_Thrift_Server_Storage_us-central 16368
Get_Azure_us-central 12394
Get_Thrift_Server_Storage_us-central 12412
Get_Azure_us-central 12411
Get_Thrift_Server_Storage_us-central 12430
Get_Azure_us-central 12340
Get_Thrift_Server_Storage_us-central 12368
Get_Azure_us-central 11400
Get_Thrift_Server_Storage_us-central 11425
Get_Azure_us-central 20485
Get_Thrift_Server_Storage_us-central 20506
Get_Azure_us-central 30966
Get_Thrift_Server_Storage_us-central 30985
Get_Azure_us-central 21984
Get_Thrift_Server_Storage_us-central 22005
Get_Azure_us-central 12076
Get_Thrift_Server_Storage_us-central 12093
Get_Azure_us-central 15259
Get_Thrift_Server_Storage_us-central 15280
Get_Azure_us-central 17688
Get_Thrift_Server_Storage_us-central 17705
Get_Azure_us-central 23419
Get_Thrift_Server_Storage_us-central 23437
Get_Azure_us-central 15987
Get_Thrift_Server_Storage_us-central 16004
Get_Azure_us-central 54097
Get_Thrift_Server_Storage_us-central 54121
Get_Azure_us-central 17432
Get_Thrift_Server_Storage_us-central 17449
Get_Azure_us-central 12195
Get_Thrift_Server_Storage_us-central 12213
Get_Azure_us-central 35209
Get_Thrift_Server_Storage_us-central 35227
Get_Azure_us-central 11802
Get_Thrift_Server_Storage_us-central 11823
Get_Azure_us-central 10082
Get_Thrift_Server_Storage_us-central 10102
Get_Azure_us-central 8966
Get_Thrift_Server_Storage_us-central 8988
Get_Azure_us-central 10809
Get_Thrift_Server_Storage_us-central 10833
Get_Azure_us-central 13913
Get_Thrift_Server_Storage_us-central 13931
Get_Azure_us-central 11628
Get_Thrift_Server_Storage_us-central 11646
Get_Azure_us-central 24910
Get_Thrift_Server_Storage_us-central 24928
Get_Azure_us-central 12180
Get_Thrift_Server_Storage_us-central 12197
Get_Azure_us-central 17813
Get_Thrift_Server_Storage_us-central 17831
Get_Azure_us-central 16711
Get_Thrift_Server_Storage_us-central 16733
Get_Azure_us-central 42251
Get_Thrift_Server_Storage_us-central 42269
Get_Azure_us-central 11794
Get_Thrift_Server_Storage_us-central 11813
Get_Azure_us-central 20346
Get_Thrift_Server_Storage_us-central 20364
Get_Azure_us-central 21038
Get_Thrift_Server_Storage_us-central 21061
Get_Azure_us-central 9933
Get_Thrift_Server_Storage_us-central 9959
Get_Azure_us-central 9654
Get_Thrift_Server_Storage_us-central 9679
Get_Azure_us-central 11226
Get_Thrift_Server_Storage_us-central 11246
Get_Azure_us-central 12266
Get_Thrift_Server_Storage_us-central 12286
Get_Azure_us-central 18526
Get_Thrift_Server_Storage_us-central 18543
Get_Azure_us-central 17131
Get_Thrift_Server_Storage_us-central 17146
Get_Azure_us-central 14373
Get_Thrift_Server_Storage_us-central 14390
Get_Azure_us-central 13086
Get_Thrift_Server_Storage_us-central 13102
Get_Azure_us-central 26366
Get_Thrift_Server_Storage_us-central 26383
Get_Azure_us-central 13776
Get_Thrift_Server_Storage_us-central 13793
Get_Azure_us-central 68911
Get_Thrift_Server_Storage_us-central 68930
Get_Azure_us-central 33571
Get_Thrift_Server_Storage_us-central 33591
Get_Azure_us-central 11576
Get_Thrift_Server_Storage_us-central 11600
Get_Azure_us-central 17127
Get_Thrift_Server_Storage_us-central 17147
Get_Azure_us-central 21007
Get_Thrift_Server_Storage_us-central 21026
Get_Azure_us-central 12081
Get_Thrift_Server_Storage_us-central 12098
Get_Azure_us-central 12502
Get_Thrift_Server_Storage_us-central 12522
Get_Azure_us-central 17567
Get_Thrift_Server_Storage_us-central 17588
Get_Azure_us-central 15213
Get_Thrift_Server_Storage_us-central 15235
Get_Azure_us-central 11986
Get_Thrift_Server_Storage_us-central 12008
Get_Azure_us-central 12512
Get_Thrift_Server_Storage_us-central 12530
Get_Azure_us-central 11490
Get_Thrift_Server_Storage_us-central 11513
Get_Azure_us-central 9288
Get_Thrift_Server_Storage_us-central 9313
Get_Azure_us-central 9816
Get_Thrift_Server_Storage_us-central 9838
Get_Azure_us-central 20219
Get_Thrift_Server_Storage_us-central 20239
Get_Azure_us-central 14137
Get_Thrift_Server_Storage_us-central 14159
Get_Azure_us-central 20231
Get_Thrift_Server_Storage_us-central 20254
Get_Azure_us-central 12461
Get_Thrift_Server_Storage_us-central 12486
Get_Azure_us-central 10671
Get_Thrift_Server_Storage_us-central 10700
Get_Azure_us-central 79112
Get_Thrift_Server_Storage_us-central 79142
Get_Azure_us-central 12733
Get_Thrift_Server_Storage_us-central 12756
Get_Azure_us-central 15013
Get_Thrift_Server_Storage_us-central 15033
Get_Azure_us-central 16702
Get_Thrift_Server_Storage_us-central 16732
Get_Azure_us-central 11952
Get_Thrift_Server_Storage_us-central 11972
Get_Azure_us-central 8429
Get_Thrift_Server_Storage_us-central 8447
Get_Azure_us-central 19586
Get_Thrift_Server_Storage_us-central 19611
Get_Azure_us-central 9710
Get_Thrift_Server_Storage_us-central 9736
Get_Azure_us-central 22056
Get_Thrift_Server_Storage_us-central 22074
Get_Azure_us-central 32490
Get_Thrift_Server_Storage_us-central 32507
Get_Azure_us-central 12662
Get_Thrift_Server_Storage_us-central 12679
Get_Azure_us-central 11985
Get_Thrift_Server_Storage_us-central 12004
Get_Azure_us-central 12907
Get_Thrift_Server_Storage_us-central 12927
Get_Azure_us-central 18947
Get_Thrift_Server_Storage_us-central 18966
Get_Azure_us-central 13370
Get_Thrift_Server_Storage_us-central 13387
Get_Azure_us-central 13486
Get_Thrift_Server_Storage_us-central 13504
Get_Azure_us-central 13388
Get_Thrift_Server_Storage_us-central 13408
Get_Azure_us-central 10187
Get_Thrift_Server_Storage_us-central 10205
Get_Azure_us-central 11015
Get_Thrift_Server_Storage_us-central 11034
Get_Azure_us-central 12697
Get_Thrift_Server_Storage_us-central 12718
Get_Azure_us-central 9452
Get_Thrift_Server_Storage_us-central 9472
Get_Azure_us-central 17596
Get_Thrift_Server_Storage_us-central 17616
Get_Azure_us-central 9876
Get_Thrift_Server_Storage_us-central 9895
Get_Azure_us-central 20518
Get_Thrift_Server_Storage_us-central 20536
Get_Azure_us-central 14727
Get_Thrift_Server_Storage_us-central 14748
Get_Azure_us-central 13083
Get_Thrift_Server_Storage_us-central 13102
Get_Azure_us-central 12757
Get_Thrift_Server_Storage_us-central 12774
Get_Azure_us-central 13843
Get_Thrift_Server_Storage_us-central 13867
Get_Azure_us-central 12829
Get_Thrift_Server_Storage_us-central 12849
Get_Azure_us-central 15914
Get_Thrift_Server_Storage_us-central 15950
Get_Azure_us-central 15461
Get_Thrift_Server_Storage_us-central 15477
Get_Azure_us-central 9579
Get_Thrift_Server_Storage_us-central 9601
Get_Azure_us-central 15111
Get_Thrift_Server_Storage_us-central 15130
Get_Azure_us-central 15837
Get_Thrift_Server_Storage_us-central 15855
Get_Azure_us-central 11452
Get_Thrift_Server_Storage_us-central 11470
Get_Azure_us-central 11400
Get_Thrift_Server_Storage_us-central 11417
Get_Azure_us-central 16138
Get_Thrift_Server_Storage_us-central 16162
Get_Azure_us-central 13209
Get_Thrift_Server_Storage_us-central 13227
Get_Azure_us-central 12145
Get_Thrift_Server_Storage_us-central 12164
Get_Azure_us-central 9787
Get_Thrift_Server_Storage_us-central 9806
Get_Azure_us-central 13044
Get_Thrift_Server_Storage_us-central 13067
Get_Azure_us-central 9617
Get_Thrift_Server_Storage_us-central 9637
Get_Azure_us-central 11803
Get_Thrift_Server_Storage_us-central 11821
Get_Azure_us-central 12548
Get_Thrift_Server_Storage_us-central 12566
Get_Azure_us-central 9245
Get_Thrift_Server_Storage_us-central 9264
Get_Azure_us-central 14712
Get_Thrift_Server_Storage_us-central 14731
Get_Azure_us-central 11166
Get_Thrift_Server_Storage_us-central 11188
Get_Azure_us-central 13846
Get_Thrift_Server_Storage_us-central 13866
Get_Azure_us-central 11721
Get_Thrift_Server_Storage_us-central 11741
Get_Azure_us-central 17261
Get_Thrift_Server_Storage_us-central 17283
Get_Azure_us-central 9868
Get_Thrift_Server_Storage_us-central 9890
Get_Azure_us-central 41012
Get_Thrift_Server_Storage_us-central 41032
Get_Azure_us-central 12944
Get_Thrift_Server_Storage_us-central 12962
Get_Azure_us-central 18365
Get_Thrift_Server_Storage_us-central 18388
Get_Azure_us-central 32163
Get_Thrift_Server_Storage_us-central 32187
Get_Azure_us-central 23618
Get_Thrift_Server_Storage_us-central 23641
Get_Azure_us-central 13315
Get_Thrift_Server_Storage_us-central 13333
Get_Azure_us-central 17174
Get_Thrift_Server_Storage_us-central 17207
Get_Azure_us-central 68572
Get_Thrift_Server_Storage_us-central 68598
Get_Azure_us-central 68548
Get_Thrift_Server_Storage_us-central 68570
Get_Azure_us-central 9821
Get_Thrift_Server_Storage_us-central 9848
Get_Azure_us-central 45304
Get_Thrift_Server_Storage_us-central 45328
Get_Azure_us-central 58553
Get_Thrift_Server_Storage_us-central 58584
Get_Azure_us-central 9507
Get_Thrift_Server_Storage_us-central 9528
Get_Azure_us-central 11491
Get_Thrift_Server_Storage_us-central 11510
Get_Azure_us-central 18392
Get_Thrift_Server_Storage_us-central 18411
Get_Azure_us-central 15352
Get_Thrift_Server_Storage_us-central 15369
Get_Azure_us-central 18534
Get_Thrift_Server_Storage_us-central 18551
Get_Azure_us-central 12781
Get_Thrift_Server_Storage_us-central 12799
Get_Azure_us-central 28661
Get_Thrift_Server_Storage_us-central 28679
Get_Azure_us-central 9364
Get_Thrift_Server_Storage_us-central 9383
Get_Azure_us-central 12330
Get_Thrift_Server_Storage_us-central 12347
Get_Azure_us-central 12141
Get_Thrift_Server_Storage_us-central 12158
Get_Azure_us-central 9978
Get_Thrift_Server_Storage_us-central 9994
Get_Azure_us-central 13053
Get_Thrift_Server_Storage_us-central 13069
Get_Azure_us-central 10325
Get_Thrift_Server_Storage_us-central 10347
Get_Azure_us-central 24594
Get_Thrift_Server_Storage_us-central 24610
Get_Azure_us-central 12974
Get_Thrift_Server_Storage_us-central 12992
Get_Azure_us-central 10722
Get_Thrift_Server_Storage_us-central 10744
Get_Azure_us-central 10035
Get_Thrift_Server_Storage_us-central 10052
Get_Azure_us-central 13791
Get_Thrift_Server_Storage_us-central 13809
Get_Azure_us-central 13567
Get_Thrift_Server_Storage_us-central 13588
Get_Azure_us-central 18776
Get_Thrift_Server_Storage_us-central 18794
Get_Azure_us-central 14961
Get_Thrift_Server_Storage_us-central 14979
Get_Azure_us-central 13900
Get_Thrift_Server_Storage_us-central 13921
Get_Azure_us-central 19027
Get_Thrift_Server_Storage_us-central 19044
Get_Azure_us-central 12244
Get_Thrift_Server_Storage_us-central 12262
Get_Azure_us-central 11146
Get_Thrift_Server_Storage_us-central 11165
Get_Azure_us-central 24817
Get_Thrift_Server_Storage_us-central 24837
Get_Azure_us-central 12515
Get_Thrift_Server_Storage_us-central 12541
Get_Azure_us-central 16026
Get_Thrift_Server_Storage_us-central 16045
Get_Azure_us-central 41426
Get_Thrift_Server_Storage_us-central 41450
Get_Azure_us-central 17162
Get_Thrift_Server_Storage_us-central 17184
Get_Azure_us-central 24672
Get_Thrift_Server_Storage_us-central 24692
Get_Azure_us-central 9774
Get_Thrift_Server_Storage_us-central 9793
Get_Azure_us-central 20070
Get_Thrift_Server_Storage_us-central 20094
Get_Azure_us-central 11605
Get_Thrift_Server_Storage_us-central 11623
Get_Azure_us-central 9471
Get_Thrift_Server_Storage_us-central 9490
Get_Azure_us-central 11749
Get_Thrift_Server_Storage_us-central 11768
Get_Azure_us-central 12063
Get_Thrift_Server_Storage_us-central 12079
Get_Azure_us-central 12313
Get_Thrift_Server_Storage_us-central 12331
Get_Azure_us-central 14901
Get_Thrift_Server_Storage_us-central 14920
Get_Azure_us-central 16434
Get_Thrift_Server_Storage_us-central 16458
Get_Azure_us-central 12911
Get_Thrift_Server_Storage_us-central 12929
Get_Azure_us-central 9660
Get_Thrift_Server_Storage_us-central 9678
Get_Azure_us-central 16295
Get_Thrift_Server_Storage_us-central 16313
Get_Azure_us-central 15209
Get_Thrift_Server_Storage_us-central 15226
Get_Azure_us-central 9364
Get_Thrift_Server_Storage_us-central 9386
Get_Azure_us-central 12081
Get_Thrift_Server_Storage_us-central 12099
Get_Azure_us-central 13235
Get_Thrift_Server_Storage_us-central 13253
Get_Azure_us-central 12249
Get_Thrift_Server_Storage_us-central 12264
Get_Azure_us-central 12528
Get_Thrift_Server_Storage_us-central 12547
Get_Azure_us-central 9916
Get_Thrift_Server_Storage_us-central 9937
Get_Azure_us-central 23293
Get_Thrift_Server_Storage_us-central 23314
Get_Azure_us-central 11273
Get_Thrift_Server_Storage_us-central 11292
Get_Azure_us-central 12356
Get_Thrift_Server_Storage_us-central 12374
Get_Azure_us-central 14768
Get_Thrift_Server_Storage_us-central 14787
Get_Azure_us-central 11331
Get_Thrift_Server_Storage_us-central 11350
Get_Azure_us-central 17357
Get_Thrift_Server_Storage_us-central 17375
Get_Azure_us-central 21213
Get_Thrift_Server_Storage_us-central 21229
Get_Azure_us-central 9877
Get_Thrift_Server_Storage_us-central 9898
Get_Azure_us-central 11923
Get_Thrift_Server_Storage_us-central 11946
Get_Azure_us-central 9572
Get_Thrift_Server_Storage_us-central 9592
Get_Azure_us-central 15804
Get_Thrift_Server_Storage_us-central 15827
Get_Azure_us-central 12379
Get_Thrift_Server_Storage_us-central 12401
Get_Azure_us-central 12770
Get_Thrift_Server_Storage_us-central 12791
Get_Azure_us-central 9760
Get_Thrift_Server_Storage_us-central 9780
Get_Azure_us-central 11141
Get_Thrift_Server_Storage_us-central 11158
Get_Azure_us-central 19313
Get_Thrift_Server_Storage_us-central 19331
Get_Azure_us-central 11427
Get_Thrift_Server_Storage_us-central 11443
Get_Azure_us-central 20822
Get_Thrift_Server_Storage_us-central 20841
Get_Azure_us-central 12387
Get_Thrift_Server_Storage_us-central 12406
Get_Azure_us-central 12261
Get_Thrift_Server_Storage_us-central 12278
Get_Azure_us-central 11980
Get_Thrift_Server_Storage_us-central 11998
Get_Azure_us-central 12586
Get_Thrift_Server_Storage_us-central 12608
Get_Azure_us-central 23038
Get_Thrift_Server_Storage_us-central 23060
Get_Azure_us-central 19984
Get_Thrift_Server_Storage_us-central 20001
Get_Azure_us-central 10517
Get_Thrift_Server_Storage_us-central 10533
Get_Azure_us-central 16660
Get_Thrift_Server_Storage_us-central 16677
Get_Azure_us-central 10894
Get_Thrift_Server_Storage_us-central 10911
Get_Azure_us-central 12530
Get_Thrift_Server_Storage_us-central 12545
Get_Azure_us-central 19715
Get_Thrift_Server_Storage_us-central 19738
Get_Azure_us-central 67628
Get_Thrift_Server_Storage_us-central 67644
Get_Azure_us-central 13398
Get_Thrift_Server_Storage_us-central 13416
Get_Azure_us-central 14183
Get_Thrift_Server_Storage_us-central 14200
Get_Azure_us-central 12276
Get_Thrift_Server_Storage_us-central 12294
Get_Azure_us-central 9863
Get_Thrift_Server_Storage_us-central 9881
Get_Azure_us-central 13065
Get_Thrift_Server_Storage_us-central 13083
Get_Azure_us-central 11072
Get_Thrift_Server_Storage_us-central 11098
Get_Azure_us-central 11496
Get_Thrift_Server_Storage_us-central 11512
Get_Azure_us-central 10657
Get_Thrift_Server_Storage_us-central 10674
Get_Azure_us-central 10880
Get_Thrift_Server_Storage_us-central 10898
Get_Azure_us-central 11407
Get_Thrift_Server_Storage_us-central 11424
Get_Azure_us-central 12401
Get_Thrift_Server_Storage_us-central 12419
Get_Azure_us-central 14041
Get_Thrift_Server_Storage_us-central 14061
Get_Azure_us-central 17418
Get_Thrift_Server_Storage_us-central 17438
Get_Azure_us-central 8812
Get_Thrift_Server_Storage_us-central 8831
Get_Azure_us-central 11907
Get_Thrift_Server_Storage_us-central 11925
Get_Azure_us-central 12941
Get_Thrift_Server_Storage_us-central 12958
Get_Azure_us-central 17102
Get_Thrift_Server_Storage_us-central 17137
Get_Azure_us-central 20388
Get_Thrift_Server_Storage_us-central 20410
Get_Azure_us-central 9867
Get_Thrift_Server_Storage_us-central 9882
Get_Azure_us-central 10368
Get_Thrift_Server_Storage_us-central 10386
Get_Azure_us-central 11904
Get_Thrift_Server_Storage_us-central 11923
Get_Azure_us-central 9134
Get_Thrift_Server_Storage_us-central 9152
Get_Azure_us-central 12799
Get_Thrift_Server_Storage_us-central 12817
Get_Azure_us-central 12660
Get_Thrift_Server_Storage_us-central 12678
Get_Azure_us-central 12385
Get_Thrift_Server_Storage_us-central 12402
Get_Azure_us-central 13673
Get_Thrift_Server_Storage_us-central 13690
Get_Azure_us-central 12828
Get_Thrift_Server_Storage_us-central 12852
Get_Azure_us-central 11559
Get_Thrift_Server_Storage_us-central 11589
Get_Azure_us-central 14504
Get_Thrift_Server_Storage_us-central 14522
Get_Azure_us-central 10911
Get_Thrift_Server_Storage_us-central 10930
Get_Azure_us-central 8490
Get_Thrift_Server_Storage_us-central 8509
Get_Azure_us-central 12012
Get_Thrift_Server_Storage_us-central 12030
Get_Azure_us-central 12001
Get_Thrift_Server_Storage_us-central 12018
Get_Azure_us-central 16226
Get_Thrift_Server_Storage_us-central 16243
Get_Azure_us-central 9359
Get_Thrift_Server_Storage_us-central 9375
Get_Azure_us-central 12182
Get_Thrift_Server_Storage_us-central 12204
Get_Azure_us-central 12861
Get_Thrift_Server_Storage_us-central 12882
Get_Azure_us-central 13151
Get_Thrift_Server_Storage_us-central 13176
Get_Azure_us-central 12239
Get_Thrift_Server_Storage_us-central 12257
Get_Azure_us-central 12992
Get_Thrift_Server_Storage_us-central 13013
Get_Azure_us-central 14997
Get_Thrift_Server_Storage_us-central 15018
Get_Azure_us-central 13706
Get_Thrift_Server_Storage_us-central 13724
Get_Azure_us-central 10909
Get_Thrift_Server_Storage_us-central 10926
Get_Azure_us-central 13288
Get_Thrift_Server_Storage_us-central 13305
Get_Azure_us-central 11712
Get_Thrift_Server_Storage_us-central 11742
Get_Azure_us-central 11317
Get_Thrift_Server_Storage_us-central 11337
Get_Azure_us-central 10375
Get_Thrift_Server_Storage_us-central 10394
Get_Azure_us-central 29946
Get_Thrift_Server_Storage_us-central 29970
Get_Azure_us-central 14536
Get_Thrift_Server_Storage_us-central 14558
Get_Azure_us-central 12912
Get_Thrift_Server_Storage_us-central 12932
Get_Azure_us-central 19968
Get_Thrift_Server_Storage_us-central 19998
Get_Azure_us-central 12423
Get_Thrift_Server_Storage_us-central 12448
Get_Azure_us-central 13483
Get_Thrift_Server_Storage_us-central 13502
Get_Azure_us-central 19214
Get_Thrift_Server_Storage_us-central 19232
Get_Azure_us-central 13222
Get_Thrift_Server_Storage_us-central 13243
Get_Azure_us-central 11272
Get_Thrift_Server_Storage_us-central 11299
Get_Azure_us-central 15005
Get_Thrift_Server_Storage_us-central 15030
Get_Azure_us-central 12232
Get_Thrift_Server_Storage_us-central 12255
Get_Azure_us-central 12786
Get_Thrift_Server_Storage_us-central 12808
Get_Azure_us-central 8874
Get_Thrift_Server_Storage_us-central 8893
Get_Azure_us-central 11887
Get_Thrift_Server_Storage_us-central 11904
Get_Azure_us-central 11885
Get_Thrift_Server_Storage_us-central 11902
Get_Azure_us-central 15638
Get_Thrift_Server_Storage_us-central 15655
Get_Azure_us-central 14970
Get_Thrift_Server_Storage_us-central 14987
Get_Azure_us-central 13658
Get_Thrift_Server_Storage_us-central 13678
Get_Azure_us-central 9194
Get_Thrift_Server_Storage_us-central 9213
Get_Azure_us-central 11402
Get_Thrift_Server_Storage_us-central 11419
Get_Azure_us-central 15895
Get_Thrift_Server_Storage_us-central 15915
Get_Azure_us-central 73058
Get_Thrift_Server_Storage_us-central 73081
Get_Azure_us-central 8829
Get_Thrift_Server_Storage_us-central 8850
Get_Azure_us-central 12870
Get_Thrift_Server_Storage_us-central 12889
Get_Azure_us-central 10198
Get_Thrift_Server_Storage_us-central 10216
Get_Azure_us-central 12345
Get_Thrift_Server_Storage_us-central 12362
Get_Azure_us-central 11951
Get_Thrift_Server_Storage_us-central 11972
Get_Azure_us-central 36415
Get_Thrift_Server_Storage_us-central 36438
Get_Azure_us-central 13139
Get_Thrift_Server_Storage_us-central 13158
Get_Azure_us-central 21967
Get_Thrift_Server_Storage_us-central 21985
Get_Azure_us-central 13852
Get_Thrift_Server_Storage_us-central 13870
Get_Azure_us-central 11559
Get_Thrift_Server_Storage_us-central 11578
Get_Azure_us-central 11236
Get_Thrift_Server_Storage_us-central 11253
Get_Azure_us-central 12391
Get_Thrift_Server_Storage_us-central 12409
Get_Azure_us-central 9759
Get_Thrift_Server_Storage_us-central 9780
Get_Azure_us-central 10964
Get_Thrift_Server_Storage_us-central 10985
Get_Azure_us-central 11671
Get_Thrift_Server_Storage_us-central 11689
Get_Azure_us-central 12465
Get_Thrift_Server_Storage_us-central 12482
Get_Azure_us-central 11733
Get_Thrift_Server_Storage_us-central 11752
Get_Azure_us-central 12747
Get_Thrift_Server_Storage_us-central 12764
Get_Azure_us-central 11998
Get_Thrift_Server_Storage_us-central 12021
Get_Azure_us-central 10929
Get_Thrift_Server_Storage_us-central 10947
Get_Azure_us-central 19457
Get_Thrift_Server_Storage_us-central 19475
Get_Azure_us-central 10677
Get_Thrift_Server_Storage_us-central 10696
Get_Azure_us-central 15925
Get_Thrift_Server_Storage_us-central 15943
Get_Azure_us-central 9412
Get_Thrift_Server_Storage_us-central 9430
Get_Azure_us-central 12979
Get_Thrift_Server_Storage_us-central 12998
Get_Azure_us-central 9159
Get_Thrift_Server_Storage_us-central 9177
Get_Azure_us-central 12246
Get_Thrift_Server_Storage_us-central 12263
Get_Azure_us-central 17189
Get_Thrift_Server_Storage_us-central 17207
Get_Azure_us-central 13262
Get_Thrift_Server_Storage_us-central 13280
Get_Azure_us-central 14682
Get_Thrift_Server_Storage_us-central 14707
Get_Azure_us-central 10142
Get_Thrift_Server_Storage_us-central 10161
Get_Azure_us-central 10278
Get_Thrift_Server_Storage_us-central 10305
Get_Azure_us-central 16573
Get_Thrift_Server_Storage_us-central 16591
Get_Azure_us-central 123986
Get_Thrift_Server_Storage_us-central 124005
Get_Azure_us-central 12491
Get_Thrift_Server_Storage_us-central 12508
Get_Azure_us-central 11921
Get_Thrift_Server_Storage_us-central 11941
Get_Azure_us-central 9415
Get_Thrift_Server_Storage_us-central 9441
Get_Azure_us-central 13436
Get_Thrift_Server_Storage_us-central 13463
Get_Azure_us-central 14919
Get_Thrift_Server_Storage_us-central 14939
Get_Azure_us-central 10491
Get_Thrift_Server_Storage_us-central 10508
Get_Azure_us-central 11379
Get_Thrift_Server_Storage_us-central 11397
Get_Azure_us-central 11563
Get_Thrift_Server_Storage_us-central 11581
Get_Azure_us-central 9590
Get_Thrift_Server_Storage_us-central 9607
Get_Azure_us-central 9839
Get_Thrift_Server_Storage_us-central 9856
Get_Azure_us-central 21059
Get_Thrift_Server_Storage_us-central 21076
Get_Azure_us-central 16306
Get_Thrift_Server_Storage_us-central 16329
Get_Azure_us-central 12506
Get_Thrift_Server_Storage_us-central 12522
Get_Azure_us-central 27790
Get_Thrift_Server_Storage_us-central 27811
Get_Azure_us-central 13960
Get_Thrift_Server_Storage_us-central 13979
Get_Azure_us-central 10661
Get_Thrift_Server_Storage_us-central 10679
Get_Azure_us-central 10446
Get_Thrift_Server_Storage_us-central 10468
Get_Azure_us-central 11809
Get_Thrift_Server_Storage_us-central 11826
Get_Azure_us-central 10339
Get_Thrift_Server_Storage_us-central 10359
Get_Azure_us-central 13899
Get_Thrift_Server_Storage_us-central 13919
Get_Azure_us-central 28196
Get_Thrift_Server_Storage_us-central 28215
Get_Azure_us-central 13305
Get_Thrift_Server_Storage_us-central 13325
Get_Azure_us-central 9583
Get_Thrift_Server_Storage_us-central 9603
Get_Azure_us-central 11803
Get_Thrift_Server_Storage_us-central 12011
Get_Azure_us-central 15249
Get_Thrift_Server_Storage_us-central 15266
Get_Azure_us-central 23451
Get_Thrift_Server_Storage_us-central 23475
Get_Azure_us-central 32007
Get_Thrift_Server_Storage_us-central 32026
Get_Azure_us-central 12017
Get_Thrift_Server_Storage_us-central 12036
Get_Azure_us-central 12711
Get_Thrift_Server_Storage_us-central 12727
Get_Azure_us-central 12908
Get_Thrift_Server_Storage_us-central 12928
Get_Azure_us-central 8577
Get_Thrift_Server_Storage_us-central 8601
Get_Azure_us-central 9444
Get_Thrift_Server_Storage_us-central 9462
Get_Azure_us-central 12590
Get_Thrift_Server_Storage_us-central 12609
Get_Azure_us-central 9484
Get_Thrift_Server_Storage_us-central 9517
Get_Azure_us-central 12339
Get_Thrift_Server_Storage_us-central 12357
Get_Azure_us-central 12500
Get_Thrift_Server_Storage_us-central 12519
Get_Azure_us-central 27472
Get_Thrift_Server_Storage_us-central 27490
Get_Azure_us-central 9458
Get_Thrift_Server_Storage_us-central 9475
Get_Azure_us-central 11369
Get_Thrift_Server_Storage_us-central 11386
Get_Azure_us-central 9756
Get_Thrift_Server_Storage_us-central 9773
Get_Azure_us-central 11485
Get_Thrift_Server_Storage_us-central 11501
Get_Azure_us-central 12362
Get_Thrift_Server_Storage_us-central 12382
Get_Azure_us-central 9806
Get_Thrift_Server_Storage_us-central 9824
Get_Azure_us-central 12551
Get_Thrift_Server_Storage_us-central 12568
Get_Azure_us-central 13553
Get_Thrift_Server_Storage_us-central 13572
Get_Azure_us-central 12522
Get_Thrift_Server_Storage_us-central 12545
Get_Azure_us-central 11470
Get_Thrift_Server_Storage_us-central 11489
Get_Azure_us-central 12842
Get_Thrift_Server_Storage_us-central 12860
Get_Azure_us-central 13015
Get_Thrift_Server_Storage_us-central 13031
Get_Azure_us-central 12821
Get_Thrift_Server_Storage_us-central 12853
Get_Azure_us-central 36714
Get_Thrift_Server_Storage_us-central 36734
Get_Azure_us-central 12766
Get_Thrift_Server_Storage_us-central 12784
Get_Azure_us-central 12677
Get_Thrift_Server_Storage_us-central 12699
Get_Azure_us-central 10423
Get_Thrift_Server_Storage_us-central 10440
Get_Azure_us-central 33775
Get_Thrift_Server_Storage_us-central 33794
Get_Azure_us-central 10729
Get_Thrift_Server_Storage_us-central 10755
Get_Azure_us-central 18720
Get_Thrift_Server_Storage_us-central 18739
Get_Azure_us-central 15652
Get_Thrift_Server_Storage_us-central 15671
Get_Azure_us-central 11093
Get_Thrift_Server_Storage_us-central 11110
Get_Azure_us-central 12114
Get_Thrift_Server_Storage_us-central 12136
Get_Azure_us-central 12751
Get_Thrift_Server_Storage_us-central 12770
Get_Azure_us-central 15223
Get_Thrift_Server_Storage_us-central 15242
Get_Azure_us-central 13681
Get_Thrift_Server_Storage_us-central 13701
Get_Azure_us-central 14181
Get_Thrift_Server_Storage_us-central 14200
Get_Azure_us-central 13311
Get_Thrift_Server_Storage_us-central 13331
Get_Azure_us-central 13077
Get_Thrift_Server_Storage_us-central 13094
Get_Azure_us-central 13277
Get_Thrift_Server_Storage_us-central 13303
Get_Azure_us-central 21166
Get_Thrift_Server_Storage_us-central 21186
Get_Azure_us-central 13152
Get_Thrift_Server_Storage_us-central 13171
Get_Azure_us-central 12454
Get_Thrift_Server_Storage_us-central 12477
Get_Azure_us-central 13491
Get_Thrift_Server_Storage_us-central 13511
Get_Azure_us-central 14118
Get_Thrift_Server_Storage_us-central 14136
Get_Azure_us-central 11406
Get_Thrift_Server_Storage_us-central 11425
Get_Azure_us-central 12010
Get_Thrift_Server_Storage_us-central 12028
Get_Azure_us-central 11287
Get_Thrift_Server_Storage_us-central 11308
Get_Azure_us-central 12817
Get_Thrift_Server_Storage_us-central 12836
Get_Azure_us-central 13866
Get_Thrift_Server_Storage_us-central 13884
Get_Azure_us-central 12114
Get_Thrift_Server_Storage_us-central 12132
Get_Azure_us-central 22476
Get_Thrift_Server_Storage_us-central 22496
Get_Azure_us-central 13311
Get_Thrift_Server_Storage_us-central 13333
Get_Azure_us-central 12707
Get_Thrift_Server_Storage_us-central 12724
Get_Azure_us-central 29895
Get_Thrift_Server_Storage_us-central 29912
Get_Azure_us-central 9283
Get_Thrift_Server_Storage_us-central 9301
Get_Azure_us-central 11567
Get_Thrift_Server_Storage_us-central 11581
Get_Azure_us-central 12385
Get_Thrift_Server_Storage_us-central 12402
Get_Azure_us-central 45108
Get_Thrift_Server_Storage_us-central 45131
Get_Azure_us-central 8652
Get_Thrift_Server_Storage_us-central 8675
Get_Azure_us-central 14517
Get_Thrift_Server_Storage_us-central 14537
Get_Azure_us-central 12391
Get_Thrift_Server_Storage_us-central 12409
Get_Azure_us-central 9826
Get_Thrift_Server_Storage_us-central 9850
Get_Azure_us-central 14192
Get_Thrift_Server_Storage_us-central 14216
Get_Azure_us-central 21648
Get_Thrift_Server_Storage_us-central 21668
Get_Azure_us-central 15319
Get_Thrift_Server_Storage_us-central 15342
Get_Azure_us-central 12340
Get_Thrift_Server_Storage_us-central 12363
Get_Azure_us-central 11558
Get_Thrift_Server_Storage_us-central 11578
Get_Azure_us-central 23241
Get_Thrift_Server_Storage_us-central 23268
Get_Azure_us-central 14903
Get_Thrift_Server_Storage_us-central 14927
Get_Azure_us-central 13313
Get_Thrift_Server_Storage_us-central 13338
Get_Azure_us-central 9607
Get_Thrift_Server_Storage_us-central 9632
Get_Azure_us-central 12207
Get_Thrift_Server_Storage_us-central 12228
Get_Azure_us-central 16256
Get_Thrift_Server_Storage_us-central 16275
Get_Azure_us-central 28710
Get_Thrift_Server_Storage_us-central 28733
Get_Azure_us-central 14464
Get_Thrift_Server_Storage_us-central 14485
Get_Azure_us-central 45594
Get_Thrift_Server_Storage_us-central 45614
Get_Azure_us-central 14272
Get_Thrift_Server_Storage_us-central 14306
Get_Azure_us-central 11178
Get_Thrift_Server_Storage_us-central 11199
Get_Azure_us-central 15033
Get_Thrift_Server_Storage_us-central 15056
Get_Azure_us-central 11803
Get_Thrift_Server_Storage_us-central 11824
Get_Azure_us-central 8637
Get_Thrift_Server_Storage_us-central 8657
Get_Azure_us-central 11550
Get_Thrift_Server_Storage_us-central 11569
Get_Azure_us-central 12059
Get_Thrift_Server_Storage_us-central 12081
Get_Azure_us-central 12472
Get_Thrift_Server_Storage_us-central 12490
Get_Azure_us-central 14094
Get_Thrift_Server_Storage_us-central 14109
Get_Azure_us-central 12004
Get_Thrift_Server_Storage_us-central 12021
Get_Azure_us-central 9770
Get_Thrift_Server_Storage_us-central 9789
Get_Azure_us-central 11600
Get_Thrift_Server_Storage_us-central 11618
Get_Azure_us-central 10570
Get_Thrift_Server_Storage_us-central 10588
Get_Azure_us-central 10133
Get_Thrift_Server_Storage_us-central 10150
Get_Azure_us-central 11665
Get_Thrift_Server_Storage_us-central 11684
Get_Azure_us-central 9672
Get_Thrift_Server_Storage_us-central 9688
Get_Azure_us-central 10625
Get_Thrift_Server_Storage_us-central 10649
Get_Azure_us-central 12356
Get_Thrift_Server_Storage_us-central 12377
Get_Azure_us-central 11851
Get_Thrift_Server_Storage_us-central 11871
Get_Azure_us-central 16401
Get_Thrift_Server_Storage_us-central 16421
Get_Azure_us-central 14711
Get_Thrift_Server_Storage_us-central 14735
Get_Azure_us-central 11086
Get_Thrift_Server_Storage_us-central 11106
Get_Azure_us-central 12675
Get_Thrift_Server_Storage_us-central 12694
Get_Azure_us-central 14876
Get_Thrift_Server_Storage_us-central 14893
Get_Azure_us-central 9547
Get_Thrift_Server_Storage_us-central 9564
Get_Azure_us-central 14043
Get_Thrift_Server_Storage_us-central 14061
Get_Azure_us-central 13524
Get_Thrift_Server_Storage_us-central 13541
Get_Azure_us-central 9718
Get_Thrift_Server_Storage_us-central 9735
Get_Azure_us-central 9560
Get_Thrift_Server_Storage_us-central 9577
Get_Azure_us-central 12914
Get_Thrift_Server_Storage_us-central 12931
Get_Azure_us-central 11538
Get_Thrift_Server_Storage_us-central 11556
Get_Azure_us-central 13766
Get_Thrift_Server_Storage_us-central 13783
Get_Azure_us-central 9896
Get_Thrift_Server_Storage_us-central 9912
Get_Azure_us-central 19083
Get_Thrift_Server_Storage_us-central 19101
Get_Azure_us-central 12914
Get_Thrift_Server_Storage_us-central 12935
Get_Azure_us-central 26580
Get_Thrift_Server_Storage_us-central 26596
Get_Azure_us-central 25808
Get_Thrift_Server_Storage_us-central 25828
Get_Azure_us-central 12104
Get_Thrift_Server_Storage_us-central 12121
Get_Azure_us-central 10333
Get_Thrift_Server_Storage_us-central 10355
Get_Azure_us-central 12201
Get_Thrift_Server_Storage_us-central 12217
Get_Azure_us-central 13891
Get_Thrift_Server_Storage_us-central 13909
Get_Azure_us-central 10503
Get_Thrift_Server_Storage_us-central 10523
Get_Azure_us-central 10235
Get_Thrift_Server_Storage_us-central 10265
Get_Azure_us-central 17555
Get_Thrift_Server_Storage_us-central 17576
Get_Azure_us-central 20748
Get_Thrift_Server_Storage_us-central 20766
Get_Azure_us-central 9093
Get_Thrift_Server_Storage_us-central 9115
Get_Azure_us-central 14485
Get_Thrift_Server_Storage_us-central 14508
Get_Azure_us-central 13435
Get_Thrift_Server_Storage_us-central 13457
Get_Azure_us-central 10572
Get_Thrift_Server_Storage_us-central 10590
Get_Azure_us-central 20050
Get_Thrift_Server_Storage_us-central 20068
Get_Azure_us-central 11845
Get_Thrift_Server_Storage_us-central 11876
Get_Azure_us-central 12810
Get_Thrift_Server_Storage_us-central 12831
Get_Azure_us-central 14826
Get_Thrift_Server_Storage_us-central 14848
Get_Azure_us-central 9639
Get_Thrift_Server_Storage_us-central 9662
Get_Azure_us-central 9967
Get_Thrift_Server_Storage_us-central 9989
Get_Azure_us-central 38535
Get_Thrift_Server_Storage_us-central 38552
Get_Azure_us-central 11654
Get_Thrift_Server_Storage_us-central 11675
Get_Azure_us-central 13546
Get_Thrift_Server_Storage_us-central 13563
Get_Azure_us-central 11776
Get_Thrift_Server_Storage_us-central 11796
Get_Azure_us-central 9148
Get_Thrift_Server_Storage_us-central 9168
Get_Azure_us-central 23922
Get_Thrift_Server_Storage_us-central 23942
Get_Azure_us-central 40607
Get_Thrift_Server_Storage_us-central 40626
Get_Azure_us-central 12651
Get_Thrift_Server_Storage_us-central 12668
Get_Azure_us-central 13508
Get_Thrift_Server_Storage_us-central 13525
Get_Azure_us-central 25081
Get_Thrift_Server_Storage_us-central 25098
Get_Azure_us-central 12082
Get_Thrift_Server_Storage_us-central 12098
Get_Azure_us-central 9318
Get_Thrift_Server_Storage_us-central 9333
Get_Azure_us-central 11903
Get_Thrift_Server_Storage_us-central 11931
Get_Azure_us-central 11889
Get_Thrift_Server_Storage_us-central 11909
