Accept_Phase_AzureTable_us-west1 240707
Accept_Phase_Thrift_Server_Table_us-west1 240828
Accept_Phase_AzureTable_us-west1 209196
Accept_Phase_Thrift_Server_Table_us-west1 209230
Accept_Phase_AzureTable_us-west1 127660
Accept_Phase_Thrift_Server_Table_us-west1 127681
Accept_Phase_AzureTable_us-west1 160347
Accept_Phase_Thrift_Server_Table_us-west1 160367
Accept_Phase_AzureTable_us-west1 156106
Accept_Phase_Thrift_Server_Table_us-west1 156139
Accept_Phase_AzureTable_us-west1 132763
Accept_Phase_Thrift_Server_Table_us-west1 132788
Accept_Phase_AzureTable_us-west1 156120
Accept_Phase_Thrift_Server_Table_us-west1 156159
Accept_Phase_AzureTable_us-west1 81062
Accept_Phase_Thrift_Server_Table_us-west1 81093
Accept_Phase_AzureTable_us-west1 125969
Accept_Phase_Thrift_Server_Table_us-west1 126011
Accept_Phase_AzureTable_us-west1 141484
Accept_Phase_Thrift_Server_Table_us-west1 141503
Accept_Phase_AzureTable_us-west1 72476
Accept_Phase_Thrift_Server_Table_us-west1 72495
Accept_Phase_AzureTable_us-west1 131767
Accept_Phase_Thrift_Server_Table_us-west1 131800
Accept_Phase_AzureTable_us-west1 82945
Accept_Phase_Thrift_Server_Table_us-west1 82972
Accept_Phase_AzureTable_us-west1 71762
Accept_Phase_Thrift_Server_Table_us-west1 71786
Accept_Phase_AzureTable_us-west1 122157
Accept_Phase_Thrift_Server_Table_us-west1 122188
Accept_Phase_AzureTable_us-west1 76286
Accept_Phase_Thrift_Server_Table_us-west1 76323
Accept_Phase_AzureTable_us-west1 82364
Accept_Phase_Thrift_Server_Table_us-west1 82400
Accept_Phase_AzureTable_us-west1 88197
Accept_Phase_Thrift_Server_Table_us-west1 88217
Accept_Phase_AzureTable_us-west1 101191
Accept_Phase_Thrift_Server_Table_us-west1 101223
Accept_Phase_AzureTable_us-west1 80964
Accept_Phase_Thrift_Server_Table_us-west1 80984
Accept_Phase_AzureTable_us-west1 110539
Accept_Phase_Thrift_Server_Table_us-west1 110560
Accept_Phase_AzureTable_us-west1 88294
Accept_Phase_Thrift_Server_Table_us-west1 88314
Accept_Phase_AzureTable_us-west1 83401
Accept_Phase_Thrift_Server_Table_us-west1 83423
Accept_Phase_AzureTable_us-west1 88748
Accept_Phase_Thrift_Server_Table_us-west1 88767
Accept_Phase_AzureTable_us-west1 77892
Accept_Phase_Thrift_Server_Table_us-west1 77913
Accept_Phase_AzureTable_us-west1 92357
Accept_Phase_Thrift_Server_Table_us-west1 92404
Accept_Phase_AzureTable_us-west1 69450
Accept_Phase_Thrift_Server_Table_us-west1 69470
Accept_Phase_AzureTable_us-west1 75711
Accept_Phase_Thrift_Server_Table_us-west1 75738
Accept_Phase_AzureTable_us-west1 157241
Accept_Phase_Thrift_Server_Table_us-west1 157264
Accept_Phase_AzureTable_us-west1 112247
Accept_Phase_Thrift_Server_Table_us-west1 112275
Accept_Phase_AzureTable_us-west1 114256
Accept_Phase_Thrift_Server_Table_us-west1 114280
Accept_Phase_AzureTable_us-west1 74425
Accept_Phase_Thrift_Server_Table_us-west1 74448
Accept_Phase_AzureTable_us-west1 82169
Accept_Phase_Thrift_Server_Table_us-west1 82191
Accept_Phase_AzureTable_us-west1 70825
Accept_Phase_Thrift_Server_Table_us-west1 70845
Accept_Phase_AzureTable_us-west1 80227
Accept_Phase_Thrift_Server_Table_us-west1 80247
Accept_Phase_AzureTable_us-west1 128230
Accept_Phase_Thrift_Server_Table_us-west1 128251
Accept_Phase_AzureTable_us-west1 82513
Accept_Phase_Thrift_Server_Table_us-west1 82533
Accept_Phase_AzureTable_us-west1 80878
Accept_Phase_Thrift_Server_Table_us-west1 80899
Accept_Phase_AzureTable_us-west1 88167
Accept_Phase_Thrift_Server_Table_us-west1 88188
Accept_Phase_AzureTable_us-west1 76793
Accept_Phase_Thrift_Server_Table_us-west1 76813
Accept_Phase_AzureTable_us-west1 77343
Accept_Phase_Thrift_Server_Table_us-west1 77378
Accept_Phase_AzureTable_us-west1 100847
Accept_Phase_Thrift_Server_Table_us-west1 100867
Accept_Phase_AzureTable_us-west1 96011
Accept_Phase_Thrift_Server_Table_us-west1 96030
Accept_Phase_AzureTable_us-west1 104980
Accept_Phase_Thrift_Server_Table_us-west1 105000
Accept_Phase_AzureTable_us-west1 81989
Accept_Phase_Thrift_Server_Table_us-west1 82020
Accept_Phase_AzureTable_us-west1 103341
Accept_Phase_Thrift_Server_Table_us-west1 103365
Accept_Phase_AzureTable_us-west1 81302
Accept_Phase_Thrift_Server_Table_us-west1 81324
Accept_Phase_AzureTable_us-west1 77744
Accept_Phase_Thrift_Server_Table_us-west1 77778
Accept_Phase_AzureTable_us-west1 77611
Accept_Phase_Thrift_Server_Table_us-west1 77647
Accept_Phase_AzureTable_us-west1 109637
Accept_Phase_Thrift_Server_Table_us-west1 109663
Accept_Phase_AzureTable_us-west1 126776
Accept_Phase_Thrift_Server_Table_us-west1 126800
Accept_Phase_AzureTable_us-west1 81012
Accept_Phase_Thrift_Server_Table_us-west1 81031
Accept_Phase_AzureTable_us-west1 78311
Accept_Phase_Thrift_Server_Table_us-west1 78329
Accept_Phase_AzureTable_us-west1 80560
Accept_Phase_Thrift_Server_Table_us-west1 80587
Accept_Phase_AzureTable_us-west1 85777
Accept_Phase_Thrift_Server_Table_us-west1 85798
Accept_Phase_AzureTable_us-west1 85646
Accept_Phase_Thrift_Server_Table_us-west1 85662
Accept_Phase_AzureTable_us-west1 113330
Accept_Phase_Thrift_Server_Table_us-west1 113349
Accept_Phase_AzureTable_us-west1 76434
Accept_Phase_Thrift_Server_Table_us-west1 76453
Accept_Phase_AzureTable_us-west1 77057
Accept_Phase_Thrift_Server_Table_us-west1 77090
Accept_Phase_AzureTable_us-west1 84927
Accept_Phase_Thrift_Server_Table_us-west1 84947
Accept_Phase_AzureTable_us-west1 68358
Accept_Phase_Thrift_Server_Table_us-west1 68378
Accept_Phase_AzureTable_us-west1 80267
Accept_Phase_Thrift_Server_Table_us-west1 80285
Accept_Phase_AzureTable_us-west1 77064
Accept_Phase_Thrift_Server_Table_us-west1 77094
Accept_Phase_AzureTable_us-west1 87752
Accept_Phase_Thrift_Server_Table_us-west1 87791
Accept_Phase_AzureTable_us-west1 77393
Accept_Phase_Thrift_Server_Table_us-west1 77429
Accept_Phase_AzureTable_us-west1 79833
Accept_Phase_Thrift_Server_Table_us-west1 79855
Accept_Phase_AzureTable_us-west1 86140
Accept_Phase_Thrift_Server_Table_us-west1 86159
Accept_Phase_AzureTable_us-west1 84096
Accept_Phase_Thrift_Server_Table_us-west1 84128
Accept_Phase_AzureTable_us-west1 74280
Accept_Phase_Thrift_Server_Table_us-west1 74301
Accept_Phase_AzureTable_us-west1 90297
Accept_Phase_Thrift_Server_Table_us-west1 90317
Accept_Phase_AzureTable_us-west1 67220
Accept_Phase_Thrift_Server_Table_us-west1 67255
Accept_Phase_AzureTable_us-west1 74826
Accept_Phase_Thrift_Server_Table_us-west1 74846
Accept_Phase_AzureTable_us-west1 131648
Accept_Phase_Thrift_Server_Table_us-west1 131670
Accept_Phase_AzureTable_us-west1 69384
Accept_Phase_Thrift_Server_Table_us-west1 69404
Accept_Phase_AzureTable_us-west1 75814
Accept_Phase_Thrift_Server_Table_us-west1 75836
Accept_Phase_AzureTable_us-west1 75292
Accept_Phase_Thrift_Server_Table_us-west1 75312
Accept_Phase_AzureTable_us-west1 104931
Accept_Phase_Thrift_Server_Table_us-west1 104952
Accept_Phase_AzureTable_us-west1 44129
Accept_Phase_Thrift_Server_Table_us-west1 44149
Accept_Phase_AzureTable_us-west1 92583
Accept_Phase_Thrift_Server_Table_us-west1 92665
Accept_Phase_AzureTable_us-west1 113258
Accept_Phase_Thrift_Server_Table_us-west1 113284
Accept_Phase_AzureTable_us-west1 86125
Accept_Phase_Thrift_Server_Table_us-west1 86158
Accept_Phase_AzureTable_us-west1 81344
Accept_Phase_Thrift_Server_Table_us-west1 81367
Accept_Phase_AzureTable_us-west1 78276
Accept_Phase_Thrift_Server_Table_us-west1 78297
Accept_Phase_AzureTable_us-west1 104439
Accept_Phase_Thrift_Server_Table_us-west1 104472
Accept_Phase_AzureTable_us-west1 80376
Accept_Phase_Thrift_Server_Table_us-west1 80397
Accept_Phase_AzureTable_us-west1 68245
Accept_Phase_Thrift_Server_Table_us-west1 68265
Accept_Phase_AzureTable_us-west1 79085
Accept_Phase_Thrift_Server_Table_us-west1 79117
Accept_Phase_AzureTable_us-west1 37929
Accept_Phase_Thrift_Server_Table_us-west1 37947
Accept_Phase_AzureTable_us-west1 69790
Accept_Phase_Thrift_Server_Table_us-west1 69810
Accept_Phase_AzureTable_us-west1 79969
Accept_Phase_Thrift_Server_Table_us-west1 80003
Accept_Phase_AzureTable_us-west1 73975
Accept_Phase_Thrift_Server_Table_us-west1 73995
Accept_Phase_AzureTable_us-west1 81833
Accept_Phase_Thrift_Server_Table_us-west1 81852
Accept_Phase_AzureTable_us-west1 80373
Accept_Phase_Thrift_Server_Table_us-west1 80405
Accept_Phase_AzureTable_us-west1 83728
Accept_Phase_Thrift_Server_Table_us-west1 83752
Accept_Phase_AzureTable_us-west1 102409
Accept_Phase_Thrift_Server_Table_us-west1 102430
Accept_Phase_AzureTable_us-west1 90192
Accept_Phase_Thrift_Server_Table_us-west1 90212
Accept_Phase_AzureTable_us-west1 87765
Accept_Phase_Thrift_Server_Table_us-west1 87799
Accept_Phase_AzureTable_us-west1 108971
Accept_Phase_Thrift_Server_Table_us-west1 109006
Accept_Phase_AzureTable_us-west1 82639
Accept_Phase_Thrift_Server_Table_us-west1 82660
Accept_Phase_AzureTable_us-west1 70599
Accept_Phase_Thrift_Server_Table_us-west1 70620
Accept_Phase_AzureTable_us-west1 73177
Accept_Phase_Thrift_Server_Table_us-west1 73222
Accept_Phase_AzureTable_us-west1 37630
Accept_Phase_Thrift_Server_Table_us-west1 37662
Accept_Phase_AzureTable_us-west1 75294
Accept_Phase_Thrift_Server_Table_us-west1 75317
Accept_Phase_AzureTable_us-west1 70016
Accept_Phase_Thrift_Server_Table_us-west1 70055
Accept_Phase_AzureTable_us-west1 69597
Accept_Phase_Thrift_Server_Table_us-west1 69624
Accept_Phase_AzureTable_us-west1 85608
Accept_Phase_Thrift_Server_Table_us-west1 85623
Accept_Phase_AzureTable_us-west1 76193
Accept_Phase_Thrift_Server_Table_us-west1 76211
Accept_Phase_AzureTable_us-west1 66931
Accept_Phase_Thrift_Server_Table_us-west1 66952
Accept_Phase_AzureTable_us-west1 98881
Accept_Phase_Thrift_Server_Table_us-west1 98905
Accept_Phase_AzureTable_us-west1 69960
Accept_Phase_Thrift_Server_Table_us-west1 69983
Accept_Phase_AzureTable_us-west1 77840
Accept_Phase_Thrift_Server_Table_us-west1 77863
Accept_Phase_AzureTable_us-west1 66456
Accept_Phase_Thrift_Server_Table_us-west1 66478
Accept_Phase_AzureTable_us-west1 75868
Accept_Phase_Thrift_Server_Table_us-west1 75888
Accept_Phase_AzureTable_us-west1 80787
Accept_Phase_Thrift_Server_Table_us-west1 80807
Accept_Phase_AzureTable_us-west1 90949
Accept_Phase_Thrift_Server_Table_us-west1 90972
Accept_Phase_AzureTable_us-west1 77602
Accept_Phase_Thrift_Server_Table_us-west1 77624
Accept_Phase_AzureTable_us-west1 74735
Accept_Phase_Thrift_Server_Table_us-west1 74764
Accept_Phase_AzureTable_us-west1 126237
Accept_Phase_Thrift_Server_Table_us-west1 126266
Accept_Phase_AzureTable_us-west1 67990
Accept_Phase_Thrift_Server_Table_us-west1 68019
Accept_Phase_AzureTable_us-west1 68789
Accept_Phase_Thrift_Server_Table_us-west1 68816
Accept_Phase_AzureTable_us-west1 79666
Accept_Phase_Thrift_Server_Table_us-west1 79698
Accept_Phase_AzureTable_us-west1 137443
Accept_Phase_Thrift_Server_Table_us-west1 137480
Accept_Phase_AzureTable_us-west1 241432
Accept_Phase_Thrift_Server_Table_us-west1 241450
Accept_Phase_AzureTable_us-west1 77043
Accept_Phase_Thrift_Server_Table_us-west1 77059
Accept_Phase_AzureTable_us-west1 75658
Accept_Phase_Thrift_Server_Table_us-west1 75677
Accept_Phase_AzureTable_us-west1 74909
Accept_Phase_Thrift_Server_Table_us-west1 74926
Accept_Phase_AzureTable_us-west1 70994
Accept_Phase_Thrift_Server_Table_us-west1 71010
Accept_Phase_AzureTable_us-west1 155138
Accept_Phase_Thrift_Server_Table_us-west1 155156
Accept_Phase_AzureTable_us-west1 80652
Accept_Phase_Thrift_Server_Table_us-west1 80669
Accept_Phase_AzureTable_us-west1 221376
Accept_Phase_Thrift_Server_Table_us-west1 221405
Accept_Phase_AzureTable_us-west1 76032
Accept_Phase_Thrift_Server_Table_us-west1 76060
Accept_Phase_AzureTable_us-west1 86698
Accept_Phase_Thrift_Server_Table_us-west1 86731
Accept_Phase_AzureTable_us-west1 94075
Accept_Phase_Thrift_Server_Table_us-west1 94107
Accept_Phase_AzureTable_us-west1 77719
Accept_Phase_Thrift_Server_Table_us-west1 77753
Accept_Phase_AzureTable_us-west1 116675
Accept_Phase_Thrift_Server_Table_us-west1 116705
Accept_Phase_AzureTable_us-west1 74727
Accept_Phase_Thrift_Server_Table_us-west1 74751
Accept_Phase_AzureTable_us-west1 83929
Accept_Phase_Thrift_Server_Table_us-west1 83958
Accept_Phase_AzureTable_us-west1 78166
Accept_Phase_Thrift_Server_Table_us-west1 78185
Accept_Phase_AzureTable_us-west1 77947
Accept_Phase_Thrift_Server_Table_us-west1 77968
Accept_Phase_AzureTable_us-west1 128997
Accept_Phase_Thrift_Server_Table_us-west1 129027
Accept_Phase_AzureTable_us-west1 81572
Accept_Phase_Thrift_Server_Table_us-west1 81605
Accept_Phase_AzureTable_us-west1 89999
Accept_Phase_Thrift_Server_Table_us-west1 90019
Accept_Phase_AzureTable_us-west1 220892
Accept_Phase_Thrift_Server_Table_us-west1 220914
Accept_Phase_AzureTable_us-west1 72649
Accept_Phase_Thrift_Server_Table_us-west1 72679
Accept_Phase_AzureTable_us-west1 79560
Accept_Phase_Thrift_Server_Table_us-west1 79580
Accept_Phase_AzureTable_us-west1 71429
Accept_Phase_Thrift_Server_Table_us-west1 71453
Accept_Phase_AzureTable_us-west1 72261
Accept_Phase_Thrift_Server_Table_us-west1 72282
Accept_Phase_AzureTable_us-west1 27777
Accept_Phase_Thrift_Server_Table_us-west1 27799
Accept_Phase_AzureTable_us-west1 71980
Accept_Phase_Thrift_Server_Table_us-west1 72001
Accept_Phase_AzureTable_us-west1 73103
Accept_Phase_Thrift_Server_Table_us-west1 73135
Accept_Phase_AzureTable_us-west1 69331
Accept_Phase_Thrift_Server_Table_us-west1 69352
Accept_Phase_AzureTable_us-west1 66166
Accept_Phase_Thrift_Server_Table_us-west1 66196
Accept_Phase_AzureTable_us-west1 77817
Accept_Phase_Thrift_Server_Table_us-west1 77842
Accept_Phase_AzureTable_us-west1 172596
Accept_Phase_Thrift_Server_Table_us-west1 172623
Accept_Phase_AzureTable_us-west1 107243
Accept_Phase_Thrift_Server_Table_us-west1 107283
Accept_Phase_AzureTable_us-west1 116779
Accept_Phase_Thrift_Server_Table_us-west1 116803
Accept_Phase_AzureTable_us-west1 78147
Accept_Phase_Thrift_Server_Table_us-west1 78179
Accept_Phase_AzureTable_us-west1 77025
Accept_Phase_Thrift_Server_Table_us-west1 77046
Accept_Phase_AzureTable_us-west1 79158
Accept_Phase_Thrift_Server_Table_us-west1 79177
Accept_Phase_AzureTable_us-west1 83109
Accept_Phase_Thrift_Server_Table_us-west1 83128
Accept_Phase_AzureTable_us-west1 79678
Accept_Phase_Thrift_Server_Table_us-west1 79697
Accept_Phase_AzureTable_us-west1 85762
Accept_Phase_Thrift_Server_Table_us-west1 85782
Accept_Phase_AzureTable_us-west1 74267
Accept_Phase_Thrift_Server_Table_us-west1 74290
Accept_Phase_AzureTable_us-west1 88181
Accept_Phase_Thrift_Server_Table_us-west1 88201
Accept_Phase_AzureTable_us-west1 95233
Accept_Phase_Thrift_Server_Table_us-west1 95252
Accept_Phase_AzureTable_us-west1 76018
Accept_Phase_Thrift_Server_Table_us-west1 76039
Accept_Phase_AzureTable_us-west1 68747
Accept_Phase_Thrift_Server_Table_us-west1 68766
Accept_Phase_AzureTable_us-west1 75745
Accept_Phase_Thrift_Server_Table_us-west1 75772
Accept_Phase_AzureTable_us-west1 73024
Accept_Phase_Thrift_Server_Table_us-west1 73045
Accept_Phase_AzureTable_us-west1 78902
Accept_Phase_Thrift_Server_Table_us-west1 78922
Accept_Phase_AzureTable_us-west1 168586
Accept_Phase_Thrift_Server_Table_us-west1 168605
Accept_Phase_AzureTable_us-west1 79323
Accept_Phase_Thrift_Server_Table_us-west1 79343
Accept_Phase_AzureTable_us-west1 63033
Accept_Phase_Thrift_Server_Table_us-west1 63055
Accept_Phase_AzureTable_us-west1 89672
Accept_Phase_Thrift_Server_Table_us-west1 89695
Accept_Phase_AzureTable_us-west1 79071
Accept_Phase_Thrift_Server_Table_us-west1 79104
Accept_Phase_AzureTable_us-west1 75595
Accept_Phase_Thrift_Server_Table_us-west1 75627
Accept_Phase_AzureTable_us-west1 79424
Accept_Phase_Thrift_Server_Table_us-west1 79454
Accept_Phase_AzureTable_us-west1 131034
Accept_Phase_Thrift_Server_Table_us-west1 131053
Accept_Phase_AzureTable_us-west1 94974
Accept_Phase_Thrift_Server_Table_us-west1 94995
Accept_Phase_AzureTable_us-west1 82183
Accept_Phase_Thrift_Server_Table_us-west1 82202
Accept_Phase_AzureTable_us-west1 83297
Accept_Phase_Thrift_Server_Table_us-west1 83328
Accept_Phase_AzureTable_us-west1 81426
Accept_Phase_Thrift_Server_Table_us-west1 81446
Accept_Phase_AzureTable_us-west1 81175
Accept_Phase_Thrift_Server_Table_us-west1 81195
Accept_Phase_AzureTable_us-west1 161366
Accept_Phase_Thrift_Server_Table_us-west1 161384
Accept_Phase_AzureTable_us-west1 71118
Accept_Phase_Thrift_Server_Table_us-west1 71139
Accept_Phase_AzureTable_us-west1 77032
Accept_Phase_Thrift_Server_Table_us-west1 77052
Accept_Phase_AzureTable_us-west1 76999
Accept_Phase_Thrift_Server_Table_us-west1 77028
Accept_Phase_AzureTable_us-west1 72453
Accept_Phase_Thrift_Server_Table_us-west1 72499
Accept_Phase_AzureTable_us-west1 106527
Accept_Phase_Thrift_Server_Table_us-west1 106571
Accept_Phase_AzureTable_us-west1 74392
Accept_Phase_Thrift_Server_Table_us-west1 74415
Accept_Phase_AzureTable_us-west1 77539
Accept_Phase_Thrift_Server_Table_us-west1 77559
Accept_Phase_AzureTable_us-west1 75639
Accept_Phase_Thrift_Server_Table_us-west1 75659
Accept_Phase_AzureTable_us-west1 74105
Accept_Phase_Thrift_Server_Table_us-west1 74125
Accept_Phase_AzureTable_us-west1 75168
Accept_Phase_Thrift_Server_Table_us-west1 75188
Accept_Phase_AzureTable_us-west1 77977
Accept_Phase_Thrift_Server_Table_us-west1 77998
Accept_Phase_AzureTable_us-west1 75376
Accept_Phase_Thrift_Server_Table_us-west1 75395
Accept_Phase_AzureTable_us-west1 75740
Accept_Phase_Thrift_Server_Table_us-west1 75759
Accept_Phase_AzureTable_us-west1 67055
Accept_Phase_Thrift_Server_Table_us-west1 67075
Accept_Phase_AzureTable_us-west1 79193
Accept_Phase_Thrift_Server_Table_us-west1 79223
Accept_Phase_AzureTable_us-west1 70982
Accept_Phase_Thrift_Server_Table_us-west1 71002
Accept_Phase_AzureTable_us-west1 84411
Accept_Phase_Thrift_Server_Table_us-west1 84431
Accept_Phase_AzureTable_us-west1 85466
Accept_Phase_Thrift_Server_Table_us-west1 85484
Accept_Phase_AzureTable_us-west1 69958
Accept_Phase_Thrift_Server_Table_us-west1 69979
Accept_Phase_AzureTable_us-west1 87061
Accept_Phase_Thrift_Server_Table_us-west1 87080
Accept_Phase_AzureTable_us-west1 71502
Accept_Phase_Thrift_Server_Table_us-west1 71528
Accept_Phase_AzureTable_us-west1 82872
Accept_Phase_Thrift_Server_Table_us-west1 82895
Accept_Phase_AzureTable_us-west1 104091
Accept_Phase_Thrift_Server_Table_us-west1 104110
Accept_Phase_AzureTable_us-west1 79759
Accept_Phase_Thrift_Server_Table_us-west1 79779
Accept_Phase_AzureTable_us-west1 71626
Accept_Phase_Thrift_Server_Table_us-west1 71654
Accept_Phase_AzureTable_us-west1 94046
Accept_Phase_Thrift_Server_Table_us-west1 94070
Accept_Phase_AzureTable_us-west1 76769
Accept_Phase_Thrift_Server_Table_us-west1 76800
Accept_Phase_AzureTable_us-west1 69613
Accept_Phase_Thrift_Server_Table_us-west1 69645
Accept_Phase_AzureTable_us-west1 66589
Accept_Phase_Thrift_Server_Table_us-west1 66610
Accept_Phase_AzureTable_us-west1 154727
Accept_Phase_Thrift_Server_Table_us-west1 154762
Accept_Phase_AzureTable_us-west1 86145
Accept_Phase_Thrift_Server_Table_us-west1 86165
Accept_Phase_AzureTable_us-west1 122739
Accept_Phase_Thrift_Server_Table_us-west1 122761
Accept_Phase_AzureTable_us-west1 85662
Accept_Phase_Thrift_Server_Table_us-west1 85691
Accept_Phase_AzureTable_us-west1 84778
Accept_Phase_Thrift_Server_Table_us-west1 84797
Accept_Phase_AzureTable_us-west1 73240
Accept_Phase_Thrift_Server_Table_us-west1 73266
Accept_Phase_AzureTable_us-west1 77086
Accept_Phase_Thrift_Server_Table_us-west1 77125
Accept_Phase_AzureTable_us-west1 117839
Accept_Phase_Thrift_Server_Table_us-west1 117862
Accept_Phase_AzureTable_us-west1 85016
Accept_Phase_Thrift_Server_Table_us-west1 85035
Accept_Phase_AzureTable_us-west1 71436
Accept_Phase_Thrift_Server_Table_us-west1 71456
Accept_Phase_AzureTable_us-west1 75292
Accept_Phase_Thrift_Server_Table_us-west1 75312
Accept_Phase_AzureTable_us-west1 89388
Accept_Phase_Thrift_Server_Table_us-west1 89409
Accept_Phase_AzureTable_us-west1 73480
Accept_Phase_Thrift_Server_Table_us-west1 73512
Accept_Phase_AzureTable_us-west1 76553
Accept_Phase_Thrift_Server_Table_us-west1 76575
Accept_Phase_AzureTable_us-west1 78011
Accept_Phase_Thrift_Server_Table_us-west1 78031
Accept_Phase_AzureTable_us-west1 69872
Accept_Phase_Thrift_Server_Table_us-west1 69894
Accept_Phase_AzureTable_us-west1 72421
Accept_Phase_Thrift_Server_Table_us-west1 72440
Accept_Phase_AzureTable_us-west1 99497
Accept_Phase_Thrift_Server_Table_us-west1 99531
Accept_Phase_AzureTable_us-west1 83580
Accept_Phase_Thrift_Server_Table_us-west1 83598
Accept_Phase_AzureTable_us-west1 76515
Accept_Phase_Thrift_Server_Table_us-west1 76546
Accept_Phase_AzureTable_us-west1 77842
Accept_Phase_Thrift_Server_Table_us-west1 77861
Accept_Phase_AzureTable_us-west1 85440
Accept_Phase_Thrift_Server_Table_us-west1 85471
Accept_Phase_AzureTable_us-west1 74659
Accept_Phase_Thrift_Server_Table_us-west1 74678
Accept_Phase_AzureTable_us-west1 73182
Accept_Phase_Thrift_Server_Table_us-west1 73207
Accept_Phase_AzureTable_us-west1 91417
Accept_Phase_Thrift_Server_Table_us-west1 91435
Accept_Phase_AzureTable_us-west1 72348
Accept_Phase_Thrift_Server_Table_us-west1 72379
Accept_Phase_AzureTable_us-west1 72772
Accept_Phase_Thrift_Server_Table_us-west1 72818
Accept_Phase_AzureTable_us-west1 197815
Accept_Phase_Thrift_Server_Table_us-west1 197835
Accept_Phase_AzureTable_us-west1 74441
Accept_Phase_Thrift_Server_Table_us-west1 74459
Accept_Phase_AzureTable_us-west1 73517
Accept_Phase_Thrift_Server_Table_us-west1 73536
Accept_Phase_AzureTable_us-west1 73194
Accept_Phase_Thrift_Server_Table_us-west1 73239
Accept_Phase_AzureTable_us-west1 76290
Accept_Phase_Thrift_Server_Table_us-west1 76310
Accept_Phase_AzureTable_us-west1 135396
Accept_Phase_Thrift_Server_Table_us-west1 135415
Accept_Phase_AzureTable_us-west1 63908
Accept_Phase_Thrift_Server_Table_us-west1 63939
Accept_Phase_AzureTable_us-west1 78608
Accept_Phase_Thrift_Server_Table_us-west1 78628
Accept_Phase_AzureTable_us-west1 149285
Accept_Phase_Thrift_Server_Table_us-west1 149303
Accept_Phase_AzureTable_us-west1 25526
Accept_Phase_Thrift_Server_Table_us-west1 25544
Accept_Phase_AzureTable_us-west1 156080
Accept_Phase_Thrift_Server_Table_us-west1 156112
Accept_Phase_AzureTable_us-west1 108547
Accept_Phase_Thrift_Server_Table_us-west1 108564
Accept_Phase_AzureTable_us-west1 38432
Accept_Phase_Thrift_Server_Table_us-west1 38451
Accept_Phase_AzureTable_us-west1 117145
Accept_Phase_Thrift_Server_Table_us-west1 117177
Accept_Phase_AzureTable_us-west1 82006
Accept_Phase_Thrift_Server_Table_us-west1 82025
Accept_Phase_AzureTable_us-west1 76160
Accept_Phase_Thrift_Server_Table_us-west1 76178
Accept_Phase_AzureTable_us-west1 93869
Accept_Phase_Thrift_Server_Table_us-west1 93897
Accept_Phase_AzureTable_us-west1 71125
Accept_Phase_Thrift_Server_Table_us-west1 71159
Accept_Phase_AzureTable_us-west1 79105
Accept_Phase_Thrift_Server_Table_us-west1 79134
Accept_Phase_AzureTable_us-west1 70667
Accept_Phase_Thrift_Server_Table_us-west1 70688
Accept_Phase_AzureTable_us-west1 99487
Accept_Phase_Thrift_Server_Table_us-west1 99516
Accept_Phase_AzureTable_us-west1 78503
Accept_Phase_Thrift_Server_Table_us-west1 78528
Accept_Phase_AzureTable_us-west1 97404
Accept_Phase_Thrift_Server_Table_us-west1 97425
Accept_Phase_AzureTable_us-west1 79973
Accept_Phase_Thrift_Server_Table_us-west1 79990
Accept_Phase_AzureTable_us-west1 81064
Accept_Phase_Thrift_Server_Table_us-west1 81083
Accept_Phase_AzureTable_us-west1 105486
Accept_Phase_Thrift_Server_Table_us-west1 105503
Accept_Phase_AzureTable_us-west1 80873
Accept_Phase_Thrift_Server_Table_us-west1 80892
Accept_Phase_AzureTable_us-west1 96019
Accept_Phase_Thrift_Server_Table_us-west1 96037
Accept_Phase_AzureTable_us-west1 80103
Accept_Phase_Thrift_Server_Table_us-west1 80134
Accept_Phase_AzureTable_us-west1 79742
Accept_Phase_Thrift_Server_Table_us-west1 79759
Accept_Phase_AzureTable_us-west1 80316
Accept_Phase_Thrift_Server_Table_us-west1 80336
Accept_Phase_AzureTable_us-west1 71633
Accept_Phase_Thrift_Server_Table_us-west1 71653
Accept_Phase_AzureTable_us-west1 67937
Accept_Phase_Thrift_Server_Table_us-west1 67955
Accept_Phase_AzureTable_us-west1 80777
Accept_Phase_Thrift_Server_Table_us-west1 80795
Accept_Phase_AzureTable_us-west1 71126
Accept_Phase_Thrift_Server_Table_us-west1 71157
Accept_Phase_AzureTable_us-west1 96982
Accept_Phase_Thrift_Server_Table_us-west1 97002
Accept_Phase_AzureTable_us-west1 86764
Accept_Phase_Thrift_Server_Table_us-west1 86782
Accept_Phase_AzureTable_us-west1 68178
Accept_Phase_Thrift_Server_Table_us-west1 68206
Accept_Phase_AzureTable_us-west1 36020
Accept_Phase_Thrift_Server_Table_us-west1 36038
Accept_Phase_AzureTable_us-west1 72556
Accept_Phase_Thrift_Server_Table_us-west1 72588
Accept_Phase_AzureTable_us-west1 70767
Accept_Phase_Thrift_Server_Table_us-west1 70786
Accept_Phase_AzureTable_us-west1 98733
Accept_Phase_Thrift_Server_Table_us-west1 98775
Accept_Phase_AzureTable_us-west1 97265
Accept_Phase_Thrift_Server_Table_us-west1 97283
Accept_Phase_AzureTable_us-west1 72191
Accept_Phase_Thrift_Server_Table_us-west1 72210
Accept_Phase_AzureTable_us-west1 163669
Accept_Phase_Thrift_Server_Table_us-west1 163688
Accept_Phase_AzureTable_us-west1 84657
Accept_Phase_Thrift_Server_Table_us-west1 84692
Accept_Phase_AzureTable_us-west1 75978
Accept_Phase_Thrift_Server_Table_us-west1 75998
Accept_Phase_AzureTable_us-west1 68940
Accept_Phase_Thrift_Server_Table_us-west1 68971
Accept_Phase_AzureTable_us-west1 72726
Accept_Phase_Thrift_Server_Table_us-west1 72747
Accept_Phase_AzureTable_us-west1 84915
Accept_Phase_Thrift_Server_Table_us-west1 84935
Accept_Phase_AzureTable_us-west1 76839
Accept_Phase_Thrift_Server_Table_us-west1 76857
Accept_Phase_AzureTable_us-west1 83074
Accept_Phase_Thrift_Server_Table_us-west1 83101
Accept_Phase_AzureTable_us-west1 74795
Accept_Phase_Thrift_Server_Table_us-west1 74814
Accept_Phase_AzureTable_us-west1 67611
Accept_Phase_Thrift_Server_Table_us-west1 67630
Accept_Phase_AzureTable_us-west1 83364
Accept_Phase_Thrift_Server_Table_us-west1 83383
Accept_Phase_AzureTable_us-west1 114739
Accept_Phase_Thrift_Server_Table_us-west1 114778
Accept_Phase_AzureTable_us-west1 78216
Accept_Phase_Thrift_Server_Table_us-west1 78237
Accept_Phase_AzureTable_us-west1 75656
Accept_Phase_Thrift_Server_Table_us-west1 75675
Accept_Phase_AzureTable_us-west1 126596
Accept_Phase_Thrift_Server_Table_us-west1 126615
Accept_Phase_AzureTable_us-west1 76443
Accept_Phase_Thrift_Server_Table_us-west1 76463
Accept_Phase_AzureTable_us-west1 90981
Accept_Phase_Thrift_Server_Table_us-west1 91002
Accept_Phase_AzureTable_us-west1 82431
Accept_Phase_Thrift_Server_Table_us-west1 82450
Accept_Phase_AzureTable_us-west1 78592
Accept_Phase_Thrift_Server_Table_us-west1 78610
Accept_Phase_AzureTable_us-west1 83061
Accept_Phase_Thrift_Server_Table_us-west1 83080
Accept_Phase_AzureTable_us-west1 88150
Accept_Phase_Thrift_Server_Table_us-west1 88184
Accept_Phase_AzureTable_us-west1 76980
Accept_Phase_Thrift_Server_Table_us-west1 77000
Accept_Phase_AzureTable_us-west1 82716
Accept_Phase_Thrift_Server_Table_us-west1 82735
Accept_Phase_AzureTable_us-west1 77051
Accept_Phase_Thrift_Server_Table_us-west1 77068
Accept_Phase_AzureTable_us-west1 77484
Accept_Phase_Thrift_Server_Table_us-west1 77531
Accept_Phase_AzureTable_us-west1 81463
Accept_Phase_Thrift_Server_Table_us-west1 81481
Accept_Phase_AzureTable_us-west1 70929
Accept_Phase_Thrift_Server_Table_us-west1 70959
Accept_Phase_AzureTable_us-west1 87773
Accept_Phase_Thrift_Server_Table_us-west1 87806
Accept_Phase_AzureTable_us-west1 69404
Accept_Phase_Thrift_Server_Table_us-west1 69423
Accept_Phase_AzureTable_us-west1 76567
Accept_Phase_Thrift_Server_Table_us-west1 76586
Accept_Phase_AzureTable_us-west1 75593
Accept_Phase_Thrift_Server_Table_us-west1 75622
Accept_Phase_AzureTable_us-west1 155092
Accept_Phase_Thrift_Server_Table_us-west1 155111
Accept_Phase_AzureTable_us-west1 68571
Accept_Phase_Thrift_Server_Table_us-west1 68585
Accept_Phase_AzureTable_us-west1 283196
Accept_Phase_Thrift_Server_Table_us-west1 283214
Accept_Phase_AzureTable_us-west1 142832
Accept_Phase_Thrift_Server_Table_us-west1 142850
Accept_Phase_AzureTable_us-west1 74952
Accept_Phase_Thrift_Server_Table_us-west1 74970
Accept_Phase_AzureTable_us-west1 82347
Accept_Phase_Thrift_Server_Table_us-west1 82365
Accept_Phase_AzureTable_us-west1 81037
Accept_Phase_Thrift_Server_Table_us-west1 81054
Accept_Phase_AzureTable_us-west1 82705
Accept_Phase_Thrift_Server_Table_us-west1 82723
Accept_Phase_AzureTable_us-west1 70711
Accept_Phase_Thrift_Server_Table_us-west1 70766
Accept_Phase_AzureTable_us-west1 77688
Accept_Phase_Thrift_Server_Table_us-west1 77706
Accept_Phase_AzureTable_us-west1 70253
Accept_Phase_Thrift_Server_Table_us-west1 70271
Accept_Phase_AzureTable_us-west1 94314
Accept_Phase_Thrift_Server_Table_us-west1 94334
Accept_Phase_AzureTable_us-west1 72913
Accept_Phase_Thrift_Server_Table_us-west1 72931
Accept_Phase_AzureTable_us-west1 69231
Accept_Phase_Thrift_Server_Table_us-west1 69265
Accept_Phase_AzureTable_us-west1 71841
Accept_Phase_Thrift_Server_Table_us-west1 71861
Accept_Phase_AzureTable_us-west1 102004
Accept_Phase_Thrift_Server_Table_us-west1 102022
Accept_Phase_AzureTable_us-west1 70476
Accept_Phase_Thrift_Server_Table_us-west1 70496
Accept_Phase_AzureTable_us-west1 66996
Accept_Phase_Thrift_Server_Table_us-west1 67016
Accept_Phase_AzureTable_us-west1 73474
Accept_Phase_Thrift_Server_Table_us-west1 73494
Accept_Phase_AzureTable_us-west1 67038
Accept_Phase_Thrift_Server_Table_us-west1 67057
Accept_Phase_AzureTable_us-west1 120061
Accept_Phase_Thrift_Server_Table_us-west1 120080
Accept_Phase_AzureTable_us-west1 184398
Accept_Phase_Thrift_Server_Table_us-west1 184416
Accept_Phase_AzureTable_us-west1 151405
Accept_Phase_Thrift_Server_Table_us-west1 151423
Accept_Phase_AzureTable_us-west1 75547
Accept_Phase_Thrift_Server_Table_us-west1 75566
Accept_Phase_AzureTable_us-west1 67666
Accept_Phase_Thrift_Server_Table_us-west1 67696
Accept_Phase_AzureTable_us-west1 99254
Accept_Phase_Thrift_Server_Table_us-west1 99274
Accept_Phase_AzureTable_us-west1 82793
Accept_Phase_Thrift_Server_Table_us-west1 82826
Accept_Phase_AzureTable_us-west1 69680
Accept_Phase_Thrift_Server_Table_us-west1 69709
Accept_Phase_AzureTable_us-west1 84078
Accept_Phase_Thrift_Server_Table_us-west1 84096
Accept_Phase_AzureTable_us-west1 127589
Accept_Phase_Thrift_Server_Table_us-west1 127610
Accept_Phase_AzureTable_us-west1 82462
Accept_Phase_Thrift_Server_Table_us-west1 82480
Accept_Phase_AzureTable_us-west1 74700
Accept_Phase_Thrift_Server_Table_us-west1 74735
Accept_Phase_AzureTable_us-west1 70564
Accept_Phase_Thrift_Server_Table_us-west1 70584
Accept_Phase_AzureTable_us-west1 134699
Accept_Phase_Thrift_Server_Table_us-west1 134723
Accept_Phase_AzureTable_us-west1 82176
Accept_Phase_Thrift_Server_Table_us-west1 82196
Accept_Phase_AzureTable_us-west1 79041
Accept_Phase_Thrift_Server_Table_us-west1 79063
Accept_Phase_AzureTable_us-west1 108144
Accept_Phase_Thrift_Server_Table_us-west1 108163
Accept_Phase_AzureTable_us-west1 75773
Accept_Phase_Thrift_Server_Table_us-west1 75792
Accept_Phase_AzureTable_us-west1 68281
Accept_Phase_Thrift_Server_Table_us-west1 68300
Accept_Phase_AzureTable_us-west1 83040
Accept_Phase_Thrift_Server_Table_us-west1 83060
Accept_Phase_AzureTable_us-west1 79848
Accept_Phase_Thrift_Server_Table_us-west1 79869
Accept_Phase_AzureTable_us-west1 72611
Accept_Phase_Thrift_Server_Table_us-west1 72630
Accept_Phase_AzureTable_us-west1 76955
Accept_Phase_Thrift_Server_Table_us-west1 76972
Accept_Phase_AzureTable_us-west1 91148
Accept_Phase_Thrift_Server_Table_us-west1 91181
Accept_Phase_AzureTable_us-west1 69110
Accept_Phase_Thrift_Server_Table_us-west1 69128
Accept_Phase_AzureTable_us-west1 77235
Accept_Phase_Thrift_Server_Table_us-west1 77264
Accept_Phase_AzureTable_us-west1 115797
Accept_Phase_Thrift_Server_Table_us-west1 115816
Accept_Phase_AzureTable_us-west1 67143
Accept_Phase_Thrift_Server_Table_us-west1 67173
Accept_Phase_AzureTable_us-west1 71238
Accept_Phase_Thrift_Server_Table_us-west1 71257
Accept_Phase_AzureTable_us-west1 66743
Accept_Phase_Thrift_Server_Table_us-west1 66780
Accept_Phase_AzureTable_us-west1 99895
Accept_Phase_Thrift_Server_Table_us-west1 99917
Accept_Phase_AzureTable_us-west1 77572
Accept_Phase_Thrift_Server_Table_us-west1 77587
Accept_Phase_AzureTable_us-west1 79941
Accept_Phase_Thrift_Server_Table_us-west1 79958
Accept_Phase_AzureTable_us-west1 80969
Accept_Phase_Thrift_Server_Table_us-west1 80993
Accept_Phase_AzureTable_us-west1 74751
Accept_Phase_Thrift_Server_Table_us-west1 74771
Accept_Phase_AzureTable_us-west1 70491
Accept_Phase_Thrift_Server_Table_us-west1 70508
Accept_Phase_AzureTable_us-west1 76306
Accept_Phase_Thrift_Server_Table_us-west1 76325
Accept_Phase_AzureTable_us-west1 69477
Accept_Phase_Thrift_Server_Table_us-west1 69522
Accept_Phase_AzureTable_us-west1 64382
Accept_Phase_Thrift_Server_Table_us-west1 64400
Accept_Phase_AzureTable_us-west1 148766
Accept_Phase_Thrift_Server_Table_us-west1 148784
Accept_Phase_AzureTable_us-west1 81300
Accept_Phase_Thrift_Server_Table_us-west1 81333
Accept_Phase_AzureTable_us-west1 73876
Accept_Phase_Thrift_Server_Table_us-west1 73906
Accept_Phase_AzureTable_us-west1 72102
Accept_Phase_Thrift_Server_Table_us-west1 72121
Accept_Phase_AzureTable_us-west1 78458
Accept_Phase_Thrift_Server_Table_us-west1 78476
Accept_Phase_AzureTable_us-west1 80393
Accept_Phase_Thrift_Server_Table_us-west1 80424
Accept_Phase_AzureTable_us-west1 89659
Accept_Phase_Thrift_Server_Table_us-west1 89678
Accept_Phase_AzureTable_us-west1 75237
Accept_Phase_Thrift_Server_Table_us-west1 75255
Accept_Phase_AzureTable_us-west1 73070
Accept_Phase_Thrift_Server_Table_us-west1 73090
Accept_Phase_AzureTable_us-west1 83864
Accept_Phase_Thrift_Server_Table_us-west1 83884
Accept_Phase_AzureTable_us-west1 81088
Accept_Phase_Thrift_Server_Table_us-west1 81108
Accept_Phase_AzureTable_us-west1 75372
Accept_Phase_Thrift_Server_Table_us-west1 75392
Accept_Phase_AzureTable_us-west1 74266
Accept_Phase_Thrift_Server_Table_us-west1 74285
Accept_Phase_AzureTable_us-west1 77963
Accept_Phase_Thrift_Server_Table_us-west1 77990
Accept_Phase_AzureTable_us-west1 79378
Accept_Phase_Thrift_Server_Table_us-west1 79414
Accept_Phase_AzureTable_us-west1 75592
Accept_Phase_Thrift_Server_Table_us-west1 75622
Accept_Phase_AzureTable_us-west1 93858
Accept_Phase_Thrift_Server_Table_us-west1 93877
Accept_Phase_AzureTable_us-west1 80725
Accept_Phase_Thrift_Server_Table_us-west1 80742
Accept_Phase_AzureTable_us-west1 70358
Accept_Phase_Thrift_Server_Table_us-west1 70377
Accept_Phase_AzureTable_us-west1 85342
Accept_Phase_Thrift_Server_Table_us-west1 85361
Accept_Phase_AzureTable_us-west1 84576
Accept_Phase_Thrift_Server_Table_us-west1 84594
Accept_Phase_AzureTable_us-west1 81919
Accept_Phase_Thrift_Server_Table_us-west1 81941
Accept_Phase_AzureTable_us-west1 71689
Accept_Phase_Thrift_Server_Table_us-west1 71709
Accept_Phase_AzureTable_us-west1 83724
Accept_Phase_Thrift_Server_Table_us-west1 83742
Accept_Phase_AzureTable_us-west1 67563
Accept_Phase_Thrift_Server_Table_us-west1 67594
Accept_Phase_AzureTable_us-west1 139804
Accept_Phase_Thrift_Server_Table_us-west1 139838
Accept_Phase_AzureTable_us-west1 181400
Accept_Phase_Thrift_Server_Table_us-west1 181434
Accept_Phase_AzureTable_us-west1 76184
Accept_Phase_Thrift_Server_Table_us-west1 76200
Accept_Phase_AzureTable_us-west1 89739
Accept_Phase_Thrift_Server_Table_us-west1 89754
Accept_Phase_AzureTable_us-west1 84946
Accept_Phase_Thrift_Server_Table_us-west1 84969
Accept_Phase_AzureTable_us-west1 80278
Accept_Phase_Thrift_Server_Table_us-west1 80300
Accept_Phase_AzureTable_us-west1 89514
Accept_Phase_Thrift_Server_Table_us-west1 89545
Accept_Phase_AzureTable_us-west1 38140
Accept_Phase_Thrift_Server_Table_us-west1 38171
Accept_Phase_AzureTable_us-west1 79863
Accept_Phase_Thrift_Server_Table_us-west1 79881
Accept_Phase_AzureTable_us-west1 80667
Accept_Phase_Thrift_Server_Table_us-west1 80687
Accept_Phase_AzureTable_us-west1 80442
Accept_Phase_Thrift_Server_Table_us-west1 80471
Accept_Phase_AzureTable_us-west1 75242
Accept_Phase_Thrift_Server_Table_us-west1 75261
Accept_Phase_AzureTable_us-west1 78244
Accept_Phase_Thrift_Server_Table_us-west1 78265
Accept_Phase_AzureTable_us-west1 74149
Accept_Phase_Thrift_Server_Table_us-west1 74167
Accept_Phase_AzureTable_us-west1 72446
Accept_Phase_Thrift_Server_Table_us-west1 72464
Accept_Phase_AzureTable_us-west1 72605
Accept_Phase_Thrift_Server_Table_us-west1 72624
Accept_Phase_AzureTable_us-west1 74819
Accept_Phase_Thrift_Server_Table_us-west1 74851
Accept_Phase_AzureTable_us-west1 84635
Accept_Phase_Thrift_Server_Table_us-west1 84661
Accept_Phase_AzureTable_us-west1 113736
Accept_Phase_Thrift_Server_Table_us-west1 113752
Accept_Phase_AzureTable_us-west1 91648
Accept_Phase_Thrift_Server_Table_us-west1 91667
Accept_Phase_AzureTable_us-west1 73276
Accept_Phase_Thrift_Server_Table_us-west1 73294
Accept_Phase_AzureTable_us-west1 110040
Accept_Phase_Thrift_Server_Table_us-west1 110071
Accept_Phase_AzureTable_us-west1 86189
Accept_Phase_Thrift_Server_Table_us-west1 86205
Accept_Phase_AzureTable_us-west1 130646
Accept_Phase_Thrift_Server_Table_us-west1 130677
Accept_Phase_AzureTable_us-west1 86256
Accept_Phase_Thrift_Server_Table_us-west1 86274
Accept_Phase_AzureTable_us-west1 84116
Accept_Phase_Thrift_Server_Table_us-west1 84138
Accept_Phase_AzureTable_us-west1 73902
Accept_Phase_Thrift_Server_Table_us-west1 73920
Accept_Phase_AzureTable_us-west1 84801
Accept_Phase_Thrift_Server_Table_us-west1 84819
Accept_Phase_AzureTable_us-west1 88177
Accept_Phase_Thrift_Server_Table_us-west1 88208
Accept_Phase_AzureTable_us-west1 141088
Accept_Phase_Thrift_Server_Table_us-west1 141108
Accept_Phase_AzureTable_us-west1 79046
Accept_Phase_Thrift_Server_Table_us-west1 79064
Accept_Phase_AzureTable_us-west1 87933
Accept_Phase_Thrift_Server_Table_us-west1 87965
Accept_Phase_AzureTable_us-west1 79670
Accept_Phase_Thrift_Server_Table_us-west1 79702
Accept_Phase_AzureTable_us-west1 76439
Accept_Phase_Thrift_Server_Table_us-west1 76458
Accept_Phase_AzureTable_us-west1 71165
Accept_Phase_Thrift_Server_Table_us-west1 71199
Accept_Phase_AzureTable_us-west1 72239
Accept_Phase_Thrift_Server_Table_us-west1 72262
Accept_Phase_AzureTable_us-west1 70773
Accept_Phase_Thrift_Server_Table_us-west1 70793
Accept_Phase_AzureTable_us-west1 153023
Accept_Phase_Thrift_Server_Table_us-west1 153054
Accept_Phase_AzureTable_us-west1 74590
Accept_Phase_Thrift_Server_Table_us-west1 74610
Accept_Phase_AzureTable_us-west1 89582
Accept_Phase_Thrift_Server_Table_us-west1 89601
Accept_Phase_AzureTable_us-west1 69358
Accept_Phase_Thrift_Server_Table_us-west1 69378
Accept_Phase_AzureTable_us-west1 72660
Accept_Phase_Thrift_Server_Table_us-west1 72678
Accept_Phase_AzureTable_us-west1 124570
Accept_Phase_Thrift_Server_Table_us-west1 124592
Accept_Phase_AzureTable_us-west1 74921
Accept_Phase_Thrift_Server_Table_us-west1 74939
Accept_Phase_AzureTable_us-west1 102817
Accept_Phase_Thrift_Server_Table_us-west1 102836
Accept_Phase_AzureTable_us-west1 84735
Accept_Phase_Thrift_Server_Table_us-west1 84753
Accept_Phase_AzureTable_us-west1 84549
Accept_Phase_Thrift_Server_Table_us-west1 84584
Accept_Phase_AzureTable_us-west1 65845
Accept_Phase_Thrift_Server_Table_us-west1 65865
Accept_Phase_AzureTable_us-west1 76193
Accept_Phase_Thrift_Server_Table_us-west1 76224
Accept_Phase_AzureTable_us-west1 71389
Accept_Phase_Thrift_Server_Table_us-west1 71408
Accept_Phase_AzureTable_us-west1 79461
Accept_Phase_Thrift_Server_Table_us-west1 79480
Accept_Phase_AzureTable_us-west1 70008
Accept_Phase_Thrift_Server_Table_us-west1 70026
Accept_Phase_AzureTable_us-west1 60491
Accept_Phase_Thrift_Server_Table_us-west1 60509
Accept_Phase_AzureTable_us-west1 72546
Accept_Phase_Thrift_Server_Table_us-west1 72564
Accept_Phase_AzureTable_us-west1 69275
Accept_Phase_Thrift_Server_Table_us-west1 69294
Accept_Phase_AzureTable_us-west1 71491
Accept_Phase_Thrift_Server_Table_us-west1 71511
Accept_Phase_AzureTable_us-west1 70943
Accept_Phase_Thrift_Server_Table_us-west1 70963
Accept_Phase_AzureTable_us-west1 80961
Accept_Phase_Thrift_Server_Table_us-west1 80979
Accept_Phase_AzureTable_us-west1 71318
Accept_Phase_Thrift_Server_Table_us-west1 71347
Accept_Phase_AzureTable_us-west1 78420
Accept_Phase_Thrift_Server_Table_us-west1 78441
Accept_Phase_AzureTable_us-west1 75652
Accept_Phase_Thrift_Server_Table_us-west1 75678
Accept_Phase_AzureTable_us-west1 63659
Accept_Phase_Thrift_Server_Table_us-west1 63690
Accept_Phase_AzureTable_us-west1 88537
Accept_Phase_Thrift_Server_Table_us-west1 88561
Accept_Phase_AzureTable_us-west1 79680
Accept_Phase_Thrift_Server_Table_us-west1 79704
Accept_Phase_AzureTable_us-west1 83049
Accept_Phase_Thrift_Server_Table_us-west1 83067
Accept_Phase_AzureTable_us-west1 86441
Accept_Phase_Thrift_Server_Table_us-west1 86459
Accept_Phase_AzureTable_us-west1 79529
Accept_Phase_Thrift_Server_Table_us-west1 79548
Accept_Phase_AzureTable_us-west1 134247
Accept_Phase_Thrift_Server_Table_us-west1 134270
Accept_Phase_AzureTable_us-west1 79286
Accept_Phase_Thrift_Server_Table_us-west1 79306
Accept_Phase_AzureTable_us-west1 112564
Accept_Phase_Thrift_Server_Table_us-west1 112596
Accept_Phase_AzureTable_us-west1 78110
Accept_Phase_Thrift_Server_Table_us-west1 78135
Accept_Phase_AzureTable_us-west1 82301
Accept_Phase_Thrift_Server_Table_us-west1 82326
Accept_Phase_AzureTable_us-west1 84784
Accept_Phase_Thrift_Server_Table_us-west1 84800
Accept_Phase_AzureTable_us-west1 74917
Accept_Phase_Thrift_Server_Table_us-west1 74938
Accept_Phase_AzureTable_us-west1 26232
Accept_Phase_Thrift_Server_Table_us-west1 26254
Accept_Phase_AzureTable_us-west1 94195
Accept_Phase_Thrift_Server_Table_us-west1 94222
Accept_Phase_AzureTable_us-west1 136739
Accept_Phase_Thrift_Server_Table_us-west1 136755
Accept_Phase_AzureTable_us-west1 94375
Accept_Phase_Thrift_Server_Table_us-west1 94393
Accept_Phase_AzureTable_us-west1 100791
Accept_Phase_Thrift_Server_Table_us-west1 100817
Accept_Phase_AzureTable_us-west1 84794
Accept_Phase_Thrift_Server_Table_us-west1 84823
Accept_Phase_AzureTable_us-west1 75960
Accept_Phase_Thrift_Server_Table_us-west1 75985
Accept_Phase_AzureTable_us-west1 62700
Accept_Phase_Thrift_Server_Table_us-west1 62722
Accept_Phase_AzureTable_us-west1 68376
Accept_Phase_Thrift_Server_Table_us-west1 68396
Accept_Phase_AzureTable_us-west1 19297
Accept_Phase_Thrift_Server_Table_us-west1 19321
Accept_Phase_AzureTable_us-west1 69409
Accept_Phase_Thrift_Server_Table_us-west1 69431
Accept_Phase_AzureTable_us-west1 73026
Accept_Phase_Thrift_Server_Table_us-west1 73047
Accept_Phase_AzureTable_us-west1 75212
Accept_Phase_Thrift_Server_Table_us-west1 75235
Accept_Phase_AzureTable_us-west1 67815
Accept_Phase_Thrift_Server_Table_us-west1 67835
Accept_Phase_AzureTable_us-west1 72836
Accept_Phase_Thrift_Server_Table_us-west1 72855
Accept_Phase_AzureTable_us-west1 74502
Accept_Phase_Thrift_Server_Table_us-west1 74551
Accept_Phase_AzureTable_us-west1 150435
Accept_Phase_Thrift_Server_Table_us-west1 150456
Accept_Phase_AzureTable_us-west1 157162
Accept_Phase_Thrift_Server_Table_us-west1 157181
Accept_Phase_AzureTable_us-west1 78200
Accept_Phase_Thrift_Server_Table_us-west1 78220
Accept_Phase_AzureTable_us-west1 81762
Accept_Phase_Thrift_Server_Table_us-west1 81785
Accept_Phase_AzureTable_us-west1 76775
Accept_Phase_Thrift_Server_Table_us-west1 76797
Accept_Phase_AzureTable_us-west1 75155
Accept_Phase_Thrift_Server_Table_us-west1 75175
Accept_Phase_AzureTable_us-west1 72705
Accept_Phase_Thrift_Server_Table_us-west1 72724
Accept_Phase_AzureTable_us-west1 73991
Accept_Phase_Thrift_Server_Table_us-west1 74016
Accept_Phase_AzureTable_us-west1 71663
Accept_Phase_Thrift_Server_Table_us-west1 71687
Accept_Phase_AzureTable_us-west1 71139
Accept_Phase_Thrift_Server_Table_us-west1 71162
Accept_Phase_AzureTable_us-west1 78725
Accept_Phase_Thrift_Server_Table_us-west1 78749
Accept_Phase_AzureTable_us-west1 72042
Accept_Phase_Thrift_Server_Table_us-west1 72065
Accept_Phase_AzureTable_us-west1 172614
Accept_Phase_Thrift_Server_Table_us-west1 172635
Accept_Phase_AzureTable_us-west1 81240
Accept_Phase_Thrift_Server_Table_us-west1 81262
Accept_Phase_AzureTable_us-west1 102688
Accept_Phase_Thrift_Server_Table_us-west1 102720
Accept_Phase_AzureTable_us-west1 98702
Accept_Phase_Thrift_Server_Table_us-west1 98734
Accept_Phase_AzureTable_us-west1 82560
Accept_Phase_Thrift_Server_Table_us-west1 82584
Accept_Phase_AzureTable_us-west1 77842
Accept_Phase_Thrift_Server_Table_us-west1 77875
Accept_Phase_AzureTable_us-west1 83264
Accept_Phase_Thrift_Server_Table_us-west1 83288
Accept_Phase_AzureTable_us-west1 75236
Accept_Phase_Thrift_Server_Table_us-west1 75266
Accept_Phase_AzureTable_us-west1 72856
Accept_Phase_Thrift_Server_Table_us-west1 72879
Accept_Phase_AzureTable_us-west1 81931
Accept_Phase_Thrift_Server_Table_us-west1 81950
Accept_Phase_AzureTable_us-west1 75213
Accept_Phase_Thrift_Server_Table_us-west1 75233
Accept_Phase_AzureTable_us-west1 73146
Accept_Phase_Thrift_Server_Table_us-west1 73167
Accept_Phase_AzureTable_us-west1 69883
Accept_Phase_Thrift_Server_Table_us-west1 69923
Accept_Phase_AzureTable_us-west1 68133
Accept_Phase_Thrift_Server_Table_us-west1 68154
Accept_Phase_AzureTable_us-west1 71987
Accept_Phase_Thrift_Server_Table_us-west1 72021
Accept_Phase_AzureTable_us-west1 98057
Accept_Phase_Thrift_Server_Table_us-west1 98083
Accept_Phase_AzureTable_us-west1 73283
Accept_Phase_Thrift_Server_Table_us-west1 73303
Accept_Phase_AzureTable_us-west1 86280
Accept_Phase_Thrift_Server_Table_us-west1 86302
Accept_Phase_AzureTable_us-west1 85322
Accept_Phase_Thrift_Server_Table_us-west1 85343
Accept_Phase_AzureTable_us-west1 71870
Accept_Phase_Thrift_Server_Table_us-west1 71892
Accept_Phase_AzureTable_us-west1 70887
Accept_Phase_Thrift_Server_Table_us-west1 70906
Accept_Phase_AzureTable_us-west1 80989
Accept_Phase_Thrift_Server_Table_us-west1 81008
Accept_Phase_AzureTable_us-west1 69660
Accept_Phase_Thrift_Server_Table_us-west1 69682
Accept_Phase_AzureTable_us-west1 81092
Accept_Phase_Thrift_Server_Table_us-west1 81111
Accept_Phase_AzureTable_us-west1 77621
Accept_Phase_Thrift_Server_Table_us-west1 77644
Accept_Phase_AzureTable_us-west1 78039
Accept_Phase_Thrift_Server_Table_us-west1 78064
Accept_Phase_AzureTable_us-west1 85851
Accept_Phase_Thrift_Server_Table_us-west1 85876
Accept_Phase_AzureTable_us-west1 75951
Accept_Phase_Thrift_Server_Table_us-west1 75968
Accept_Phase_AzureTable_us-west1 77132
Accept_Phase_Thrift_Server_Table_us-west1 77151
Accept_Phase_AzureTable_us-west1 102173
Accept_Phase_Thrift_Server_Table_us-west1 102199
Accept_Phase_AzureTable_us-west1 82747
Accept_Phase_Thrift_Server_Table_us-west1 82773
Accept_Phase_AzureTable_us-west1 79268
Accept_Phase_Thrift_Server_Table_us-west1 79286
Accept_Phase_AzureTable_us-west1 75425
Accept_Phase_Thrift_Server_Table_us-west1 75446
Accept_Phase_AzureTable_us-west1 79585
Accept_Phase_Thrift_Server_Table_us-west1 79604
Accept_Phase_AzureTable_us-west1 104405
Accept_Phase_Thrift_Server_Table_us-west1 104426
Accept_Phase_AzureTable_us-west1 167560
Accept_Phase_Thrift_Server_Table_us-west1 167580
Accept_Phase_AzureTable_us-west1 76112
Accept_Phase_Thrift_Server_Table_us-west1 76133
Accept_Phase_AzureTable_us-west1 74745
Accept_Phase_Thrift_Server_Table_us-west1 74764
Accept_Phase_AzureTable_us-west1 88982
Accept_Phase_Thrift_Server_Table_us-west1 89023
Accept_Phase_AzureTable_us-west1 66145
Accept_Phase_Thrift_Server_Table_us-west1 66164
Accept_Phase_AzureTable_us-west1 74833
Accept_Phase_Thrift_Server_Table_us-west1 74852
Accept_Phase_AzureTable_us-west1 78095
Accept_Phase_Thrift_Server_Table_us-west1 78114
Accept_Phase_AzureTable_us-west1 174772
Accept_Phase_Thrift_Server_Table_us-west1 174790
Accept_Phase_AzureTable_us-west1 85088
Accept_Phase_Thrift_Server_Table_us-west1 85108
Accept_Phase_AzureTable_us-west1 78122
Accept_Phase_Thrift_Server_Table_us-west1 78144
Accept_Phase_AzureTable_us-west1 96131
Accept_Phase_Thrift_Server_Table_us-west1 96150
Accept_Phase_AzureTable_us-west1 38291
Accept_Phase_Thrift_Server_Table_us-west1 38312
Accept_Phase_AzureTable_us-west1 76830
Accept_Phase_Thrift_Server_Table_us-west1 76850
Accept_Phase_AzureTable_us-west1 74021
Accept_Phase_Thrift_Server_Table_us-west1 74043
Accept_Phase_AzureTable_us-west1 86943
Accept_Phase_Thrift_Server_Table_us-west1 86964
Accept_Phase_AzureTable_us-west1 74804
Accept_Phase_Thrift_Server_Table_us-west1 74823
Accept_Phase_AzureTable_us-west1 91065
Accept_Phase_Thrift_Server_Table_us-west1 91085
Accept_Phase_AzureTable_us-west1 78094
Accept_Phase_Thrift_Server_Table_us-west1 78114
Accept_Phase_AzureTable_us-west1 96801
Accept_Phase_Thrift_Server_Table_us-west1 96823
Accept_Phase_AzureTable_us-west1 81950
Accept_Phase_Thrift_Server_Table_us-west1 81968
Accept_Phase_AzureTable_us-west1 76780
Accept_Phase_Thrift_Server_Table_us-west1 76814
Accept_Phase_AzureTable_us-west1 70032
Accept_Phase_Thrift_Server_Table_us-west1 70050
Accept_Phase_AzureTable_us-west1 84959
Accept_Phase_Thrift_Server_Table_us-west1 84982
Accept_Phase_AzureTable_us-west1 74326
Accept_Phase_Thrift_Server_Table_us-west1 74357
Accept_Phase_AzureTable_us-west1 66388
Accept_Phase_Thrift_Server_Table_us-west1 66407
Accept_Phase_AzureTable_us-west1 75918
Accept_Phase_Thrift_Server_Table_us-west1 75936
Accept_Phase_AzureTable_us-west1 95040
Accept_Phase_Thrift_Server_Table_us-west1 95086
Accept_Phase_AzureTable_us-west1 151650
Accept_Phase_Thrift_Server_Table_us-west1 151668
Accept_Phase_AzureTable_us-west1 80636
Accept_Phase_Thrift_Server_Table_us-west1 80665
Accept_Phase_AzureTable_us-west1 70600
Accept_Phase_Thrift_Server_Table_us-west1 70618
Accept_Phase_AzureTable_us-west1 100417
Accept_Phase_Thrift_Server_Table_us-west1 100440
Accept_Phase_AzureTable_us-west1 77935
Accept_Phase_Thrift_Server_Table_us-west1 77957
Accept_Phase_AzureTable_us-west1 84222
Accept_Phase_Thrift_Server_Table_us-west1 84246
Accept_Phase_AzureTable_us-west1 78784
Accept_Phase_Thrift_Server_Table_us-west1 78808
Accept_Phase_AzureTable_us-west1 77007
Accept_Phase_Thrift_Server_Table_us-west1 77044
Accept_Phase_AzureTable_us-west1 93076
Accept_Phase_Thrift_Server_Table_us-west1 93103
Accept_Phase_AzureTable_us-west1 73050
Accept_Phase_Thrift_Server_Table_us-west1 73087
Accept_Phase_AzureTable_us-west1 74763
Accept_Phase_Thrift_Server_Table_us-west1 74784
Accept_Phase_AzureTable_us-west1 111257
Accept_Phase_Thrift_Server_Table_us-west1 111275
Accept_Phase_AzureTable_us-west1 78188
Accept_Phase_Thrift_Server_Table_us-west1 78205
Accept_Phase_AzureTable_us-west1 114894
Accept_Phase_Thrift_Server_Table_us-west1 114911
Accept_Phase_AzureTable_us-west1 93567
Accept_Phase_Thrift_Server_Table_us-west1 93586
Accept_Phase_AzureTable_us-west1 131452
Accept_Phase_Thrift_Server_Table_us-west1 131469
Accept_Phase_AzureTable_us-west1 92019
Accept_Phase_Thrift_Server_Table_us-west1 92050
Accept_Phase_AzureTable_us-west1 73571
Accept_Phase_Thrift_Server_Table_us-west1 73593
Accept_Phase_AzureTable_us-west1 76680
Accept_Phase_Thrift_Server_Table_us-west1 76704
Accept_Phase_AzureTable_us-west1 83104
Accept_Phase_Thrift_Server_Table_us-west1 83126
Accept_Phase_AzureTable_us-west1 75366
Accept_Phase_Thrift_Server_Table_us-west1 75386
Accept_Phase_AzureTable_us-west1 76119
Accept_Phase_Thrift_Server_Table_us-west1 76143
Accept_Phase_AzureTable_us-west1 69804
Accept_Phase_Thrift_Server_Table_us-west1 69828
Accept_Phase_AzureTable_us-west1 82432
Accept_Phase_Thrift_Server_Table_us-west1 82451
Accept_Phase_AzureTable_us-west1 86433
Accept_Phase_Thrift_Server_Table_us-west1 86460
Accept_Phase_AzureTable_us-west1 82271
Accept_Phase_Thrift_Server_Table_us-west1 82292
Accept_Phase_AzureTable_us-west1 74082
Accept_Phase_Thrift_Server_Table_us-west1 74106
Accept_Phase_AzureTable_us-west1 86695
Accept_Phase_Thrift_Server_Table_us-west1 86722
Accept_Phase_AzureTable_us-west1 73322
Accept_Phase_Thrift_Server_Table_us-west1 73340
Accept_Phase_AzureTable_us-west1 79402
Accept_Phase_Thrift_Server_Table_us-west1 79421
Accept_Phase_AzureTable_us-west1 86558
Accept_Phase_Thrift_Server_Table_us-west1 86579
Accept_Phase_AzureTable_us-west1 83222
Accept_Phase_Thrift_Server_Table_us-west1 83239
Accept_Phase_AzureTable_us-west1 77167
Accept_Phase_Thrift_Server_Table_us-west1 77184
Accept_Phase_AzureTable_us-west1 81841
Accept_Phase_Thrift_Server_Table_us-west1 81868
Accept_Phase_AzureTable_us-west1 135906
Accept_Phase_Thrift_Server_Table_us-west1 135932
Accept_Phase_AzureTable_us-west1 79557
Accept_Phase_Thrift_Server_Table_us-west1 79573
Accept_Phase_AzureTable_us-west1 105871
Accept_Phase_Thrift_Server_Table_us-west1 105906
Accept_Phase_AzureTable_us-west1 76324
Accept_Phase_Thrift_Server_Table_us-west1 76348
Accept_Phase_AzureTable_us-west1 73787
Accept_Phase_Thrift_Server_Table_us-west1 73809
Accept_Phase_AzureTable_us-west1 78871
Accept_Phase_Thrift_Server_Table_us-west1 78896
Accept_Phase_AzureTable_us-west1 74807
Accept_Phase_Thrift_Server_Table_us-west1 74834
Accept_Phase_AzureTable_us-west1 81297
Accept_Phase_Thrift_Server_Table_us-west1 81318
Accept_Phase_AzureTable_us-west1 79309
Accept_Phase_Thrift_Server_Table_us-west1 79327
Accept_Phase_AzureTable_us-west1 75160
Accept_Phase_Thrift_Server_Table_us-west1 75185
Accept_Phase_AzureTable_us-west1 69605
Accept_Phase_Thrift_Server_Table_us-west1 69629
Accept_Phase_AzureTable_us-west1 155631
Accept_Phase_Thrift_Server_Table_us-west1 155653
Accept_Phase_AzureTable_us-west1 78682
Accept_Phase_Thrift_Server_Table_us-west1 78713
Accept_Phase_AzureTable_us-west1 82231
Accept_Phase_Thrift_Server_Table_us-west1 82254
Accept_Phase_AzureTable_us-west1 127273
Accept_Phase_Thrift_Server_Table_us-west1 127294
Accept_Phase_AzureTable_us-west1 83539
Accept_Phase_Thrift_Server_Table_us-west1 83555
Accept_Phase_AzureTable_us-west1 79713
Accept_Phase_Thrift_Server_Table_us-west1 79730
Accept_Phase_AzureTable_us-west1 70496
Accept_Phase_Thrift_Server_Table_us-west1 70541
Accept_Phase_AzureTable_us-west1 83145
Accept_Phase_Thrift_Server_Table_us-west1 83162
Accept_Phase_AzureTable_us-west1 78333
Accept_Phase_Thrift_Server_Table_us-west1 78357
Accept_Phase_AzureTable_us-west1 76991
Accept_Phase_Thrift_Server_Table_us-west1 77017
Accept_Phase_AzureTable_us-west1 179389
Accept_Phase_Thrift_Server_Table_us-west1 179412
Accept_Phase_AzureTable_us-west1 81915
Accept_Phase_Thrift_Server_Table_us-west1 81941
Accept_Phase_AzureTable_us-west1 73438
Accept_Phase_Thrift_Server_Table_us-west1 73463
Accept_Phase_AzureTable_us-west1 70409
Accept_Phase_Thrift_Server_Table_us-west1 70431
Accept_Phase_AzureTable_us-west1 163779
Accept_Phase_Thrift_Server_Table_us-west1 163804
Accept_Phase_AzureTable_us-west1 78858
Accept_Phase_Thrift_Server_Table_us-west1 78882
Accept_Phase_AzureTable_us-west1 78573
Accept_Phase_Thrift_Server_Table_us-west1 78595
Accept_Phase_AzureTable_us-west1 67775
Accept_Phase_Thrift_Server_Table_us-west1 67796
Accept_Phase_AzureTable_us-west1 20159
Accept_Phase_Thrift_Server_Table_us-west1 20183
Accept_Phase_AzureTable_us-west1 80216
Accept_Phase_Thrift_Server_Table_us-west1 80242
Accept_Phase_AzureTable_us-west1 83350
Accept_Phase_Thrift_Server_Table_us-west1 83382
Accept_Phase_AzureTable_us-west1 81360
Accept_Phase_Thrift_Server_Table_us-west1 81380
Accept_Phase_AzureTable_us-west1 85115
Accept_Phase_Thrift_Server_Table_us-west1 85134
Accept_Phase_AzureTable_us-west1 82585
Accept_Phase_Thrift_Server_Table_us-west1 82612
Accept_Phase_AzureTable_us-west1 93457
Accept_Phase_Thrift_Server_Table_us-west1 93482
Accept_Phase_AzureTable_us-west1 78104
Accept_Phase_Thrift_Server_Table_us-west1 78132
Accept_Phase_AzureTable_us-west1 123392
Accept_Phase_Thrift_Server_Table_us-west1 123415
Accept_Phase_AzureTable_us-west1 86002
Accept_Phase_Thrift_Server_Table_us-west1 86065
Accept_Phase_AzureTable_us-west1 124217
Accept_Phase_Thrift_Server_Table_us-west1 124244
Accept_Phase_AzureTable_us-west1 129705
Accept_Phase_Thrift_Server_Table_us-west1 129725
Accept_Phase_AzureTable_us-west1 117796
Accept_Phase_Thrift_Server_Table_us-west1 117822
Accept_Phase_AzureTable_us-west1 80151
Accept_Phase_Thrift_Server_Table_us-west1 80173
Accept_Phase_AzureTable_us-west1 122912
Accept_Phase_Thrift_Server_Table_us-west1 122932
Accept_Phase_AzureTable_us-west1 76363
Accept_Phase_Thrift_Server_Table_us-west1 76389
Accept_Phase_AzureTable_us-west1 69780
Accept_Phase_Thrift_Server_Table_us-west1 69802
Accept_Phase_AzureTable_us-west1 87627
Accept_Phase_Thrift_Server_Table_us-west1 87654
Accept_Phase_AzureTable_us-west1 66400
Accept_Phase_Thrift_Server_Table_us-west1 66421
Accept_Phase_AzureTable_us-west1 82223
Accept_Phase_Thrift_Server_Table_us-west1 82241
Accept_Phase_AzureTable_us-west1 78993
Accept_Phase_Thrift_Server_Table_us-west1 79013
Accept_Phase_AzureTable_us-west1 82128
Accept_Phase_Thrift_Server_Table_us-west1 82148
Accept_Phase_AzureTable_us-west1 86871
Accept_Phase_Thrift_Server_Table_us-west1 86890
Accept_Phase_AzureTable_us-west1 160054
Accept_Phase_Thrift_Server_Table_us-west1 160076
Accept_Phase_AzureTable_us-west1 80862
Accept_Phase_Thrift_Server_Table_us-west1 80891
Accept_Phase_AzureTable_us-west1 74299
Accept_Phase_Thrift_Server_Table_us-west1 74319
Accept_Phase_AzureTable_us-west1 134536
Accept_Phase_Thrift_Server_Table_us-west1 134566
Accept_Phase_AzureTable_us-west1 85257
Accept_Phase_Thrift_Server_Table_us-west1 85277
Accept_Phase_AzureTable_us-west1 115371
Accept_Phase_Thrift_Server_Table_us-west1 115398
Accept_Phase_AzureTable_us-west1 76139
Accept_Phase_Thrift_Server_Table_us-west1 76158
Accept_Phase_AzureTable_us-west1 67285
Accept_Phase_Thrift_Server_Table_us-west1 67314
Accept_Phase_AzureTable_us-west1 186439
Accept_Phase_Thrift_Server_Table_us-west1 186465
Accept_Phase_AzureTable_us-west1 79709
Accept_Phase_Thrift_Server_Table_us-west1 79728
Accept_Phase_AzureTable_us-west1 80476
Accept_Phase_Thrift_Server_Table_us-west1 80502
Accept_Phase_AzureTable_us-west1 83661
Accept_Phase_Thrift_Server_Table_us-west1 83682
Accept_Phase_AzureTable_us-west1 78915
Accept_Phase_Thrift_Server_Table_us-west1 78933
Accept_Phase_AzureTable_us-west1 108781
Accept_Phase_Thrift_Server_Table_us-west1 108798
Accept_Phase_AzureTable_us-west1 67612
Accept_Phase_Thrift_Server_Table_us-west1 67632
Accept_Phase_AzureTable_us-west1 71323
Accept_Phase_Thrift_Server_Table_us-west1 71346
Accept_Phase_AzureTable_us-west1 76693
Accept_Phase_Thrift_Server_Table_us-west1 76712
Accept_Phase_AzureTable_us-west1 70930
Accept_Phase_Thrift_Server_Table_us-west1 70951
Accept_Phase_AzureTable_us-west1 73646
Accept_Phase_Thrift_Server_Table_us-west1 73673
Accept_Phase_AzureTable_us-west1 75165
Accept_Phase_Thrift_Server_Table_us-west1 75196
Accept_Phase_AzureTable_us-west1 99329
Accept_Phase_Thrift_Server_Table_us-west1 99351
Accept_Phase_AzureTable_us-west1 76772
Accept_Phase_Thrift_Server_Table_us-west1 76793
Accept_Phase_AzureTable_us-west1 76637
Accept_Phase_Thrift_Server_Table_us-west1 76660
Accept_Phase_AzureTable_us-west1 99816
Accept_Phase_Thrift_Server_Table_us-west1 99840
Accept_Phase_AzureTable_us-west1 86452
Accept_Phase_Thrift_Server_Table_us-west1 86474
Accept_Phase_AzureTable_us-west1 80624
Accept_Phase_Thrift_Server_Table_us-west1 80641
Accept_Phase_AzureTable_us-west1 87130
Accept_Phase_Thrift_Server_Table_us-west1 87152
Accept_Phase_AzureTable_us-west1 80085
Accept_Phase_Thrift_Server_Table_us-west1 80104
Accept_Phase_AzureTable_us-west1 77717
Accept_Phase_Thrift_Server_Table_us-west1 77742
Accept_Phase_AzureTable_us-west1 77942
Accept_Phase_Thrift_Server_Table_us-west1 77968
Accept_Phase_AzureTable_us-west1 103310
Accept_Phase_Thrift_Server_Table_us-west1 103330
Accept_Phase_AzureTable_us-west1 87439
Accept_Phase_Thrift_Server_Table_us-west1 87463
Accept_Phase_AzureTable_us-west1 72678
Accept_Phase_Thrift_Server_Table_us-west1 72702
Accept_Phase_AzureTable_us-west1 75266
Accept_Phase_Thrift_Server_Table_us-west1 75295
Accept_Phase_AzureTable_us-west1 144434
Accept_Phase_Thrift_Server_Table_us-west1 144455
Accept_Phase_AzureTable_us-west1 99760
Accept_Phase_Thrift_Server_Table_us-west1 99785
Accept_Phase_AzureTable_us-west1 67477
Accept_Phase_Thrift_Server_Table_us-west1 67495
Accept_Phase_AzureTable_us-west1 68818
Accept_Phase_Thrift_Server_Table_us-west1 68844
Accept_Phase_AzureTable_us-west1 73819
Accept_Phase_Thrift_Server_Table_us-west1 73838
Accept_Phase_AzureTable_us-west1 75361
Accept_Phase_Thrift_Server_Table_us-west1 75379
Accept_Phase_AzureTable_us-west1 65306
Accept_Phase_Thrift_Server_Table_us-west1 65321
Accept_Phase_AzureTable_us-west1 78361
Accept_Phase_Thrift_Server_Table_us-west1 78378
Accept_Phase_AzureTable_us-west1 70560
Accept_Phase_Thrift_Server_Table_us-west1 70582
Accept_Phase_AzureTable_us-west1 80136
Accept_Phase_Thrift_Server_Table_us-west1 80154
Accept_Phase_AzureTable_us-west1 84554
Accept_Phase_Thrift_Server_Table_us-west1 84574
Accept_Phase_AzureTable_us-west1 24828
Accept_Phase_Thrift_Server_Table_us-west1 24865
Accept_Phase_AzureTable_us-west1 80630
Accept_Phase_Thrift_Server_Table_us-west1 80659
Accept_Phase_AzureTable_us-west1 124936
Accept_Phase_Thrift_Server_Table_us-west1 124952
Accept_Phase_AzureTable_us-west1 131833
Accept_Phase_Thrift_Server_Table_us-west1 131849
Accept_Phase_AzureTable_us-west1 77599
Accept_Phase_Thrift_Server_Table_us-west1 77617
Accept_Phase_AzureTable_us-west1 65535
Accept_Phase_Thrift_Server_Table_us-west1 65556
Accept_Phase_AzureTable_us-west1 115269
Accept_Phase_Thrift_Server_Table_us-west1 115292
Accept_Phase_AzureTable_us-west1 165888
Accept_Phase_Thrift_Server_Table_us-west1 165913
Accept_Phase_AzureTable_us-west1 75660
Accept_Phase_Thrift_Server_Table_us-west1 75685
Accept_Phase_AzureTable_us-west1 119445
Accept_Phase_Thrift_Server_Table_us-west1 119463
Accept_Phase_AzureTable_us-west1 73852
Accept_Phase_Thrift_Server_Table_us-west1 73879
Accept_Phase_AzureTable_us-west1 71174
Accept_Phase_Thrift_Server_Table_us-west1 71192
Accept_Phase_AzureTable_us-west1 69614
Accept_Phase_Thrift_Server_Table_us-west1 69633
Accept_Phase_AzureTable_us-west1 90683
Accept_Phase_Thrift_Server_Table_us-west1 90699
Accept_Phase_AzureTable_us-west1 94806
Accept_Phase_Thrift_Server_Table_us-west1 94827
Accept_Phase_AzureTable_us-west1 62457
Accept_Phase_Thrift_Server_Table_us-west1 62477
Accept_Phase_AzureTable_us-west1 95498
Accept_Phase_Thrift_Server_Table_us-west1 95534
Accept_Phase_AzureTable_us-west1 77482
Accept_Phase_Thrift_Server_Table_us-west1 77501
Accept_Phase_AzureTable_us-west1 79285
Accept_Phase_Thrift_Server_Table_us-west1 79328
Accept_Phase_AzureTable_us-west1 98156
Accept_Phase_Thrift_Server_Table_us-west1 98179
Accept_Phase_AzureTable_us-west1 136130
Accept_Phase_Thrift_Server_Table_us-west1 136151
Accept_Phase_AzureTable_us-west1 76692
Accept_Phase_Thrift_Server_Table_us-west1 76712
Accept_Phase_AzureTable_us-west1 145115
Accept_Phase_Thrift_Server_Table_us-west1 145135
Accept_Phase_AzureTable_us-west1 76326
Accept_Phase_Thrift_Server_Table_us-west1 76345
Accept_Phase_AzureTable_us-west1 106072
Accept_Phase_Thrift_Server_Table_us-west1 106095
Accept_Phase_AzureTable_us-west1 81822
Accept_Phase_Thrift_Server_Table_us-west1 81841
Accept_Phase_AzureTable_us-west1 83103
Accept_Phase_Thrift_Server_Table_us-west1 83123
Accept_Phase_AzureTable_us-west1 95642
Accept_Phase_Thrift_Server_Table_us-west1 95661
Accept_Phase_AzureTable_us-west1 63289
Accept_Phase_Thrift_Server_Table_us-west1 63308
Accept_Phase_AzureTable_us-west1 71850
Accept_Phase_Thrift_Server_Table_us-west1 71882
Accept_Phase_AzureTable_us-west1 81687
Accept_Phase_Thrift_Server_Table_us-west1 81735
Accept_Phase_AzureTable_us-west1 82355
Accept_Phase_Thrift_Server_Table_us-west1 82374
Accept_Phase_AzureTable_us-west1 80711
Accept_Phase_Thrift_Server_Table_us-west1 80730
Accept_Phase_AzureTable_us-west1 73354
Accept_Phase_Thrift_Server_Table_us-west1 73374
Accept_Phase_AzureTable_us-west1 66134
Accept_Phase_Thrift_Server_Table_us-west1 66177
Accept_Phase_AzureTable_us-west1 69530
Accept_Phase_Thrift_Server_Table_us-west1 69550
Accept_Phase_AzureTable_us-west1 68301
Accept_Phase_Thrift_Server_Table_us-west1 68323
Accept_Phase_AzureTable_us-west1 74258
Accept_Phase_Thrift_Server_Table_us-west1 74276
Accept_Phase_AzureTable_us-west1 69212
Accept_Phase_Thrift_Server_Table_us-west1 69231
Accept_Phase_AzureTable_us-west1 125816
Accept_Phase_Thrift_Server_Table_us-west1 125844
Accept_Phase_AzureTable_us-west1 69064
Accept_Phase_Thrift_Server_Table_us-west1 69083
Accept_Phase_AzureTable_us-west1 73251
Accept_Phase_Thrift_Server_Table_us-west1 73270
Accept_Phase_AzureTable_us-west1 74005
Accept_Phase_Thrift_Server_Table_us-west1 74042
Accept_Phase_AzureTable_us-west1 76260
Accept_Phase_Thrift_Server_Table_us-west1 76289
Accept_Phase_AzureTable_us-west1 103523
Accept_Phase_Thrift_Server_Table_us-west1 103538
Accept_Phase_AzureTable_us-west1 156319
Accept_Phase_Thrift_Server_Table_us-west1 156340
Accept_Phase_AzureTable_us-west1 69864
Accept_Phase_Thrift_Server_Table_us-west1 69885
Accept_Phase_AzureTable_us-west1 185690
Accept_Phase_Thrift_Server_Table_us-west1 185716
Accept_Phase_AzureTable_us-west1 76117
Accept_Phase_Thrift_Server_Table_us-west1 76138
Accept_Phase_AzureTable_us-west1 76624
Accept_Phase_Thrift_Server_Table_us-west1 76644
Accept_Phase_AzureTable_us-west1 78104
Accept_Phase_Thrift_Server_Table_us-west1 78123
Accept_Phase_AzureTable_us-west1 75675
Accept_Phase_Thrift_Server_Table_us-west1 75694
Accept_Phase_AzureTable_us-west1 65040
Accept_Phase_Thrift_Server_Table_us-west1 65062
Accept_Phase_AzureTable_us-west1 74469
Accept_Phase_Thrift_Server_Table_us-west1 74489
Accept_Phase_AzureTable_us-west1 75204
Accept_Phase_Thrift_Server_Table_us-west1 75225
Accept_Phase_AzureTable_us-west1 70350
Accept_Phase_Thrift_Server_Table_us-west1 70371
Accept_Phase_AzureTable_us-west1 118026
Accept_Phase_Thrift_Server_Table_us-west1 118058
Accept_Phase_AzureTable_us-west1 75205
Accept_Phase_Thrift_Server_Table_us-west1 75223
Accept_Phase_AzureTable_us-west1 31410
Accept_Phase_Thrift_Server_Table_us-west1 31429
Accept_Phase_AzureTable_us-west1 75686
Accept_Phase_Thrift_Server_Table_us-west1 75707
Accept_Phase_AzureTable_us-west1 81421
Accept_Phase_Thrift_Server_Table_us-west1 81440
Accept_Phase_AzureTable_us-west1 84171
Accept_Phase_Thrift_Server_Table_us-west1 84194
Accept_Phase_AzureTable_us-west1 76758
Accept_Phase_Thrift_Server_Table_us-west1 76780
Accept_Phase_AzureTable_us-west1 82011
Accept_Phase_Thrift_Server_Table_us-west1 82030
Accept_Phase_AzureTable_us-west1 85446
Accept_Phase_Thrift_Server_Table_us-west1 85464
Accept_Phase_AzureTable_us-west1 153367
Accept_Phase_Thrift_Server_Table_us-west1 153387
Accept_Phase_AzureTable_us-west1 84887
Accept_Phase_Thrift_Server_Table_us-west1 84905
Accept_Phase_AzureTable_us-west1 104623
Accept_Phase_Thrift_Server_Table_us-west1 104648
Accept_Phase_AzureTable_us-west1 75425
Accept_Phase_Thrift_Server_Table_us-west1 75446
Accept_Phase_AzureTable_us-west1 165794
Accept_Phase_Thrift_Server_Table_us-west1 165817
Accept_Phase_AzureTable_us-west1 76090
Accept_Phase_Thrift_Server_Table_us-west1 76115
Accept_Phase_AzureTable_us-west1 92536
Accept_Phase_Thrift_Server_Table_us-west1 92555
Accept_Phase_AzureTable_us-west1 74357
Accept_Phase_Thrift_Server_Table_us-west1 74377
Accept_Phase_AzureTable_us-west1 107213
Accept_Phase_Thrift_Server_Table_us-west1 107245
Accept_Phase_AzureTable_us-west1 149243
Accept_Phase_Thrift_Server_Table_us-west1 149265
Accept_Phase_AzureTable_us-west1 80279
Accept_Phase_Thrift_Server_Table_us-west1 80298
Accept_Phase_AzureTable_us-west1 72475
Accept_Phase_Thrift_Server_Table_us-west1 72494
Accept_Phase_AzureTable_us-west1 115025
Accept_Phase_Thrift_Server_Table_us-west1 115048
Accept_Phase_AzureTable_us-west1 74808
Accept_Phase_Thrift_Server_Table_us-west1 74827
Accept_Phase_AzureTable_us-west1 72195
Accept_Phase_Thrift_Server_Table_us-west1 72217
Accept_Phase_AzureTable_us-west1 71333
Accept_Phase_Thrift_Server_Table_us-west1 71353
Accept_Phase_AzureTable_us-west1 80358
Accept_Phase_Thrift_Server_Table_us-west1 80377
Accept_Phase_AzureTable_us-west1 91605
Accept_Phase_Thrift_Server_Table_us-west1 91625
Accept_Phase_AzureTable_us-west1 92853
Accept_Phase_Thrift_Server_Table_us-west1 92872
Accept_Phase_AzureTable_us-west1 73986
Accept_Phase_Thrift_Server_Table_us-west1 74004
Accept_Phase_AzureTable_us-west1 75042
Accept_Phase_Thrift_Server_Table_us-west1 75080
Accept_Phase_AzureTable_us-west1 74173
Accept_Phase_Thrift_Server_Table_us-west1 74192
Accept_Phase_AzureTable_us-west1 83356
Accept_Phase_Thrift_Server_Table_us-west1 83374
Accept_Phase_AzureTable_us-west1 85131
Accept_Phase_Thrift_Server_Table_us-west1 85151
Accept_Phase_AzureTable_us-west1 81369
Accept_Phase_Thrift_Server_Table_us-west1 81389
Accept_Phase_AzureTable_us-west1 76686
Accept_Phase_Thrift_Server_Table_us-west1 76714
Accept_Phase_AzureTable_us-west1 62340
Accept_Phase_Thrift_Server_Table_us-west1 62359
Accept_Phase_AzureTable_us-west1 139635
Accept_Phase_Thrift_Server_Table_us-west1 139656
Accept_Phase_AzureTable_us-west1 72632
Accept_Phase_Thrift_Server_Table_us-west1 72660
Accept_Phase_AzureTable_us-west1 76103
Accept_Phase_Thrift_Server_Table_us-west1 76119
Accept_Phase_AzureTable_us-west1 93653
Accept_Phase_Thrift_Server_Table_us-west1 93668
Accept_Phase_AzureTable_us-west1 62114
Accept_Phase_Thrift_Server_Table_us-west1 62131
Accept_Phase_AzureTable_us-west1 69763
Accept_Phase_Thrift_Server_Table_us-west1 69782
Accept_Phase_AzureTable_us-west1 67626
Accept_Phase_Thrift_Server_Table_us-west1 67645
Accept_Phase_AzureTable_us-west1 71104
Accept_Phase_Thrift_Server_Table_us-west1 71124
Accept_Phase_AzureTable_us-west1 73858
Accept_Phase_Thrift_Server_Table_us-west1 73877
Accept_Phase_AzureTable_us-west1 84941
Accept_Phase_Thrift_Server_Table_us-west1 84966
Accept_Phase_AzureTable_us-west1 132793
Accept_Phase_Thrift_Server_Table_us-west1 132811
Accept_Phase_AzureTable_us-west1 76066
Accept_Phase_Thrift_Server_Table_us-west1 76100
Accept_Phase_AzureTable_us-west1 29868
Accept_Phase_Thrift_Server_Table_us-west1 29903
Accept_Phase_AzureTable_us-west1 78109
Accept_Phase_Thrift_Server_Table_us-west1 78130
Accept_Phase_AzureTable_us-west1 75177
Accept_Phase_Thrift_Server_Table_us-west1 75196
Accept_Phase_AzureTable_us-west1 76117
Accept_Phase_Thrift_Server_Table_us-west1 76135
Accept_Phase_AzureTable_us-west1 92977
Accept_Phase_Thrift_Server_Table_us-west1 92996
Accept_Phase_AzureTable_us-west1 121025
Accept_Phase_Thrift_Server_Table_us-west1 121044
Accept_Phase_AzureTable_us-west1 88991
Accept_Phase_Thrift_Server_Table_us-west1 89010
Accept_Phase_AzureTable_us-west1 67579
Accept_Phase_Thrift_Server_Table_us-west1 67614
Accept_Phase_AzureTable_us-west1 73644
Accept_Phase_Thrift_Server_Table_us-west1 73663
Accept_Phase_AzureTable_us-west1 84743
Accept_Phase_Thrift_Server_Table_us-west1 84762
Accept_Phase_AzureTable_us-west1 75613
Accept_Phase_Thrift_Server_Table_us-west1 75632
Accept_Phase_AzureTable_us-west1 70405
Accept_Phase_Thrift_Server_Table_us-west1 70424
Accept_Phase_AzureTable_us-west1 83574
Accept_Phase_Thrift_Server_Table_us-west1 83594
Accept_Phase_AzureTable_us-west1 70225
Accept_Phase_Thrift_Server_Table_us-west1 70246
Accept_Phase_AzureTable_us-west1 76062
Accept_Phase_Thrift_Server_Table_us-west1 76081
Accept_Phase_AzureTable_us-west1 68920
Accept_Phase_Thrift_Server_Table_us-west1 68945
Accept_Phase_AzureTable_us-west1 123479
Accept_Phase_Thrift_Server_Table_us-west1 123501
Accept_Phase_AzureTable_us-west1 105078
Accept_Phase_Thrift_Server_Table_us-west1 105097
Accept_Phase_AzureTable_us-west1 116702
Accept_Phase_Thrift_Server_Table_us-west1 116722
Accept_Phase_AzureTable_us-west1 74155
Accept_Phase_Thrift_Server_Table_us-west1 74184
Accept_Phase_AzureTable_us-west1 154711
Accept_Phase_Thrift_Server_Table_us-west1 154734
Accept_Phase_AzureTable_us-west1 79663
Accept_Phase_Thrift_Server_Table_us-west1 79695
Accept_Phase_AzureTable_us-west1 77593
Accept_Phase_Thrift_Server_Table_us-west1 77631
Accept_Phase_AzureTable_us-west1 72531
Accept_Phase_Thrift_Server_Table_us-west1 72551
Accept_Phase_AzureTable_us-west1 75391
Accept_Phase_Thrift_Server_Table_us-west1 75409
Accept_Phase_AzureTable_us-west1 70930
Accept_Phase_Thrift_Server_Table_us-west1 70948
Accept_Phase_AzureTable_us-west1 72938
Accept_Phase_Thrift_Server_Table_us-west1 72957
Accept_Phase_AzureTable_us-west1 69356
Accept_Phase_Thrift_Server_Table_us-west1 69376
Accept_Phase_AzureTable_us-west1 78383
Accept_Phase_Thrift_Server_Table_us-west1 78402
Accept_Phase_AzureTable_us-west1 95114
Accept_Phase_Thrift_Server_Table_us-west1 95144
Accept_Phase_AzureTable_us-west1 78414
Accept_Phase_Thrift_Server_Table_us-west1 78434
Accept_Phase_AzureTable_us-west1 64382
Accept_Phase_Thrift_Server_Table_us-west1 64405
Accept_Phase_AzureTable_us-west1 26377
Accept_Phase_Thrift_Server_Table_us-west1 26433
Accept_Phase_AzureTable_us-west1 68465
Accept_Phase_Thrift_Server_Table_us-west1 68484
Accept_Phase_AzureTable_us-west1 74403
Accept_Phase_Thrift_Server_Table_us-west1 74429
Accept_Phase_AzureTable_us-west1 26127
Accept_Phase_Thrift_Server_Table_us-west1 26146
Accept_Phase_AzureTable_us-west1 71974
Accept_Phase_Thrift_Server_Table_us-west1 71995
Accept_Phase_AzureTable_us-west1 87297
Accept_Phase_Thrift_Server_Table_us-west1 87317
Accept_Phase_AzureTable_us-west1 81016
Accept_Phase_Thrift_Server_Table_us-west1 81044
Accept_Phase_AzureTable_us-west1 83090
Accept_Phase_Thrift_Server_Table_us-west1 83110
Accept_Phase_AzureTable_us-west1 107957
Accept_Phase_Thrift_Server_Table_us-west1 107985
Accept_Phase_AzureTable_us-west1 77253
Accept_Phase_Thrift_Server_Table_us-west1 77278
Accept_Phase_AzureTable_us-west1 79653
Accept_Phase_Thrift_Server_Table_us-west1 79674
Accept_Phase_AzureTable_us-west1 71380
Accept_Phase_Thrift_Server_Table_us-west1 71416
Accept_Phase_AzureTable_us-west1 77023
Accept_Phase_Thrift_Server_Table_us-west1 77052
Accept_Phase_AzureTable_us-west1 67760
Accept_Phase_Thrift_Server_Table_us-west1 67786
Accept_Phase_AzureTable_us-west1 88300
Accept_Phase_Thrift_Server_Table_us-west1 88330
Accept_Phase_AzureTable_us-west1 81817
Accept_Phase_Thrift_Server_Table_us-west1 81837
Accept_Phase_AzureTable_us-west1 105400
Accept_Phase_Thrift_Server_Table_us-west1 105447
Accept_Phase_AzureTable_us-west1 70830
Accept_Phase_Thrift_Server_Table_us-west1 70860
Accept_Phase_AzureTable_us-west1 101627
Accept_Phase_Thrift_Server_Table_us-west1 101654
Accept_Phase_AzureTable_us-west1 69066
Accept_Phase_Thrift_Server_Table_us-west1 69089
Accept_Phase_AzureTable_us-west1 23290
Accept_Phase_Thrift_Server_Table_us-west1 23317
Accept_Phase_AzureTable_us-west1 86755
Accept_Phase_Thrift_Server_Table_us-west1 86774
Accept_Phase_AzureTable_us-west1 102972
Accept_Phase_Thrift_Server_Table_us-west1 102995
Accept_Phase_AzureTable_us-west1 74913
Accept_Phase_Thrift_Server_Table_us-west1 74930
Accept_Phase_AzureTable_us-west1 66853
Accept_Phase_Thrift_Server_Table_us-west1 66879
Accept_Phase_AzureTable_us-west1 73328
Accept_Phase_Thrift_Server_Table_us-west1 73353
Accept_Phase_AzureTable_us-west1 73639
Accept_Phase_Thrift_Server_Table_us-west1 73657
Accept_Phase_AzureTable_us-west1 68056
Accept_Phase_Thrift_Server_Table_us-west1 68074
Accept_Phase_AzureTable_us-west1 70082
Accept_Phase_Thrift_Server_Table_us-west1 70107
Accept_Phase_AzureTable_us-west1 76333
Accept_Phase_Thrift_Server_Table_us-west1 76358
Accept_Phase_AzureTable_us-west1 97594
Accept_Phase_Thrift_Server_Table_us-west1 97612
Accept_Phase_AzureTable_us-west1 97786
Accept_Phase_Thrift_Server_Table_us-west1 97803
Accept_Phase_AzureTable_us-west1 68087
Accept_Phase_Thrift_Server_Table_us-west1 68106
Accept_Phase_AzureTable_us-west1 73779
Accept_Phase_Thrift_Server_Table_us-west1 73798
Accept_Phase_AzureTable_us-west1 79941
Accept_Phase_Thrift_Server_Table_us-west1 79962
Accept_Phase_AzureTable_us-west1 72394
Accept_Phase_Thrift_Server_Table_us-west1 72413
Accept_Phase_AzureTable_us-west1 80734
Accept_Phase_Thrift_Server_Table_us-west1 80753
Accept_Phase_AzureTable_us-west1 74657
Accept_Phase_Thrift_Server_Table_us-west1 74690
Accept_Phase_AzureTable_us-west1 69787
Accept_Phase_Thrift_Server_Table_us-west1 69806
Accept_Phase_AzureTable_us-west1 83327
Accept_Phase_Thrift_Server_Table_us-west1 83347
Accept_Phase_AzureTable_us-west1 74288
Accept_Phase_Thrift_Server_Table_us-west1 74320
Accept_Phase_AzureTable_us-west1 72968
Accept_Phase_Thrift_Server_Table_us-west1 72988
Accept_Phase_AzureTable_us-west1 68909
Accept_Phase_Thrift_Server_Table_us-west1 68928
Accept_Phase_AzureTable_us-west1 67317
Accept_Phase_Thrift_Server_Table_us-west1 67339
Accept_Phase_AzureTable_us-west1 122921
Accept_Phase_Thrift_Server_Table_us-west1 122940
Accept_Phase_AzureTable_us-west1 70364
Accept_Phase_Thrift_Server_Table_us-west1 70383
Accept_Phase_AzureTable_us-west1 82415
Accept_Phase_Thrift_Server_Table_us-west1 82432
Accept_Phase_AzureTable_us-west1 254827
Accept_Phase_Thrift_Server_Table_us-west1 254848
Accept_Phase_AzureTable_us-west1 87336
Accept_Phase_Thrift_Server_Table_us-west1 87355
Accept_Phase_AzureTable_us-west1 73931
Accept_Phase_Thrift_Server_Table_us-west1 73952
Accept_Phase_AzureTable_us-west1 74444
Accept_Phase_Thrift_Server_Table_us-west1 74463
Accept_Phase_AzureTable_us-west1 81475
Accept_Phase_Thrift_Server_Table_us-west1 81495
Accept_Phase_AzureTable_us-west1 35071
Accept_Phase_Thrift_Server_Table_us-west1 35090
Accept_Phase_AzureTable_us-west1 81218
Accept_Phase_Thrift_Server_Table_us-west1 81235
Accept_Phase_AzureTable_us-west1 72745
Accept_Phase_Thrift_Server_Table_us-west1 72765
Accept_Phase_AzureTable_us-west1 78877
Accept_Phase_Thrift_Server_Table_us-west1 78897
Accept_Phase_AzureTable_us-west1 73099
Accept_Phase_Thrift_Server_Table_us-west1 73117
Accept_Phase_AzureTable_us-west1 71907
Accept_Phase_Thrift_Server_Table_us-west1 71925
Accept_Phase_AzureTable_us-west1 88686
Accept_Phase_Thrift_Server_Table_us-west1 88704
Accept_Phase_AzureTable_us-west1 96985
Accept_Phase_Thrift_Server_Table_us-west1 97004
Accept_Phase_AzureTable_us-west1 77413
Accept_Phase_Thrift_Server_Table_us-west1 77431
Accept_Phase_AzureTable_us-west1 72815
Accept_Phase_Thrift_Server_Table_us-west1 72873
Accept_Phase_AzureTable_us-west1 96978
Accept_Phase_Thrift_Server_Table_us-west1 97003
Accept_Phase_AzureTable_us-west1 76118
Accept_Phase_Thrift_Server_Table_us-west1 76137
Accept_Phase_AzureTable_us-west1 72931
Accept_Phase_Thrift_Server_Table_us-west1 72957
Accept_Phase_AzureTable_us-west1 75036
Accept_Phase_Thrift_Server_Table_us-west1 75094
Accept_Phase_AzureTable_us-west1 70073
Accept_Phase_Thrift_Server_Table_us-west1 70087
Accept_Phase_AzureTable_us-west1 84586
Accept_Phase_Thrift_Server_Table_us-west1 84605
Accept_Phase_AzureTable_us-west1 78074
Accept_Phase_Thrift_Server_Table_us-west1 78095
Accept_Phase_AzureTable_us-west1 79600
Accept_Phase_Thrift_Server_Table_us-west1 79636
Accept_Phase_AzureTable_us-west1 167067
Accept_Phase_Thrift_Server_Table_us-west1 167112
Accept_Phase_AzureTable_us-west1 73264
Accept_Phase_Thrift_Server_Table_us-west1 73290
Accept_Phase_AzureTable_us-west1 76590
Accept_Phase_Thrift_Server_Table_us-west1 76625
Accept_Phase_AzureTable_us-west1 181653
Accept_Phase_Thrift_Server_Table_us-west1 181676
Accept_Phase_AzureTable_us-west1 97028
Accept_Phase_Thrift_Server_Table_us-west1 97047
Accept_Phase_AzureTable_us-west1 75680
Accept_Phase_Thrift_Server_Table_us-west1 75698
Accept_Phase_AzureTable_us-west1 130254
Accept_Phase_Thrift_Server_Table_us-west1 130275
Accept_Phase_AzureTable_us-west1 81678
Accept_Phase_Thrift_Server_Table_us-west1 81715
Accept_Phase_AzureTable_us-west1 79289
Accept_Phase_Thrift_Server_Table_us-west1 79309
Accept_Phase_AzureTable_us-west1 83277
Accept_Phase_Thrift_Server_Table_us-west1 83304
Accept_Phase_AzureTable_us-west1 71872
Accept_Phase_Thrift_Server_Table_us-west1 71890
Accept_Phase_AzureTable_us-west1 68974
Accept_Phase_Thrift_Server_Table_us-west1 68993
Accept_Phase_AzureTable_us-west1 66960
Accept_Phase_Thrift_Server_Table_us-west1 66978
Accept_Phase_AzureTable_us-west1 79983
Accept_Phase_Thrift_Server_Table_us-west1 80002
Accept_Phase_AzureTable_us-west1 150330
Accept_Phase_Thrift_Server_Table_us-west1 150353
Accept_Phase_AzureTable_us-west1 77443
Accept_Phase_Thrift_Server_Table_us-west1 77462
Accept_Phase_AzureTable_us-west1 80054
Accept_Phase_Thrift_Server_Table_us-west1 80086
Accept_Phase_AzureTable_us-west1 71706
Accept_Phase_Thrift_Server_Table_us-west1 71726
Accept_Phase_AzureTable_us-west1 78421
Accept_Phase_Thrift_Server_Table_us-west1 78446
Accept_Phase_AzureTable_us-west1 82173
Accept_Phase_Thrift_Server_Table_us-west1 82204
Accept_Phase_AzureTable_us-west1 82156
Accept_Phase_Thrift_Server_Table_us-west1 82181
Accept_Phase_AzureTable_us-west1 74905
Accept_Phase_Thrift_Server_Table_us-west1 74928
Accept_Phase_AzureTable_us-west1 76943
Accept_Phase_Thrift_Server_Table_us-west1 76968
Accept_Phase_AzureTable_us-west1 84552
Accept_Phase_Thrift_Server_Table_us-west1 84576
Accept_Phase_AzureTable_us-west1 80391
Accept_Phase_Thrift_Server_Table_us-west1 80412
Accept_Phase_AzureTable_us-west1 33729
Accept_Phase_Thrift_Server_Table_us-west1 33746
Accept_Phase_AzureTable_us-west1 82154
Accept_Phase_Thrift_Server_Table_us-west1 82186
Accept_Phase_AzureTable_us-west1 83825
Accept_Phase_Thrift_Server_Table_us-west1 83845
Accept_Phase_AzureTable_us-west1 76827
Accept_Phase_Thrift_Server_Table_us-west1 76845
Accept_Phase_AzureTable_us-west1 80463
Accept_Phase_Thrift_Server_Table_us-west1 80485
Accept_Phase_AzureTable_us-west1 171291
Accept_Phase_Thrift_Server_Table_us-west1 171310
Accept_Phase_AzureTable_us-west1 73005
Accept_Phase_Thrift_Server_Table_us-west1 73025
Accept_Phase_AzureTable_us-west1 69371
Accept_Phase_Thrift_Server_Table_us-west1 69388
Accept_Phase_AzureTable_us-west1 81134
Accept_Phase_Thrift_Server_Table_us-west1 81150
Accept_Phase_AzureTable_us-west1 159212
Accept_Phase_Thrift_Server_Table_us-west1 159232
Accept_Phase_AzureTable_us-west1 86659
Accept_Phase_Thrift_Server_Table_us-west1 86676
Accept_Phase_AzureTable_us-west1 69565
Accept_Phase_Thrift_Server_Table_us-west1 69580
Accept_Phase_AzureTable_us-west1 115788
Accept_Phase_Thrift_Server_Table_us-west1 115805
Accept_Phase_AzureTable_us-west1 80835
Accept_Phase_Thrift_Server_Table_us-west1 80865
Accept_Phase_AzureTable_us-west1 76830
Accept_Phase_Thrift_Server_Table_us-west1 76846
Accept_Phase_AzureTable_us-west1 89364
Accept_Phase_Thrift_Server_Table_us-west1 89379
Accept_Phase_AzureTable_us-west1 71480
Accept_Phase_Thrift_Server_Table_us-west1 71496
Accept_Phase_AzureTable_us-west1 80818
Accept_Phase_Thrift_Server_Table_us-west1 80834
Accept_Phase_AzureTable_us-west1 85833
Accept_Phase_Thrift_Server_Table_us-west1 85851
Accept_Phase_AzureTable_us-west1 79722
Accept_Phase_Thrift_Server_Table_us-west1 79744
Accept_Phase_AzureTable_us-west1 69355
Accept_Phase_Thrift_Server_Table_us-west1 69377
Accept_Phase_AzureTable_us-west1 73811
Accept_Phase_Thrift_Server_Table_us-west1 73827
Accept_Phase_AzureTable_us-west1 135884
Accept_Phase_Thrift_Server_Table_us-west1 135899
Accept_Phase_AzureTable_us-west1 73431
Accept_Phase_Thrift_Server_Table_us-west1 73454
Accept_Phase_AzureTable_us-west1 80360
Accept_Phase_Thrift_Server_Table_us-west1 80384
Accept_Phase_AzureTable_us-west1 67334
Accept_Phase_Thrift_Server_Table_us-west1 67350
Accept_Phase_AzureTable_us-west1 71083
Accept_Phase_Thrift_Server_Table_us-west1 71101
Accept_Phase_AzureTable_us-west1 69328
Accept_Phase_Thrift_Server_Table_us-west1 69354
Accept_Phase_AzureTable_us-west1 67882
Accept_Phase_Thrift_Server_Table_us-west1 67898
Accept_Phase_AzureTable_us-west1 136274
Accept_Phase_Thrift_Server_Table_us-west1 136304
Accept_Phase_AzureTable_us-west1 70497
Accept_Phase_Thrift_Server_Table_us-west1 70514
Accept_Phase_AzureTable_us-west1 95774
Accept_Phase_Thrift_Server_Table_us-west1 95794
Accept_Phase_AzureTable_us-west1 141109
Accept_Phase_Thrift_Server_Table_us-west1 141126
Accept_Phase_AzureTable_us-west1 74037
Accept_Phase_Thrift_Server_Table_us-west1 74056
Accept_Phase_AzureTable_us-west1 81820
Accept_Phase_Thrift_Server_Table_us-west1 81842
Accept_Phase_AzureTable_us-west1 88629
Accept_Phase_Thrift_Server_Table_us-west1 88650
Accept_Phase_AzureTable_us-west1 93835
Accept_Phase_Thrift_Server_Table_us-west1 93858
Accept_Phase_AzureTable_us-west1 90439
Accept_Phase_Thrift_Server_Table_us-west1 90478
Accept_Phase_AzureTable_us-west1 85983
Accept_Phase_Thrift_Server_Table_us-west1 86004
Accept_Phase_AzureTable_us-west1 83514
Accept_Phase_Thrift_Server_Table_us-west1 83538
Accept_Phase_AzureTable_us-west1 79818
Accept_Phase_Thrift_Server_Table_us-west1 79842
Accept_Phase_AzureTable_us-west1 87481
Accept_Phase_Thrift_Server_Table_us-west1 87507
Accept_Phase_AzureTable_us-west1 127773
Accept_Phase_Thrift_Server_Table_us-west1 127794
Accept_Phase_AzureTable_us-west1 72516
Accept_Phase_Thrift_Server_Table_us-west1 72538
Accept_Phase_AzureTable_us-west1 79410
Accept_Phase_Thrift_Server_Table_us-west1 79429
Accept_Phase_AzureTable_us-west1 87705
Accept_Phase_Thrift_Server_Table_us-west1 87724
Accept_Phase_AzureTable_us-west1 82465
Accept_Phase_Thrift_Server_Table_us-west1 82482
Accept_Phase_AzureTable_us-west1 73691
Accept_Phase_Thrift_Server_Table_us-west1 73707
Accept_Phase_AzureTable_us-west1 233343
Accept_Phase_Thrift_Server_Table_us-west1 233365
Accept_Phase_AzureTable_us-west1 79270
Accept_Phase_Thrift_Server_Table_us-west1 79292
Accept_Phase_AzureTable_us-west1 76587
Accept_Phase_Thrift_Server_Table_us-west1 76609
Accept_Phase_AzureTable_us-west1 78015
Accept_Phase_Thrift_Server_Table_us-west1 78040
Accept_Phase_AzureTable_us-west1 76125
Accept_Phase_Thrift_Server_Table_us-west1 76148
Accept_Phase_AzureTable_us-west1 76968
Accept_Phase_Thrift_Server_Table_us-west1 76990
Accept_Phase_AzureTable_us-west1 178030
Accept_Phase_Thrift_Server_Table_us-west1 178055
Accept_Phase_AzureTable_us-west1 78467
Accept_Phase_Thrift_Server_Table_us-west1 78489
Accept_Phase_AzureTable_us-west1 87253
Accept_Phase_Thrift_Server_Table_us-west1 87272
Accept_Phase_AzureTable_us-west1 78804
Accept_Phase_Thrift_Server_Table_us-west1 78833
Accept_Phase_AzureTable_us-west1 101984
Accept_Phase_Thrift_Server_Table_us-west1 102002
Accept_Phase_AzureTable_us-west1 73872
Accept_Phase_Thrift_Server_Table_us-west1 73915
Accept_Phase_AzureTable_us-west1 77648
Accept_Phase_Thrift_Server_Table_us-west1 77677
Accept_Phase_AzureTable_us-west1 68052
Accept_Phase_Thrift_Server_Table_us-west1 68077
Accept_Phase_AzureTable_us-west1 76869
Accept_Phase_Thrift_Server_Table_us-west1 76893
Accept_Phase_AzureTable_us-west1 76161
Accept_Phase_Thrift_Server_Table_us-west1 76183
Accept_Phase_AzureTable_us-west1 79857
Accept_Phase_Thrift_Server_Table_us-west1 79881
Accept_Phase_AzureTable_us-west1 120641
Accept_Phase_Thrift_Server_Table_us-west1 120661
Accept_Phase_AzureTable_us-west1 78318
Accept_Phase_Thrift_Server_Table_us-west1 78340
Accept_Phase_AzureTable_us-west1 70927
Accept_Phase_Thrift_Server_Table_us-west1 70949
Accept_Phase_AzureTable_us-west1 67416
Accept_Phase_Thrift_Server_Table_us-west1 67436
Accept_Phase_AzureTable_us-west1 75249
Accept_Phase_Thrift_Server_Table_us-west1 75281
Accept_Phase_AzureTable_us-west1 74817
Accept_Phase_Thrift_Server_Table_us-west1 74837
Accept_Phase_AzureTable_us-west1 78337
Accept_Phase_Thrift_Server_Table_us-west1 78356
Accept_Phase_AzureTable_us-west1 77685
Accept_Phase_Thrift_Server_Table_us-west1 77707
Accept_Phase_AzureTable_us-west1 79265
Accept_Phase_Thrift_Server_Table_us-west1 79290
Accept_Phase_AzureTable_us-west1 86366
Accept_Phase_Thrift_Server_Table_us-west1 86386
