Get_Azure_us-central 106202
Get_Thrift_Server_Storage_us-central 106306
Get_Azure_us-central 153027
Get_Thrift_Server_Storage_us-central 153044
Get_Azure_us-central 77306
Get_Thrift_Server_Storage_us-central 77330
Get_Azure_us-central 89409
Get_Thrift_Server_Storage_us-central 89449
Get_Azure_us-central 47256
Get_Thrift_Server_Storage_us-central 47281
Get_Azure_us-central 99411
Get_Thrift_Server_Storage_us-central 99438
Get_Azure_us-central 65575
Get_Thrift_Server_Storage_us-central 65594
Get_Azure_us-central 42529
Get_Thrift_Server_Storage_us-central 42549
Get_Azure_us-central 78107
Get_Thrift_Server_Storage_us-central 78132
Get_Azure_us-central 30220
Get_Thrift_Server_Storage_us-central 30241
Get_Azure_us-central 40506
Get_Thrift_Server_Storage_us-central 40535
Get_Azure_us-central 71412
Get_Thrift_Server_Storage_us-central 71432
Get_Azure_us-central 27596
Get_Thrift_Server_Storage_us-central 27619
Get_Azure_us-central 33029
Get_Thrift_Server_Storage_us-central 33052
Get_Azure_us-central 70193
Get_Thrift_Server_Storage_us-central 70219
Get_Azure_us-central 79243
Get_Thrift_Server_Storage_us-central 79270
Get_Azure_us-central 25696
Get_Thrift_Server_Storage_us-central 25718
Get_Azure_us-central 62949
Get_Thrift_Server_Storage_us-central 62974
Get_Azure_us-central 84395
Get_Thrift_Server_Storage_us-central 84413
Get_Azure_us-central 37984
Get_Thrift_Server_Storage_us-central 38008
Get_Azure_us-central 27593
Get_Thrift_Server_Storage_us-central 27622
Get_Azure_us-central 41972
Get_Thrift_Server_Storage_us-central 41998
Get_Azure_us-central 44862
Get_Thrift_Server_Storage_us-central 44881
Get_Azure_us-central 34082
Get_Thrift_Server_Storage_us-central 34099
Get_Azure_us-central 32007
Get_Thrift_Server_Storage_us-central 32026
Get_Azure_us-central 24577
Get_Thrift_Server_Storage_us-central 24596
Get_Azure_us-central 25725
Get_Thrift_Server_Storage_us-central 25756
Get_Azure_us-central 47558
Get_Thrift_Server_Storage_us-central 47582
Get_Azure_us-central 36127
Get_Thrift_Server_Storage_us-central 36148
Get_Azure_us-central 26855
Get_Thrift_Server_Storage_us-central 26877
Get_Azure_us-central 50580
Get_Thrift_Server_Storage_us-central 50607
Get_Azure_us-central 41878
Get_Thrift_Server_Storage_us-central 41901
Get_Azure_us-central 26136
Get_Thrift_Server_Storage_us-central 26160
Get_Azure_us-central 27039
Get_Thrift_Server_Storage_us-central 27061
Get_Azure_us-central 61535
Get_Thrift_Server_Storage_us-central 61557
Get_Azure_us-central 105149
Get_Thrift_Server_Storage_us-central 105175
Get_Azure_us-central 26936
Get_Thrift_Server_Storage_us-central 26955
Get_Azure_us-central 28766
Get_Thrift_Server_Storage_us-central 28789
Get_Azure_us-central 27176
Get_Thrift_Server_Storage_us-central 27193
Get_Azure_us-central 26190
Get_Thrift_Server_Storage_us-central 26212
Get_Azure_us-central 29731
Get_Thrift_Server_Storage_us-central 29754
Get_Azure_us-central 41426
Get_Thrift_Server_Storage_us-central 41450
Get_Azure_us-central 45299
Get_Thrift_Server_Storage_us-central 45323
Get_Azure_us-central 66553
Get_Thrift_Server_Storage_us-central 66572
Get_Azure_us-central 23672
Get_Thrift_Server_Storage_us-central 23699
Get_Azure_us-central 41627
Get_Thrift_Server_Storage_us-central 41654
Get_Azure_us-central 45042
Get_Thrift_Server_Storage_us-central 45065
Get_Azure_us-central 31155
Get_Thrift_Server_Storage_us-central 31185
Get_Azure_us-central 36555
Get_Thrift_Server_Storage_us-central 36578
Get_Azure_us-central 29723
Get_Thrift_Server_Storage_us-central 29748
Get_Azure_us-central 26349
Get_Thrift_Server_Storage_us-central 26367
Get_Azure_us-central 43011
Get_Thrift_Server_Storage_us-central 43041
Get_Azure_us-central 35122
Get_Thrift_Server_Storage_us-central 35140
Get_Azure_us-central 27169
Get_Thrift_Server_Storage_us-central 27187
Get_Azure_us-central 25696
Get_Thrift_Server_Storage_us-central 25716
Get_Azure_us-central 27292
Get_Thrift_Server_Storage_us-central 27311
Get_Azure_us-central 43692
Get_Thrift_Server_Storage_us-central 43714
Get_Azure_us-central 48387
Get_Thrift_Server_Storage_us-central 48408
Get_Azure_us-central 47700
Get_Thrift_Server_Storage_us-central 47726
Get_Azure_us-central 27998
Get_Thrift_Server_Storage_us-central 28024
Get_Azure_us-central 41014
Get_Thrift_Server_Storage_us-central 41044
Get_Azure_us-central 34854
Get_Thrift_Server_Storage_us-central 34887
Get_Azure_us-central 65484
Get_Thrift_Server_Storage_us-central 65518
Get_Azure_us-central 33424
Get_Thrift_Server_Storage_us-central 33455
Get_Azure_us-central 38360
Get_Thrift_Server_Storage_us-central 38392
Get_Azure_us-central 54436
Get_Thrift_Server_Storage_us-central 54468
Get_Azure_us-central 26172
Get_Thrift_Server_Storage_us-central 26209
Get_Azure_us-central 44884
Get_Thrift_Server_Storage_us-central 44909
Get_Azure_us-central 41079
Get_Thrift_Server_Storage_us-central 41103
Get_Azure_us-central 25226
Get_Thrift_Server_Storage_us-central 25248
Get_Azure_us-central 39971
Get_Thrift_Server_Storage_us-central 39989
Get_Azure_us-central 26306
Get_Thrift_Server_Storage_us-central 26326
Get_Azure_us-central 23819
Get_Thrift_Server_Storage_us-central 23839
Get_Azure_us-central 23944
Get_Thrift_Server_Storage_us-central 23967
Get_Azure_us-central 40643
Get_Thrift_Server_Storage_us-central 40664
Get_Azure_us-central 38489
Get_Thrift_Server_Storage_us-central 38513
Get_Azure_us-central 26440
Get_Thrift_Server_Storage_us-central 26463
Get_Azure_us-central 41445
Get_Thrift_Server_Storage_us-central 41470
Get_Azure_us-central 24880
Get_Thrift_Server_Storage_us-central 24904
Get_Azure_us-central 25652
Get_Thrift_Server_Storage_us-central 25671
Get_Azure_us-central 45748
Get_Thrift_Server_Storage_us-central 45766
Get_Azure_us-central 24141
Get_Thrift_Server_Storage_us-central 24162
Get_Azure_us-central 39644
Get_Thrift_Server_Storage_us-central 39663
Get_Azure_us-central 31167
Get_Thrift_Server_Storage_us-central 31190
Get_Azure_us-central 39999
Get_Thrift_Server_Storage_us-central 40016
Get_Azure_us-central 24643
Get_Thrift_Server_Storage_us-central 24662
Get_Azure_us-central 24466
Get_Thrift_Server_Storage_us-central 24486
Get_Azure_us-central 24172
Get_Thrift_Server_Storage_us-central 24191
Get_Azure_us-central 47795
Get_Thrift_Server_Storage_us-central 47812
Get_Azure_us-central 45386
Get_Thrift_Server_Storage_us-central 45406
Get_Azure_us-central 25973
Get_Thrift_Server_Storage_us-central 25995
Get_Azure_us-central 25463
Get_Thrift_Server_Storage_us-central 25483
Get_Azure_us-central 21323
Get_Thrift_Server_Storage_us-central 21341
Get_Azure_us-central 45480
Get_Thrift_Server_Storage_us-central 45502
Get_Azure_us-central 40369
Get_Thrift_Server_Storage_us-central 40390
Get_Azure_us-central 28712
Get_Thrift_Server_Storage_us-central 28738
Get_Azure_us-central 27121
Get_Thrift_Server_Storage_us-central 27142
Get_Azure_us-central 37826
Get_Thrift_Server_Storage_us-central 37851
Get_Azure_us-central 31113
Get_Thrift_Server_Storage_us-central 31137
Get_Azure_us-central 24876
Get_Thrift_Server_Storage_us-central 24902
Get_Azure_us-central 27013
Get_Thrift_Server_Storage_us-central 27038
Get_Azure_us-central 24730
Get_Thrift_Server_Storage_us-central 24755
Get_Azure_us-central 36575
Get_Thrift_Server_Storage_us-central 36598
Get_Azure_us-central 24175
Get_Thrift_Server_Storage_us-central 24195
Get_Azure_us-central 23045
Get_Thrift_Server_Storage_us-central 23062
Get_Azure_us-central 25906
Get_Thrift_Server_Storage_us-central 25924
Get_Azure_us-central 27406
Get_Thrift_Server_Storage_us-central 27426
Get_Azure_us-central 34159
Get_Thrift_Server_Storage_us-central 34186
Get_Azure_us-central 25248
Get_Thrift_Server_Storage_us-central 25268
Get_Azure_us-central 25602
Get_Thrift_Server_Storage_us-central 25621
Get_Azure_us-central 44711
Get_Thrift_Server_Storage_us-central 44733
Get_Azure_us-central 25038
Get_Thrift_Server_Storage_us-central 25061
Get_Azure_us-central 52201
Get_Thrift_Server_Storage_us-central 52224
Get_Azure_us-central 34506
Get_Thrift_Server_Storage_us-central 34525
Get_Azure_us-central 44789
Get_Thrift_Server_Storage_us-central 44811
Get_Azure_us-central 31074
Get_Thrift_Server_Storage_us-central 31095
Get_Azure_us-central 22031
Get_Thrift_Server_Storage_us-central 22054
Get_Azure_us-central 54427
Get_Thrift_Server_Storage_us-central 54445
Get_Azure_us-central 25148
Get_Thrift_Server_Storage_us-central 25171
Get_Azure_us-central 29616
Get_Thrift_Server_Storage_us-central 29638
Get_Azure_us-central 34000
Get_Thrift_Server_Storage_us-central 34024
Get_Azure_us-central 22177
Get_Thrift_Server_Storage_us-central 22206
Get_Azure_us-central 28839
Get_Thrift_Server_Storage_us-central 28865
Get_Azure_us-central 41966
Get_Thrift_Server_Storage_us-central 41989
Get_Azure_us-central 25755
Get_Thrift_Server_Storage_us-central 25774
Get_Azure_us-central 27665
Get_Thrift_Server_Storage_us-central 27684
Get_Azure_us-central 140606
Get_Thrift_Server_Storage_us-central 140627
Get_Azure_us-central 26204
Get_Thrift_Server_Storage_us-central 26227
Get_Azure_us-central 39688
Get_Thrift_Server_Storage_us-central 39706
Get_Azure_us-central 23908
Get_Thrift_Server_Storage_us-central 23924
Get_Azure_us-central 35512
Get_Thrift_Server_Storage_us-central 35544
Get_Azure_us-central 25157
Get_Thrift_Server_Storage_us-central 25186
Get_Azure_us-central 29015
Get_Thrift_Server_Storage_us-central 29040
Get_Azure_us-central 38505
Get_Thrift_Server_Storage_us-central 38535
Get_Azure_us-central 29473
Get_Thrift_Server_Storage_us-central 29493
Get_Azure_us-central 37156
Get_Thrift_Server_Storage_us-central 37172
Get_Azure_us-central 33729
Get_Thrift_Server_Storage_us-central 33753
Get_Azure_us-central 25936
Get_Thrift_Server_Storage_us-central 25962
Get_Azure_us-central 28967
Get_Thrift_Server_Storage_us-central 28994
Get_Azure_us-central 38869
Get_Thrift_Server_Storage_us-central 38892
Get_Azure_us-central 41948
Get_Thrift_Server_Storage_us-central 41973
Get_Azure_us-central 24341
Get_Thrift_Server_Storage_us-central 24364
Get_Azure_us-central 38887
Get_Thrift_Server_Storage_us-central 38904
Get_Azure_us-central 28990
Get_Thrift_Server_Storage_us-central 29010
Get_Azure_us-central 26352
Get_Thrift_Server_Storage_us-central 26372
Get_Azure_us-central 25610
Get_Thrift_Server_Storage_us-central 25637
Get_Azure_us-central 36736
Get_Thrift_Server_Storage_us-central 36757
Get_Azure_us-central 26330
Get_Thrift_Server_Storage_us-central 26352
Get_Azure_us-central 23684
Get_Thrift_Server_Storage_us-central 23713
Get_Azure_us-central 29032
Get_Thrift_Server_Storage_us-central 29050
Get_Azure_us-central 46704
Get_Thrift_Server_Storage_us-central 46722
Get_Azure_us-central 54342
Get_Thrift_Server_Storage_us-central 54368
Get_Azure_us-central 59392
Get_Thrift_Server_Storage_us-central 59411
Get_Azure_us-central 26297
Get_Thrift_Server_Storage_us-central 26318
Get_Azure_us-central 26260
Get_Thrift_Server_Storage_us-central 26280
Get_Azure_us-central 30528
Get_Thrift_Server_Storage_us-central 30552
Get_Azure_us-central 25809
Get_Thrift_Server_Storage_us-central 25842
Get_Azure_us-central 30771
Get_Thrift_Server_Storage_us-central 30798
Get_Azure_us-central 36724
Get_Thrift_Server_Storage_us-central 36745
Get_Azure_us-central 27898
Get_Thrift_Server_Storage_us-central 27925
Get_Azure_us-central 27321
Get_Thrift_Server_Storage_us-central 27342
Get_Azure_us-central 23953
Get_Thrift_Server_Storage_us-central 23974
Get_Azure_us-central 32499
Get_Thrift_Server_Storage_us-central 32521
Get_Azure_us-central 86470
Get_Thrift_Server_Storage_us-central 86494
Get_Azure_us-central 27383
Get_Thrift_Server_Storage_us-central 27403
Get_Azure_us-central 26456
Get_Thrift_Server_Storage_us-central 26475
Get_Azure_us-central 32037
Get_Thrift_Server_Storage_us-central 32055
Get_Azure_us-central 36600
Get_Thrift_Server_Storage_us-central 36637
Get_Azure_us-central 32563
Get_Thrift_Server_Storage_us-central 32581
Get_Azure_us-central 24759
Get_Thrift_Server_Storage_us-central 24778
Get_Azure_us-central 32321
Get_Thrift_Server_Storage_us-central 32350
Get_Azure_us-central 20504
Get_Thrift_Server_Storage_us-central 20527
Get_Azure_us-central 23428
Get_Thrift_Server_Storage_us-central 23449
Get_Azure_us-central 93714
Get_Thrift_Server_Storage_us-central 93737
Get_Azure_us-central 25224
Get_Thrift_Server_Storage_us-central 25254
Get_Azure_us-central 21077
Get_Thrift_Server_Storage_us-central 21102
Get_Azure_us-central 21908
Get_Thrift_Server_Storage_us-central 21932
Get_Azure_us-central 30352
Get_Thrift_Server_Storage_us-central 30373
Get_Azure_us-central 34782
Get_Thrift_Server_Storage_us-central 34803
Get_Azure_us-central 29668
Get_Thrift_Server_Storage_us-central 29689
Get_Azure_us-central 24699
Get_Thrift_Server_Storage_us-central 24726
Get_Azure_us-central 25174
Get_Thrift_Server_Storage_us-central 25212
Get_Azure_us-central 25708
Get_Thrift_Server_Storage_us-central 25733
Get_Azure_us-central 41185
Get_Thrift_Server_Storage_us-central 41205
Get_Azure_us-central 49010
Get_Thrift_Server_Storage_us-central 49029
Get_Azure_us-central 34949
Get_Thrift_Server_Storage_us-central 34967
Get_Azure_us-central 38112
Get_Thrift_Server_Storage_us-central 38132
Get_Azure_us-central 23953
Get_Thrift_Server_Storage_us-central 23974
Get_Azure_us-central 22008
Get_Thrift_Server_Storage_us-central 22031
Get_Azure_us-central 38646
Get_Thrift_Server_Storage_us-central 38665
Get_Azure_us-central 31722
Get_Thrift_Server_Storage_us-central 31745
Get_Azure_us-central 24888
Get_Thrift_Server_Storage_us-central 24913
Get_Azure_us-central 24005
Get_Thrift_Server_Storage_us-central 24023
Get_Azure_us-central 384864
Get_Thrift_Server_Storage_us-central 384897
Get_Azure_us-central 22817
Get_Thrift_Server_Storage_us-central 22839
Get_Azure_us-central 28763
Get_Thrift_Server_Storage_us-central 28797
Get_Azure_us-central 33564
Get_Thrift_Server_Storage_us-central 33590
Get_Azure_us-central 26428
Get_Thrift_Server_Storage_us-central 26454
Get_Azure_us-central 24757
Get_Thrift_Server_Storage_us-central 24780
Get_Azure_us-central 49080
Get_Thrift_Server_Storage_us-central 49115
Get_Azure_us-central 26060
Get_Thrift_Server_Storage_us-central 26091
Get_Azure_us-central 58723
Get_Thrift_Server_Storage_us-central 58752
Get_Azure_us-central 34830
Get_Thrift_Server_Storage_us-central 34868
Get_Azure_us-central 30293
Get_Thrift_Server_Storage_us-central 30316
Get_Azure_us-central 29420
Get_Thrift_Server_Storage_us-central 29439
Get_Azure_us-central 26221
Get_Thrift_Server_Storage_us-central 26242
Get_Azure_us-central 37010
Get_Thrift_Server_Storage_us-central 37032
Get_Azure_us-central 47198
Get_Thrift_Server_Storage_us-central 47216
Get_Azure_us-central 32426
Get_Thrift_Server_Storage_us-central 32450
Get_Azure_us-central 25282
Get_Thrift_Server_Storage_us-central 25302
Get_Azure_us-central 76888
Get_Thrift_Server_Storage_us-central 76908
Get_Azure_us-central 29155
Get_Thrift_Server_Storage_us-central 29175
Get_Azure_us-central 34268
Get_Thrift_Server_Storage_us-central 34292
Get_Azure_us-central 32172
Get_Thrift_Server_Storage_us-central 32190
Get_Azure_us-central 37321
Get_Thrift_Server_Storage_us-central 37340
Get_Azure_us-central 24310
Get_Thrift_Server_Storage_us-central 24330
Get_Azure_us-central 24391
Get_Thrift_Server_Storage_us-central 24409
Get_Azure_us-central 55967
Get_Thrift_Server_Storage_us-central 55988
Get_Azure_us-central 66702
Get_Thrift_Server_Storage_us-central 66721
Get_Azure_us-central 23855
Get_Thrift_Server_Storage_us-central 23879
Get_Azure_us-central 28510
Get_Thrift_Server_Storage_us-central 28539
Get_Azure_us-central 43393
Get_Thrift_Server_Storage_us-central 43421
Get_Azure_us-central 56902
Get_Thrift_Server_Storage_us-central 56922
Get_Azure_us-central 40283
Get_Thrift_Server_Storage_us-central 40301
Get_Azure_us-central 25839
Get_Thrift_Server_Storage_us-central 25857
Get_Azure_us-central 23911
Get_Thrift_Server_Storage_us-central 23936
Get_Azure_us-central 42674
Get_Thrift_Server_Storage_us-central 42693
Get_Azure_us-central 21876
Get_Thrift_Server_Storage_us-central 21893
Get_Azure_us-central 26952
Get_Thrift_Server_Storage_us-central 26977
Get_Azure_us-central 23274
Get_Thrift_Server_Storage_us-central 23291
Get_Azure_us-central 53303
Get_Thrift_Server_Storage_us-central 53334
Get_Azure_us-central 54892
Get_Thrift_Server_Storage_us-central 54913
Get_Azure_us-central 40713
Get_Thrift_Server_Storage_us-central 40731
Get_Azure_us-central 38356
Get_Thrift_Server_Storage_us-central 38381
Get_Azure_us-central 30510
Get_Thrift_Server_Storage_us-central 30529
Get_Azure_us-central 32059
Get_Thrift_Server_Storage_us-central 32080
Get_Azure_us-central 24549
Get_Thrift_Server_Storage_us-central 24577
Get_Azure_us-central 24267
Get_Thrift_Server_Storage_us-central 24290
Get_Azure_us-central 196991
Get_Thrift_Server_Storage_us-central 197008
Get_Azure_us-central 29362
Get_Thrift_Server_Storage_us-central 29382
Get_Azure_us-central 33389
Get_Thrift_Server_Storage_us-central 33412
Get_Azure_us-central 28238
Get_Thrift_Server_Storage_us-central 28255
Get_Azure_us-central 28325
Get_Thrift_Server_Storage_us-central 28344
Get_Azure_us-central 33723
Get_Thrift_Server_Storage_us-central 33745
Get_Azure_us-central 23269
Get_Thrift_Server_Storage_us-central 23289
Get_Azure_us-central 72767
Get_Thrift_Server_Storage_us-central 72789
Get_Azure_us-central 27047
Get_Thrift_Server_Storage_us-central 27066
Get_Azure_us-central 24660
Get_Thrift_Server_Storage_us-central 24678
Get_Azure_us-central 29774
Get_Thrift_Server_Storage_us-central 29792
Get_Azure_us-central 23208
Get_Thrift_Server_Storage_us-central 23224
Get_Azure_us-central 31491
Get_Thrift_Server_Storage_us-central 31517
Get_Azure_us-central 28014
Get_Thrift_Server_Storage_us-central 28036
Get_Azure_us-central 38024
Get_Thrift_Server_Storage_us-central 38048
Get_Azure_us-central 37406
Get_Thrift_Server_Storage_us-central 37431
Get_Azure_us-central 48497
Get_Thrift_Server_Storage_us-central 48521
Get_Azure_us-central 28018
Get_Thrift_Server_Storage_us-central 28041
Get_Azure_us-central 100328
Get_Thrift_Server_Storage_us-central 100355
Get_Azure_us-central 24559
Get_Thrift_Server_Storage_us-central 24579
Get_Azure_us-central 108806
Get_Thrift_Server_Storage_us-central 108829
Get_Azure_us-central 29916
Get_Thrift_Server_Storage_us-central 29939
Get_Azure_us-central 36696
Get_Thrift_Server_Storage_us-central 36725
Get_Azure_us-central 23473
Get_Thrift_Server_Storage_us-central 23498
Get_Azure_us-central 24895
Get_Thrift_Server_Storage_us-central 24924
Get_Azure_us-central 38163
Get_Thrift_Server_Storage_us-central 38187
Get_Azure_us-central 25960
Get_Thrift_Server_Storage_us-central 25979
Get_Azure_us-central 35741
Get_Thrift_Server_Storage_us-central 35773
Get_Azure_us-central 176934
Get_Thrift_Server_Storage_us-central 176956
Get_Azure_us-central 28429
Get_Thrift_Server_Storage_us-central 28463
Get_Azure_us-central 35586
Get_Thrift_Server_Storage_us-central 35605
Get_Azure_us-central 27215
Get_Thrift_Server_Storage_us-central 27240
Get_Azure_us-central 32691
Get_Thrift_Server_Storage_us-central 32715
Get_Azure_us-central 29001
Get_Thrift_Server_Storage_us-central 29021
Get_Azure_us-central 63165
Get_Thrift_Server_Storage_us-central 63188
Get_Azure_us-central 54912
Get_Thrift_Server_Storage_us-central 54932
Get_Azure_us-central 32542
Get_Thrift_Server_Storage_us-central 32565
Get_Azure_us-central 28056
Get_Thrift_Server_Storage_us-central 28076
Get_Azure_us-central 28225
Get_Thrift_Server_Storage_us-central 28245
Get_Azure_us-central 29645
Get_Thrift_Server_Storage_us-central 29673
Get_Azure_us-central 28323
Get_Thrift_Server_Storage_us-central 28350
Get_Azure_us-central 50421
Get_Thrift_Server_Storage_us-central 50444
Get_Azure_us-central 28810
Get_Thrift_Server_Storage_us-central 28836
Get_Azure_us-central 38195
Get_Thrift_Server_Storage_us-central 38225
Get_Azure_us-central 25987
Get_Thrift_Server_Storage_us-central 26013
Get_Azure_us-central 25931
Get_Thrift_Server_Storage_us-central 25953
Get_Azure_us-central 38435
Get_Thrift_Server_Storage_us-central 38453
Get_Azure_us-central 37562
Get_Thrift_Server_Storage_us-central 37579
Get_Azure_us-central 28394
Get_Thrift_Server_Storage_us-central 28415
Get_Azure_us-central 29770
Get_Thrift_Server_Storage_us-central 29799
Get_Azure_us-central 38903
Get_Thrift_Server_Storage_us-central 38923
Get_Azure_us-central 28256
Get_Thrift_Server_Storage_us-central 28281
Get_Azure_us-central 26998
Get_Thrift_Server_Storage_us-central 27024
Get_Azure_us-central 25656
Get_Thrift_Server_Storage_us-central 25698
Get_Azure_us-central 40600
Get_Thrift_Server_Storage_us-central 40627
Get_Azure_us-central 26343
Get_Thrift_Server_Storage_us-central 26377
Get_Azure_us-central 46034
Get_Thrift_Server_Storage_us-central 46060
Get_Azure_us-central 41824
Get_Thrift_Server_Storage_us-central 41847
Get_Azure_us-central 42557
Get_Thrift_Server_Storage_us-central 42578
Get_Azure_us-central 52761
Get_Thrift_Server_Storage_us-central 52783
Get_Azure_us-central 38140
Get_Thrift_Server_Storage_us-central 38168
Get_Azure_us-central 35103
Get_Thrift_Server_Storage_us-central 35126
Get_Azure_us-central 23977
Get_Thrift_Server_Storage_us-central 24004
Get_Azure_us-central 26022
Get_Thrift_Server_Storage_us-central 26045
Get_Azure_us-central 25570
Get_Thrift_Server_Storage_us-central 25597
Get_Azure_us-central 28831
Get_Thrift_Server_Storage_us-central 28857
Get_Azure_us-central 25428
Get_Thrift_Server_Storage_us-central 25452
Get_Azure_us-central 29726
Get_Thrift_Server_Storage_us-central 29752
Get_Azure_us-central 23921
Get_Thrift_Server_Storage_us-central 23941
Get_Azure_us-central 25430
Get_Thrift_Server_Storage_us-central 25452
Get_Azure_us-central 25756
Get_Thrift_Server_Storage_us-central 25777
Get_Azure_us-central 35282
Get_Thrift_Server_Storage_us-central 35308
Get_Azure_us-central 32203
Get_Thrift_Server_Storage_us-central 32228
Get_Azure_us-central 30265
Get_Thrift_Server_Storage_us-central 30290
Get_Azure_us-central 39548
Get_Thrift_Server_Storage_us-central 39573
Get_Azure_us-central 31003
Get_Thrift_Server_Storage_us-central 31023
Get_Azure_us-central 30790
Get_Thrift_Server_Storage_us-central 30812
Get_Azure_us-central 42183
Get_Thrift_Server_Storage_us-central 42202
Get_Azure_us-central 42813
Get_Thrift_Server_Storage_us-central 42844
Get_Azure_us-central 30027
Get_Thrift_Server_Storage_us-central 30056
Get_Azure_us-central 115333
Get_Thrift_Server_Storage_us-central 115359
Get_Azure_us-central 28707
Get_Thrift_Server_Storage_us-central 28725
Get_Azure_us-central 27136
Get_Thrift_Server_Storage_us-central 27160
Get_Azure_us-central 45563
Get_Thrift_Server_Storage_us-central 45592
Get_Azure_us-central 24967
Get_Thrift_Server_Storage_us-central 24989
Get_Azure_us-central 56215
Get_Thrift_Server_Storage_us-central 56245
Get_Azure_us-central 27673
Get_Thrift_Server_Storage_us-central 27695
Get_Azure_us-central 29233
Get_Thrift_Server_Storage_us-central 29260
Get_Azure_us-central 30968
Get_Thrift_Server_Storage_us-central 31009
Get_Azure_us-central 27150
Get_Thrift_Server_Storage_us-central 27172
Get_Azure_us-central 34179
Get_Thrift_Server_Storage_us-central 34208
Get_Azure_us-central 24418
Get_Thrift_Server_Storage_us-central 24441
Get_Azure_us-central 27642
Get_Thrift_Server_Storage_us-central 27666
Get_Azure_us-central 24045
Get_Thrift_Server_Storage_us-central 24071
Get_Azure_us-central 26137
Get_Thrift_Server_Storage_us-central 26166
Get_Azure_us-central 36339
Get_Thrift_Server_Storage_us-central 36359
Get_Azure_us-central 26606
Get_Thrift_Server_Storage_us-central 26629
Get_Azure_us-central 23752
Get_Thrift_Server_Storage_us-central 23783
Get_Azure_us-central 26663
Get_Thrift_Server_Storage_us-central 26686
Get_Azure_us-central 30304
Get_Thrift_Server_Storage_us-central 30324
Get_Azure_us-central 38917
Get_Thrift_Server_Storage_us-central 38941
Get_Azure_us-central 39565
Get_Thrift_Server_Storage_us-central 39584
Get_Azure_us-central 28238
Get_Thrift_Server_Storage_us-central 28263
Get_Azure_us-central 28044
Get_Thrift_Server_Storage_us-central 28067
Get_Azure_us-central 23963
Get_Thrift_Server_Storage_us-central 23982
Get_Azure_us-central 27302
Get_Thrift_Server_Storage_us-central 27324
Get_Azure_us-central 35775
Get_Thrift_Server_Storage_us-central 35800
Get_Azure_us-central 24954
Get_Thrift_Server_Storage_us-central 24984
Get_Azure_us-central 26091
Get_Thrift_Server_Storage_us-central 26109
Get_Azure_us-central 24272
Get_Thrift_Server_Storage_us-central 24291
Get_Azure_us-central 68411
Get_Thrift_Server_Storage_us-central 68431
Get_Azure_us-central 28715
Get_Thrift_Server_Storage_us-central 28737
Get_Azure_us-central 30108
Get_Thrift_Server_Storage_us-central 30133
Get_Azure_us-central 44196
Get_Thrift_Server_Storage_us-central 44218
Get_Azure_us-central 24282
Get_Thrift_Server_Storage_us-central 24302
Get_Azure_us-central 43155
Get_Thrift_Server_Storage_us-central 43179
Get_Azure_us-central 27264
Get_Thrift_Server_Storage_us-central 27283
Get_Azure_us-central 42037
Get_Thrift_Server_Storage_us-central 42057
Get_Azure_us-central 41697
Get_Thrift_Server_Storage_us-central 41717
Get_Azure_us-central 26775
Get_Thrift_Server_Storage_us-central 26793
Get_Azure_us-central 46858
Get_Thrift_Server_Storage_us-central 46894
Get_Azure_us-central 40752
Get_Thrift_Server_Storage_us-central 40772
Get_Azure_us-central 30103
Get_Thrift_Server_Storage_us-central 30126
Get_Azure_us-central 35546
Get_Thrift_Server_Storage_us-central 35566
Get_Azure_us-central 29391
Get_Thrift_Server_Storage_us-central 29410
Get_Azure_us-central 40483
Get_Thrift_Server_Storage_us-central 40503
Get_Azure_us-central 36676
Get_Thrift_Server_Storage_us-central 36695
Get_Azure_us-central 82179
Get_Thrift_Server_Storage_us-central 82202
Get_Azure_us-central 33165
Get_Thrift_Server_Storage_us-central 33188
Get_Azure_us-central 50084
Get_Thrift_Server_Storage_us-central 50112
Get_Azure_us-central 70620
Get_Thrift_Server_Storage_us-central 70639
Get_Azure_us-central 44486
Get_Thrift_Server_Storage_us-central 44507
Get_Azure_us-central 30601
Get_Thrift_Server_Storage_us-central 30620
Get_Azure_us-central 22992
Get_Thrift_Server_Storage_us-central 23015
Get_Azure_us-central 25078
Get_Thrift_Server_Storage_us-central 25101
Get_Azure_us-central 24379
Get_Thrift_Server_Storage_us-central 24404
Get_Azure_us-central 26843
Get_Thrift_Server_Storage_us-central 26871
Get_Azure_us-central 42202
Get_Thrift_Server_Storage_us-central 42227
Get_Azure_us-central 44128
Get_Thrift_Server_Storage_us-central 44157
Get_Azure_us-central 24044
Get_Thrift_Server_Storage_us-central 24062
Get_Azure_us-central 30025
Get_Thrift_Server_Storage_us-central 30047
Get_Azure_us-central 33388
Get_Thrift_Server_Storage_us-central 33412
Get_Azure_us-central 26895
Get_Thrift_Server_Storage_us-central 26914
Get_Azure_us-central 33057
Get_Thrift_Server_Storage_us-central 33095
Get_Azure_us-central 40316
Get_Thrift_Server_Storage_us-central 40342
Get_Azure_us-central 27273
Get_Thrift_Server_Storage_us-central 27295
Get_Azure_us-central 37085
Get_Thrift_Server_Storage_us-central 37103
Get_Azure_us-central 24602
Get_Thrift_Server_Storage_us-central 24621
Get_Azure_us-central 34611
Get_Thrift_Server_Storage_us-central 34633
Get_Azure_us-central 30336
Get_Thrift_Server_Storage_us-central 30354
Get_Azure_us-central 33608
Get_Thrift_Server_Storage_us-central 33629
Get_Azure_us-central 39555
Get_Thrift_Server_Storage_us-central 39575
Get_Azure_us-central 219074
Get_Thrift_Server_Storage_us-central 219099
Get_Azure_us-central 26398
Get_Thrift_Server_Storage_us-central 26421
Get_Azure_us-central 26872
Get_Thrift_Server_Storage_us-central 26900
Get_Azure_us-central 32655
Get_Thrift_Server_Storage_us-central 32679
Get_Azure_us-central 22816
Get_Thrift_Server_Storage_us-central 22841
Get_Azure_us-central 22478
Get_Thrift_Server_Storage_us-central 22498
Get_Azure_us-central 46428
Get_Thrift_Server_Storage_us-central 46450
Get_Azure_us-central 27071
Get_Thrift_Server_Storage_us-central 27093
Get_Azure_us-central 105532
Get_Thrift_Server_Storage_us-central 105597
Get_Azure_us-central 37835
Get_Thrift_Server_Storage_us-central 37856
Get_Azure_us-central 23249
Get_Thrift_Server_Storage_us-central 23279
Get_Azure_us-central 25971
Get_Thrift_Server_Storage_us-central 25992
Get_Azure_us-central 34961
Get_Thrift_Server_Storage_us-central 34988
Get_Azure_us-central 22777
Get_Thrift_Server_Storage_us-central 22796
Get_Azure_us-central 24872
Get_Thrift_Server_Storage_us-central 24893
Get_Azure_us-central 40625
Get_Thrift_Server_Storage_us-central 40647
Get_Azure_us-central 28358
Get_Thrift_Server_Storage_us-central 28375
Get_Azure_us-central 27732
Get_Thrift_Server_Storage_us-central 27760
Get_Azure_us-central 29022
Get_Thrift_Server_Storage_us-central 29044
Get_Azure_us-central 25204
Get_Thrift_Server_Storage_us-central 25236
Get_Azure_us-central 26469
Get_Thrift_Server_Storage_us-central 26491
Get_Azure_us-central 28528
Get_Thrift_Server_Storage_us-central 28545
Get_Azure_us-central 42625
Get_Thrift_Server_Storage_us-central 42657
Get_Azure_us-central 27916
Get_Thrift_Server_Storage_us-central 27935
Get_Azure_us-central 24938
Get_Thrift_Server_Storage_us-central 24959
Get_Azure_us-central 22421
Get_Thrift_Server_Storage_us-central 22448
Get_Azure_us-central 39973
Get_Thrift_Server_Storage_us-central 39991
Get_Azure_us-central 29120
Get_Thrift_Server_Storage_us-central 29140
Get_Azure_us-central 24688
Get_Thrift_Server_Storage_us-central 24716
Get_Azure_us-central 26114
Get_Thrift_Server_Storage_us-central 26135
Get_Azure_us-central 186893
Get_Thrift_Server_Storage_us-central 186912
Get_Azure_us-central 29004
Get_Thrift_Server_Storage_us-central 29027
Get_Azure_us-central 25831
Get_Thrift_Server_Storage_us-central 25854
Get_Azure_us-central 24917
Get_Thrift_Server_Storage_us-central 24948
Get_Azure_us-central 36819
Get_Thrift_Server_Storage_us-central 36838
Get_Azure_us-central 26725
Get_Thrift_Server_Storage_us-central 26743
Get_Azure_us-central 25282
Get_Thrift_Server_Storage_us-central 25305
Get_Azure_us-central 26835
Get_Thrift_Server_Storage_us-central 26857
Get_Azure_us-central 25709
Get_Thrift_Server_Storage_us-central 25733
Get_Azure_us-central 46183
Get_Thrift_Server_Storage_us-central 46212
Get_Azure_us-central 31748
Get_Thrift_Server_Storage_us-central 31777
Get_Azure_us-central 22620
Get_Thrift_Server_Storage_us-central 22639
Get_Azure_us-central 24982
Get_Thrift_Server_Storage_us-central 25004
Get_Azure_us-central 51097
Get_Thrift_Server_Storage_us-central 51119
Get_Azure_us-central 26348
Get_Thrift_Server_Storage_us-central 26372
Get_Azure_us-central 49211
Get_Thrift_Server_Storage_us-central 49229
Get_Azure_us-central 29764
Get_Thrift_Server_Storage_us-central 29790
Get_Azure_us-central 29940
Get_Thrift_Server_Storage_us-central 29960
Get_Azure_us-central 139507
Get_Thrift_Server_Storage_us-central 139525
Get_Azure_us-central 27367
Get_Thrift_Server_Storage_us-central 27385
Get_Azure_us-central 21633
Get_Thrift_Server_Storage_us-central 21652
Get_Azure_us-central 30433
Get_Thrift_Server_Storage_us-central 30454
Get_Azure_us-central 25425
Get_Thrift_Server_Storage_us-central 25443
Get_Azure_us-central 50598
Get_Thrift_Server_Storage_us-central 50620
Get_Azure_us-central 41519
Get_Thrift_Server_Storage_us-central 41536
Get_Azure_us-central 28103
Get_Thrift_Server_Storage_us-central 28126
Get_Azure_us-central 29602
Get_Thrift_Server_Storage_us-central 29621
Get_Azure_us-central 22792
Get_Thrift_Server_Storage_us-central 22822
Get_Azure_us-central 26887
Get_Thrift_Server_Storage_us-central 26908
Get_Azure_us-central 37785
Get_Thrift_Server_Storage_us-central 37803
Get_Azure_us-central 38413
Get_Thrift_Server_Storage_us-central 38441
Get_Azure_us-central 45098
Get_Thrift_Server_Storage_us-central 45125
Get_Azure_us-central 24851
Get_Thrift_Server_Storage_us-central 24901
Get_Azure_us-central 39997
Get_Thrift_Server_Storage_us-central 40018
Get_Azure_us-central 41208
Get_Thrift_Server_Storage_us-central 41232
Get_Azure_us-central 59746
Get_Thrift_Server_Storage_us-central 59767
Get_Azure_us-central 26652
Get_Thrift_Server_Storage_us-central 26669
Get_Azure_us-central 25581
Get_Thrift_Server_Storage_us-central 25606
Get_Azure_us-central 84287
Get_Thrift_Server_Storage_us-central 84308
Get_Azure_us-central 32618
Get_Thrift_Server_Storage_us-central 32641
Get_Azure_us-central 35503
Get_Thrift_Server_Storage_us-central 35525
Get_Azure_us-central 38665
Get_Thrift_Server_Storage_us-central 38685
Get_Azure_us-central 29522
Get_Thrift_Server_Storage_us-central 29538
Get_Azure_us-central 36401
Get_Thrift_Server_Storage_us-central 36421
Get_Azure_us-central 21942
Get_Thrift_Server_Storage_us-central 21965
Get_Azure_us-central 26112
Get_Thrift_Server_Storage_us-central 26133
Get_Azure_us-central 63726
Get_Thrift_Server_Storage_us-central 63749
Get_Azure_us-central 52367
Get_Thrift_Server_Storage_us-central 52386
Get_Azure_us-central 33708
Get_Thrift_Server_Storage_us-central 33727
Get_Azure_us-central 27896
Get_Thrift_Server_Storage_us-central 27923
Get_Azure_us-central 57129
Get_Thrift_Server_Storage_us-central 57155
Get_Azure_us-central 67005
Get_Thrift_Server_Storage_us-central 67041
Get_Azure_us-central 27618
Get_Thrift_Server_Storage_us-central 27644
Get_Azure_us-central 29569
Get_Thrift_Server_Storage_us-central 29595
Get_Azure_us-central 34729
Get_Thrift_Server_Storage_us-central 34768
Get_Azure_us-central 104536
Get_Thrift_Server_Storage_us-central 104566
Get_Azure_us-central 27175
Get_Thrift_Server_Storage_us-central 27198
Get_Azure_us-central 31453
Get_Thrift_Server_Storage_us-central 31479
Get_Azure_us-central 29733
Get_Thrift_Server_Storage_us-central 29764
Get_Azure_us-central 66358
Get_Thrift_Server_Storage_us-central 66382
Get_Azure_us-central 32761
Get_Thrift_Server_Storage_us-central 32801
Get_Azure_us-central 52250
Get_Thrift_Server_Storage_us-central 52277
Get_Azure_us-central 42848
Get_Thrift_Server_Storage_us-central 42872
Get_Azure_us-central 29890
Get_Thrift_Server_Storage_us-central 29916
Get_Azure_us-central 33100
Get_Thrift_Server_Storage_us-central 33129
Get_Azure_us-central 28051
Get_Thrift_Server_Storage_us-central 28071
Get_Azure_us-central 82619
Get_Thrift_Server_Storage_us-central 82643
Get_Azure_us-central 112070
Get_Thrift_Server_Storage_us-central 112091
Get_Azure_us-central 25996
Get_Thrift_Server_Storage_us-central 26026
Get_Azure_us-central 46787
Get_Thrift_Server_Storage_us-central 46815
Get_Azure_us-central 23093
Get_Thrift_Server_Storage_us-central 23114
Get_Azure_us-central 56405
Get_Thrift_Server_Storage_us-central 56452
Get_Azure_us-central 27524
Get_Thrift_Server_Storage_us-central 27546
Get_Azure_us-central 22987
Get_Thrift_Server_Storage_us-central 23008
Get_Azure_us-central 45820
Get_Thrift_Server_Storage_us-central 45842
Get_Azure_us-central 27177
Get_Thrift_Server_Storage_us-central 27200
Get_Azure_us-central 38681
Get_Thrift_Server_Storage_us-central 38697
Get_Azure_us-central 38989
Get_Thrift_Server_Storage_us-central 39007
Get_Azure_us-central 31745
Get_Thrift_Server_Storage_us-central 31768
Get_Azure_us-central 26334
Get_Thrift_Server_Storage_us-central 26350
Get_Azure_us-central 21634
Get_Thrift_Server_Storage_us-central 21653
Get_Azure_us-central 36134
Get_Thrift_Server_Storage_us-central 36155
Get_Azure_us-central 22766
Get_Thrift_Server_Storage_us-central 22793
Get_Azure_us-central 28461
Get_Thrift_Server_Storage_us-central 28487
Get_Azure_us-central 24188
Get_Thrift_Server_Storage_us-central 24207
Get_Azure_us-central 21689
Get_Thrift_Server_Storage_us-central 21711
Get_Azure_us-central 23005
Get_Thrift_Server_Storage_us-central 23021
Get_Azure_us-central 42565
Get_Thrift_Server_Storage_us-central 42583
Get_Azure_us-central 25077
Get_Thrift_Server_Storage_us-central 25101
Get_Azure_us-central 27648
Get_Thrift_Server_Storage_us-central 27668
Get_Azure_us-central 24678
Get_Thrift_Server_Storage_us-central 24702
Get_Azure_us-central 30105
Get_Thrift_Server_Storage_us-central 30128
Get_Azure_us-central 27791
Get_Thrift_Server_Storage_us-central 27811
Get_Azure_us-central 23356
Get_Thrift_Server_Storage_us-central 23374
Get_Azure_us-central 25800
Get_Thrift_Server_Storage_us-central 25817
Get_Azure_us-central 57918
Get_Thrift_Server_Storage_us-central 57937
Get_Azure_us-central 22661
Get_Thrift_Server_Storage_us-central 22691
Get_Azure_us-central 26316
Get_Thrift_Server_Storage_us-central 26335
Get_Azure_us-central 24117
Get_Thrift_Server_Storage_us-central 24142
Get_Azure_us-central 36192
Get_Thrift_Server_Storage_us-central 36208
Get_Azure_us-central 25883
Get_Thrift_Server_Storage_us-central 25899
Get_Azure_us-central 25533
Get_Thrift_Server_Storage_us-central 25550
Get_Azure_us-central 26457
Get_Thrift_Server_Storage_us-central 26477
Get_Azure_us-central 46902
Get_Thrift_Server_Storage_us-central 46931
Get_Azure_us-central 28738
Get_Thrift_Server_Storage_us-central 28777
Get_Azure_us-central 29590
Get_Thrift_Server_Storage_us-central 29611
Get_Azure_us-central 28640
Get_Thrift_Server_Storage_us-central 28671
Get_Azure_us-central 27493
Get_Thrift_Server_Storage_us-central 27511
Get_Azure_us-central 23316
Get_Thrift_Server_Storage_us-central 23339
Get_Azure_us-central 22486
Get_Thrift_Server_Storage_us-central 22509
Get_Azure_us-central 209413
Get_Thrift_Server_Storage_us-central 209458
Get_Azure_us-central 24374
Get_Thrift_Server_Storage_us-central 24394
Get_Azure_us-central 25560
Get_Thrift_Server_Storage_us-central 25580
Get_Azure_us-central 32137
Get_Thrift_Server_Storage_us-central 32161
Get_Azure_us-central 36152
Get_Thrift_Server_Storage_us-central 36176
Get_Azure_us-central 29116
Get_Thrift_Server_Storage_us-central 29137
Get_Azure_us-central 29545
Get_Thrift_Server_Storage_us-central 29570
Get_Azure_us-central 45345
Get_Thrift_Server_Storage_us-central 45374
Get_Azure_us-central 27169
Get_Thrift_Server_Storage_us-central 27188
Get_Azure_us-central 22548
Get_Thrift_Server_Storage_us-central 22572
Get_Azure_us-central 27955
Get_Thrift_Server_Storage_us-central 27978
Get_Azure_us-central 75515
Get_Thrift_Server_Storage_us-central 75540
Get_Azure_us-central 33218
Get_Thrift_Server_Storage_us-central 33248
Get_Azure_us-central 28563
Get_Thrift_Server_Storage_us-central 28591
Get_Azure_us-central 24773
Get_Thrift_Server_Storage_us-central 24803
Get_Azure_us-central 39468
Get_Thrift_Server_Storage_us-central 39491
Get_Azure_us-central 41947
Get_Thrift_Server_Storage_us-central 41968
Get_Azure_us-central 30099
Get_Thrift_Server_Storage_us-central 30119
Get_Azure_us-central 24345
Get_Thrift_Server_Storage_us-central 24372
Get_Azure_us-central 29160
Get_Thrift_Server_Storage_us-central 29182
Get_Azure_us-central 22196
Get_Thrift_Server_Storage_us-central 22220
Get_Azure_us-central 23331
Get_Thrift_Server_Storage_us-central 23363
Get_Azure_us-central 34080
Get_Thrift_Server_Storage_us-central 34104
Get_Azure_us-central 55600
Get_Thrift_Server_Storage_us-central 55620
Get_Azure_us-central 24138
Get_Thrift_Server_Storage_us-central 24161
Get_Azure_us-central 25887
Get_Thrift_Server_Storage_us-central 25906
Get_Azure_us-central 31529
Get_Thrift_Server_Storage_us-central 31551
Get_Azure_us-central 21360
Get_Thrift_Server_Storage_us-central 21380
Get_Azure_us-central 29708
Get_Thrift_Server_Storage_us-central 29737
Get_Azure_us-central 21639
Get_Thrift_Server_Storage_us-central 21666
Get_Azure_us-central 24691
Get_Thrift_Server_Storage_us-central 24710
Get_Azure_us-central 42457
Get_Thrift_Server_Storage_us-central 42475
Get_Azure_us-central 32076
Get_Thrift_Server_Storage_us-central 32095
Get_Azure_us-central 26218
Get_Thrift_Server_Storage_us-central 26247
Get_Azure_us-central 71209
Get_Thrift_Server_Storage_us-central 71227
Get_Azure_us-central 35784
Get_Thrift_Server_Storage_us-central 35801
Get_Azure_us-central 22457
Get_Thrift_Server_Storage_us-central 22473
Get_Azure_us-central 23550
Get_Thrift_Server_Storage_us-central 23567
Get_Azure_us-central 26205
Get_Thrift_Server_Storage_us-central 26229
Get_Azure_us-central 33215
Get_Thrift_Server_Storage_us-central 33235
Get_Azure_us-central 27527
Get_Thrift_Server_Storage_us-central 27556
Get_Azure_us-central 36507
Get_Thrift_Server_Storage_us-central 36540
Get_Azure_us-central 22899
Get_Thrift_Server_Storage_us-central 22921
Get_Azure_us-central 22550
Get_Thrift_Server_Storage_us-central 22581
Get_Azure_us-central 28656
Get_Thrift_Server_Storage_us-central 28684
Get_Azure_us-central 56550
Get_Thrift_Server_Storage_us-central 56582
Get_Azure_us-central 28431
Get_Thrift_Server_Storage_us-central 28448
Get_Azure_us-central 37564
Get_Thrift_Server_Storage_us-central 37586
Get_Azure_us-central 27131
Get_Thrift_Server_Storage_us-central 27173
Get_Azure_us-central 26573
Get_Thrift_Server_Storage_us-central 26593
Get_Azure_us-central 25275
Get_Thrift_Server_Storage_us-central 25297
Get_Azure_us-central 26059
Get_Thrift_Server_Storage_us-central 26083
Get_Azure_us-central 27536
Get_Thrift_Server_Storage_us-central 27556
Get_Azure_us-central 28679
Get_Thrift_Server_Storage_us-central 28700
Get_Azure_us-central 38493
Get_Thrift_Server_Storage_us-central 38513
Get_Azure_us-central 30251
Get_Thrift_Server_Storage_us-central 30269
Get_Azure_us-central 23373
Get_Thrift_Server_Storage_us-central 23393
Get_Azure_us-central 21883
Get_Thrift_Server_Storage_us-central 21902
Get_Azure_us-central 73009
Get_Thrift_Server_Storage_us-central 73039
Get_Azure_us-central 25251
Get_Thrift_Server_Storage_us-central 25277
Get_Azure_us-central 23545
Get_Thrift_Server_Storage_us-central 23563
Get_Azure_us-central 35092
Get_Thrift_Server_Storage_us-central 35110
Get_Azure_us-central 26215
Get_Thrift_Server_Storage_us-central 26239
Get_Azure_us-central 29338
Get_Thrift_Server_Storage_us-central 29370
Get_Azure_us-central 34277
Get_Thrift_Server_Storage_us-central 34299
Get_Azure_us-central 27084
Get_Thrift_Server_Storage_us-central 27109
Get_Azure_us-central 24740
Get_Thrift_Server_Storage_us-central 24761
Get_Azure_us-central 22549
Get_Thrift_Server_Storage_us-central 22573
Get_Azure_us-central 55328
Get_Thrift_Server_Storage_us-central 55350
Get_Azure_us-central 25685
Get_Thrift_Server_Storage_us-central 25722
Get_Azure_us-central 27550
Get_Thrift_Server_Storage_us-central 27568
Get_Azure_us-central 39558
Get_Thrift_Server_Storage_us-central 39575
Get_Azure_us-central 56744
Get_Thrift_Server_Storage_us-central 56761
Get_Azure_us-central 29158
Get_Thrift_Server_Storage_us-central 29181
Get_Azure_us-central 33776
Get_Thrift_Server_Storage_us-central 33802
Get_Azure_us-central 33781
Get_Thrift_Server_Storage_us-central 33804
Get_Azure_us-central 31956
Get_Thrift_Server_Storage_us-central 31979
Get_Azure_us-central 28977
Get_Thrift_Server_Storage_us-central 28999
Get_Azure_us-central 28026
Get_Thrift_Server_Storage_us-central 28053
Get_Azure_us-central 28120
Get_Thrift_Server_Storage_us-central 28138
Get_Azure_us-central 27361
Get_Thrift_Server_Storage_us-central 27380
Get_Azure_us-central 41782
Get_Thrift_Server_Storage_us-central 41803
Get_Azure_us-central 26069
Get_Thrift_Server_Storage_us-central 26089
Get_Azure_us-central 40176
Get_Thrift_Server_Storage_us-central 40203
Get_Azure_us-central 29676
Get_Thrift_Server_Storage_us-central 29700
Get_Azure_us-central 24798
Get_Thrift_Server_Storage_us-central 24821
Get_Azure_us-central 22897
Get_Thrift_Server_Storage_us-central 22923
Get_Azure_us-central 27177
Get_Thrift_Server_Storage_us-central 27203
Get_Azure_us-central 27818
Get_Thrift_Server_Storage_us-central 27842
Get_Azure_us-central 22485
Get_Thrift_Server_Storage_us-central 22513
Get_Azure_us-central 26572
Get_Thrift_Server_Storage_us-central 26598
Get_Azure_us-central 26461
Get_Thrift_Server_Storage_us-central 26484
Get_Azure_us-central 45661
Get_Thrift_Server_Storage_us-central 45704
Get_Azure_us-central 35015
Get_Thrift_Server_Storage_us-central 35038
Get_Azure_us-central 26199
Get_Thrift_Server_Storage_us-central 26228
Get_Azure_us-central 25435
Get_Thrift_Server_Storage_us-central 25460
Get_Azure_us-central 25147
Get_Thrift_Server_Storage_us-central 25166
Get_Azure_us-central 27878
Get_Thrift_Server_Storage_us-central 27901
Get_Azure_us-central 43708
Get_Thrift_Server_Storage_us-central 43729
Get_Azure_us-central 29367
Get_Thrift_Server_Storage_us-central 29391
Get_Azure_us-central 24771
Get_Thrift_Server_Storage_us-central 24795
Get_Azure_us-central 40236
Get_Thrift_Server_Storage_us-central 40256
Get_Azure_us-central 28859
Get_Thrift_Server_Storage_us-central 28877
Get_Azure_us-central 29000
Get_Thrift_Server_Storage_us-central 29026
Get_Azure_us-central 40417
Get_Thrift_Server_Storage_us-central 40444
Get_Azure_us-central 55892
Get_Thrift_Server_Storage_us-central 55916
Get_Azure_us-central 35133
Get_Thrift_Server_Storage_us-central 35155
Get_Azure_us-central 24924
Get_Thrift_Server_Storage_us-central 24947
Get_Azure_us-central 23568
Get_Thrift_Server_Storage_us-central 23588
Get_Azure_us-central 40481
Get_Thrift_Server_Storage_us-central 40532
Get_Azure_us-central 26365
Get_Thrift_Server_Storage_us-central 26390
Get_Azure_us-central 36521
Get_Thrift_Server_Storage_us-central 36543
Get_Azure_us-central 25750
Get_Thrift_Server_Storage_us-central 25780
Get_Azure_us-central 28084
Get_Thrift_Server_Storage_us-central 28111
Get_Azure_us-central 23685
Get_Thrift_Server_Storage_us-central 23704
Get_Azure_us-central 46799
Get_Thrift_Server_Storage_us-central 46826
Get_Azure_us-central 23800
Get_Thrift_Server_Storage_us-central 23822
Get_Azure_us-central 44296
Get_Thrift_Server_Storage_us-central 44332
Get_Azure_us-central 21467
Get_Thrift_Server_Storage_us-central 21494
Get_Azure_us-central 62151
Get_Thrift_Server_Storage_us-central 62174
Get_Azure_us-central 33720
Get_Thrift_Server_Storage_us-central 33744
Get_Azure_us-central 29534
Get_Thrift_Server_Storage_us-central 29558
Get_Azure_us-central 28488
Get_Thrift_Server_Storage_us-central 28507
Get_Azure_us-central 73613
Get_Thrift_Server_Storage_us-central 73634
Get_Azure_us-central 83158
Get_Thrift_Server_Storage_us-central 83178
Get_Azure_us-central 48566
Get_Thrift_Server_Storage_us-central 48587
Get_Azure_us-central 54762
Get_Thrift_Server_Storage_us-central 54784
Get_Azure_us-central 28749
Get_Thrift_Server_Storage_us-central 28775
Get_Azure_us-central 29105
Get_Thrift_Server_Storage_us-central 29127
Get_Azure_us-central 36858
Get_Thrift_Server_Storage_us-central 36878
Get_Azure_us-central 37829
Get_Thrift_Server_Storage_us-central 37853
Get_Azure_us-central 29645
Get_Thrift_Server_Storage_us-central 29665
Get_Azure_us-central 27137
Get_Thrift_Server_Storage_us-central 27158
Get_Azure_us-central 41659
Get_Thrift_Server_Storage_us-central 41679
Get_Azure_us-central 39195
Get_Thrift_Server_Storage_us-central 39221
Get_Azure_us-central 27711
Get_Thrift_Server_Storage_us-central 27731
Get_Azure_us-central 49945
Get_Thrift_Server_Storage_us-central 49972
Get_Azure_us-central 26784
Get_Thrift_Server_Storage_us-central 26805
Get_Azure_us-central 30154
Get_Thrift_Server_Storage_us-central 30180
Get_Azure_us-central 106113
Get_Thrift_Server_Storage_us-central 106133
Get_Azure_us-central 33158
Get_Thrift_Server_Storage_us-central 33184
Get_Azure_us-central 25732
Get_Thrift_Server_Storage_us-central 25756
Get_Azure_us-central 40778
Get_Thrift_Server_Storage_us-central 40799
Get_Azure_us-central 27582
Get_Thrift_Server_Storage_us-central 27610
Get_Azure_us-central 35526
Get_Thrift_Server_Storage_us-central 35546
Get_Azure_us-central 162082
Get_Thrift_Server_Storage_us-central 162107
Get_Azure_us-central 74561
Get_Thrift_Server_Storage_us-central 74579
Get_Azure_us-central 41689
Get_Thrift_Server_Storage_us-central 41715
Get_Azure_us-central 32845
Get_Thrift_Server_Storage_us-central 32872
Get_Azure_us-central 24109
Get_Thrift_Server_Storage_us-central 24129
Get_Azure_us-central 42840
Get_Thrift_Server_Storage_us-central 42860
Get_Azure_us-central 27472
Get_Thrift_Server_Storage_us-central 27494
Get_Azure_us-central 32179
Get_Thrift_Server_Storage_us-central 32205
Get_Azure_us-central 32702
Get_Thrift_Server_Storage_us-central 32723
Get_Azure_us-central 37103
Get_Thrift_Server_Storage_us-central 37122
Get_Azure_us-central 44029
Get_Thrift_Server_Storage_us-central 44052
Get_Azure_us-central 30518
Get_Thrift_Server_Storage_us-central 30543
Get_Azure_us-central 160858
Get_Thrift_Server_Storage_us-central 160890
Get_Azure_us-central 34990
Get_Thrift_Server_Storage_us-central 35012
Get_Azure_us-central 25937
Get_Thrift_Server_Storage_us-central 25957
Get_Azure_us-central 25050
Get_Thrift_Server_Storage_us-central 25076
Get_Azure_us-central 28182
Get_Thrift_Server_Storage_us-central 28211
Get_Azure_us-central 33686
Get_Thrift_Server_Storage_us-central 33709
Get_Azure_us-central 27801
Get_Thrift_Server_Storage_us-central 27824
Get_Azure_us-central 22487
Get_Thrift_Server_Storage_us-central 22511
Get_Azure_us-central 22716
Get_Thrift_Server_Storage_us-central 22737
Get_Azure_us-central 46621
Get_Thrift_Server_Storage_us-central 46648
Get_Azure_us-central 22142
Get_Thrift_Server_Storage_us-central 22163
Get_Azure_us-central 44294
Get_Thrift_Server_Storage_us-central 44312
Get_Azure_us-central 27762
Get_Thrift_Server_Storage_us-central 27780
Get_Azure_us-central 32953
Get_Thrift_Server_Storage_us-central 32975
Get_Azure_us-central 44245
Get_Thrift_Server_Storage_us-central 44270
Get_Azure_us-central 26429
Get_Thrift_Server_Storage_us-central 26448
Get_Azure_us-central 24112
Get_Thrift_Server_Storage_us-central 24135
Get_Azure_us-central 30579
Get_Thrift_Server_Storage_us-central 30604
Get_Azure_us-central 24020
Get_Thrift_Server_Storage_us-central 24042
Get_Azure_us-central 75213
Get_Thrift_Server_Storage_us-central 75232
Get_Azure_us-central 27353
Get_Thrift_Server_Storage_us-central 27377
Get_Azure_us-central 36221
Get_Thrift_Server_Storage_us-central 36241
Get_Azure_us-central 24093
Get_Thrift_Server_Storage_us-central 24115
Get_Azure_us-central 22762
Get_Thrift_Server_Storage_us-central 22780
Get_Azure_us-central 28515
Get_Thrift_Server_Storage_us-central 28538
Get_Azure_us-central 40123
Get_Thrift_Server_Storage_us-central 40141
Get_Azure_us-central 24201
Get_Thrift_Server_Storage_us-central 24219
Get_Azure_us-central 24762
Get_Thrift_Server_Storage_us-central 24779
Get_Azure_us-central 26314
Get_Thrift_Server_Storage_us-central 26340
Get_Azure_us-central 21947
Get_Thrift_Server_Storage_us-central 21971
Get_Azure_us-central 26741
Get_Thrift_Server_Storage_us-central 26763
Get_Azure_us-central 26847
Get_Thrift_Server_Storage_us-central 26874
Get_Azure_us-central 30383
Get_Thrift_Server_Storage_us-central 30407
Get_Azure_us-central 31299
Get_Thrift_Server_Storage_us-central 31326
Get_Azure_us-central 25548
Get_Thrift_Server_Storage_us-central 25569
Get_Azure_us-central 22458
Get_Thrift_Server_Storage_us-central 22485
Get_Azure_us-central 25892
Get_Thrift_Server_Storage_us-central 25920
Get_Azure_us-central 26926
Get_Thrift_Server_Storage_us-central 26949
Get_Azure_us-central 42618
Get_Thrift_Server_Storage_us-central 42639
Get_Azure_us-central 29646
Get_Thrift_Server_Storage_us-central 29665
Get_Azure_us-central 24226
Get_Thrift_Server_Storage_us-central 24247
Get_Azure_us-central 31414
Get_Thrift_Server_Storage_us-central 31433
Get_Azure_us-central 29276
Get_Thrift_Server_Storage_us-central 29294
Get_Azure_us-central 24792
Get_Thrift_Server_Storage_us-central 24815
Get_Azure_us-central 24600
Get_Thrift_Server_Storage_us-central 24622
Get_Azure_us-central 34872
Get_Thrift_Server_Storage_us-central 34900
Get_Azure_us-central 40828
Get_Thrift_Server_Storage_us-central 40855
Get_Azure_us-central 25796
Get_Thrift_Server_Storage_us-central 25817
Get_Azure_us-central 34384
Get_Thrift_Server_Storage_us-central 34404
Get_Azure_us-central 72953
Get_Thrift_Server_Storage_us-central 72973
Get_Azure_us-central 28118
Get_Thrift_Server_Storage_us-central 28137
Get_Azure_us-central 25410
Get_Thrift_Server_Storage_us-central 25432
Get_Azure_us-central 52916
Get_Thrift_Server_Storage_us-central 52937
Get_Azure_us-central 23378
Get_Thrift_Server_Storage_us-central 23402
Get_Azure_us-central 21852
Get_Thrift_Server_Storage_us-central 21871
Get_Azure_us-central 24308
Get_Thrift_Server_Storage_us-central 24328
Get_Azure_us-central 107706
Get_Thrift_Server_Storage_us-central 107732
Get_Azure_us-central 28784
Get_Thrift_Server_Storage_us-central 28816
Get_Azure_us-central 40389
Get_Thrift_Server_Storage_us-central 40415
Get_Azure_us-central 63053
Get_Thrift_Server_Storage_us-central 63079
Get_Azure_us-central 41663
Get_Thrift_Server_Storage_us-central 41686
Get_Azure_us-central 25733
Get_Thrift_Server_Storage_us-central 25760
Get_Azure_us-central 21126
Get_Thrift_Server_Storage_us-central 21145
Get_Azure_us-central 28512
Get_Thrift_Server_Storage_us-central 28540
Get_Azure_us-central 23336
Get_Thrift_Server_Storage_us-central 23357
Get_Azure_us-central 27198
Get_Thrift_Server_Storage_us-central 27226
Get_Azure_us-central 26995
Get_Thrift_Server_Storage_us-central 27016
Get_Azure_us-central 50802
Get_Thrift_Server_Storage_us-central 50822
Get_Azure_us-central 25156
Get_Thrift_Server_Storage_us-central 25185
Get_Azure_us-central 26511
Get_Thrift_Server_Storage_us-central 26541
Get_Azure_us-central 24794
Get_Thrift_Server_Storage_us-central 24815
Get_Azure_us-central 23676
Get_Thrift_Server_Storage_us-central 23699
Get_Azure_us-central 39318
Get_Thrift_Server_Storage_us-central 39339
Get_Azure_us-central 65208
Get_Thrift_Server_Storage_us-central 65244
Get_Azure_us-central 36004
Get_Thrift_Server_Storage_us-central 36023
Get_Azure_us-central 40207
Get_Thrift_Server_Storage_us-central 40245
Get_Azure_us-central 36557
Get_Thrift_Server_Storage_us-central 36578
Get_Azure_us-central 25798
Get_Thrift_Server_Storage_us-central 25825
Get_Azure_us-central 25648
Get_Thrift_Server_Storage_us-central 25672
Get_Azure_us-central 24819
Get_Thrift_Server_Storage_us-central 24842
Get_Azure_us-central 26791
Get_Thrift_Server_Storage_us-central 26822
Get_Azure_us-central 22911
Get_Thrift_Server_Storage_us-central 22931
Get_Azure_us-central 33063
Get_Thrift_Server_Storage_us-central 33098
Get_Azure_us-central 32277
Get_Thrift_Server_Storage_us-central 32297
Get_Azure_us-central 58295
Get_Thrift_Server_Storage_us-central 58321
Get_Azure_us-central 27223
Get_Thrift_Server_Storage_us-central 27249
Get_Azure_us-central 29171
Get_Thrift_Server_Storage_us-central 29190
Get_Azure_us-central 27300
Get_Thrift_Server_Storage_us-central 27323
Get_Azure_us-central 20839
Get_Thrift_Server_Storage_us-central 20864
Get_Azure_us-central 41509
Get_Thrift_Server_Storage_us-central 41529
Get_Azure_us-central 25871
Get_Thrift_Server_Storage_us-central 25892
Get_Azure_us-central 31437
Get_Thrift_Server_Storage_us-central 31467
Get_Azure_us-central 28962
Get_Thrift_Server_Storage_us-central 28987
Get_Azure_us-central 29208
Get_Thrift_Server_Storage_us-central 29229
Get_Azure_us-central 38861
Get_Thrift_Server_Storage_us-central 38887
Get_Azure_us-central 23023
Get_Thrift_Server_Storage_us-central 23047
Get_Azure_us-central 21239
Get_Thrift_Server_Storage_us-central 21257
Get_Azure_us-central 25489
Get_Thrift_Server_Storage_us-central 25508
Get_Azure_us-central 26980
Get_Thrift_Server_Storage_us-central 27006
Get_Azure_us-central 139747
Get_Thrift_Server_Storage_us-central 139767
Get_Azure_us-central 27089
Get_Thrift_Server_Storage_us-central 27113
Get_Azure_us-central 44787
Get_Thrift_Server_Storage_us-central 44814
Get_Azure_us-central 41008
Get_Thrift_Server_Storage_us-central 41035
Get_Azure_us-central 37388
Get_Thrift_Server_Storage_us-central 37407
Get_Azure_us-central 27416
Get_Thrift_Server_Storage_us-central 27438
Get_Azure_us-central 25809
Get_Thrift_Server_Storage_us-central 25832
Get_Azure_us-central 29062
Get_Thrift_Server_Storage_us-central 29083
Get_Azure_us-central 40159
Get_Thrift_Server_Storage_us-central 40182
Get_Azure_us-central 30013
Get_Thrift_Server_Storage_us-central 30038
Get_Azure_us-central 30199
Get_Thrift_Server_Storage_us-central 30220
Get_Azure_us-central 29863
Get_Thrift_Server_Storage_us-central 29886
Get_Azure_us-central 26244
Get_Thrift_Server_Storage_us-central 26264
Get_Azure_us-central 39660
Get_Thrift_Server_Storage_us-central 39680
Get_Azure_us-central 27473
Get_Thrift_Server_Storage_us-central 27497
Get_Azure_us-central 23054
Get_Thrift_Server_Storage_us-central 23074
Get_Azure_us-central 28309
Get_Thrift_Server_Storage_us-central 28329
Get_Azure_us-central 25947
Get_Thrift_Server_Storage_us-central 25969
Get_Azure_us-central 26168
Get_Thrift_Server_Storage_us-central 26197
Get_Azure_us-central 40828
Get_Thrift_Server_Storage_us-central 40856
Get_Azure_us-central 43717
Get_Thrift_Server_Storage_us-central 43743
Get_Azure_us-central 21764
Get_Thrift_Server_Storage_us-central 21786
Get_Azure_us-central 24281
Get_Thrift_Server_Storage_us-central 24317
Get_Azure_us-central 23079
Get_Thrift_Server_Storage_us-central 23103
Get_Azure_us-central 32675
Get_Thrift_Server_Storage_us-central 32695
Get_Azure_us-central 29049
Get_Thrift_Server_Storage_us-central 29074
Get_Azure_us-central 29085
Get_Thrift_Server_Storage_us-central 29111
Get_Azure_us-central 24047
Get_Thrift_Server_Storage_us-central 24072
Get_Azure_us-central 22628
Get_Thrift_Server_Storage_us-central 22651
Get_Azure_us-central 23702
Get_Thrift_Server_Storage_us-central 23730
Get_Azure_us-central 34083
Get_Thrift_Server_Storage_us-central 34105
Get_Azure_us-central 30507
Get_Thrift_Server_Storage_us-central 30535
Get_Azure_us-central 27288
Get_Thrift_Server_Storage_us-central 27308
Get_Azure_us-central 34629
Get_Thrift_Server_Storage_us-central 34668
Get_Azure_us-central 43329
Get_Thrift_Server_Storage_us-central 43358
Get_Azure_us-central 167344
Get_Thrift_Server_Storage_us-central 167365
Get_Azure_us-central 25790
Get_Thrift_Server_Storage_us-central 25818
Get_Azure_us-central 78722
Get_Thrift_Server_Storage_us-central 78752
Get_Azure_us-central 22794
Get_Thrift_Server_Storage_us-central 22817
Get_Azure_us-central 27821
Get_Thrift_Server_Storage_us-central 27851
Get_Azure_us-central 37296
Get_Thrift_Server_Storage_us-central 37317
Get_Azure_us-central 36133
Get_Thrift_Server_Storage_us-central 36159
Get_Azure_us-central 38602
Get_Thrift_Server_Storage_us-central 38626
Get_Azure_us-central 24506
Get_Thrift_Server_Storage_us-central 24531
Get_Azure_us-central 27391
Get_Thrift_Server_Storage_us-central 27416
Get_Azure_us-central 39559
Get_Thrift_Server_Storage_us-central 39580
Get_Azure_us-central 56429
Get_Thrift_Server_Storage_us-central 56448
Get_Azure_us-central 29717
Get_Thrift_Server_Storage_us-central 29735
Get_Azure_us-central 25430
Get_Thrift_Server_Storage_us-central 25454
Get_Azure_us-central 39325
Get_Thrift_Server_Storage_us-central 39348
Get_Azure_us-central 34089
Get_Thrift_Server_Storage_us-central 34110
Get_Azure_us-central 22528
Get_Thrift_Server_Storage_us-central 22575
Get_Azure_us-central 29557
Get_Thrift_Server_Storage_us-central 29582
Get_Azure_us-central 57803
Get_Thrift_Server_Storage_us-central 57822
Get_Azure_us-central 26721
Get_Thrift_Server_Storage_us-central 26742
Get_Azure_us-central 40887
Get_Thrift_Server_Storage_us-central 40917
Get_Azure_us-central 42006
Get_Thrift_Server_Storage_us-central 42024
Get_Azure_us-central 25678
Get_Thrift_Server_Storage_us-central 25696
Get_Azure_us-central 55516
Get_Thrift_Server_Storage_us-central 55539
Get_Azure_us-central 24678
Get_Thrift_Server_Storage_us-central 24705
Get_Azure_us-central 21261
Get_Thrift_Server_Storage_us-central 21286
Get_Azure_us-central 37318
Get_Thrift_Server_Storage_us-central 37338
Get_Azure_us-central 26153
Get_Thrift_Server_Storage_us-central 26179
Get_Azure_us-central 22254
Get_Thrift_Server_Storage_us-central 22280
Get_Azure_us-central 31089
Get_Thrift_Server_Storage_us-central 31110
Get_Azure_us-central 40135
Get_Thrift_Server_Storage_us-central 40153
Get_Azure_us-central 21410
Get_Thrift_Server_Storage_us-central 21436
Get_Azure_us-central 30488
Get_Thrift_Server_Storage_us-central 30509
Get_Azure_us-central 43554
Get_Thrift_Server_Storage_us-central 43581
Get_Azure_us-central 24810
Get_Thrift_Server_Storage_us-central 24837
Get_Azure_us-central 44851
Get_Thrift_Server_Storage_us-central 44876
Get_Azure_us-central 27070
Get_Thrift_Server_Storage_us-central 27094
Get_Azure_us-central 24350
Get_Thrift_Server_Storage_us-central 24375
Get_Azure_us-central 186833
Get_Thrift_Server_Storage_us-central 186857
Get_Azure_us-central 24911
Get_Thrift_Server_Storage_us-central 24932
Get_Azure_us-central 25827
Get_Thrift_Server_Storage_us-central 25852
Get_Azure_us-central 26382
Get_Thrift_Server_Storage_us-central 26404
Get_Azure_us-central 113498
Get_Thrift_Server_Storage_us-central 113529
Get_Azure_us-central 32389
Get_Thrift_Server_Storage_us-central 32410
Get_Azure_us-central 28153
Get_Thrift_Server_Storage_us-central 28183
Get_Azure_us-central 103430
Get_Thrift_Server_Storage_us-central 103460
Get_Azure_us-central 26520
Get_Thrift_Server_Storage_us-central 26540
Get_Azure_us-central 21135
Get_Thrift_Server_Storage_us-central 21153
Get_Azure_us-central 22456
Get_Thrift_Server_Storage_us-central 22479
Get_Azure_us-central 37033
Get_Thrift_Server_Storage_us-central 37053
Get_Azure_us-central 44487
Get_Thrift_Server_Storage_us-central 44509
Get_Azure_us-central 21895
Get_Thrift_Server_Storage_us-central 21916
Get_Azure_us-central 24086
Get_Thrift_Server_Storage_us-central 24105
Get_Azure_us-central 42474
Get_Thrift_Server_Storage_us-central 42498
Get_Azure_us-central 25975
Get_Thrift_Server_Storage_us-central 26001
Get_Azure_us-central 38262
Get_Thrift_Server_Storage_us-central 38294
Get_Azure_us-central 44206
Get_Thrift_Server_Storage_us-central 44228
Get_Azure_us-central 37667
Get_Thrift_Server_Storage_us-central 37695
Get_Azure_us-central 50039
Get_Thrift_Server_Storage_us-central 50061
Get_Azure_us-central 25762
Get_Thrift_Server_Storage_us-central 25782
Get_Azure_us-central 23951
Get_Thrift_Server_Storage_us-central 23976
Get_Azure_us-central 26295
Get_Thrift_Server_Storage_us-central 26315
Get_Azure_us-central 24629
Get_Thrift_Server_Storage_us-central 24654
Get_Azure_us-central 40758
Get_Thrift_Server_Storage_us-central 40780
Get_Azure_us-central 21665
Get_Thrift_Server_Storage_us-central 21690
Get_Azure_us-central 28198
Get_Thrift_Server_Storage_us-central 28234
Get_Azure_us-central 25352
Get_Thrift_Server_Storage_us-central 25376
Get_Azure_us-central 42406
Get_Thrift_Server_Storage_us-central 42431
Get_Azure_us-central 66493
Get_Thrift_Server_Storage_us-central 66519
Get_Azure_us-central 42547
Get_Thrift_Server_Storage_us-central 42572
Get_Azure_us-central 26485
Get_Thrift_Server_Storage_us-central 26508
Get_Azure_us-central 42744
Get_Thrift_Server_Storage_us-central 42767
Get_Azure_us-central 36127
Get_Thrift_Server_Storage_us-central 36157
Get_Azure_us-central 27090
Get_Thrift_Server_Storage_us-central 27112
Get_Azure_us-central 25638
Get_Thrift_Server_Storage_us-central 25659
Get_Azure_us-central 48430
Get_Thrift_Server_Storage_us-central 48455
Get_Azure_us-central 25399
Get_Thrift_Server_Storage_us-central 25426
Get_Azure_us-central 27364
Get_Thrift_Server_Storage_us-central 27388
Get_Azure_us-central 44941
Get_Thrift_Server_Storage_us-central 44965
Get_Azure_us-central 49808
Get_Thrift_Server_Storage_us-central 49837
Get_Azure_us-central 34888
Get_Thrift_Server_Storage_us-central 34912
Get_Azure_us-central 29819
Get_Thrift_Server_Storage_us-central 29844
Get_Azure_us-central 25889
Get_Thrift_Server_Storage_us-central 25918
Get_Azure_us-central 24859
Get_Thrift_Server_Storage_us-central 24886
Get_Azure_us-central 32450
Get_Thrift_Server_Storage_us-central 32478
Get_Azure_us-central 27363
Get_Thrift_Server_Storage_us-central 27383
Get_Azure_us-central 49703
Get_Thrift_Server_Storage_us-central 49726
Get_Azure_us-central 23675
Get_Thrift_Server_Storage_us-central 23700
Get_Azure_us-central 30148
Get_Thrift_Server_Storage_us-central 30167
Get_Azure_us-central 22601
Get_Thrift_Server_Storage_us-central 22631
Get_Azure_us-central 36325
Get_Thrift_Server_Storage_us-central 36345
Get_Azure_us-central 29964
Get_Thrift_Server_Storage_us-central 29984
Get_Azure_us-central 24367
Get_Thrift_Server_Storage_us-central 24391
Get_Azure_us-central 25210
Get_Thrift_Server_Storage_us-central 25239
Get_Azure_us-central 26030
Get_Thrift_Server_Storage_us-central 26053
Get_Azure_us-central 27170
Get_Thrift_Server_Storage_us-central 27194
Get_Azure_us-central 23148
Get_Thrift_Server_Storage_us-central 23174
Get_Azure_us-central 21895
Get_Thrift_Server_Storage_us-central 21918
Get_Azure_us-central 25386
Get_Thrift_Server_Storage_us-central 25409
Get_Azure_us-central 25840
Get_Thrift_Server_Storage_us-central 25866
Get_Azure_us-central 28056
Get_Thrift_Server_Storage_us-central 28087
Get_Azure_us-central 25827
Get_Thrift_Server_Storage_us-central 25846
Get_Azure_us-central 26361
Get_Thrift_Server_Storage_us-central 26382
Get_Azure_us-central 27306
Get_Thrift_Server_Storage_us-central 27335
Get_Azure_us-central 23669
Get_Thrift_Server_Storage_us-central 23694
Get_Azure_us-central 41218
Get_Thrift_Server_Storage_us-central 41253
Get_Azure_us-central 39662
Get_Thrift_Server_Storage_us-central 39683
Get_Azure_us-central 51138
Get_Thrift_Server_Storage_us-central 51165
Get_Azure_us-central 35054
Get_Thrift_Server_Storage_us-central 35079
Get_Azure_us-central 45812
Get_Thrift_Server_Storage_us-central 45831
Get_Azure_us-central 26876
Get_Thrift_Server_Storage_us-central 26900
Get_Azure_us-central 47422
Get_Thrift_Server_Storage_us-central 47452
Get_Azure_us-central 27548
Get_Thrift_Server_Storage_us-central 27570
Get_Azure_us-central 24393
Get_Thrift_Server_Storage_us-central 24414
Get_Azure_us-central 62392
Get_Thrift_Server_Storage_us-central 62416
Get_Azure_us-central 36143
Get_Thrift_Server_Storage_us-central 36161
Get_Azure_us-central 23728
Get_Thrift_Server_Storage_us-central 23755
Get_Azure_us-central 72284
Get_Thrift_Server_Storage_us-central 72317
Get_Azure_us-central 39537
Get_Thrift_Server_Storage_us-central 39583
Get_Azure_us-central 23307
Get_Thrift_Server_Storage_us-central 23328
Get_Azure_us-central 23277
Get_Thrift_Server_Storage_us-central 23304
Get_Azure_us-central 29524
Get_Thrift_Server_Storage_us-central 29549
Get_Azure_us-central 96598
Get_Thrift_Server_Storage_us-central 96624
Get_Azure_us-central 25953
Get_Thrift_Server_Storage_us-central 25981
Get_Azure_us-central 24503
Get_Thrift_Server_Storage_us-central 24529
Get_Azure_us-central 24068
Get_Thrift_Server_Storage_us-central 24093
Get_Azure_us-central 37588
Get_Thrift_Server_Storage_us-central 37609
Get_Azure_us-central 24351
Get_Thrift_Server_Storage_us-central 24379
Get_Azure_us-central 26563
Get_Thrift_Server_Storage_us-central 26586
Get_Azure_us-central 27444
Get_Thrift_Server_Storage_us-central 27465
Get_Azure_us-central 56236
Get_Thrift_Server_Storage_us-central 56263
Get_Azure_us-central 38064
Get_Thrift_Server_Storage_us-central 38098
Get_Azure_us-central 25129
Get_Thrift_Server_Storage_us-central 25151
Get_Azure_us-central 30685
Get_Thrift_Server_Storage_us-central 30717
Get_Azure_us-central 25429
Get_Thrift_Server_Storage_us-central 25453
Get_Azure_us-central 41562
Get_Thrift_Server_Storage_us-central 41583
Get_Azure_us-central 26856
Get_Thrift_Server_Storage_us-central 26880
Get_Azure_us-central 24114
Get_Thrift_Server_Storage_us-central 24131
Get_Azure_us-central 30649
Get_Thrift_Server_Storage_us-central 30670
Get_Azure_us-central 25575
Get_Thrift_Server_Storage_us-central 25596
Get_Azure_us-central 22834
Get_Thrift_Server_Storage_us-central 22861
Get_Azure_us-central 29383
Get_Thrift_Server_Storage_us-central 29407
Get_Azure_us-central 25733
Get_Thrift_Server_Storage_us-central 25780
Get_Azure_us-central 34050
Get_Thrift_Server_Storage_us-central 34068
Get_Azure_us-central 29480
Get_Thrift_Server_Storage_us-central 29511
Get_Azure_us-central 26612
Get_Thrift_Server_Storage_us-central 26637
Get_Azure_us-central 25397
Get_Thrift_Server_Storage_us-central 25423
Get_Azure_us-central 33842
Get_Thrift_Server_Storage_us-central 33871
Get_Azure_us-central 25626
Get_Thrift_Server_Storage_us-central 25652
Get_Azure_us-central 42890
Get_Thrift_Server_Storage_us-central 42911
Get_Azure_us-central 24535
Get_Thrift_Server_Storage_us-central 24559
Get_Azure_us-central 23829
Get_Thrift_Server_Storage_us-central 23865
Get_Azure_us-central 23134
Get_Thrift_Server_Storage_us-central 23159
Get_Azure_us-central 27158
Get_Thrift_Server_Storage_us-central 27178
Get_Azure_us-central 23879
Get_Thrift_Server_Storage_us-central 23899
Get_Azure_us-central 27576
Get_Thrift_Server_Storage_us-central 27596
Get_Azure_us-central 33006
Get_Thrift_Server_Storage_us-central 33026
Get_Azure_us-central 56024
Get_Thrift_Server_Storage_us-central 56046
Get_Azure_us-central 24965
Get_Thrift_Server_Storage_us-central 24984
Get_Azure_us-central 22950
Get_Thrift_Server_Storage_us-central 22972
Get_Azure_us-central 26571
Get_Thrift_Server_Storage_us-central 26593
Get_Azure_us-central 39105
Get_Thrift_Server_Storage_us-central 39126
Get_Azure_us-central 27726
Get_Thrift_Server_Storage_us-central 27756
Get_Azure_us-central 25184
Get_Thrift_Server_Storage_us-central 25209
Get_Azure_us-central 24347
Get_Thrift_Server_Storage_us-central 24367
Get_Azure_us-central 42851
Get_Thrift_Server_Storage_us-central 42872
Get_Azure_us-central 51663
Get_Thrift_Server_Storage_us-central 51686
Get_Azure_us-central 22052
Get_Thrift_Server_Storage_us-central 22081
Get_Azure_us-central 27187
Get_Thrift_Server_Storage_us-central 27207
Get_Azure_us-central 27443
Get_Thrift_Server_Storage_us-central 27460
Get_Azure_us-central 53519
Get_Thrift_Server_Storage_us-central 53546
Get_Azure_us-central 26278
Get_Thrift_Server_Storage_us-central 26299
Get_Azure_us-central 22366
Get_Thrift_Server_Storage_us-central 22388
Get_Azure_us-central 27454
Get_Thrift_Server_Storage_us-central 27484
Get_Azure_us-central 24980
Get_Thrift_Server_Storage_us-central 25003
Get_Azure_us-central 34126
Get_Thrift_Server_Storage_us-central 34151
Get_Azure_us-central 22509
Get_Thrift_Server_Storage_us-central 22528
Get_Azure_us-central 21980
Get_Thrift_Server_Storage_us-central 22013
Get_Azure_us-central 24717
Get_Thrift_Server_Storage_us-central 24743
