Put_Azure_asia-japan-east 176923
Put_Thrift_Server_Storage_asia-japan-east 178604
Put_Azure_asia-japan-east 117041
Put_Thrift_Server_Storage_asia-japan-east 118403
Put_Azure_asia-japan-east 69926
Put_Thrift_Server_Storage_asia-japan-east 70920
Put_Azure_asia-japan-east 220818
Put_Thrift_Server_Storage_asia-japan-east 221790
Put_Azure_asia-japan-east 76168
Put_Thrift_Server_Storage_asia-japan-east 77137
Put_Azure_asia-japan-east 66060
Put_Thrift_Server_Storage_asia-japan-east 66996
Put_Azure_asia-japan-east 107334
Put_Thrift_Server_Storage_asia-japan-east 108552
Put_Azure_asia-japan-east 78536
Put_Thrift_Server_Storage_asia-japan-east 79726
Put_Azure_asia-japan-east 72902
Put_Thrift_Server_Storage_asia-japan-east 74152
Put_Azure_asia-japan-east 88633
Put_Thrift_Server_Storage_asia-japan-east 89791
Put_Azure_asia-japan-east 65645
Put_Thrift_Server_Storage_asia-japan-east 66821
Put_Azure_asia-japan-east 66810
Put_Thrift_Server_Storage_asia-japan-east 67982
Put_Azure_asia-japan-east 104601
Put_Thrift_Server_Storage_asia-japan-east 105801
Put_Azure_asia-japan-east 68014
Put_Thrift_Server_Storage_asia-japan-east 69157
Put_Azure_asia-japan-east 70498
Put_Thrift_Server_Storage_asia-japan-east 71706
Put_Azure_asia-japan-east 71658
Put_Thrift_Server_Storage_asia-japan-east 72736
Put_Azure_asia-japan-east 65777
Put_Thrift_Server_Storage_asia-japan-east 67053
Put_Azure_asia-japan-east 66105
Put_Thrift_Server_Storage_asia-japan-east 66915
Put_Azure_asia-japan-east 65883
Put_Thrift_Server_Storage_asia-japan-east 66722
Put_Azure_asia-japan-east 69660
Put_Thrift_Server_Storage_asia-japan-east 70526
Put_Azure_asia-japan-east 70044
Put_Thrift_Server_Storage_asia-japan-east 70879
Put_Azure_asia-japan-east 89570
Put_Thrift_Server_Storage_asia-japan-east 90434
Put_Azure_asia-japan-east 74385
Put_Thrift_Server_Storage_asia-japan-east 75443
Put_Azure_asia-japan-east 67322
Put_Thrift_Server_Storage_asia-japan-east 68478
Put_Azure_asia-japan-east 67144
Put_Thrift_Server_Storage_asia-japan-east 68221
Put_Azure_asia-japan-east 85512
Put_Thrift_Server_Storage_asia-japan-east 86616
Put_Azure_asia-japan-east 104476
Put_Thrift_Server_Storage_asia-japan-east 105557
Put_Azure_asia-japan-east 67528
Put_Thrift_Server_Storage_asia-japan-east 68523
Put_Azure_asia-japan-east 69780
Put_Thrift_Server_Storage_asia-japan-east 71012
Put_Azure_asia-japan-east 70633
Put_Thrift_Server_Storage_asia-japan-east 71986
Put_Azure_asia-japan-east 85339
Put_Thrift_Server_Storage_asia-japan-east 86542
Put_Azure_asia-japan-east 151907
Put_Thrift_Server_Storage_asia-japan-east 153224
Put_Azure_asia-japan-east 70813
Put_Thrift_Server_Storage_asia-japan-east 72055
Put_Azure_asia-japan-east 66019
Put_Thrift_Server_Storage_asia-japan-east 67058
Put_Azure_asia-japan-east 83287
Put_Thrift_Server_Storage_asia-japan-east 84448
Put_Azure_asia-japan-east 73042
Put_Thrift_Server_Storage_asia-japan-east 74072
Put_Azure_asia-japan-east 68497
Put_Thrift_Server_Storage_asia-japan-east 69666
Put_Azure_asia-japan-east 78000
Put_Thrift_Server_Storage_asia-japan-east 79078
Put_Azure_asia-japan-east 68398
Put_Thrift_Server_Storage_asia-japan-east 69454
Put_Azure_asia-japan-east 73870
Put_Thrift_Server_Storage_asia-japan-east 75203
Put_Azure_asia-japan-east 69323
Put_Thrift_Server_Storage_asia-japan-east 70628
Put_Azure_asia-japan-east 63263
Put_Thrift_Server_Storage_asia-japan-east 64518
Put_Azure_asia-japan-east 67006
Put_Thrift_Server_Storage_asia-japan-east 68150
Put_Azure_asia-japan-east 76544
Put_Thrift_Server_Storage_asia-japan-east 77887
Put_Azure_asia-japan-east 65352
Put_Thrift_Server_Storage_asia-japan-east 66591
Put_Azure_asia-japan-east 98738
Put_Thrift_Server_Storage_asia-japan-east 99940
Put_Azure_asia-japan-east 111477
Put_Thrift_Server_Storage_asia-japan-east 112791
Put_Azure_asia-japan-east 67898
Put_Thrift_Server_Storage_asia-japan-east 69194
Put_Azure_asia-japan-east 66723
Put_Thrift_Server_Storage_asia-japan-east 67639
Put_Azure_asia-japan-east 135549
Put_Thrift_Server_Storage_asia-japan-east 136728
Put_Azure_asia-japan-east 83038
Put_Thrift_Server_Storage_asia-japan-east 84304
Put_Azure_asia-japan-east 116020
Put_Thrift_Server_Storage_asia-japan-east 117363
Put_Azure_asia-japan-east 71766
Put_Thrift_Server_Storage_asia-japan-east 72852
Put_Azure_asia-japan-east 65033
Put_Thrift_Server_Storage_asia-japan-east 65986
Put_Azure_asia-japan-east 63687
Put_Thrift_Server_Storage_asia-japan-east 64907
Put_Azure_asia-japan-east 64675
Put_Thrift_Server_Storage_asia-japan-east 65862
Put_Azure_asia-japan-east 71583
Put_Thrift_Server_Storage_asia-japan-east 72999
Put_Azure_asia-japan-east 61148
Put_Thrift_Server_Storage_asia-japan-east 62337
Put_Azure_asia-japan-east 74084
Put_Thrift_Server_Storage_asia-japan-east 75049
Put_Azure_asia-japan-east 64482
Put_Thrift_Server_Storage_asia-japan-east 65523
Put_Azure_asia-japan-east 90382
Put_Thrift_Server_Storage_asia-japan-east 91431
Put_Azure_asia-japan-east 61671
Put_Thrift_Server_Storage_asia-japan-east 62603
Put_Azure_asia-japan-east 67362
Put_Thrift_Server_Storage_asia-japan-east 68464
Put_Azure_asia-japan-east 60237
Put_Thrift_Server_Storage_asia-japan-east 61463
Put_Azure_asia-japan-east 109198
Put_Thrift_Server_Storage_asia-japan-east 110201
Put_Azure_asia-japan-east 61165
Put_Thrift_Server_Storage_asia-japan-east 62309
Put_Azure_asia-japan-east 75177
Put_Thrift_Server_Storage_asia-japan-east 76400
Put_Azure_asia-japan-east 70803
Put_Thrift_Server_Storage_asia-japan-east 71900
Put_Azure_asia-japan-east 68476
Put_Thrift_Server_Storage_asia-japan-east 69694
Put_Azure_asia-japan-east 62639
Put_Thrift_Server_Storage_asia-japan-east 63758
Put_Azure_asia-japan-east 66918
Put_Thrift_Server_Storage_asia-japan-east 68017
Put_Azure_asia-japan-east 63858
Put_Thrift_Server_Storage_asia-japan-east 64933
Put_Azure_asia-japan-east 66616
Put_Thrift_Server_Storage_asia-japan-east 67672
Put_Azure_asia-japan-east 80753
Put_Thrift_Server_Storage_asia-japan-east 81940
Put_Azure_asia-japan-east 69522
Put_Thrift_Server_Storage_asia-japan-east 70697
Put_Azure_asia-japan-east 56097
Put_Thrift_Server_Storage_asia-japan-east 57337
Put_Azure_asia-japan-east 50927
Put_Thrift_Server_Storage_asia-japan-east 52068
Put_Azure_asia-japan-east 60034
Put_Thrift_Server_Storage_asia-japan-east 61222
Put_Azure_asia-japan-east 66246
Put_Thrift_Server_Storage_asia-japan-east 67280
Put_Azure_asia-japan-east 51609
Put_Thrift_Server_Storage_asia-japan-east 52579
Put_Azure_asia-japan-east 54231
Put_Thrift_Server_Storage_asia-japan-east 55452
Put_Azure_asia-japan-east 54608
Put_Thrift_Server_Storage_asia-japan-east 55765
Put_Azure_asia-japan-east 189225
Put_Thrift_Server_Storage_asia-japan-east 190382
Put_Azure_asia-japan-east 64130
Put_Thrift_Server_Storage_asia-japan-east 65351
Put_Azure_asia-japan-east 60851
Put_Thrift_Server_Storage_asia-japan-east 61934
Put_Azure_asia-japan-east 52002
Put_Thrift_Server_Storage_asia-japan-east 53201
Put_Azure_asia-japan-east 51720
Put_Thrift_Server_Storage_asia-japan-east 52826
Put_Azure_asia-japan-east 70339
Put_Thrift_Server_Storage_asia-japan-east 71360
Put_Azure_asia-japan-east 56215
Put_Thrift_Server_Storage_asia-japan-east 57377
Put_Azure_asia-japan-east 59096
Put_Thrift_Server_Storage_asia-japan-east 60331
Put_Azure_asia-japan-east 70814
Put_Thrift_Server_Storage_asia-japan-east 72030
Put_Azure_asia-japan-east 57029
Put_Thrift_Server_Storage_asia-japan-east 58264
Put_Azure_asia-japan-east 65400
Put_Thrift_Server_Storage_asia-japan-east 66527
Put_Azure_asia-japan-east 49618
Put_Thrift_Server_Storage_asia-japan-east 50725
Put_Azure_asia-japan-east 58423
Put_Thrift_Server_Storage_asia-japan-east 59464
Put_Azure_asia-japan-east 70612
Put_Thrift_Server_Storage_asia-japan-east 71495
Put_Azure_asia-japan-east 457578
Put_Thrift_Server_Storage_asia-japan-east 458638
Put_Azure_asia-japan-east 63665
Put_Thrift_Server_Storage_asia-japan-east 64728
Put_Azure_asia-japan-east 54761
Put_Thrift_Server_Storage_asia-japan-east 55868
Put_Azure_asia-japan-east 70326
Put_Thrift_Server_Storage_asia-japan-east 71423
Put_Azure_asia-japan-east 58578
Put_Thrift_Server_Storage_asia-japan-east 59767
Put_Azure_asia-japan-east 55856
Put_Thrift_Server_Storage_asia-japan-east 56986
Put_Azure_asia-japan-east 152184
Put_Thrift_Server_Storage_asia-japan-east 153390
Put_Azure_asia-japan-east 80651
Put_Thrift_Server_Storage_asia-japan-east 81842
Put_Azure_asia-japan-east 54240
Put_Thrift_Server_Storage_asia-japan-east 55351
Put_Azure_asia-japan-east 53512
Put_Thrift_Server_Storage_asia-japan-east 54620
Put_Azure_asia-japan-east 55122
Put_Thrift_Server_Storage_asia-japan-east 56360
Put_Azure_asia-japan-east 84311
Put_Thrift_Server_Storage_asia-japan-east 85541
Put_Azure_asia-japan-east 68618
Put_Thrift_Server_Storage_asia-japan-east 69730
Put_Azure_asia-japan-east 55961
Put_Thrift_Server_Storage_asia-japan-east 57293
Put_Azure_asia-japan-east 55424
Put_Thrift_Server_Storage_asia-japan-east 56704
Put_Azure_asia-japan-east 56117
Put_Thrift_Server_Storage_asia-japan-east 57307
Put_Azure_asia-japan-east 73162
Put_Thrift_Server_Storage_asia-japan-east 74371
Put_Azure_asia-japan-east 61525
Put_Thrift_Server_Storage_asia-japan-east 62636
Put_Azure_asia-japan-east 59966
Put_Thrift_Server_Storage_asia-japan-east 61121
Put_Azure_asia-japan-east 54449
Put_Thrift_Server_Storage_asia-japan-east 55423
Put_Azure_asia-japan-east 50671
Put_Thrift_Server_Storage_asia-japan-east 51988
Put_Azure_asia-japan-east 71710
Put_Thrift_Server_Storage_asia-japan-east 72819
Put_Azure_asia-japan-east 59357
Put_Thrift_Server_Storage_asia-japan-east 60420
Put_Azure_asia-japan-east 55446
Put_Thrift_Server_Storage_asia-japan-east 56684
Put_Azure_asia-japan-east 51074
Put_Thrift_Server_Storage_asia-japan-east 52244
Put_Azure_asia-japan-east 66392
Put_Thrift_Server_Storage_asia-japan-east 67579
Put_Azure_asia-japan-east 69837
Put_Thrift_Server_Storage_asia-japan-east 71116
Put_Azure_asia-japan-east 66744
Put_Thrift_Server_Storage_asia-japan-east 67611
Put_Azure_asia-japan-east 59089
Put_Thrift_Server_Storage_asia-japan-east 60052
Put_Azure_asia-japan-east 66875
Put_Thrift_Server_Storage_asia-japan-east 67749
Put_Azure_asia-japan-east 56587
Put_Thrift_Server_Storage_asia-japan-east 57852
Put_Azure_asia-japan-east 53250
Put_Thrift_Server_Storage_asia-japan-east 54472
Put_Azure_asia-japan-east 66497
Put_Thrift_Server_Storage_asia-japan-east 67652
Put_Azure_asia-japan-east 54749
Put_Thrift_Server_Storage_asia-japan-east 55909
Put_Azure_asia-japan-east 61149
Put_Thrift_Server_Storage_asia-japan-east 62262
Put_Azure_asia-japan-east 283413
Put_Thrift_Server_Storage_asia-japan-east 284568
Put_Azure_asia-japan-east 81971
Put_Thrift_Server_Storage_asia-japan-east 83180
Put_Azure_asia-japan-east 53971
Put_Thrift_Server_Storage_asia-japan-east 55156
Put_Azure_asia-japan-east 58266
Put_Thrift_Server_Storage_asia-japan-east 59434
Put_Azure_asia-japan-east 63263
Put_Thrift_Server_Storage_asia-japan-east 64486
Put_Azure_asia-japan-east 67086
Put_Thrift_Server_Storage_asia-japan-east 68261
Put_Azure_asia-japan-east 76502
Put_Thrift_Server_Storage_asia-japan-east 77578
Put_Azure_asia-japan-east 57497
Put_Thrift_Server_Storage_asia-japan-east 58428
Put_Azure_asia-japan-east 58987
Put_Thrift_Server_Storage_asia-japan-east 60246
Put_Azure_asia-japan-east 66609
Put_Thrift_Server_Storage_asia-japan-east 67745
Put_Azure_asia-japan-east 54769
Put_Thrift_Server_Storage_asia-japan-east 55960
Put_Azure_asia-japan-east 55862
Put_Thrift_Server_Storage_asia-japan-east 56884
Put_Azure_asia-japan-east 50441
Put_Thrift_Server_Storage_asia-japan-east 51602
Put_Azure_asia-japan-east 65000
Put_Thrift_Server_Storage_asia-japan-east 66130
Put_Azure_asia-japan-east 64540
Put_Thrift_Server_Storage_asia-japan-east 65729
Put_Azure_asia-japan-east 71752
Put_Thrift_Server_Storage_asia-japan-east 72872
Put_Azure_asia-japan-east 55458
Put_Thrift_Server_Storage_asia-japan-east 56633
Put_Azure_asia-japan-east 68130
Put_Thrift_Server_Storage_asia-japan-east 69143
Put_Azure_asia-japan-east 54663
Put_Thrift_Server_Storage_asia-japan-east 55885
Put_Azure_asia-japan-east 55838
Put_Thrift_Server_Storage_asia-japan-east 56940
Put_Azure_asia-japan-east 53812
Put_Thrift_Server_Storage_asia-japan-east 54960
Put_Azure_asia-japan-east 55312
Put_Thrift_Server_Storage_asia-japan-east 56634
Put_Azure_asia-japan-east 66127
Put_Thrift_Server_Storage_asia-japan-east 66941
Put_Azure_asia-japan-east 59813
Put_Thrift_Server_Storage_asia-japan-east 60704
Put_Azure_asia-japan-east 55772
Put_Thrift_Server_Storage_asia-japan-east 56594
Put_Azure_asia-japan-east 121628
Put_Thrift_Server_Storage_asia-japan-east 122472
Put_Azure_asia-japan-east 54699
Put_Thrift_Server_Storage_asia-japan-east 55839
Put_Azure_asia-japan-east 66402
Put_Thrift_Server_Storage_asia-japan-east 67490
Put_Azure_asia-japan-east 66362
Put_Thrift_Server_Storage_asia-japan-east 67542
Put_Azure_asia-japan-east 77865
Put_Thrift_Server_Storage_asia-japan-east 78954
Put_Azure_asia-japan-east 52785
Put_Thrift_Server_Storage_asia-japan-east 53926
Put_Azure_asia-japan-east 53894
Put_Thrift_Server_Storage_asia-japan-east 54942
Put_Azure_asia-japan-east 66039
Put_Thrift_Server_Storage_asia-japan-east 66980
Put_Azure_asia-japan-east 58934
Put_Thrift_Server_Storage_asia-japan-east 60469
Put_Azure_asia-japan-east 60739
Put_Thrift_Server_Storage_asia-japan-east 62080
Put_Azure_asia-japan-east 63555
Put_Thrift_Server_Storage_asia-japan-east 64677
Put_Azure_asia-japan-east 67238
Put_Thrift_Server_Storage_asia-japan-east 68367
Put_Azure_asia-japan-east 56506
Put_Thrift_Server_Storage_asia-japan-east 57659
Put_Azure_asia-japan-east 104313
Put_Thrift_Server_Storage_asia-japan-east 105376
Put_Azure_asia-japan-east 59202
Put_Thrift_Server_Storage_asia-japan-east 60325
Put_Azure_asia-japan-east 67557
Put_Thrift_Server_Storage_asia-japan-east 68652
Put_Azure_asia-japan-east 63450
Put_Thrift_Server_Storage_asia-japan-east 64518
Put_Azure_asia-japan-east 65763
Put_Thrift_Server_Storage_asia-japan-east 66827
Put_Azure_asia-japan-east 109644
Put_Thrift_Server_Storage_asia-japan-east 110875
Put_Azure_asia-japan-east 72102
Put_Thrift_Server_Storage_asia-japan-east 73326
Put_Azure_asia-japan-east 50923
Put_Thrift_Server_Storage_asia-japan-east 52103
Put_Azure_asia-japan-east 58058
Put_Thrift_Server_Storage_asia-japan-east 59251
Put_Azure_asia-japan-east 52939
Put_Thrift_Server_Storage_asia-japan-east 54005
Put_Azure_asia-japan-east 68598
Put_Thrift_Server_Storage_asia-japan-east 69794
Put_Azure_asia-japan-east 69464
Put_Thrift_Server_Storage_asia-japan-east 70858
Put_Azure_asia-japan-east 82777
Put_Thrift_Server_Storage_asia-japan-east 84167
Put_Azure_asia-japan-east 53152
Put_Thrift_Server_Storage_asia-japan-east 54192
Put_Azure_asia-japan-east 55056
Put_Thrift_Server_Storage_asia-japan-east 56145
Put_Azure_asia-japan-east 75846
Put_Thrift_Server_Storage_asia-japan-east 76771
Put_Azure_asia-japan-east 56691
Put_Thrift_Server_Storage_asia-japan-east 57654
Put_Azure_asia-japan-east 55021
Put_Thrift_Server_Storage_asia-japan-east 55930
Put_Azure_asia-japan-east 57623
Put_Thrift_Server_Storage_asia-japan-east 58483
Put_Azure_asia-japan-east 60072
Put_Thrift_Server_Storage_asia-japan-east 61195
Put_Azure_asia-japan-east 90294
Put_Thrift_Server_Storage_asia-japan-east 91406
Put_Azure_asia-japan-east 67559
Put_Thrift_Server_Storage_asia-japan-east 68704
Put_Azure_asia-japan-east 52536
Put_Thrift_Server_Storage_asia-japan-east 53675
Put_Azure_asia-japan-east 60397
Put_Thrift_Server_Storage_asia-japan-east 61631
Put_Azure_asia-japan-east 97394
Put_Thrift_Server_Storage_asia-japan-east 98459
Put_Azure_asia-japan-east 71742
Put_Thrift_Server_Storage_asia-japan-east 72925
Put_Azure_asia-japan-east 69713
Put_Thrift_Server_Storage_asia-japan-east 71000
Put_Azure_asia-japan-east 192894
Put_Thrift_Server_Storage_asia-japan-east 193650
Put_Azure_asia-japan-east 68292
Put_Thrift_Server_Storage_asia-japan-east 69170
Put_Azure_asia-japan-east 58450
Put_Thrift_Server_Storage_asia-japan-east 59752
Put_Azure_asia-japan-east 55326
Put_Thrift_Server_Storage_asia-japan-east 56454
Put_Azure_asia-japan-east 54499
Put_Thrift_Server_Storage_asia-japan-east 55550
Put_Azure_asia-japan-east 51993
Put_Thrift_Server_Storage_asia-japan-east 53074
Put_Azure_asia-japan-east 67186
Put_Thrift_Server_Storage_asia-japan-east 68350
Put_Azure_asia-japan-east 50139
Put_Thrift_Server_Storage_asia-japan-east 51269
Put_Azure_asia-japan-east 56057
Put_Thrift_Server_Storage_asia-japan-east 57285
Put_Azure_asia-japan-east 50710
Put_Thrift_Server_Storage_asia-japan-east 51805
Put_Azure_asia-japan-east 65589
Put_Thrift_Server_Storage_asia-japan-east 66540
Put_Azure_asia-japan-east 54918
Put_Thrift_Server_Storage_asia-japan-east 55928
Put_Azure_asia-japan-east 52702
Put_Thrift_Server_Storage_asia-japan-east 53745
Put_Azure_asia-japan-east 55894
Put_Thrift_Server_Storage_asia-japan-east 57083
Put_Azure_asia-japan-east 55723
Put_Thrift_Server_Storage_asia-japan-east 56758
Put_Azure_asia-japan-east 65422
Put_Thrift_Server_Storage_asia-japan-east 66389
Put_Azure_asia-japan-east 70409
Put_Thrift_Server_Storage_asia-japan-east 71337
Put_Azure_asia-japan-east 69564
Put_Thrift_Server_Storage_asia-japan-east 70618
Put_Azure_asia-japan-east 65929
Put_Thrift_Server_Storage_asia-japan-east 66921
Put_Azure_asia-japan-east 66755
Put_Thrift_Server_Storage_asia-japan-east 67803
Put_Azure_asia-japan-east 66902
Put_Thrift_Server_Storage_asia-japan-east 67987
Put_Azure_asia-japan-east 66676
Put_Thrift_Server_Storage_asia-japan-east 67769
Put_Azure_asia-japan-east 73459
Put_Thrift_Server_Storage_asia-japan-east 74465
Put_Azure_asia-japan-east 60137
Put_Thrift_Server_Storage_asia-japan-east 61098
Put_Azure_asia-japan-east 96444
Put_Thrift_Server_Storage_asia-japan-east 97396
Put_Azure_asia-japan-east 52209
Put_Thrift_Server_Storage_asia-japan-east 53437
Put_Azure_asia-japan-east 55956
Put_Thrift_Server_Storage_asia-japan-east 57136
Put_Azure_asia-japan-east 61018
Put_Thrift_Server_Storage_asia-japan-east 61913
Put_Azure_asia-japan-east 55087
Put_Thrift_Server_Storage_asia-japan-east 55966
Put_Azure_asia-japan-east 66245
Put_Thrift_Server_Storage_asia-japan-east 67287
Put_Azure_asia-japan-east 69140
Put_Thrift_Server_Storage_asia-japan-east 70280
Put_Azure_asia-japan-east 93485
Put_Thrift_Server_Storage_asia-japan-east 94533
Put_Azure_asia-japan-east 55079
Put_Thrift_Server_Storage_asia-japan-east 56186
Put_Azure_asia-japan-east 55793
Put_Thrift_Server_Storage_asia-japan-east 56889
Put_Azure_asia-japan-east 60557
Put_Thrift_Server_Storage_asia-japan-east 61481
Put_Azure_asia-japan-east 54031
Put_Thrift_Server_Storage_asia-japan-east 54816
Put_Azure_asia-japan-east 68715
Put_Thrift_Server_Storage_asia-japan-east 69806
Put_Azure_asia-japan-east 56092
Put_Thrift_Server_Storage_asia-japan-east 57051
Put_Azure_asia-japan-east 67103
Put_Thrift_Server_Storage_asia-japan-east 68022
Put_Azure_asia-japan-east 49104
Put_Thrift_Server_Storage_asia-japan-east 50028
Put_Azure_asia-japan-east 53683
Put_Thrift_Server_Storage_asia-japan-east 54741
Put_Azure_asia-japan-east 66546
Put_Thrift_Server_Storage_asia-japan-east 67856
Put_Azure_asia-japan-east 66485
Put_Thrift_Server_Storage_asia-japan-east 67480
Put_Azure_asia-japan-east 53109
Put_Thrift_Server_Storage_asia-japan-east 53931
Put_Azure_asia-japan-east 58958
Put_Thrift_Server_Storage_asia-japan-east 59858
Put_Azure_asia-japan-east 53501
Put_Thrift_Server_Storage_asia-japan-east 54496
Put_Azure_asia-japan-east 63044
Put_Thrift_Server_Storage_asia-japan-east 63863
Put_Azure_asia-japan-east 53663
Put_Thrift_Server_Storage_asia-japan-east 54555
Put_Azure_asia-japan-east 55956
Put_Thrift_Server_Storage_asia-japan-east 56797
Put_Azure_asia-japan-east 55779
Put_Thrift_Server_Storage_asia-japan-east 56718
Put_Azure_asia-japan-east 69427
Put_Thrift_Server_Storage_asia-japan-east 70476
Put_Azure_asia-japan-east 54626
Put_Thrift_Server_Storage_asia-japan-east 55771
Put_Azure_asia-japan-east 60001
Put_Thrift_Server_Storage_asia-japan-east 61164
Put_Azure_asia-japan-east 53981
Put_Thrift_Server_Storage_asia-japan-east 55096
Put_Azure_asia-japan-east 70607
Put_Thrift_Server_Storage_asia-japan-east 71710
Put_Azure_asia-japan-east 137611
Put_Thrift_Server_Storage_asia-japan-east 138702
Put_Azure_asia-japan-east 50619
Put_Thrift_Server_Storage_asia-japan-east 51466
Put_Azure_asia-japan-east 55655
Put_Thrift_Server_Storage_asia-japan-east 56575
Put_Azure_asia-japan-east 50078
Put_Thrift_Server_Storage_asia-japan-east 51013
Put_Azure_asia-japan-east 66656
Put_Thrift_Server_Storage_asia-japan-east 67647
Put_Azure_asia-japan-east 55131
Put_Thrift_Server_Storage_asia-japan-east 56102
Put_Azure_asia-japan-east 57687
Put_Thrift_Server_Storage_asia-japan-east 58670
Put_Azure_asia-japan-east 77073
Put_Thrift_Server_Storage_asia-japan-east 78079
Put_Azure_asia-japan-east 57075
Put_Thrift_Server_Storage_asia-japan-east 58053
Put_Azure_asia-japan-east 63395
Put_Thrift_Server_Storage_asia-japan-east 64345
Put_Azure_asia-japan-east 53849
Put_Thrift_Server_Storage_asia-japan-east 54858
Put_Azure_asia-japan-east 65873
Put_Thrift_Server_Storage_asia-japan-east 66732
Put_Azure_asia-japan-east 164005
Put_Thrift_Server_Storage_asia-japan-east 165006
Put_Azure_asia-japan-east 55680
Put_Thrift_Server_Storage_asia-japan-east 56478
Put_Azure_asia-japan-east 58366
Put_Thrift_Server_Storage_asia-japan-east 59506
Put_Azure_asia-japan-east 67042
Put_Thrift_Server_Storage_asia-japan-east 68005
Put_Azure_asia-japan-east 58691
Put_Thrift_Server_Storage_asia-japan-east 59857
Put_Azure_asia-japan-east 61258
Put_Thrift_Server_Storage_asia-japan-east 62181
Put_Azure_asia-japan-east 81139
Put_Thrift_Server_Storage_asia-japan-east 82332
Put_Azure_asia-japan-east 54212
Put_Thrift_Server_Storage_asia-japan-east 55249
Put_Azure_asia-japan-east 98000
Put_Thrift_Server_Storage_asia-japan-east 99069
Put_Azure_asia-japan-east 62453
Put_Thrift_Server_Storage_asia-japan-east 63494
Put_Azure_asia-japan-east 81446
Put_Thrift_Server_Storage_asia-japan-east 82460
Put_Azure_asia-japan-east 68147
Put_Thrift_Server_Storage_asia-japan-east 69134
Put_Azure_asia-japan-east 61401
Put_Thrift_Server_Storage_asia-japan-east 62279
Put_Azure_asia-japan-east 82483
Put_Thrift_Server_Storage_asia-japan-east 83483
Put_Azure_asia-japan-east 66919
Put_Thrift_Server_Storage_asia-japan-east 67967
Put_Azure_asia-japan-east 83058
Put_Thrift_Server_Storage_asia-japan-east 84106
Put_Azure_asia-japan-east 64868
Put_Thrift_Server_Storage_asia-japan-east 66036
Put_Azure_asia-japan-east 68353
Put_Thrift_Server_Storage_asia-japan-east 69232
Put_Azure_asia-japan-east 52428
Put_Thrift_Server_Storage_asia-japan-east 53566
Put_Azure_asia-japan-east 58402
Put_Thrift_Server_Storage_asia-japan-east 59503
Put_Azure_asia-japan-east 56224
Put_Thrift_Server_Storage_asia-japan-east 57306
Put_Azure_asia-japan-east 59307
Put_Thrift_Server_Storage_asia-japan-east 60344
Put_Azure_asia-japan-east 81964
Put_Thrift_Server_Storage_asia-japan-east 83003
Put_Azure_asia-japan-east 66546
Put_Thrift_Server_Storage_asia-japan-east 67603
Put_Azure_asia-japan-east 119971
Put_Thrift_Server_Storage_asia-japan-east 121004
Put_Azure_asia-japan-east 53874
Put_Thrift_Server_Storage_asia-japan-east 54827
Put_Azure_asia-japan-east 56364
Put_Thrift_Server_Storage_asia-japan-east 57370
Put_Azure_asia-japan-east 77783
Put_Thrift_Server_Storage_asia-japan-east 78871
Put_Azure_asia-japan-east 214695
Put_Thrift_Server_Storage_asia-japan-east 216042
Put_Azure_asia-japan-east 60250
Put_Thrift_Server_Storage_asia-japan-east 61351
Put_Azure_asia-japan-east 52181
Put_Thrift_Server_Storage_asia-japan-east 53446
Put_Azure_asia-japan-east 69853
Put_Thrift_Server_Storage_asia-japan-east 70853
Put_Azure_asia-japan-east 56494
Put_Thrift_Server_Storage_asia-japan-east 57500
Put_Azure_asia-japan-east 96400
Put_Thrift_Server_Storage_asia-japan-east 97497
Put_Azure_asia-japan-east 57946
Put_Thrift_Server_Storage_asia-japan-east 58974
Put_Azure_asia-japan-east 68525
Put_Thrift_Server_Storage_asia-japan-east 69452
Put_Azure_asia-japan-east 61831
Put_Thrift_Server_Storage_asia-japan-east 62760
Put_Azure_asia-japan-east 56639
Put_Thrift_Server_Storage_asia-japan-east 57610
Put_Azure_asia-japan-east 51363
Put_Thrift_Server_Storage_asia-japan-east 52337
Put_Azure_asia-japan-east 61556
Put_Thrift_Server_Storage_asia-japan-east 62560
Put_Azure_asia-japan-east 54791
Put_Thrift_Server_Storage_asia-japan-east 55768
Put_Azure_asia-japan-east 56364
Put_Thrift_Server_Storage_asia-japan-east 57338
Put_Azure_asia-japan-east 63995
Put_Thrift_Server_Storage_asia-japan-east 64917
Put_Azure_asia-japan-east 231669
Put_Thrift_Server_Storage_asia-japan-east 232950
Put_Azure_asia-japan-east 67714
Put_Thrift_Server_Storage_asia-japan-east 68916
Put_Azure_asia-japan-east 59976
Put_Thrift_Server_Storage_asia-japan-east 61066
Put_Azure_asia-japan-east 59230
Put_Thrift_Server_Storage_asia-japan-east 60215
Put_Azure_asia-japan-east 58416
Put_Thrift_Server_Storage_asia-japan-east 59511
Put_Azure_asia-japan-east 497325
Put_Thrift_Server_Storage_asia-japan-east 498376
Put_Azure_asia-japan-east 62379
Put_Thrift_Server_Storage_asia-japan-east 63459
Put_Azure_asia-japan-east 49681
Put_Thrift_Server_Storage_asia-japan-east 51031
Put_Azure_asia-japan-east 65287
Put_Thrift_Server_Storage_asia-japan-east 66457
Put_Azure_asia-japan-east 66242
Put_Thrift_Server_Storage_asia-japan-east 67481
Put_Azure_asia-japan-east 79836
Put_Thrift_Server_Storage_asia-japan-east 81084
Put_Azure_asia-japan-east 67375
Put_Thrift_Server_Storage_asia-japan-east 68553
Put_Azure_asia-japan-east 55189
Put_Thrift_Server_Storage_asia-japan-east 56188
Put_Azure_asia-japan-east 305263
Put_Thrift_Server_Storage_asia-japan-east 306259
Put_Azure_asia-japan-east 466197
Put_Thrift_Server_Storage_asia-japan-east 467475
Put_Azure_asia-japan-east 54324
Put_Thrift_Server_Storage_asia-japan-east 55625
Put_Azure_asia-japan-east 72506
Put_Thrift_Server_Storage_asia-japan-east 73722
Put_Azure_asia-japan-east 74971
Put_Thrift_Server_Storage_asia-japan-east 76090
Put_Azure_asia-japan-east 58936
Put_Thrift_Server_Storage_asia-japan-east 60019
Put_Azure_asia-japan-east 57801
Put_Thrift_Server_Storage_asia-japan-east 58995
Put_Azure_asia-japan-east 53289
Put_Thrift_Server_Storage_asia-japan-east 54534
Put_Azure_asia-japan-east 61771
Put_Thrift_Server_Storage_asia-japan-east 63021
Put_Azure_asia-japan-east 65497
Put_Thrift_Server_Storage_asia-japan-east 66468
Put_Azure_asia-japan-east 54703
Put_Thrift_Server_Storage_asia-japan-east 55818
Put_Azure_asia-japan-east 73442
Put_Thrift_Server_Storage_asia-japan-east 74405
Put_Azure_asia-japan-east 60622
Put_Thrift_Server_Storage_asia-japan-east 61624
Put_Azure_asia-japan-east 54101
Put_Thrift_Server_Storage_asia-japan-east 54949
Put_Azure_asia-japan-east 64233
Put_Thrift_Server_Storage_asia-japan-east 65217
Put_Azure_asia-japan-east 50088
Put_Thrift_Server_Storage_asia-japan-east 51061
Put_Azure_asia-japan-east 51827
Put_Thrift_Server_Storage_asia-japan-east 52765
Put_Azure_asia-japan-east 67635
Put_Thrift_Server_Storage_asia-japan-east 68475
Put_Azure_asia-japan-east 54147
Put_Thrift_Server_Storage_asia-japan-east 54999
Put_Azure_asia-japan-east 51965
Put_Thrift_Server_Storage_asia-japan-east 53005
Put_Azure_asia-japan-east 53949
Put_Thrift_Server_Storage_asia-japan-east 54848
Put_Azure_asia-japan-east 79096
Put_Thrift_Server_Storage_asia-japan-east 79888
Put_Azure_asia-japan-east 55681
Put_Thrift_Server_Storage_asia-japan-east 56709
Put_Azure_asia-japan-east 57532
Put_Thrift_Server_Storage_asia-japan-east 58507
Put_Azure_asia-japan-east 54683
Put_Thrift_Server_Storage_asia-japan-east 55624
Put_Azure_asia-japan-east 59148
Put_Thrift_Server_Storage_asia-japan-east 60369
Put_Azure_asia-japan-east 80530
Put_Thrift_Server_Storage_asia-japan-east 81624
Put_Azure_asia-japan-east 74711
Put_Thrift_Server_Storage_asia-japan-east 75797
Put_Azure_asia-japan-east 78642
Put_Thrift_Server_Storage_asia-japan-east 79835
Put_Azure_asia-japan-east 51734
Put_Thrift_Server_Storage_asia-japan-east 52800
Put_Azure_asia-japan-east 65137
Put_Thrift_Server_Storage_asia-japan-east 66253
Put_Azure_asia-japan-east 68288
Put_Thrift_Server_Storage_asia-japan-east 69355
Put_Azure_asia-japan-east 109178
Put_Thrift_Server_Storage_asia-japan-east 110192
Put_Azure_asia-japan-east 72188
Put_Thrift_Server_Storage_asia-japan-east 73279
Put_Azure_asia-japan-east 60544
Put_Thrift_Server_Storage_asia-japan-east 61510
Put_Azure_asia-japan-east 56624
Put_Thrift_Server_Storage_asia-japan-east 57464
Put_Azure_asia-japan-east 64242
Put_Thrift_Server_Storage_asia-japan-east 65240
Put_Azure_asia-japan-east 59149
Put_Thrift_Server_Storage_asia-japan-east 60103
Put_Azure_asia-japan-east 55075
Put_Thrift_Server_Storage_asia-japan-east 56282
Put_Azure_asia-japan-east 87905
Put_Thrift_Server_Storage_asia-japan-east 89069
Put_Azure_asia-japan-east 65917
Put_Thrift_Server_Storage_asia-japan-east 67053
Put_Azure_asia-japan-east 56651
Put_Thrift_Server_Storage_asia-japan-east 57827
Put_Azure_asia-japan-east 56772
Put_Thrift_Server_Storage_asia-japan-east 57856
Put_Azure_asia-japan-east 64934
Put_Thrift_Server_Storage_asia-japan-east 66010
Put_Azure_asia-japan-east 66653
Put_Thrift_Server_Storage_asia-japan-east 67840
Put_Azure_asia-japan-east 62920
Put_Thrift_Server_Storage_asia-japan-east 64090
Put_Azure_asia-japan-east 51727
Put_Thrift_Server_Storage_asia-japan-east 52859
Put_Azure_asia-japan-east 51866
Put_Thrift_Server_Storage_asia-japan-east 53116
Put_Azure_asia-japan-east 70981
Put_Thrift_Server_Storage_asia-japan-east 72210
Put_Azure_asia-japan-east 54015
Put_Thrift_Server_Storage_asia-japan-east 55250
Put_Azure_asia-japan-east 56117
Put_Thrift_Server_Storage_asia-japan-east 57184
Put_Azure_asia-japan-east 49620
Put_Thrift_Server_Storage_asia-japan-east 50679
Put_Azure_asia-japan-east 59174
Put_Thrift_Server_Storage_asia-japan-east 60227
Put_Azure_asia-japan-east 270289
Put_Thrift_Server_Storage_asia-japan-east 271277
Put_Azure_asia-japan-east 61902
Put_Thrift_Server_Storage_asia-japan-east 62971
Put_Azure_asia-japan-east 64386
Put_Thrift_Server_Storage_asia-japan-east 65268
Put_Azure_asia-japan-east 63275
Put_Thrift_Server_Storage_asia-japan-east 64189
Put_Azure_asia-japan-east 54349
Put_Thrift_Server_Storage_asia-japan-east 55306
Put_Azure_asia-japan-east 67423
Put_Thrift_Server_Storage_asia-japan-east 68403
Put_Azure_asia-japan-east 53410
Put_Thrift_Server_Storage_asia-japan-east 54440
Put_Azure_asia-japan-east 54839
Put_Thrift_Server_Storage_asia-japan-east 55786
Put_Azure_asia-japan-east 56058
Put_Thrift_Server_Storage_asia-japan-east 57202
Put_Azure_asia-japan-east 59825
Put_Thrift_Server_Storage_asia-japan-east 60811
Put_Azure_asia-japan-east 65547
Put_Thrift_Server_Storage_asia-japan-east 66548
Put_Azure_asia-japan-east 54440
Put_Thrift_Server_Storage_asia-japan-east 55510
Put_Azure_asia-japan-east 69839
Put_Thrift_Server_Storage_asia-japan-east 71036
Put_Azure_asia-japan-east 61480
Put_Thrift_Server_Storage_asia-japan-east 62635
Put_Azure_asia-japan-east 63066
Put_Thrift_Server_Storage_asia-japan-east 64043
Put_Azure_asia-japan-east 143222
Put_Thrift_Server_Storage_asia-japan-east 144172
Put_Azure_asia-japan-east 152847
Put_Thrift_Server_Storage_asia-japan-east 153708
Put_Azure_asia-japan-east 71463
Put_Thrift_Server_Storage_asia-japan-east 72615
Put_Azure_asia-japan-east 161951
Put_Thrift_Server_Storage_asia-japan-east 163100
Put_Azure_asia-japan-east 51686
Put_Thrift_Server_Storage_asia-japan-east 52900
Put_Azure_asia-japan-east 53147
Put_Thrift_Server_Storage_asia-japan-east 54333
Put_Azure_asia-japan-east 66454
Put_Thrift_Server_Storage_asia-japan-east 67592
Put_Azure_asia-japan-east 56534
Put_Thrift_Server_Storage_asia-japan-east 57645
Put_Azure_asia-japan-east 113310
Put_Thrift_Server_Storage_asia-japan-east 114513
Put_Azure_asia-japan-east 58794
Put_Thrift_Server_Storage_asia-japan-east 59803
Put_Azure_asia-japan-east 61685
Put_Thrift_Server_Storage_asia-japan-east 62546
Put_Azure_asia-japan-east 51040
Put_Thrift_Server_Storage_asia-japan-east 52110
Put_Azure_asia-japan-east 59064
Put_Thrift_Server_Storage_asia-japan-east 59895
Put_Azure_asia-japan-east 79925
Put_Thrift_Server_Storage_asia-japan-east 81106
Put_Azure_asia-japan-east 62394
Put_Thrift_Server_Storage_asia-japan-east 63512
Put_Azure_asia-japan-east 68876
Put_Thrift_Server_Storage_asia-japan-east 69763
Put_Azure_asia-japan-east 55580
Put_Thrift_Server_Storage_asia-japan-east 56620
Put_Azure_asia-japan-east 59512
Put_Thrift_Server_Storage_asia-japan-east 60657
Put_Azure_asia-japan-east 64836
Put_Thrift_Server_Storage_asia-japan-east 65845
Put_Azure_asia-japan-east 64085
Put_Thrift_Server_Storage_asia-japan-east 65198
Put_Azure_asia-japan-east 64750
Put_Thrift_Server_Storage_asia-japan-east 65776
Put_Azure_asia-japan-east 88351
Put_Thrift_Server_Storage_asia-japan-east 89304
Put_Azure_asia-japan-east 58526
Put_Thrift_Server_Storage_asia-japan-east 59523
Put_Azure_asia-japan-east 76356
Put_Thrift_Server_Storage_asia-japan-east 77329
Put_Azure_asia-japan-east 63035
Put_Thrift_Server_Storage_asia-japan-east 64139
Put_Azure_asia-japan-east 50953
Put_Thrift_Server_Storage_asia-japan-east 52103
Put_Azure_asia-japan-east 61145
Put_Thrift_Server_Storage_asia-japan-east 62294
Put_Azure_asia-japan-east 268013
Put_Thrift_Server_Storage_asia-japan-east 269210
Put_Azure_asia-japan-east 64501
Put_Thrift_Server_Storage_asia-japan-east 65619
Put_Azure_asia-japan-east 59554
Put_Thrift_Server_Storage_asia-japan-east 60635
Put_Azure_asia-japan-east 53988
Put_Thrift_Server_Storage_asia-japan-east 55137
Put_Azure_asia-japan-east 52400
Put_Thrift_Server_Storage_asia-japan-east 53502
Put_Azure_asia-japan-east 55448
Put_Thrift_Server_Storage_asia-japan-east 56502
Put_Azure_asia-japan-east 66033
Put_Thrift_Server_Storage_asia-japan-east 67099
Put_Azure_asia-japan-east 60815
Put_Thrift_Server_Storage_asia-japan-east 61940
Put_Azure_asia-japan-east 79477
Put_Thrift_Server_Storage_asia-japan-east 80489
Put_Azure_asia-japan-east 55559
Put_Thrift_Server_Storage_asia-japan-east 56558
Put_Azure_asia-japan-east 53800
Put_Thrift_Server_Storage_asia-japan-east 54983
Put_Azure_asia-japan-east 74002
Put_Thrift_Server_Storage_asia-japan-east 75122
Put_Azure_asia-japan-east 192821
Put_Thrift_Server_Storage_asia-japan-east 194001
Put_Azure_asia-japan-east 71829
Put_Thrift_Server_Storage_asia-japan-east 73015
Put_Azure_asia-japan-east 64865
Put_Thrift_Server_Storage_asia-japan-east 65853
Put_Azure_asia-japan-east 64628
Put_Thrift_Server_Storage_asia-japan-east 65875
Put_Azure_asia-japan-east 77317
Put_Thrift_Server_Storage_asia-japan-east 78573
Put_Azure_asia-japan-east 67014
Put_Thrift_Server_Storage_asia-japan-east 68109
Put_Azure_asia-japan-east 79971
Put_Thrift_Server_Storage_asia-japan-east 81065
Put_Azure_asia-japan-east 68121
Put_Thrift_Server_Storage_asia-japan-east 69306
Put_Azure_asia-japan-east 63670
Put_Thrift_Server_Storage_asia-japan-east 64777
Put_Azure_asia-japan-east 68859
Put_Thrift_Server_Storage_asia-japan-east 70117
Put_Azure_asia-japan-east 55889
Put_Thrift_Server_Storage_asia-japan-east 57130
Put_Azure_asia-japan-east 65946
Put_Thrift_Server_Storage_asia-japan-east 67020
Put_Azure_asia-japan-east 61158
Put_Thrift_Server_Storage_asia-japan-east 62260
Put_Azure_asia-japan-east 66697
Put_Thrift_Server_Storage_asia-japan-east 67692
Put_Azure_asia-japan-east 124968
Put_Thrift_Server_Storage_asia-japan-east 126013
Put_Azure_asia-japan-east 52122
Put_Thrift_Server_Storage_asia-japan-east 53451
Put_Azure_asia-japan-east 62171
Put_Thrift_Server_Storage_asia-japan-east 63278
Put_Azure_asia-japan-east 59052
Put_Thrift_Server_Storage_asia-japan-east 60087
Put_Azure_asia-japan-east 79030
Put_Thrift_Server_Storage_asia-japan-east 80174
Put_Azure_asia-japan-east 70145
Put_Thrift_Server_Storage_asia-japan-east 71170
Put_Azure_asia-japan-east 55091
Put_Thrift_Server_Storage_asia-japan-east 56149
Put_Azure_asia-japan-east 59901
Put_Thrift_Server_Storage_asia-japan-east 61081
Put_Azure_asia-japan-east 64676
Put_Thrift_Server_Storage_asia-japan-east 65909
Put_Azure_asia-japan-east 49890
Put_Thrift_Server_Storage_asia-japan-east 50935
Put_Azure_asia-japan-east 54422
Put_Thrift_Server_Storage_asia-japan-east 55555
Put_Azure_asia-japan-east 58030
Put_Thrift_Server_Storage_asia-japan-east 59189
Put_Azure_asia-japan-east 88590
Put_Thrift_Server_Storage_asia-japan-east 89662
Put_Azure_asia-japan-east 67393
Put_Thrift_Server_Storage_asia-japan-east 68183
Put_Azure_asia-japan-east 485844
Put_Thrift_Server_Storage_asia-japan-east 486597
Put_Azure_asia-japan-east 66048
Put_Thrift_Server_Storage_asia-japan-east 66914
Put_Azure_asia-japan-east 63621
Put_Thrift_Server_Storage_asia-japan-east 64426
Put_Azure_asia-japan-east 58096
Put_Thrift_Server_Storage_asia-japan-east 58988
Put_Azure_asia-japan-east 58100
Put_Thrift_Server_Storage_asia-japan-east 59302
Put_Azure_asia-japan-east 61936
Put_Thrift_Server_Storage_asia-japan-east 63177
Put_Azure_asia-japan-east 56473
Put_Thrift_Server_Storage_asia-japan-east 57497
Put_Azure_asia-japan-east 65850
Put_Thrift_Server_Storage_asia-japan-east 66868
Put_Azure_asia-japan-east 70250
Put_Thrift_Server_Storage_asia-japan-east 71472
Put_Azure_asia-japan-east 75457
Put_Thrift_Server_Storage_asia-japan-east 76403
Put_Azure_asia-japan-east 53313
Put_Thrift_Server_Storage_asia-japan-east 54173
Put_Azure_asia-japan-east 58548
Put_Thrift_Server_Storage_asia-japan-east 59360
Put_Azure_asia-japan-east 72195
Put_Thrift_Server_Storage_asia-japan-east 73276
Put_Azure_asia-japan-east 56204
Put_Thrift_Server_Storage_asia-japan-east 56961
Put_Azure_asia-japan-east 125629
Put_Thrift_Server_Storage_asia-japan-east 126633
Put_Azure_asia-japan-east 64489
Put_Thrift_Server_Storage_asia-japan-east 65385
Put_Azure_asia-japan-east 49147
Put_Thrift_Server_Storage_asia-japan-east 50075
Put_Azure_asia-japan-east 54896
Put_Thrift_Server_Storage_asia-japan-east 55780
Put_Azure_asia-japan-east 57916
Put_Thrift_Server_Storage_asia-japan-east 58984
Put_Azure_asia-japan-east 559528
Put_Thrift_Server_Storage_asia-japan-east 560304
Put_Azure_asia-japan-east 57862
Put_Thrift_Server_Storage_asia-japan-east 59166
Put_Azure_asia-japan-east 51538
Put_Thrift_Server_Storage_asia-japan-east 52708
Put_Azure_asia-japan-east 60896
Put_Thrift_Server_Storage_asia-japan-east 62057
Put_Azure_asia-japan-east 57284
Put_Thrift_Server_Storage_asia-japan-east 58552
Put_Azure_asia-japan-east 62016
Put_Thrift_Server_Storage_asia-japan-east 63007
Put_Azure_asia-japan-east 49839
Put_Thrift_Server_Storage_asia-japan-east 50934
Put_Azure_asia-japan-east 56038
Put_Thrift_Server_Storage_asia-japan-east 57202
Put_Azure_asia-japan-east 51170
Put_Thrift_Server_Storage_asia-japan-east 52216
Put_Azure_asia-japan-east 90455
Put_Thrift_Server_Storage_asia-japan-east 91577
Put_Azure_asia-japan-east 59514
Put_Thrift_Server_Storage_asia-japan-east 60396
Put_Azure_asia-japan-east 61042
Put_Thrift_Server_Storage_asia-japan-east 62110
Put_Azure_asia-japan-east 116847
Put_Thrift_Server_Storage_asia-japan-east 117944
Put_Azure_asia-japan-east 61137
Put_Thrift_Server_Storage_asia-japan-east 62235
Put_Azure_asia-japan-east 72316
Put_Thrift_Server_Storage_asia-japan-east 73397
Put_Azure_asia-japan-east 91457
Put_Thrift_Server_Storage_asia-japan-east 92668
Put_Azure_asia-japan-east 65508
Put_Thrift_Server_Storage_asia-japan-east 66544
Put_Azure_asia-japan-east 62693
Put_Thrift_Server_Storage_asia-japan-east 63887
Put_Azure_asia-japan-east 66722
Put_Thrift_Server_Storage_asia-japan-east 68005
Put_Azure_asia-japan-east 54213
Put_Thrift_Server_Storage_asia-japan-east 55604
Put_Azure_asia-japan-east 68290
Put_Thrift_Server_Storage_asia-japan-east 69561
Put_Azure_asia-japan-east 53689
Put_Thrift_Server_Storage_asia-japan-east 54780
Put_Azure_asia-japan-east 54531
Put_Thrift_Server_Storage_asia-japan-east 55691
Put_Azure_asia-japan-east 52507
Put_Thrift_Server_Storage_asia-japan-east 53529
Put_Azure_asia-japan-east 69870
Put_Thrift_Server_Storage_asia-japan-east 70784
Put_Azure_asia-japan-east 60546
Put_Thrift_Server_Storage_asia-japan-east 61618
Put_Azure_asia-japan-east 62571
Put_Thrift_Server_Storage_asia-japan-east 63914
Put_Azure_asia-japan-east 57310
Put_Thrift_Server_Storage_asia-japan-east 58283
Put_Azure_asia-japan-east 56281
Put_Thrift_Server_Storage_asia-japan-east 57465
Put_Azure_asia-japan-east 80721
Put_Thrift_Server_Storage_asia-japan-east 81817
Put_Azure_asia-japan-east 65446
Put_Thrift_Server_Storage_asia-japan-east 66481
Put_Azure_asia-japan-east 52407
Put_Thrift_Server_Storage_asia-japan-east 53504
Put_Azure_asia-japan-east 57453
Put_Thrift_Server_Storage_asia-japan-east 58326
Put_Azure_asia-japan-east 76802
Put_Thrift_Server_Storage_asia-japan-east 77624
Put_Azure_asia-japan-east 60121
Put_Thrift_Server_Storage_asia-japan-east 60972
Put_Azure_asia-japan-east 50497
Put_Thrift_Server_Storage_asia-japan-east 51570
Put_Azure_asia-japan-east 57884
Put_Thrift_Server_Storage_asia-japan-east 59097
Put_Azure_asia-japan-east 74141
Put_Thrift_Server_Storage_asia-japan-east 75421
Put_Azure_asia-japan-east 57123
Put_Thrift_Server_Storage_asia-japan-east 58240
Put_Azure_asia-japan-east 50599
Put_Thrift_Server_Storage_asia-japan-east 51774
Put_Azure_asia-japan-east 69076
Put_Thrift_Server_Storage_asia-japan-east 70136
Put_Azure_asia-japan-east 70742
Put_Thrift_Server_Storage_asia-japan-east 72144
Put_Azure_asia-japan-east 50096
Put_Thrift_Server_Storage_asia-japan-east 51283
Put_Azure_asia-japan-east 57797
Put_Thrift_Server_Storage_asia-japan-east 58917
Put_Azure_asia-japan-east 58683
Put_Thrift_Server_Storage_asia-japan-east 59762
Put_Azure_asia-japan-east 521676
Put_Thrift_Server_Storage_asia-japan-east 522669
Put_Azure_asia-japan-east 66310
Put_Thrift_Server_Storage_asia-japan-east 67582
Put_Azure_asia-japan-east 160151
Put_Thrift_Server_Storage_asia-japan-east 161392
Put_Azure_asia-japan-east 158690
Put_Thrift_Server_Storage_asia-japan-east 160112
Put_Azure_asia-japan-east 98956
Put_Thrift_Server_Storage_asia-japan-east 100195
Put_Azure_asia-japan-east 73272
Put_Thrift_Server_Storage_asia-japan-east 74435
Put_Azure_asia-japan-east 65739
Put_Thrift_Server_Storage_asia-japan-east 66787
Put_Azure_asia-japan-east 60468
Put_Thrift_Server_Storage_asia-japan-east 61630
Put_Azure_asia-japan-east 66780
Put_Thrift_Server_Storage_asia-japan-east 67729
Put_Azure_asia-japan-east 61637
Put_Thrift_Server_Storage_asia-japan-east 62982
Put_Azure_asia-japan-east 70662
Put_Thrift_Server_Storage_asia-japan-east 71859
Put_Azure_asia-japan-east 61093
Put_Thrift_Server_Storage_asia-japan-east 62143
Put_Azure_asia-japan-east 64985
Put_Thrift_Server_Storage_asia-japan-east 65986
Put_Azure_asia-japan-east 181421
Put_Thrift_Server_Storage_asia-japan-east 182553
Put_Azure_asia-japan-east 57842
Put_Thrift_Server_Storage_asia-japan-east 59121
Put_Azure_asia-japan-east 67542
Put_Thrift_Server_Storage_asia-japan-east 68699
Put_Azure_asia-japan-east 62471
Put_Thrift_Server_Storage_asia-japan-east 63706
Put_Azure_asia-japan-east 80456
Put_Thrift_Server_Storage_asia-japan-east 81828
Put_Azure_asia-japan-east 69298
Put_Thrift_Server_Storage_asia-japan-east 70478
Put_Azure_asia-japan-east 58700
Put_Thrift_Server_Storage_asia-japan-east 59994
Put_Azure_asia-japan-east 51424
Put_Thrift_Server_Storage_asia-japan-east 52831
Put_Azure_asia-japan-east 82492
Put_Thrift_Server_Storage_asia-japan-east 83596
Put_Azure_asia-japan-east 68213
Put_Thrift_Server_Storage_asia-japan-east 69347
Put_Azure_asia-japan-east 292385
Put_Thrift_Server_Storage_asia-japan-east 293406
Put_Azure_asia-japan-east 49762
Put_Thrift_Server_Storage_asia-japan-east 51098
Put_Azure_asia-japan-east 58891
Put_Thrift_Server_Storage_asia-japan-east 59988
Put_Azure_asia-japan-east 62897
Put_Thrift_Server_Storage_asia-japan-east 64169
Put_Azure_asia-japan-east 55528
Put_Thrift_Server_Storage_asia-japan-east 56636
Put_Azure_asia-japan-east 53749
Put_Thrift_Server_Storage_asia-japan-east 54887
Put_Azure_asia-japan-east 67356
Put_Thrift_Server_Storage_asia-japan-east 68514
Put_Azure_asia-japan-east 85330
Put_Thrift_Server_Storage_asia-japan-east 86470
Put_Azure_asia-japan-east 55928
Put_Thrift_Server_Storage_asia-japan-east 57279
Put_Azure_asia-japan-east 59931
Put_Thrift_Server_Storage_asia-japan-east 61091
Put_Azure_asia-japan-east 68825
Put_Thrift_Server_Storage_asia-japan-east 70039
Put_Azure_asia-japan-east 64761
Put_Thrift_Server_Storage_asia-japan-east 65783
Put_Azure_asia-japan-east 60728
Put_Thrift_Server_Storage_asia-japan-east 61666
Put_Azure_asia-japan-east 55431
Put_Thrift_Server_Storage_asia-japan-east 56219
Put_Azure_asia-japan-east 200195
Put_Thrift_Server_Storage_asia-japan-east 201032
Put_Azure_asia-japan-east 60594
Put_Thrift_Server_Storage_asia-japan-east 61489
Put_Azure_asia-japan-east 49286
Put_Thrift_Server_Storage_asia-japan-east 50156
Put_Azure_asia-japan-east 54585
Put_Thrift_Server_Storage_asia-japan-east 55371
Put_Azure_asia-japan-east 53318
Put_Thrift_Server_Storage_asia-japan-east 54180
Put_Azure_asia-japan-east 67525
Put_Thrift_Server_Storage_asia-japan-east 68689
Put_Azure_asia-japan-east 51509
Put_Thrift_Server_Storage_asia-japan-east 52747
Put_Azure_asia-japan-east 49975
Put_Thrift_Server_Storage_asia-japan-east 51120
Put_Azure_asia-japan-east 51218
Put_Thrift_Server_Storage_asia-japan-east 52221
Put_Azure_asia-japan-east 69899
Put_Thrift_Server_Storage_asia-japan-east 70730
Put_Azure_asia-japan-east 79600
Put_Thrift_Server_Storage_asia-japan-east 80714
Put_Azure_asia-japan-east 57697
Put_Thrift_Server_Storage_asia-japan-east 58749
Put_Azure_asia-japan-east 59476
Put_Thrift_Server_Storage_asia-japan-east 60567
Put_Azure_asia-japan-east 335320
Put_Thrift_Server_Storage_asia-japan-east 336319
Put_Azure_asia-japan-east 68728
Put_Thrift_Server_Storage_asia-japan-east 69990
Put_Azure_asia-japan-east 61533
Put_Thrift_Server_Storage_asia-japan-east 62617
Put_Azure_asia-japan-east 58579
Put_Thrift_Server_Storage_asia-japan-east 59861
Put_Azure_asia-japan-east 180825
Put_Thrift_Server_Storage_asia-japan-east 182118
Put_Azure_asia-japan-east 48641
Put_Thrift_Server_Storage_asia-japan-east 49767
Put_Azure_asia-japan-east 52769
Put_Thrift_Server_Storage_asia-japan-east 53886
Put_Azure_asia-japan-east 467612
Put_Thrift_Server_Storage_asia-japan-east 468711
Put_Azure_asia-japan-east 97917
Put_Thrift_Server_Storage_asia-japan-east 99135
Put_Azure_asia-japan-east 53853
Put_Thrift_Server_Storage_asia-japan-east 54977
Put_Azure_asia-japan-east 437342
Put_Thrift_Server_Storage_asia-japan-east 438495
Put_Azure_asia-japan-east 54593
Put_Thrift_Server_Storage_asia-japan-east 55784
Put_Azure_asia-japan-east 66789
Put_Thrift_Server_Storage_asia-japan-east 68037
Put_Azure_asia-japan-east 63481
Put_Thrift_Server_Storage_asia-japan-east 64651
Put_Azure_asia-japan-east 57309
Put_Thrift_Server_Storage_asia-japan-east 58400
Put_Azure_asia-japan-east 49337
Put_Thrift_Server_Storage_asia-japan-east 50278
Put_Azure_asia-japan-east 52866
Put_Thrift_Server_Storage_asia-japan-east 53956
Put_Azure_asia-japan-east 60712
Put_Thrift_Server_Storage_asia-japan-east 61801
Put_Azure_asia-japan-east 54738
Put_Thrift_Server_Storage_asia-japan-east 55723
Put_Azure_asia-japan-east 61851
Put_Thrift_Server_Storage_asia-japan-east 63119
Put_Azure_asia-japan-east 51473
Put_Thrift_Server_Storage_asia-japan-east 52614
Put_Azure_asia-japan-east 57446
Put_Thrift_Server_Storage_asia-japan-east 58720
Put_Azure_asia-japan-east 67166
Put_Thrift_Server_Storage_asia-japan-east 68308
Put_Azure_asia-japan-east 67223
Put_Thrift_Server_Storage_asia-japan-east 68354
Put_Azure_asia-japan-east 68269
Put_Thrift_Server_Storage_asia-japan-east 69437
Put_Azure_asia-japan-east 55628
Put_Thrift_Server_Storage_asia-japan-east 56876
Put_Azure_asia-japan-east 80253
Put_Thrift_Server_Storage_asia-japan-east 81293
Put_Azure_asia-japan-east 67924
Put_Thrift_Server_Storage_asia-japan-east 69334
Put_Azure_asia-japan-east 68670
Put_Thrift_Server_Storage_asia-japan-east 69852
Put_Azure_asia-japan-east 59689
Put_Thrift_Server_Storage_asia-japan-east 61015
Put_Azure_asia-japan-east 60689
Put_Thrift_Server_Storage_asia-japan-east 61910
Put_Azure_asia-japan-east 73445
Put_Thrift_Server_Storage_asia-japan-east 74390
Put_Azure_asia-japan-east 65809
Put_Thrift_Server_Storage_asia-japan-east 66726
Put_Azure_asia-japan-east 70241
Put_Thrift_Server_Storage_asia-japan-east 71636
Put_Azure_asia-japan-east 53311
Put_Thrift_Server_Storage_asia-japan-east 54740
Put_Azure_asia-japan-east 57870
Put_Thrift_Server_Storage_asia-japan-east 59159
Put_Azure_asia-japan-east 61748
Put_Thrift_Server_Storage_asia-japan-east 62871
Put_Azure_asia-japan-east 54186
Put_Thrift_Server_Storage_asia-japan-east 55221
Put_Azure_asia-japan-east 55317
Put_Thrift_Server_Storage_asia-japan-east 56349
Put_Azure_asia-japan-east 57117
Put_Thrift_Server_Storage_asia-japan-east 58148
Put_Azure_asia-japan-east 69123
Put_Thrift_Server_Storage_asia-japan-east 70131
Put_Azure_asia-japan-east 64742
Put_Thrift_Server_Storage_asia-japan-east 66048
Put_Azure_asia-japan-east 56123
Put_Thrift_Server_Storage_asia-japan-east 57189
Put_Azure_asia-japan-east 54896
Put_Thrift_Server_Storage_asia-japan-east 56096
Put_Azure_asia-japan-east 74765
Put_Thrift_Server_Storage_asia-japan-east 75992
Put_Azure_asia-japan-east 123477
Put_Thrift_Server_Storage_asia-japan-east 124771
Put_Azure_asia-japan-east 53763
Put_Thrift_Server_Storage_asia-japan-east 54937
Put_Azure_asia-japan-east 53272
Put_Thrift_Server_Storage_asia-japan-east 54438
Put_Azure_asia-japan-east 67449
Put_Thrift_Server_Storage_asia-japan-east 68649
Put_Azure_asia-japan-east 63291
Put_Thrift_Server_Storage_asia-japan-east 64485
Put_Azure_asia-japan-east 59510
Put_Thrift_Server_Storage_asia-japan-east 60727
Put_Azure_asia-japan-east 52184
Put_Thrift_Server_Storage_asia-japan-east 53006
Put_Azure_asia-japan-east 64598
Put_Thrift_Server_Storage_asia-japan-east 65318
Put_Azure_asia-japan-east 165642
Put_Thrift_Server_Storage_asia-japan-east 166415
Put_Azure_asia-japan-east 61849
Put_Thrift_Server_Storage_asia-japan-east 62726
Put_Azure_asia-japan-east 57509
Put_Thrift_Server_Storage_asia-japan-east 58417
Put_Azure_asia-japan-east 55604
Put_Thrift_Server_Storage_asia-japan-east 56703
Put_Azure_asia-japan-east 66390
Put_Thrift_Server_Storage_asia-japan-east 67522
Put_Azure_asia-japan-east 53715
Put_Thrift_Server_Storage_asia-japan-east 54621
Put_Azure_asia-japan-east 55074
Put_Thrift_Server_Storage_asia-japan-east 56083
Put_Azure_asia-japan-east 52000
Put_Thrift_Server_Storage_asia-japan-east 52817
Put_Azure_asia-japan-east 61069
Put_Thrift_Server_Storage_asia-japan-east 61953
Put_Azure_asia-japan-east 63269
Put_Thrift_Server_Storage_asia-japan-east 64032
Put_Azure_asia-japan-east 75394
Put_Thrift_Server_Storage_asia-japan-east 76240
Put_Azure_asia-japan-east 62447
Put_Thrift_Server_Storage_asia-japan-east 63639
Put_Azure_asia-japan-east 63805
Put_Thrift_Server_Storage_asia-japan-east 65046
Put_Azure_asia-japan-east 71804
Put_Thrift_Server_Storage_asia-japan-east 72632
Put_Azure_asia-japan-east 53423
Put_Thrift_Server_Storage_asia-japan-east 54219
Put_Azure_asia-japan-east 58439
Put_Thrift_Server_Storage_asia-japan-east 59309
Put_Azure_asia-japan-east 71011
Put_Thrift_Server_Storage_asia-japan-east 72047
Put_Azure_asia-japan-east 53084
Put_Thrift_Server_Storage_asia-japan-east 54168
Put_Azure_asia-japan-east 71724
Put_Thrift_Server_Storage_asia-japan-east 72832
Put_Azure_asia-japan-east 56330
Put_Thrift_Server_Storage_asia-japan-east 57451
Put_Azure_asia-japan-east 70412
Put_Thrift_Server_Storage_asia-japan-east 71494
Put_Azure_asia-japan-east 57932
Put_Thrift_Server_Storage_asia-japan-east 59098
Put_Azure_asia-japan-east 64389
Put_Thrift_Server_Storage_asia-japan-east 65467
Put_Azure_asia-japan-east 57946
Put_Thrift_Server_Storage_asia-japan-east 59165
Put_Azure_asia-japan-east 66580
Put_Thrift_Server_Storage_asia-japan-east 67846
Put_Azure_asia-japan-east 49078
Put_Thrift_Server_Storage_asia-japan-east 50041
Put_Azure_asia-japan-east 64564
Put_Thrift_Server_Storage_asia-japan-east 65711
Put_Azure_asia-japan-east 56684
Put_Thrift_Server_Storage_asia-japan-east 57818
Put_Azure_asia-japan-east 56730
Put_Thrift_Server_Storage_asia-japan-east 57735
Put_Azure_asia-japan-east 61393
Put_Thrift_Server_Storage_asia-japan-east 62405
Put_Azure_asia-japan-east 52450
Put_Thrift_Server_Storage_asia-japan-east 53264
Put_Azure_asia-japan-east 52537
Put_Thrift_Server_Storage_asia-japan-east 53407
Put_Azure_asia-japan-east 64537
Put_Thrift_Server_Storage_asia-japan-east 65580
Put_Azure_asia-japan-east 50662
Put_Thrift_Server_Storage_asia-japan-east 51884
Put_Azure_asia-japan-east 62290
Put_Thrift_Server_Storage_asia-japan-east 63393
Put_Azure_asia-japan-east 52207
Put_Thrift_Server_Storage_asia-japan-east 53158
Put_Azure_asia-japan-east 54611
Put_Thrift_Server_Storage_asia-japan-east 55895
Put_Azure_asia-japan-east 56409
Put_Thrift_Server_Storage_asia-japan-east 57538
Put_Azure_asia-japan-east 68840
Put_Thrift_Server_Storage_asia-japan-east 70069
Put_Azure_asia-japan-east 67904
Put_Thrift_Server_Storage_asia-japan-east 69807
Put_Azure_asia-japan-east 216400
Put_Thrift_Server_Storage_asia-japan-east 217208
Put_Azure_asia-japan-east 74987
Put_Thrift_Server_Storage_asia-japan-east 76067
Put_Azure_asia-japan-east 63232
Put_Thrift_Server_Storage_asia-japan-east 64132
Put_Azure_asia-japan-east 68616
Put_Thrift_Server_Storage_asia-japan-east 69395
Put_Azure_asia-japan-east 54235
Put_Thrift_Server_Storage_asia-japan-east 54965
Put_Azure_asia-japan-east 50915
Put_Thrift_Server_Storage_asia-japan-east 51705
Put_Azure_asia-japan-east 53350
Put_Thrift_Server_Storage_asia-japan-east 54601
Put_Azure_asia-japan-east 53490
Put_Thrift_Server_Storage_asia-japan-east 54760
Put_Azure_asia-japan-east 64258
Put_Thrift_Server_Storage_asia-japan-east 65314
Put_Azure_asia-japan-east 50097
Put_Thrift_Server_Storage_asia-japan-east 51123
Put_Azure_asia-japan-east 51569
Put_Thrift_Server_Storage_asia-japan-east 52992
Put_Azure_asia-japan-east 54730
Put_Thrift_Server_Storage_asia-japan-east 55796
Put_Azure_asia-japan-east 69218
Put_Thrift_Server_Storage_asia-japan-east 70279
Put_Azure_asia-japan-east 64313
Put_Thrift_Server_Storage_asia-japan-east 65712
Put_Azure_asia-japan-east 60789
Put_Thrift_Server_Storage_asia-japan-east 61585
Put_Azure_asia-japan-east 62891
Put_Thrift_Server_Storage_asia-japan-east 63737
Put_Azure_asia-japan-east 63369
Put_Thrift_Server_Storage_asia-japan-east 64756
Put_Azure_asia-japan-east 57019
Put_Thrift_Server_Storage_asia-japan-east 58190
Put_Azure_asia-japan-east 55310
Put_Thrift_Server_Storage_asia-japan-east 56330
Put_Azure_asia-japan-east 59444
Put_Thrift_Server_Storage_asia-japan-east 60286
Put_Azure_asia-japan-east 69826
Put_Thrift_Server_Storage_asia-japan-east 70655
Put_Azure_asia-japan-east 77007
Put_Thrift_Server_Storage_asia-japan-east 78045
Put_Azure_asia-japan-east 65975
Put_Thrift_Server_Storage_asia-japan-east 66843
Put_Azure_asia-japan-east 59480
Put_Thrift_Server_Storage_asia-japan-east 60595
Put_Azure_asia-japan-east 87747
Put_Thrift_Server_Storage_asia-japan-east 88935
Put_Azure_asia-japan-east 131713
Put_Thrift_Server_Storage_asia-japan-east 132853
Put_Azure_asia-japan-east 79267
Put_Thrift_Server_Storage_asia-japan-east 80349
Put_Azure_asia-japan-east 59401
Put_Thrift_Server_Storage_asia-japan-east 60585
Put_Azure_asia-japan-east 69679
Put_Thrift_Server_Storage_asia-japan-east 71010
Put_Azure_asia-japan-east 70054
Put_Thrift_Server_Storage_asia-japan-east 71102
Put_Azure_asia-japan-east 52751
Put_Thrift_Server_Storage_asia-japan-east 53967
Put_Azure_asia-japan-east 55630
Put_Thrift_Server_Storage_asia-japan-east 56909
Put_Azure_asia-japan-east 54758
Put_Thrift_Server_Storage_asia-japan-east 55981
Put_Azure_asia-japan-east 58739
Put_Thrift_Server_Storage_asia-japan-east 59877
Put_Azure_asia-japan-east 106482
Put_Thrift_Server_Storage_asia-japan-east 107508
Put_Azure_asia-japan-east 54879
Put_Thrift_Server_Storage_asia-japan-east 55841
Put_Azure_asia-japan-east 54517
Put_Thrift_Server_Storage_asia-japan-east 55375
Put_Azure_asia-japan-east 143362
Put_Thrift_Server_Storage_asia-japan-east 144351
Put_Azure_asia-japan-east 63111
Put_Thrift_Server_Storage_asia-japan-east 64074
Put_Azure_asia-japan-east 100284
Put_Thrift_Server_Storage_asia-japan-east 101378
Put_Azure_asia-japan-east 69693
Put_Thrift_Server_Storage_asia-japan-east 70915
Put_Azure_asia-japan-east 58386
Put_Thrift_Server_Storage_asia-japan-east 59685
Put_Azure_asia-japan-east 188621
Put_Thrift_Server_Storage_asia-japan-east 189841
Put_Azure_asia-japan-east 57793
Put_Thrift_Server_Storage_asia-japan-east 59060
Put_Azure_asia-japan-east 55396
Put_Thrift_Server_Storage_asia-japan-east 56482
Put_Azure_asia-japan-east 80785
Put_Thrift_Server_Storage_asia-japan-east 81711
Put_Azure_asia-japan-east 70127
Put_Thrift_Server_Storage_asia-japan-east 71212
Put_Azure_asia-japan-east 60519
Put_Thrift_Server_Storage_asia-japan-east 61501
Put_Azure_asia-japan-east 61804
Put_Thrift_Server_Storage_asia-japan-east 62910
Put_Azure_asia-japan-east 54928
Put_Thrift_Server_Storage_asia-japan-east 56171
Put_Azure_asia-japan-east 89943
Put_Thrift_Server_Storage_asia-japan-east 91161
Put_Azure_asia-japan-east 54282
Put_Thrift_Server_Storage_asia-japan-east 55491
Put_Azure_asia-japan-east 91616
Put_Thrift_Server_Storage_asia-japan-east 92691
Put_Azure_asia-japan-east 175124
Put_Thrift_Server_Storage_asia-japan-east 176183
Put_Azure_asia-japan-east 69004
Put_Thrift_Server_Storage_asia-japan-east 70161
Put_Azure_asia-japan-east 54235
Put_Thrift_Server_Storage_asia-japan-east 55392
Put_Azure_asia-japan-east 62698
Put_Thrift_Server_Storage_asia-japan-east 63783
Put_Azure_asia-japan-east 56621
Put_Thrift_Server_Storage_asia-japan-east 57703
Put_Azure_asia-japan-east 66906
Put_Thrift_Server_Storage_asia-japan-east 67812
Put_Azure_asia-japan-east 52879
Put_Thrift_Server_Storage_asia-japan-east 53767
Put_Azure_asia-japan-east 53064
Put_Thrift_Server_Storage_asia-japan-east 54134
Put_Azure_asia-japan-east 65720
Put_Thrift_Server_Storage_asia-japan-east 67021
Put_Azure_asia-japan-east 58527
Put_Thrift_Server_Storage_asia-japan-east 59584
Put_Azure_asia-japan-east 69492
Put_Thrift_Server_Storage_asia-japan-east 70500
Put_Azure_asia-japan-east 58346
Put_Thrift_Server_Storage_asia-japan-east 59407
Put_Azure_asia-japan-east 75801
Put_Thrift_Server_Storage_asia-japan-east 76909
Put_Azure_asia-japan-east 55861
Put_Thrift_Server_Storage_asia-japan-east 56842
Put_Azure_asia-japan-east 64524
Put_Thrift_Server_Storage_asia-japan-east 65590
Put_Azure_asia-japan-east 49337
Put_Thrift_Server_Storage_asia-japan-east 50496
Put_Azure_asia-japan-east 112566
Put_Thrift_Server_Storage_asia-japan-east 113835
Put_Azure_asia-japan-east 61748
Put_Thrift_Server_Storage_asia-japan-east 62619
Put_Azure_asia-japan-east 67205
Put_Thrift_Server_Storage_asia-japan-east 68114
Put_Azure_asia-japan-east 54013
Put_Thrift_Server_Storage_asia-japan-east 54979
Put_Azure_asia-japan-east 54109
Put_Thrift_Server_Storage_asia-japan-east 55042
Put_Azure_asia-japan-east 60087
Put_Thrift_Server_Storage_asia-japan-east 60857
Put_Azure_asia-japan-east 63556
Put_Thrift_Server_Storage_asia-japan-east 64413
Put_Azure_asia-japan-east 53874
Put_Thrift_Server_Storage_asia-japan-east 55069
Put_Azure_asia-japan-east 66445
Put_Thrift_Server_Storage_asia-japan-east 67655
Put_Azure_asia-japan-east 55241
Put_Thrift_Server_Storage_asia-japan-east 56412
Put_Azure_asia-japan-east 53237
Put_Thrift_Server_Storage_asia-japan-east 54403
Put_Azure_asia-japan-east 66066
Put_Thrift_Server_Storage_asia-japan-east 67148
Put_Azure_asia-japan-east 51086
Put_Thrift_Server_Storage_asia-japan-east 52290
Put_Azure_asia-japan-east 54018
Put_Thrift_Server_Storage_asia-japan-east 55102
Put_Azure_asia-japan-east 56079
Put_Thrift_Server_Storage_asia-japan-east 56940
Put_Azure_asia-japan-east 51942
Put_Thrift_Server_Storage_asia-japan-east 53018
Put_Azure_asia-japan-east 71749
Put_Thrift_Server_Storage_asia-japan-east 72826
Put_Azure_asia-japan-east 67682
Put_Thrift_Server_Storage_asia-japan-east 68808
Put_Azure_asia-japan-east 67730
Put_Thrift_Server_Storage_asia-japan-east 68662
Put_Azure_asia-japan-east 49535
Put_Thrift_Server_Storage_asia-japan-east 50519
Put_Azure_asia-japan-east 63623
Put_Thrift_Server_Storage_asia-japan-east 64772
Put_Azure_asia-japan-east 70963
Put_Thrift_Server_Storage_asia-japan-east 71888
Put_Azure_asia-japan-east 76494
Put_Thrift_Server_Storage_asia-japan-east 77664
Put_Azure_asia-japan-east 64560
Put_Thrift_Server_Storage_asia-japan-east 65568
Put_Azure_asia-japan-east 68303
Put_Thrift_Server_Storage_asia-japan-east 69466
Put_Azure_asia-japan-east 63700
Put_Thrift_Server_Storage_asia-japan-east 64710
Put_Azure_asia-japan-east 51767
Put_Thrift_Server_Storage_asia-japan-east 52867
Put_Azure_asia-japan-east 55688
Put_Thrift_Server_Storage_asia-japan-east 56802
Put_Azure_asia-japan-east 57130
Put_Thrift_Server_Storage_asia-japan-east 58123
Put_Azure_asia-japan-east 68592
Put_Thrift_Server_Storage_asia-japan-east 69729
Put_Azure_asia-japan-east 54397
Put_Thrift_Server_Storage_asia-japan-east 55446
Put_Azure_asia-japan-east 678769
Put_Thrift_Server_Storage_asia-japan-east 680032
Put_Azure_asia-japan-east 51499
Put_Thrift_Server_Storage_asia-japan-east 52770
Put_Azure_asia-japan-east 58395
Put_Thrift_Server_Storage_asia-japan-east 59179
Put_Azure_asia-japan-east 64598
Put_Thrift_Server_Storage_asia-japan-east 65473
Put_Azure_asia-japan-east 362283
Put_Thrift_Server_Storage_asia-japan-east 363234
Put_Azure_asia-japan-east 51664
Put_Thrift_Server_Storage_asia-japan-east 52737
Put_Azure_asia-japan-east 54636
Put_Thrift_Server_Storage_asia-japan-east 55487
Put_Azure_asia-japan-east 58072
Put_Thrift_Server_Storage_asia-japan-east 58853
Put_Azure_asia-japan-east 73169
Put_Thrift_Server_Storage_asia-japan-east 73955
Put_Azure_asia-japan-east 55884
Put_Thrift_Server_Storage_asia-japan-east 57033
Put_Azure_asia-japan-east 49994
Put_Thrift_Server_Storage_asia-japan-east 51123
Put_Azure_asia-japan-east 61748
Put_Thrift_Server_Storage_asia-japan-east 62887
Put_Azure_asia-japan-east 74795
Put_Thrift_Server_Storage_asia-japan-east 75827
Put_Azure_asia-japan-east 52860
Put_Thrift_Server_Storage_asia-japan-east 54027
Put_Azure_asia-japan-east 57746
Put_Thrift_Server_Storage_asia-japan-east 58845
Put_Azure_asia-japan-east 61682
Put_Thrift_Server_Storage_asia-japan-east 62832
Put_Azure_asia-japan-east 59182
Put_Thrift_Server_Storage_asia-japan-east 60311
Put_Azure_asia-japan-east 55214
Put_Thrift_Server_Storage_asia-japan-east 56411
Put_Azure_asia-japan-east 60283
Put_Thrift_Server_Storage_asia-japan-east 61448
Put_Azure_asia-japan-east 59551
Put_Thrift_Server_Storage_asia-japan-east 60842
Put_Azure_asia-japan-east 62494
Put_Thrift_Server_Storage_asia-japan-east 63744
Put_Azure_asia-japan-east 51638
Put_Thrift_Server_Storage_asia-japan-east 52769
Put_Azure_asia-japan-east 49777
Put_Thrift_Server_Storage_asia-japan-east 50895
Put_Azure_asia-japan-east 58715
Put_Thrift_Server_Storage_asia-japan-east 59789
Put_Azure_asia-japan-east 73719
Put_Thrift_Server_Storage_asia-japan-east 74813
Put_Azure_asia-japan-east 56205
Put_Thrift_Server_Storage_asia-japan-east 57311
Put_Azure_asia-japan-east 106777
Put_Thrift_Server_Storage_asia-japan-east 107694
Put_Azure_asia-japan-east 57160
Put_Thrift_Server_Storage_asia-japan-east 58155
Put_Azure_asia-japan-east 63873
Put_Thrift_Server_Storage_asia-japan-east 65052
Put_Azure_asia-japan-east 53828
Put_Thrift_Server_Storage_asia-japan-east 54886
Put_Azure_asia-japan-east 72554
Put_Thrift_Server_Storage_asia-japan-east 73709
Put_Azure_asia-japan-east 54126
Put_Thrift_Server_Storage_asia-japan-east 55321
Put_Azure_asia-japan-east 63500
Put_Thrift_Server_Storage_asia-japan-east 64791
Put_Azure_asia-japan-east 61244
Put_Thrift_Server_Storage_asia-japan-east 62352
Put_Azure_asia-japan-east 56345
Put_Thrift_Server_Storage_asia-japan-east 57463
Put_Azure_asia-japan-east 65042
Put_Thrift_Server_Storage_asia-japan-east 66169
Put_Azure_asia-japan-east 53292
Put_Thrift_Server_Storage_asia-japan-east 54186
Put_Azure_asia-japan-east 57910
Put_Thrift_Server_Storage_asia-japan-east 59203
Put_Azure_asia-japan-east 58236
Put_Thrift_Server_Storage_asia-japan-east 59666
Put_Azure_asia-japan-east 69562
Put_Thrift_Server_Storage_asia-japan-east 70879
Put_Azure_asia-japan-east 65857
Put_Thrift_Server_Storage_asia-japan-east 67059
Put_Azure_asia-japan-east 50869
Put_Thrift_Server_Storage_asia-japan-east 52109
Put_Azure_asia-japan-east 54776
Put_Thrift_Server_Storage_asia-japan-east 55922
Put_Azure_asia-japan-east 166962
Put_Thrift_Server_Storage_asia-japan-east 168017
Put_Azure_asia-japan-east 72080
Put_Thrift_Server_Storage_asia-japan-east 73226
Put_Azure_asia-japan-east 58880
Put_Thrift_Server_Storage_asia-japan-east 59771
Put_Azure_asia-japan-east 148114
Put_Thrift_Server_Storage_asia-japan-east 149124
Put_Azure_asia-japan-east 156571
Put_Thrift_Server_Storage_asia-japan-east 157651
Put_Azure_asia-japan-east 55323
Put_Thrift_Server_Storage_asia-japan-east 56704
Put_Azure_asia-japan-east 67274
Put_Thrift_Server_Storage_asia-japan-east 68582
Put_Azure_asia-japan-east 88132
Put_Thrift_Server_Storage_asia-japan-east 89349
Put_Azure_asia-japan-east 59839
Put_Thrift_Server_Storage_asia-japan-east 61159
Put_Azure_asia-japan-east 53969
Put_Thrift_Server_Storage_asia-japan-east 55261
Put_Azure_asia-japan-east 66037
Put_Thrift_Server_Storage_asia-japan-east 67211
Put_Azure_asia-japan-east 50029
Put_Thrift_Server_Storage_asia-japan-east 51202
Put_Azure_asia-japan-east 51721
Put_Thrift_Server_Storage_asia-japan-east 52862
Put_Azure_asia-japan-east 70161
Put_Thrift_Server_Storage_asia-japan-east 71230
Put_Azure_asia-japan-east 129470
Put_Thrift_Server_Storage_asia-japan-east 130566
Put_Azure_asia-japan-east 64548
Put_Thrift_Server_Storage_asia-japan-east 65697
Put_Azure_asia-japan-east 70565
Put_Thrift_Server_Storage_asia-japan-east 71852
Put_Azure_asia-japan-east 66109
Put_Thrift_Server_Storage_asia-japan-east 67223
Put_Azure_asia-japan-east 52094
Put_Thrift_Server_Storage_asia-japan-east 53330
Put_Azure_asia-japan-east 51898
Put_Thrift_Server_Storage_asia-japan-east 53062
Put_Azure_asia-japan-east 55929
Put_Thrift_Server_Storage_asia-japan-east 57029
Put_Azure_asia-japan-east 55460
Put_Thrift_Server_Storage_asia-japan-east 56615
Put_Azure_asia-japan-east 64768
Put_Thrift_Server_Storage_asia-japan-east 65852
Put_Azure_asia-japan-east 49719
Put_Thrift_Server_Storage_asia-japan-east 50553
Put_Azure_asia-japan-east 51037
Put_Thrift_Server_Storage_asia-japan-east 51992
Put_Azure_asia-japan-east 50158
Put_Thrift_Server_Storage_asia-japan-east 51245
Put_Azure_asia-japan-east 66181
Put_Thrift_Server_Storage_asia-japan-east 67063
Put_Azure_asia-japan-east 55744
Put_Thrift_Server_Storage_asia-japan-east 56878
Put_Azure_asia-japan-east 51677
Put_Thrift_Server_Storage_asia-japan-east 52725
Put_Azure_asia-japan-east 54902
Put_Thrift_Server_Storage_asia-japan-east 55994
Put_Azure_asia-japan-east 54210
Put_Thrift_Server_Storage_asia-japan-east 55341
Put_Azure_asia-japan-east 84510
Put_Thrift_Server_Storage_asia-japan-east 85595
Put_Azure_asia-japan-east 67669
Put_Thrift_Server_Storage_asia-japan-east 68834
Put_Azure_asia-japan-east 62928
Put_Thrift_Server_Storage_asia-japan-east 64010
Put_Azure_asia-japan-east 57041
Put_Thrift_Server_Storage_asia-japan-east 58142
Put_Azure_asia-japan-east 63339
Put_Thrift_Server_Storage_asia-japan-east 64345
Put_Azure_asia-japan-east 50664
Put_Thrift_Server_Storage_asia-japan-east 51630
Put_Azure_asia-japan-east 55268
Put_Thrift_Server_Storage_asia-japan-east 56198
Put_Azure_asia-japan-east 51869
Put_Thrift_Server_Storage_asia-japan-east 52797
Put_Azure_asia-japan-east 59829
Put_Thrift_Server_Storage_asia-japan-east 60769
Put_Azure_asia-japan-east 64740
Put_Thrift_Server_Storage_asia-japan-east 65665
Put_Azure_asia-japan-east 70436
Put_Thrift_Server_Storage_asia-japan-east 71466
Put_Azure_asia-japan-east 66796
Put_Thrift_Server_Storage_asia-japan-east 68018
Put_Azure_asia-japan-east 347474
Put_Thrift_Server_Storage_asia-japan-east 348534
Put_Azure_asia-japan-east 52648
Put_Thrift_Server_Storage_asia-japan-east 53726
Put_Azure_asia-japan-east 62288
Put_Thrift_Server_Storage_asia-japan-east 63345
Put_Azure_asia-japan-east 50129
Put_Thrift_Server_Storage_asia-japan-east 51372
Put_Azure_asia-japan-east 57858
Put_Thrift_Server_Storage_asia-japan-east 58736
Put_Azure_asia-japan-east 54275
Put_Thrift_Server_Storage_asia-japan-east 55137
Put_Azure_asia-japan-east 52419
Put_Thrift_Server_Storage_asia-japan-east 53665
Put_Azure_asia-japan-east 62384
Put_Thrift_Server_Storage_asia-japan-east 63626
Put_Azure_asia-japan-east 51359
Put_Thrift_Server_Storage_asia-japan-east 52342
Put_Azure_asia-japan-east 52635
Put_Thrift_Server_Storage_asia-japan-east 53750
Put_Azure_asia-japan-east 64079
Put_Thrift_Server_Storage_asia-japan-east 65118
Put_Azure_asia-japan-east 51386
Put_Thrift_Server_Storage_asia-japan-east 52580
Put_Azure_asia-japan-east 53224
Put_Thrift_Server_Storage_asia-japan-east 54448
Put_Azure_asia-japan-east 65183
Put_Thrift_Server_Storage_asia-japan-east 66228
Put_Azure_asia-japan-east 133908
Put_Thrift_Server_Storage_asia-japan-east 134930
Put_Azure_asia-japan-east 52487
Put_Thrift_Server_Storage_asia-japan-east 53710
Put_Azure_asia-japan-east 55282
Put_Thrift_Server_Storage_asia-japan-east 56541
Put_Azure_asia-japan-east 61833
Put_Thrift_Server_Storage_asia-japan-east 63028
Put_Azure_asia-japan-east 180750
Put_Thrift_Server_Storage_asia-japan-east 182242
Put_Azure_asia-japan-east 62702
Put_Thrift_Server_Storage_asia-japan-east 64097
Put_Azure_asia-japan-east 65527
Put_Thrift_Server_Storage_asia-japan-east 70110
Put_Azure_asia-japan-east 62880
Put_Thrift_Server_Storage_asia-japan-east 64149
Put_Azure_asia-japan-east 53003
Put_Thrift_Server_Storage_asia-japan-east 54058
Put_Azure_asia-japan-east 66358
Put_Thrift_Server_Storage_asia-japan-east 67465
Put_Azure_asia-japan-east 64203
Put_Thrift_Server_Storage_asia-japan-east 65335
Put_Azure_asia-japan-east 56536
Put_Thrift_Server_Storage_asia-japan-east 57642
Put_Azure_asia-japan-east 79507
Put_Thrift_Server_Storage_asia-japan-east 80728
Put_Azure_asia-japan-east 67360
Put_Thrift_Server_Storage_asia-japan-east 68459
Put_Azure_asia-japan-east 59199
Put_Thrift_Server_Storage_asia-japan-east 60389
Put_Azure_asia-japan-east 51026
Put_Thrift_Server_Storage_asia-japan-east 52040
Put_Azure_asia-japan-east 65735
Put_Thrift_Server_Storage_asia-japan-east 67579
Put_Azure_asia-japan-east 56628
Put_Thrift_Server_Storage_asia-japan-east 58000
Put_Azure_asia-japan-east 55931
Put_Thrift_Server_Storage_asia-japan-east 57274
Put_Azure_asia-japan-east 57809
Put_Thrift_Server_Storage_asia-japan-east 59149
Put_Azure_asia-japan-east 68913
Put_Thrift_Server_Storage_asia-japan-east 70155
Put_Azure_asia-japan-east 71736
Put_Thrift_Server_Storage_asia-japan-east 72966
Put_Azure_asia-japan-east 68158
Put_Thrift_Server_Storage_asia-japan-east 69394
Put_Azure_asia-japan-east 61655
Put_Thrift_Server_Storage_asia-japan-east 62969
Put_Azure_asia-japan-east 55785
Put_Thrift_Server_Storage_asia-japan-east 56959
Put_Azure_asia-japan-east 70568
Put_Thrift_Server_Storage_asia-japan-east 71702
Put_Azure_asia-japan-east 51423
Put_Thrift_Server_Storage_asia-japan-east 52263
Put_Azure_asia-japan-east 75582
Put_Thrift_Server_Storage_asia-japan-east 76471
Put_Azure_asia-japan-east 69071
Put_Thrift_Server_Storage_asia-japan-east 69972
Put_Azure_asia-japan-east 73329
Put_Thrift_Server_Storage_asia-japan-east 74413
Put_Azure_asia-japan-east 54417
Put_Thrift_Server_Storage_asia-japan-east 55812
Put_Azure_asia-japan-east 58258
Put_Thrift_Server_Storage_asia-japan-east 59379
Put_Azure_asia-japan-east 144766
Put_Thrift_Server_Storage_asia-japan-east 146066
Put_Azure_asia-japan-east 63968
Put_Thrift_Server_Storage_asia-japan-east 65259
Put_Azure_asia-japan-east 59556
Put_Thrift_Server_Storage_asia-japan-east 60592
Put_Azure_asia-japan-east 62928
Put_Thrift_Server_Storage_asia-japan-east 64038
Put_Azure_asia-japan-east 59694
Put_Thrift_Server_Storage_asia-japan-east 60823
Put_Azure_asia-japan-east 65602
Put_Thrift_Server_Storage_asia-japan-east 66722
Put_Azure_asia-japan-east 59335
Put_Thrift_Server_Storage_asia-japan-east 60277
Put_Azure_asia-japan-east 203190
Put_Thrift_Server_Storage_asia-japan-east 204289
Put_Azure_asia-japan-east 67149
Put_Thrift_Server_Storage_asia-japan-east 68374
Put_Azure_asia-japan-east 67753
Put_Thrift_Server_Storage_asia-japan-east 68897
Put_Azure_asia-japan-east 51399
Put_Thrift_Server_Storage_asia-japan-east 52509
Put_Azure_asia-japan-east 60122
Put_Thrift_Server_Storage_asia-japan-east 61267
Put_Azure_asia-japan-east 67547
Put_Thrift_Server_Storage_asia-japan-east 68471
Put_Azure_asia-japan-east 54920
Put_Thrift_Server_Storage_asia-japan-east 56094
Put_Azure_asia-japan-east 52101
Put_Thrift_Server_Storage_asia-japan-east 53173
Put_Azure_asia-japan-east 68166
Put_Thrift_Server_Storage_asia-japan-east 69284
Put_Azure_asia-japan-east 58055
Put_Thrift_Server_Storage_asia-japan-east 59451
Put_Azure_asia-japan-east 66469
Put_Thrift_Server_Storage_asia-japan-east 67568
Put_Azure_asia-japan-east 54927
Put_Thrift_Server_Storage_asia-japan-east 56073
Put_Azure_asia-japan-east 62638
Put_Thrift_Server_Storage_asia-japan-east 63611
Put_Azure_asia-japan-east 56541
Put_Thrift_Server_Storage_asia-japan-east 57545
Put_Azure_asia-japan-east 78183
Put_Thrift_Server_Storage_asia-japan-east 79205
Put_Azure_asia-japan-east 56699
Put_Thrift_Server_Storage_asia-japan-east 57953
Put_Azure_asia-japan-east 57403
Put_Thrift_Server_Storage_asia-japan-east 58744
Put_Azure_asia-japan-east 51639
Put_Thrift_Server_Storage_asia-japan-east 52683
Put_Azure_asia-japan-east 70143
Put_Thrift_Server_Storage_asia-japan-east 71398
Put_Azure_asia-japan-east 49810
Put_Thrift_Server_Storage_asia-japan-east 50702
Put_Azure_asia-japan-east 50497
Put_Thrift_Server_Storage_asia-japan-east 51616
Put_Azure_asia-japan-east 51319
Put_Thrift_Server_Storage_asia-japan-east 52435
Put_Azure_asia-japan-east 72813
Put_Thrift_Server_Storage_asia-japan-east 73983
Put_Azure_asia-japan-east 56601
Put_Thrift_Server_Storage_asia-japan-east 57783
Put_Azure_asia-japan-east 54549
Put_Thrift_Server_Storage_asia-japan-east 55619
Put_Azure_asia-japan-east 59851
Put_Thrift_Server_Storage_asia-japan-east 60981
Put_Azure_asia-japan-east 68750
Put_Thrift_Server_Storage_asia-japan-east 69876
Put_Azure_asia-japan-east 55167
Put_Thrift_Server_Storage_asia-japan-east 56382
Put_Azure_asia-japan-east 58646
Put_Thrift_Server_Storage_asia-japan-east 59846
Put_Azure_asia-japan-east 58483
Put_Thrift_Server_Storage_asia-japan-east 59488
Put_Azure_asia-japan-east 67266
Put_Thrift_Server_Storage_asia-japan-east 68421
Put_Azure_asia-japan-east 54520
Put_Thrift_Server_Storage_asia-japan-east 55671
Put_Azure_asia-japan-east 49037
Put_Thrift_Server_Storage_asia-japan-east 50004
Put_Azure_asia-japan-east 53475
Put_Thrift_Server_Storage_asia-japan-east 54554
Put_Azure_asia-japan-east 67957
Put_Thrift_Server_Storage_asia-japan-east 69161
Put_Azure_asia-japan-east 49951
Put_Thrift_Server_Storage_asia-japan-east 50969
Put_Azure_asia-japan-east 59228
Put_Thrift_Server_Storage_asia-japan-east 60387
Put_Azure_asia-japan-east 50933
Put_Thrift_Server_Storage_asia-japan-east 52033
Put_Azure_asia-japan-east 54802
Put_Thrift_Server_Storage_asia-japan-east 55791
Put_Azure_asia-japan-east 64108
Put_Thrift_Server_Storage_asia-japan-east 65159
Put_Azure_asia-japan-east 53078
Put_Thrift_Server_Storage_asia-japan-east 54128
Put_Azure_asia-japan-east 50405
Put_Thrift_Server_Storage_asia-japan-east 51618
Put_Azure_asia-japan-east 60583
Put_Thrift_Server_Storage_asia-japan-east 61738
Put_Azure_asia-japan-east 69628
Put_Thrift_Server_Storage_asia-japan-east 70462
Put_Azure_asia-japan-east 67397
Put_Thrift_Server_Storage_asia-japan-east 68342
Put_Azure_asia-japan-east 62966
Put_Thrift_Server_Storage_asia-japan-east 63784
Put_Azure_asia-japan-east 47840
Put_Thrift_Server_Storage_asia-japan-east 48808
Put_Azure_asia-japan-east 55279
Put_Thrift_Server_Storage_asia-japan-east 56320
Put_Azure_asia-japan-east 77401
Put_Thrift_Server_Storage_asia-japan-east 78573
Put_Azure_asia-japan-east 57944
Put_Thrift_Server_Storage_asia-japan-east 59053
Put_Azure_asia-japan-east 75122
Put_Thrift_Server_Storage_asia-japan-east 76206
Put_Azure_asia-japan-east 74668
Put_Thrift_Server_Storage_asia-japan-east 75847
Put_Azure_asia-japan-east 71825
Put_Thrift_Server_Storage_asia-japan-east 72898
Put_Azure_asia-japan-east 65058
Put_Thrift_Server_Storage_asia-japan-east 66196
Put_Azure_asia-japan-east 51637
Put_Thrift_Server_Storage_asia-japan-east 52669
Put_Azure_asia-japan-east 58562
Put_Thrift_Server_Storage_asia-japan-east 59554
Put_Azure_asia-japan-east 73435
Put_Thrift_Server_Storage_asia-japan-east 74424
Put_Azure_asia-japan-east 73750
Put_Thrift_Server_Storage_asia-japan-east 74727
Put_Azure_asia-japan-east 94564
Put_Thrift_Server_Storage_asia-japan-east 95390
Put_Azure_asia-japan-east 57010
Put_Thrift_Server_Storage_asia-japan-east 58050
Put_Azure_asia-japan-east 65545
Put_Thrift_Server_Storage_asia-japan-east 66768
Put_Azure_asia-japan-east 87144
Put_Thrift_Server_Storage_asia-japan-east 88224
Put_Azure_asia-japan-east 80452
Put_Thrift_Server_Storage_asia-japan-east 81689
Put_Azure_asia-japan-east 64939
Put_Thrift_Server_Storage_asia-japan-east 66154
Put_Azure_asia-japan-east 61819
Put_Thrift_Server_Storage_asia-japan-east 62955
Put_Azure_asia-japan-east 60573
Put_Thrift_Server_Storage_asia-japan-east 61718
Put_Azure_asia-japan-east 67420
Put_Thrift_Server_Storage_asia-japan-east 68747
Put_Azure_asia-japan-east 63269
Put_Thrift_Server_Storage_asia-japan-east 64352
Put_Azure_asia-japan-east 68232
Put_Thrift_Server_Storage_asia-japan-east 69400
Put_Azure_asia-japan-east 66485
Put_Thrift_Server_Storage_asia-japan-east 67656
Put_Azure_asia-japan-east 77483
Put_Thrift_Server_Storage_asia-japan-east 78632
Put_Azure_asia-japan-east 56157
Put_Thrift_Server_Storage_asia-japan-east 57260
Put_Azure_asia-japan-east 55177
Put_Thrift_Server_Storage_asia-japan-east 56250
Put_Azure_asia-japan-east 51767
Put_Thrift_Server_Storage_asia-japan-east 52871
Put_Azure_asia-japan-east 67675
Put_Thrift_Server_Storage_asia-japan-east 68804
Put_Azure_asia-japan-east 64028
Put_Thrift_Server_Storage_asia-japan-east 65025
Put_Azure_asia-japan-east 57500
Put_Thrift_Server_Storage_asia-japan-east 58519
Put_Azure_asia-japan-east 56086
Put_Thrift_Server_Storage_asia-japan-east 57067
Put_Azure_asia-japan-east 54142
Put_Thrift_Server_Storage_asia-japan-east 55166
Put_Azure_asia-japan-east 69450
Put_Thrift_Server_Storage_asia-japan-east 70480
Put_Azure_asia-japan-east 49791
Put_Thrift_Server_Storage_asia-japan-east 50802
Put_Azure_asia-japan-east 53753
Put_Thrift_Server_Storage_asia-japan-east 54690
Put_Azure_asia-japan-east 56244
Put_Thrift_Server_Storage_asia-japan-east 57500
Put_Azure_asia-japan-east 56320
Put_Thrift_Server_Storage_asia-japan-east 57171
Put_Azure_asia-japan-east 154386
Put_Thrift_Server_Storage_asia-japan-east 155185
Put_Azure_asia-japan-east 54402
Put_Thrift_Server_Storage_asia-japan-east 55224
Put_Azure_asia-japan-east 98572
Put_Thrift_Server_Storage_asia-japan-east 99921
Put_Azure_asia-japan-east 71336
Put_Thrift_Server_Storage_asia-japan-east 72485
Put_Azure_asia-japan-east 56716
Put_Thrift_Server_Storage_asia-japan-east 57752
Put_Azure_asia-japan-east 52405
Put_Thrift_Server_Storage_asia-japan-east 53616
Put_Azure_asia-japan-east 54336
Put_Thrift_Server_Storage_asia-japan-east 55592
Put_Azure_asia-japan-east 68336
Put_Thrift_Server_Storage_asia-japan-east 69138
Put_Azure_asia-japan-east 56736
Put_Thrift_Server_Storage_asia-japan-east 57557
Put_Azure_asia-japan-east 51733
Put_Thrift_Server_Storage_asia-japan-east 52613
Put_Azure_asia-japan-east 58222
Put_Thrift_Server_Storage_asia-japan-east 59349
Put_Azure_asia-japan-east 77390
Put_Thrift_Server_Storage_asia-japan-east 78465
Put_Azure_asia-japan-east 66743
Put_Thrift_Server_Storage_asia-japan-east 67974
Put_Azure_asia-japan-east 56471
Put_Thrift_Server_Storage_asia-japan-east 57703
Put_Azure_asia-japan-east 51412
Put_Thrift_Server_Storage_asia-japan-east 52487
Put_Azure_asia-japan-east 52105
Put_Thrift_Server_Storage_asia-japan-east 53671
