Get_Azure_eu-north-europe 114458
Get_Thrift_Server_Storage_eu-north-europe 114541
Get_Azure_eu-north-europe 47006
Get_Thrift_Server_Storage_eu-north-europe 47063
Get_Azure_eu-north-europe 24531
Get_Thrift_Server_Storage_eu-north-europe 24566
Get_Azure_eu-north-europe 69437
Get_Thrift_Server_Storage_eu-north-europe 69472
Get_Azure_eu-north-europe 46215
Get_Thrift_Server_Storage_eu-north-europe 46253
Get_Azure_eu-north-europe 72562
Get_Thrift_Server_Storage_eu-north-europe 72590
Get_Azure_eu-north-europe 87702
Get_Thrift_Server_Storage_eu-north-europe 87728
Get_Azure_eu-north-europe 76538
Get_Thrift_Server_Storage_eu-north-europe 76564
Get_Azure_eu-north-europe 56116
Get_Thrift_Server_Storage_eu-north-europe 56140
Get_Azure_eu-north-europe 32451
Get_Thrift_Server_Storage_eu-north-europe 32474
Get_Azure_eu-north-europe 49189
Get_Thrift_Server_Storage_eu-north-europe 49219
Get_Azure_eu-north-europe 64328
Get_Thrift_Server_Storage_eu-north-europe 64373
Get_Azure_eu-north-europe 55160
Get_Thrift_Server_Storage_eu-north-europe 55197
Get_Azure_eu-north-europe 54717
Get_Thrift_Server_Storage_eu-north-europe 54762
Get_Azure_eu-north-europe 55241
Get_Thrift_Server_Storage_eu-north-europe 55315
Get_Azure_eu-north-europe 60274
Get_Thrift_Server_Storage_eu-north-europe 60296
Get_Azure_eu-north-europe 64318
Get_Thrift_Server_Storage_eu-north-europe 64342
Get_Azure_eu-north-europe 50624
Get_Thrift_Server_Storage_eu-north-europe 50670
Get_Azure_eu-north-europe 41180
Get_Thrift_Server_Storage_eu-north-europe 41219
Get_Azure_eu-north-europe 38829
Get_Thrift_Server_Storage_eu-north-europe 38867
Get_Azure_eu-north-europe 40112
Get_Thrift_Server_Storage_eu-north-europe 40148
Get_Azure_eu-north-europe 91591
Get_Thrift_Server_Storage_eu-north-europe 91626
Get_Azure_eu-north-europe 35822
Get_Thrift_Server_Storage_eu-north-europe 35859
Get_Azure_eu-north-europe 46746
Get_Thrift_Server_Storage_eu-north-europe 46772
Get_Azure_eu-north-europe 79160
Get_Thrift_Server_Storage_eu-north-europe 79185
Get_Azure_eu-north-europe 106581
Get_Thrift_Server_Storage_eu-north-europe 106614
Get_Azure_eu-north-europe 119285
Get_Thrift_Server_Storage_eu-north-europe 119311
Get_Azure_eu-north-europe 34181
Get_Thrift_Server_Storage_eu-north-europe 34217
Get_Azure_eu-north-europe 76294
Get_Thrift_Server_Storage_eu-north-europe 76394
Get_Azure_eu-north-europe 75066
Get_Thrift_Server_Storage_eu-north-europe 75100
Get_Azure_eu-north-europe 40001
Get_Thrift_Server_Storage_eu-north-europe 40035
Get_Azure_eu-north-europe 99451
Get_Thrift_Server_Storage_eu-north-europe 99482
Get_Azure_eu-north-europe 89684
Get_Thrift_Server_Storage_eu-north-europe 89709
Get_Azure_eu-north-europe 92262
Get_Thrift_Server_Storage_eu-north-europe 92295
Get_Azure_eu-north-europe 83348
Get_Thrift_Server_Storage_eu-north-europe 83380
Get_Azure_eu-north-europe 43190
Get_Thrift_Server_Storage_eu-north-europe 43219
Get_Azure_eu-north-europe 82797
Get_Thrift_Server_Storage_eu-north-europe 82830
Get_Azure_eu-north-europe 95449
Get_Thrift_Server_Storage_eu-north-europe 95491
Get_Azure_eu-north-europe 65987
Get_Thrift_Server_Storage_eu-north-europe 66024
Get_Azure_eu-north-europe 32522
Get_Thrift_Server_Storage_eu-north-europe 32559
Get_Azure_eu-north-europe 28320
Get_Thrift_Server_Storage_eu-north-europe 28340
Get_Azure_eu-north-europe 67396
Get_Thrift_Server_Storage_eu-north-europe 67418
Get_Azure_eu-north-europe 79476
Get_Thrift_Server_Storage_eu-north-europe 79501
Get_Azure_eu-north-europe 42329
Get_Thrift_Server_Storage_eu-north-europe 42350
Get_Azure_eu-north-europe 40682
Get_Thrift_Server_Storage_eu-north-europe 40705
Get_Azure_eu-north-europe 51268
Get_Thrift_Server_Storage_eu-north-europe 51320
Get_Azure_eu-north-europe 23897
Get_Thrift_Server_Storage_eu-north-europe 23925
Get_Azure_eu-north-europe 45959
Get_Thrift_Server_Storage_eu-north-europe 46001
Get_Azure_eu-north-europe 55620
Get_Thrift_Server_Storage_eu-north-europe 55650
Get_Azure_eu-north-europe 196920
Get_Thrift_Server_Storage_eu-north-europe 196960
Get_Azure_eu-north-europe 44927
Get_Thrift_Server_Storage_eu-north-europe 44951
Get_Azure_eu-north-europe 67123
Get_Thrift_Server_Storage_eu-north-europe 67166
Get_Azure_eu-north-europe 143983
Get_Thrift_Server_Storage_eu-north-europe 144007
Get_Azure_eu-north-europe 277643
Get_Thrift_Server_Storage_eu-north-europe 277671
Get_Azure_eu-north-europe 80994
Get_Thrift_Server_Storage_eu-north-europe 81017
Get_Azure_eu-north-europe 28330
Get_Thrift_Server_Storage_eu-north-europe 28358
Get_Azure_eu-north-europe 24637
Get_Thrift_Server_Storage_eu-north-europe 24692
Get_Azure_eu-north-europe 39496
Get_Thrift_Server_Storage_eu-north-europe 39540
Get_Azure_eu-north-europe 20426
Get_Thrift_Server_Storage_eu-north-europe 20473
Get_Azure_eu-north-europe 18428
Get_Thrift_Server_Storage_eu-north-europe 18462
Get_Azure_eu-north-europe 31496
Get_Thrift_Server_Storage_eu-north-europe 31519
Get_Azure_eu-north-europe 79289
Get_Thrift_Server_Storage_eu-north-europe 79313
Get_Azure_eu-north-europe 53712
Get_Thrift_Server_Storage_eu-north-europe 53740
Get_Azure_eu-north-europe 105864
Get_Thrift_Server_Storage_eu-north-europe 105891
Get_Azure_eu-north-europe 43154
Get_Thrift_Server_Storage_eu-north-europe 43179
Get_Azure_eu-north-europe 52487
Get_Thrift_Server_Storage_eu-north-europe 52529
Get_Azure_eu-north-europe 88206
Get_Thrift_Server_Storage_eu-north-europe 88252
Get_Azure_eu-north-europe 40287
Get_Thrift_Server_Storage_eu-north-europe 40318
Get_Azure_eu-north-europe 36090
Get_Thrift_Server_Storage_eu-north-europe 36118
Get_Azure_eu-north-europe 47009
Get_Thrift_Server_Storage_eu-north-europe 47043
Get_Azure_eu-north-europe 25237
Get_Thrift_Server_Storage_eu-north-europe 25265
Get_Azure_eu-north-europe 45257
Get_Thrift_Server_Storage_eu-north-europe 45283
Get_Azure_eu-north-europe 183316
Get_Thrift_Server_Storage_eu-north-europe 183354
Get_Azure_eu-north-europe 26313
Get_Thrift_Server_Storage_eu-north-europe 26363
Get_Azure_eu-north-europe 195263
Get_Thrift_Server_Storage_eu-north-europe 195286
Get_Azure_eu-north-europe 78535
Get_Thrift_Server_Storage_eu-north-europe 78573
Get_Azure_eu-north-europe 35288
Get_Thrift_Server_Storage_eu-north-europe 35315
Get_Azure_eu-north-europe 38870
Get_Thrift_Server_Storage_eu-north-europe 38891
Get_Azure_eu-north-europe 53557
Get_Thrift_Server_Storage_eu-north-europe 53618
Get_Azure_eu-north-europe 29876
Get_Thrift_Server_Storage_eu-north-europe 29912
Get_Azure_eu-north-europe 55268
Get_Thrift_Server_Storage_eu-north-europe 55306
Get_Azure_eu-north-europe 51792
Get_Thrift_Server_Storage_eu-north-europe 51832
Get_Azure_eu-north-europe 20096
Get_Thrift_Server_Storage_eu-north-europe 20119
Get_Azure_eu-north-europe 31564
Get_Thrift_Server_Storage_eu-north-europe 31634
Get_Azure_eu-north-europe 33515
Get_Thrift_Server_Storage_eu-north-europe 33568
Get_Azure_eu-north-europe 70702
Get_Thrift_Server_Storage_eu-north-europe 70730
Get_Azure_eu-north-europe 33166
Get_Thrift_Server_Storage_eu-north-europe 33194
Get_Azure_eu-north-europe 59572
Get_Thrift_Server_Storage_eu-north-europe 59597
Get_Azure_eu-north-europe 233596
Get_Thrift_Server_Storage_eu-north-europe 233631
Get_Azure_eu-north-europe 53446
Get_Thrift_Server_Storage_eu-north-europe 53485
Get_Azure_eu-north-europe 64395
Get_Thrift_Server_Storage_eu-north-europe 64420
Get_Azure_eu-north-europe 46460
Get_Thrift_Server_Storage_eu-north-europe 46494
Get_Azure_eu-north-europe 37449
Get_Thrift_Server_Storage_eu-north-europe 37492
Get_Azure_eu-north-europe 17662
Get_Thrift_Server_Storage_eu-north-europe 17684
Get_Azure_eu-north-europe 44736
Get_Thrift_Server_Storage_eu-north-europe 44756
Get_Azure_eu-north-europe 31553
Get_Thrift_Server_Storage_eu-north-europe 31585
Get_Azure_eu-north-europe 36361
Get_Thrift_Server_Storage_eu-north-europe 36406
Get_Azure_eu-north-europe 20665
Get_Thrift_Server_Storage_eu-north-europe 20703
Get_Azure_eu-north-europe 67019
Get_Thrift_Server_Storage_eu-north-europe 67045
Get_Azure_eu-north-europe 65956
Get_Thrift_Server_Storage_eu-north-europe 65979
Get_Azure_eu-north-europe 31188
Get_Thrift_Server_Storage_eu-north-europe 31211
Get_Azure_eu-north-europe 52100
Get_Thrift_Server_Storage_eu-north-europe 52120
Get_Azure_eu-north-europe 131729
Get_Thrift_Server_Storage_eu-north-europe 131783
Get_Azure_eu-north-europe 39113
Get_Thrift_Server_Storage_eu-north-europe 39141
Get_Azure_eu-north-europe 19297
Get_Thrift_Server_Storage_eu-north-europe 19345
Get_Azure_eu-north-europe 26679
Get_Thrift_Server_Storage_eu-north-europe 26706
Get_Azure_eu-north-europe 71157
Get_Thrift_Server_Storage_eu-north-europe 71189
Get_Azure_eu-north-europe 41636
Get_Thrift_Server_Storage_eu-north-europe 41655
Get_Azure_eu-north-europe 44596
Get_Thrift_Server_Storage_eu-north-europe 44629
Get_Azure_eu-north-europe 20323
Get_Thrift_Server_Storage_eu-north-europe 20341
Get_Azure_eu-north-europe 46752
Get_Thrift_Server_Storage_eu-north-europe 46790
Get_Azure_eu-north-europe 41294
Get_Thrift_Server_Storage_eu-north-europe 41312
Get_Azure_eu-north-europe 36688
Get_Thrift_Server_Storage_eu-north-europe 36707
Get_Azure_eu-north-europe 379193
Get_Thrift_Server_Storage_eu-north-europe 379220
Get_Azure_eu-north-europe 73962
Get_Thrift_Server_Storage_eu-north-europe 73984
Get_Azure_eu-north-europe 29033
Get_Thrift_Server_Storage_eu-north-europe 29070
Get_Azure_eu-north-europe 75178
Get_Thrift_Server_Storage_eu-north-europe 75202
Get_Azure_eu-north-europe 50859
Get_Thrift_Server_Storage_eu-north-europe 50880
Get_Azure_eu-north-europe 22604
Get_Thrift_Server_Storage_eu-north-europe 22629
Get_Azure_eu-north-europe 30831
Get_Thrift_Server_Storage_eu-north-europe 30898
Get_Azure_eu-north-europe 38030
Get_Thrift_Server_Storage_eu-north-europe 38116
Get_Azure_eu-north-europe 27442
Get_Thrift_Server_Storage_eu-north-europe 27475
Get_Azure_eu-north-europe 49585
Get_Thrift_Server_Storage_eu-north-europe 49627
Get_Azure_eu-north-europe 51268
Get_Thrift_Server_Storage_eu-north-europe 51304
Get_Azure_eu-north-europe 36685
Get_Thrift_Server_Storage_eu-north-europe 36707
Get_Azure_eu-north-europe 135686
Get_Thrift_Server_Storage_eu-north-europe 135726
Get_Azure_eu-north-europe 350342
Get_Thrift_Server_Storage_eu-north-europe 350374
Get_Azure_eu-north-europe 288793
Get_Thrift_Server_Storage_eu-north-europe 288829
Get_Azure_eu-north-europe 141198
Get_Thrift_Server_Storage_eu-north-europe 141224
Get_Azure_eu-north-europe 355492
Get_Thrift_Server_Storage_eu-north-europe 355516
Get_Azure_eu-north-europe 110204
Get_Thrift_Server_Storage_eu-north-europe 110228
Get_Azure_eu-north-europe 135442
Get_Thrift_Server_Storage_eu-north-europe 135472
Get_Azure_eu-north-europe 43246
Get_Thrift_Server_Storage_eu-north-europe 43268
Get_Azure_eu-north-europe 36365
Get_Thrift_Server_Storage_eu-north-europe 36398
Get_Azure_eu-north-europe 20393
Get_Thrift_Server_Storage_eu-north-europe 20426
Get_Azure_eu-north-europe 38774
Get_Thrift_Server_Storage_eu-north-europe 38797
Get_Azure_eu-north-europe 31170
Get_Thrift_Server_Storage_eu-north-europe 31225
Get_Azure_eu-north-europe 34554
Get_Thrift_Server_Storage_eu-north-europe 34589
Get_Azure_eu-north-europe 43081
Get_Thrift_Server_Storage_eu-north-europe 43122
Get_Azure_eu-north-europe 63413
Get_Thrift_Server_Storage_eu-north-europe 63456
Get_Azure_eu-north-europe 88742
Get_Thrift_Server_Storage_eu-north-europe 88778
Get_Azure_eu-north-europe 80993
Get_Thrift_Server_Storage_eu-north-europe 81023
Get_Azure_eu-north-europe 89281
Get_Thrift_Server_Storage_eu-north-europe 89310
Get_Azure_eu-north-europe 47573
Get_Thrift_Server_Storage_eu-north-europe 47594
Get_Azure_eu-north-europe 44378
Get_Thrift_Server_Storage_eu-north-europe 44425
Get_Azure_eu-north-europe 252602
Get_Thrift_Server_Storage_eu-north-europe 252626
Get_Azure_eu-north-europe 118471
Get_Thrift_Server_Storage_eu-north-europe 118507
Get_Azure_eu-north-europe 93989
Get_Thrift_Server_Storage_eu-north-europe 94018
Get_Azure_eu-north-europe 250378
Get_Thrift_Server_Storage_eu-north-europe 250430
Get_Azure_eu-north-europe 173379
Get_Thrift_Server_Storage_eu-north-europe 173443
Get_Azure_eu-north-europe 171747
Get_Thrift_Server_Storage_eu-north-europe 171805
Get_Azure_eu-north-europe 152043
Get_Thrift_Server_Storage_eu-north-europe 152081
Get_Azure_eu-north-europe 216417
Get_Thrift_Server_Storage_eu-north-europe 216444
Get_Azure_eu-north-europe 66769
Get_Thrift_Server_Storage_eu-north-europe 66808
Get_Azure_eu-north-europe 162147
Get_Thrift_Server_Storage_eu-north-europe 162173
Get_Azure_eu-north-europe 147414
Get_Thrift_Server_Storage_eu-north-europe 147447
Get_Azure_eu-north-europe 193096
Get_Thrift_Server_Storage_eu-north-europe 193128
Get_Azure_eu-north-europe 65701
Get_Thrift_Server_Storage_eu-north-europe 65732
Get_Azure_eu-north-europe 104204
Get_Thrift_Server_Storage_eu-north-europe 104235
Get_Azure_eu-north-europe 121078
Get_Thrift_Server_Storage_eu-north-europe 121108
Get_Azure_eu-north-europe 120858
Get_Thrift_Server_Storage_eu-north-europe 120888
Get_Azure_eu-north-europe 59788
Get_Thrift_Server_Storage_eu-north-europe 59821
Get_Azure_eu-north-europe 419749
Get_Thrift_Server_Storage_eu-north-europe 419782
Get_Azure_eu-north-europe 348554
Get_Thrift_Server_Storage_eu-north-europe 348594
Get_Azure_eu-north-europe 241817
Get_Thrift_Server_Storage_eu-north-europe 241869
Get_Azure_eu-north-europe 512045
Get_Thrift_Server_Storage_eu-north-europe 512119
Get_Azure_eu-north-europe 316880
Get_Thrift_Server_Storage_eu-north-europe 316915
Get_Azure_eu-north-europe 294956
Get_Thrift_Server_Storage_eu-north-europe 294987
Get_Azure_eu-north-europe 125360
Get_Thrift_Server_Storage_eu-north-europe 125423
Get_Azure_eu-north-europe 72247
Get_Thrift_Server_Storage_eu-north-europe 72275
Get_Azure_eu-north-europe 66033
Get_Thrift_Server_Storage_eu-north-europe 66065
Get_Azure_eu-north-europe 214030
Get_Thrift_Server_Storage_eu-north-europe 214074
Get_Azure_eu-north-europe 186662
Get_Thrift_Server_Storage_eu-north-europe 186690
Get_Azure_eu-north-europe 107556
Get_Thrift_Server_Storage_eu-north-europe 107600
Get_Azure_eu-north-europe 51639
Get_Thrift_Server_Storage_eu-north-europe 51663
Get_Azure_eu-north-europe 39663
Get_Thrift_Server_Storage_eu-north-europe 39688
Get_Azure_eu-north-europe 33023
Get_Thrift_Server_Storage_eu-north-europe 33044
Get_Azure_eu-north-europe 38785
Get_Thrift_Server_Storage_eu-north-europe 38810
Get_Azure_eu-north-europe 43356
Get_Thrift_Server_Storage_eu-north-europe 43378
Get_Azure_eu-north-europe 24068
Get_Thrift_Server_Storage_eu-north-europe 24093
Get_Azure_eu-north-europe 46019
Get_Thrift_Server_Storage_eu-north-europe 46041
Get_Azure_eu-north-europe 30160
Get_Thrift_Server_Storage_eu-north-europe 30200
Get_Azure_eu-north-europe 54454
Get_Thrift_Server_Storage_eu-north-europe 54503
Get_Azure_eu-north-europe 22411
Get_Thrift_Server_Storage_eu-north-europe 22455
Get_Azure_eu-north-europe 33608
Get_Thrift_Server_Storage_eu-north-europe 33641
Get_Azure_eu-north-europe 67995
Get_Thrift_Server_Storage_eu-north-europe 68030
Get_Azure_eu-north-europe 27234
Get_Thrift_Server_Storage_eu-north-europe 27272
Get_Azure_eu-north-europe 19420
Get_Thrift_Server_Storage_eu-north-europe 19444
Get_Azure_eu-north-europe 69078
Get_Thrift_Server_Storage_eu-north-europe 69119
Get_Azure_eu-north-europe 43469
Get_Thrift_Server_Storage_eu-north-europe 43538
Get_Azure_eu-north-europe 36398
Get_Thrift_Server_Storage_eu-north-europe 36419
Get_Azure_eu-north-europe 68091
Get_Thrift_Server_Storage_eu-north-europe 68128
Get_Azure_eu-north-europe 19610
Get_Thrift_Server_Storage_eu-north-europe 19633
Get_Azure_eu-north-europe 197162
Get_Thrift_Server_Storage_eu-north-europe 197190
Get_Azure_eu-north-europe 79101
Get_Thrift_Server_Storage_eu-north-europe 79119
Get_Azure_eu-north-europe 34299
Get_Thrift_Server_Storage_eu-north-europe 34317
Get_Azure_eu-north-europe 67084
Get_Thrift_Server_Storage_eu-north-europe 67105
Get_Azure_eu-north-europe 37556
Get_Thrift_Server_Storage_eu-north-europe 37598
Get_Azure_eu-north-europe 33177
Get_Thrift_Server_Storage_eu-north-europe 33199
Get_Azure_eu-north-europe 72326
Get_Thrift_Server_Storage_eu-north-europe 72370
Get_Azure_eu-north-europe 47009
Get_Thrift_Server_Storage_eu-north-europe 47038
Get_Azure_eu-north-europe 36065
Get_Thrift_Server_Storage_eu-north-europe 36087
Get_Azure_eu-north-europe 25666
Get_Thrift_Server_Storage_eu-north-europe 25719
Get_Azure_eu-north-europe 18483
Get_Thrift_Server_Storage_eu-north-europe 18514
Get_Azure_eu-north-europe 51188
Get_Thrift_Server_Storage_eu-north-europe 51255
Get_Azure_eu-north-europe 19115
Get_Thrift_Server_Storage_eu-north-europe 19144
Get_Azure_eu-north-europe 24341
Get_Thrift_Server_Storage_eu-north-europe 24383
Get_Azure_eu-north-europe 25321
Get_Thrift_Server_Storage_eu-north-europe 25344
Get_Azure_eu-north-europe 21831
Get_Thrift_Server_Storage_eu-north-europe 21863
Get_Azure_eu-north-europe 24412
Get_Thrift_Server_Storage_eu-north-europe 24438
Get_Azure_eu-north-europe 197046
Get_Thrift_Server_Storage_eu-north-europe 197071
Get_Azure_eu-north-europe 44579
Get_Thrift_Server_Storage_eu-north-europe 44632
Get_Azure_eu-north-europe 347118
Get_Thrift_Server_Storage_eu-north-europe 347150
Get_Azure_eu-north-europe 366872
Get_Thrift_Server_Storage_eu-north-europe 366900
Get_Azure_eu-north-europe 399967
Get_Thrift_Server_Storage_eu-north-europe 400014
Get_Azure_eu-north-europe 191125
Get_Thrift_Server_Storage_eu-north-europe 191156
Get_Azure_eu-north-europe 87201
Get_Thrift_Server_Storage_eu-north-europe 87240
Get_Azure_eu-north-europe 135372
Get_Thrift_Server_Storage_eu-north-europe 135480
Get_Azure_eu-north-europe 154432
Get_Thrift_Server_Storage_eu-north-europe 154457
Get_Azure_eu-north-europe 116545
Get_Thrift_Server_Storage_eu-north-europe 116584
Get_Azure_eu-north-europe 119603
Get_Thrift_Server_Storage_eu-north-europe 119631
Get_Azure_eu-north-europe 139503
Get_Thrift_Server_Storage_eu-north-europe 139526
Get_Azure_eu-north-europe 180417
Get_Thrift_Server_Storage_eu-north-europe 180446
Get_Azure_eu-north-europe 69202
Get_Thrift_Server_Storage_eu-north-europe 69241
Get_Azure_eu-north-europe 81153
Get_Thrift_Server_Storage_eu-north-europe 81171
Get_Azure_eu-north-europe 126421
Get_Thrift_Server_Storage_eu-north-europe 126440
Get_Azure_eu-north-europe 40152
Get_Thrift_Server_Storage_eu-north-europe 40183
Get_Azure_eu-north-europe 32177
Get_Thrift_Server_Storage_eu-north-europe 32200
Get_Azure_eu-north-europe 25539
Get_Thrift_Server_Storage_eu-north-europe 25565
Get_Azure_eu-north-europe 46287
Get_Thrift_Server_Storage_eu-north-europe 46316
Get_Azure_eu-north-europe 35497
Get_Thrift_Server_Storage_eu-north-europe 35519
Get_Azure_eu-north-europe 21411
Get_Thrift_Server_Storage_eu-north-europe 21452
Get_Azure_eu-north-europe 91613
Get_Thrift_Server_Storage_eu-north-europe 91652
Get_Azure_eu-north-europe 39243
Get_Thrift_Server_Storage_eu-north-europe 39274
Get_Azure_eu-north-europe 57103
Get_Thrift_Server_Storage_eu-north-europe 57124
Get_Azure_eu-north-europe 36388
Get_Thrift_Server_Storage_eu-north-europe 36408
Get_Azure_eu-north-europe 45477
Get_Thrift_Server_Storage_eu-north-europe 45510
Get_Azure_eu-north-europe 24923
Get_Thrift_Server_Storage_eu-north-europe 24947
Get_Azure_eu-north-europe 18492
Get_Thrift_Server_Storage_eu-north-europe 18524
Get_Azure_eu-north-europe 40963
Get_Thrift_Server_Storage_eu-north-europe 40993
Get_Azure_eu-north-europe 38275
Get_Thrift_Server_Storage_eu-north-europe 38323
Get_Azure_eu-north-europe 28172
Get_Thrift_Server_Storage_eu-north-europe 28196
Get_Azure_eu-north-europe 18211
Get_Thrift_Server_Storage_eu-north-europe 18253
Get_Azure_eu-north-europe 19321
Get_Thrift_Server_Storage_eu-north-europe 19365
Get_Azure_eu-north-europe 23995
Get_Thrift_Server_Storage_eu-north-europe 24039
Get_Azure_eu-north-europe 18106
Get_Thrift_Server_Storage_eu-north-europe 18128
Get_Azure_eu-north-europe 60787
Get_Thrift_Server_Storage_eu-north-europe 60832
Get_Azure_eu-north-europe 18965
Get_Thrift_Server_Storage_eu-north-europe 19000
Get_Azure_eu-north-europe 17666
Get_Thrift_Server_Storage_eu-north-europe 17700
Get_Azure_eu-north-europe 55825
Get_Thrift_Server_Storage_eu-north-europe 55845
Get_Azure_eu-north-europe 35486
Get_Thrift_Server_Storage_eu-north-europe 35510
Get_Azure_eu-north-europe 31712
Get_Thrift_Server_Storage_eu-north-europe 31736
Get_Azure_eu-north-europe 17975
Get_Thrift_Server_Storage_eu-north-europe 17998
Get_Azure_eu-north-europe 18931
Get_Thrift_Server_Storage_eu-north-europe 18957
Get_Azure_eu-north-europe 40616
Get_Thrift_Server_Storage_eu-north-europe 40722
Get_Azure_eu-north-europe 19171
Get_Thrift_Server_Storage_eu-north-europe 19214
Get_Azure_eu-north-europe 64764
Get_Thrift_Server_Storage_eu-north-europe 64792
Get_Azure_eu-north-europe 33338
Get_Thrift_Server_Storage_eu-north-europe 33362
Get_Azure_eu-north-europe 42361
Get_Thrift_Server_Storage_eu-north-europe 42412
Get_Azure_eu-north-europe 18665
Get_Thrift_Server_Storage_eu-north-europe 18690
Get_Azure_eu-north-europe 65490
Get_Thrift_Server_Storage_eu-north-europe 65529
Get_Azure_eu-north-europe 40025
Get_Thrift_Server_Storage_eu-north-europe 40049
Get_Azure_eu-north-europe 35144
Get_Thrift_Server_Storage_eu-north-europe 35179
Get_Azure_eu-north-europe 28080
Get_Thrift_Server_Storage_eu-north-europe 28144
Get_Azure_eu-north-europe 36831
Get_Thrift_Server_Storage_eu-north-europe 36854
Get_Azure_eu-north-europe 23440
Get_Thrift_Server_Storage_eu-north-europe 23485
Get_Azure_eu-north-europe 19249
Get_Thrift_Server_Storage_eu-north-europe 19306
Get_Azure_eu-north-europe 25515
Get_Thrift_Server_Storage_eu-north-europe 25552
Get_Azure_eu-north-europe 19392
Get_Thrift_Server_Storage_eu-north-europe 19442
Get_Azure_eu-north-europe 35713
Get_Thrift_Server_Storage_eu-north-europe 35761
Get_Azure_eu-north-europe 41164
Get_Thrift_Server_Storage_eu-north-europe 41185
Get_Azure_eu-north-europe 63282
Get_Thrift_Server_Storage_eu-north-europe 63321
Get_Azure_eu-north-europe 21261
Get_Thrift_Server_Storage_eu-north-europe 21328
Get_Azure_eu-north-europe 23952
Get_Thrift_Server_Storage_eu-north-europe 23975
Get_Azure_eu-north-europe 66312
Get_Thrift_Server_Storage_eu-north-europe 66343
Get_Azure_eu-north-europe 42021
Get_Thrift_Server_Storage_eu-north-europe 42058
Get_Azure_eu-north-europe 19131
Get_Thrift_Server_Storage_eu-north-europe 19171
Get_Azure_eu-north-europe 19507
Get_Thrift_Server_Storage_eu-north-europe 19558
Get_Azure_eu-north-europe 18904
Get_Thrift_Server_Storage_eu-north-europe 18957
Get_Azure_eu-north-europe 47920
Get_Thrift_Server_Storage_eu-north-europe 47944
Get_Azure_eu-north-europe 17965
Get_Thrift_Server_Storage_eu-north-europe 17993
Get_Azure_eu-north-europe 34496
Get_Thrift_Server_Storage_eu-north-europe 34518
Get_Azure_eu-north-europe 18902
Get_Thrift_Server_Storage_eu-north-europe 18932
Get_Azure_eu-north-europe 20349
Get_Thrift_Server_Storage_eu-north-europe 20385
Get_Azure_eu-north-europe 18957
Get_Thrift_Server_Storage_eu-north-europe 18994
Get_Azure_eu-north-europe 19782
Get_Thrift_Server_Storage_eu-north-europe 19835
Get_Azure_eu-north-europe 38790
Get_Thrift_Server_Storage_eu-north-europe 38840
Get_Azure_eu-north-europe 23548
Get_Thrift_Server_Storage_eu-north-europe 23581
Get_Azure_eu-north-europe 20593
Get_Thrift_Server_Storage_eu-north-europe 20643
Get_Azure_eu-north-europe 65564
Get_Thrift_Server_Storage_eu-north-europe 65625
Get_Azure_eu-north-europe 18918
Get_Thrift_Server_Storage_eu-north-europe 18945
Get_Azure_eu-north-europe 67007
Get_Thrift_Server_Storage_eu-north-europe 67080
Get_Azure_eu-north-europe 41849
Get_Thrift_Server_Storage_eu-north-europe 41883
Get_Azure_eu-north-europe 66061
Get_Thrift_Server_Storage_eu-north-europe 66124
Get_Azure_eu-north-europe 56340
Get_Thrift_Server_Storage_eu-north-europe 56406
Get_Azure_eu-north-europe 41391
Get_Thrift_Server_Storage_eu-north-europe 41418
Get_Azure_eu-north-europe 63314
Get_Thrift_Server_Storage_eu-north-europe 63342
Get_Azure_eu-north-europe 101241
Get_Thrift_Server_Storage_eu-north-europe 101283
Get_Azure_eu-north-europe 20792
Get_Thrift_Server_Storage_eu-north-europe 20815
Get_Azure_eu-north-europe 99308
Get_Thrift_Server_Storage_eu-north-europe 99364
Get_Azure_eu-north-europe 35741
Get_Thrift_Server_Storage_eu-north-europe 35768
Get_Azure_eu-north-europe 34631
Get_Thrift_Server_Storage_eu-north-europe 34668
Get_Azure_eu-north-europe 39719
Get_Thrift_Server_Storage_eu-north-europe 39774
Get_Azure_eu-north-europe 18729
Get_Thrift_Server_Storage_eu-north-europe 18758
Get_Azure_eu-north-europe 81963
Get_Thrift_Server_Storage_eu-north-europe 81998
Get_Azure_eu-north-europe 41618
Get_Thrift_Server_Storage_eu-north-europe 41642
Get_Azure_eu-north-europe 47128
Get_Thrift_Server_Storage_eu-north-europe 47165
Get_Azure_eu-north-europe 19215
Get_Thrift_Server_Storage_eu-north-europe 19260
Get_Azure_eu-north-europe 23042
Get_Thrift_Server_Storage_eu-north-europe 23070
Get_Azure_eu-north-europe 21023
Get_Thrift_Server_Storage_eu-north-europe 21057
Get_Azure_eu-north-europe 35480
Get_Thrift_Server_Storage_eu-north-europe 35507
Get_Azure_eu-north-europe 19942
Get_Thrift_Server_Storage_eu-north-europe 19974
Get_Azure_eu-north-europe 32298
Get_Thrift_Server_Storage_eu-north-europe 32323
Get_Azure_eu-north-europe 20004
Get_Thrift_Server_Storage_eu-north-europe 20027
Get_Azure_eu-north-europe 24524
Get_Thrift_Server_Storage_eu-north-europe 24555
Get_Azure_eu-north-europe 59607
Get_Thrift_Server_Storage_eu-north-europe 59645
Get_Azure_eu-north-europe 20654
Get_Thrift_Server_Storage_eu-north-europe 20681
Get_Azure_eu-north-europe 27896
Get_Thrift_Server_Storage_eu-north-europe 27923
Get_Azure_eu-north-europe 39731
Get_Thrift_Server_Storage_eu-north-europe 39755
Get_Azure_eu-north-europe 38717
Get_Thrift_Server_Storage_eu-north-europe 38745
Get_Azure_eu-north-europe 18120
Get_Thrift_Server_Storage_eu-north-europe 18149
Get_Azure_eu-north-europe 89712
Get_Thrift_Server_Storage_eu-north-europe 89774
Get_Azure_eu-north-europe 18069
Get_Thrift_Server_Storage_eu-north-europe 18119
Get_Azure_eu-north-europe 56768
Get_Thrift_Server_Storage_eu-north-europe 56812
Get_Azure_eu-north-europe 38512
Get_Thrift_Server_Storage_eu-north-europe 38542
Get_Azure_eu-north-europe 27354
Get_Thrift_Server_Storage_eu-north-europe 27383
Get_Azure_eu-north-europe 48056
Get_Thrift_Server_Storage_eu-north-europe 48079
Get_Azure_eu-north-europe 43982
Get_Thrift_Server_Storage_eu-north-europe 44025
Get_Azure_eu-north-europe 42436
Get_Thrift_Server_Storage_eu-north-europe 42476
Get_Azure_eu-north-europe 18116
Get_Thrift_Server_Storage_eu-north-europe 18148
Get_Azure_eu-north-europe 78751
Get_Thrift_Server_Storage_eu-north-europe 78773
Get_Azure_eu-north-europe 19863
Get_Thrift_Server_Storage_eu-north-europe 19886
Get_Azure_eu-north-europe 18033
Get_Thrift_Server_Storage_eu-north-europe 18053
Get_Azure_eu-north-europe 152638
Get_Thrift_Server_Storage_eu-north-europe 152664
Get_Azure_eu-north-europe 49738
Get_Thrift_Server_Storage_eu-north-europe 49756
Get_Azure_eu-north-europe 50763
Get_Thrift_Server_Storage_eu-north-europe 50798
Get_Azure_eu-north-europe 37102
Get_Thrift_Server_Storage_eu-north-europe 37131
Get_Azure_eu-north-europe 60981
Get_Thrift_Server_Storage_eu-north-europe 61002
Get_Azure_eu-north-europe 44604
Get_Thrift_Server_Storage_eu-north-europe 44631
Get_Azure_eu-north-europe 41745
Get_Thrift_Server_Storage_eu-north-europe 41777
Get_Azure_eu-north-europe 41017
Get_Thrift_Server_Storage_eu-north-europe 41041
Get_Azure_eu-north-europe 22300
Get_Thrift_Server_Storage_eu-north-europe 22325
Get_Azure_eu-north-europe 21711
Get_Thrift_Server_Storage_eu-north-europe 21751
Get_Azure_eu-north-europe 41140
Get_Thrift_Server_Storage_eu-north-europe 41161
Get_Azure_eu-north-europe 21227
Get_Thrift_Server_Storage_eu-north-europe 21248
Get_Azure_eu-north-europe 83804
Get_Thrift_Server_Storage_eu-north-europe 83859
Get_Azure_eu-north-europe 39157
Get_Thrift_Server_Storage_eu-north-europe 39185
Get_Azure_eu-north-europe 46059
Get_Thrift_Server_Storage_eu-north-europe 46120
Get_Azure_eu-north-europe 52881
Get_Thrift_Server_Storage_eu-north-europe 52908
Get_Azure_eu-north-europe 23337
Get_Thrift_Server_Storage_eu-north-europe 23371
Get_Azure_eu-north-europe 18975
Get_Thrift_Server_Storage_eu-north-europe 19014
Get_Azure_eu-north-europe 47719
Get_Thrift_Server_Storage_eu-north-europe 47738
Get_Azure_eu-north-europe 41571
Get_Thrift_Server_Storage_eu-north-europe 41592
Get_Azure_eu-north-europe 20430
Get_Thrift_Server_Storage_eu-north-europe 20471
Get_Azure_eu-north-europe 32914
Get_Thrift_Server_Storage_eu-north-europe 32937
Get_Azure_eu-north-europe 19303
Get_Thrift_Server_Storage_eu-north-europe 19345
Get_Azure_eu-north-europe 26519
Get_Thrift_Server_Storage_eu-north-europe 26555
Get_Azure_eu-north-europe 56783
Get_Thrift_Server_Storage_eu-north-europe 56807
Get_Azure_eu-north-europe 26306
Get_Thrift_Server_Storage_eu-north-europe 26329
Get_Azure_eu-north-europe 46600
Get_Thrift_Server_Storage_eu-north-europe 46643
Get_Azure_eu-north-europe 30936
Get_Thrift_Server_Storage_eu-north-europe 30962
Get_Azure_eu-north-europe 119635
Get_Thrift_Server_Storage_eu-north-europe 119669
Get_Azure_eu-north-europe 37818
Get_Thrift_Server_Storage_eu-north-europe 37850
Get_Azure_eu-north-europe 20011
Get_Thrift_Server_Storage_eu-north-europe 20031
Get_Azure_eu-north-europe 18178
Get_Thrift_Server_Storage_eu-north-europe 18209
Get_Azure_eu-north-europe 43239
Get_Thrift_Server_Storage_eu-north-europe 43293
Get_Azure_eu-north-europe 20073
Get_Thrift_Server_Storage_eu-north-europe 20096
Get_Azure_eu-north-europe 37706
Get_Thrift_Server_Storage_eu-north-europe 37756
Get_Azure_eu-north-europe 25160
Get_Thrift_Server_Storage_eu-north-europe 25211
Get_Azure_eu-north-europe 19940
Get_Thrift_Server_Storage_eu-north-europe 19981
Get_Azure_eu-north-europe 68717
Get_Thrift_Server_Storage_eu-north-europe 68752
Get_Azure_eu-north-europe 19143
Get_Thrift_Server_Storage_eu-north-europe 19191
Get_Azure_eu-north-europe 20192
Get_Thrift_Server_Storage_eu-north-europe 20216
Get_Azure_eu-north-europe 17698
Get_Thrift_Server_Storage_eu-north-europe 17732
Get_Azure_eu-north-europe 35488
Get_Thrift_Server_Storage_eu-north-europe 35512
Get_Azure_eu-north-europe 19247
Get_Thrift_Server_Storage_eu-north-europe 19271
Get_Azure_eu-north-europe 27973
Get_Thrift_Server_Storage_eu-north-europe 28066
Get_Azure_eu-north-europe 89388
Get_Thrift_Server_Storage_eu-north-europe 89414
Get_Azure_eu-north-europe 23881
Get_Thrift_Server_Storage_eu-north-europe 23931
Get_Azure_eu-north-europe 18879
Get_Thrift_Server_Storage_eu-north-europe 18905
Get_Azure_eu-north-europe 40829
Get_Thrift_Server_Storage_eu-north-europe 40864
Get_Azure_eu-north-europe 20831
Get_Thrift_Server_Storage_eu-north-europe 20873
Get_Azure_eu-north-europe 21217
Get_Thrift_Server_Storage_eu-north-europe 21240
Get_Azure_eu-north-europe 19702
Get_Thrift_Server_Storage_eu-north-europe 19733
Get_Azure_eu-north-europe 49381
Get_Thrift_Server_Storage_eu-north-europe 49411
Get_Azure_eu-north-europe 30181
Get_Thrift_Server_Storage_eu-north-europe 30282
Get_Azure_eu-north-europe 50094
Get_Thrift_Server_Storage_eu-north-europe 50117
Get_Azure_eu-north-europe 19548
Get_Thrift_Server_Storage_eu-north-europe 19588
Get_Azure_eu-north-europe 56880
Get_Thrift_Server_Storage_eu-north-europe 56923
Get_Azure_eu-north-europe 19540
Get_Thrift_Server_Storage_eu-north-europe 19565
Get_Azure_eu-north-europe 18533
Get_Thrift_Server_Storage_eu-north-europe 18582
Get_Azure_eu-north-europe 20523
Get_Thrift_Server_Storage_eu-north-europe 20554
Get_Azure_eu-north-europe 37265
Get_Thrift_Server_Storage_eu-north-europe 37309
Get_Azure_eu-north-europe 39746
Get_Thrift_Server_Storage_eu-north-europe 39776
Get_Azure_eu-north-europe 19072
Get_Thrift_Server_Storage_eu-north-europe 19102
Get_Azure_eu-north-europe 19118
Get_Thrift_Server_Storage_eu-north-europe 19162
Get_Azure_eu-north-europe 51138
Get_Thrift_Server_Storage_eu-north-europe 51162
Get_Azure_eu-north-europe 55920
Get_Thrift_Server_Storage_eu-north-europe 56002
Get_Azure_eu-north-europe 20071
Get_Thrift_Server_Storage_eu-north-europe 20097
Get_Azure_eu-north-europe 20791
Get_Thrift_Server_Storage_eu-north-europe 20829
Get_Azure_eu-north-europe 44398
Get_Thrift_Server_Storage_eu-north-europe 44430
Get_Azure_eu-north-europe 32020
Get_Thrift_Server_Storage_eu-north-europe 32045
Get_Azure_eu-north-europe 118063
Get_Thrift_Server_Storage_eu-north-europe 118107
Get_Azure_eu-north-europe 44514
Get_Thrift_Server_Storage_eu-north-europe 44566
Get_Azure_eu-north-europe 32957
Get_Thrift_Server_Storage_eu-north-europe 32982
Get_Azure_eu-north-europe 100676
Get_Thrift_Server_Storage_eu-north-europe 100706
Get_Azure_eu-north-europe 35157
Get_Thrift_Server_Storage_eu-north-europe 35186
Get_Azure_eu-north-europe 59220
Get_Thrift_Server_Storage_eu-north-europe 59251
Get_Azure_eu-north-europe 50928
Get_Thrift_Server_Storage_eu-north-europe 50960
Get_Azure_eu-north-europe 71619
Get_Thrift_Server_Storage_eu-north-europe 71645
Get_Azure_eu-north-europe 25731
Get_Thrift_Server_Storage_eu-north-europe 25756
Get_Azure_eu-north-europe 47468
Get_Thrift_Server_Storage_eu-north-europe 47500
Get_Azure_eu-north-europe 69875
Get_Thrift_Server_Storage_eu-north-europe 69908
Get_Azure_eu-north-europe 32127
Get_Thrift_Server_Storage_eu-north-europe 32160
Get_Azure_eu-north-europe 47254
Get_Thrift_Server_Storage_eu-north-europe 47282
Get_Azure_eu-north-europe 51126
Get_Thrift_Server_Storage_eu-north-europe 51175
Get_Azure_eu-north-europe 92438
Get_Thrift_Server_Storage_eu-north-europe 92458
Get_Azure_eu-north-europe 75490
Get_Thrift_Server_Storage_eu-north-europe 75508
Get_Azure_eu-north-europe 53528
Get_Thrift_Server_Storage_eu-north-europe 53548
Get_Azure_eu-north-europe 49225
Get_Thrift_Server_Storage_eu-north-europe 49288
Get_Azure_eu-north-europe 51920
Get_Thrift_Server_Storage_eu-north-europe 51960
Get_Azure_eu-north-europe 71048
Get_Thrift_Server_Storage_eu-north-europe 71072
Get_Azure_eu-north-europe 41498
Get_Thrift_Server_Storage_eu-north-europe 41523
Get_Azure_eu-north-europe 80186
Get_Thrift_Server_Storage_eu-north-europe 80212
Get_Azure_eu-north-europe 35572
Get_Thrift_Server_Storage_eu-north-europe 35655
Get_Azure_eu-north-europe 53182
Get_Thrift_Server_Storage_eu-north-europe 53206
Get_Azure_eu-north-europe 21953
Get_Thrift_Server_Storage_eu-north-europe 21976
Get_Azure_eu-north-europe 28030
Get_Thrift_Server_Storage_eu-north-europe 28056
Get_Azure_eu-north-europe 47578
Get_Thrift_Server_Storage_eu-north-europe 47631
Get_Azure_eu-north-europe 50712
Get_Thrift_Server_Storage_eu-north-europe 50751
Get_Azure_eu-north-europe 46933
Get_Thrift_Server_Storage_eu-north-europe 47002
Get_Azure_eu-north-europe 25481
Get_Thrift_Server_Storage_eu-north-europe 25507
Get_Azure_eu-north-europe 44981
Get_Thrift_Server_Storage_eu-north-europe 45003
Get_Azure_eu-north-europe 18748
Get_Thrift_Server_Storage_eu-north-europe 18812
Get_Azure_eu-north-europe 47840
Get_Thrift_Server_Storage_eu-north-europe 47878
Get_Azure_eu-north-europe 75828
Get_Thrift_Server_Storage_eu-north-europe 75859
Get_Azure_eu-north-europe 78093
Get_Thrift_Server_Storage_eu-north-europe 78116
Get_Azure_eu-north-europe 77279
Get_Thrift_Server_Storage_eu-north-europe 77327
Get_Azure_eu-north-europe 172209
Get_Thrift_Server_Storage_eu-north-europe 172235
Get_Azure_eu-north-europe 234634
Get_Thrift_Server_Storage_eu-north-europe 234689
Get_Azure_eu-north-europe 179704
Get_Thrift_Server_Storage_eu-north-europe 179749
Get_Azure_eu-north-europe 471611
Get_Thrift_Server_Storage_eu-north-europe 471635
Get_Azure_eu-north-europe 285507
Get_Thrift_Server_Storage_eu-north-europe 285533
Get_Azure_eu-north-europe 234870
Get_Thrift_Server_Storage_eu-north-europe 234892
Get_Azure_eu-north-europe 241276
Get_Thrift_Server_Storage_eu-north-europe 241303
Get_Azure_eu-north-europe 375115
Get_Thrift_Server_Storage_eu-north-europe 375142
Get_Azure_eu-north-europe 394115
Get_Thrift_Server_Storage_eu-north-europe 394155
Get_Azure_eu-north-europe 305131
Get_Thrift_Server_Storage_eu-north-europe 305174
Get_Azure_eu-north-europe 233072
Get_Thrift_Server_Storage_eu-north-europe 233367
Get_Azure_eu-north-europe 394495
Get_Thrift_Server_Storage_eu-north-europe 394521
Get_Azure_eu-north-europe 296374
Get_Thrift_Server_Storage_eu-north-europe 296406
Get_Azure_eu-north-europe 251991
Get_Thrift_Server_Storage_eu-north-europe 252025
Get_Azure_eu-north-europe 229131
Get_Thrift_Server_Storage_eu-north-europe 229181
Get_Azure_eu-north-europe 305533
Get_Thrift_Server_Storage_eu-north-europe 305603
Get_Azure_eu-north-europe 98861
Get_Thrift_Server_Storage_eu-north-europe 98890
Get_Azure_eu-north-europe 235097
Get_Thrift_Server_Storage_eu-north-europe 235119
Get_Azure_eu-north-europe 474153
Get_Thrift_Server_Storage_eu-north-europe 474176
Get_Azure_eu-north-europe 378900
Get_Thrift_Server_Storage_eu-north-europe 378936
Get_Azure_eu-north-europe 157976
Get_Thrift_Server_Storage_eu-north-europe 158009
Get_Azure_eu-north-europe 164760
Get_Thrift_Server_Storage_eu-north-europe 164780
Get_Azure_eu-north-europe 142363
Get_Thrift_Server_Storage_eu-north-europe 142392
Get_Azure_eu-north-europe 87417
Get_Thrift_Server_Storage_eu-north-europe 87707
Get_Azure_eu-north-europe 145830
Get_Thrift_Server_Storage_eu-north-europe 145863
Get_Azure_eu-north-europe 95548
Get_Thrift_Server_Storage_eu-north-europe 95856
Get_Azure_eu-north-europe 41345
Get_Thrift_Server_Storage_eu-north-europe 41381
Get_Azure_eu-north-europe 109916
Get_Thrift_Server_Storage_eu-north-europe 109949
Get_Azure_eu-north-europe 161897
Get_Thrift_Server_Storage_eu-north-europe 161934
Get_Azure_eu-north-europe 92891
Get_Thrift_Server_Storage_eu-north-europe 92909
Get_Azure_eu-north-europe 114314
Get_Thrift_Server_Storage_eu-north-europe 114334
Get_Azure_eu-north-europe 169282
Get_Thrift_Server_Storage_eu-north-europe 169309
Get_Azure_eu-north-europe 182662
Get_Thrift_Server_Storage_eu-north-europe 182698
Get_Azure_eu-north-europe 75829
Get_Thrift_Server_Storage_eu-north-europe 75857
Get_Azure_eu-north-europe 193107
Get_Thrift_Server_Storage_eu-north-europe 193136
Get_Azure_eu-north-europe 32525
Get_Thrift_Server_Storage_eu-north-europe 32558
Get_Azure_eu-north-europe 149373
Get_Thrift_Server_Storage_eu-north-europe 149395
Get_Azure_eu-north-europe 246502
Get_Thrift_Server_Storage_eu-north-europe 246540
Get_Azure_eu-north-europe 124952
Get_Thrift_Server_Storage_eu-north-europe 124974
Get_Azure_eu-north-europe 200144
Get_Thrift_Server_Storage_eu-north-europe 200173
Get_Azure_eu-north-europe 343498
Get_Thrift_Server_Storage_eu-north-europe 343564
Get_Azure_eu-north-europe 165221
Get_Thrift_Server_Storage_eu-north-europe 165287
Get_Azure_eu-north-europe 433529
Get_Thrift_Server_Storage_eu-north-europe 433555
Get_Azure_eu-north-europe 277785
Get_Thrift_Server_Storage_eu-north-europe 277819
Get_Azure_eu-north-europe 30688
Get_Thrift_Server_Storage_eu-north-europe 30738
Get_Azure_eu-north-europe 130137
Get_Thrift_Server_Storage_eu-north-europe 130162
Get_Azure_eu-north-europe 172935
Get_Thrift_Server_Storage_eu-north-europe 172957
Get_Azure_eu-north-europe 55316
Get_Thrift_Server_Storage_eu-north-europe 55365
Get_Azure_eu-north-europe 97768
Get_Thrift_Server_Storage_eu-north-europe 97813
Get_Azure_eu-north-europe 209041
Get_Thrift_Server_Storage_eu-north-europe 209064
Get_Azure_eu-north-europe 158958
Get_Thrift_Server_Storage_eu-north-europe 159011
Get_Azure_eu-north-europe 73150
Get_Thrift_Server_Storage_eu-north-europe 73173
Get_Azure_eu-north-europe 316526
Get_Thrift_Server_Storage_eu-north-europe 316547
Get_Azure_eu-north-europe 77376
Get_Thrift_Server_Storage_eu-north-europe 77399
Get_Azure_eu-north-europe 35823
Get_Thrift_Server_Storage_eu-north-europe 35870
Get_Azure_eu-north-europe 219693
Get_Thrift_Server_Storage_eu-north-europe 219734
Get_Azure_eu-north-europe 340133
Get_Thrift_Server_Storage_eu-north-europe 340158
Get_Azure_eu-north-europe 43468
Get_Thrift_Server_Storage_eu-north-europe 43506
Get_Azure_eu-north-europe 47902
Get_Thrift_Server_Storage_eu-north-europe 47933
Get_Azure_eu-north-europe 202407
Get_Thrift_Server_Storage_eu-north-europe 202636
Get_Azure_eu-north-europe 219031
Get_Thrift_Server_Storage_eu-north-europe 219061
Get_Azure_eu-north-europe 240758
Get_Thrift_Server_Storage_eu-north-europe 240823
Get_Azure_eu-north-europe 50800
Get_Thrift_Server_Storage_eu-north-europe 50824
Get_Azure_eu-north-europe 66605
Get_Thrift_Server_Storage_eu-north-europe 66648
Get_Azure_eu-north-europe 40343
Get_Thrift_Server_Storage_eu-north-europe 40367
Get_Azure_eu-north-europe 59859
Get_Thrift_Server_Storage_eu-north-europe 59882
Get_Azure_eu-north-europe 58938
Get_Thrift_Server_Storage_eu-north-europe 58980
Get_Azure_eu-north-europe 42790
Get_Thrift_Server_Storage_eu-north-europe 42831
Get_Azure_eu-north-europe 54452
Get_Thrift_Server_Storage_eu-north-europe 54484
Get_Azure_eu-north-europe 139029
Get_Thrift_Server_Storage_eu-north-europe 139050
Get_Azure_eu-north-europe 90837
Get_Thrift_Server_Storage_eu-north-europe 90858
Get_Azure_eu-north-europe 84180
Get_Thrift_Server_Storage_eu-north-europe 84240
Get_Azure_eu-north-europe 71679
Get_Thrift_Server_Storage_eu-north-europe 71699
Get_Azure_eu-north-europe 85905
Get_Thrift_Server_Storage_eu-north-europe 85941
Get_Azure_eu-north-europe 207430
Get_Thrift_Server_Storage_eu-north-europe 207465
Get_Azure_eu-north-europe 95259
Get_Thrift_Server_Storage_eu-north-europe 95277
Get_Azure_eu-north-europe 205422
Get_Thrift_Server_Storage_eu-north-europe 205445
Get_Azure_eu-north-europe 233393
Get_Thrift_Server_Storage_eu-north-europe 233447
Get_Azure_eu-north-europe 69754
Get_Thrift_Server_Storage_eu-north-europe 69777
Get_Azure_eu-north-europe 129832
Get_Thrift_Server_Storage_eu-north-europe 129861
Get_Azure_eu-north-europe 74812
Get_Thrift_Server_Storage_eu-north-europe 74853
Get_Azure_eu-north-europe 48917
Get_Thrift_Server_Storage_eu-north-europe 48947
Get_Azure_eu-north-europe 126352
Get_Thrift_Server_Storage_eu-north-europe 126404
Get_Azure_eu-north-europe 60530
Get_Thrift_Server_Storage_eu-north-europe 60557
Get_Azure_eu-north-europe 80767
Get_Thrift_Server_Storage_eu-north-europe 80796
Get_Azure_eu-north-europe 26671
Get_Thrift_Server_Storage_eu-north-europe 26694
Get_Azure_eu-north-europe 76181
Get_Thrift_Server_Storage_eu-north-europe 76215
Get_Azure_eu-north-europe 55702
Get_Thrift_Server_Storage_eu-north-europe 55759
Get_Azure_eu-north-europe 77544
Get_Thrift_Server_Storage_eu-north-europe 77574
Get_Azure_eu-north-europe 48990
Get_Thrift_Server_Storage_eu-north-europe 49014
Get_Azure_eu-north-europe 101170
Get_Thrift_Server_Storage_eu-north-europe 101206
Get_Azure_eu-north-europe 197827
Get_Thrift_Server_Storage_eu-north-europe 197861
Get_Azure_eu-north-europe 193680
Get_Thrift_Server_Storage_eu-north-europe 193703
Get_Azure_eu-north-europe 38355
Get_Thrift_Server_Storage_eu-north-europe 38401
Get_Azure_eu-north-europe 40067
Get_Thrift_Server_Storage_eu-north-europe 40091
Get_Azure_eu-north-europe 81108
Get_Thrift_Server_Storage_eu-north-europe 81134
Get_Azure_eu-north-europe 150560
Get_Thrift_Server_Storage_eu-north-europe 150594
Get_Azure_eu-north-europe 52724
Get_Thrift_Server_Storage_eu-north-europe 52758
Get_Azure_eu-north-europe 51970
Get_Thrift_Server_Storage_eu-north-europe 51992
Get_Azure_eu-north-europe 211878
Get_Thrift_Server_Storage_eu-north-europe 211916
Get_Azure_eu-north-europe 66981
Get_Thrift_Server_Storage_eu-north-europe 67022
Get_Azure_eu-north-europe 38112
Get_Thrift_Server_Storage_eu-north-europe 38133
Get_Azure_eu-north-europe 76898
Get_Thrift_Server_Storage_eu-north-europe 76921
Get_Azure_eu-north-europe 52418
Get_Thrift_Server_Storage_eu-north-europe 52442
Get_Azure_eu-north-europe 187689
Get_Thrift_Server_Storage_eu-north-europe 187754
Get_Azure_eu-north-europe 42657
Get_Thrift_Server_Storage_eu-north-europe 42679
Get_Azure_eu-north-europe 35023
Get_Thrift_Server_Storage_eu-north-europe 35049
Get_Azure_eu-north-europe 68473
Get_Thrift_Server_Storage_eu-north-europe 68499
Get_Azure_eu-north-europe 32974
Get_Thrift_Server_Storage_eu-north-europe 33001
Get_Azure_eu-north-europe 66570
Get_Thrift_Server_Storage_eu-north-europe 66597
Get_Azure_eu-north-europe 38644
Get_Thrift_Server_Storage_eu-north-europe 38671
Get_Azure_eu-north-europe 118985
Get_Thrift_Server_Storage_eu-north-europe 119011
Get_Azure_eu-north-europe 52542
Get_Thrift_Server_Storage_eu-north-europe 52564
Get_Azure_eu-north-europe 70204
Get_Thrift_Server_Storage_eu-north-europe 70234
Get_Azure_eu-north-europe 83411
Get_Thrift_Server_Storage_eu-north-europe 83438
Get_Azure_eu-north-europe 43563
Get_Thrift_Server_Storage_eu-north-europe 43593
Get_Azure_eu-north-europe 51887
Get_Thrift_Server_Storage_eu-north-europe 51922
Get_Azure_eu-north-europe 37272
Get_Thrift_Server_Storage_eu-north-europe 37298
Get_Azure_eu-north-europe 60287
Get_Thrift_Server_Storage_eu-north-europe 60319
Get_Azure_eu-north-europe 36032
Get_Thrift_Server_Storage_eu-north-europe 36084
Get_Azure_eu-north-europe 88209
Get_Thrift_Server_Storage_eu-north-europe 88253
Get_Azure_eu-north-europe 45131
Get_Thrift_Server_Storage_eu-north-europe 45203
Get_Azure_eu-north-europe 41342
Get_Thrift_Server_Storage_eu-north-europe 41430
Get_Azure_eu-north-europe 67551
Get_Thrift_Server_Storage_eu-north-europe 67576
Get_Azure_eu-north-europe 83631
Get_Thrift_Server_Storage_eu-north-europe 83687
Get_Azure_eu-north-europe 64241
Get_Thrift_Server_Storage_eu-north-europe 64273
Get_Azure_eu-north-europe 46923
Get_Thrift_Server_Storage_eu-north-europe 46945
Get_Azure_eu-north-europe 50532
Get_Thrift_Server_Storage_eu-north-europe 50557
Get_Azure_eu-north-europe 73821
Get_Thrift_Server_Storage_eu-north-europe 73850
Get_Azure_eu-north-europe 105797
Get_Thrift_Server_Storage_eu-north-europe 105822
Get_Azure_eu-north-europe 71930
Get_Thrift_Server_Storage_eu-north-europe 71957
Get_Azure_eu-north-europe 129883
Get_Thrift_Server_Storage_eu-north-europe 129921
Get_Azure_eu-north-europe 83845
Get_Thrift_Server_Storage_eu-north-europe 83979
Get_Azure_eu-north-europe 74173
Get_Thrift_Server_Storage_eu-north-europe 74225
Get_Azure_eu-north-europe 60395
Get_Thrift_Server_Storage_eu-north-europe 60419
Get_Azure_eu-north-europe 114681
Get_Thrift_Server_Storage_eu-north-europe 114707
Get_Azure_eu-north-europe 34836
Get_Thrift_Server_Storage_eu-north-europe 34857
Get_Azure_eu-north-europe 59696
Get_Thrift_Server_Storage_eu-north-europe 59718
Get_Azure_eu-north-europe 31929
Get_Thrift_Server_Storage_eu-north-europe 31951
Get_Azure_eu-north-europe 113633
Get_Thrift_Server_Storage_eu-north-europe 113655
Get_Azure_eu-north-europe 55869
Get_Thrift_Server_Storage_eu-north-europe 55925
Get_Azure_eu-north-europe 94661
Get_Thrift_Server_Storage_eu-north-europe 94687
Get_Azure_eu-north-europe 39694
Get_Thrift_Server_Storage_eu-north-europe 39747
Get_Azure_eu-north-europe 21656
Get_Thrift_Server_Storage_eu-north-europe 21682
Get_Azure_eu-north-europe 47686
Get_Thrift_Server_Storage_eu-north-europe 47715
Get_Azure_eu-north-europe 81841
Get_Thrift_Server_Storage_eu-north-europe 81881
Get_Azure_eu-north-europe 75269
Get_Thrift_Server_Storage_eu-north-europe 75303
Get_Azure_eu-north-europe 81263
Get_Thrift_Server_Storage_eu-north-europe 81283
Get_Azure_eu-north-europe 31288
Get_Thrift_Server_Storage_eu-north-europe 31313
Get_Azure_eu-north-europe 54435
Get_Thrift_Server_Storage_eu-north-europe 54464
Get_Azure_eu-north-europe 51006
Get_Thrift_Server_Storage_eu-north-europe 51028
Get_Azure_eu-north-europe 32664
Get_Thrift_Server_Storage_eu-north-europe 32690
Get_Azure_eu-north-europe 77678
Get_Thrift_Server_Storage_eu-north-europe 77717
Get_Azure_eu-north-europe 104736
Get_Thrift_Server_Storage_eu-north-europe 104761
Get_Azure_eu-north-europe 72446
Get_Thrift_Server_Storage_eu-north-europe 72506
Get_Azure_eu-north-europe 33867
Get_Thrift_Server_Storage_eu-north-europe 33910
Get_Azure_eu-north-europe 57429
Get_Thrift_Server_Storage_eu-north-europe 57457
Get_Azure_eu-north-europe 20197
Get_Thrift_Server_Storage_eu-north-europe 20219
Get_Azure_eu-north-europe 94218
Get_Thrift_Server_Storage_eu-north-europe 94239
Get_Azure_eu-north-europe 20178
Get_Thrift_Server_Storage_eu-north-europe 20221
Get_Azure_eu-north-europe 57991
Get_Thrift_Server_Storage_eu-north-europe 58011
Get_Azure_eu-north-europe 31875
Get_Thrift_Server_Storage_eu-north-europe 31895
Get_Azure_eu-north-europe 20505
Get_Thrift_Server_Storage_eu-north-europe 20546
Get_Azure_eu-north-europe 56073
Get_Thrift_Server_Storage_eu-north-europe 56420
Get_Azure_eu-north-europe 71273
Get_Thrift_Server_Storage_eu-north-europe 71303
Get_Azure_eu-north-europe 29491
Get_Thrift_Server_Storage_eu-north-europe 29516
Get_Azure_eu-north-europe 64792
Get_Thrift_Server_Storage_eu-north-europe 64821
Get_Azure_eu-north-europe 90120
Get_Thrift_Server_Storage_eu-north-europe 90136
Get_Azure_eu-north-europe 31077
Get_Thrift_Server_Storage_eu-north-europe 31094
Get_Azure_eu-north-europe 28642
Get_Thrift_Server_Storage_eu-north-europe 28662
Get_Azure_eu-north-europe 41120
Get_Thrift_Server_Storage_eu-north-europe 41156
Get_Azure_eu-north-europe 43248
Get_Thrift_Server_Storage_eu-north-europe 43265
Get_Azure_eu-north-europe 27104
Get_Thrift_Server_Storage_eu-north-europe 27126
Get_Azure_eu-north-europe 45546
Get_Thrift_Server_Storage_eu-north-europe 45578
Get_Azure_eu-north-europe 76932
Get_Thrift_Server_Storage_eu-north-europe 76962
Get_Azure_eu-north-europe 79882
Get_Thrift_Server_Storage_eu-north-europe 79926
Get_Azure_eu-north-europe 82733
Get_Thrift_Server_Storage_eu-north-europe 82754
Get_Azure_eu-north-europe 75875
Get_Thrift_Server_Storage_eu-north-europe 75900
Get_Azure_eu-north-europe 122405
Get_Thrift_Server_Storage_eu-north-europe 122431
Get_Azure_eu-north-europe 87607
Get_Thrift_Server_Storage_eu-north-europe 87647
Get_Azure_eu-north-europe 45637
Get_Thrift_Server_Storage_eu-north-europe 45676
Get_Azure_eu-north-europe 26092
Get_Thrift_Server_Storage_eu-north-europe 26116
Get_Azure_eu-north-europe 34116
Get_Thrift_Server_Storage_eu-north-europe 34144
Get_Azure_eu-north-europe 48110
Get_Thrift_Server_Storage_eu-north-europe 48160
Get_Azure_eu-north-europe 21998
Get_Thrift_Server_Storage_eu-north-europe 22019
Get_Azure_eu-north-europe 38415
Get_Thrift_Server_Storage_eu-north-europe 38445
Get_Azure_eu-north-europe 42828
Get_Thrift_Server_Storage_eu-north-europe 42859
Get_Azure_eu-north-europe 31536
Get_Thrift_Server_Storage_eu-north-europe 31565
Get_Azure_eu-north-europe 23361
Get_Thrift_Server_Storage_eu-north-europe 23379
Get_Azure_eu-north-europe 77808
Get_Thrift_Server_Storage_eu-north-europe 77829
Get_Azure_eu-north-europe 53126
Get_Thrift_Server_Storage_eu-north-europe 53148
Get_Azure_eu-north-europe 31348
Get_Thrift_Server_Storage_eu-north-europe 31390
Get_Azure_eu-north-europe 87853
Get_Thrift_Server_Storage_eu-north-europe 87904
Get_Azure_eu-north-europe 19574
Get_Thrift_Server_Storage_eu-north-europe 19596
Get_Azure_eu-north-europe 47838
Get_Thrift_Server_Storage_eu-north-europe 47863
Get_Azure_eu-north-europe 35922
Get_Thrift_Server_Storage_eu-north-europe 35958
Get_Azure_eu-north-europe 50436
Get_Thrift_Server_Storage_eu-north-europe 50458
Get_Azure_eu-north-europe 61679
Get_Thrift_Server_Storage_eu-north-europe 61702
Get_Azure_eu-north-europe 69580
Get_Thrift_Server_Storage_eu-north-europe 69652
Get_Azure_eu-north-europe 37725
Get_Thrift_Server_Storage_eu-north-europe 37744
Get_Azure_eu-north-europe 35079
Get_Thrift_Server_Storage_eu-north-europe 35105
Get_Azure_eu-north-europe 17752
Get_Thrift_Server_Storage_eu-north-europe 17787
Get_Azure_eu-north-europe 20089
Get_Thrift_Server_Storage_eu-north-europe 20113
Get_Azure_eu-north-europe 29494
Get_Thrift_Server_Storage_eu-north-europe 29532
Get_Azure_eu-north-europe 56061
Get_Thrift_Server_Storage_eu-north-europe 56086
Get_Azure_eu-north-europe 28178
Get_Thrift_Server_Storage_eu-north-europe 28228
Get_Azure_eu-north-europe 49375
Get_Thrift_Server_Storage_eu-north-europe 49409
Get_Azure_eu-north-europe 39557
Get_Thrift_Server_Storage_eu-north-europe 39589
Get_Azure_eu-north-europe 28275
Get_Thrift_Server_Storage_eu-north-europe 28310
Get_Azure_eu-north-europe 23068
Get_Thrift_Server_Storage_eu-north-europe 23339
Get_Azure_eu-north-europe 24571
Get_Thrift_Server_Storage_eu-north-europe 24589
Get_Azure_eu-north-europe 39274
Get_Thrift_Server_Storage_eu-north-europe 39305
Get_Azure_eu-north-europe 23604
Get_Thrift_Server_Storage_eu-north-europe 23651
Get_Azure_eu-north-europe 25738
Get_Thrift_Server_Storage_eu-north-europe 25770
Get_Azure_eu-north-europe 43703
Get_Thrift_Server_Storage_eu-north-europe 43726
Get_Azure_eu-north-europe 19439
Get_Thrift_Server_Storage_eu-north-europe 19468
Get_Azure_eu-north-europe 44171
Get_Thrift_Server_Storage_eu-north-europe 44201
Get_Azure_eu-north-europe 34985
Get_Thrift_Server_Storage_eu-north-europe 35008
Get_Azure_eu-north-europe 20321
Get_Thrift_Server_Storage_eu-north-europe 20376
Get_Azure_eu-north-europe 24337
Get_Thrift_Server_Storage_eu-north-europe 24367
Get_Azure_eu-north-europe 39629
Get_Thrift_Server_Storage_eu-north-europe 39657
Get_Azure_eu-north-europe 37483
Get_Thrift_Server_Storage_eu-north-europe 37516
Get_Azure_eu-north-europe 45058
Get_Thrift_Server_Storage_eu-north-europe 45086
Get_Azure_eu-north-europe 35914
Get_Thrift_Server_Storage_eu-north-europe 35950
Get_Azure_eu-north-europe 59753
Get_Thrift_Server_Storage_eu-north-europe 59812
Get_Azure_eu-north-europe 31462
Get_Thrift_Server_Storage_eu-north-europe 31490
Get_Azure_eu-north-europe 22920
Get_Thrift_Server_Storage_eu-north-europe 22948
Get_Azure_eu-north-europe 44276
Get_Thrift_Server_Storage_eu-north-europe 44310
Get_Azure_eu-north-europe 21700
Get_Thrift_Server_Storage_eu-north-europe 21731
Get_Azure_eu-north-europe 24868
Get_Thrift_Server_Storage_eu-north-europe 24891
Get_Azure_eu-north-europe 37473
Get_Thrift_Server_Storage_eu-north-europe 37519
Get_Azure_eu-north-europe 40798
Get_Thrift_Server_Storage_eu-north-europe 40817
Get_Azure_eu-north-europe 29063
Get_Thrift_Server_Storage_eu-north-europe 29080
Get_Azure_eu-north-europe 20023
Get_Thrift_Server_Storage_eu-north-europe 20040
Get_Azure_eu-north-europe 77948
Get_Thrift_Server_Storage_eu-north-europe 77969
Get_Azure_eu-north-europe 194916
Get_Thrift_Server_Storage_eu-north-europe 194943
Get_Azure_eu-north-europe 20055
Get_Thrift_Server_Storage_eu-north-europe 20079
Get_Azure_eu-north-europe 39705
Get_Thrift_Server_Storage_eu-north-europe 39725
Get_Azure_eu-north-europe 64448
Get_Thrift_Server_Storage_eu-north-europe 64479
Get_Azure_eu-north-europe 33599
Get_Thrift_Server_Storage_eu-north-europe 33629
Get_Azure_eu-north-europe 18987
Get_Thrift_Server_Storage_eu-north-europe 19016
Get_Azure_eu-north-europe 68275
Get_Thrift_Server_Storage_eu-north-europe 68299
Get_Azure_eu-north-europe 130349
Get_Thrift_Server_Storage_eu-north-europe 130403
Get_Azure_eu-north-europe 112220
Get_Thrift_Server_Storage_eu-north-europe 112250
Get_Azure_eu-north-europe 21982
Get_Thrift_Server_Storage_eu-north-europe 22010
Get_Azure_eu-north-europe 32950
Get_Thrift_Server_Storage_eu-north-europe 32978
Get_Azure_eu-north-europe 48556
Get_Thrift_Server_Storage_eu-north-europe 48577
Get_Azure_eu-north-europe 60603
Get_Thrift_Server_Storage_eu-north-europe 60628
Get_Azure_eu-north-europe 64149
Get_Thrift_Server_Storage_eu-north-europe 64185
Get_Azure_eu-north-europe 42219
Get_Thrift_Server_Storage_eu-north-europe 42258
Get_Azure_eu-north-europe 49046
Get_Thrift_Server_Storage_eu-north-europe 49070
Get_Azure_eu-north-europe 34728
Get_Thrift_Server_Storage_eu-north-europe 34752
Get_Azure_eu-north-europe 29509
Get_Thrift_Server_Storage_eu-north-europe 29538
Get_Azure_eu-north-europe 60534
Get_Thrift_Server_Storage_eu-north-europe 60573
Get_Azure_eu-north-europe 58422
Get_Thrift_Server_Storage_eu-north-europe 58450
Get_Azure_eu-north-europe 89732
Get_Thrift_Server_Storage_eu-north-europe 89755
Get_Azure_eu-north-europe 349261
Get_Thrift_Server_Storage_eu-north-europe 349298
Get_Azure_eu-north-europe 79593
Get_Thrift_Server_Storage_eu-north-europe 79634
Get_Azure_eu-north-europe 165948
Get_Thrift_Server_Storage_eu-north-europe 165983
Get_Azure_eu-north-europe 121722
Get_Thrift_Server_Storage_eu-north-europe 121757
Get_Azure_eu-north-europe 91665
Get_Thrift_Server_Storage_eu-north-europe 91695
Get_Azure_eu-north-europe 76400
Get_Thrift_Server_Storage_eu-north-europe 76485
Get_Azure_eu-north-europe 62012
Get_Thrift_Server_Storage_eu-north-europe 62036
Get_Azure_eu-north-europe 89386
Get_Thrift_Server_Storage_eu-north-europe 89432
Get_Azure_eu-north-europe 82043
Get_Thrift_Server_Storage_eu-north-europe 82064
Get_Azure_eu-north-europe 50853
Get_Thrift_Server_Storage_eu-north-europe 50888
Get_Azure_eu-north-europe 167671
Get_Thrift_Server_Storage_eu-north-europe 167728
Get_Azure_eu-north-europe 74447
Get_Thrift_Server_Storage_eu-north-europe 74483
Get_Azure_eu-north-europe 39480
Get_Thrift_Server_Storage_eu-north-europe 39504
Get_Azure_eu-north-europe 54806
Get_Thrift_Server_Storage_eu-north-europe 54828
Get_Azure_eu-north-europe 37265
Get_Thrift_Server_Storage_eu-north-europe 37290
Get_Azure_eu-north-europe 38884
Get_Thrift_Server_Storage_eu-north-europe 38978
Get_Azure_eu-north-europe 50685
Get_Thrift_Server_Storage_eu-north-europe 50707
Get_Azure_eu-north-europe 63149
Get_Thrift_Server_Storage_eu-north-europe 63172
Get_Azure_eu-north-europe 19924
Get_Thrift_Server_Storage_eu-north-europe 19974
Get_Azure_eu-north-europe 25014
Get_Thrift_Server_Storage_eu-north-europe 25039
Get_Azure_eu-north-europe 352559
Get_Thrift_Server_Storage_eu-north-europe 352669
Get_Azure_eu-north-europe 26659
Get_Thrift_Server_Storage_eu-north-europe 26713
Get_Azure_eu-north-europe 39810
Get_Thrift_Server_Storage_eu-north-europe 39849
Get_Azure_eu-north-europe 54321
Get_Thrift_Server_Storage_eu-north-europe 54354
Get_Azure_eu-north-europe 19316
Get_Thrift_Server_Storage_eu-north-europe 19342
Get_Azure_eu-north-europe 20244
Get_Thrift_Server_Storage_eu-north-europe 20268
Get_Azure_eu-north-europe 190869
Get_Thrift_Server_Storage_eu-north-europe 190910
Get_Azure_eu-north-europe 116796
Get_Thrift_Server_Storage_eu-north-europe 116820
Get_Azure_eu-north-europe 57344
Get_Thrift_Server_Storage_eu-north-europe 57382
Get_Azure_eu-north-europe 40860
Get_Thrift_Server_Storage_eu-north-europe 40886
Get_Azure_eu-north-europe 68079
Get_Thrift_Server_Storage_eu-north-europe 68103
Get_Azure_eu-north-europe 42172
Get_Thrift_Server_Storage_eu-north-europe 42197
Get_Azure_eu-north-europe 59218
Get_Thrift_Server_Storage_eu-north-europe 59253
Get_Azure_eu-north-europe 41554
Get_Thrift_Server_Storage_eu-north-europe 41577
Get_Azure_eu-north-europe 41650
Get_Thrift_Server_Storage_eu-north-europe 41714
Get_Azure_eu-north-europe 44554
Get_Thrift_Server_Storage_eu-north-europe 44597
Get_Azure_eu-north-europe 58720
Get_Thrift_Server_Storage_eu-north-europe 58744
Get_Azure_eu-north-europe 36992
Get_Thrift_Server_Storage_eu-north-europe 37016
Get_Azure_eu-north-europe 42673
Get_Thrift_Server_Storage_eu-north-europe 42710
Get_Azure_eu-north-europe 31035
Get_Thrift_Server_Storage_eu-north-europe 31066
Get_Azure_eu-north-europe 90189
Get_Thrift_Server_Storage_eu-north-europe 90240
Get_Azure_eu-north-europe 49184
Get_Thrift_Server_Storage_eu-north-europe 49213
Get_Azure_eu-north-europe 166604
Get_Thrift_Server_Storage_eu-north-europe 166628
Get_Azure_eu-north-europe 58448
Get_Thrift_Server_Storage_eu-north-europe 58473
Get_Azure_eu-north-europe 69082
Get_Thrift_Server_Storage_eu-north-europe 69123
Get_Azure_eu-north-europe 76421
Get_Thrift_Server_Storage_eu-north-europe 76471
Get_Azure_eu-north-europe 43209
Get_Thrift_Server_Storage_eu-north-europe 43231
Get_Azure_eu-north-europe 46906
Get_Thrift_Server_Storage_eu-north-europe 46933
Get_Azure_eu-north-europe 47827
Get_Thrift_Server_Storage_eu-north-europe 47848
Get_Azure_eu-north-europe 45370
Get_Thrift_Server_Storage_eu-north-europe 45388
Get_Azure_eu-north-europe 95482
Get_Thrift_Server_Storage_eu-north-europe 95510
Get_Azure_eu-north-europe 47203
Get_Thrift_Server_Storage_eu-north-europe 47222
Get_Azure_eu-north-europe 32415
Get_Thrift_Server_Storage_eu-north-europe 32436
Get_Azure_eu-north-europe 38032
Get_Thrift_Server_Storage_eu-north-europe 38086
Get_Azure_eu-north-europe 39443
Get_Thrift_Server_Storage_eu-north-europe 39462
Get_Azure_eu-north-europe 25127
Get_Thrift_Server_Storage_eu-north-europe 25148
Get_Azure_eu-north-europe 24772
Get_Thrift_Server_Storage_eu-north-europe 24797
Get_Azure_eu-north-europe 101773
Get_Thrift_Server_Storage_eu-north-europe 101823
Get_Azure_eu-north-europe 64483
Get_Thrift_Server_Storage_eu-north-europe 64505
Get_Azure_eu-north-europe 53223
Get_Thrift_Server_Storage_eu-north-europe 53257
Get_Azure_eu-north-europe 98195
Get_Thrift_Server_Storage_eu-north-europe 98232
Get_Azure_eu-north-europe 56778
Get_Thrift_Server_Storage_eu-north-europe 56798
Get_Azure_eu-north-europe 35754
Get_Thrift_Server_Storage_eu-north-europe 35773
Get_Azure_eu-north-europe 38692
Get_Thrift_Server_Storage_eu-north-europe 38720
Get_Azure_eu-north-europe 24686
Get_Thrift_Server_Storage_eu-north-europe 24713
Get_Azure_eu-north-europe 18227
Get_Thrift_Server_Storage_eu-north-europe 18248
Get_Azure_eu-north-europe 34867
Get_Thrift_Server_Storage_eu-north-europe 34888
Get_Azure_eu-north-europe 29819
Get_Thrift_Server_Storage_eu-north-europe 29853
Get_Azure_eu-north-europe 43996
Get_Thrift_Server_Storage_eu-north-europe 44014
Get_Azure_eu-north-europe 45940
Get_Thrift_Server_Storage_eu-north-europe 45991
Get_Azure_eu-north-europe 44659
Get_Thrift_Server_Storage_eu-north-europe 44677
Get_Azure_eu-north-europe 71685
Get_Thrift_Server_Storage_eu-north-europe 71705
Get_Azure_eu-north-europe 59835
Get_Thrift_Server_Storage_eu-north-europe 59865
Get_Azure_eu-north-europe 114416
Get_Thrift_Server_Storage_eu-north-europe 114433
Get_Azure_eu-north-europe 41288
Get_Thrift_Server_Storage_eu-north-europe 41307
Get_Azure_eu-north-europe 41866
Get_Thrift_Server_Storage_eu-north-europe 41885
Get_Azure_eu-north-europe 56721
Get_Thrift_Server_Storage_eu-north-europe 56751
Get_Azure_eu-north-europe 163226
Get_Thrift_Server_Storage_eu-north-europe 163260
Get_Azure_eu-north-europe 43755
Get_Thrift_Server_Storage_eu-north-europe 43778
Get_Azure_eu-north-europe 54845
Get_Thrift_Server_Storage_eu-north-europe 54871
Get_Azure_eu-north-europe 42451
Get_Thrift_Server_Storage_eu-north-europe 42485
Get_Azure_eu-north-europe 28453
Get_Thrift_Server_Storage_eu-north-europe 28475
Get_Azure_eu-north-europe 87388
Get_Thrift_Server_Storage_eu-north-europe 87419
Get_Azure_eu-north-europe 125293
Get_Thrift_Server_Storage_eu-north-europe 125629
Get_Azure_eu-north-europe 35333
Get_Thrift_Server_Storage_eu-north-europe 35355
Get_Azure_eu-north-europe 38398
Get_Thrift_Server_Storage_eu-north-europe 38458
Get_Azure_eu-north-europe 57727
Get_Thrift_Server_Storage_eu-north-europe 57753
Get_Azure_eu-north-europe 222046
Get_Thrift_Server_Storage_eu-north-europe 222084
Get_Azure_eu-north-europe 25320
Get_Thrift_Server_Storage_eu-north-europe 25343
Get_Azure_eu-north-europe 40459
Get_Thrift_Server_Storage_eu-north-europe 40506
Get_Azure_eu-north-europe 80127
Get_Thrift_Server_Storage_eu-north-europe 80163
Get_Azure_eu-north-europe 21301
Get_Thrift_Server_Storage_eu-north-europe 21334
Get_Azure_eu-north-europe 39390
Get_Thrift_Server_Storage_eu-north-europe 39415
Get_Azure_eu-north-europe 29752
Get_Thrift_Server_Storage_eu-north-europe 29832
Get_Azure_eu-north-europe 58267
Get_Thrift_Server_Storage_eu-north-europe 58303
Get_Azure_eu-north-europe 98247
Get_Thrift_Server_Storage_eu-north-europe 98287
Get_Azure_eu-north-europe 106718
Get_Thrift_Server_Storage_eu-north-europe 106750
Get_Azure_eu-north-europe 341068
Get_Thrift_Server_Storage_eu-north-europe 341093
Get_Azure_eu-north-europe 54526
Get_Thrift_Server_Storage_eu-north-europe 54573
Get_Azure_eu-north-europe 36313
Get_Thrift_Server_Storage_eu-north-europe 36342
Get_Azure_eu-north-europe 40677
Get_Thrift_Server_Storage_eu-north-europe 40717
Get_Azure_eu-north-europe 87751
Get_Thrift_Server_Storage_eu-north-europe 87785
Get_Azure_eu-north-europe 96242
Get_Thrift_Server_Storage_eu-north-europe 96274
Get_Azure_eu-north-europe 55087
Get_Thrift_Server_Storage_eu-north-europe 55140
Get_Azure_eu-north-europe 53773
Get_Thrift_Server_Storage_eu-north-europe 53809
Get_Azure_eu-north-europe 80466
Get_Thrift_Server_Storage_eu-north-europe 80490
Get_Azure_eu-north-europe 55475
Get_Thrift_Server_Storage_eu-north-europe 55519
Get_Azure_eu-north-europe 73222
Get_Thrift_Server_Storage_eu-north-europe 73247
Get_Azure_eu-north-europe 97670
Get_Thrift_Server_Storage_eu-north-europe 97694
Get_Azure_eu-north-europe 31176
Get_Thrift_Server_Storage_eu-north-europe 31199
Get_Azure_eu-north-europe 35832
Get_Thrift_Server_Storage_eu-north-europe 35866
Get_Azure_eu-north-europe 76161
Get_Thrift_Server_Storage_eu-north-europe 76185
Get_Azure_eu-north-europe 65587
Get_Thrift_Server_Storage_eu-north-europe 65631
Get_Azure_eu-north-europe 49531
Get_Thrift_Server_Storage_eu-north-europe 49554
Get_Azure_eu-north-europe 118704
Get_Thrift_Server_Storage_eu-north-europe 118731
Get_Azure_eu-north-europe 66664
Get_Thrift_Server_Storage_eu-north-europe 66695
Get_Azure_eu-north-europe 81045
Get_Thrift_Server_Storage_eu-north-europe 81093
Get_Azure_eu-north-europe 40991
Get_Thrift_Server_Storage_eu-north-europe 41018
Get_Azure_eu-north-europe 41650
Get_Thrift_Server_Storage_eu-north-europe 41688
Get_Azure_eu-north-europe 117147
Get_Thrift_Server_Storage_eu-north-europe 117176
Get_Azure_eu-north-europe 67221
Get_Thrift_Server_Storage_eu-north-europe 67268
Get_Azure_eu-north-europe 81907
Get_Thrift_Server_Storage_eu-north-europe 81935
Get_Azure_eu-north-europe 41369
Get_Thrift_Server_Storage_eu-north-europe 41401
Get_Azure_eu-north-europe 44916
Get_Thrift_Server_Storage_eu-north-europe 44939
Get_Azure_eu-north-europe 54901
Get_Thrift_Server_Storage_eu-north-europe 54937
Get_Azure_eu-north-europe 38915
Get_Thrift_Server_Storage_eu-north-europe 38936
Get_Azure_eu-north-europe 168703
Get_Thrift_Server_Storage_eu-north-europe 168739
Get_Azure_eu-north-europe 80992
Get_Thrift_Server_Storage_eu-north-europe 81055
Get_Azure_eu-north-europe 44682
Get_Thrift_Server_Storage_eu-north-europe 44762
Get_Azure_eu-north-europe 22303
Get_Thrift_Server_Storage_eu-north-europe 22356
Get_Azure_eu-north-europe 41581
Get_Thrift_Server_Storage_eu-north-europe 41626
Get_Azure_eu-north-europe 73494
Get_Thrift_Server_Storage_eu-north-europe 73525
Get_Azure_eu-north-europe 33235
Get_Thrift_Server_Storage_eu-north-europe 33259
Get_Azure_eu-north-europe 45394
Get_Thrift_Server_Storage_eu-north-europe 45424
Get_Azure_eu-north-europe 40730
Get_Thrift_Server_Storage_eu-north-europe 40768
Get_Azure_eu-north-europe 28079
Get_Thrift_Server_Storage_eu-north-europe 28099
Get_Azure_eu-north-europe 21855
Get_Thrift_Server_Storage_eu-north-europe 21878
Get_Azure_eu-north-europe 46503
Get_Thrift_Server_Storage_eu-north-europe 46523
Get_Azure_eu-north-europe 90255
Get_Thrift_Server_Storage_eu-north-europe 90304
Get_Azure_eu-north-europe 140668
Get_Thrift_Server_Storage_eu-north-europe 140692
Get_Azure_eu-north-europe 18473
Get_Thrift_Server_Storage_eu-north-europe 18508
Get_Azure_eu-north-europe 34058
Get_Thrift_Server_Storage_eu-north-europe 34076
Get_Azure_eu-north-europe 122139
Get_Thrift_Server_Storage_eu-north-europe 122163
Get_Azure_eu-north-europe 40226
Get_Thrift_Server_Storage_eu-north-europe 40302
Get_Azure_eu-north-europe 68336
Get_Thrift_Server_Storage_eu-north-europe 68379
Get_Azure_eu-north-europe 196007
Get_Thrift_Server_Storage_eu-north-europe 196031
Get_Azure_eu-north-europe 288507
Get_Thrift_Server_Storage_eu-north-europe 288530
Get_Azure_eu-north-europe 125072
Get_Thrift_Server_Storage_eu-north-europe 125133
Get_Azure_eu-north-europe 37542
Get_Thrift_Server_Storage_eu-north-europe 37579
Get_Azure_eu-north-europe 121926
Get_Thrift_Server_Storage_eu-north-europe 121980
Get_Azure_eu-north-europe 152565
Get_Thrift_Server_Storage_eu-north-europe 152634
Get_Azure_eu-north-europe 33572
Get_Thrift_Server_Storage_eu-north-europe 33595
Get_Azure_eu-north-europe 164840
Get_Thrift_Server_Storage_eu-north-europe 164883
Get_Azure_eu-north-europe 19846
Get_Thrift_Server_Storage_eu-north-europe 19882
Get_Azure_eu-north-europe 65452
Get_Thrift_Server_Storage_eu-north-europe 65710
Get_Azure_eu-north-europe 52830
Get_Thrift_Server_Storage_eu-north-europe 52852
Get_Azure_eu-north-europe 29851
Get_Thrift_Server_Storage_eu-north-europe 29892
Get_Azure_eu-north-europe 34272
Get_Thrift_Server_Storage_eu-north-europe 34343
Get_Azure_eu-north-europe 110982
Get_Thrift_Server_Storage_eu-north-europe 111017
Get_Azure_eu-north-europe 95311
Get_Thrift_Server_Storage_eu-north-europe 95348
Get_Azure_eu-north-europe 133635
Get_Thrift_Server_Storage_eu-north-europe 133662
Get_Azure_eu-north-europe 107212
Get_Thrift_Server_Storage_eu-north-europe 107235
Get_Azure_eu-north-europe 72664
Get_Thrift_Server_Storage_eu-north-europe 72723
Get_Azure_eu-north-europe 48123
Get_Thrift_Server_Storage_eu-north-europe 48177
Get_Azure_eu-north-europe 57608
Get_Thrift_Server_Storage_eu-north-europe 57629
Get_Azure_eu-north-europe 40099
Get_Thrift_Server_Storage_eu-north-europe 40152
Get_Azure_eu-north-europe 21447
Get_Thrift_Server_Storage_eu-north-europe 21474
Get_Azure_eu-north-europe 40051
Get_Thrift_Server_Storage_eu-north-europe 40094
Get_Azure_eu-north-europe 34960
Get_Thrift_Server_Storage_eu-north-europe 34981
Get_Azure_eu-north-europe 47433
Get_Thrift_Server_Storage_eu-north-europe 47476
Get_Azure_eu-north-europe 20213
Get_Thrift_Server_Storage_eu-north-europe 20248
Get_Azure_eu-north-europe 21708
Get_Thrift_Server_Storage_eu-north-europe 21735
Get_Azure_eu-north-europe 34943
Get_Thrift_Server_Storage_eu-north-europe 34982
Get_Azure_eu-north-europe 18873
Get_Thrift_Server_Storage_eu-north-europe 18907
Get_Azure_eu-north-europe 19334
Get_Thrift_Server_Storage_eu-north-europe 19358
Get_Azure_eu-north-europe 43465
Get_Thrift_Server_Storage_eu-north-europe 43515
Get_Azure_eu-north-europe 24777
Get_Thrift_Server_Storage_eu-north-europe 24829
Get_Azure_eu-north-europe 73893
Get_Thrift_Server_Storage_eu-north-europe 73933
Get_Azure_eu-north-europe 49424
Get_Thrift_Server_Storage_eu-north-europe 49454
Get_Azure_eu-north-europe 39679
Get_Thrift_Server_Storage_eu-north-europe 39720
Get_Azure_eu-north-europe 46357
Get_Thrift_Server_Storage_eu-north-europe 46377
Get_Azure_eu-north-europe 25960
Get_Thrift_Server_Storage_eu-north-europe 26005
Get_Azure_eu-north-europe 23914
Get_Thrift_Server_Storage_eu-north-europe 23940
Get_Azure_eu-north-europe 117319
Get_Thrift_Server_Storage_eu-north-europe 117352
Get_Azure_eu-north-europe 19261
Get_Thrift_Server_Storage_eu-north-europe 19300
Get_Azure_eu-north-europe 64669
Get_Thrift_Server_Storage_eu-north-europe 64705
Get_Azure_eu-north-europe 40761
Get_Thrift_Server_Storage_eu-north-europe 40807
Get_Azure_eu-north-europe 43281
Get_Thrift_Server_Storage_eu-north-europe 43354
Get_Azure_eu-north-europe 48064
Get_Thrift_Server_Storage_eu-north-europe 48095
Get_Azure_eu-north-europe 63910
Get_Thrift_Server_Storage_eu-north-europe 63948
Get_Azure_eu-north-europe 18626
Get_Thrift_Server_Storage_eu-north-europe 18664
Get_Azure_eu-north-europe 20066
Get_Thrift_Server_Storage_eu-north-europe 20106
Get_Azure_eu-north-europe 19288
Get_Thrift_Server_Storage_eu-north-europe 19317
Get_Azure_eu-north-europe 29401
Get_Thrift_Server_Storage_eu-north-europe 29443
Get_Azure_eu-north-europe 33962
Get_Thrift_Server_Storage_eu-north-europe 33991
Get_Azure_eu-north-europe 48660
Get_Thrift_Server_Storage_eu-north-europe 48690
Get_Azure_eu-north-europe 21011
Get_Thrift_Server_Storage_eu-north-europe 21038
Get_Azure_eu-north-europe 19999
Get_Thrift_Server_Storage_eu-north-europe 20024
Get_Azure_eu-north-europe 33395
Get_Thrift_Server_Storage_eu-north-europe 33444
Get_Azure_eu-north-europe 45261
Get_Thrift_Server_Storage_eu-north-europe 45283
Get_Azure_eu-north-europe 174269
Get_Thrift_Server_Storage_eu-north-europe 174294
Get_Azure_eu-north-europe 257496
Get_Thrift_Server_Storage_eu-north-europe 257521
Get_Azure_eu-north-europe 188278
Get_Thrift_Server_Storage_eu-north-europe 188315
Get_Azure_eu-north-europe 65286
Get_Thrift_Server_Storage_eu-north-europe 65322
Get_Azure_eu-north-europe 67638
Get_Thrift_Server_Storage_eu-north-europe 67692
Get_Azure_eu-north-europe 36776
Get_Thrift_Server_Storage_eu-north-europe 36802
Get_Azure_eu-north-europe 52897
Get_Thrift_Server_Storage_eu-north-europe 52942
Get_Azure_eu-north-europe 17830
Get_Thrift_Server_Storage_eu-north-europe 17854
Get_Azure_eu-north-europe 71183
Get_Thrift_Server_Storage_eu-north-europe 71495
Get_Azure_eu-north-europe 37564
Get_Thrift_Server_Storage_eu-north-europe 37586
Get_Azure_eu-north-europe 19630
Get_Thrift_Server_Storage_eu-north-europe 19655
Get_Azure_eu-north-europe 19038
Get_Thrift_Server_Storage_eu-north-europe 19105
Get_Azure_eu-north-europe 30646
Get_Thrift_Server_Storage_eu-north-europe 30687
Get_Azure_eu-north-europe 38314
Get_Thrift_Server_Storage_eu-north-europe 38344
Get_Azure_eu-north-europe 41993
Get_Thrift_Server_Storage_eu-north-europe 42035
Get_Azure_eu-north-europe 22188
Get_Thrift_Server_Storage_eu-north-europe 22209
Get_Azure_eu-north-europe 19095
Get_Thrift_Server_Storage_eu-north-europe 19118
Get_Azure_eu-north-europe 62250
Get_Thrift_Server_Storage_eu-north-europe 62280
Get_Azure_eu-north-europe 34698
Get_Thrift_Server_Storage_eu-north-europe 34729
Get_Azure_eu-north-europe 26261
Get_Thrift_Server_Storage_eu-north-europe 26311
Get_Azure_eu-north-europe 78201
Get_Thrift_Server_Storage_eu-north-europe 78227
Get_Azure_eu-north-europe 36994
Get_Thrift_Server_Storage_eu-north-europe 37015
Get_Azure_eu-north-europe 25434
Get_Thrift_Server_Storage_eu-north-europe 25463
Get_Azure_eu-north-europe 18726
Get_Thrift_Server_Storage_eu-north-europe 18749
Get_Azure_eu-north-europe 22288
Get_Thrift_Server_Storage_eu-north-europe 22329
Get_Azure_eu-north-europe 56856
Get_Thrift_Server_Storage_eu-north-europe 56880
Get_Azure_eu-north-europe 38679
Get_Thrift_Server_Storage_eu-north-europe 38701
Get_Azure_eu-north-europe 37156
Get_Thrift_Server_Storage_eu-north-europe 37187
Get_Azure_eu-north-europe 59085
Get_Thrift_Server_Storage_eu-north-europe 59113
Get_Azure_eu-north-europe 33497
Get_Thrift_Server_Storage_eu-north-europe 33535
Get_Azure_eu-north-europe 61346
Get_Thrift_Server_Storage_eu-north-europe 61380
Get_Azure_eu-north-europe 70273
Get_Thrift_Server_Storage_eu-north-europe 70310
Get_Azure_eu-north-europe 65092
Get_Thrift_Server_Storage_eu-north-europe 65115
Get_Azure_eu-north-europe 71353
Get_Thrift_Server_Storage_eu-north-europe 71381
Get_Azure_eu-north-europe 85587
Get_Thrift_Server_Storage_eu-north-europe 85619
Get_Azure_eu-north-europe 55078
Get_Thrift_Server_Storage_eu-north-europe 55112
Get_Azure_eu-north-europe 81791
Get_Thrift_Server_Storage_eu-north-europe 81824
Get_Azure_eu-north-europe 68037
Get_Thrift_Server_Storage_eu-north-europe 68074
Get_Azure_eu-north-europe 73202
Get_Thrift_Server_Storage_eu-north-europe 73226
Get_Azure_eu-north-europe 111765
Get_Thrift_Server_Storage_eu-north-europe 111793
Get_Azure_eu-north-europe 39737
Get_Thrift_Server_Storage_eu-north-europe 39782
Get_Azure_eu-north-europe 37241
Get_Thrift_Server_Storage_eu-north-europe 37286
Get_Azure_eu-north-europe 81191
Get_Thrift_Server_Storage_eu-north-europe 81223
Get_Azure_eu-north-europe 67178
Get_Thrift_Server_Storage_eu-north-europe 67219
Get_Azure_eu-north-europe 35429
Get_Thrift_Server_Storage_eu-north-europe 35458
Get_Azure_eu-north-europe 42048
Get_Thrift_Server_Storage_eu-north-europe 42085
Get_Azure_eu-north-europe 110020
Get_Thrift_Server_Storage_eu-north-europe 110050
Get_Azure_eu-north-europe 101218
Get_Thrift_Server_Storage_eu-north-europe 101245
Get_Azure_eu-north-europe 106995
Get_Thrift_Server_Storage_eu-north-europe 107047
Get_Azure_eu-north-europe 59735
Get_Thrift_Server_Storage_eu-north-europe 59772
Get_Azure_eu-north-europe 77528
Get_Thrift_Server_Storage_eu-north-europe 77566
Get_Azure_eu-north-europe 77393
Get_Thrift_Server_Storage_eu-north-europe 77430
Get_Azure_eu-north-europe 87038
Get_Thrift_Server_Storage_eu-north-europe 87076
Get_Azure_eu-north-europe 82723
Get_Thrift_Server_Storage_eu-north-europe 82755
Get_Azure_eu-north-europe 56077
Get_Thrift_Server_Storage_eu-north-europe 56104
Get_Azure_eu-north-europe 40654
Get_Thrift_Server_Storage_eu-north-europe 40724
Get_Azure_eu-north-europe 68823
Get_Thrift_Server_Storage_eu-north-europe 68850
Get_Azure_eu-north-europe 84867
Get_Thrift_Server_Storage_eu-north-europe 84900
Get_Azure_eu-north-europe 44480
Get_Thrift_Server_Storage_eu-north-europe 44529
Get_Azure_eu-north-europe 35714
Get_Thrift_Server_Storage_eu-north-europe 35749
Get_Azure_eu-north-europe 83950
Get_Thrift_Server_Storage_eu-north-europe 83973
Get_Azure_eu-north-europe 73508
Get_Thrift_Server_Storage_eu-north-europe 73533
Get_Azure_eu-north-europe 50480
Get_Thrift_Server_Storage_eu-north-europe 50508
Get_Azure_eu-north-europe 32085
Get_Thrift_Server_Storage_eu-north-europe 32129
Get_Azure_eu-north-europe 18547
Get_Thrift_Server_Storage_eu-north-europe 18576
Get_Azure_eu-north-europe 32483
Get_Thrift_Server_Storage_eu-north-europe 32516
Get_Azure_eu-north-europe 141486
Get_Thrift_Server_Storage_eu-north-europe 141508
Get_Azure_eu-north-europe 54320
Get_Thrift_Server_Storage_eu-north-europe 54339
Get_Azure_eu-north-europe 39726
Get_Thrift_Server_Storage_eu-north-europe 39749
Get_Azure_eu-north-europe 102278
Get_Thrift_Server_Storage_eu-north-europe 102300
Get_Azure_eu-north-europe 39924
Get_Thrift_Server_Storage_eu-north-europe 39958
Get_Azure_eu-north-europe 31877
Get_Thrift_Server_Storage_eu-north-europe 31924
Get_Azure_eu-north-europe 37495
Get_Thrift_Server_Storage_eu-north-europe 37526
Get_Azure_eu-north-europe 42143
Get_Thrift_Server_Storage_eu-north-europe 42181
Get_Azure_eu-north-europe 51933
Get_Thrift_Server_Storage_eu-north-europe 51969
Get_Azure_eu-north-europe 114854
Get_Thrift_Server_Storage_eu-north-europe 114894
Get_Azure_eu-north-europe 68547
Get_Thrift_Server_Storage_eu-north-europe 68584
Get_Azure_eu-north-europe 41716
Get_Thrift_Server_Storage_eu-north-europe 41765
Get_Azure_eu-north-europe 29762
Get_Thrift_Server_Storage_eu-north-europe 29787
Get_Azure_eu-north-europe 98623
Get_Thrift_Server_Storage_eu-north-europe 98657
Get_Azure_eu-north-europe 81479
Get_Thrift_Server_Storage_eu-north-europe 81527
Get_Azure_eu-north-europe 73463
Get_Thrift_Server_Storage_eu-north-europe 73503
Get_Azure_eu-north-europe 45901
Get_Thrift_Server_Storage_eu-north-europe 45926
Get_Azure_eu-north-europe 26234
Get_Thrift_Server_Storage_eu-north-europe 26278
Get_Azure_eu-north-europe 30479
Get_Thrift_Server_Storage_eu-north-europe 30504
Get_Azure_eu-north-europe 53249
Get_Thrift_Server_Storage_eu-north-europe 53274
Get_Azure_eu-north-europe 18478
Get_Thrift_Server_Storage_eu-north-europe 18500
Get_Azure_eu-north-europe 27157
Get_Thrift_Server_Storage_eu-north-europe 27203
Get_Azure_eu-north-europe 98874
Get_Thrift_Server_Storage_eu-north-europe 98952
Get_Azure_eu-north-europe 70542
Get_Thrift_Server_Storage_eu-north-europe 70566
Get_Azure_eu-north-europe 19164
Get_Thrift_Server_Storage_eu-north-europe 19198
Get_Azure_eu-north-europe 118647
Get_Thrift_Server_Storage_eu-north-europe 118664
Get_Azure_eu-north-europe 64149
Get_Thrift_Server_Storage_eu-north-europe 64174
Get_Azure_eu-north-europe 59056
Get_Thrift_Server_Storage_eu-north-europe 59080
Get_Azure_eu-north-europe 51478
Get_Thrift_Server_Storage_eu-north-europe 51499
Get_Azure_eu-north-europe 48747
Get_Thrift_Server_Storage_eu-north-europe 48797
Get_Azure_eu-north-europe 44791
Get_Thrift_Server_Storage_eu-north-europe 44850
Get_Azure_eu-north-europe 18449
Get_Thrift_Server_Storage_eu-north-europe 18500
Get_Azure_eu-north-europe 32830
Get_Thrift_Server_Storage_eu-north-europe 32850
Get_Azure_eu-north-europe 36838
Get_Thrift_Server_Storage_eu-north-europe 36886
Get_Azure_eu-north-europe 97390
Get_Thrift_Server_Storage_eu-north-europe 97437
Get_Azure_eu-north-europe 39297
Get_Thrift_Server_Storage_eu-north-europe 39341
Get_Azure_eu-north-europe 30255
Get_Thrift_Server_Storage_eu-north-europe 30277
Get_Azure_eu-north-europe 19838
Get_Thrift_Server_Storage_eu-north-europe 19858
Get_Azure_eu-north-europe 23319
Get_Thrift_Server_Storage_eu-north-europe 23347
Get_Azure_eu-north-europe 20603
Get_Thrift_Server_Storage_eu-north-europe 20626
