Get_Azure_us-central 87159
Get_Thrift_Server_Storage_us-central 87205
Get_Azure_us-central 66431
Get_Thrift_Server_Storage_us-central 66458
Get_Azure_us-central 32631
Get_Thrift_Server_Storage_us-central 32654
Get_Azure_us-central 80062
Get_Thrift_Server_Storage_us-central 80085
Get_Azure_us-central 37981
Get_Thrift_Server_Storage_us-central 38177
Get_Azure_us-central 55681
Get_Thrift_Server_Storage_us-central 55703
Get_Azure_us-central 33925
Get_Thrift_Server_Storage_us-central 33952
Get_Azure_us-central 154597
Get_Thrift_Server_Storage_us-central 154624
Get_Azure_us-central 56176
Get_Thrift_Server_Storage_us-central 56208
Get_Azure_us-central 19259
Get_Thrift_Server_Storage_us-central 19285
Get_Azure_us-central 44402
Get_Thrift_Server_Storage_us-central 44438
Get_Azure_us-central 51383
Get_Thrift_Server_Storage_us-central 51403
Get_Azure_us-central 55548
Get_Thrift_Server_Storage_us-central 55586
Get_Azure_us-central 55658
Get_Thrift_Server_Storage_us-central 55688
Get_Azure_us-central 31018
Get_Thrift_Server_Storage_us-central 31037
Get_Azure_us-central 18629
Get_Thrift_Server_Storage_us-central 18655
Get_Azure_us-central 84305
Get_Thrift_Server_Storage_us-central 84324
Get_Azure_us-central 21840
Get_Thrift_Server_Storage_us-central 21865
Get_Azure_us-central 30884
Get_Thrift_Server_Storage_us-central 30904
Get_Azure_us-central 21866
Get_Thrift_Server_Storage_us-central 21890
Get_Azure_us-central 20678
Get_Thrift_Server_Storage_us-central 20702
Get_Azure_us-central 21615
Get_Thrift_Server_Storage_us-central 21635
Get_Azure_us-central 52104
Get_Thrift_Server_Storage_us-central 52127
Get_Azure_us-central 56442
Get_Thrift_Server_Storage_us-central 56460
Get_Azure_us-central 49475
Get_Thrift_Server_Storage_us-central 49493
Get_Azure_us-central 31595
Get_Thrift_Server_Storage_us-central 31615
Get_Azure_us-central 16983
Get_Thrift_Server_Storage_us-central 17001
Get_Azure_us-central 19690
Get_Thrift_Server_Storage_us-central 19715
Get_Azure_us-central 57780
Get_Thrift_Server_Storage_us-central 57802
Get_Azure_us-central 57988
Get_Thrift_Server_Storage_us-central 58010
Get_Azure_us-central 19628
Get_Thrift_Server_Storage_us-central 19652
Get_Azure_us-central 28474
Get_Thrift_Server_Storage_us-central 28498
Get_Azure_us-central 20287
Get_Thrift_Server_Storage_us-central 20308
Get_Azure_us-central 42384
Get_Thrift_Server_Storage_us-central 42407
Get_Azure_us-central 20571
Get_Thrift_Server_Storage_us-central 20589
Get_Azure_us-central 19138
Get_Thrift_Server_Storage_us-central 19160
Get_Azure_us-central 19459
Get_Thrift_Server_Storage_us-central 19478
Get_Azure_us-central 18514
Get_Thrift_Server_Storage_us-central 18533
Get_Azure_us-central 30115
Get_Thrift_Server_Storage_us-central 30136
Get_Azure_us-central 18073
Get_Thrift_Server_Storage_us-central 18094
Get_Azure_us-central 67184
Get_Thrift_Server_Storage_us-central 67203
Get_Azure_us-central 52776
Get_Thrift_Server_Storage_us-central 52794
Get_Azure_us-central 49543
Get_Thrift_Server_Storage_us-central 49564
Get_Azure_us-central 37453
Get_Thrift_Server_Storage_us-central 37473
Get_Azure_us-central 18655
Get_Thrift_Server_Storage_us-central 18680
Get_Azure_us-central 18924
Get_Thrift_Server_Storage_us-central 18943
Get_Azure_us-central 19880
Get_Thrift_Server_Storage_us-central 19902
Get_Azure_us-central 63210
Get_Thrift_Server_Storage_us-central 63227
Get_Azure_us-central 59136
Get_Thrift_Server_Storage_us-central 59153
Get_Azure_us-central 21907
Get_Thrift_Server_Storage_us-central 21927
Get_Azure_us-central 52731
Get_Thrift_Server_Storage_us-central 52753
Get_Azure_us-central 20820
Get_Thrift_Server_Storage_us-central 20842
Get_Azure_us-central 20632
Get_Thrift_Server_Storage_us-central 20653
Get_Azure_us-central 24847
Get_Thrift_Server_Storage_us-central 24863
Get_Azure_us-central 18485
Get_Thrift_Server_Storage_us-central 18507
Get_Azure_us-central 18876
Get_Thrift_Server_Storage_us-central 18894
Get_Azure_us-central 19086
Get_Thrift_Server_Storage_us-central 19104
Get_Azure_us-central 20310
Get_Thrift_Server_Storage_us-central 20330
Get_Azure_us-central 20667
Get_Thrift_Server_Storage_us-central 20684
Get_Azure_us-central 18816
Get_Thrift_Server_Storage_us-central 18840
Get_Azure_us-central 27200
Get_Thrift_Server_Storage_us-central 27222
Get_Azure_us-central 26505
Get_Thrift_Server_Storage_us-central 26521
Get_Azure_us-central 45837
Get_Thrift_Server_Storage_us-central 45861
Get_Azure_us-central 18823
Get_Thrift_Server_Storage_us-central 18845
Get_Azure_us-central 16181
Get_Thrift_Server_Storage_us-central 16197
Get_Azure_us-central 19510
Get_Thrift_Server_Storage_us-central 19535
Get_Azure_us-central 16625
Get_Thrift_Server_Storage_us-central 16652
Get_Azure_us-central 16722
Get_Thrift_Server_Storage_us-central 16741
Get_Azure_us-central 16441
Get_Thrift_Server_Storage_us-central 16469
Get_Azure_us-central 20072
Get_Thrift_Server_Storage_us-central 20139
Get_Azure_us-central 19039
Get_Thrift_Server_Storage_us-central 19062
Get_Azure_us-central 40133
Get_Thrift_Server_Storage_us-central 40152
Get_Azure_us-central 24762
Get_Thrift_Server_Storage_us-central 24787
Get_Azure_us-central 18721
Get_Thrift_Server_Storage_us-central 18747
Get_Azure_us-central 42181
Get_Thrift_Server_Storage_us-central 42207
Get_Azure_us-central 17310
Get_Thrift_Server_Storage_us-central 17338
Get_Azure_us-central 28407
Get_Thrift_Server_Storage_us-central 28433
Get_Azure_us-central 19908
Get_Thrift_Server_Storage_us-central 19929
Get_Azure_us-central 20824
Get_Thrift_Server_Storage_us-central 20841
Get_Azure_us-central 17840
Get_Thrift_Server_Storage_us-central 17863
Get_Azure_us-central 27382
Get_Thrift_Server_Storage_us-central 27405
Get_Azure_us-central 34704
Get_Thrift_Server_Storage_us-central 34727
Get_Azure_us-central 21223
Get_Thrift_Server_Storage_us-central 21246
Get_Azure_us-central 20211
Get_Thrift_Server_Storage_us-central 20233
Get_Azure_us-central 18468
Get_Thrift_Server_Storage_us-central 18486
Get_Azure_us-central 17078
Get_Thrift_Server_Storage_us-central 17099
Get_Azure_us-central 21106
Get_Thrift_Server_Storage_us-central 21122
Get_Azure_us-central 117305
Get_Thrift_Server_Storage_us-central 117327
Get_Azure_us-central 20310
Get_Thrift_Server_Storage_us-central 20332
Get_Azure_us-central 18853
Get_Thrift_Server_Storage_us-central 18885
Get_Azure_us-central 19555
Get_Thrift_Server_Storage_us-central 19575
Get_Azure_us-central 44846
Get_Thrift_Server_Storage_us-central 44868
Get_Azure_us-central 18624
Get_Thrift_Server_Storage_us-central 18641
Get_Azure_us-central 77006
Get_Thrift_Server_Storage_us-central 77024
Get_Azure_us-central 20110
Get_Thrift_Server_Storage_us-central 20130
Get_Azure_us-central 200136
Get_Thrift_Server_Storage_us-central 200156
Get_Azure_us-central 18814
Get_Thrift_Server_Storage_us-central 18835
Get_Azure_us-central 18638
Get_Thrift_Server_Storage_us-central 18659
Get_Azure_us-central 19919
Get_Thrift_Server_Storage_us-central 19937
Get_Azure_us-central 18101
Get_Thrift_Server_Storage_us-central 18122
Get_Azure_us-central 19322
Get_Thrift_Server_Storage_us-central 19343
Get_Azure_us-central 17389
Get_Thrift_Server_Storage_us-central 17410
Get_Azure_us-central 16233
Get_Thrift_Server_Storage_us-central 16250
Get_Azure_us-central 17146
Get_Thrift_Server_Storage_us-central 17162
Get_Azure_us-central 20508
Get_Thrift_Server_Storage_us-central 20529
Get_Azure_us-central 17607
Get_Thrift_Server_Storage_us-central 17625
Get_Azure_us-central 19594
Get_Thrift_Server_Storage_us-central 19616
Get_Azure_us-central 25637
Get_Thrift_Server_Storage_us-central 25660
Get_Azure_us-central 21837
Get_Thrift_Server_Storage_us-central 21863
Get_Azure_us-central 29006
Get_Thrift_Server_Storage_us-central 29038
Get_Azure_us-central 15397
Get_Thrift_Server_Storage_us-central 15428
Get_Azure_us-central 21634
Get_Thrift_Server_Storage_us-central 21660
Get_Azure_us-central 23031
Get_Thrift_Server_Storage_us-central 23058
Get_Azure_us-central 16204
Get_Thrift_Server_Storage_us-central 16224
Get_Azure_us-central 16930
Get_Thrift_Server_Storage_us-central 16949
Get_Azure_us-central 19461
Get_Thrift_Server_Storage_us-central 19478
Get_Azure_us-central 39372
Get_Thrift_Server_Storage_us-central 39396
Get_Azure_us-central 21904
Get_Thrift_Server_Storage_us-central 21921
Get_Azure_us-central 32934
Get_Thrift_Server_Storage_us-central 32957
Get_Azure_us-central 20426
Get_Thrift_Server_Storage_us-central 20459
Get_Azure_us-central 19268
Get_Thrift_Server_Storage_us-central 19290
Get_Azure_us-central 25657
Get_Thrift_Server_Storage_us-central 25689
Get_Azure_us-central 18525
Get_Thrift_Server_Storage_us-central 18543
Get_Azure_us-central 46176
Get_Thrift_Server_Storage_us-central 46198
Get_Azure_us-central 19162
Get_Thrift_Server_Storage_us-central 19183
Get_Azure_us-central 33222
Get_Thrift_Server_Storage_us-central 33244
Get_Azure_us-central 34684
Get_Thrift_Server_Storage_us-central 34703
Get_Azure_us-central 47172
Get_Thrift_Server_Storage_us-central 47196
Get_Azure_us-central 36673
Get_Thrift_Server_Storage_us-central 36696
Get_Azure_us-central 55439
Get_Thrift_Server_Storage_us-central 55461
Get_Azure_us-central 31420
Get_Thrift_Server_Storage_us-central 31438
Get_Azure_us-central 21721
Get_Thrift_Server_Storage_us-central 21737
Get_Azure_us-central 40533
Get_Thrift_Server_Storage_us-central 40551
Get_Azure_us-central 54882
Get_Thrift_Server_Storage_us-central 54900
Get_Azure_us-central 15960
Get_Thrift_Server_Storage_us-central 15989
Get_Azure_us-central 15591
Get_Thrift_Server_Storage_us-central 15615
Get_Azure_us-central 233060
Get_Thrift_Server_Storage_us-central 233080
Get_Azure_us-central 32762
Get_Thrift_Server_Storage_us-central 32779
Get_Azure_us-central 117597
Get_Thrift_Server_Storage_us-central 117625
Get_Azure_us-central 46798
Get_Thrift_Server_Storage_us-central 46820
Get_Azure_us-central 17705
Get_Thrift_Server_Storage_us-central 17727
Get_Azure_us-central 19311
Get_Thrift_Server_Storage_us-central 19335
Get_Azure_us-central 39308
Get_Thrift_Server_Storage_us-central 39330
Get_Azure_us-central 20253
Get_Thrift_Server_Storage_us-central 20276
Get_Azure_us-central 24001
Get_Thrift_Server_Storage_us-central 24023
Get_Azure_us-central 46417
Get_Thrift_Server_Storage_us-central 46439
Get_Azure_us-central 38563
Get_Thrift_Server_Storage_us-central 38590
Get_Azure_us-central 66735
Get_Thrift_Server_Storage_us-central 66760
Get_Azure_us-central 18060
Get_Thrift_Server_Storage_us-central 18085
Get_Azure_us-central 35278
Get_Thrift_Server_Storage_us-central 35301
Get_Azure_us-central 183071
Get_Thrift_Server_Storage_us-central 183090
Get_Azure_us-central 15535
Get_Thrift_Server_Storage_us-central 15576
Get_Azure_us-central 37336
Get_Thrift_Server_Storage_us-central 37370
Get_Azure_us-central 43760
Get_Thrift_Server_Storage_us-central 43789
Get_Azure_us-central 18827
Get_Thrift_Server_Storage_us-central 18850
Get_Azure_us-central 52905
Get_Thrift_Server_Storage_us-central 52928
Get_Azure_us-central 26462
Get_Thrift_Server_Storage_us-central 26484
Get_Azure_us-central 19502
Get_Thrift_Server_Storage_us-central 19524
Get_Azure_us-central 18743
Get_Thrift_Server_Storage_us-central 18761
Get_Azure_us-central 22423
Get_Thrift_Server_Storage_us-central 22450
Get_Azure_us-central 22402
Get_Thrift_Server_Storage_us-central 22426
Get_Azure_us-central 19874
Get_Thrift_Server_Storage_us-central 19897
Get_Azure_us-central 30331
Get_Thrift_Server_Storage_us-central 30349
Get_Azure_us-central 18118
Get_Thrift_Server_Storage_us-central 18137
Get_Azure_us-central 35388
Get_Thrift_Server_Storage_us-central 35407
Get_Azure_us-central 23464
Get_Thrift_Server_Storage_us-central 23485
Get_Azure_us-central 20748
Get_Thrift_Server_Storage_us-central 20774
Get_Azure_us-central 26729
Get_Thrift_Server_Storage_us-central 26765
Get_Azure_us-central 19645
Get_Thrift_Server_Storage_us-central 19672
Get_Azure_us-central 17077
Get_Thrift_Server_Storage_us-central 17100
Get_Azure_us-central 29009
Get_Thrift_Server_Storage_us-central 29033
Get_Azure_us-central 31698
Get_Thrift_Server_Storage_us-central 31716
Get_Azure_us-central 56654
Get_Thrift_Server_Storage_us-central 56676
Get_Azure_us-central 27127
Get_Thrift_Server_Storage_us-central 27153
Get_Azure_us-central 32050
Get_Thrift_Server_Storage_us-central 32077
Get_Azure_us-central 19361
Get_Thrift_Server_Storage_us-central 19396
Get_Azure_us-central 45313
Get_Thrift_Server_Storage_us-central 45333
Get_Azure_us-central 23456
Get_Thrift_Server_Storage_us-central 23476
Get_Azure_us-central 24503
Get_Thrift_Server_Storage_us-central 24525
Get_Azure_us-central 19796
Get_Thrift_Server_Storage_us-central 19817
Get_Azure_us-central 19428
Get_Thrift_Server_Storage_us-central 19451
Get_Azure_us-central 100888
Get_Thrift_Server_Storage_us-central 100906
Get_Azure_us-central 21216
Get_Thrift_Server_Storage_us-central 21234
Get_Azure_us-central 52144
Get_Thrift_Server_Storage_us-central 52162
Get_Azure_us-central 24588
Get_Thrift_Server_Storage_us-central 24611
Get_Azure_us-central 19119
Get_Thrift_Server_Storage_us-central 19140
Get_Azure_us-central 19214
Get_Thrift_Server_Storage_us-central 19237
Get_Azure_us-central 24245
Get_Thrift_Server_Storage_us-central 24266
Get_Azure_us-central 158821
Get_Thrift_Server_Storage_us-central 158846
Get_Azure_us-central 86234
Get_Thrift_Server_Storage_us-central 86258
Get_Azure_us-central 27039
Get_Thrift_Server_Storage_us-central 27058
Get_Azure_us-central 80704
Get_Thrift_Server_Storage_us-central 80725
Get_Azure_us-central 38742
Get_Thrift_Server_Storage_us-central 38766
Get_Azure_us-central 18668
Get_Thrift_Server_Storage_us-central 18684
Get_Azure_us-central 25895
Get_Thrift_Server_Storage_us-central 25918
Get_Azure_us-central 25559
Get_Thrift_Server_Storage_us-central 25579
Get_Azure_us-central 27425
Get_Thrift_Server_Storage_us-central 27447
Get_Azure_us-central 16887
Get_Thrift_Server_Storage_us-central 16913
Get_Azure_us-central 59753
Get_Thrift_Server_Storage_us-central 59782
Get_Azure_us-central 22491
Get_Thrift_Server_Storage_us-central 22515
Get_Azure_us-central 18714
Get_Thrift_Server_Storage_us-central 18731
Get_Azure_us-central 17782
Get_Thrift_Server_Storage_us-central 17809
Get_Azure_us-central 81096
Get_Thrift_Server_Storage_us-central 81117
Get_Azure_us-central 21139
Get_Thrift_Server_Storage_us-central 21160
Get_Azure_us-central 19161
Get_Thrift_Server_Storage_us-central 19182
Get_Azure_us-central 25604
Get_Thrift_Server_Storage_us-central 25633
Get_Azure_us-central 36538
Get_Thrift_Server_Storage_us-central 36564
Get_Azure_us-central 16871
Get_Thrift_Server_Storage_us-central 16894
Get_Azure_us-central 52730
Get_Thrift_Server_Storage_us-central 52753
Get_Azure_us-central 25962
Get_Thrift_Server_Storage_us-central 25983
Get_Azure_us-central 16235
Get_Thrift_Server_Storage_us-central 16255
Get_Azure_us-central 20628
Get_Thrift_Server_Storage_us-central 20649
Get_Azure_us-central 137630
Get_Thrift_Server_Storage_us-central 137653
Get_Azure_us-central 20557
Get_Thrift_Server_Storage_us-central 20579
Get_Azure_us-central 44020
Get_Thrift_Server_Storage_us-central 44046
Get_Azure_us-central 20906
Get_Thrift_Server_Storage_us-central 20936
Get_Azure_us-central 21776
Get_Thrift_Server_Storage_us-central 21797
Get_Azure_us-central 40411
Get_Thrift_Server_Storage_us-central 40431
Get_Azure_us-central 54502
Get_Thrift_Server_Storage_us-central 54529
Get_Azure_us-central 21763
Get_Thrift_Server_Storage_us-central 21782
Get_Azure_us-central 32809
Get_Thrift_Server_Storage_us-central 32828
Get_Azure_us-central 154437
Get_Thrift_Server_Storage_us-central 154462
Get_Azure_us-central 51951
Get_Thrift_Server_Storage_us-central 51977
Get_Azure_us-central 18671
Get_Thrift_Server_Storage_us-central 18695
Get_Azure_us-central 15977
Get_Thrift_Server_Storage_us-central 15997
Get_Azure_us-central 19643
Get_Thrift_Server_Storage_us-central 19664
Get_Azure_us-central 26749
Get_Thrift_Server_Storage_us-central 26773
Get_Azure_us-central 29763
Get_Thrift_Server_Storage_us-central 29782
Get_Azure_us-central 16294
Get_Thrift_Server_Storage_us-central 16321
Get_Azure_us-central 42533
Get_Thrift_Server_Storage_us-central 42556
Get_Azure_us-central 20588
Get_Thrift_Server_Storage_us-central 20611
Get_Azure_us-central 43120
Get_Thrift_Server_Storage_us-central 43142
Get_Azure_us-central 20028
Get_Thrift_Server_Storage_us-central 20045
Get_Azure_us-central 24138
Get_Thrift_Server_Storage_us-central 24156
Get_Azure_us-central 48732
Get_Thrift_Server_Storage_us-central 48756
Get_Azure_us-central 16482
Get_Thrift_Server_Storage_us-central 16505
Get_Azure_us-central 25847
Get_Thrift_Server_Storage_us-central 25869
Get_Azure_us-central 17914
Get_Thrift_Server_Storage_us-central 17931
Get_Azure_us-central 28136
Get_Thrift_Server_Storage_us-central 28157
Get_Azure_us-central 81575
Get_Thrift_Server_Storage_us-central 81592
Get_Azure_us-central 59048
Get_Thrift_Server_Storage_us-central 59071
Get_Azure_us-central 46940
Get_Thrift_Server_Storage_us-central 46963
Get_Azure_us-central 15132
Get_Thrift_Server_Storage_us-central 15154
Get_Azure_us-central 28680
Get_Thrift_Server_Storage_us-central 28702
Get_Azure_us-central 21643
Get_Thrift_Server_Storage_us-central 21662
Get_Azure_us-central 21432
Get_Thrift_Server_Storage_us-central 21456
Get_Azure_us-central 27594
Get_Thrift_Server_Storage_us-central 27613
Get_Azure_us-central 21502
Get_Thrift_Server_Storage_us-central 21521
Get_Azure_us-central 23967
Get_Thrift_Server_Storage_us-central 23989
Get_Azure_us-central 25235
Get_Thrift_Server_Storage_us-central 25256
Get_Azure_us-central 18404
Get_Thrift_Server_Storage_us-central 18426
Get_Azure_us-central 20009
Get_Thrift_Server_Storage_us-central 20033
Get_Azure_us-central 41714
Get_Thrift_Server_Storage_us-central 41735
Get_Azure_us-central 93235
Get_Thrift_Server_Storage_us-central 93255
Get_Azure_us-central 49467
Get_Thrift_Server_Storage_us-central 49484
Get_Azure_us-central 44245
Get_Thrift_Server_Storage_us-central 44269
Get_Azure_us-central 20164
Get_Thrift_Server_Storage_us-central 20192
Get_Azure_us-central 29207
Get_Thrift_Server_Storage_us-central 29228
Get_Azure_us-central 17960
Get_Thrift_Server_Storage_us-central 17982
Get_Azure_us-central 95735
Get_Thrift_Server_Storage_us-central 95758
Get_Azure_us-central 24448
Get_Thrift_Server_Storage_us-central 24477
Get_Azure_us-central 17000
Get_Thrift_Server_Storage_us-central 17025
Get_Azure_us-central 21882
Get_Thrift_Server_Storage_us-central 21904
Get_Azure_us-central 16612
Get_Thrift_Server_Storage_us-central 16635
Get_Azure_us-central 48065
Get_Thrift_Server_Storage_us-central 48090
Get_Azure_us-central 19363
Get_Thrift_Server_Storage_us-central 19386
Get_Azure_us-central 15962
Get_Thrift_Server_Storage_us-central 15980
Get_Azure_us-central 20360
Get_Thrift_Server_Storage_us-central 20379
Get_Azure_us-central 18998
Get_Thrift_Server_Storage_us-central 19015
Get_Azure_us-central 18380
Get_Thrift_Server_Storage_us-central 18398
Get_Azure_us-central 20816
Get_Thrift_Server_Storage_us-central 20836
Get_Azure_us-central 17215
Get_Thrift_Server_Storage_us-central 17237
Get_Azure_us-central 22527
Get_Thrift_Server_Storage_us-central 22549
Get_Azure_us-central 15257
Get_Thrift_Server_Storage_us-central 15274
Get_Azure_us-central 28939
Get_Thrift_Server_Storage_us-central 28970
Get_Azure_us-central 20958
Get_Thrift_Server_Storage_us-central 20985
Get_Azure_us-central 19788
Get_Thrift_Server_Storage_us-central 19810
Get_Azure_us-central 23165
Get_Thrift_Server_Storage_us-central 23192
Get_Azure_us-central 44371
Get_Thrift_Server_Storage_us-central 44407
Get_Azure_us-central 19759
Get_Thrift_Server_Storage_us-central 19788
Get_Azure_us-central 16561
Get_Thrift_Server_Storage_us-central 16579
Get_Azure_us-central 34192
Get_Thrift_Server_Storage_us-central 34215
Get_Azure_us-central 16725
Get_Thrift_Server_Storage_us-central 16753
Get_Azure_us-central 20632
Get_Thrift_Server_Storage_us-central 20650
Get_Azure_us-central 24197
Get_Thrift_Server_Storage_us-central 24234
Get_Azure_us-central 21231
Get_Thrift_Server_Storage_us-central 21255
Get_Azure_us-central 18386
Get_Thrift_Server_Storage_us-central 18411
Get_Azure_us-central 20068
Get_Thrift_Server_Storage_us-central 20091
Get_Azure_us-central 35081
Get_Thrift_Server_Storage_us-central 35105
Get_Azure_us-central 21803
Get_Thrift_Server_Storage_us-central 21820
Get_Azure_us-central 35540
Get_Thrift_Server_Storage_us-central 35556
Get_Azure_us-central 52742
Get_Thrift_Server_Storage_us-central 52766
Get_Azure_us-central 20603
Get_Thrift_Server_Storage_us-central 20630
Get_Azure_us-central 42061
Get_Thrift_Server_Storage_us-central 42085
Get_Azure_us-central 31499
Get_Thrift_Server_Storage_us-central 31517
Get_Azure_us-central 19401
Get_Thrift_Server_Storage_us-central 19420
Get_Azure_us-central 29418
Get_Thrift_Server_Storage_us-central 29435
Get_Azure_us-central 19758
Get_Thrift_Server_Storage_us-central 19776
Get_Azure_us-central 19872
Get_Thrift_Server_Storage_us-central 19897
Get_Azure_us-central 18123
Get_Thrift_Server_Storage_us-central 18141
Get_Azure_us-central 34592
Get_Thrift_Server_Storage_us-central 34615
Get_Azure_us-central 15460
Get_Thrift_Server_Storage_us-central 15478
Get_Azure_us-central 25553
Get_Thrift_Server_Storage_us-central 25584
Get_Azure_us-central 19733
Get_Thrift_Server_Storage_us-central 19753
Get_Azure_us-central 19691
Get_Thrift_Server_Storage_us-central 19711
Get_Azure_us-central 18070
Get_Thrift_Server_Storage_us-central 18093
Get_Azure_us-central 18246
Get_Thrift_Server_Storage_us-central 18264
Get_Azure_us-central 45875
Get_Thrift_Server_Storage_us-central 45896
Get_Azure_us-central 18913
Get_Thrift_Server_Storage_us-central 18933
Get_Azure_us-central 23161
Get_Thrift_Server_Storage_us-central 23178
Get_Azure_us-central 16303
Get_Thrift_Server_Storage_us-central 16321
Get_Azure_us-central 17292
Get_Thrift_Server_Storage_us-central 17309
Get_Azure_us-central 29934
Get_Thrift_Server_Storage_us-central 29957
Get_Azure_us-central 21022
Get_Thrift_Server_Storage_us-central 21045
Get_Azure_us-central 77920
Get_Thrift_Server_Storage_us-central 77948
Get_Azure_us-central 18033
Get_Thrift_Server_Storage_us-central 18060
Get_Azure_us-central 18543
Get_Thrift_Server_Storage_us-central 18570
Get_Azure_us-central 19377
Get_Thrift_Server_Storage_us-central 19402
Get_Azure_us-central 32963
Get_Thrift_Server_Storage_us-central 32985
Get_Azure_us-central 18825
Get_Thrift_Server_Storage_us-central 18843
Get_Azure_us-central 19642
Get_Thrift_Server_Storage_us-central 19672
Get_Azure_us-central 23763
Get_Thrift_Server_Storage_us-central 23787
Get_Azure_us-central 18248
Get_Thrift_Server_Storage_us-central 18279
Get_Azure_us-central 18900
Get_Thrift_Server_Storage_us-central 18922
Get_Azure_us-central 23011
Get_Thrift_Server_Storage_us-central 23035
Get_Azure_us-central 46655
Get_Thrift_Server_Storage_us-central 46678
Get_Azure_us-central 16939
Get_Thrift_Server_Storage_us-central 16957
Get_Azure_us-central 15686
Get_Thrift_Server_Storage_us-central 15706
Get_Azure_us-central 19171
Get_Thrift_Server_Storage_us-central 19190
Get_Azure_us-central 16349
Get_Thrift_Server_Storage_us-central 16370
Get_Azure_us-central 20911
Get_Thrift_Server_Storage_us-central 20939
Get_Azure_us-central 21196
Get_Thrift_Server_Storage_us-central 21218
Get_Azure_us-central 15716
Get_Thrift_Server_Storage_us-central 15738
Get_Azure_us-central 59497
Get_Thrift_Server_Storage_us-central 59517
Get_Azure_us-central 21385
Get_Thrift_Server_Storage_us-central 21405
Get_Azure_us-central 21983
Get_Thrift_Server_Storage_us-central 22006
Get_Azure_us-central 36315
Get_Thrift_Server_Storage_us-central 36333
Get_Azure_us-central 17876
Get_Thrift_Server_Storage_us-central 17897
Get_Azure_us-central 17223
Get_Thrift_Server_Storage_us-central 17242
Get_Azure_us-central 118253
Get_Thrift_Server_Storage_us-central 118275
Get_Azure_us-central 19966
Get_Thrift_Server_Storage_us-central 19985
Get_Azure_us-central 39000
Get_Thrift_Server_Storage_us-central 39019
Get_Azure_us-central 26312
Get_Thrift_Server_Storage_us-central 26335
Get_Azure_us-central 37210
Get_Thrift_Server_Storage_us-central 37234
Get_Azure_us-central 67719
Get_Thrift_Server_Storage_us-central 67742
Get_Azure_us-central 18597
Get_Thrift_Server_Storage_us-central 18629
Get_Azure_us-central 17969
Get_Thrift_Server_Storage_us-central 17993
Get_Azure_us-central 77604
Get_Thrift_Server_Storage_us-central 77627
Get_Azure_us-central 31877
Get_Thrift_Server_Storage_us-central 31900
Get_Azure_us-central 15351
Get_Thrift_Server_Storage_us-central 15371
Get_Azure_us-central 29492
Get_Thrift_Server_Storage_us-central 29511
Get_Azure_us-central 19940
Get_Thrift_Server_Storage_us-central 19964
Get_Azure_us-central 18196
Get_Thrift_Server_Storage_us-central 18219
Get_Azure_us-central 19826
Get_Thrift_Server_Storage_us-central 19844
Get_Azure_us-central 21194
Get_Thrift_Server_Storage_us-central 21215
Get_Azure_us-central 123465
Get_Thrift_Server_Storage_us-central 123483
Get_Azure_us-central 19313
Get_Thrift_Server_Storage_us-central 19331
Get_Azure_us-central 22048
Get_Thrift_Server_Storage_us-central 22073
Get_Azure_us-central 17235
Get_Thrift_Server_Storage_us-central 17255
Get_Azure_us-central 17054
Get_Thrift_Server_Storage_us-central 17092
Get_Azure_us-central 15802
Get_Thrift_Server_Storage_us-central 15822
Get_Azure_us-central 17027
Get_Thrift_Server_Storage_us-central 17057
Get_Azure_us-central 23729
Get_Thrift_Server_Storage_us-central 23756
Get_Azure_us-central 22578
Get_Thrift_Server_Storage_us-central 22604
Get_Azure_us-central 21303
Get_Thrift_Server_Storage_us-central 21329
Get_Azure_us-central 39836
Get_Thrift_Server_Storage_us-central 39855
Get_Azure_us-central 26687
Get_Thrift_Server_Storage_us-central 26710
Get_Azure_us-central 19805
Get_Thrift_Server_Storage_us-central 19830
Get_Azure_us-central 21904
Get_Thrift_Server_Storage_us-central 21932
Get_Azure_us-central 19684
Get_Thrift_Server_Storage_us-central 19705
Get_Azure_us-central 18535
Get_Thrift_Server_Storage_us-central 18562
Get_Azure_us-central 18481
Get_Thrift_Server_Storage_us-central 18505
Get_Azure_us-central 19900
Get_Thrift_Server_Storage_us-central 19926
Get_Azure_us-central 100921
Get_Thrift_Server_Storage_us-central 100945
Get_Azure_us-central 18736
Get_Thrift_Server_Storage_us-central 18758
Get_Azure_us-central 19313
Get_Thrift_Server_Storage_us-central 19329
Get_Azure_us-central 19568
Get_Thrift_Server_Storage_us-central 19590
Get_Azure_us-central 17805
Get_Thrift_Server_Storage_us-central 17822
Get_Azure_us-central 28139
Get_Thrift_Server_Storage_us-central 28157
Get_Azure_us-central 20313
Get_Thrift_Server_Storage_us-central 20335
Get_Azure_us-central 15616
Get_Thrift_Server_Storage_us-central 15644
Get_Azure_us-central 21209
Get_Thrift_Server_Storage_us-central 21238
Get_Azure_us-central 19248
Get_Thrift_Server_Storage_us-central 19270
Get_Azure_us-central 35390
Get_Thrift_Server_Storage_us-central 35413
Get_Azure_us-central 17399
Get_Thrift_Server_Storage_us-central 17417
Get_Azure_us-central 25332
Get_Thrift_Server_Storage_us-central 25349
Get_Azure_us-central 28539
Get_Thrift_Server_Storage_us-central 28557
Get_Azure_us-central 21512
Get_Thrift_Server_Storage_us-central 21533
Get_Azure_us-central 21005
Get_Thrift_Server_Storage_us-central 21023
Get_Azure_us-central 24031
Get_Thrift_Server_Storage_us-central 24053
Get_Azure_us-central 29771
Get_Thrift_Server_Storage_us-central 29790
Get_Azure_us-central 18847
Get_Thrift_Server_Storage_us-central 18865
Get_Azure_us-central 20432
Get_Thrift_Server_Storage_us-central 20449
Get_Azure_us-central 15583
Get_Thrift_Server_Storage_us-central 15604
Get_Azure_us-central 17826
Get_Thrift_Server_Storage_us-central 17847
Get_Azure_us-central 17963
Get_Thrift_Server_Storage_us-central 17984
Get_Azure_us-central 16953
Get_Thrift_Server_Storage_us-central 16977
Get_Azure_us-central 27966
Get_Thrift_Server_Storage_us-central 27988
Get_Azure_us-central 18847
Get_Thrift_Server_Storage_us-central 18872
Get_Azure_us-central 34501
Get_Thrift_Server_Storage_us-central 34523
Get_Azure_us-central 22369
Get_Thrift_Server_Storage_us-central 22392
Get_Azure_us-central 19778
Get_Thrift_Server_Storage_us-central 19800
Get_Azure_us-central 23237
Get_Thrift_Server_Storage_us-central 23258
Get_Azure_us-central 21202
Get_Thrift_Server_Storage_us-central 21223
Get_Azure_us-central 16031
Get_Thrift_Server_Storage_us-central 16048
Get_Azure_us-central 18283
Get_Thrift_Server_Storage_us-central 18303
Get_Azure_us-central 18071
Get_Thrift_Server_Storage_us-central 18088
Get_Azure_us-central 26917
Get_Thrift_Server_Storage_us-central 26933
Get_Azure_us-central 19257
Get_Thrift_Server_Storage_us-central 19278
Get_Azure_us-central 19406
Get_Thrift_Server_Storage_us-central 19429
Get_Azure_us-central 20072
Get_Thrift_Server_Storage_us-central 20088
Get_Azure_us-central 21925
Get_Thrift_Server_Storage_us-central 21942
Get_Azure_us-central 20963
Get_Thrift_Server_Storage_us-central 20983
Get_Azure_us-central 18870
Get_Thrift_Server_Storage_us-central 18886
Get_Azure_us-central 17181
Get_Thrift_Server_Storage_us-central 17206
Get_Azure_us-central 18844
Get_Thrift_Server_Storage_us-central 18873
Get_Azure_us-central 18324
Get_Thrift_Server_Storage_us-central 18357
Get_Azure_us-central 18522
Get_Thrift_Server_Storage_us-central 18542
Get_Azure_us-central 15037
Get_Thrift_Server_Storage_us-central 15060
Get_Azure_us-central 270979
Get_Thrift_Server_Storage_us-central 271000
Get_Azure_us-central 18202
Get_Thrift_Server_Storage_us-central 18232
Get_Azure_us-central 19619
Get_Thrift_Server_Storage_us-central 19643
Get_Azure_us-central 16105
Get_Thrift_Server_Storage_us-central 16130
Get_Azure_us-central 18428
Get_Thrift_Server_Storage_us-central 18453
Get_Azure_us-central 69901
Get_Thrift_Server_Storage_us-central 69921
Get_Azure_us-central 32877
Get_Thrift_Server_Storage_us-central 32903
Get_Azure_us-central 22742
Get_Thrift_Server_Storage_us-central 22766
Get_Azure_us-central 15168
Get_Thrift_Server_Storage_us-central 15194
Get_Azure_us-central 15462
Get_Thrift_Server_Storage_us-central 15488
Get_Azure_us-central 18573
Get_Thrift_Server_Storage_us-central 18591
Get_Azure_us-central 19305
Get_Thrift_Server_Storage_us-central 19328
Get_Azure_us-central 18201
Get_Thrift_Server_Storage_us-central 18228
Get_Azure_us-central 58087
Get_Thrift_Server_Storage_us-central 58107
Get_Azure_us-central 21363
Get_Thrift_Server_Storage_us-central 21381
Get_Azure_us-central 32076
Get_Thrift_Server_Storage_us-central 32098
Get_Azure_us-central 16408
Get_Thrift_Server_Storage_us-central 16429
Get_Azure_us-central 18944
Get_Thrift_Server_Storage_us-central 18960
Get_Azure_us-central 20213
Get_Thrift_Server_Storage_us-central 20238
Get_Azure_us-central 32103
Get_Thrift_Server_Storage_us-central 32130
Get_Azure_us-central 19274
Get_Thrift_Server_Storage_us-central 19296
Get_Azure_us-central 16876
Get_Thrift_Server_Storage_us-central 16904
Get_Azure_us-central 26704
Get_Thrift_Server_Storage_us-central 26728
Get_Azure_us-central 18109
Get_Thrift_Server_Storage_us-central 18134
Get_Azure_us-central 18351
Get_Thrift_Server_Storage_us-central 18371
Get_Azure_us-central 26046
Get_Thrift_Server_Storage_us-central 26084
Get_Azure_us-central 19556
Get_Thrift_Server_Storage_us-central 19578
Get_Azure_us-central 21525
Get_Thrift_Server_Storage_us-central 21566
Get_Azure_us-central 21647
Get_Thrift_Server_Storage_us-central 21674
Get_Azure_us-central 19044
Get_Thrift_Server_Storage_us-central 19076
Get_Azure_us-central 17144
Get_Thrift_Server_Storage_us-central 17167
Get_Azure_us-central 19052
Get_Thrift_Server_Storage_us-central 19082
Get_Azure_us-central 18967
Get_Thrift_Server_Storage_us-central 18984
Get_Azure_us-central 34715
Get_Thrift_Server_Storage_us-central 34738
Get_Azure_us-central 18263
Get_Thrift_Server_Storage_us-central 18285
Get_Azure_us-central 21211
Get_Thrift_Server_Storage_us-central 21228
Get_Azure_us-central 17640
Get_Thrift_Server_Storage_us-central 17659
Get_Azure_us-central 42904
Get_Thrift_Server_Storage_us-central 42923
Get_Azure_us-central 17120
Get_Thrift_Server_Storage_us-central 17139
Get_Azure_us-central 15845
Get_Thrift_Server_Storage_us-central 15868
Get_Azure_us-central 41450
Get_Thrift_Server_Storage_us-central 41477
Get_Azure_us-central 38437
Get_Thrift_Server_Storage_us-central 38462
Get_Azure_us-central 17989
Get_Thrift_Server_Storage_us-central 18021
Get_Azure_us-central 15592
Get_Thrift_Server_Storage_us-central 15608
Get_Azure_us-central 18647
Get_Thrift_Server_Storage_us-central 18679
Get_Azure_us-central 18606
Get_Thrift_Server_Storage_us-central 18631
Get_Azure_us-central 19327
Get_Thrift_Server_Storage_us-central 19350
Get_Azure_us-central 17378
Get_Thrift_Server_Storage_us-central 17402
Get_Azure_us-central 20150
Get_Thrift_Server_Storage_us-central 20168
Get_Azure_us-central 21939
Get_Thrift_Server_Storage_us-central 21956
Get_Azure_us-central 20043
Get_Thrift_Server_Storage_us-central 20071
Get_Azure_us-central 41523
Get_Thrift_Server_Storage_us-central 41548
Get_Azure_us-central 22970
Get_Thrift_Server_Storage_us-central 22991
Get_Azure_us-central 23930
Get_Thrift_Server_Storage_us-central 23962
Get_Azure_us-central 24047
Get_Thrift_Server_Storage_us-central 24076
Get_Azure_us-central 15641
Get_Thrift_Server_Storage_us-central 15668
Get_Azure_us-central 20905
Get_Thrift_Server_Storage_us-central 20926
Get_Azure_us-central 20766
Get_Thrift_Server_Storage_us-central 20788
Get_Azure_us-central 19165
Get_Thrift_Server_Storage_us-central 19188
Get_Azure_us-central 31720
Get_Thrift_Server_Storage_us-central 31739
Get_Azure_us-central 21661
Get_Thrift_Server_Storage_us-central 21680
Get_Azure_us-central 19564
Get_Thrift_Server_Storage_us-central 19590
Get_Azure_us-central 16555
Get_Thrift_Server_Storage_us-central 16574
Get_Azure_us-central 19098
Get_Thrift_Server_Storage_us-central 19125
Get_Azure_us-central 17700
Get_Thrift_Server_Storage_us-central 17728
Get_Azure_us-central 23538
Get_Thrift_Server_Storage_us-central 23562
Get_Azure_us-central 15766
Get_Thrift_Server_Storage_us-central 15792
Get_Azure_us-central 23675
Get_Thrift_Server_Storage_us-central 23705
Get_Azure_us-central 40507
Get_Thrift_Server_Storage_us-central 40534
Get_Azure_us-central 21970
Get_Thrift_Server_Storage_us-central 22000
Get_Azure_us-central 33738
Get_Thrift_Server_Storage_us-central 33765
Get_Azure_us-central 18905
Get_Thrift_Server_Storage_us-central 18935
Get_Azure_us-central 25695
Get_Thrift_Server_Storage_us-central 25725
Get_Azure_us-central 17576
Get_Thrift_Server_Storage_us-central 17604
Get_Azure_us-central 19064
Get_Thrift_Server_Storage_us-central 19083
Get_Azure_us-central 23219
Get_Thrift_Server_Storage_us-central 23245
Get_Azure_us-central 16620
Get_Thrift_Server_Storage_us-central 16650
Get_Azure_us-central 72541
Get_Thrift_Server_Storage_us-central 72563
Get_Azure_us-central 32639
Get_Thrift_Server_Storage_us-central 32659
Get_Azure_us-central 20255
Get_Thrift_Server_Storage_us-central 20273
Get_Azure_us-central 41945
Get_Thrift_Server_Storage_us-central 41969
Get_Azure_us-central 16502
Get_Thrift_Server_Storage_us-central 16524
Get_Azure_us-central 261160
Get_Thrift_Server_Storage_us-central 261186
Get_Azure_us-central 15967
Get_Thrift_Server_Storage_us-central 15989
Get_Azure_us-central 28947
Get_Thrift_Server_Storage_us-central 28967
Get_Azure_us-central 19496
Get_Thrift_Server_Storage_us-central 19526
Get_Azure_us-central 28046
Get_Thrift_Server_Storage_us-central 28066
Get_Azure_us-central 29047
Get_Thrift_Server_Storage_us-central 29070
Get_Azure_us-central 19199
Get_Thrift_Server_Storage_us-central 19222
Get_Azure_us-central 18967
Get_Thrift_Server_Storage_us-central 18992
Get_Azure_us-central 64720
Get_Thrift_Server_Storage_us-central 64742
Get_Azure_us-central 20770
Get_Thrift_Server_Storage_us-central 20792
Get_Azure_us-central 31926
Get_Thrift_Server_Storage_us-central 31946
Get_Azure_us-central 18028
Get_Thrift_Server_Storage_us-central 18050
Get_Azure_us-central 28926
Get_Thrift_Server_Storage_us-central 28952
Get_Azure_us-central 15667
Get_Thrift_Server_Storage_us-central 15694
Get_Azure_us-central 16274
Get_Thrift_Server_Storage_us-central 16306
Get_Azure_us-central 39278
Get_Thrift_Server_Storage_us-central 39303
Get_Azure_us-central 17826
Get_Thrift_Server_Storage_us-central 17845
Get_Azure_us-central 19566
Get_Thrift_Server_Storage_us-central 19589
Get_Azure_us-central 17325
Get_Thrift_Server_Storage_us-central 17344
Get_Azure_us-central 15661
Get_Thrift_Server_Storage_us-central 15679
Get_Azure_us-central 33194
Get_Thrift_Server_Storage_us-central 33216
Get_Azure_us-central 17910
Get_Thrift_Server_Storage_us-central 17933
Get_Azure_us-central 21307
Get_Thrift_Server_Storage_us-central 21325
Get_Azure_us-central 17112
Get_Thrift_Server_Storage_us-central 17129
Get_Azure_us-central 23419
Get_Thrift_Server_Storage_us-central 23440
Get_Azure_us-central 19481
Get_Thrift_Server_Storage_us-central 19514
Get_Azure_us-central 19653
Get_Thrift_Server_Storage_us-central 19678
Get_Azure_us-central 19149
Get_Thrift_Server_Storage_us-central 19173
Get_Azure_us-central 21904
Get_Thrift_Server_Storage_us-central 21926
Get_Azure_us-central 18824
Get_Thrift_Server_Storage_us-central 18850
Get_Azure_us-central 15325
Get_Thrift_Server_Storage_us-central 15345
Get_Azure_us-central 19856
Get_Thrift_Server_Storage_us-central 19878
Get_Azure_us-central 22146
Get_Thrift_Server_Storage_us-central 22164
Get_Azure_us-central 19154
Get_Thrift_Server_Storage_us-central 19174
Get_Azure_us-central 30865
Get_Thrift_Server_Storage_us-central 30903
Get_Azure_us-central 42505
Get_Thrift_Server_Storage_us-central 42524
Get_Azure_us-central 32686
Get_Thrift_Server_Storage_us-central 32710
Get_Azure_us-central 14915
Get_Thrift_Server_Storage_us-central 14940
Get_Azure_us-central 19577
Get_Thrift_Server_Storage_us-central 19599
Get_Azure_us-central 18192
Get_Thrift_Server_Storage_us-central 18216
Get_Azure_us-central 17113
Get_Thrift_Server_Storage_us-central 17133
Get_Azure_us-central 15345
Get_Thrift_Server_Storage_us-central 15368
Get_Azure_us-central 23791
Get_Thrift_Server_Storage_us-central 23817
Get_Azure_us-central 119928
Get_Thrift_Server_Storage_us-central 119948
Get_Azure_us-central 37361
Get_Thrift_Server_Storage_us-central 37386
Get_Azure_us-central 20105
Get_Thrift_Server_Storage_us-central 20133
Get_Azure_us-central 19823
Get_Thrift_Server_Storage_us-central 19845
Get_Azure_us-central 31226
Get_Thrift_Server_Storage_us-central 31246
Get_Azure_us-central 16043
Get_Thrift_Server_Storage_us-central 16061
Get_Azure_us-central 17171
Get_Thrift_Server_Storage_us-central 17194
Get_Azure_us-central 20461
Get_Thrift_Server_Storage_us-central 20483
Get_Azure_us-central 35915
Get_Thrift_Server_Storage_us-central 35942
Get_Azure_us-central 21350
Get_Thrift_Server_Storage_us-central 21381
Get_Azure_us-central 65786
Get_Thrift_Server_Storage_us-central 65812
Get_Azure_us-central 15244
Get_Thrift_Server_Storage_us-central 15270
Get_Azure_us-central 21926
Get_Thrift_Server_Storage_us-central 21951
Get_Azure_us-central 19872
Get_Thrift_Server_Storage_us-central 19894
Get_Azure_us-central 15904
Get_Thrift_Server_Storage_us-central 15922
Get_Azure_us-central 29928
Get_Thrift_Server_Storage_us-central 29954
Get_Azure_us-central 17639
Get_Thrift_Server_Storage_us-central 17661
Get_Azure_us-central 18260
Get_Thrift_Server_Storage_us-central 18284
Get_Azure_us-central 37429
Get_Thrift_Server_Storage_us-central 37447
Get_Azure_us-central 20060
Get_Thrift_Server_Storage_us-central 20081
Get_Azure_us-central 19894
Get_Thrift_Server_Storage_us-central 19922
Get_Azure_us-central 20826
Get_Thrift_Server_Storage_us-central 20850
Get_Azure_us-central 15298
Get_Thrift_Server_Storage_us-central 15319
Get_Azure_us-central 25336
Get_Thrift_Server_Storage_us-central 25355
Get_Azure_us-central 18957
Get_Thrift_Server_Storage_us-central 18975
Get_Azure_us-central 20509
Get_Thrift_Server_Storage_us-central 20531
Get_Azure_us-central 18012
Get_Thrift_Server_Storage_us-central 18037
Get_Azure_us-central 16178
Get_Thrift_Server_Storage_us-central 16201
Get_Azure_us-central 20656
Get_Thrift_Server_Storage_us-central 20676
Get_Azure_us-central 18939
Get_Thrift_Server_Storage_us-central 18961
Get_Azure_us-central 23113
Get_Thrift_Server_Storage_us-central 23144
Get_Azure_us-central 15470
Get_Thrift_Server_Storage_us-central 15492
Get_Azure_us-central 19912
Get_Thrift_Server_Storage_us-central 19933
Get_Azure_us-central 17481
Get_Thrift_Server_Storage_us-central 17504
Get_Azure_us-central 17384
Get_Thrift_Server_Storage_us-central 17401
Get_Azure_us-central 16664
Get_Thrift_Server_Storage_us-central 16683
Get_Azure_us-central 15122
Get_Thrift_Server_Storage_us-central 15141
Get_Azure_us-central 19810
Get_Thrift_Server_Storage_us-central 19826
Get_Azure_us-central 18577
Get_Thrift_Server_Storage_us-central 18601
Get_Azure_us-central 26039
Get_Thrift_Server_Storage_us-central 26068
Get_Azure_us-central 39131
Get_Thrift_Server_Storage_us-central 39161
Get_Azure_us-central 17838
Get_Thrift_Server_Storage_us-central 17864
Get_Azure_us-central 17871
Get_Thrift_Server_Storage_us-central 17894
Get_Azure_us-central 22522
Get_Thrift_Server_Storage_us-central 22546
Get_Azure_us-central 19888
Get_Thrift_Server_Storage_us-central 19909
Get_Azure_us-central 16215
Get_Thrift_Server_Storage_us-central 16238
Get_Azure_us-central 18346
Get_Thrift_Server_Storage_us-central 18371
Get_Azure_us-central 23684
Get_Thrift_Server_Storage_us-central 23701
Get_Azure_us-central 20505
Get_Thrift_Server_Storage_us-central 20524
Get_Azure_us-central 20557
Get_Thrift_Server_Storage_us-central 20581
Get_Azure_us-central 31070
Get_Thrift_Server_Storage_us-central 31092
Get_Azure_us-central 21144
Get_Thrift_Server_Storage_us-central 21165
Get_Azure_us-central 39742
Get_Thrift_Server_Storage_us-central 39761
Get_Azure_us-central 28664
Get_Thrift_Server_Storage_us-central 28684
Get_Azure_us-central 18457
Get_Thrift_Server_Storage_us-central 18474
Get_Azure_us-central 24527
Get_Thrift_Server_Storage_us-central 24550
Get_Azure_us-central 27983
Get_Thrift_Server_Storage_us-central 28002
Get_Azure_us-central 21430
Get_Thrift_Server_Storage_us-central 21452
Get_Azure_us-central 16511
Get_Thrift_Server_Storage_us-central 16530
Get_Azure_us-central 18727
Get_Thrift_Server_Storage_us-central 18752
Get_Azure_us-central 51409
Get_Thrift_Server_Storage_us-central 51438
Get_Azure_us-central 42001
Get_Thrift_Server_Storage_us-central 42022
Get_Azure_us-central 21384
Get_Thrift_Server_Storage_us-central 21403
Get_Azure_us-central 18783
Get_Thrift_Server_Storage_us-central 18804
Get_Azure_us-central 23871
Get_Thrift_Server_Storage_us-central 23889
Get_Azure_us-central 31808
Get_Thrift_Server_Storage_us-central 31831
Get_Azure_us-central 19890
Get_Thrift_Server_Storage_us-central 19908
Get_Azure_us-central 19961
Get_Thrift_Server_Storage_us-central 19983
Get_Azure_us-central 17499
Get_Thrift_Server_Storage_us-central 17540
Get_Azure_us-central 20921
Get_Thrift_Server_Storage_us-central 20941
Get_Azure_us-central 20654
Get_Thrift_Server_Storage_us-central 20676
Get_Azure_us-central 20494
Get_Thrift_Server_Storage_us-central 20515
Get_Azure_us-central 18419
Get_Thrift_Server_Storage_us-central 18442
Get_Azure_us-central 23010
Get_Thrift_Server_Storage_us-central 23027
Get_Azure_us-central 50149
Get_Thrift_Server_Storage_us-central 50172
Get_Azure_us-central 76474
Get_Thrift_Server_Storage_us-central 76497
Get_Azure_us-central 19749
Get_Thrift_Server_Storage_us-central 19771
Get_Azure_us-central 19057
Get_Thrift_Server_Storage_us-central 19085
Get_Azure_us-central 18712
Get_Thrift_Server_Storage_us-central 18735
Get_Azure_us-central 65499
Get_Thrift_Server_Storage_us-central 65520
Get_Azure_us-central 21554
Get_Thrift_Server_Storage_us-central 21576
Get_Azure_us-central 38581
Get_Thrift_Server_Storage_us-central 38616
Get_Azure_us-central 19107
Get_Thrift_Server_Storage_us-central 19139
Get_Azure_us-central 25859
Get_Thrift_Server_Storage_us-central 25886
Get_Azure_us-central 23791
Get_Thrift_Server_Storage_us-central 23821
Get_Azure_us-central 34681
Get_Thrift_Server_Storage_us-central 34708
Get_Azure_us-central 17738
Get_Thrift_Server_Storage_us-central 17766
Get_Azure_us-central 17484
Get_Thrift_Server_Storage_us-central 17505
Get_Azure_us-central 34852
Get_Thrift_Server_Storage_us-central 34880
Get_Azure_us-central 18513
Get_Thrift_Server_Storage_us-central 18536
Get_Azure_us-central 22291
Get_Thrift_Server_Storage_us-central 22311
Get_Azure_us-central 21656
Get_Thrift_Server_Storage_us-central 21678
Get_Azure_us-central 21782
Get_Thrift_Server_Storage_us-central 21808
Get_Azure_us-central 26182
Get_Thrift_Server_Storage_us-central 26209
Get_Azure_us-central 18842
Get_Thrift_Server_Storage_us-central 18869
Get_Azure_us-central 27529
Get_Thrift_Server_Storage_us-central 27554
Get_Azure_us-central 17285
Get_Thrift_Server_Storage_us-central 17380
Get_Azure_us-central 36579
Get_Thrift_Server_Storage_us-central 36610
Get_Azure_us-central 285206
Get_Thrift_Server_Storage_us-central 285234
Get_Azure_us-central 21696
Get_Thrift_Server_Storage_us-central 21723
Get_Azure_us-central 20454
Get_Thrift_Server_Storage_us-central 20478
Get_Azure_us-central 23793
Get_Thrift_Server_Storage_us-central 23817
Get_Azure_us-central 29001
Get_Thrift_Server_Storage_us-central 29029
Get_Azure_us-central 26294
Get_Thrift_Server_Storage_us-central 26314
Get_Azure_us-central 26167
Get_Thrift_Server_Storage_us-central 26187
Get_Azure_us-central 20353
Get_Thrift_Server_Storage_us-central 20371
Get_Azure_us-central 21891
Get_Thrift_Server_Storage_us-central 21908
Get_Azure_us-central 14431
Get_Thrift_Server_Storage_us-central 14448
Get_Azure_us-central 18555
Get_Thrift_Server_Storage_us-central 18578
Get_Azure_us-central 16078
Get_Thrift_Server_Storage_us-central 16100
Get_Azure_us-central 17759
Get_Thrift_Server_Storage_us-central 17781
Get_Azure_us-central 18731
Get_Thrift_Server_Storage_us-central 18749
Get_Azure_us-central 19458
Get_Thrift_Server_Storage_us-central 19482
Get_Azure_us-central 22414
Get_Thrift_Server_Storage_us-central 22436
Get_Azure_us-central 28918
Get_Thrift_Server_Storage_us-central 28937
Get_Azure_us-central 17296
Get_Thrift_Server_Storage_us-central 17318
Get_Azure_us-central 15763
Get_Thrift_Server_Storage_us-central 15781
Get_Azure_us-central 22402
Get_Thrift_Server_Storage_us-central 22424
Get_Azure_us-central 24239
Get_Thrift_Server_Storage_us-central 24257
Get_Azure_us-central 20965
Get_Thrift_Server_Storage_us-central 20983
Get_Azure_us-central 20287
Get_Thrift_Server_Storage_us-central 20307
Get_Azure_us-central 19519
Get_Thrift_Server_Storage_us-central 19539
Get_Azure_us-central 18911
Get_Thrift_Server_Storage_us-central 18931
Get_Azure_us-central 16857
Get_Thrift_Server_Storage_us-central 16877
Get_Azure_us-central 23450
Get_Thrift_Server_Storage_us-central 23482
Get_Azure_us-central 31275
Get_Thrift_Server_Storage_us-central 31296
Get_Azure_us-central 21440
Get_Thrift_Server_Storage_us-central 21462
Get_Azure_us-central 19176
Get_Thrift_Server_Storage_us-central 19196
Get_Azure_us-central 18164
Get_Thrift_Server_Storage_us-central 18187
Get_Azure_us-central 18245
Get_Thrift_Server_Storage_us-central 18264
Get_Azure_us-central 31325
Get_Thrift_Server_Storage_us-central 31348
Get_Azure_us-central 19391
Get_Thrift_Server_Storage_us-central 19408
Get_Azure_us-central 18929
Get_Thrift_Server_Storage_us-central 18953
Get_Azure_us-central 18132
Get_Thrift_Server_Storage_us-central 18151
Get_Azure_us-central 28592
Get_Thrift_Server_Storage_us-central 28610
Get_Azure_us-central 15635
Get_Thrift_Server_Storage_us-central 15661
Get_Azure_us-central 18819
Get_Thrift_Server_Storage_us-central 18838
Get_Azure_us-central 27749
Get_Thrift_Server_Storage_us-central 27774
Get_Azure_us-central 17772
Get_Thrift_Server_Storage_us-central 17789
Get_Azure_us-central 31517
Get_Thrift_Server_Storage_us-central 31543
Get_Azure_us-central 18876
Get_Thrift_Server_Storage_us-central 18908
Get_Azure_us-central 18023
Get_Thrift_Server_Storage_us-central 18045
Get_Azure_us-central 115696
Get_Thrift_Server_Storage_us-central 115716
Get_Azure_us-central 16085
Get_Thrift_Server_Storage_us-central 16111
Get_Azure_us-central 17411
Get_Thrift_Server_Storage_us-central 17431
Get_Azure_us-central 18939
Get_Thrift_Server_Storage_us-central 18959
Get_Azure_us-central 17183
Get_Thrift_Server_Storage_us-central 17202
Get_Azure_us-central 20380
Get_Thrift_Server_Storage_us-central 20403
Get_Azure_us-central 18906
Get_Thrift_Server_Storage_us-central 18926
Get_Azure_us-central 24265
Get_Thrift_Server_Storage_us-central 24286
Get_Azure_us-central 25765
Get_Thrift_Server_Storage_us-central 25791
Get_Azure_us-central 15602
Get_Thrift_Server_Storage_us-central 15629
Get_Azure_us-central 21184
Get_Thrift_Server_Storage_us-central 21208
Get_Azure_us-central 21080
Get_Thrift_Server_Storage_us-central 21104
Get_Azure_us-central 18408
Get_Thrift_Server_Storage_us-central 18425
Get_Azure_us-central 23695
Get_Thrift_Server_Storage_us-central 23714
Get_Azure_us-central 18926
Get_Thrift_Server_Storage_us-central 18946
Get_Azure_us-central 17570
Get_Thrift_Server_Storage_us-central 17592
Get_Azure_us-central 27445
Get_Thrift_Server_Storage_us-central 27467
Get_Azure_us-central 16275
Get_Thrift_Server_Storage_us-central 16294
Get_Azure_us-central 22953
Get_Thrift_Server_Storage_us-central 22975
Get_Azure_us-central 94618
Get_Thrift_Server_Storage_us-central 94644
Get_Azure_us-central 21374
Get_Thrift_Server_Storage_us-central 21398
Get_Azure_us-central 20081
Get_Thrift_Server_Storage_us-central 20107
Get_Azure_us-central 27463
Get_Thrift_Server_Storage_us-central 27489
Get_Azure_us-central 19649
Get_Thrift_Server_Storage_us-central 19679
Get_Azure_us-central 21521
Get_Thrift_Server_Storage_us-central 21548
Get_Azure_us-central 211878
Get_Thrift_Server_Storage_us-central 211908
Get_Azure_us-central 36979
Get_Thrift_Server_Storage_us-central 37005
Get_Azure_us-central 20350
Get_Thrift_Server_Storage_us-central 20370
Get_Azure_us-central 20553
Get_Thrift_Server_Storage_us-central 20581
Get_Azure_us-central 69450
Get_Thrift_Server_Storage_us-central 69477
Get_Azure_us-central 18505
Get_Thrift_Server_Storage_us-central 18529
Get_Azure_us-central 25637
Get_Thrift_Server_Storage_us-central 25660
Get_Azure_us-central 17638
Get_Thrift_Server_Storage_us-central 17669
Get_Azure_us-central 29901
Get_Thrift_Server_Storage_us-central 29923
Get_Azure_us-central 23482
Get_Thrift_Server_Storage_us-central 23503
Get_Azure_us-central 17390
Get_Thrift_Server_Storage_us-central 17409
Get_Azure_us-central 19793
Get_Thrift_Server_Storage_us-central 19816
Get_Azure_us-central 24906
Get_Thrift_Server_Storage_us-central 24925
Get_Azure_us-central 49909
Get_Thrift_Server_Storage_us-central 49928
Get_Azure_us-central 45989
Get_Thrift_Server_Storage_us-central 46010
Get_Azure_us-central 19291
Get_Thrift_Server_Storage_us-central 19322
Get_Azure_us-central 18636
Get_Thrift_Server_Storage_us-central 18663
Get_Azure_us-central 17226
Get_Thrift_Server_Storage_us-central 17248
Get_Azure_us-central 22224
Get_Thrift_Server_Storage_us-central 22247
Get_Azure_us-central 38188
Get_Thrift_Server_Storage_us-central 38214
Get_Azure_us-central 19232
Get_Thrift_Server_Storage_us-central 19259
Get_Azure_us-central 63997
Get_Thrift_Server_Storage_us-central 64022
Get_Azure_us-central 25683
Get_Thrift_Server_Storage_us-central 25714
Get_Azure_us-central 19136
Get_Thrift_Server_Storage_us-central 19162
Get_Azure_us-central 22011
Get_Thrift_Server_Storage_us-central 22037
Get_Azure_us-central 20871
Get_Thrift_Server_Storage_us-central 20896
Get_Azure_us-central 24929
Get_Thrift_Server_Storage_us-central 24953
Get_Azure_us-central 20598
Get_Thrift_Server_Storage_us-central 20622
Get_Azure_us-central 18867
Get_Thrift_Server_Storage_us-central 18886
Get_Azure_us-central 24972
Get_Thrift_Server_Storage_us-central 24990
Get_Azure_us-central 25125
Get_Thrift_Server_Storage_us-central 25144
Get_Azure_us-central 25023
Get_Thrift_Server_Storage_us-central 25039
Get_Azure_us-central 15894
Get_Thrift_Server_Storage_us-central 15915
Get_Azure_us-central 20219
Get_Thrift_Server_Storage_us-central 20241
Get_Azure_us-central 19952
Get_Thrift_Server_Storage_us-central 19974
Get_Azure_us-central 26837
Get_Thrift_Server_Storage_us-central 26861
Get_Azure_us-central 24557
Get_Thrift_Server_Storage_us-central 24580
Get_Azure_us-central 19156
Get_Thrift_Server_Storage_us-central 19175
Get_Azure_us-central 18775
Get_Thrift_Server_Storage_us-central 18794
Get_Azure_us-central 20348
Get_Thrift_Server_Storage_us-central 20371
Get_Azure_us-central 20867
Get_Thrift_Server_Storage_us-central 20891
Get_Azure_us-central 18499
Get_Thrift_Server_Storage_us-central 18535
Get_Azure_us-central 18626
Get_Thrift_Server_Storage_us-central 18648
Get_Azure_us-central 15936
Get_Thrift_Server_Storage_us-central 15953
Get_Azure_us-central 19883
Get_Thrift_Server_Storage_us-central 19905
Get_Azure_us-central 17623
Get_Thrift_Server_Storage_us-central 17642
Get_Azure_us-central 17747
Get_Thrift_Server_Storage_us-central 17770
Get_Azure_us-central 20898
Get_Thrift_Server_Storage_us-central 20924
Get_Azure_us-central 15239
Get_Thrift_Server_Storage_us-central 15258
Get_Azure_us-central 34288
Get_Thrift_Server_Storage_us-central 34316
Get_Azure_us-central 18781
Get_Thrift_Server_Storage_us-central 18798
Get_Azure_us-central 19178
Get_Thrift_Server_Storage_us-central 19197
Get_Azure_us-central 16856
Get_Thrift_Server_Storage_us-central 16875
Get_Azure_us-central 18563
Get_Thrift_Server_Storage_us-central 18591
Get_Azure_us-central 25229
Get_Thrift_Server_Storage_us-central 25251
Get_Azure_us-central 20028
Get_Thrift_Server_Storage_us-central 20064
Get_Azure_us-central 44863
Get_Thrift_Server_Storage_us-central 44891
Get_Azure_us-central 23540
Get_Thrift_Server_Storage_us-central 23565
Get_Azure_us-central 29045
Get_Thrift_Server_Storage_us-central 29072
Get_Azure_us-central 18718
Get_Thrift_Server_Storage_us-central 18744
Get_Azure_us-central 21411
Get_Thrift_Server_Storage_us-central 21435
Get_Azure_us-central 43294
Get_Thrift_Server_Storage_us-central 43313
Get_Azure_us-central 16650
Get_Thrift_Server_Storage_us-central 16672
Get_Azure_us-central 30369
Get_Thrift_Server_Storage_us-central 30388
Get_Azure_us-central 32514
Get_Thrift_Server_Storage_us-central 32539
Get_Azure_us-central 18108
Get_Thrift_Server_Storage_us-central 18129
Get_Azure_us-central 19162
Get_Thrift_Server_Storage_us-central 19179
Get_Azure_us-central 18186
Get_Thrift_Server_Storage_us-central 18213
Get_Azure_us-central 25114
Get_Thrift_Server_Storage_us-central 25144
Get_Azure_us-central 28279
Get_Thrift_Server_Storage_us-central 28307
Get_Azure_us-central 63539
Get_Thrift_Server_Storage_us-central 63560
Get_Azure_us-central 27496
Get_Thrift_Server_Storage_us-central 27524
Get_Azure_us-central 16729
Get_Thrift_Server_Storage_us-central 16768
Get_Azure_us-central 19610
Get_Thrift_Server_Storage_us-central 19639
Get_Azure_us-central 15659
Get_Thrift_Server_Storage_us-central 15687
Get_Azure_us-central 37277
Get_Thrift_Server_Storage_us-central 37299
Get_Azure_us-central 19769
Get_Thrift_Server_Storage_us-central 19791
Get_Azure_us-central 16410
Get_Thrift_Server_Storage_us-central 16432
Get_Azure_us-central 22549
Get_Thrift_Server_Storage_us-central 22574
Get_Azure_us-central 24255
Get_Thrift_Server_Storage_us-central 24275
Get_Azure_us-central 17424
Get_Thrift_Server_Storage_us-central 17446
Get_Azure_us-central 19404
Get_Thrift_Server_Storage_us-central 19428
Get_Azure_us-central 20452
Get_Thrift_Server_Storage_us-central 20474
Get_Azure_us-central 22636
Get_Thrift_Server_Storage_us-central 22666
Get_Azure_us-central 18129
Get_Thrift_Server_Storage_us-central 18151
Get_Azure_us-central 45999
Get_Thrift_Server_Storage_us-central 46019
Get_Azure_us-central 20098
Get_Thrift_Server_Storage_us-central 20121
Get_Azure_us-central 18240
Get_Thrift_Server_Storage_us-central 18258
Get_Azure_us-central 63688
Get_Thrift_Server_Storage_us-central 63705
Get_Azure_us-central 16655
Get_Thrift_Server_Storage_us-central 16674
Get_Azure_us-central 15427
Get_Thrift_Server_Storage_us-central 15446
Get_Azure_us-central 46383
Get_Thrift_Server_Storage_us-central 46412
Get_Azure_us-central 28390
Get_Thrift_Server_Storage_us-central 28410
Get_Azure_us-central 36692
Get_Thrift_Server_Storage_us-central 36713
Get_Azure_us-central 119515
Get_Thrift_Server_Storage_us-central 119536
Get_Azure_us-central 137240
Get_Thrift_Server_Storage_us-central 137260
Get_Azure_us-central 64498
Get_Thrift_Server_Storage_us-central 64523
Get_Azure_us-central 46283
Get_Thrift_Server_Storage_us-central 46308
Get_Azure_us-central 31224
Get_Thrift_Server_Storage_us-central 31250
Get_Azure_us-central 33725
Get_Thrift_Server_Storage_us-central 33745
Get_Azure_us-central 17699
Get_Thrift_Server_Storage_us-central 17726
Get_Azure_us-central 23236
Get_Thrift_Server_Storage_us-central 23253
Get_Azure_us-central 27397
Get_Thrift_Server_Storage_us-central 27420
Get_Azure_us-central 28872
Get_Thrift_Server_Storage_us-central 28899
Get_Azure_us-central 16870
Get_Thrift_Server_Storage_us-central 16893
Get_Azure_us-central 108282
Get_Thrift_Server_Storage_us-central 108303
Get_Azure_us-central 17042
Get_Thrift_Server_Storage_us-central 17065
Get_Azure_us-central 15414
Get_Thrift_Server_Storage_us-central 15437
Get_Azure_us-central 23161
Get_Thrift_Server_Storage_us-central 23185
Get_Azure_us-central 23267
Get_Thrift_Server_Storage_us-central 23292
Get_Azure_us-central 19694
Get_Thrift_Server_Storage_us-central 19713
Get_Azure_us-central 18666
Get_Thrift_Server_Storage_us-central 18686
Get_Azure_us-central 21003
Get_Thrift_Server_Storage_us-central 21026
Get_Azure_us-central 63222
Get_Thrift_Server_Storage_us-central 63251
Get_Azure_us-central 18484
Get_Thrift_Server_Storage_us-central 18508
Get_Azure_us-central 17777
Get_Thrift_Server_Storage_us-central 17800
Get_Azure_us-central 20770
Get_Thrift_Server_Storage_us-central 20796
Get_Azure_us-central 19263
Get_Thrift_Server_Storage_us-central 19285
Get_Azure_us-central 45934
Get_Thrift_Server_Storage_us-central 45954
Get_Azure_us-central 17346
Get_Thrift_Server_Storage_us-central 17366
Get_Azure_us-central 16909
Get_Thrift_Server_Storage_us-central 16936
Get_Azure_us-central 15129
Get_Thrift_Server_Storage_us-central 15148
Get_Azure_us-central 16603
Get_Thrift_Server_Storage_us-central 16626
Get_Azure_us-central 24417
Get_Thrift_Server_Storage_us-central 24440
Get_Azure_us-central 19813
Get_Thrift_Server_Storage_us-central 19831
Get_Azure_us-central 21627
Get_Thrift_Server_Storage_us-central 21645
Get_Azure_us-central 31186
Get_Thrift_Server_Storage_us-central 31210
Get_Azure_us-central 32014
Get_Thrift_Server_Storage_us-central 32032
Get_Azure_us-central 20440
Get_Thrift_Server_Storage_us-central 20459
Get_Azure_us-central 102176
Get_Thrift_Server_Storage_us-central 102195
Get_Azure_us-central 19529
Get_Thrift_Server_Storage_us-central 19556
Get_Azure_us-central 25969
Get_Thrift_Server_Storage_us-central 25990
Get_Azure_us-central 22634
Get_Thrift_Server_Storage_us-central 22659
Get_Azure_us-central 17789
Get_Thrift_Server_Storage_us-central 17814
Get_Azure_us-central 21270
Get_Thrift_Server_Storage_us-central 21292
Get_Azure_us-central 18933
Get_Thrift_Server_Storage_us-central 18957
Get_Azure_us-central 29555
Get_Thrift_Server_Storage_us-central 29579
Get_Azure_us-central 27724
Get_Thrift_Server_Storage_us-central 27748
Get_Azure_us-central 32355
Get_Thrift_Server_Storage_us-central 32381
Get_Azure_us-central 18095
Get_Thrift_Server_Storage_us-central 18116
Get_Azure_us-central 37848
Get_Thrift_Server_Storage_us-central 37878
Get_Azure_us-central 18221
Get_Thrift_Server_Storage_us-central 18259
Get_Azure_us-central 25166
Get_Thrift_Server_Storage_us-central 25195
Get_Azure_us-central 20334
Get_Thrift_Server_Storage_us-central 20355
Get_Azure_us-central 21443
Get_Thrift_Server_Storage_us-central 21466
Get_Azure_us-central 20007
Get_Thrift_Server_Storage_us-central 20027
Get_Azure_us-central 22410
Get_Thrift_Server_Storage_us-central 22438
Get_Azure_us-central 19749
Get_Thrift_Server_Storage_us-central 19773
Get_Azure_us-central 19402
Get_Thrift_Server_Storage_us-central 19424
Get_Azure_us-central 28775
Get_Thrift_Server_Storage_us-central 28805
Get_Azure_us-central 20258
Get_Thrift_Server_Storage_us-central 20276
Get_Azure_us-central 18378
Get_Thrift_Server_Storage_us-central 18406
Get_Azure_us-central 16938
Get_Thrift_Server_Storage_us-central 16956
Get_Azure_us-central 18500
Get_Thrift_Server_Storage_us-central 18524
Get_Azure_us-central 19143
Get_Thrift_Server_Storage_us-central 19160
Get_Azure_us-central 30235
Get_Thrift_Server_Storage_us-central 30258
Get_Azure_us-central 20119
Get_Thrift_Server_Storage_us-central 20137
Get_Azure_us-central 22377
Get_Thrift_Server_Storage_us-central 22414
Get_Azure_us-central 30095
Get_Thrift_Server_Storage_us-central 30115
Get_Azure_us-central 41426
Get_Thrift_Server_Storage_us-central 41451
Get_Azure_us-central 18496
Get_Thrift_Server_Storage_us-central 18518
Get_Azure_us-central 16482
Get_Thrift_Server_Storage_us-central 16502
Get_Azure_us-central 19143
Get_Thrift_Server_Storage_us-central 19166
Get_Azure_us-central 19776
Get_Thrift_Server_Storage_us-central 19798
Get_Azure_us-central 25208
Get_Thrift_Server_Storage_us-central 25227
Get_Azure_us-central 15644
Get_Thrift_Server_Storage_us-central 15662
Get_Azure_us-central 18995
Get_Thrift_Server_Storage_us-central 19022
Get_Azure_us-central 30560
Get_Thrift_Server_Storage_us-central 30582
Get_Azure_us-central 28802
Get_Thrift_Server_Storage_us-central 28824
Get_Azure_us-central 21749
Get_Thrift_Server_Storage_us-central 21777
Get_Azure_us-central 25241
Get_Thrift_Server_Storage_us-central 25263
Get_Azure_us-central 104937
Get_Thrift_Server_Storage_us-central 104962
Get_Azure_us-central 18589
Get_Thrift_Server_Storage_us-central 18619
Get_Azure_us-central 19734
Get_Thrift_Server_Storage_us-central 19757
Get_Azure_us-central 15978
Get_Thrift_Server_Storage_us-central 16000
Get_Azure_us-central 18575
Get_Thrift_Server_Storage_us-central 18597
Get_Azure_us-central 21034
Get_Thrift_Server_Storage_us-central 21051
Get_Azure_us-central 17015
Get_Thrift_Server_Storage_us-central 17033
Get_Azure_us-central 30572
Get_Thrift_Server_Storage_us-central 30593
Get_Azure_us-central 16969
Get_Thrift_Server_Storage_us-central 16992
Get_Azure_us-central 19765
Get_Thrift_Server_Storage_us-central 19785
Get_Azure_us-central 60959
Get_Thrift_Server_Storage_us-central 60980
Get_Azure_us-central 29242
Get_Thrift_Server_Storage_us-central 29260
Get_Azure_us-central 16127
Get_Thrift_Server_Storage_us-central 16145
Get_Azure_us-central 15544
Get_Thrift_Server_Storage_us-central 15567
Get_Azure_us-central 16875
Get_Thrift_Server_Storage_us-central 16900
Get_Azure_us-central 18875
Get_Thrift_Server_Storage_us-central 18901
Get_Azure_us-central 18865
Get_Thrift_Server_Storage_us-central 18892
Get_Azure_us-central 29891
Get_Thrift_Server_Storage_us-central 29914
Get_Azure_us-central 23256
Get_Thrift_Server_Storage_us-central 23276
Get_Azure_us-central 19676
Get_Thrift_Server_Storage_us-central 19697
Get_Azure_us-central 15695
Get_Thrift_Server_Storage_us-central 15712
Get_Azure_us-central 17098
Get_Thrift_Server_Storage_us-central 17122
Get_Azure_us-central 42104
Get_Thrift_Server_Storage_us-central 42127
Get_Azure_us-central 20773
Get_Thrift_Server_Storage_us-central 20796
Get_Azure_us-central 31425
Get_Thrift_Server_Storage_us-central 31447
Get_Azure_us-central 22034
Get_Thrift_Server_Storage_us-central 22065
Get_Azure_us-central 22708
Get_Thrift_Server_Storage_us-central 22730
Get_Azure_us-central 24492
Get_Thrift_Server_Storage_us-central 24516
Get_Azure_us-central 20288
Get_Thrift_Server_Storage_us-central 20308
Get_Azure_us-central 146321
Get_Thrift_Server_Storage_us-central 146341
Get_Azure_us-central 15760
Get_Thrift_Server_Storage_us-central 15785
Get_Azure_us-central 17245
Get_Thrift_Server_Storage_us-central 17266
Get_Azure_us-central 20097
Get_Thrift_Server_Storage_us-central 20116
Get_Azure_us-central 33116
Get_Thrift_Server_Storage_us-central 33142
Get_Azure_us-central 18426
Get_Thrift_Server_Storage_us-central 18449
Get_Azure_us-central 19360
Get_Thrift_Server_Storage_us-central 19381
Get_Azure_us-central 35183
Get_Thrift_Server_Storage_us-central 35201
Get_Azure_us-central 35853
Get_Thrift_Server_Storage_us-central 35875
Get_Azure_us-central 19813
Get_Thrift_Server_Storage_us-central 19831
Get_Azure_us-central 18361
Get_Thrift_Server_Storage_us-central 18379
Get_Azure_us-central 20829
Get_Thrift_Server_Storage_us-central 20846
Get_Azure_us-central 17460
Get_Thrift_Server_Storage_us-central 17478
Get_Azure_us-central 24727
Get_Thrift_Server_Storage_us-central 24750
Get_Azure_us-central 26699
Get_Thrift_Server_Storage_us-central 26716
Get_Azure_us-central 18393
Get_Thrift_Server_Storage_us-central 18412
Get_Azure_us-central 17437
Get_Thrift_Server_Storage_us-central 17462
Get_Azure_us-central 19689
Get_Thrift_Server_Storage_us-central 19708
Get_Azure_us-central 15746
Get_Thrift_Server_Storage_us-central 15769
Get_Azure_us-central 21003
Get_Thrift_Server_Storage_us-central 21039
Get_Azure_us-central 18917
Get_Thrift_Server_Storage_us-central 18944
Get_Azure_us-central 20360
Get_Thrift_Server_Storage_us-central 20384
Get_Azure_us-central 16564
Get_Thrift_Server_Storage_us-central 16590
Get_Azure_us-central 19030
Get_Thrift_Server_Storage_us-central 19054
Get_Azure_us-central 16383
Get_Thrift_Server_Storage_us-central 16401
Get_Azure_us-central 111298
Get_Thrift_Server_Storage_us-central 111321
Get_Azure_us-central 18651
Get_Thrift_Server_Storage_us-central 18677
Get_Azure_us-central 18781
Get_Thrift_Server_Storage_us-central 18806
Get_Azure_us-central 18778
Get_Thrift_Server_Storage_us-central 18798
Get_Azure_us-central 19920
Get_Thrift_Server_Storage_us-central 19951
Get_Azure_us-central 28613
Get_Thrift_Server_Storage_us-central 28638
Get_Azure_us-central 15443
Get_Thrift_Server_Storage_us-central 15468
Get_Azure_us-central 19110
Get_Thrift_Server_Storage_us-central 19133
Get_Azure_us-central 19857
Get_Thrift_Server_Storage_us-central 19880
Get_Azure_us-central 19323
Get_Thrift_Server_Storage_us-central 19343
Get_Azure_us-central 25700
Get_Thrift_Server_Storage_us-central 25722
Get_Azure_us-central 24963
Get_Thrift_Server_Storage_us-central 24986
Get_Azure_us-central 17284
Get_Thrift_Server_Storage_us-central 17306
Get_Azure_us-central 19435
Get_Thrift_Server_Storage_us-central 19453
Get_Azure_us-central 18822
Get_Thrift_Server_Storage_us-central 18838
Get_Azure_us-central 16172
Get_Thrift_Server_Storage_us-central 16193
Get_Azure_us-central 18126
Get_Thrift_Server_Storage_us-central 18143
Get_Azure_us-central 21042
Get_Thrift_Server_Storage_us-central 21063
Get_Azure_us-central 22028
Get_Thrift_Server_Storage_us-central 22045
Get_Azure_us-central 26491
Get_Thrift_Server_Storage_us-central 26511
Get_Azure_us-central 18147
Get_Thrift_Server_Storage_us-central 18166
Get_Azure_us-central 21409
Get_Thrift_Server_Storage_us-central 21427
Get_Azure_us-central 26136
Get_Thrift_Server_Storage_us-central 26151
Get_Azure_us-central 21025
Get_Thrift_Server_Storage_us-central 21042
Get_Azure_us-central 18018
Get_Thrift_Server_Storage_us-central 18035
Get_Azure_us-central 21391
Get_Thrift_Server_Storage_us-central 21408
Get_Azure_us-central 16996
Get_Thrift_Server_Storage_us-central 17015
Get_Azure_us-central 17990
Get_Thrift_Server_Storage_us-central 18008
Get_Azure_us-central 17926
Get_Thrift_Server_Storage_us-central 17944
Get_Azure_us-central 17174
Get_Thrift_Server_Storage_us-central 17209
Get_Azure_us-central 19095
Get_Thrift_Server_Storage_us-central 19121
Get_Azure_us-central 19783
Get_Thrift_Server_Storage_us-central 19808
Get_Azure_us-central 24559
Get_Thrift_Server_Storage_us-central 24583
Get_Azure_us-central 24700
Get_Thrift_Server_Storage_us-central 24721
Get_Azure_us-central 28548
Get_Thrift_Server_Storage_us-central 28570
Get_Azure_us-central 21724
Get_Thrift_Server_Storage_us-central 21747
Get_Azure_us-central 17000
Get_Thrift_Server_Storage_us-central 17024
Get_Azure_us-central 15608
Get_Thrift_Server_Storage_us-central 15632
Get_Azure_us-central 15642
Get_Thrift_Server_Storage_us-central 15681
Get_Azure_us-central 17558
Get_Thrift_Server_Storage_us-central 17586
Get_Azure_us-central 39715
Get_Thrift_Server_Storage_us-central 39750
Get_Azure_us-central 27108
Get_Thrift_Server_Storage_us-central 27132
Get_Azure_us-central 18053
Get_Thrift_Server_Storage_us-central 18077
Get_Azure_us-central 20480
Get_Thrift_Server_Storage_us-central 20502
Get_Azure_us-central 16860
Get_Thrift_Server_Storage_us-central 16884
Get_Azure_us-central 25546
Get_Thrift_Server_Storage_us-central 25564
Get_Azure_us-central 17539
Get_Thrift_Server_Storage_us-central 17557
Get_Azure_us-central 30821
Get_Thrift_Server_Storage_us-central 30849
Get_Azure_us-central 24451
Get_Thrift_Server_Storage_us-central 24469
Get_Azure_us-central 21421
Get_Thrift_Server_Storage_us-central 21439
Get_Azure_us-central 21021
Get_Thrift_Server_Storage_us-central 21043
Get_Azure_us-central 17496
Get_Thrift_Server_Storage_us-central 17517
Get_Azure_us-central 17059
Get_Thrift_Server_Storage_us-central 17083
Get_Azure_us-central 19983
Get_Thrift_Server_Storage_us-central 20002
Get_Azure_us-central 116976
Get_Thrift_Server_Storage_us-central 116998
Get_Azure_us-central 20672
Get_Thrift_Server_Storage_us-central 20694
Get_Azure_us-central 21356
Get_Thrift_Server_Storage_us-central 21380
Get_Azure_us-central 15559
Get_Thrift_Server_Storage_us-central 15584
Get_Azure_us-central 19756
Get_Thrift_Server_Storage_us-central 19780
Get_Azure_us-central 26695
Get_Thrift_Server_Storage_us-central 26717
Get_Azure_us-central 21501
Get_Thrift_Server_Storage_us-central 21523
Get_Azure_us-central 18813
Get_Thrift_Server_Storage_us-central 18836
Get_Azure_us-central 18944
Get_Thrift_Server_Storage_us-central 18960
Get_Azure_us-central 29613
Get_Thrift_Server_Storage_us-central 29630
