Get_Azure_us-central 89778
Get_Thrift_Server_Storage_us-central 89818
Get_Azure_us-central 81482
Get_Thrift_Server_Storage_us-central 81508
Get_Azure_us-central 44095
Get_Thrift_Server_Storage_us-central 44118
Get_Azure_us-central 42196
Get_Thrift_Server_Storage_us-central 42221
Get_Azure_us-central 72302
Get_Thrift_Server_Storage_us-central 72340
Get_Azure_us-central 121223
Get_Thrift_Server_Storage_us-central 121250
Get_Azure_us-central 62687
Get_Thrift_Server_Storage_us-central 62705
Get_Azure_us-central 42611
Get_Thrift_Server_Storage_us-central 42630
Get_Azure_us-central 28368
Get_Thrift_Server_Storage_us-central 28390
Get_Azure_us-central 40866
Get_Thrift_Server_Storage_us-central 40890
Get_Azure_us-central 44310
Get_Thrift_Server_Storage_us-central 44332
Get_Azure_us-central 65732
Get_Thrift_Server_Storage_us-central 65757
Get_Azure_us-central 53544
Get_Thrift_Server_Storage_us-central 53570
Get_Azure_us-central 43156
Get_Thrift_Server_Storage_us-central 43179
Get_Azure_us-central 89463
Get_Thrift_Server_Storage_us-central 89491
Get_Azure_us-central 52787
Get_Thrift_Server_Storage_us-central 52811
Get_Azure_us-central 26354
Get_Thrift_Server_Storage_us-central 26376
Get_Azure_us-central 42293
Get_Thrift_Server_Storage_us-central 42313
Get_Azure_us-central 39127
Get_Thrift_Server_Storage_us-central 39146
Get_Azure_us-central 134848
Get_Thrift_Server_Storage_us-central 134868
Get_Azure_us-central 26601
Get_Thrift_Server_Storage_us-central 26621
Get_Azure_us-central 43740
Get_Thrift_Server_Storage_us-central 43758
Get_Azure_us-central 34029
Get_Thrift_Server_Storage_us-central 34051
Get_Azure_us-central 26978
Get_Thrift_Server_Storage_us-central 26996
Get_Azure_us-central 29777
Get_Thrift_Server_Storage_us-central 29799
Get_Azure_us-central 26002
Get_Thrift_Server_Storage_us-central 26022
Get_Azure_us-central 31378
Get_Thrift_Server_Storage_us-central 31401
Get_Azure_us-central 27906
Get_Thrift_Server_Storage_us-central 27934
Get_Azure_us-central 29776
Get_Thrift_Server_Storage_us-central 29797
Get_Azure_us-central 62302
Get_Thrift_Server_Storage_us-central 62321
Get_Azure_us-central 26034
Get_Thrift_Server_Storage_us-central 26054
Get_Azure_us-central 44224
Get_Thrift_Server_Storage_us-central 44244
Get_Azure_us-central 26550
Get_Thrift_Server_Storage_us-central 26571
Get_Azure_us-central 35304
Get_Thrift_Server_Storage_us-central 35322
Get_Azure_us-central 26347
Get_Thrift_Server_Storage_us-central 26377
Get_Azure_us-central 26000
Get_Thrift_Server_Storage_us-central 26021
Get_Azure_us-central 32723
Get_Thrift_Server_Storage_us-central 32742
Get_Azure_us-central 42871
Get_Thrift_Server_Storage_us-central 42896
Get_Azure_us-central 26610
Get_Thrift_Server_Storage_us-central 26630
Get_Azure_us-central 25066
Get_Thrift_Server_Storage_us-central 25085
Get_Azure_us-central 32863
Get_Thrift_Server_Storage_us-central 32884
Get_Azure_us-central 30240
Get_Thrift_Server_Storage_us-central 30265
Get_Azure_us-central 25530
Get_Thrift_Server_Storage_us-central 25549
Get_Azure_us-central 28715
Get_Thrift_Server_Storage_us-central 28735
Get_Azure_us-central 26609
Get_Thrift_Server_Storage_us-central 26633
Get_Azure_us-central 36456
Get_Thrift_Server_Storage_us-central 36475
Get_Azure_us-central 47577
Get_Thrift_Server_Storage_us-central 47594
Get_Azure_us-central 28579
Get_Thrift_Server_Storage_us-central 28597
Get_Azure_us-central 25322
Get_Thrift_Server_Storage_us-central 25343
Get_Azure_us-central 45409
Get_Thrift_Server_Storage_us-central 45432
Get_Azure_us-central 25286
Get_Thrift_Server_Storage_us-central 25303
Get_Azure_us-central 25641
Get_Thrift_Server_Storage_us-central 25657
Get_Azure_us-central 24790
Get_Thrift_Server_Storage_us-central 24810
Get_Azure_us-central 25015
Get_Thrift_Server_Storage_us-central 25038
Get_Azure_us-central 36335
Get_Thrift_Server_Storage_us-central 36355
Get_Azure_us-central 23515
Get_Thrift_Server_Storage_us-central 23538
Get_Azure_us-central 22453
Get_Thrift_Server_Storage_us-central 22474
Get_Azure_us-central 26780
Get_Thrift_Server_Storage_us-central 26800
Get_Azure_us-central 22358
Get_Thrift_Server_Storage_us-central 22399
Get_Azure_us-central 23102
Get_Thrift_Server_Storage_us-central 23122
Get_Azure_us-central 22282
Get_Thrift_Server_Storage_us-central 22299
Get_Azure_us-central 30922
Get_Thrift_Server_Storage_us-central 30944
Get_Azure_us-central 22323
Get_Thrift_Server_Storage_us-central 22346
Get_Azure_us-central 31387
Get_Thrift_Server_Storage_us-central 31406
Get_Azure_us-central 30640
Get_Thrift_Server_Storage_us-central 30661
Get_Azure_us-central 32480
Get_Thrift_Server_Storage_us-central 32499
Get_Azure_us-central 29251
Get_Thrift_Server_Storage_us-central 29270
Get_Azure_us-central 36305
Get_Thrift_Server_Storage_us-central 36335
Get_Azure_us-central 22576
Get_Thrift_Server_Storage_us-central 22599
Get_Azure_us-central 27438
Get_Thrift_Server_Storage_us-central 27459
Get_Azure_us-central 38805
Get_Thrift_Server_Storage_us-central 38824
Get_Azure_us-central 26200
Get_Thrift_Server_Storage_us-central 26222
Get_Azure_us-central 22266
Get_Thrift_Server_Storage_us-central 22283
Get_Azure_us-central 171956
Get_Thrift_Server_Storage_us-central 171976
Get_Azure_us-central 23890
Get_Thrift_Server_Storage_us-central 23911
Get_Azure_us-central 25683
Get_Thrift_Server_Storage_us-central 25703
Get_Azure_us-central 26137
Get_Thrift_Server_Storage_us-central 26162
Get_Azure_us-central 25802
Get_Thrift_Server_Storage_us-central 25824
Get_Azure_us-central 123072
Get_Thrift_Server_Storage_us-central 123096
Get_Azure_us-central 25847
Get_Thrift_Server_Storage_us-central 25871
Get_Azure_us-central 31642
Get_Thrift_Server_Storage_us-central 31661
Get_Azure_us-central 23778
Get_Thrift_Server_Storage_us-central 23797
Get_Azure_us-central 24129
Get_Thrift_Server_Storage_us-central 24149
Get_Azure_us-central 25601
Get_Thrift_Server_Storage_us-central 25621
Get_Azure_us-central 41429
Get_Thrift_Server_Storage_us-central 41449
Get_Azure_us-central 25263
Get_Thrift_Server_Storage_us-central 25281
Get_Azure_us-central 38025
Get_Thrift_Server_Storage_us-central 38043
Get_Azure_us-central 30365
Get_Thrift_Server_Storage_us-central 30386
Get_Azure_us-central 29921
Get_Thrift_Server_Storage_us-central 29940
Get_Azure_us-central 25553
Get_Thrift_Server_Storage_us-central 25572
Get_Azure_us-central 22886
Get_Thrift_Server_Storage_us-central 22906
Get_Azure_us-central 29403
Get_Thrift_Server_Storage_us-central 29421
Get_Azure_us-central 23814
Get_Thrift_Server_Storage_us-central 23835
Get_Azure_us-central 31952
Get_Thrift_Server_Storage_us-central 31976
Get_Azure_us-central 53808
Get_Thrift_Server_Storage_us-central 53834
Get_Azure_us-central 25204
Get_Thrift_Server_Storage_us-central 25224
Get_Azure_us-central 35839
Get_Thrift_Server_Storage_us-central 35860
Get_Azure_us-central 24663
Get_Thrift_Server_Storage_us-central 24683
Get_Azure_us-central 33098
Get_Thrift_Server_Storage_us-central 33118
Get_Azure_us-central 26344
Get_Thrift_Server_Storage_us-central 26372
Get_Azure_us-central 22018
Get_Thrift_Server_Storage_us-central 22043
Get_Azure_us-central 39369
Get_Thrift_Server_Storage_us-central 39393
Get_Azure_us-central 25029
Get_Thrift_Server_Storage_us-central 25048
Get_Azure_us-central 21822
Get_Thrift_Server_Storage_us-central 21848
Get_Azure_us-central 40181
Get_Thrift_Server_Storage_us-central 40205
Get_Azure_us-central 32433
Get_Thrift_Server_Storage_us-central 32452
Get_Azure_us-central 41944
Get_Thrift_Server_Storage_us-central 41970
Get_Azure_us-central 37157
Get_Thrift_Server_Storage_us-central 37189
Get_Azure_us-central 36314
Get_Thrift_Server_Storage_us-central 36344
Get_Azure_us-central 27177
Get_Thrift_Server_Storage_us-central 27200
Get_Azure_us-central 22242
Get_Thrift_Server_Storage_us-central 22261
Get_Azure_us-central 41095
Get_Thrift_Server_Storage_us-central 41112
Get_Azure_us-central 31317
Get_Thrift_Server_Storage_us-central 31334
Get_Azure_us-central 30205
Get_Thrift_Server_Storage_us-central 30234
Get_Azure_us-central 34524
Get_Thrift_Server_Storage_us-central 34546
Get_Azure_us-central 24599
Get_Thrift_Server_Storage_us-central 24630
Get_Azure_us-central 34442
Get_Thrift_Server_Storage_us-central 34464
Get_Azure_us-central 29282
Get_Thrift_Server_Storage_us-central 29310
Get_Azure_us-central 43226
Get_Thrift_Server_Storage_us-central 43254
Get_Azure_us-central 57119
Get_Thrift_Server_Storage_us-central 57145
Get_Azure_us-central 35663
Get_Thrift_Server_Storage_us-central 35685
Get_Azure_us-central 41322
Get_Thrift_Server_Storage_us-central 41346
Get_Azure_us-central 27289
Get_Thrift_Server_Storage_us-central 27313
Get_Azure_us-central 30477
Get_Thrift_Server_Storage_us-central 30502
Get_Azure_us-central 34264
Get_Thrift_Server_Storage_us-central 34286
Get_Azure_us-central 38543
Get_Thrift_Server_Storage_us-central 38568
Get_Azure_us-central 51492
Get_Thrift_Server_Storage_us-central 51513
Get_Azure_us-central 29128
Get_Thrift_Server_Storage_us-central 29147
Get_Azure_us-central 38756
Get_Thrift_Server_Storage_us-central 38774
Get_Azure_us-central 27626
Get_Thrift_Server_Storage_us-central 27646
Get_Azure_us-central 57745
Get_Thrift_Server_Storage_us-central 57766
Get_Azure_us-central 22956
Get_Thrift_Server_Storage_us-central 22975
Get_Azure_us-central 37191
Get_Thrift_Server_Storage_us-central 37215
Get_Azure_us-central 23843
Get_Thrift_Server_Storage_us-central 23861
Get_Azure_us-central 29239
Get_Thrift_Server_Storage_us-central 29258
Get_Azure_us-central 82660
Get_Thrift_Server_Storage_us-central 82684
Get_Azure_us-central 26668
Get_Thrift_Server_Storage_us-central 26686
Get_Azure_us-central 32445
Get_Thrift_Server_Storage_us-central 32463
Get_Azure_us-central 66461
Get_Thrift_Server_Storage_us-central 66477
Get_Azure_us-central 24857
Get_Thrift_Server_Storage_us-central 24881
Get_Azure_us-central 34229
Get_Thrift_Server_Storage_us-central 34247
Get_Azure_us-central 23952
Get_Thrift_Server_Storage_us-central 23981
Get_Azure_us-central 25042
Get_Thrift_Server_Storage_us-central 25060
Get_Azure_us-central 66356
Get_Thrift_Server_Storage_us-central 66373
Get_Azure_us-central 40222
Get_Thrift_Server_Storage_us-central 40246
Get_Azure_us-central 35919
Get_Thrift_Server_Storage_us-central 35941
Get_Azure_us-central 31154
Get_Thrift_Server_Storage_us-central 31175
Get_Azure_us-central 25493
Get_Thrift_Server_Storage_us-central 25512
Get_Azure_us-central 27239
Get_Thrift_Server_Storage_us-central 27264
Get_Azure_us-central 49985
Get_Thrift_Server_Storage_us-central 50004
Get_Azure_us-central 27112
Get_Thrift_Server_Storage_us-central 27133
Get_Azure_us-central 25442
Get_Thrift_Server_Storage_us-central 25458
Get_Azure_us-central 31107
Get_Thrift_Server_Storage_us-central 31125
Get_Azure_us-central 27299
Get_Thrift_Server_Storage_us-central 27323
Get_Azure_us-central 44630
Get_Thrift_Server_Storage_us-central 44645
Get_Azure_us-central 44957
Get_Thrift_Server_Storage_us-central 44978
Get_Azure_us-central 25869
Get_Thrift_Server_Storage_us-central 25886
Get_Azure_us-central 28118
Get_Thrift_Server_Storage_us-central 28142
Get_Azure_us-central 24237
Get_Thrift_Server_Storage_us-central 24255
Get_Azure_us-central 39968
Get_Thrift_Server_Storage_us-central 39990
Get_Azure_us-central 29368
Get_Thrift_Server_Storage_us-central 29401
Get_Azure_us-central 25439
Get_Thrift_Server_Storage_us-central 25460
Get_Azure_us-central 25501
Get_Thrift_Server_Storage_us-central 25521
Get_Azure_us-central 36532
Get_Thrift_Server_Storage_us-central 36553
Get_Azure_us-central 22314
Get_Thrift_Server_Storage_us-central 22332
Get_Azure_us-central 26671
Get_Thrift_Server_Storage_us-central 26695
Get_Azure_us-central 27371
Get_Thrift_Server_Storage_us-central 27390
Get_Azure_us-central 22873
Get_Thrift_Server_Storage_us-central 22897
Get_Azure_us-central 21018
Get_Thrift_Server_Storage_us-central 21042
Get_Azure_us-central 24547
Get_Thrift_Server_Storage_us-central 24565
Get_Azure_us-central 40153
Get_Thrift_Server_Storage_us-central 40176
Get_Azure_us-central 33046
Get_Thrift_Server_Storage_us-central 33064
Get_Azure_us-central 58122
Get_Thrift_Server_Storage_us-central 58138
Get_Azure_us-central 30483
Get_Thrift_Server_Storage_us-central 30517
Get_Azure_us-central 22767
Get_Thrift_Server_Storage_us-central 22785
Get_Azure_us-central 50517
Get_Thrift_Server_Storage_us-central 50538
Get_Azure_us-central 31106
Get_Thrift_Server_Storage_us-central 31122
Get_Azure_us-central 24446
Get_Thrift_Server_Storage_us-central 24469
Get_Azure_us-central 24411
Get_Thrift_Server_Storage_us-central 24435
Get_Azure_us-central 26689
Get_Thrift_Server_Storage_us-central 26706
Get_Azure_us-central 38230
Get_Thrift_Server_Storage_us-central 38251
Get_Azure_us-central 24529
Get_Thrift_Server_Storage_us-central 24549
Get_Azure_us-central 26159
Get_Thrift_Server_Storage_us-central 26184
Get_Azure_us-central 32834
Get_Thrift_Server_Storage_us-central 32861
Get_Azure_us-central 26647
Get_Thrift_Server_Storage_us-central 26669
Get_Azure_us-central 33421
Get_Thrift_Server_Storage_us-central 33446
Get_Azure_us-central 27952
Get_Thrift_Server_Storage_us-central 27970
Get_Azure_us-central 24669
Get_Thrift_Server_Storage_us-central 24692
Get_Azure_us-central 48598
Get_Thrift_Server_Storage_us-central 48619
Get_Azure_us-central 30069
Get_Thrift_Server_Storage_us-central 30088
Get_Azure_us-central 26907
Get_Thrift_Server_Storage_us-central 26930
Get_Azure_us-central 43531
Get_Thrift_Server_Storage_us-central 43554
Get_Azure_us-central 28753
Get_Thrift_Server_Storage_us-central 28774
Get_Azure_us-central 34639
Get_Thrift_Server_Storage_us-central 34661
Get_Azure_us-central 22820
Get_Thrift_Server_Storage_us-central 22841
Get_Azure_us-central 31132
Get_Thrift_Server_Storage_us-central 31153
Get_Azure_us-central 27815
Get_Thrift_Server_Storage_us-central 27836
Get_Azure_us-central 32912
Get_Thrift_Server_Storage_us-central 32930
Get_Azure_us-central 32884
Get_Thrift_Server_Storage_us-central 32902
Get_Azure_us-central 23195
Get_Thrift_Server_Storage_us-central 23212
Get_Azure_us-central 28739
Get_Thrift_Server_Storage_us-central 28758
Get_Azure_us-central 30036
Get_Thrift_Server_Storage_us-central 30056
Get_Azure_us-central 35401
Get_Thrift_Server_Storage_us-central 35423
Get_Azure_us-central 25264
Get_Thrift_Server_Storage_us-central 25287
Get_Azure_us-central 39436
Get_Thrift_Server_Storage_us-central 39453
Get_Azure_us-central 82154
Get_Thrift_Server_Storage_us-central 82173
Get_Azure_us-central 21724
Get_Thrift_Server_Storage_us-central 21744
Get_Azure_us-central 29312
Get_Thrift_Server_Storage_us-central 29331
Get_Azure_us-central 25689
Get_Thrift_Server_Storage_us-central 25713
Get_Azure_us-central 77597
Get_Thrift_Server_Storage_us-central 77618
Get_Azure_us-central 36275
Get_Thrift_Server_Storage_us-central 36292
Get_Azure_us-central 41497
Get_Thrift_Server_Storage_us-central 41536
Get_Azure_us-central 25538
Get_Thrift_Server_Storage_us-central 25556
Get_Azure_us-central 27867
Get_Thrift_Server_Storage_us-central 27892
Get_Azure_us-central 27628
Get_Thrift_Server_Storage_us-central 27649
Get_Azure_us-central 25046
Get_Thrift_Server_Storage_us-central 25071
Get_Azure_us-central 29041
Get_Thrift_Server_Storage_us-central 29061
Get_Azure_us-central 25239
Get_Thrift_Server_Storage_us-central 25262
Get_Azure_us-central 27104
Get_Thrift_Server_Storage_us-central 27132
Get_Azure_us-central 22249
Get_Thrift_Server_Storage_us-central 22273
Get_Azure_us-central 220068
Get_Thrift_Server_Storage_us-central 220087
Get_Azure_us-central 23379
Get_Thrift_Server_Storage_us-central 23403
Get_Azure_us-central 24421
Get_Thrift_Server_Storage_us-central 24442
Get_Azure_us-central 22236
Get_Thrift_Server_Storage_us-central 22253
Get_Azure_us-central 32961
Get_Thrift_Server_Storage_us-central 32979
Get_Azure_us-central 23520
Get_Thrift_Server_Storage_us-central 23540
Get_Azure_us-central 32076
Get_Thrift_Server_Storage_us-central 32107
Get_Azure_us-central 35044
Get_Thrift_Server_Storage_us-central 35064
Get_Azure_us-central 27789
Get_Thrift_Server_Storage_us-central 27812
Get_Azure_us-central 22114
Get_Thrift_Server_Storage_us-central 22137
Get_Azure_us-central 30675
Get_Thrift_Server_Storage_us-central 30697
Get_Azure_us-central 25562
Get_Thrift_Server_Storage_us-central 25586
Get_Azure_us-central 27186
Get_Thrift_Server_Storage_us-central 27207
Get_Azure_us-central 66903
Get_Thrift_Server_Storage_us-central 66921
Get_Azure_us-central 30194
Get_Thrift_Server_Storage_us-central 30216
Get_Azure_us-central 28976
Get_Thrift_Server_Storage_us-central 29000
Get_Azure_us-central 23927
Get_Thrift_Server_Storage_us-central 23949
Get_Azure_us-central 22314
Get_Thrift_Server_Storage_us-central 22340
Get_Azure_us-central 47064
Get_Thrift_Server_Storage_us-central 47085
Get_Azure_us-central 27601
Get_Thrift_Server_Storage_us-central 27629
Get_Azure_us-central 39759
Get_Thrift_Server_Storage_us-central 39780
Get_Azure_us-central 22672
Get_Thrift_Server_Storage_us-central 22699
Get_Azure_us-central 21806
Get_Thrift_Server_Storage_us-central 21832
Get_Azure_us-central 26043
Get_Thrift_Server_Storage_us-central 26062
Get_Azure_us-central 20662
Get_Thrift_Server_Storage_us-central 20689
Get_Azure_us-central 22141
Get_Thrift_Server_Storage_us-central 22161
Get_Azure_us-central 46007
Get_Thrift_Server_Storage_us-central 46033
Get_Azure_us-central 29292
Get_Thrift_Server_Storage_us-central 29319
Get_Azure_us-central 23389
Get_Thrift_Server_Storage_us-central 23412
Get_Azure_us-central 21650
Get_Thrift_Server_Storage_us-central 21709
Get_Azure_us-central 24411
Get_Thrift_Server_Storage_us-central 24436
Get_Azure_us-central 22282
Get_Thrift_Server_Storage_us-central 22313
Get_Azure_us-central 34054
Get_Thrift_Server_Storage_us-central 34082
Get_Azure_us-central 29550
Get_Thrift_Server_Storage_us-central 29571
Get_Azure_us-central 44183
Get_Thrift_Server_Storage_us-central 44201
Get_Azure_us-central 24096
Get_Thrift_Server_Storage_us-central 24123
Get_Azure_us-central 22303
Get_Thrift_Server_Storage_us-central 22327
Get_Azure_us-central 30944
Get_Thrift_Server_Storage_us-central 30969
Get_Azure_us-central 31478
Get_Thrift_Server_Storage_us-central 31499
Get_Azure_us-central 22353
Get_Thrift_Server_Storage_us-central 22378
Get_Azure_us-central 32952
Get_Thrift_Server_Storage_us-central 32978
Get_Azure_us-central 23878
Get_Thrift_Server_Storage_us-central 23898
Get_Azure_us-central 22589
Get_Thrift_Server_Storage_us-central 22614
Get_Azure_us-central 31059
Get_Thrift_Server_Storage_us-central 31080
Get_Azure_us-central 22666
Get_Thrift_Server_Storage_us-central 22696
Get_Azure_us-central 27251
Get_Thrift_Server_Storage_us-central 27280
Get_Azure_us-central 25401
Get_Thrift_Server_Storage_us-central 25422
Get_Azure_us-central 27832
Get_Thrift_Server_Storage_us-central 27854
Get_Azure_us-central 34099
Get_Thrift_Server_Storage_us-central 34122
Get_Azure_us-central 30517
Get_Thrift_Server_Storage_us-central 30535
Get_Azure_us-central 211903
Get_Thrift_Server_Storage_us-central 211928
Get_Azure_us-central 27410
Get_Thrift_Server_Storage_us-central 27429
Get_Azure_us-central 23650
Get_Thrift_Server_Storage_us-central 23672
Get_Azure_us-central 44433
Get_Thrift_Server_Storage_us-central 44454
Get_Azure_us-central 22784
Get_Thrift_Server_Storage_us-central 22804
Get_Azure_us-central 18985
Get_Thrift_Server_Storage_us-central 19007
Get_Azure_us-central 34648
Get_Thrift_Server_Storage_us-central 34667
Get_Azure_us-central 52769
Get_Thrift_Server_Storage_us-central 52789
Get_Azure_us-central 26348
Get_Thrift_Server_Storage_us-central 26379
Get_Azure_us-central 22301
Get_Thrift_Server_Storage_us-central 22320
Get_Azure_us-central 36844
Get_Thrift_Server_Storage_us-central 36868
Get_Azure_us-central 20982
Get_Thrift_Server_Storage_us-central 21000
Get_Azure_us-central 28045
Get_Thrift_Server_Storage_us-central 28063
Get_Azure_us-central 21747
Get_Thrift_Server_Storage_us-central 21766
Get_Azure_us-central 23101
Get_Thrift_Server_Storage_us-central 23126
Get_Azure_us-central 29046
Get_Thrift_Server_Storage_us-central 29086
Get_Azure_us-central 22801
Get_Thrift_Server_Storage_us-central 22824
Get_Azure_us-central 29761
Get_Thrift_Server_Storage_us-central 29780
Get_Azure_us-central 27738
Get_Thrift_Server_Storage_us-central 27759
Get_Azure_us-central 24169
Get_Thrift_Server_Storage_us-central 24190
Get_Azure_us-central 48636
Get_Thrift_Server_Storage_us-central 48658
Get_Azure_us-central 23948
Get_Thrift_Server_Storage_us-central 23970
Get_Azure_us-central 33623
Get_Thrift_Server_Storage_us-central 33647
Get_Azure_us-central 19549
Get_Thrift_Server_Storage_us-central 19572
Get_Azure_us-central 29224
Get_Thrift_Server_Storage_us-central 29247
Get_Azure_us-central 34211
Get_Thrift_Server_Storage_us-central 34230
Get_Azure_us-central 22544
Get_Thrift_Server_Storage_us-central 22562
Get_Azure_us-central 20503
Get_Thrift_Server_Storage_us-central 20524
Get_Azure_us-central 20270
Get_Thrift_Server_Storage_us-central 20291
Get_Azure_us-central 46286
Get_Thrift_Server_Storage_us-central 46304
Get_Azure_us-central 38232
Get_Thrift_Server_Storage_us-central 38248
Get_Azure_us-central 23708
Get_Thrift_Server_Storage_us-central 23725
Get_Azure_us-central 31719
Get_Thrift_Server_Storage_us-central 31741
Get_Azure_us-central 23390
Get_Thrift_Server_Storage_us-central 23408
Get_Azure_us-central 29113
Get_Thrift_Server_Storage_us-central 29133
Get_Azure_us-central 27282
Get_Thrift_Server_Storage_us-central 27301
Get_Azure_us-central 46921
Get_Thrift_Server_Storage_us-central 46939
Get_Azure_us-central 23744
Get_Thrift_Server_Storage_us-central 23767
Get_Azure_us-central 52220
Get_Thrift_Server_Storage_us-central 52244
Get_Azure_us-central 28114
Get_Thrift_Server_Storage_us-central 28144
Get_Azure_us-central 25205
Get_Thrift_Server_Storage_us-central 25233
Get_Azure_us-central 27609
Get_Thrift_Server_Storage_us-central 27637
Get_Azure_us-central 54286
Get_Thrift_Server_Storage_us-central 54311
Get_Azure_us-central 23368
Get_Thrift_Server_Storage_us-central 23390
Get_Azure_us-central 31515
Get_Thrift_Server_Storage_us-central 31537
Get_Azure_us-central 28071
Get_Thrift_Server_Storage_us-central 28091
Get_Azure_us-central 21669
Get_Thrift_Server_Storage_us-central 21697
Get_Azure_us-central 68993
Get_Thrift_Server_Storage_us-central 69016
Get_Azure_us-central 23027
Get_Thrift_Server_Storage_us-central 23052
Get_Azure_us-central 29353
Get_Thrift_Server_Storage_us-central 29375
Get_Azure_us-central 28207
Get_Thrift_Server_Storage_us-central 28226
Get_Azure_us-central 24229
Get_Thrift_Server_Storage_us-central 24251
Get_Azure_us-central 302840
Get_Thrift_Server_Storage_us-central 302877
Get_Azure_us-central 24672
Get_Thrift_Server_Storage_us-central 24705
Get_Azure_us-central 25654
Get_Thrift_Server_Storage_us-central 25682
Get_Azure_us-central 333052
Get_Thrift_Server_Storage_us-central 333085
Get_Azure_us-central 257089
Get_Thrift_Server_Storage_us-central 257126
Get_Azure_us-central 28169
Get_Thrift_Server_Storage_us-central 28188
Get_Azure_us-central 21609
Get_Thrift_Server_Storage_us-central 21630
Get_Azure_us-central 21861
Get_Thrift_Server_Storage_us-central 21887
Get_Azure_us-central 28178
Get_Thrift_Server_Storage_us-central 28199
Get_Azure_us-central 26293
Get_Thrift_Server_Storage_us-central 26320
Get_Azure_us-central 28877
Get_Thrift_Server_Storage_us-central 28896
Get_Azure_us-central 249387
Get_Thrift_Server_Storage_us-central 249418
Get_Azure_us-central 27073
Get_Thrift_Server_Storage_us-central 27095
Get_Azure_us-central 79013
Get_Thrift_Server_Storage_us-central 79043
Get_Azure_us-central 34499
Get_Thrift_Server_Storage_us-central 34522
Get_Azure_us-central 26829
Get_Thrift_Server_Storage_us-central 26854
Get_Azure_us-central 23737
Get_Thrift_Server_Storage_us-central 23760
Get_Azure_us-central 29450
Get_Thrift_Server_Storage_us-central 29471
Get_Azure_us-central 25840
Get_Thrift_Server_Storage_us-central 25865
Get_Azure_us-central 26396
Get_Thrift_Server_Storage_us-central 26423
Get_Azure_us-central 24005
Get_Thrift_Server_Storage_us-central 24025
Get_Azure_us-central 23194
Get_Thrift_Server_Storage_us-central 23218
Get_Azure_us-central 76220
Get_Thrift_Server_Storage_us-central 76241
Get_Azure_us-central 26079
Get_Thrift_Server_Storage_us-central 26099
Get_Azure_us-central 24786
Get_Thrift_Server_Storage_us-central 24809
Get_Azure_us-central 24990
Get_Thrift_Server_Storage_us-central 25011
Get_Azure_us-central 23463
Get_Thrift_Server_Storage_us-central 23484
Get_Azure_us-central 44724
Get_Thrift_Server_Storage_us-central 44748
Get_Azure_us-central 27630
Get_Thrift_Server_Storage_us-central 27652
Get_Azure_us-central 29071
Get_Thrift_Server_Storage_us-central 29088
Get_Azure_us-central 48373
Get_Thrift_Server_Storage_us-central 48397
Get_Azure_us-central 37320
Get_Thrift_Server_Storage_us-central 41383
Get_Azure_us-central 30760
Get_Thrift_Server_Storage_us-central 30790
Get_Azure_us-central 21737
Get_Thrift_Server_Storage_us-central 21761
Get_Azure_us-central 24628
Get_Thrift_Server_Storage_us-central 24647
Get_Azure_us-central 22431
Get_Thrift_Server_Storage_us-central 22455
Get_Azure_us-central 25426
Get_Thrift_Server_Storage_us-central 25450
Get_Azure_us-central 26541
Get_Thrift_Server_Storage_us-central 26565
Get_Azure_us-central 40717
Get_Thrift_Server_Storage_us-central 40738
Get_Azure_us-central 64236
Get_Thrift_Server_Storage_us-central 64262
Get_Azure_us-central 32711
Get_Thrift_Server_Storage_us-central 32733
Get_Azure_us-central 22927
Get_Thrift_Server_Storage_us-central 22950
Get_Azure_us-central 39881
Get_Thrift_Server_Storage_us-central 39902
Get_Azure_us-central 21917
Get_Thrift_Server_Storage_us-central 21937
Get_Azure_us-central 26558
Get_Thrift_Server_Storage_us-central 26586
Get_Azure_us-central 22488
Get_Thrift_Server_Storage_us-central 22509
Get_Azure_us-central 21340
Get_Thrift_Server_Storage_us-central 21361
Get_Azure_us-central 24940
Get_Thrift_Server_Storage_us-central 24960
Get_Azure_us-central 25898
Get_Thrift_Server_Storage_us-central 25921
Get_Azure_us-central 41427
Get_Thrift_Server_Storage_us-central 41448
Get_Azure_us-central 30015
Get_Thrift_Server_Storage_us-central 30040
Get_Azure_us-central 22999
Get_Thrift_Server_Storage_us-central 23020
Get_Azure_us-central 28217
Get_Thrift_Server_Storage_us-central 28235
Get_Azure_us-central 44474
Get_Thrift_Server_Storage_us-central 44493
Get_Azure_us-central 67134
Get_Thrift_Server_Storage_us-central 67156
Get_Azure_us-central 21264
Get_Thrift_Server_Storage_us-central 21287
Get_Azure_us-central 23975
Get_Thrift_Server_Storage_us-central 23994
Get_Azure_us-central 23742
Get_Thrift_Server_Storage_us-central 23761
Get_Azure_us-central 22006
Get_Thrift_Server_Storage_us-central 22024
Get_Azure_us-central 21908
Get_Thrift_Server_Storage_us-central 21929
Get_Azure_us-central 25141
Get_Thrift_Server_Storage_us-central 25158
Get_Azure_us-central 24038
Get_Thrift_Server_Storage_us-central 24057
Get_Azure_us-central 26723
Get_Thrift_Server_Storage_us-central 26750
Get_Azure_us-central 27702
Get_Thrift_Server_Storage_us-central 27721
Get_Azure_us-central 25429
Get_Thrift_Server_Storage_us-central 25452
Get_Azure_us-central 27303
Get_Thrift_Server_Storage_us-central 27327
Get_Azure_us-central 21465
Get_Thrift_Server_Storage_us-central 21485
Get_Azure_us-central 23370
Get_Thrift_Server_Storage_us-central 23389
Get_Azure_us-central 44147
Get_Thrift_Server_Storage_us-central 44165
Get_Azure_us-central 22732
Get_Thrift_Server_Storage_us-central 22755
Get_Azure_us-central 38085
Get_Thrift_Server_Storage_us-central 38111
Get_Azure_us-central 27821
Get_Thrift_Server_Storage_us-central 27847
Get_Azure_us-central 26221
Get_Thrift_Server_Storage_us-central 26246
Get_Azure_us-central 33526
Get_Thrift_Server_Storage_us-central 33554
Get_Azure_us-central 34639
Get_Thrift_Server_Storage_us-central 34659
Get_Azure_us-central 28055
Get_Thrift_Server_Storage_us-central 28075
Get_Azure_us-central 21990
Get_Thrift_Server_Storage_us-central 22011
Get_Azure_us-central 23910
Get_Thrift_Server_Storage_us-central 23928
Get_Azure_us-central 39417
Get_Thrift_Server_Storage_us-central 39440
Get_Azure_us-central 25040
Get_Thrift_Server_Storage_us-central 25078
Get_Azure_us-central 26397
Get_Thrift_Server_Storage_us-central 26422
Get_Azure_us-central 37337
Get_Thrift_Server_Storage_us-central 37356
Get_Azure_us-central 24297
Get_Thrift_Server_Storage_us-central 24318
Get_Azure_us-central 31569
Get_Thrift_Server_Storage_us-central 31590
Get_Azure_us-central 23336
Get_Thrift_Server_Storage_us-central 23360
Get_Azure_us-central 24568
Get_Thrift_Server_Storage_us-central 24588
Get_Azure_us-central 26078
Get_Thrift_Server_Storage_us-central 26097
Get_Azure_us-central 32490
Get_Thrift_Server_Storage_us-central 32514
Get_Azure_us-central 23149
Get_Thrift_Server_Storage_us-central 23167
Get_Azure_us-central 19900
Get_Thrift_Server_Storage_us-central 19918
Get_Azure_us-central 38311
Get_Thrift_Server_Storage_us-central 38329
Get_Azure_us-central 21147
Get_Thrift_Server_Storage_us-central 21169
Get_Azure_us-central 22096
Get_Thrift_Server_Storage_us-central 22115
Get_Azure_us-central 25370
Get_Thrift_Server_Storage_us-central 25388
Get_Azure_us-central 21898
Get_Thrift_Server_Storage_us-central 21917
Get_Azure_us-central 35303
Get_Thrift_Server_Storage_us-central 35323
Get_Azure_us-central 54792
Get_Thrift_Server_Storage_us-central 54812
Get_Azure_us-central 35041
Get_Thrift_Server_Storage_us-central 35058
Get_Azure_us-central 25575
Get_Thrift_Server_Storage_us-central 25593
Get_Azure_us-central 23244
Get_Thrift_Server_Storage_us-central 23270
Get_Azure_us-central 23623
Get_Thrift_Server_Storage_us-central 23647
Get_Azure_us-central 22800
Get_Thrift_Server_Storage_us-central 22819
Get_Azure_us-central 43887
Get_Thrift_Server_Storage_us-central 43904
Get_Azure_us-central 24850
Get_Thrift_Server_Storage_us-central 24878
Get_Azure_us-central 24574
Get_Thrift_Server_Storage_us-central 24594
Get_Azure_us-central 22509
Get_Thrift_Server_Storage_us-central 22531
Get_Azure_us-central 30238
Get_Thrift_Server_Storage_us-central 30254
Get_Azure_us-central 22328
Get_Thrift_Server_Storage_us-central 22346
Get_Azure_us-central 25761
Get_Thrift_Server_Storage_us-central 25780
Get_Azure_us-central 24676
Get_Thrift_Server_Storage_us-central 24700
Get_Azure_us-central 24381
Get_Thrift_Server_Storage_us-central 24404
Get_Azure_us-central 22186
Get_Thrift_Server_Storage_us-central 22205
Get_Azure_us-central 26570
Get_Thrift_Server_Storage_us-central 26597
Get_Azure_us-central 24737
Get_Thrift_Server_Storage_us-central 24753
Get_Azure_us-central 20424
Get_Thrift_Server_Storage_us-central 20442
Get_Azure_us-central 23137
Get_Thrift_Server_Storage_us-central 23159
Get_Azure_us-central 44212
Get_Thrift_Server_Storage_us-central 44231
Get_Azure_us-central 33136
Get_Thrift_Server_Storage_us-central 33156
Get_Azure_us-central 24253
Get_Thrift_Server_Storage_us-central 24275
Get_Azure_us-central 25222
Get_Thrift_Server_Storage_us-central 25247
Get_Azure_us-central 23949
Get_Thrift_Server_Storage_us-central 23970
Get_Azure_us-central 24008
Get_Thrift_Server_Storage_us-central 24037
Get_Azure_us-central 40515
Get_Thrift_Server_Storage_us-central 40537
Get_Azure_us-central 43028
Get_Thrift_Server_Storage_us-central 43051
Get_Azure_us-central 27079
Get_Thrift_Server_Storage_us-central 27105
Get_Azure_us-central 22364
Get_Thrift_Server_Storage_us-central 22384
Get_Azure_us-central 21369
Get_Thrift_Server_Storage_us-central 21390
Get_Azure_us-central 22862
Get_Thrift_Server_Storage_us-central 22887
Get_Azure_us-central 22734
Get_Thrift_Server_Storage_us-central 22756
Get_Azure_us-central 22919
Get_Thrift_Server_Storage_us-central 22951
Get_Azure_us-central 24315
Get_Thrift_Server_Storage_us-central 24337
Get_Azure_us-central 23450
Get_Thrift_Server_Storage_us-central 23474
Get_Azure_us-central 23876
Get_Thrift_Server_Storage_us-central 23894
Get_Azure_us-central 25317
Get_Thrift_Server_Storage_us-central 25339
Get_Azure_us-central 22729
Get_Thrift_Server_Storage_us-central 22751
Get_Azure_us-central 41156
Get_Thrift_Server_Storage_us-central 41179
Get_Azure_us-central 152445
Get_Thrift_Server_Storage_us-central 152465
Get_Azure_us-central 24788
Get_Thrift_Server_Storage_us-central 24806
Get_Azure_us-central 21825
Get_Thrift_Server_Storage_us-central 21842
Get_Azure_us-central 185627
Get_Thrift_Server_Storage_us-central 185648
Get_Azure_us-central 25633
Get_Thrift_Server_Storage_us-central 25660
Get_Azure_us-central 24177
Get_Thrift_Server_Storage_us-central 24209
Get_Azure_us-central 109232
Get_Thrift_Server_Storage_us-central 109252
Get_Azure_us-central 35047
Get_Thrift_Server_Storage_us-central 35066
Get_Azure_us-central 27273
Get_Thrift_Server_Storage_us-central 27297
Get_Azure_us-central 25644
Get_Thrift_Server_Storage_us-central 25666
Get_Azure_us-central 26840
Get_Thrift_Server_Storage_us-central 26869
Get_Azure_us-central 23083
Get_Thrift_Server_Storage_us-central 23104
Get_Azure_us-central 24987
Get_Thrift_Server_Storage_us-central 25008
Get_Azure_us-central 20366
Get_Thrift_Server_Storage_us-central 20383
Get_Azure_us-central 38276
Get_Thrift_Server_Storage_us-central 38295
Get_Azure_us-central 26454
Get_Thrift_Server_Storage_us-central 26474
Get_Azure_us-central 23449
Get_Thrift_Server_Storage_us-central 23472
Get_Azure_us-central 159759
Get_Thrift_Server_Storage_us-central 159779
Get_Azure_us-central 141242
Get_Thrift_Server_Storage_us-central 141264
Get_Azure_us-central 24906
Get_Thrift_Server_Storage_us-central 24925
Get_Azure_us-central 25009
Get_Thrift_Server_Storage_us-central 25036
Get_Azure_us-central 23968
Get_Thrift_Server_Storage_us-central 23989
Get_Azure_us-central 48870
Get_Thrift_Server_Storage_us-central 48889
Get_Azure_us-central 20563
Get_Thrift_Server_Storage_us-central 20581
Get_Azure_us-central 27333
Get_Thrift_Server_Storage_us-central 27353
Get_Azure_us-central 22516
Get_Thrift_Server_Storage_us-central 22540
Get_Azure_us-central 22910
Get_Thrift_Server_Storage_us-central 22928
Get_Azure_us-central 22409
Get_Thrift_Server_Storage_us-central 22427
Get_Azure_us-central 26128
Get_Thrift_Server_Storage_us-central 26145
Get_Azure_us-central 94943
Get_Thrift_Server_Storage_us-central 94962
Get_Azure_us-central 23879
Get_Thrift_Server_Storage_us-central 23897
Get_Azure_us-central 22121
Get_Thrift_Server_Storage_us-central 22143
Get_Azure_us-central 23383
Get_Thrift_Server_Storage_us-central 23400
Get_Azure_us-central 24495
Get_Thrift_Server_Storage_us-central 24521
Get_Azure_us-central 50556
Get_Thrift_Server_Storage_us-central 50579
Get_Azure_us-central 24391
Get_Thrift_Server_Storage_us-central 24411
Get_Azure_us-central 21309
Get_Thrift_Server_Storage_us-central 21335
Get_Azure_us-central 41272
Get_Thrift_Server_Storage_us-central 41295
Get_Azure_us-central 24383
Get_Thrift_Server_Storage_us-central 24406
Get_Azure_us-central 23301
Get_Thrift_Server_Storage_us-central 23320
Get_Azure_us-central 20789
Get_Thrift_Server_Storage_us-central 20807
Get_Azure_us-central 32011
Get_Thrift_Server_Storage_us-central 32029
Get_Azure_us-central 22557
Get_Thrift_Server_Storage_us-central 22574
Get_Azure_us-central 28736
Get_Thrift_Server_Storage_us-central 28761
Get_Azure_us-central 24157
Get_Thrift_Server_Storage_us-central 24180
Get_Azure_us-central 22539
Get_Thrift_Server_Storage_us-central 22562
Get_Azure_us-central 22023
Get_Thrift_Server_Storage_us-central 22047
Get_Azure_us-central 35561
Get_Thrift_Server_Storage_us-central 35579
Get_Azure_us-central 22404
Get_Thrift_Server_Storage_us-central 22423
Get_Azure_us-central 21209
Get_Thrift_Server_Storage_us-central 21230
Get_Azure_us-central 25803
Get_Thrift_Server_Storage_us-central 25825
Get_Azure_us-central 21315
Get_Thrift_Server_Storage_us-central 21334
Get_Azure_us-central 32725
Get_Thrift_Server_Storage_us-central 32745
Get_Azure_us-central 31262
Get_Thrift_Server_Storage_us-central 31283
Get_Azure_us-central 38254
Get_Thrift_Server_Storage_us-central 38273
Get_Azure_us-central 25213
Get_Thrift_Server_Storage_us-central 25232
Get_Azure_us-central 24199
Get_Thrift_Server_Storage_us-central 24223
Get_Azure_us-central 31652
Get_Thrift_Server_Storage_us-central 31672
Get_Azure_us-central 28725
Get_Thrift_Server_Storage_us-central 28744
Get_Azure_us-central 29381
Get_Thrift_Server_Storage_us-central 29406
Get_Azure_us-central 19302
Get_Thrift_Server_Storage_us-central 19328
Get_Azure_us-central 24164
Get_Thrift_Server_Storage_us-central 24184
Get_Azure_us-central 35153
Get_Thrift_Server_Storage_us-central 35176
Get_Azure_us-central 24711
Get_Thrift_Server_Storage_us-central 24730
Get_Azure_us-central 27406
Get_Thrift_Server_Storage_us-central 27425
Get_Azure_us-central 25644
Get_Thrift_Server_Storage_us-central 25663
Get_Azure_us-central 25160
Get_Thrift_Server_Storage_us-central 25183
Get_Azure_us-central 23202
Get_Thrift_Server_Storage_us-central 23220
Get_Azure_us-central 23311
Get_Thrift_Server_Storage_us-central 23334
Get_Azure_us-central 34836
Get_Thrift_Server_Storage_us-central 34856
Get_Azure_us-central 26005
Get_Thrift_Server_Storage_us-central 26028
Get_Azure_us-central 28200
Get_Thrift_Server_Storage_us-central 28224
Get_Azure_us-central 22562
Get_Thrift_Server_Storage_us-central 22584
Get_Azure_us-central 27662
Get_Thrift_Server_Storage_us-central 27686
Get_Azure_us-central 38965
Get_Thrift_Server_Storage_us-central 38985
Get_Azure_us-central 26428
Get_Thrift_Server_Storage_us-central 26447
Get_Azure_us-central 60756
Get_Thrift_Server_Storage_us-central 60779
Get_Azure_us-central 27387
Get_Thrift_Server_Storage_us-central 27405
Get_Azure_us-central 28235
Get_Thrift_Server_Storage_us-central 28253
Get_Azure_us-central 22947
Get_Thrift_Server_Storage_us-central 22966
Get_Azure_us-central 30856
Get_Thrift_Server_Storage_us-central 30884
Get_Azure_us-central 23935
Get_Thrift_Server_Storage_us-central 23954
Get_Azure_us-central 35633
Get_Thrift_Server_Storage_us-central 35651
Get_Azure_us-central 21784
Get_Thrift_Server_Storage_us-central 21802
Get_Azure_us-central 24089
Get_Thrift_Server_Storage_us-central 24108
Get_Azure_us-central 29489
Get_Thrift_Server_Storage_us-central 29519
Get_Azure_us-central 24015
Get_Thrift_Server_Storage_us-central 24034
Get_Azure_us-central 23025
Get_Thrift_Server_Storage_us-central 23048
Get_Azure_us-central 72806
Get_Thrift_Server_Storage_us-central 72825
Get_Azure_us-central 22578
Get_Thrift_Server_Storage_us-central 22599
Get_Azure_us-central 24184
Get_Thrift_Server_Storage_us-central 24202
Get_Azure_us-central 22335
Get_Thrift_Server_Storage_us-central 22353
Get_Azure_us-central 24282
Get_Thrift_Server_Storage_us-central 24302
Get_Azure_us-central 21837
Get_Thrift_Server_Storage_us-central 21855
Get_Azure_us-central 21214
Get_Thrift_Server_Storage_us-central 21234
Get_Azure_us-central 41363
Get_Thrift_Server_Storage_us-central 41390
Get_Azure_us-central 31070
Get_Thrift_Server_Storage_us-central 31090
Get_Azure_us-central 28692
Get_Thrift_Server_Storage_us-central 28712
Get_Azure_us-central 36302
Get_Thrift_Server_Storage_us-central 36327
Get_Azure_us-central 45541
Get_Thrift_Server_Storage_us-central 45560
Get_Azure_us-central 30720
Get_Thrift_Server_Storage_us-central 30744
Get_Azure_us-central 43836
Get_Thrift_Server_Storage_us-central 43855
Get_Azure_us-central 38391
Get_Thrift_Server_Storage_us-central 38414
Get_Azure_us-central 119488
Get_Thrift_Server_Storage_us-central 119513
Get_Azure_us-central 21037
Get_Thrift_Server_Storage_us-central 21059
Get_Azure_us-central 22279
Get_Thrift_Server_Storage_us-central 22297
Get_Azure_us-central 25610
Get_Thrift_Server_Storage_us-central 25628
Get_Azure_us-central 26171
Get_Thrift_Server_Storage_us-central 26189
Get_Azure_us-central 42126
Get_Thrift_Server_Storage_us-central 42156
Get_Azure_us-central 42305
Get_Thrift_Server_Storage_us-central 42326
Get_Azure_us-central 138861
Get_Thrift_Server_Storage_us-central 139015
Get_Azure_us-central 21205
Get_Thrift_Server_Storage_us-central 21221
Get_Azure_us-central 120877
Get_Thrift_Server_Storage_us-central 120907
Get_Azure_us-central 104388
Get_Thrift_Server_Storage_us-central 104407
Get_Azure_us-central 24083
Get_Thrift_Server_Storage_us-central 24102
Get_Azure_us-central 27701
Get_Thrift_Server_Storage_us-central 27727
Get_Azure_us-central 22583
Get_Thrift_Server_Storage_us-central 22607
Get_Azure_us-central 29366
Get_Thrift_Server_Storage_us-central 29385
Get_Azure_us-central 34837
Get_Thrift_Server_Storage_us-central 34855
Get_Azure_us-central 27126
Get_Thrift_Server_Storage_us-central 27148
Get_Azure_us-central 32033
Get_Thrift_Server_Storage_us-central 32053
Get_Azure_us-central 26619
Get_Thrift_Server_Storage_us-central 26642
Get_Azure_us-central 24248
Get_Thrift_Server_Storage_us-central 24265
Get_Azure_us-central 47503
Get_Thrift_Server_Storage_us-central 47531
Get_Azure_us-central 42742
Get_Thrift_Server_Storage_us-central 42760
Get_Azure_us-central 26729
Get_Thrift_Server_Storage_us-central 26752
Get_Azure_us-central 23723
Get_Thrift_Server_Storage_us-central 23743
Get_Azure_us-central 30708
Get_Thrift_Server_Storage_us-central 30736
Get_Azure_us-central 37887
Get_Thrift_Server_Storage_us-central 37918
Get_Azure_us-central 20698
Get_Thrift_Server_Storage_us-central 20725
Get_Azure_us-central 26002
Get_Thrift_Server_Storage_us-central 26024
Get_Azure_us-central 25684
Get_Thrift_Server_Storage_us-central 25705
Get_Azure_us-central 27864
Get_Thrift_Server_Storage_us-central 27885
Get_Azure_us-central 36166
Get_Thrift_Server_Storage_us-central 36193
Get_Azure_us-central 25160
Get_Thrift_Server_Storage_us-central 25184
Get_Azure_us-central 150782
Get_Thrift_Server_Storage_us-central 150808
Get_Azure_us-central 24105
Get_Thrift_Server_Storage_us-central 24123
Get_Azure_us-central 25431
Get_Thrift_Server_Storage_us-central 25450
Get_Azure_us-central 34753
Get_Thrift_Server_Storage_us-central 34779
Get_Azure_us-central 22926
Get_Thrift_Server_Storage_us-central 22948
Get_Azure_us-central 24854
Get_Thrift_Server_Storage_us-central 24876
Get_Azure_us-central 20869
Get_Thrift_Server_Storage_us-central 20894
Get_Azure_us-central 21948
Get_Thrift_Server_Storage_us-central 21969
Get_Azure_us-central 27895
Get_Thrift_Server_Storage_us-central 27918
Get_Azure_us-central 33933
Get_Thrift_Server_Storage_us-central 33958
Get_Azure_us-central 30079
Get_Thrift_Server_Storage_us-central 30117
Get_Azure_us-central 28546
Get_Thrift_Server_Storage_us-central 28574
Get_Azure_us-central 31243
Get_Thrift_Server_Storage_us-central 31264
Get_Azure_us-central 27715
Get_Thrift_Server_Storage_us-central 27735
Get_Azure_us-central 22590
Get_Thrift_Server_Storage_us-central 22611
Get_Azure_us-central 40427
Get_Thrift_Server_Storage_us-central 40447
Get_Azure_us-central 78182
Get_Thrift_Server_Storage_us-central 78202
Get_Azure_us-central 27398
Get_Thrift_Server_Storage_us-central 27426
Get_Azure_us-central 26635
Get_Thrift_Server_Storage_us-central 26656
Get_Azure_us-central 21465
Get_Thrift_Server_Storage_us-central 21488
Get_Azure_us-central 25059
Get_Thrift_Server_Storage_us-central 25078
Get_Azure_us-central 20426
Get_Thrift_Server_Storage_us-central 20447
Get_Azure_us-central 44123
Get_Thrift_Server_Storage_us-central 44145
Get_Azure_us-central 41361
Get_Thrift_Server_Storage_us-central 41379
Get_Azure_us-central 53078
Get_Thrift_Server_Storage_us-central 53099
Get_Azure_us-central 23625
Get_Thrift_Server_Storage_us-central 23643
Get_Azure_us-central 23062
Get_Thrift_Server_Storage_us-central 23082
Get_Azure_us-central 20004
Get_Thrift_Server_Storage_us-central 20027
Get_Azure_us-central 22989
Get_Thrift_Server_Storage_us-central 23006
Get_Azure_us-central 37227
Get_Thrift_Server_Storage_us-central 37249
Get_Azure_us-central 20205
Get_Thrift_Server_Storage_us-central 20222
Get_Azure_us-central 51384
Get_Thrift_Server_Storage_us-central 51401
Get_Azure_us-central 72363
Get_Thrift_Server_Storage_us-central 72385
Get_Azure_us-central 84374
Get_Thrift_Server_Storage_us-central 84391
Get_Azure_us-central 25091
Get_Thrift_Server_Storage_us-central 25111
Get_Azure_us-central 29189
Get_Thrift_Server_Storage_us-central 29207
Get_Azure_us-central 56392
Get_Thrift_Server_Storage_us-central 56411
Get_Azure_us-central 45671
Get_Thrift_Server_Storage_us-central 45691
Get_Azure_us-central 22803
Get_Thrift_Server_Storage_us-central 22821
Get_Azure_us-central 22455
Get_Thrift_Server_Storage_us-central 22473
Get_Azure_us-central 23398
Get_Thrift_Server_Storage_us-central 23417
Get_Azure_us-central 24691
Get_Thrift_Server_Storage_us-central 24722
Get_Azure_us-central 26259
Get_Thrift_Server_Storage_us-central 26286
Get_Azure_us-central 21189
Get_Thrift_Server_Storage_us-central 21211
Get_Azure_us-central 27554
Get_Thrift_Server_Storage_us-central 27575
Get_Azure_us-central 20011
Get_Thrift_Server_Storage_us-central 20043
Get_Azure_us-central 25726
Get_Thrift_Server_Storage_us-central 25744
Get_Azure_us-central 58368
Get_Thrift_Server_Storage_us-central 58386
Get_Azure_us-central 20813
Get_Thrift_Server_Storage_us-central 20833
Get_Azure_us-central 24682
Get_Thrift_Server_Storage_us-central 24704
Get_Azure_us-central 24923
Get_Thrift_Server_Storage_us-central 24946
Get_Azure_us-central 91257
Get_Thrift_Server_Storage_us-central 91277
Get_Azure_us-central 34162
Get_Thrift_Server_Storage_us-central 34184
Get_Azure_us-central 27343
Get_Thrift_Server_Storage_us-central 27382
Get_Azure_us-central 48102
Get_Thrift_Server_Storage_us-central 48119
Get_Azure_us-central 44283
Get_Thrift_Server_Storage_us-central 44303
Get_Azure_us-central 30826
Get_Thrift_Server_Storage_us-central 30845
Get_Azure_us-central 23070
Get_Thrift_Server_Storage_us-central 23094
Get_Azure_us-central 25012
Get_Thrift_Server_Storage_us-central 25030
Get_Azure_us-central 24563
Get_Thrift_Server_Storage_us-central 24587
Get_Azure_us-central 42938
Get_Thrift_Server_Storage_us-central 42960
Get_Azure_us-central 29513
Get_Thrift_Server_Storage_us-central 29536
Get_Azure_us-central 22425
Get_Thrift_Server_Storage_us-central 22441
Get_Azure_us-central 20078
Get_Thrift_Server_Storage_us-central 20099
Get_Azure_us-central 22929
Get_Thrift_Server_Storage_us-central 22945
Get_Azure_us-central 21822
Get_Thrift_Server_Storage_us-central 21842
Get_Azure_us-central 49624
Get_Thrift_Server_Storage_us-central 49649
Get_Azure_us-central 24592
Get_Thrift_Server_Storage_us-central 24619
Get_Azure_us-central 27600
Get_Thrift_Server_Storage_us-central 27624
Get_Azure_us-central 24261
Get_Thrift_Server_Storage_us-central 24283
Get_Azure_us-central 38697
Get_Thrift_Server_Storage_us-central 38718
Get_Azure_us-central 23489
Get_Thrift_Server_Storage_us-central 23511
Get_Azure_us-central 33733
Get_Thrift_Server_Storage_us-central 33752
Get_Azure_us-central 25206
Get_Thrift_Server_Storage_us-central 25229
Get_Azure_us-central 31201
Get_Thrift_Server_Storage_us-central 31219
Get_Azure_us-central 26781
Get_Thrift_Server_Storage_us-central 26803
Get_Azure_us-central 22158
Get_Thrift_Server_Storage_us-central 22182
Get_Azure_us-central 25102
Get_Thrift_Server_Storage_us-central 25135
Get_Azure_us-central 59736
Get_Thrift_Server_Storage_us-central 59762
Get_Azure_us-central 23513
Get_Thrift_Server_Storage_us-central 23532
Get_Azure_us-central 51572
Get_Thrift_Server_Storage_us-central 51596
Get_Azure_us-central 72245
Get_Thrift_Server_Storage_us-central 72267
Get_Azure_us-central 22826
Get_Thrift_Server_Storage_us-central 22844
Get_Azure_us-central 22657
Get_Thrift_Server_Storage_us-central 22680
Get_Azure_us-central 20382
Get_Thrift_Server_Storage_us-central 20405
Get_Azure_us-central 27091
Get_Thrift_Server_Storage_us-central 27116
Get_Azure_us-central 65773
Get_Thrift_Server_Storage_us-central 65794
Get_Azure_us-central 26759
Get_Thrift_Server_Storage_us-central 26778
Get_Azure_us-central 23841
Get_Thrift_Server_Storage_us-central 23859
Get_Azure_us-central 22640
Get_Thrift_Server_Storage_us-central 22662
Get_Azure_us-central 36287
Get_Thrift_Server_Storage_us-central 36309
Get_Azure_us-central 66477
Get_Thrift_Server_Storage_us-central 66501
Get_Azure_us-central 21129
Get_Thrift_Server_Storage_us-central 21152
Get_Azure_us-central 24440
Get_Thrift_Server_Storage_us-central 24464
Get_Azure_us-central 26704
Get_Thrift_Server_Storage_us-central 26729
Get_Azure_us-central 24019
Get_Thrift_Server_Storage_us-central 24039
Get_Azure_us-central 21510
Get_Thrift_Server_Storage_us-central 21533
Get_Azure_us-central 24427
Get_Thrift_Server_Storage_us-central 24447
Get_Azure_us-central 26428
Get_Thrift_Server_Storage_us-central 26445
Get_Azure_us-central 39688
Get_Thrift_Server_Storage_us-central 39706
Get_Azure_us-central 21280
Get_Thrift_Server_Storage_us-central 21302
Get_Azure_us-central 20719
Get_Thrift_Server_Storage_us-central 20745
Get_Azure_us-central 27172
Get_Thrift_Server_Storage_us-central 27201
Get_Azure_us-central 23966
Get_Thrift_Server_Storage_us-central 24006
Get_Azure_us-central 46451
Get_Thrift_Server_Storage_us-central 46471
Get_Azure_us-central 31649
Get_Thrift_Server_Storage_us-central 31669
Get_Azure_us-central 23052
Get_Thrift_Server_Storage_us-central 23070
Get_Azure_us-central 23596
Get_Thrift_Server_Storage_us-central 23619
Get_Azure_us-central 22383
Get_Thrift_Server_Storage_us-central 22400
Get_Azure_us-central 22089
Get_Thrift_Server_Storage_us-central 22111
Get_Azure_us-central 24053
Get_Thrift_Server_Storage_us-central 24074
Get_Azure_us-central 22623
Get_Thrift_Server_Storage_us-central 22646
Get_Azure_us-central 21833
Get_Thrift_Server_Storage_us-central 21856
Get_Azure_us-central 24438
Get_Thrift_Server_Storage_us-central 24462
Get_Azure_us-central 29475
Get_Thrift_Server_Storage_us-central 29498
Get_Azure_us-central 21783
Get_Thrift_Server_Storage_us-central 21811
Get_Azure_us-central 23806
Get_Thrift_Server_Storage_us-central 23830
Get_Azure_us-central 22189
Get_Thrift_Server_Storage_us-central 22210
Get_Azure_us-central 32585
Get_Thrift_Server_Storage_us-central 32607
Get_Azure_us-central 30804
Get_Thrift_Server_Storage_us-central 30830
Get_Azure_us-central 28957
Get_Thrift_Server_Storage_us-central 28978
Get_Azure_us-central 27460
Get_Thrift_Server_Storage_us-central 27488
Get_Azure_us-central 24545
Get_Thrift_Server_Storage_us-central 24564
Get_Azure_us-central 36655
Get_Thrift_Server_Storage_us-central 36677
Get_Azure_us-central 23162
Get_Thrift_Server_Storage_us-central 23188
Get_Azure_us-central 23123
Get_Thrift_Server_Storage_us-central 23147
Get_Azure_us-central 24886
Get_Thrift_Server_Storage_us-central 24916
Get_Azure_us-central 24492
Get_Thrift_Server_Storage_us-central 24512
Get_Azure_us-central 51778
Get_Thrift_Server_Storage_us-central 51800
Get_Azure_us-central 37669
Get_Thrift_Server_Storage_us-central 37692
Get_Azure_us-central 23743
Get_Thrift_Server_Storage_us-central 23765
Get_Azure_us-central 25543
Get_Thrift_Server_Storage_us-central 25566
Get_Azure_us-central 43609
Get_Thrift_Server_Storage_us-central 43636
Get_Azure_us-central 28946
Get_Thrift_Server_Storage_us-central 28973
Get_Azure_us-central 42202
Get_Thrift_Server_Storage_us-central 42225
Get_Azure_us-central 39927
Get_Thrift_Server_Storage_us-central 39954
Get_Azure_us-central 29272
Get_Thrift_Server_Storage_us-central 29294
Get_Azure_us-central 30582
Get_Thrift_Server_Storage_us-central 30607
Get_Azure_us-central 33835
Get_Thrift_Server_Storage_us-central 33858
Get_Azure_us-central 32446
Get_Thrift_Server_Storage_us-central 32467
Get_Azure_us-central 22159
Get_Thrift_Server_Storage_us-central 22181
Get_Azure_us-central 27815
Get_Thrift_Server_Storage_us-central 27838
Get_Azure_us-central 39352
Get_Thrift_Server_Storage_us-central 39377
Get_Azure_us-central 27007
Get_Thrift_Server_Storage_us-central 27029
Get_Azure_us-central 24583
Get_Thrift_Server_Storage_us-central 24601
Get_Azure_us-central 45733
Get_Thrift_Server_Storage_us-central 45755
Get_Azure_us-central 60640
Get_Thrift_Server_Storage_us-central 60660
Get_Azure_us-central 26585
Get_Thrift_Server_Storage_us-central 26614
Get_Azure_us-central 22765
Get_Thrift_Server_Storage_us-central 22789
Get_Azure_us-central 24862
Get_Thrift_Server_Storage_us-central 24879
Get_Azure_us-central 22620
Get_Thrift_Server_Storage_us-central 22642
Get_Azure_us-central 23708
Get_Thrift_Server_Storage_us-central 23727
Get_Azure_us-central 23164
Get_Thrift_Server_Storage_us-central 23182
Get_Azure_us-central 25708
Get_Thrift_Server_Storage_us-central 25732
Get_Azure_us-central 34992
Get_Thrift_Server_Storage_us-central 35014
Get_Azure_us-central 21754
Get_Thrift_Server_Storage_us-central 21777
Get_Azure_us-central 30395
Get_Thrift_Server_Storage_us-central 30419
Get_Azure_us-central 55987
Get_Thrift_Server_Storage_us-central 56008
Get_Azure_us-central 22016
Get_Thrift_Server_Storage_us-central 22035
Get_Azure_us-central 34661
Get_Thrift_Server_Storage_us-central 34687
Get_Azure_us-central 42913
Get_Thrift_Server_Storage_us-central 42936
Get_Azure_us-central 23269
Get_Thrift_Server_Storage_us-central 23288
Get_Azure_us-central 22099
Get_Thrift_Server_Storage_us-central 22122
Get_Azure_us-central 33756
Get_Thrift_Server_Storage_us-central 33780
Get_Azure_us-central 25366
Get_Thrift_Server_Storage_us-central 25385
Get_Azure_us-central 40006
Get_Thrift_Server_Storage_us-central 40021
Get_Azure_us-central 28225
Get_Thrift_Server_Storage_us-central 28246
Get_Azure_us-central 25539
Get_Thrift_Server_Storage_us-central 25577
Get_Azure_us-central 27030
Get_Thrift_Server_Storage_us-central 27056
Get_Azure_us-central 37877
Get_Thrift_Server_Storage_us-central 37897
Get_Azure_us-central 21717
Get_Thrift_Server_Storage_us-central 21733
Get_Azure_us-central 24811
Get_Thrift_Server_Storage_us-central 24828
Get_Azure_us-central 20974
Get_Thrift_Server_Storage_us-central 20993
Get_Azure_us-central 46474
Get_Thrift_Server_Storage_us-central 46495
Get_Azure_us-central 51274
Get_Thrift_Server_Storage_us-central 51293
Get_Azure_us-central 22756
Get_Thrift_Server_Storage_us-central 22777
Get_Azure_us-central 26373
Get_Thrift_Server_Storage_us-central 26399
Get_Azure_us-central 65293
Get_Thrift_Server_Storage_us-central 65312
Get_Azure_us-central 46946
Get_Thrift_Server_Storage_us-central 46967
Get_Azure_us-central 22364
Get_Thrift_Server_Storage_us-central 22385
Get_Azure_us-central 23516
Get_Thrift_Server_Storage_us-central 23537
Get_Azure_us-central 22947
Get_Thrift_Server_Storage_us-central 22968
Get_Azure_us-central 31006
Get_Thrift_Server_Storage_us-central 31024
Get_Azure_us-central 23144
Get_Thrift_Server_Storage_us-central 23167
Get_Azure_us-central 22157
Get_Thrift_Server_Storage_us-central 22174
Get_Azure_us-central 21560
Get_Thrift_Server_Storage_us-central 21585
Get_Azure_us-central 23240
Get_Thrift_Server_Storage_us-central 23258
Get_Azure_us-central 43637
Get_Thrift_Server_Storage_us-central 43656
Get_Azure_us-central 23449
Get_Thrift_Server_Storage_us-central 23468
Get_Azure_us-central 29371
Get_Thrift_Server_Storage_us-central 29397
Get_Azure_us-central 26278
Get_Thrift_Server_Storage_us-central 26295
Get_Azure_us-central 27938
Get_Thrift_Server_Storage_us-central 27958
Get_Azure_us-central 25450
Get_Thrift_Server_Storage_us-central 25476
Get_Azure_us-central 22664
Get_Thrift_Server_Storage_us-central 22682
Get_Azure_us-central 20560
Get_Thrift_Server_Storage_us-central 20591
Get_Azure_us-central 47924
Get_Thrift_Server_Storage_us-central 47948
Get_Azure_us-central 137062
Get_Thrift_Server_Storage_us-central 137086
Get_Azure_us-central 32001
Get_Thrift_Server_Storage_us-central 32026
Get_Azure_us-central 23046
Get_Thrift_Server_Storage_us-central 23070
Get_Azure_us-central 21433
Get_Thrift_Server_Storage_us-central 21454
Get_Azure_us-central 79630
Get_Thrift_Server_Storage_us-central 79654
Get_Azure_us-central 23395
Get_Thrift_Server_Storage_us-central 23413
Get_Azure_us-central 38532
Get_Thrift_Server_Storage_us-central 38551
Get_Azure_us-central 42207
Get_Thrift_Server_Storage_us-central 42234
Get_Azure_us-central 22013
Get_Thrift_Server_Storage_us-central 22038
Get_Azure_us-central 39995
Get_Thrift_Server_Storage_us-central 40015
Get_Azure_us-central 21869
Get_Thrift_Server_Storage_us-central 21894
Get_Azure_us-central 25904
Get_Thrift_Server_Storage_us-central 25924
Get_Azure_us-central 21072
Get_Thrift_Server_Storage_us-central 21096
Get_Azure_us-central 41420
Get_Thrift_Server_Storage_us-central 41438
Get_Azure_us-central 169670
Get_Thrift_Server_Storage_us-central 169691
Get_Azure_us-central 26304
Get_Thrift_Server_Storage_us-central 26331
Get_Azure_us-central 26947
Get_Thrift_Server_Storage_us-central 26966
Get_Azure_us-central 63460
Get_Thrift_Server_Storage_us-central 63477
Get_Azure_us-central 27089
Get_Thrift_Server_Storage_us-central 27108
Get_Azure_us-central 20572
Get_Thrift_Server_Storage_us-central 20594
Get_Azure_us-central 25772
Get_Thrift_Server_Storage_us-central 25808
Get_Azure_us-central 26110
Get_Thrift_Server_Storage_us-central 26139
Get_Azure_us-central 23242
Get_Thrift_Server_Storage_us-central 23264
Get_Azure_us-central 40293
Get_Thrift_Server_Storage_us-central 40317
Get_Azure_us-central 24790
Get_Thrift_Server_Storage_us-central 24810
Get_Azure_us-central 54547
Get_Thrift_Server_Storage_us-central 54567
Get_Azure_us-central 21990
Get_Thrift_Server_Storage_us-central 22014
Get_Azure_us-central 53570
Get_Thrift_Server_Storage_us-central 53599
Get_Azure_us-central 47771
Get_Thrift_Server_Storage_us-central 47794
Get_Azure_us-central 22400
Get_Thrift_Server_Storage_us-central 22416
Get_Azure_us-central 21375
Get_Thrift_Server_Storage_us-central 21399
Get_Azure_us-central 25561
Get_Thrift_Server_Storage_us-central 25584
Get_Azure_us-central 21504
Get_Thrift_Server_Storage_us-central 21524
Get_Azure_us-central 29252
Get_Thrift_Server_Storage_us-central 29270
Get_Azure_us-central 70279
Get_Thrift_Server_Storage_us-central 70303
Get_Azure_us-central 25534
Get_Thrift_Server_Storage_us-central 25557
Get_Azure_us-central 35722
Get_Thrift_Server_Storage_us-central 35747
Get_Azure_us-central 127270
Get_Thrift_Server_Storage_us-central 127290
Get_Azure_us-central 40307
Get_Thrift_Server_Storage_us-central 40325
Get_Azure_us-central 31459
Get_Thrift_Server_Storage_us-central 31476
Get_Azure_us-central 36969
Get_Thrift_Server_Storage_us-central 36992
Get_Azure_us-central 113892
Get_Thrift_Server_Storage_us-central 113916
Get_Azure_us-central 31785
Get_Thrift_Server_Storage_us-central 31803
Get_Azure_us-central 26733
Get_Thrift_Server_Storage_us-central 26750
Get_Azure_us-central 90850
Get_Thrift_Server_Storage_us-central 90877
Get_Azure_us-central 22001
Get_Thrift_Server_Storage_us-central 22021
Get_Azure_us-central 40035
Get_Thrift_Server_Storage_us-central 40060
Get_Azure_us-central 24454
Get_Thrift_Server_Storage_us-central 24478
Get_Azure_us-central 23078
Get_Thrift_Server_Storage_us-central 23099
Get_Azure_us-central 24124
Get_Thrift_Server_Storage_us-central 24150
Get_Azure_us-central 34712
Get_Thrift_Server_Storage_us-central 34729
Get_Azure_us-central 23703
Get_Thrift_Server_Storage_us-central 23726
Get_Azure_us-central 37498
Get_Thrift_Server_Storage_us-central 37517
Get_Azure_us-central 33296
Get_Thrift_Server_Storage_us-central 33317
Get_Azure_us-central 27374
Get_Thrift_Server_Storage_us-central 27396
Get_Azure_us-central 25902
Get_Thrift_Server_Storage_us-central 25929
Get_Azure_us-central 61093
Get_Thrift_Server_Storage_us-central 61117
Get_Azure_us-central 35156
Get_Thrift_Server_Storage_us-central 35181
Get_Azure_us-central 27501
Get_Thrift_Server_Storage_us-central 27522
Get_Azure_us-central 30416
Get_Thrift_Server_Storage_us-central 30438
Get_Azure_us-central 35870
Get_Thrift_Server_Storage_us-central 35893
Get_Azure_us-central 29329
Get_Thrift_Server_Storage_us-central 29349
Get_Azure_us-central 23691
Get_Thrift_Server_Storage_us-central 23718
Get_Azure_us-central 24950
Get_Thrift_Server_Storage_us-central 24980
Get_Azure_us-central 38419
Get_Thrift_Server_Storage_us-central 38442
Get_Azure_us-central 80663
Get_Thrift_Server_Storage_us-central 80690
Get_Azure_us-central 25280
Get_Thrift_Server_Storage_us-central 25303
Get_Azure_us-central 27483
Get_Thrift_Server_Storage_us-central 27507
Get_Azure_us-central 28026
Get_Thrift_Server_Storage_us-central 28050
Get_Azure_us-central 25740
Get_Thrift_Server_Storage_us-central 25764
Get_Azure_us-central 30666
Get_Thrift_Server_Storage_us-central 30690
Get_Azure_us-central 27960
Get_Thrift_Server_Storage_us-central 27984
Get_Azure_us-central 21533
Get_Thrift_Server_Storage_us-central 21566
Get_Azure_us-central 37244
Get_Thrift_Server_Storage_us-central 37270
Get_Azure_us-central 20697
Get_Thrift_Server_Storage_us-central 20725
Get_Azure_us-central 23022
Get_Thrift_Server_Storage_us-central 23053
Get_Azure_us-central 30256
Get_Thrift_Server_Storage_us-central 30280
Get_Azure_us-central 34661
Get_Thrift_Server_Storage_us-central 34681
Get_Azure_us-central 22399
Get_Thrift_Server_Storage_us-central 22418
Get_Azure_us-central 37959
Get_Thrift_Server_Storage_us-central 37980
Get_Azure_us-central 40880
Get_Thrift_Server_Storage_us-central 40896
Get_Azure_us-central 26547
Get_Thrift_Server_Storage_us-central 26577
Get_Azure_us-central 27704
Get_Thrift_Server_Storage_us-central 27733
Get_Azure_us-central 39655
Get_Thrift_Server_Storage_us-central 39678
Get_Azure_us-central 25231
Get_Thrift_Server_Storage_us-central 25251
Get_Azure_us-central 41228
Get_Thrift_Server_Storage_us-central 41254
Get_Azure_us-central 26587
Get_Thrift_Server_Storage_us-central 26612
Get_Azure_us-central 22115
Get_Thrift_Server_Storage_us-central 22135
Get_Azure_us-central 35523
Get_Thrift_Server_Storage_us-central 35561
Get_Azure_us-central 22313
Get_Thrift_Server_Storage_us-central 22334
Get_Azure_us-central 39056
Get_Thrift_Server_Storage_us-central 39077
Get_Azure_us-central 29228
Get_Thrift_Server_Storage_us-central 29247
Get_Azure_us-central 35379
Get_Thrift_Server_Storage_us-central 35398
Get_Azure_us-central 24616
Get_Thrift_Server_Storage_us-central 24641
Get_Azure_us-central 22590
Get_Thrift_Server_Storage_us-central 22615
Get_Azure_us-central 23246
Get_Thrift_Server_Storage_us-central 23265
Get_Azure_us-central 34236
Get_Thrift_Server_Storage_us-central 34261
Get_Azure_us-central 23304
Get_Thrift_Server_Storage_us-central 23326
Get_Azure_us-central 35584
Get_Thrift_Server_Storage_us-central 35602
Get_Azure_us-central 40855
Get_Thrift_Server_Storage_us-central 40878
Get_Azure_us-central 45610
Get_Thrift_Server_Storage_us-central 45635
Get_Azure_us-central 53373
Get_Thrift_Server_Storage_us-central 53397
Get_Azure_us-central 27503
Get_Thrift_Server_Storage_us-central 27522
Get_Azure_us-central 35525
Get_Thrift_Server_Storage_us-central 35551
Get_Azure_us-central 22302
Get_Thrift_Server_Storage_us-central 22325
Get_Azure_us-central 24808
Get_Thrift_Server_Storage_us-central 24838
Get_Azure_us-central 26017
Get_Thrift_Server_Storage_us-central 26038
Get_Azure_us-central 34055
Get_Thrift_Server_Storage_us-central 34077
Get_Azure_us-central 30815
Get_Thrift_Server_Storage_us-central 30834
Get_Azure_us-central 21642
Get_Thrift_Server_Storage_us-central 21696
Get_Azure_us-central 30720
Get_Thrift_Server_Storage_us-central 30737
Get_Azure_us-central 25003
Get_Thrift_Server_Storage_us-central 25019
Get_Azure_us-central 24058
Get_Thrift_Server_Storage_us-central 24077
Get_Azure_us-central 43087
Get_Thrift_Server_Storage_us-central 43113
Get_Azure_us-central 39147
Get_Thrift_Server_Storage_us-central 39170
Get_Azure_us-central 25701
Get_Thrift_Server_Storage_us-central 25719
Get_Azure_us-central 33116
Get_Thrift_Server_Storage_us-central 33137
Get_Azure_us-central 21190
Get_Thrift_Server_Storage_us-central 21211
Get_Azure_us-central 26189
Get_Thrift_Server_Storage_us-central 26207
Get_Azure_us-central 33552
Get_Thrift_Server_Storage_us-central 33572
Get_Azure_us-central 38700
Get_Thrift_Server_Storage_us-central 38717
Get_Azure_us-central 23464
Get_Thrift_Server_Storage_us-central 23488
Get_Azure_us-central 23736
Get_Thrift_Server_Storage_us-central 23764
Get_Azure_us-central 29052
Get_Thrift_Server_Storage_us-central 29076
Get_Azure_us-central 34308
Get_Thrift_Server_Storage_us-central 34328
Get_Azure_us-central 24583
Get_Thrift_Server_Storage_us-central 24602
Get_Azure_us-central 20568
Get_Thrift_Server_Storage_us-central 20590
Get_Azure_us-central 40530
Get_Thrift_Server_Storage_us-central 40548
Get_Azure_us-central 22295
Get_Thrift_Server_Storage_us-central 22318
Get_Azure_us-central 21242
Get_Thrift_Server_Storage_us-central 21264
Get_Azure_us-central 22855
Get_Thrift_Server_Storage_us-central 22872
Get_Azure_us-central 46225
Get_Thrift_Server_Storage_us-central 46246
Get_Azure_us-central 27400
Get_Thrift_Server_Storage_us-central 27428
Get_Azure_us-central 34342
Get_Thrift_Server_Storage_us-central 34363
Get_Azure_us-central 21990
Get_Thrift_Server_Storage_us-central 22016
Get_Azure_us-central 29848
Get_Thrift_Server_Storage_us-central 29866
Get_Azure_us-central 48215
Get_Thrift_Server_Storage_us-central 48239
Get_Azure_us-central 50757
Get_Thrift_Server_Storage_us-central 50780
Get_Azure_us-central 38825
Get_Thrift_Server_Storage_us-central 38841
Get_Azure_us-central 24717
Get_Thrift_Server_Storage_us-central 24737
Get_Azure_us-central 22603
Get_Thrift_Server_Storage_us-central 22623
Get_Azure_us-central 21849
Get_Thrift_Server_Storage_us-central 21872
Get_Azure_us-central 29707
Get_Thrift_Server_Storage_us-central 29739
Get_Azure_us-central 24790
Get_Thrift_Server_Storage_us-central 24809
Get_Azure_us-central 21623
Get_Thrift_Server_Storage_us-central 21646
Get_Azure_us-central 25852
Get_Thrift_Server_Storage_us-central 25872
Get_Azure_us-central 22983
Get_Thrift_Server_Storage_us-central 23001
Get_Azure_us-central 21742
Get_Thrift_Server_Storage_us-central 21761
Get_Azure_us-central 41691
Get_Thrift_Server_Storage_us-central 41730
Get_Azure_us-central 36720
Get_Thrift_Server_Storage_us-central 36744
Get_Azure_us-central 23950
Get_Thrift_Server_Storage_us-central 23977
Get_Azure_us-central 45308
Get_Thrift_Server_Storage_us-central 45328
Get_Azure_us-central 28507
Get_Thrift_Server_Storage_us-central 28528
Get_Azure_us-central 24497
Get_Thrift_Server_Storage_us-central 24521
Get_Azure_us-central 36937
Get_Thrift_Server_Storage_us-central 36956
Get_Azure_us-central 26034
Get_Thrift_Server_Storage_us-central 26052
Get_Azure_us-central 24944
Get_Thrift_Server_Storage_us-central 24967
Get_Azure_us-central 22473
Get_Thrift_Server_Storage_us-central 22492
Get_Azure_us-central 36869
Get_Thrift_Server_Storage_us-central 36888
Get_Azure_us-central 26960
Get_Thrift_Server_Storage_us-central 26987
Get_Azure_us-central 44935
Get_Thrift_Server_Storage_us-central 44953
Get_Azure_us-central 21032
Get_Thrift_Server_Storage_us-central 21049
Get_Azure_us-central 25639
Get_Thrift_Server_Storage_us-central 25674
Get_Azure_us-central 31983
Get_Thrift_Server_Storage_us-central 32012
Get_Azure_us-central 24644
Get_Thrift_Server_Storage_us-central 24688
Get_Azure_us-central 24615
Get_Thrift_Server_Storage_us-central 24636
Get_Azure_us-central 27456
Get_Thrift_Server_Storage_us-central 27474
Get_Azure_us-central 24798
Get_Thrift_Server_Storage_us-central 24817
Get_Azure_us-central 43843
Get_Thrift_Server_Storage_us-central 43871
Get_Azure_us-central 21630
Get_Thrift_Server_Storage_us-central 21654
Get_Azure_us-central 28933
Get_Thrift_Server_Storage_us-central 28954
Get_Azure_us-central 33802
Get_Thrift_Server_Storage_us-central 33824
Get_Azure_us-central 30655
Get_Thrift_Server_Storage_us-central 30674
Get_Azure_us-central 25222
Get_Thrift_Server_Storage_us-central 25243
Get_Azure_us-central 25764
Get_Thrift_Server_Storage_us-central 25796
Get_Azure_us-central 30698
Get_Thrift_Server_Storage_us-central 30718
Get_Azure_us-central 24997
Get_Thrift_Server_Storage_us-central 25041
Get_Azure_us-central 39665
Get_Thrift_Server_Storage_us-central 39685
Get_Azure_us-central 24606
Get_Thrift_Server_Storage_us-central 24631
Get_Azure_us-central 24539
Get_Thrift_Server_Storage_us-central 24558
Get_Azure_us-central 30482
Get_Thrift_Server_Storage_us-central 30504
Get_Azure_us-central 31342
Get_Thrift_Server_Storage_us-central 31365
Get_Azure_us-central 36093
Get_Thrift_Server_Storage_us-central 36115
Get_Azure_us-central 26500
Get_Thrift_Server_Storage_us-central 26524
Get_Azure_us-central 55450
Get_Thrift_Server_Storage_us-central 55473
Get_Azure_us-central 26089
Get_Thrift_Server_Storage_us-central 26112
Get_Azure_us-central 53790
Get_Thrift_Server_Storage_us-central 53816
Get_Azure_us-central 25996
Get_Thrift_Server_Storage_us-central 26015
Get_Azure_us-central 22993
Get_Thrift_Server_Storage_us-central 23010
Get_Azure_us-central 27994
Get_Thrift_Server_Storage_us-central 28014
Get_Azure_us-central 52261
Get_Thrift_Server_Storage_us-central 52284
Get_Azure_us-central 26847
Get_Thrift_Server_Storage_us-central 26872
Get_Azure_us-central 22162
Get_Thrift_Server_Storage_us-central 22188
Get_Azure_us-central 22493
Get_Thrift_Server_Storage_us-central 22523
Get_Azure_us-central 23524
Get_Thrift_Server_Storage_us-central 23545
Get_Azure_us-central 53228
Get_Thrift_Server_Storage_us-central 53248
Get_Azure_us-central 32580
Get_Thrift_Server_Storage_us-central 32600
Get_Azure_us-central 27967
Get_Thrift_Server_Storage_us-central 27987
Get_Azure_us-central 41649
Get_Thrift_Server_Storage_us-central 41668
Get_Azure_us-central 41572
Get_Thrift_Server_Storage_us-central 41590
Get_Azure_us-central 24595
Get_Thrift_Server_Storage_us-central 24624
Get_Azure_us-central 34607
Get_Thrift_Server_Storage_us-central 34625
Get_Azure_us-central 38469
Get_Thrift_Server_Storage_us-central 38489
Get_Azure_us-central 25793
Get_Thrift_Server_Storage_us-central 25818
Get_Azure_us-central 25352
Get_Thrift_Server_Storage_us-central 25371
Get_Azure_us-central 54144
Get_Thrift_Server_Storage_us-central 54168
Get_Azure_us-central 33513
Get_Thrift_Server_Storage_us-central 33536
Get_Azure_us-central 28561
Get_Thrift_Server_Storage_us-central 28589
Get_Azure_us-central 24404
Get_Thrift_Server_Storage_us-central 24428
Get_Azure_us-central 25633
Get_Thrift_Server_Storage_us-central 25653
Get_Azure_us-central 22035
Get_Thrift_Server_Storage_us-central 22062
