Get_Azure_us-south-central 141949
Get_Thrift_Server_Storage_us-south-central 142043
Get_Azure_us-south-central 89407
Get_Thrift_Server_Storage_us-south-central 89438
Get_Azure_us-south-central 106641
Get_Thrift_Server_Storage_us-south-central 106697
Get_Azure_us-south-central 50647
Get_Thrift_Server_Storage_us-south-central 50683
Get_Azure_us-south-central 80206
Get_Thrift_Server_Storage_us-south-central 80246
Get_Azure_us-south-central 86499
Get_Thrift_Server_Storage_us-south-central 86542
Get_Azure_us-south-central 98308
Get_Thrift_Server_Storage_us-south-central 98348
Get_Azure_us-south-central 110732
Get_Thrift_Server_Storage_us-south-central 110779
Get_Azure_us-south-central 85622
Get_Thrift_Server_Storage_us-south-central 85645
Get_Azure_us-south-central 76772
Get_Thrift_Server_Storage_us-south-central 76789
Get_Azure_us-south-central 88621
Get_Thrift_Server_Storage_us-south-central 88642
Get_Azure_us-south-central 89259
Get_Thrift_Server_Storage_us-south-central 89283
Get_Azure_us-south-central 86425
Get_Thrift_Server_Storage_us-south-central 86457
Get_Azure_us-south-central 105380
Get_Thrift_Server_Storage_us-south-central 105407
Get_Azure_us-south-central 245454
Get_Thrift_Server_Storage_us-south-central 245475
Get_Azure_us-south-central 101743
Get_Thrift_Server_Storage_us-south-central 101762
Get_Azure_us-south-central 76135
Get_Thrift_Server_Storage_us-south-central 76180
Get_Azure_us-south-central 93923
Get_Thrift_Server_Storage_us-south-central 93947
Get_Azure_us-south-central 96859
Get_Thrift_Server_Storage_us-south-central 96883
Get_Azure_us-south-central 110423
Get_Thrift_Server_Storage_us-south-central 110463
Get_Azure_us-south-central 56545
Get_Thrift_Server_Storage_us-south-central 56580
Get_Azure_us-south-central 112758
Get_Thrift_Server_Storage_us-south-central 112803
Get_Azure_us-south-central 44002
Get_Thrift_Server_Storage_us-south-central 44029
Get_Azure_us-south-central 123982
Get_Thrift_Server_Storage_us-south-central 124004
Get_Azure_us-south-central 60157
Get_Thrift_Server_Storage_us-south-central 60189
Get_Azure_us-south-central 98921
Get_Thrift_Server_Storage_us-south-central 98949
Get_Azure_us-south-central 293774
Get_Thrift_Server_Storage_us-south-central 293820
Get_Azure_us-south-central 53183
Get_Thrift_Server_Storage_us-south-central 53242
Get_Azure_us-south-central 88791
Get_Thrift_Server_Storage_us-south-central 88839
Get_Azure_us-south-central 107744
Get_Thrift_Server_Storage_us-south-central 107781
Get_Azure_us-south-central 73411
Get_Thrift_Server_Storage_us-south-central 73454
Get_Azure_us-south-central 71440
Get_Thrift_Server_Storage_us-south-central 71481
Get_Azure_us-south-central 152351
Get_Thrift_Server_Storage_us-south-central 152400
Get_Azure_us-south-central 87761
Get_Thrift_Server_Storage_us-south-central 87792
Get_Azure_us-south-central 105773
Get_Thrift_Server_Storage_us-south-central 105816
Get_Azure_us-south-central 37559
Get_Thrift_Server_Storage_us-south-central 37596
Get_Azure_us-south-central 168075
Get_Thrift_Server_Storage_us-south-central 168172
Get_Azure_us-south-central 67554
Get_Thrift_Server_Storage_us-south-central 67587
Get_Azure_us-south-central 52219
Get_Thrift_Server_Storage_us-south-central 52248
Get_Azure_us-south-central 98362
Get_Thrift_Server_Storage_us-south-central 98395
Get_Azure_us-south-central 108524
Get_Thrift_Server_Storage_us-south-central 108561
Get_Azure_us-south-central 167146
Get_Thrift_Server_Storage_us-south-central 167174
Get_Azure_us-south-central 68056
Get_Thrift_Server_Storage_us-south-central 68080
Get_Azure_us-south-central 78831
Get_Thrift_Server_Storage_us-south-central 78878
Get_Azure_us-south-central 129654
Get_Thrift_Server_Storage_us-south-central 129683
Get_Azure_us-south-central 36028
Get_Thrift_Server_Storage_us-south-central 36063
Get_Azure_us-south-central 70441
Get_Thrift_Server_Storage_us-south-central 70469
Get_Azure_us-south-central 104073
Get_Thrift_Server_Storage_us-south-central 104091
Get_Azure_us-south-central 76025
Get_Thrift_Server_Storage_us-south-central 76057
Get_Azure_us-south-central 55350
Get_Thrift_Server_Storage_us-south-central 55394
Get_Azure_us-south-central 54399
Get_Thrift_Server_Storage_us-south-central 54425
Get_Azure_us-south-central 132312
Get_Thrift_Server_Storage_us-south-central 132341
Get_Azure_us-south-central 48303
Get_Thrift_Server_Storage_us-south-central 48358
Get_Azure_us-south-central 135923
Get_Thrift_Server_Storage_us-south-central 135953
Get_Azure_us-south-central 104463
Get_Thrift_Server_Storage_us-south-central 104482
Get_Azure_us-south-central 134572
Get_Thrift_Server_Storage_us-south-central 134619
Get_Azure_us-south-central 93642
Get_Thrift_Server_Storage_us-south-central 93661
Get_Azure_us-south-central 77956
Get_Thrift_Server_Storage_us-south-central 77980
Get_Azure_us-south-central 46710
Get_Thrift_Server_Storage_us-south-central 46727
Get_Azure_us-south-central 99313
Get_Thrift_Server_Storage_us-south-central 99331
Get_Azure_us-south-central 77129
Get_Thrift_Server_Storage_us-south-central 77178
Get_Azure_us-south-central 65913
Get_Thrift_Server_Storage_us-south-central 65941
Get_Azure_us-south-central 109736
Get_Thrift_Server_Storage_us-south-central 109783
Get_Azure_us-south-central 160586
Get_Thrift_Server_Storage_us-south-central 160605
Get_Azure_us-south-central 113848
Get_Thrift_Server_Storage_us-south-central 113866
Get_Azure_us-south-central 80309
Get_Thrift_Server_Storage_us-south-central 80336
Get_Azure_us-south-central 68029
Get_Thrift_Server_Storage_us-south-central 68049
Get_Azure_us-south-central 166411
Get_Thrift_Server_Storage_us-south-central 166440
Get_Azure_us-south-central 79425
Get_Thrift_Server_Storage_us-south-central 79468
Get_Azure_us-south-central 102477
Get_Thrift_Server_Storage_us-south-central 102508
Get_Azure_us-south-central 84210
Get_Thrift_Server_Storage_us-south-central 84240
Get_Azure_us-south-central 73074
Get_Thrift_Server_Storage_us-south-central 73099
Get_Azure_us-south-central 54597
Get_Thrift_Server_Storage_us-south-central 54629
Get_Azure_us-south-central 101582
Get_Thrift_Server_Storage_us-south-central 101618
Get_Azure_us-south-central 180759
Get_Thrift_Server_Storage_us-south-central 180810
Get_Azure_us-south-central 94450
Get_Thrift_Server_Storage_us-south-central 94481
Get_Azure_us-south-central 104502
Get_Thrift_Server_Storage_us-south-central 104543
Get_Azure_us-south-central 163259
Get_Thrift_Server_Storage_us-south-central 163304
Get_Azure_us-south-central 54356
Get_Thrift_Server_Storage_us-south-central 54390
Get_Azure_us-south-central 126632
Get_Thrift_Server_Storage_us-south-central 126682
Get_Azure_us-south-central 59375
Get_Thrift_Server_Storage_us-south-central 59415
Get_Azure_us-south-central 49882
Get_Thrift_Server_Storage_us-south-central 49900
Get_Azure_us-south-central 75698
Get_Thrift_Server_Storage_us-south-central 75732
Get_Azure_us-south-central 37226
Get_Thrift_Server_Storage_us-south-central 37259
Get_Azure_us-south-central 137964
Get_Thrift_Server_Storage_us-south-central 137996
Get_Azure_us-south-central 146969
Get_Thrift_Server_Storage_us-south-central 146988
Get_Azure_us-south-central 55534
Get_Thrift_Server_Storage_us-south-central 55555
Get_Azure_us-south-central 50586
Get_Thrift_Server_Storage_us-south-central 50640
Get_Azure_us-south-central 153365
Get_Thrift_Server_Storage_us-south-central 153384
Get_Azure_us-south-central 52224
Get_Thrift_Server_Storage_us-south-central 52260
Get_Azure_us-south-central 109956
Get_Thrift_Server_Storage_us-south-central 109975
Get_Azure_us-south-central 89389
Get_Thrift_Server_Storage_us-south-central 89432
Get_Azure_us-south-central 71937
Get_Thrift_Server_Storage_us-south-central 71963
Get_Azure_us-south-central 49462
Get_Thrift_Server_Storage_us-south-central 49483
Get_Azure_us-south-central 56365
Get_Thrift_Server_Storage_us-south-central 56399
Get_Azure_us-south-central 108113
Get_Thrift_Server_Storage_us-south-central 108138
Get_Azure_us-south-central 49090
Get_Thrift_Server_Storage_us-south-central 49116
Get_Azure_us-south-central 66063
Get_Thrift_Server_Storage_us-south-central 66105
Get_Azure_us-south-central 56853
Get_Thrift_Server_Storage_us-south-central 56886
Get_Azure_us-south-central 59274
Get_Thrift_Server_Storage_us-south-central 59302
Get_Azure_us-south-central 111335
Get_Thrift_Server_Storage_us-south-central 111372
Get_Azure_us-south-central 87130
Get_Thrift_Server_Storage_us-south-central 87158
Get_Azure_us-south-central 150197
Get_Thrift_Server_Storage_us-south-central 150227
Get_Azure_us-south-central 134900
Get_Thrift_Server_Storage_us-south-central 134972
Get_Azure_us-south-central 79247
Get_Thrift_Server_Storage_us-south-central 79266
Get_Azure_us-south-central 102629
Get_Thrift_Server_Storage_us-south-central 102661
Get_Azure_us-south-central 60988
Get_Thrift_Server_Storage_us-south-central 61021
Get_Azure_us-south-central 65314
Get_Thrift_Server_Storage_us-south-central 65358
Get_Azure_us-south-central 47003
Get_Thrift_Server_Storage_us-south-central 47027
Get_Azure_us-south-central 36519
Get_Thrift_Server_Storage_us-south-central 36553
Get_Azure_us-south-central 46202
Get_Thrift_Server_Storage_us-south-central 46251
Get_Azure_us-south-central 79816
Get_Thrift_Server_Storage_us-south-central 79835
Get_Azure_us-south-central 63496
Get_Thrift_Server_Storage_us-south-central 63555
Get_Azure_us-south-central 48761
Get_Thrift_Server_Storage_us-south-central 48789
Get_Azure_us-south-central 89725
Get_Thrift_Server_Storage_us-south-central 89780
Get_Azure_us-south-central 59367
Get_Thrift_Server_Storage_us-south-central 59406
Get_Azure_us-south-central 56016
Get_Thrift_Server_Storage_us-south-central 56051
Get_Azure_us-south-central 98453
Get_Thrift_Server_Storage_us-south-central 98484
Get_Azure_us-south-central 109338
Get_Thrift_Server_Storage_us-south-central 109373
Get_Azure_us-south-central 36713
Get_Thrift_Server_Storage_us-south-central 36740
Get_Azure_us-south-central 38701
Get_Thrift_Server_Storage_us-south-central 38746
Get_Azure_us-south-central 86811
Get_Thrift_Server_Storage_us-south-central 86865
Get_Azure_us-south-central 34186
Get_Thrift_Server_Storage_us-south-central 34203
Get_Azure_us-south-central 65060
Get_Thrift_Server_Storage_us-south-central 65101
Get_Azure_us-south-central 187185
Get_Thrift_Server_Storage_us-south-central 187205
Get_Azure_us-south-central 35939
Get_Thrift_Server_Storage_us-south-central 35979
Get_Azure_us-south-central 64047
Get_Thrift_Server_Storage_us-south-central 64065
Get_Azure_us-south-central 83560
Get_Thrift_Server_Storage_us-south-central 83601
Get_Azure_us-south-central 63451
Get_Thrift_Server_Storage_us-south-central 63485
Get_Azure_us-south-central 63148
Get_Thrift_Server_Storage_us-south-central 63198
Get_Azure_us-south-central 119959
Get_Thrift_Server_Storage_us-south-central 119985
Get_Azure_us-south-central 56751
Get_Thrift_Server_Storage_us-south-central 56771
Get_Azure_us-south-central 77923
Get_Thrift_Server_Storage_us-south-central 77950
Get_Azure_us-south-central 94838
Get_Thrift_Server_Storage_us-south-central 94873
Get_Azure_us-south-central 113445
Get_Thrift_Server_Storage_us-south-central 113490
Get_Azure_us-south-central 93586
Get_Thrift_Server_Storage_us-south-central 93620
Get_Azure_us-south-central 96835
Get_Thrift_Server_Storage_us-south-central 96876
Get_Azure_us-south-central 50643
Get_Thrift_Server_Storage_us-south-central 50663
Get_Azure_us-south-central 40537
Get_Thrift_Server_Storage_us-south-central 40560
Get_Azure_us-south-central 48906
Get_Thrift_Server_Storage_us-south-central 48934
Get_Azure_us-south-central 34201
Get_Thrift_Server_Storage_us-south-central 34221
Get_Azure_us-south-central 64482
Get_Thrift_Server_Storage_us-south-central 64502
Get_Azure_us-south-central 77852
Get_Thrift_Server_Storage_us-south-central 77886
Get_Azure_us-south-central 32671
Get_Thrift_Server_Storage_us-south-central 32697
Get_Azure_us-south-central 58887
Get_Thrift_Server_Storage_us-south-central 58906
Get_Azure_us-south-central 37080
Get_Thrift_Server_Storage_us-south-central 37103
Get_Azure_us-south-central 136193
Get_Thrift_Server_Storage_us-south-central 136355
Get_Azure_us-south-central 57835
Get_Thrift_Server_Storage_us-south-central 57876
Get_Azure_us-south-central 100299
Get_Thrift_Server_Storage_us-south-central 100320
Get_Azure_us-south-central 28359
Get_Thrift_Server_Storage_us-south-central 28391
Get_Azure_us-south-central 52553
Get_Thrift_Server_Storage_us-south-central 52575
Get_Azure_us-south-central 54730
Get_Thrift_Server_Storage_us-south-central 54769
Get_Azure_us-south-central 45327
Get_Thrift_Server_Storage_us-south-central 45360
Get_Azure_us-south-central 51999
Get_Thrift_Server_Storage_us-south-central 52027
Get_Azure_us-south-central 105441
Get_Thrift_Server_Storage_us-south-central 105466
Get_Azure_us-south-central 57391
Get_Thrift_Server_Storage_us-south-central 57410
Get_Azure_us-south-central 68340
Get_Thrift_Server_Storage_us-south-central 68360
Get_Azure_us-south-central 101673
Get_Thrift_Server_Storage_us-south-central 101711
Get_Azure_us-south-central 59566
Get_Thrift_Server_Storage_us-south-central 59596
Get_Azure_us-south-central 53415
Get_Thrift_Server_Storage_us-south-central 53444
Get_Azure_us-south-central 83662
Get_Thrift_Server_Storage_us-south-central 83702
Get_Azure_us-south-central 76051
Get_Thrift_Server_Storage_us-south-central 76076
Get_Azure_us-south-central 142234
Get_Thrift_Server_Storage_us-south-central 142267
Get_Azure_us-south-central 61937
Get_Thrift_Server_Storage_us-south-central 61956
Get_Azure_us-south-central 58267
Get_Thrift_Server_Storage_us-south-central 58324
Get_Azure_us-south-central 35046
Get_Thrift_Server_Storage_us-south-central 35073
Get_Azure_us-south-central 107796
Get_Thrift_Server_Storage_us-south-central 107831
Get_Azure_us-south-central 34516
Get_Thrift_Server_Storage_us-south-central 34548
Get_Azure_us-south-central 100143
Get_Thrift_Server_Storage_us-south-central 100180
Get_Azure_us-south-central 48287
Get_Thrift_Server_Storage_us-south-central 48330
Get_Azure_us-south-central 65451
Get_Thrift_Server_Storage_us-south-central 65477
Get_Azure_us-south-central 63123
Get_Thrift_Server_Storage_us-south-central 63157
Get_Azure_us-south-central 50359
Get_Thrift_Server_Storage_us-south-central 50393
Get_Azure_us-south-central 70034
Get_Thrift_Server_Storage_us-south-central 70074
Get_Azure_us-south-central 32388
Get_Thrift_Server_Storage_us-south-central 32426
Get_Azure_us-south-central 106960
Get_Thrift_Server_Storage_us-south-central 106981
Get_Azure_us-south-central 44203
Get_Thrift_Server_Storage_us-south-central 44227
Get_Azure_us-south-central 49171
Get_Thrift_Server_Storage_us-south-central 49198
Get_Azure_us-south-central 33901
Get_Thrift_Server_Storage_us-south-central 33937
Get_Azure_us-south-central 27371
Get_Thrift_Server_Storage_us-south-central 27403
Get_Azure_us-south-central 72935
Get_Thrift_Server_Storage_us-south-central 72971
Get_Azure_us-south-central 42596
Get_Thrift_Server_Storage_us-south-central 42633
Get_Azure_us-south-central 127380
Get_Thrift_Server_Storage_us-south-central 127458
Get_Azure_us-south-central 417888
Get_Thrift_Server_Storage_us-south-central 417923
Get_Azure_us-south-central 82236
Get_Thrift_Server_Storage_us-south-central 82254
Get_Azure_us-south-central 70007
Get_Thrift_Server_Storage_us-south-central 70047
Get_Azure_us-south-central 105683
Get_Thrift_Server_Storage_us-south-central 105720
Get_Azure_us-south-central 60098
Get_Thrift_Server_Storage_us-south-central 60146
Get_Azure_us-south-central 97475
Get_Thrift_Server_Storage_us-south-central 97659
Get_Azure_us-south-central 108103
Get_Thrift_Server_Storage_us-south-central 108145
Get_Azure_us-south-central 87807
Get_Thrift_Server_Storage_us-south-central 87826
Get_Azure_us-south-central 53931
Get_Thrift_Server_Storage_us-south-central 53952
Get_Azure_us-south-central 64058
Get_Thrift_Server_Storage_us-south-central 64076
Get_Azure_us-south-central 94125
Get_Thrift_Server_Storage_us-south-central 94158
Get_Azure_us-south-central 78685
Get_Thrift_Server_Storage_us-south-central 78703
Get_Azure_us-south-central 55914
Get_Thrift_Server_Storage_us-south-central 55945
Get_Azure_us-south-central 61235
Get_Thrift_Server_Storage_us-south-central 61264
Get_Azure_us-south-central 62825
Get_Thrift_Server_Storage_us-south-central 62845
Get_Azure_us-south-central 123556
Get_Thrift_Server_Storage_us-south-central 123585
Get_Azure_us-south-central 80177
Get_Thrift_Server_Storage_us-south-central 80218
Get_Azure_us-south-central 56108
Get_Thrift_Server_Storage_us-south-central 56124
Get_Azure_us-south-central 125381
Get_Thrift_Server_Storage_us-south-central 125406
Get_Azure_us-south-central 69950
Get_Thrift_Server_Storage_us-south-central 69974
Get_Azure_us-south-central 42429
Get_Thrift_Server_Storage_us-south-central 42448
Get_Azure_us-south-central 126155
Get_Thrift_Server_Storage_us-south-central 126201
Get_Azure_us-south-central 59800
Get_Thrift_Server_Storage_us-south-central 59855
Get_Azure_us-south-central 74637
Get_Thrift_Server_Storage_us-south-central 74699
Get_Azure_us-south-central 74754
Get_Thrift_Server_Storage_us-south-central 74791
Get_Azure_us-south-central 42624
Get_Thrift_Server_Storage_us-south-central 42672
Get_Azure_us-south-central 78053
Get_Thrift_Server_Storage_us-south-central 78076
Get_Azure_us-south-central 31907
Get_Thrift_Server_Storage_us-south-central 31938
Get_Azure_us-south-central 185459
Get_Thrift_Server_Storage_us-south-central 185488
Get_Azure_us-south-central 72672
Get_Thrift_Server_Storage_us-south-central 72696
Get_Azure_us-south-central 95937
Get_Thrift_Server_Storage_us-south-central 95976
Get_Azure_us-south-central 57375
Get_Thrift_Server_Storage_us-south-central 57394
Get_Azure_us-south-central 81370
Get_Thrift_Server_Storage_us-south-central 81393
Get_Azure_us-south-central 44207
Get_Thrift_Server_Storage_us-south-central 44229
Get_Azure_us-south-central 41603
Get_Thrift_Server_Storage_us-south-central 41620
Get_Azure_us-south-central 67000
Get_Thrift_Server_Storage_us-south-central 67018
Get_Azure_us-south-central 95956
Get_Thrift_Server_Storage_us-south-central 95975
Get_Azure_us-south-central 57269
Get_Thrift_Server_Storage_us-south-central 57304
Get_Azure_us-south-central 49816
Get_Thrift_Server_Storage_us-south-central 49861
Get_Azure_us-south-central 35922
Get_Thrift_Server_Storage_us-south-central 35972
Get_Azure_us-south-central 103705
Get_Thrift_Server_Storage_us-south-central 103723
Get_Azure_us-south-central 49603
Get_Thrift_Server_Storage_us-south-central 49627
Get_Azure_us-south-central 92418
Get_Thrift_Server_Storage_us-south-central 92438
Get_Azure_us-south-central 65153
Get_Thrift_Server_Storage_us-south-central 65170
Get_Azure_us-south-central 40929
Get_Thrift_Server_Storage_us-south-central 40952
Get_Azure_us-south-central 55063
Get_Thrift_Server_Storage_us-south-central 55095
Get_Azure_us-south-central 63402
Get_Thrift_Server_Storage_us-south-central 63433
Get_Azure_us-south-central 30672
Get_Thrift_Server_Storage_us-south-central 30691
Get_Azure_us-south-central 58685
Get_Thrift_Server_Storage_us-south-central 58717
Get_Azure_us-south-central 52095
Get_Thrift_Server_Storage_us-south-central 52136
Get_Azure_us-south-central 112999
Get_Thrift_Server_Storage_us-south-central 113028
Get_Azure_us-south-central 94188
Get_Thrift_Server_Storage_us-south-central 94211
Get_Azure_us-south-central 38747
Get_Thrift_Server_Storage_us-south-central 38770
Get_Azure_us-south-central 31924
Get_Thrift_Server_Storage_us-south-central 31944
Get_Azure_us-south-central 70134
Get_Thrift_Server_Storage_us-south-central 70158
Get_Azure_us-south-central 173928
Get_Thrift_Server_Storage_us-south-central 173947
Get_Azure_us-south-central 149926
Get_Thrift_Server_Storage_us-south-central 149963
Get_Azure_us-south-central 65271
Get_Thrift_Server_Storage_us-south-central 65307
Get_Azure_us-south-central 42510
Get_Thrift_Server_Storage_us-south-central 42545
Get_Azure_us-south-central 74355
Get_Thrift_Server_Storage_us-south-central 74381
Get_Azure_us-south-central 78523
Get_Thrift_Server_Storage_us-south-central 78553
Get_Azure_us-south-central 131251
Get_Thrift_Server_Storage_us-south-central 131268
Get_Azure_us-south-central 93254
Get_Thrift_Server_Storage_us-south-central 93294
Get_Azure_us-south-central 136615
Get_Thrift_Server_Storage_us-south-central 136639
Get_Azure_us-south-central 55320
Get_Thrift_Server_Storage_us-south-central 55339
Get_Azure_us-south-central 45632
Get_Thrift_Server_Storage_us-south-central 45656
Get_Azure_us-south-central 62200
Get_Thrift_Server_Storage_us-south-central 62217
Get_Azure_us-south-central 196769
Get_Thrift_Server_Storage_us-south-central 196794
Get_Azure_us-south-central 181953
Get_Thrift_Server_Storage_us-south-central 181994
Get_Azure_us-south-central 115971
Get_Thrift_Server_Storage_us-south-central 115999
Get_Azure_us-south-central 50030
Get_Thrift_Server_Storage_us-south-central 50063
Get_Azure_us-south-central 69322
Get_Thrift_Server_Storage_us-south-central 69362
Get_Azure_us-south-central 148449
Get_Thrift_Server_Storage_us-south-central 148475
Get_Azure_us-south-central 52964
Get_Thrift_Server_Storage_us-south-central 52988
Get_Azure_us-south-central 126379
Get_Thrift_Server_Storage_us-south-central 126396
Get_Azure_us-south-central 33668
Get_Thrift_Server_Storage_us-south-central 33686
Get_Azure_us-south-central 67004
Get_Thrift_Server_Storage_us-south-central 67027
Get_Azure_us-south-central 76518
Get_Thrift_Server_Storage_us-south-central 76544
Get_Azure_us-south-central 65041
Get_Thrift_Server_Storage_us-south-central 65071
Get_Azure_us-south-central 134325
Get_Thrift_Server_Storage_us-south-central 134349
Get_Azure_us-south-central 129034
Get_Thrift_Server_Storage_us-south-central 129055
Get_Azure_us-south-central 55114
Get_Thrift_Server_Storage_us-south-central 55136
Get_Azure_us-south-central 42338
Get_Thrift_Server_Storage_us-south-central 42373
Get_Azure_us-south-central 67882
Get_Thrift_Server_Storage_us-south-central 67909
Get_Azure_us-south-central 26975
Get_Thrift_Server_Storage_us-south-central 27024
Get_Azure_us-south-central 110843
Get_Thrift_Server_Storage_us-south-central 110872
Get_Azure_us-south-central 82748
Get_Thrift_Server_Storage_us-south-central 82770
Get_Azure_us-south-central 50763
Get_Thrift_Server_Storage_us-south-central 50795
Get_Azure_us-south-central 32146
Get_Thrift_Server_Storage_us-south-central 32180
Get_Azure_us-south-central 50061
Get_Thrift_Server_Storage_us-south-central 50081
Get_Azure_us-south-central 31058
Get_Thrift_Server_Storage_us-south-central 31084
Get_Azure_us-south-central 60423
Get_Thrift_Server_Storage_us-south-central 60452
Get_Azure_us-south-central 38462
Get_Thrift_Server_Storage_us-south-central 38482
Get_Azure_us-south-central 52208
Get_Thrift_Server_Storage_us-south-central 52229
Get_Azure_us-south-central 38447
Get_Thrift_Server_Storage_us-south-central 38464
Get_Azure_us-south-central 149442
Get_Thrift_Server_Storage_us-south-central 149487
Get_Azure_us-south-central 42129
Get_Thrift_Server_Storage_us-south-central 42148
Get_Azure_us-south-central 56494
Get_Thrift_Server_Storage_us-south-central 56530
Get_Azure_us-south-central 35766
Get_Thrift_Server_Storage_us-south-central 35785
Get_Azure_us-south-central 37554
Get_Thrift_Server_Storage_us-south-central 37608
Get_Azure_us-south-central 31414
Get_Thrift_Server_Storage_us-south-central 31448
Get_Azure_us-south-central 67545
Get_Thrift_Server_Storage_us-south-central 67581
Get_Azure_us-south-central 112502
Get_Thrift_Server_Storage_us-south-central 112524
Get_Azure_us-south-central 36797
Get_Thrift_Server_Storage_us-south-central 36823
Get_Azure_us-south-central 53746
Get_Thrift_Server_Storage_us-south-central 53765
Get_Azure_us-south-central 95329
Get_Thrift_Server_Storage_us-south-central 95348
Get_Azure_us-south-central 131640
Get_Thrift_Server_Storage_us-south-central 131677
Get_Azure_us-south-central 73522
Get_Thrift_Server_Storage_us-south-central 73544
Get_Azure_us-south-central 59976
Get_Thrift_Server_Storage_us-south-central 60010
Get_Azure_us-south-central 50953
Get_Thrift_Server_Storage_us-south-central 50974
Get_Azure_us-south-central 104012
Get_Thrift_Server_Storage_us-south-central 104034
Get_Azure_us-south-central 99740
Get_Thrift_Server_Storage_us-south-central 99800
Get_Azure_us-south-central 80185
Get_Thrift_Server_Storage_us-south-central 80207
Get_Azure_us-south-central 68098
Get_Thrift_Server_Storage_us-south-central 68125
Get_Azure_us-south-central 208494
Get_Thrift_Server_Storage_us-south-central 208535
Get_Azure_us-south-central 43962
Get_Thrift_Server_Storage_us-south-central 44004
Get_Azure_us-south-central 86942
Get_Thrift_Server_Storage_us-south-central 86979
Get_Azure_us-south-central 31287
Get_Thrift_Server_Storage_us-south-central 31320
Get_Azure_us-south-central 203317
Get_Thrift_Server_Storage_us-south-central 203358
Get_Azure_us-south-central 147897
Get_Thrift_Server_Storage_us-south-central 147927
Get_Azure_us-south-central 120155
Get_Thrift_Server_Storage_us-south-central 120176
Get_Azure_us-south-central 64642
Get_Thrift_Server_Storage_us-south-central 64668
Get_Azure_us-south-central 83741
Get_Thrift_Server_Storage_us-south-central 83760
Get_Azure_us-south-central 28865
Get_Thrift_Server_Storage_us-south-central 28917
Get_Azure_us-south-central 80146
Get_Thrift_Server_Storage_us-south-central 80181
Get_Azure_us-south-central 67944
Get_Thrift_Server_Storage_us-south-central 67977
Get_Azure_us-south-central 84156
Get_Thrift_Server_Storage_us-south-central 84313
Get_Azure_us-south-central 62830
Get_Thrift_Server_Storage_us-south-central 62866
Get_Azure_us-south-central 68869
Get_Thrift_Server_Storage_us-south-central 68914
Get_Azure_us-south-central 76488
Get_Thrift_Server_Storage_us-south-central 76523
Get_Azure_us-south-central 41453
Get_Thrift_Server_Storage_us-south-central 41470
Get_Azure_us-south-central 63256
Get_Thrift_Server_Storage_us-south-central 63274
Get_Azure_us-south-central 32329
Get_Thrift_Server_Storage_us-south-central 32348
Get_Azure_us-south-central 30134
Get_Thrift_Server_Storage_us-south-central 30151
Get_Azure_us-south-central 98407
Get_Thrift_Server_Storage_us-south-central 98447
Get_Azure_us-south-central 40971
Get_Thrift_Server_Storage_us-south-central 41009
Get_Azure_us-south-central 48708
Get_Thrift_Server_Storage_us-south-central 48741
Get_Azure_us-south-central 61657
Get_Thrift_Server_Storage_us-south-central 61685
Get_Azure_us-south-central 53372
Get_Thrift_Server_Storage_us-south-central 53409
Get_Azure_us-south-central 143811
Get_Thrift_Server_Storage_us-south-central 143859
Get_Azure_us-south-central 60827
Get_Thrift_Server_Storage_us-south-central 60867
Get_Azure_us-south-central 38380
Get_Thrift_Server_Storage_us-south-central 38406
Get_Azure_us-south-central 41315
Get_Thrift_Server_Storage_us-south-central 41354
Get_Azure_us-south-central 72173
Get_Thrift_Server_Storage_us-south-central 72217
Get_Azure_us-south-central 50092
Get_Thrift_Server_Storage_us-south-central 50112
Get_Azure_us-south-central 112499
Get_Thrift_Server_Storage_us-south-central 112525
Get_Azure_us-south-central 80861
Get_Thrift_Server_Storage_us-south-central 80892
Get_Azure_us-south-central 39622
Get_Thrift_Server_Storage_us-south-central 39639
Get_Azure_us-south-central 49306
Get_Thrift_Server_Storage_us-south-central 49329
Get_Azure_us-south-central 68082
Get_Thrift_Server_Storage_us-south-central 68107
Get_Azure_us-south-central 32000
Get_Thrift_Server_Storage_us-south-central 32050
Get_Azure_us-south-central 78652
Get_Thrift_Server_Storage_us-south-central 78677
Get_Azure_us-south-central 61925
Get_Thrift_Server_Storage_us-south-central 61959
Get_Azure_us-south-central 98346
Get_Thrift_Server_Storage_us-south-central 98370
Get_Azure_us-south-central 64645
Get_Thrift_Server_Storage_us-south-central 64690
Get_Azure_us-south-central 82041
Get_Thrift_Server_Storage_us-south-central 82070
Get_Azure_us-south-central 61612
Get_Thrift_Server_Storage_us-south-central 61649
Get_Azure_us-south-central 28477
Get_Thrift_Server_Storage_us-south-central 28512
Get_Azure_us-south-central 46427
Get_Thrift_Server_Storage_us-south-central 46464
Get_Azure_us-south-central 37186
Get_Thrift_Server_Storage_us-south-central 37217
Get_Azure_us-south-central 43321
Get_Thrift_Server_Storage_us-south-central 43374
Get_Azure_us-south-central 48014
Get_Thrift_Server_Storage_us-south-central 48039
Get_Azure_us-south-central 34570
Get_Thrift_Server_Storage_us-south-central 34593
Get_Azure_us-south-central 245349
Get_Thrift_Server_Storage_us-south-central 245378
Get_Azure_us-south-central 159577
Get_Thrift_Server_Storage_us-south-central 159599
Get_Azure_us-south-central 47611
Get_Thrift_Server_Storage_us-south-central 47647
Get_Azure_us-south-central 316911
Get_Thrift_Server_Storage_us-south-central 316933
Get_Azure_us-south-central 29658
Get_Thrift_Server_Storage_us-south-central 29682
Get_Azure_us-south-central 28955
Get_Thrift_Server_Storage_us-south-central 28992
Get_Azure_us-south-central 114253
Get_Thrift_Server_Storage_us-south-central 114285
Get_Azure_us-south-central 52506
Get_Thrift_Server_Storage_us-south-central 52577
Get_Azure_us-south-central 137001
Get_Thrift_Server_Storage_us-south-central 137029
Get_Azure_us-south-central 40227
Get_Thrift_Server_Storage_us-south-central 40258
Get_Azure_us-south-central 81604
Get_Thrift_Server_Storage_us-south-central 81638
Get_Azure_us-south-central 54193
Get_Thrift_Server_Storage_us-south-central 54210
Get_Azure_us-south-central 61672
Get_Thrift_Server_Storage_us-south-central 61718
Get_Azure_us-south-central 80802
Get_Thrift_Server_Storage_us-south-central 80825
Get_Azure_us-south-central 106001
Get_Thrift_Server_Storage_us-south-central 106031
Get_Azure_us-south-central 60227
Get_Thrift_Server_Storage_us-south-central 60248
Get_Azure_us-south-central 35353
Get_Thrift_Server_Storage_us-south-central 35377
Get_Azure_us-south-central 106206
Get_Thrift_Server_Storage_us-south-central 106243
Get_Azure_us-south-central 68458
Get_Thrift_Server_Storage_us-south-central 68480
Get_Azure_us-south-central 139625
Get_Thrift_Server_Storage_us-south-central 139676
Get_Azure_us-south-central 134664
Get_Thrift_Server_Storage_us-south-central 134717
Get_Azure_us-south-central 99427
Get_Thrift_Server_Storage_us-south-central 99471
Get_Azure_us-south-central 127863
Get_Thrift_Server_Storage_us-south-central 127886
Get_Azure_us-south-central 67473
Get_Thrift_Server_Storage_us-south-central 67491
Get_Azure_us-south-central 164078
Get_Thrift_Server_Storage_us-south-central 164117
Get_Azure_us-south-central 153534
Get_Thrift_Server_Storage_us-south-central 153554
Get_Azure_us-south-central 120663
Get_Thrift_Server_Storage_us-south-central 120710
Get_Azure_us-south-central 72280
Get_Thrift_Server_Storage_us-south-central 72298
Get_Azure_us-south-central 66657
Get_Thrift_Server_Storage_us-south-central 66719
Get_Azure_us-south-central 40221
Get_Thrift_Server_Storage_us-south-central 40240
Get_Azure_us-south-central 65408
Get_Thrift_Server_Storage_us-south-central 65434
Get_Azure_us-south-central 49296
Get_Thrift_Server_Storage_us-south-central 49322
Get_Azure_us-south-central 79929
Get_Thrift_Server_Storage_us-south-central 79960
Get_Azure_us-south-central 53418
Get_Thrift_Server_Storage_us-south-central 53456
Get_Azure_us-south-central 51145
Get_Thrift_Server_Storage_us-south-central 51166
Get_Azure_us-south-central 91126
Get_Thrift_Server_Storage_us-south-central 91172
Get_Azure_us-south-central 57301
Get_Thrift_Server_Storage_us-south-central 57321
Get_Azure_us-south-central 115831
Get_Thrift_Server_Storage_us-south-central 115866
Get_Azure_us-south-central 35760
Get_Thrift_Server_Storage_us-south-central 35781
Get_Azure_us-south-central 50488
Get_Thrift_Server_Storage_us-south-central 50572
Get_Azure_us-south-central 52807
Get_Thrift_Server_Storage_us-south-central 52827
Get_Azure_us-south-central 39000
Get_Thrift_Server_Storage_us-south-central 39020
Get_Azure_us-south-central 51768
Get_Thrift_Server_Storage_us-south-central 51857
Get_Azure_us-south-central 33355
Get_Thrift_Server_Storage_us-south-central 33388
Get_Azure_us-south-central 110884
Get_Thrift_Server_Storage_us-south-central 110920
Get_Azure_us-south-central 34977
Get_Thrift_Server_Storage_us-south-central 34995
Get_Azure_us-south-central 48923
Get_Thrift_Server_Storage_us-south-central 48941
Get_Azure_us-south-central 55738
Get_Thrift_Server_Storage_us-south-central 55768
Get_Azure_us-south-central 82634
Get_Thrift_Server_Storage_us-south-central 82690
Get_Azure_us-south-central 80477
Get_Thrift_Server_Storage_us-south-central 80496
Get_Azure_us-south-central 70434
Get_Thrift_Server_Storage_us-south-central 70452
Get_Azure_us-south-central 306446
Get_Thrift_Server_Storage_us-south-central 306475
Get_Azure_us-south-central 65777
Get_Thrift_Server_Storage_us-south-central 65796
Get_Azure_us-south-central 88831
Get_Thrift_Server_Storage_us-south-central 88848
Get_Azure_us-south-central 161987
Get_Thrift_Server_Storage_us-south-central 162015
Get_Azure_us-south-central 47573
Get_Thrift_Server_Storage_us-south-central 47621
Get_Azure_us-south-central 45636
Get_Thrift_Server_Storage_us-south-central 45668
Get_Azure_us-south-central 28787
Get_Thrift_Server_Storage_us-south-central 28814
Get_Azure_us-south-central 37504
Get_Thrift_Server_Storage_us-south-central 37529
Get_Azure_us-south-central 29557
Get_Thrift_Server_Storage_us-south-central 29609
Get_Azure_us-south-central 100540
Get_Thrift_Server_Storage_us-south-central 100570
Get_Azure_us-south-central 38036
Get_Thrift_Server_Storage_us-south-central 38060
Get_Azure_us-south-central 48223
Get_Thrift_Server_Storage_us-south-central 48302
Get_Azure_us-south-central 56397
Get_Thrift_Server_Storage_us-south-central 56418
Get_Azure_us-south-central 86293
Get_Thrift_Server_Storage_us-south-central 86318
Get_Azure_us-south-central 49836
Get_Thrift_Server_Storage_us-south-central 49856
Get_Azure_us-south-central 68043
Get_Thrift_Server_Storage_us-south-central 68062
Get_Azure_us-south-central 60457
Get_Thrift_Server_Storage_us-south-central 60494
Get_Azure_us-south-central 44293
Get_Thrift_Server_Storage_us-south-central 44311
Get_Azure_us-south-central 52834
Get_Thrift_Server_Storage_us-south-central 52861
Get_Azure_us-south-central 80599
Get_Thrift_Server_Storage_us-south-central 80643
Get_Azure_us-south-central 111583
Get_Thrift_Server_Storage_us-south-central 111618
Get_Azure_us-south-central 43818
Get_Thrift_Server_Storage_us-south-central 43852
Get_Azure_us-south-central 31399
Get_Thrift_Server_Storage_us-south-central 31418
Get_Azure_us-south-central 26529
Get_Thrift_Server_Storage_us-south-central 26553
Get_Azure_us-south-central 92329
Get_Thrift_Server_Storage_us-south-central 92355
Get_Azure_us-south-central 223428
Get_Thrift_Server_Storage_us-south-central 223445
Get_Azure_us-south-central 97346
Get_Thrift_Server_Storage_us-south-central 97371
Get_Azure_us-south-central 56010
Get_Thrift_Server_Storage_us-south-central 56040
Get_Azure_us-south-central 126703
Get_Thrift_Server_Storage_us-south-central 126845
Get_Azure_us-south-central 36025
Get_Thrift_Server_Storage_us-south-central 36045
Get_Azure_us-south-central 44916
Get_Thrift_Server_Storage_us-south-central 44938
Get_Azure_us-south-central 48229
Get_Thrift_Server_Storage_us-south-central 48254
Get_Azure_us-south-central 83779
Get_Thrift_Server_Storage_us-south-central 83802
Get_Azure_us-south-central 122497
Get_Thrift_Server_Storage_us-south-central 122515
Get_Azure_us-south-central 94783
Get_Thrift_Server_Storage_us-south-central 94833
Get_Azure_us-south-central 183020
Get_Thrift_Server_Storage_us-south-central 183046
Get_Azure_us-south-central 44439
Get_Thrift_Server_Storage_us-south-central 44468
Get_Azure_us-south-central 56082
Get_Thrift_Server_Storage_us-south-central 56100
Get_Azure_us-south-central 70666
Get_Thrift_Server_Storage_us-south-central 70689
Get_Azure_us-south-central 87117
Get_Thrift_Server_Storage_us-south-central 87153
Get_Azure_us-south-central 46117
Get_Thrift_Server_Storage_us-south-central 46160
Get_Azure_us-south-central 64014
Get_Thrift_Server_Storage_us-south-central 64046
Get_Azure_us-south-central 102771
Get_Thrift_Server_Storage_us-south-central 102795
Get_Azure_us-south-central 65287
Get_Thrift_Server_Storage_us-south-central 65329
Get_Azure_us-south-central 53666
Get_Thrift_Server_Storage_us-south-central 53700
Get_Azure_us-south-central 81980
Get_Thrift_Server_Storage_us-south-central 82013
Get_Azure_us-south-central 36285
Get_Thrift_Server_Storage_us-south-central 36331
Get_Azure_us-south-central 97267
Get_Thrift_Server_Storage_us-south-central 97287
Get_Azure_us-south-central 244609
Get_Thrift_Server_Storage_us-south-central 244635
Get_Azure_us-south-central 132277
Get_Thrift_Server_Storage_us-south-central 132296
Get_Azure_us-south-central 53025
Get_Thrift_Server_Storage_us-south-central 53047
Get_Azure_us-south-central 56580
Get_Thrift_Server_Storage_us-south-central 56603
Get_Azure_us-south-central 29001
Get_Thrift_Server_Storage_us-south-central 29019
Get_Azure_us-south-central 31483
Get_Thrift_Server_Storage_us-south-central 31502
Get_Azure_us-south-central 34631
Get_Thrift_Server_Storage_us-south-central 34653
Get_Azure_us-south-central 61074
Get_Thrift_Server_Storage_us-south-central 61095
Get_Azure_us-south-central 35784
Get_Thrift_Server_Storage_us-south-central 35809
Get_Azure_us-south-central 57938
Get_Thrift_Server_Storage_us-south-central 57962
Get_Azure_us-south-central 45226
Get_Thrift_Server_Storage_us-south-central 45254
Get_Azure_us-south-central 60863
Get_Thrift_Server_Storage_us-south-central 60882
Get_Azure_us-south-central 102396
Get_Thrift_Server_Storage_us-south-central 102419
Get_Azure_us-south-central 29809
Get_Thrift_Server_Storage_us-south-central 29851
Get_Azure_us-south-central 41073
Get_Thrift_Server_Storage_us-south-central 41099
Get_Azure_us-south-central 95287
Get_Thrift_Server_Storage_us-south-central 95306
Get_Azure_us-south-central 91914
Get_Thrift_Server_Storage_us-south-central 91945
Get_Azure_us-south-central 200307
Get_Thrift_Server_Storage_us-south-central 200342
Get_Azure_us-south-central 73905
Get_Thrift_Server_Storage_us-south-central 73931
Get_Azure_us-south-central 43399
Get_Thrift_Server_Storage_us-south-central 43419
Get_Azure_us-south-central 27378
Get_Thrift_Server_Storage_us-south-central 27415
Get_Azure_us-south-central 33880
Get_Thrift_Server_Storage_us-south-central 33909
Get_Azure_us-south-central 119921
Get_Thrift_Server_Storage_us-south-central 119969
Get_Azure_us-south-central 28795
Get_Thrift_Server_Storage_us-south-central 28840
Get_Azure_us-south-central 38271
Get_Thrift_Server_Storage_us-south-central 38297
Get_Azure_us-south-central 57754
Get_Thrift_Server_Storage_us-south-central 57811
Get_Azure_us-south-central 57902
Get_Thrift_Server_Storage_us-south-central 57922
Get_Azure_us-south-central 76967
Get_Thrift_Server_Storage_us-south-central 76988
Get_Azure_us-south-central 96078
Get_Thrift_Server_Storage_us-south-central 96095
Get_Azure_us-south-central 40610
Get_Thrift_Server_Storage_us-south-central 40633
Get_Azure_us-south-central 111112
Get_Thrift_Server_Storage_us-south-central 111143
Get_Azure_us-south-central 55965
Get_Thrift_Server_Storage_us-south-central 56006
Get_Azure_us-south-central 145513
Get_Thrift_Server_Storage_us-south-central 145550
Get_Azure_us-south-central 331411
Get_Thrift_Server_Storage_us-south-central 331434
Get_Azure_us-south-central 68196
Get_Thrift_Server_Storage_us-south-central 68226
Get_Azure_us-south-central 44709
Get_Thrift_Server_Storage_us-south-central 44729
Get_Azure_us-south-central 61570
Get_Thrift_Server_Storage_us-south-central 61605
Get_Azure_us-south-central 61046
Get_Thrift_Server_Storage_us-south-central 61104
Get_Azure_us-south-central 83461
Get_Thrift_Server_Storage_us-south-central 83496
Get_Azure_us-south-central 54500
Get_Thrift_Server_Storage_us-south-central 54519
Get_Azure_us-south-central 36668
Get_Thrift_Server_Storage_us-south-central 36702
Get_Azure_us-south-central 83003
Get_Thrift_Server_Storage_us-south-central 83039
Get_Azure_us-south-central 93336
Get_Thrift_Server_Storage_us-south-central 93355
Get_Azure_us-south-central 38969
Get_Thrift_Server_Storage_us-south-central 38990
Get_Azure_us-south-central 60796
Get_Thrift_Server_Storage_us-south-central 60833
Get_Azure_us-south-central 54109
Get_Thrift_Server_Storage_us-south-central 54146
Get_Azure_us-south-central 58732
Get_Thrift_Server_Storage_us-south-central 58768
Get_Azure_us-south-central 55137
Get_Thrift_Server_Storage_us-south-central 55171
Get_Azure_us-south-central 77254
Get_Thrift_Server_Storage_us-south-central 77287
Get_Azure_us-south-central 133170
Get_Thrift_Server_Storage_us-south-central 133197
Get_Azure_us-south-central 51707
Get_Thrift_Server_Storage_us-south-central 51755
Get_Azure_us-south-central 78095
Get_Thrift_Server_Storage_us-south-central 78114
Get_Azure_us-south-central 72078
Get_Thrift_Server_Storage_us-south-central 72112
Get_Azure_us-south-central 50729
Get_Thrift_Server_Storage_us-south-central 50749
Get_Azure_us-south-central 55064
Get_Thrift_Server_Storage_us-south-central 55110
Get_Azure_us-south-central 352023
Get_Thrift_Server_Storage_us-south-central 352060
Get_Azure_us-south-central 59891
Get_Thrift_Server_Storage_us-south-central 59933
Get_Azure_us-south-central 39903
Get_Thrift_Server_Storage_us-south-central 39943
Get_Azure_us-south-central 53753
Get_Thrift_Server_Storage_us-south-central 53788
Get_Azure_us-south-central 55936
Get_Thrift_Server_Storage_us-south-central 56010
Get_Azure_us-south-central 33740
Get_Thrift_Server_Storage_us-south-central 33777
Get_Azure_us-south-central 51637
Get_Thrift_Server_Storage_us-south-central 51692
Get_Azure_us-south-central 32989
Get_Thrift_Server_Storage_us-south-central 33030
Get_Azure_us-south-central 143994
Get_Thrift_Server_Storage_us-south-central 144177
Get_Azure_us-south-central 69450
Get_Thrift_Server_Storage_us-south-central 69496
Get_Azure_us-south-central 68824
Get_Thrift_Server_Storage_us-south-central 68876
Get_Azure_us-south-central 132368
Get_Thrift_Server_Storage_us-south-central 132406
Get_Azure_us-south-central 31778
Get_Thrift_Server_Storage_us-south-central 31796
Get_Azure_us-south-central 118147
Get_Thrift_Server_Storage_us-south-central 118181
Get_Azure_us-south-central 76132
Get_Thrift_Server_Storage_us-south-central 76168
Get_Azure_us-south-central 43403
Get_Thrift_Server_Storage_us-south-central 43424
Get_Azure_us-south-central 47709
Get_Thrift_Server_Storage_us-south-central 47727
Get_Azure_us-south-central 45457
Get_Thrift_Server_Storage_us-south-central 45483
Get_Azure_us-south-central 30143
Get_Thrift_Server_Storage_us-south-central 30161
Get_Azure_us-south-central 35794
Get_Thrift_Server_Storage_us-south-central 35841
Get_Azure_us-south-central 38236
Get_Thrift_Server_Storage_us-south-central 38257
Get_Azure_us-south-central 39112
Get_Thrift_Server_Storage_us-south-central 39130
Get_Azure_us-south-central 77316
Get_Thrift_Server_Storage_us-south-central 77338
Get_Azure_us-south-central 26213
Get_Thrift_Server_Storage_us-south-central 26247
Get_Azure_us-south-central 59286
Get_Thrift_Server_Storage_us-south-central 59328
Get_Azure_us-south-central 58422
Get_Thrift_Server_Storage_us-south-central 58440
Get_Azure_us-south-central 300042
Get_Thrift_Server_Storage_us-south-central 300072
Get_Azure_us-south-central 48083
Get_Thrift_Server_Storage_us-south-central 48117
Get_Azure_us-south-central 233501
Get_Thrift_Server_Storage_us-south-central 233522
Get_Azure_us-south-central 542383
Get_Thrift_Server_Storage_us-south-central 542412
Get_Azure_us-south-central 190395
Get_Thrift_Server_Storage_us-south-central 190424
Get_Azure_us-south-central 135011
Get_Thrift_Server_Storage_us-south-central 135041
Get_Azure_us-south-central 78350
Get_Thrift_Server_Storage_us-south-central 78391
Get_Azure_us-south-central 88067
Get_Thrift_Server_Storage_us-south-central 88114
Get_Azure_us-south-central 100849
Get_Thrift_Server_Storage_us-south-central 100894
Get_Azure_us-south-central 51424
Get_Thrift_Server_Storage_us-south-central 51448
Get_Azure_us-south-central 55337
Get_Thrift_Server_Storage_us-south-central 55384
Get_Azure_us-south-central 28574
Get_Thrift_Server_Storage_us-south-central 28631
Get_Azure_us-south-central 108438
Get_Thrift_Server_Storage_us-south-central 108475
Get_Azure_us-south-central 40026
Get_Thrift_Server_Storage_us-south-central 40051
Get_Azure_us-south-central 79167
Get_Thrift_Server_Storage_us-south-central 79197
Get_Azure_us-south-central 47799
Get_Thrift_Server_Storage_us-south-central 47832
Get_Azure_us-south-central 45539
Get_Thrift_Server_Storage_us-south-central 45579
Get_Azure_us-south-central 47104
Get_Thrift_Server_Storage_us-south-central 47141
Get_Azure_us-south-central 97152
Get_Thrift_Server_Storage_us-south-central 97179
Get_Azure_us-south-central 63036
Get_Thrift_Server_Storage_us-south-central 63082
Get_Azure_us-south-central 48815
Get_Thrift_Server_Storage_us-south-central 48855
Get_Azure_us-south-central 58598
Get_Thrift_Server_Storage_us-south-central 58647
Get_Azure_us-south-central 123862
Get_Thrift_Server_Storage_us-south-central 123893
Get_Azure_us-south-central 49904
Get_Thrift_Server_Storage_us-south-central 49923
Get_Azure_us-south-central 35900
Get_Thrift_Server_Storage_us-south-central 35921
Get_Azure_us-south-central 63057
Get_Thrift_Server_Storage_us-south-central 63075
Get_Azure_us-south-central 59579
Get_Thrift_Server_Storage_us-south-central 59633
Get_Azure_us-south-central 56160
Get_Thrift_Server_Storage_us-south-central 56179
Get_Azure_us-south-central 137084
Get_Thrift_Server_Storage_us-south-central 137110
Get_Azure_us-south-central 50412
Get_Thrift_Server_Storage_us-south-central 50432
Get_Azure_us-south-central 36189
Get_Thrift_Server_Storage_us-south-central 36259
Get_Azure_us-south-central 69867
Get_Thrift_Server_Storage_us-south-central 69915
Get_Azure_us-south-central 48934
Get_Thrift_Server_Storage_us-south-central 48951
Get_Azure_us-south-central 49096
Get_Thrift_Server_Storage_us-south-central 49115
Get_Azure_us-south-central 61854
Get_Thrift_Server_Storage_us-south-central 61875
Get_Azure_us-south-central 65973
Get_Thrift_Server_Storage_us-south-central 66021
Get_Azure_us-south-central 34586
Get_Thrift_Server_Storage_us-south-central 34612
Get_Azure_us-south-central 69172
Get_Thrift_Server_Storage_us-south-central 69191
Get_Azure_us-south-central 69664
Get_Thrift_Server_Storage_us-south-central 69705
Get_Azure_us-south-central 39877
Get_Thrift_Server_Storage_us-south-central 39927
Get_Azure_us-south-central 60259
Get_Thrift_Server_Storage_us-south-central 60297
Get_Azure_us-south-central 46575
Get_Thrift_Server_Storage_us-south-central 46593
Get_Azure_us-south-central 123000
Get_Thrift_Server_Storage_us-south-central 123016
Get_Azure_us-south-central 65749
Get_Thrift_Server_Storage_us-south-central 65769
Get_Azure_us-south-central 133676
Get_Thrift_Server_Storage_us-south-central 133708
Get_Azure_us-south-central 30231
Get_Thrift_Server_Storage_us-south-central 30259
Get_Azure_us-south-central 107123
Get_Thrift_Server_Storage_us-south-central 107146
Get_Azure_us-south-central 26880
Get_Thrift_Server_Storage_us-south-central 26923
Get_Azure_us-south-central 37170
Get_Thrift_Server_Storage_us-south-central 37189
Get_Azure_us-south-central 50662
Get_Thrift_Server_Storage_us-south-central 50685
Get_Azure_us-south-central 29812
Get_Thrift_Server_Storage_us-south-central 29849
Get_Azure_us-south-central 82497
Get_Thrift_Server_Storage_us-south-central 82515
Get_Azure_us-south-central 25705
Get_Thrift_Server_Storage_us-south-central 25739
Get_Azure_us-south-central 58137
Get_Thrift_Server_Storage_us-south-central 58179
Get_Azure_us-south-central 37360
Get_Thrift_Server_Storage_us-south-central 37392
Get_Azure_us-south-central 31090
Get_Thrift_Server_Storage_us-south-central 31108
Get_Azure_us-south-central 38310
Get_Thrift_Server_Storage_us-south-central 38327
Get_Azure_us-south-central 59269
Get_Thrift_Server_Storage_us-south-central 59293
Get_Azure_us-south-central 79428
Get_Thrift_Server_Storage_us-south-central 79447
Get_Azure_us-south-central 48854
Get_Thrift_Server_Storage_us-south-central 48871
Get_Azure_us-south-central 37269
Get_Thrift_Server_Storage_us-south-central 37292
Get_Azure_us-south-central 28887
Get_Thrift_Server_Storage_us-south-central 28922
Get_Azure_us-south-central 75433
Get_Thrift_Server_Storage_us-south-central 75475
Get_Azure_us-south-central 54909
Get_Thrift_Server_Storage_us-south-central 54933
Get_Azure_us-south-central 50845
Get_Thrift_Server_Storage_us-south-central 50875
Get_Azure_us-south-central 36394
Get_Thrift_Server_Storage_us-south-central 36419
Get_Azure_us-south-central 78039
Get_Thrift_Server_Storage_us-south-central 78057
Get_Azure_us-south-central 35833
Get_Thrift_Server_Storage_us-south-central 35861
Get_Azure_us-south-central 62731
Get_Thrift_Server_Storage_us-south-central 62756
Get_Azure_us-south-central 43572
Get_Thrift_Server_Storage_us-south-central 43590
Get_Azure_us-south-central 62085
Get_Thrift_Server_Storage_us-south-central 62136
Get_Azure_us-south-central 47325
Get_Thrift_Server_Storage_us-south-central 47349
Get_Azure_us-south-central 99631
Get_Thrift_Server_Storage_us-south-central 99653
Get_Azure_us-south-central 92621
Get_Thrift_Server_Storage_us-south-central 92649
Get_Azure_us-south-central 45764
Get_Thrift_Server_Storage_us-south-central 45788
Get_Azure_us-south-central 80711
Get_Thrift_Server_Storage_us-south-central 80737
Get_Azure_us-south-central 80606
Get_Thrift_Server_Storage_us-south-central 80631
Get_Azure_us-south-central 37931
Get_Thrift_Server_Storage_us-south-central 37963
Get_Azure_us-south-central 150743
Get_Thrift_Server_Storage_us-south-central 150767
Get_Azure_us-south-central 43017
Get_Thrift_Server_Storage_us-south-central 43051
Get_Azure_us-south-central 111962
Get_Thrift_Server_Storage_us-south-central 111989
Get_Azure_us-south-central 124410
Get_Thrift_Server_Storage_us-south-central 124434
Get_Azure_us-south-central 43859
Get_Thrift_Server_Storage_us-south-central 43877
Get_Azure_us-south-central 238226
Get_Thrift_Server_Storage_us-south-central 238243
Get_Azure_us-south-central 40006
Get_Thrift_Server_Storage_us-south-central 40059
Get_Azure_us-south-central 58549
Get_Thrift_Server_Storage_us-south-central 58584
Get_Azure_us-south-central 32130
Get_Thrift_Server_Storage_us-south-central 32166
Get_Azure_us-south-central 38543
Get_Thrift_Server_Storage_us-south-central 38567
Get_Azure_us-south-central 61778
Get_Thrift_Server_Storage_us-south-central 61798
Get_Azure_us-south-central 51412
Get_Thrift_Server_Storage_us-south-central 51436
Get_Azure_us-south-central 29538
Get_Thrift_Server_Storage_us-south-central 29555
Get_Azure_us-south-central 55322
Get_Thrift_Server_Storage_us-south-central 55339
Get_Azure_us-south-central 67845
Get_Thrift_Server_Storage_us-south-central 67884
Get_Azure_us-south-central 73088
Get_Thrift_Server_Storage_us-south-central 73113
Get_Azure_us-south-central 34523
Get_Thrift_Server_Storage_us-south-central 34541
Get_Azure_us-south-central 115959
Get_Thrift_Server_Storage_us-south-central 115994
Get_Azure_us-south-central 39312
Get_Thrift_Server_Storage_us-south-central 39329
Get_Azure_us-south-central 70992
Get_Thrift_Server_Storage_us-south-central 71025
Get_Azure_us-south-central 45366
Get_Thrift_Server_Storage_us-south-central 45397
Get_Azure_us-south-central 79586
Get_Thrift_Server_Storage_us-south-central 79625
Get_Azure_us-south-central 32807
Get_Thrift_Server_Storage_us-south-central 32825
Get_Azure_us-south-central 85887
Get_Thrift_Server_Storage_us-south-central 85944
Get_Azure_us-south-central 52887
Get_Thrift_Server_Storage_us-south-central 52905
Get_Azure_us-south-central 74233
Get_Thrift_Server_Storage_us-south-central 74257
Get_Azure_us-south-central 62587
Get_Thrift_Server_Storage_us-south-central 62603
Get_Azure_us-south-central 38394
Get_Thrift_Server_Storage_us-south-central 38447
Get_Azure_us-south-central 58152
Get_Thrift_Server_Storage_us-south-central 58186
Get_Azure_us-south-central 38607
Get_Thrift_Server_Storage_us-south-central 38636
Get_Azure_us-south-central 54004
Get_Thrift_Server_Storage_us-south-central 54050
Get_Azure_us-south-central 42918
Get_Thrift_Server_Storage_us-south-central 42967
Get_Azure_us-south-central 35817
Get_Thrift_Server_Storage_us-south-central 35846
Get_Azure_us-south-central 29839
Get_Thrift_Server_Storage_us-south-central 29862
Get_Azure_us-south-central 35794
Get_Thrift_Server_Storage_us-south-central 35814
Get_Azure_us-south-central 76141
Get_Thrift_Server_Storage_us-south-central 76179
Get_Azure_us-south-central 64313
Get_Thrift_Server_Storage_us-south-central 64365
Get_Azure_us-south-central 111035
Get_Thrift_Server_Storage_us-south-central 111057
Get_Azure_us-south-central 53345
Get_Thrift_Server_Storage_us-south-central 53375
Get_Azure_us-south-central 43408
Get_Thrift_Server_Storage_us-south-central 43482
Get_Azure_us-south-central 145619
Get_Thrift_Server_Storage_us-south-central 145660
Get_Azure_us-south-central 87402
Get_Thrift_Server_Storage_us-south-central 87429
Get_Azure_us-south-central 38183
Get_Thrift_Server_Storage_us-south-central 38234
Get_Azure_us-south-central 78829
Get_Thrift_Server_Storage_us-south-central 78861
Get_Azure_us-south-central 70586
Get_Thrift_Server_Storage_us-south-central 70629
Get_Azure_us-south-central 35869
Get_Thrift_Server_Storage_us-south-central 35932
Get_Azure_us-south-central 56381
Get_Thrift_Server_Storage_us-south-central 56440
Get_Azure_us-south-central 89767
Get_Thrift_Server_Storage_us-south-central 89819
Get_Azure_us-south-central 29830
Get_Thrift_Server_Storage_us-south-central 29874
Get_Azure_us-south-central 55295
Get_Thrift_Server_Storage_us-south-central 55320
Get_Azure_us-south-central 42452
Get_Thrift_Server_Storage_us-south-central 42474
Get_Azure_us-south-central 31242
Get_Thrift_Server_Storage_us-south-central 31282
Get_Azure_us-south-central 54860
Get_Thrift_Server_Storage_us-south-central 54888
Get_Azure_us-south-central 100787
Get_Thrift_Server_Storage_us-south-central 100814
Get_Azure_us-south-central 31856
Get_Thrift_Server_Storage_us-south-central 31894
Get_Azure_us-south-central 37777
Get_Thrift_Server_Storage_us-south-central 37799
Get_Azure_us-south-central 124467
Get_Thrift_Server_Storage_us-south-central 124499
Get_Azure_us-south-central 72426
Get_Thrift_Server_Storage_us-south-central 72451
Get_Azure_us-south-central 73518
Get_Thrift_Server_Storage_us-south-central 73543
Get_Azure_us-south-central 36036
Get_Thrift_Server_Storage_us-south-central 36106
Get_Azure_us-south-central 32020
Get_Thrift_Server_Storage_us-south-central 32057
Get_Azure_us-south-central 43987
Get_Thrift_Server_Storage_us-south-central 44020
Get_Azure_us-south-central 53467
Get_Thrift_Server_Storage_us-south-central 53506
Get_Azure_us-south-central 78081
Get_Thrift_Server_Storage_us-south-central 78125
Get_Azure_us-south-central 36852
Get_Thrift_Server_Storage_us-south-central 36880
Get_Azure_us-south-central 665239
Get_Thrift_Server_Storage_us-south-central 665290
Get_Azure_us-south-central 51587
Get_Thrift_Server_Storage_us-south-central 51615
Get_Azure_us-south-central 56834
Get_Thrift_Server_Storage_us-south-central 56860
Get_Azure_us-south-central 43697
Get_Thrift_Server_Storage_us-south-central 43727
Get_Azure_us-south-central 109108
Get_Thrift_Server_Storage_us-south-central 109147
Get_Azure_us-south-central 120698
Get_Thrift_Server_Storage_us-south-central 120783
Get_Azure_us-south-central 33588
Get_Thrift_Server_Storage_us-south-central 33616
Get_Azure_us-south-central 42075
Get_Thrift_Server_Storage_us-south-central 42134
Get_Azure_us-south-central 74474
Get_Thrift_Server_Storage_us-south-central 74504
Get_Azure_us-south-central 72803
Get_Thrift_Server_Storage_us-south-central 72822
Get_Azure_us-south-central 35240
Get_Thrift_Server_Storage_us-south-central 35272
Get_Azure_us-south-central 50354
Get_Thrift_Server_Storage_us-south-central 50417
Get_Azure_us-south-central 42612
Get_Thrift_Server_Storage_us-south-central 42636
Get_Azure_us-south-central 53647
Get_Thrift_Server_Storage_us-south-central 53701
Get_Azure_us-south-central 48816
Get_Thrift_Server_Storage_us-south-central 48839
Get_Azure_us-south-central 67323
Get_Thrift_Server_Storage_us-south-central 67394
Get_Azure_us-south-central 75762
Get_Thrift_Server_Storage_us-south-central 75790
Get_Azure_us-south-central 47404
Get_Thrift_Server_Storage_us-south-central 47438
Get_Azure_us-south-central 61796
Get_Thrift_Server_Storage_us-south-central 61816
Get_Azure_us-south-central 62265
Get_Thrift_Server_Storage_us-south-central 62306
Get_Azure_us-south-central 101782
Get_Thrift_Server_Storage_us-south-central 101805
Get_Azure_us-south-central 121308
Get_Thrift_Server_Storage_us-south-central 121333
Get_Azure_us-south-central 55473
Get_Thrift_Server_Storage_us-south-central 55492
Get_Azure_us-south-central 95546
Get_Thrift_Server_Storage_us-south-central 95584
Get_Azure_us-south-central 74918
Get_Thrift_Server_Storage_us-south-central 74947
Get_Azure_us-south-central 35075
Get_Thrift_Server_Storage_us-south-central 35094
Get_Azure_us-south-central 63547
Get_Thrift_Server_Storage_us-south-central 63575
Get_Azure_us-south-central 98516
Get_Thrift_Server_Storage_us-south-central 98535
Get_Azure_us-south-central 50475
Get_Thrift_Server_Storage_us-south-central 50507
Get_Azure_us-south-central 34977
Get_Thrift_Server_Storage_us-south-central 34998
Get_Azure_us-south-central 88951
Get_Thrift_Server_Storage_us-south-central 88994
Get_Azure_us-south-central 48893
Get_Thrift_Server_Storage_us-south-central 48924
Get_Azure_us-south-central 28440
Get_Thrift_Server_Storage_us-south-central 28473
Get_Azure_us-south-central 75612
Get_Thrift_Server_Storage_us-south-central 75640
Get_Azure_us-south-central 49446
Get_Thrift_Server_Storage_us-south-central 49462
Get_Azure_us-south-central 117672
Get_Thrift_Server_Storage_us-south-central 117707
Get_Azure_us-south-central 37935
Get_Thrift_Server_Storage_us-south-central 37980
Get_Azure_us-south-central 110472
Get_Thrift_Server_Storage_us-south-central 110496
Get_Azure_us-south-central 54142
Get_Thrift_Server_Storage_us-south-central 54173
Get_Azure_us-south-central 40420
Get_Thrift_Server_Storage_us-south-central 40438
Get_Azure_us-south-central 137906
Get_Thrift_Server_Storage_us-south-central 137928
Get_Azure_us-south-central 91959
Get_Thrift_Server_Storage_us-south-central 91998
Get_Azure_us-south-central 25787
Get_Thrift_Server_Storage_us-south-central 25812
Get_Azure_us-south-central 55933
Get_Thrift_Server_Storage_us-south-central 55968
Get_Azure_us-south-central 61504
Get_Thrift_Server_Storage_us-south-central 61542
Get_Azure_us-south-central 27890
Get_Thrift_Server_Storage_us-south-central 27935
Get_Azure_us-south-central 83901
Get_Thrift_Server_Storage_us-south-central 83939
Get_Azure_us-south-central 25700
Get_Thrift_Server_Storage_us-south-central 25737
Get_Azure_us-south-central 88033
Get_Thrift_Server_Storage_us-south-central 88065
Get_Azure_us-south-central 61472
Get_Thrift_Server_Storage_us-south-central 61508
Get_Azure_us-south-central 90816
Get_Thrift_Server_Storage_us-south-central 90855
Get_Azure_us-south-central 39283
Get_Thrift_Server_Storage_us-south-central 39318
Get_Azure_us-south-central 33883
Get_Thrift_Server_Storage_us-south-central 33903
Get_Azure_us-south-central 81348
Get_Thrift_Server_Storage_us-south-central 81366
Get_Azure_us-south-central 71085
Get_Thrift_Server_Storage_us-south-central 71103
Get_Azure_us-south-central 58583
Get_Thrift_Server_Storage_us-south-central 58608
Get_Azure_us-south-central 42627
Get_Thrift_Server_Storage_us-south-central 42668
Get_Azure_us-south-central 87433
Get_Thrift_Server_Storage_us-south-central 87484
Get_Azure_us-south-central 33984
Get_Thrift_Server_Storage_us-south-central 34020
Get_Azure_us-south-central 56689
Get_Thrift_Server_Storage_us-south-central 56717
Get_Azure_us-south-central 32747
Get_Thrift_Server_Storage_us-south-central 32770
Get_Azure_us-south-central 82997
Get_Thrift_Server_Storage_us-south-central 83022
Get_Azure_us-south-central 88805
Get_Thrift_Server_Storage_us-south-central 88822
Get_Azure_us-south-central 30640
Get_Thrift_Server_Storage_us-south-central 30663
Get_Azure_us-south-central 100616
Get_Thrift_Server_Storage_us-south-central 100644
Get_Azure_us-south-central 126703
Get_Thrift_Server_Storage_us-south-central 126746
Get_Azure_us-south-central 68671
Get_Thrift_Server_Storage_us-south-central 68688
Get_Azure_us-south-central 28413
Get_Thrift_Server_Storage_us-south-central 28443
Get_Azure_us-south-central 80871
Get_Thrift_Server_Storage_us-south-central 80897
Get_Azure_us-south-central 94324
Get_Thrift_Server_Storage_us-south-central 94374
Get_Azure_us-south-central 87273
Get_Thrift_Server_Storage_us-south-central 87295
Get_Azure_us-south-central 81897
Get_Thrift_Server_Storage_us-south-central 81913
Get_Azure_us-south-central 141041
Get_Thrift_Server_Storage_us-south-central 141065
Get_Azure_us-south-central 61876
Get_Thrift_Server_Storage_us-south-central 61909
Get_Azure_us-south-central 89546
Get_Thrift_Server_Storage_us-south-central 89568
Get_Azure_us-south-central 29963
Get_Thrift_Server_Storage_us-south-central 29996
Get_Azure_us-south-central 53976
Get_Thrift_Server_Storage_us-south-central 53996
Get_Azure_us-south-central 105745
Get_Thrift_Server_Storage_us-south-central 105773
Get_Azure_us-south-central 159304
Get_Thrift_Server_Storage_us-south-central 159325
Get_Azure_us-south-central 37409
Get_Thrift_Server_Storage_us-south-central 37448
Get_Azure_us-south-central 75373
Get_Thrift_Server_Storage_us-south-central 75391
Get_Azure_us-south-central 43853
Get_Thrift_Server_Storage_us-south-central 43872
Get_Azure_us-south-central 48126
Get_Thrift_Server_Storage_us-south-central 48160
Get_Azure_us-south-central 108743
Get_Thrift_Server_Storage_us-south-central 108765
Get_Azure_us-south-central 55197
Get_Thrift_Server_Storage_us-south-central 55224
Get_Azure_us-south-central 29300
Get_Thrift_Server_Storage_us-south-central 29322
Get_Azure_us-south-central 119177
Get_Thrift_Server_Storage_us-south-central 119200
Get_Azure_us-south-central 100737
Get_Thrift_Server_Storage_us-south-central 100788
Get_Azure_us-south-central 42092
Get_Thrift_Server_Storage_us-south-central 42129
Get_Azure_us-south-central 44908
Get_Thrift_Server_Storage_us-south-central 44946
Get_Azure_us-south-central 56214
Get_Thrift_Server_Storage_us-south-central 56248
Get_Azure_us-south-central 56675
Get_Thrift_Server_Storage_us-south-central 56699
Get_Azure_us-south-central 84929
Get_Thrift_Server_Storage_us-south-central 84958
Get_Azure_us-south-central 30287
Get_Thrift_Server_Storage_us-south-central 30310
Get_Azure_us-south-central 70620
Get_Thrift_Server_Storage_us-south-central 70644
Get_Azure_us-south-central 65836
Get_Thrift_Server_Storage_us-south-central 65863
Get_Azure_us-south-central 52579
Get_Thrift_Server_Storage_us-south-central 52629
Get_Azure_us-south-central 73659
Get_Thrift_Server_Storage_us-south-central 73692
Get_Azure_us-south-central 28815
Get_Thrift_Server_Storage_us-south-central 28855
Get_Azure_us-south-central 30386
Get_Thrift_Server_Storage_us-south-central 30406
Get_Azure_us-south-central 29290
Get_Thrift_Server_Storage_us-south-central 29339
Get_Azure_us-south-central 25663
Get_Thrift_Server_Storage_us-south-central 25687
Get_Azure_us-south-central 43940
Get_Thrift_Server_Storage_us-south-central 43962
Get_Azure_us-south-central 150565
Get_Thrift_Server_Storage_us-south-central 150601
Get_Azure_us-south-central 53374
Get_Thrift_Server_Storage_us-south-central 53391
Get_Azure_us-south-central 62274
Get_Thrift_Server_Storage_us-south-central 62320
Get_Azure_us-south-central 39956
Get_Thrift_Server_Storage_us-south-central 39982
Get_Azure_us-south-central 67798
Get_Thrift_Server_Storage_us-south-central 67815
Get_Azure_us-south-central 64379
Get_Thrift_Server_Storage_us-south-central 64407
Get_Azure_us-south-central 36003
Get_Thrift_Server_Storage_us-south-central 36021
Get_Azure_us-south-central 91434
Get_Thrift_Server_Storage_us-south-central 91459
Get_Azure_us-south-central 50012
Get_Thrift_Server_Storage_us-south-central 50031
Get_Azure_us-south-central 32167
Get_Thrift_Server_Storage_us-south-central 32186
Get_Azure_us-south-central 110621
Get_Thrift_Server_Storage_us-south-central 110664
Get_Azure_us-south-central 161839
Get_Thrift_Server_Storage_us-south-central 161857
Get_Azure_us-south-central 82068
Get_Thrift_Server_Storage_us-south-central 82093
Get_Azure_us-south-central 47046
Get_Thrift_Server_Storage_us-south-central 47081
Get_Azure_us-south-central 68836
Get_Thrift_Server_Storage_us-south-central 68858
Get_Azure_us-south-central 67281
Get_Thrift_Server_Storage_us-south-central 67299
Get_Azure_us-south-central 43557
Get_Thrift_Server_Storage_us-south-central 43589
Get_Azure_us-south-central 77827
Get_Thrift_Server_Storage_us-south-central 77844
Get_Azure_us-south-central 97432
Get_Thrift_Server_Storage_us-south-central 97467
Get_Azure_us-south-central 69659
Get_Thrift_Server_Storage_us-south-central 69677
Get_Azure_us-south-central 85189
Get_Thrift_Server_Storage_us-south-central 85239
Get_Azure_us-south-central 78780
Get_Thrift_Server_Storage_us-south-central 78810
Get_Azure_us-south-central 109129
Get_Thrift_Server_Storage_us-south-central 109146
Get_Azure_us-south-central 28361
Get_Thrift_Server_Storage_us-south-central 28411
Get_Azure_us-south-central 27678
Get_Thrift_Server_Storage_us-south-central 27706
Get_Azure_us-south-central 78782
Get_Thrift_Server_Storage_us-south-central 78831
Get_Azure_us-south-central 253706
Get_Thrift_Server_Storage_us-south-central 253740
Get_Azure_us-south-central 83089
Get_Thrift_Server_Storage_us-south-central 83117
Get_Azure_us-south-central 53885
Get_Thrift_Server_Storage_us-south-central 53909
Get_Azure_us-south-central 59303
Get_Thrift_Server_Storage_us-south-central 59321
Get_Azure_us-south-central 73428
Get_Thrift_Server_Storage_us-south-central 73448
Get_Azure_us-south-central 185903
Get_Thrift_Server_Storage_us-south-central 185921
Get_Azure_us-south-central 54520
Get_Thrift_Server_Storage_us-south-central 54565
Get_Azure_us-south-central 56710
Get_Thrift_Server_Storage_us-south-central 56729
Get_Azure_us-south-central 61477
Get_Thrift_Server_Storage_us-south-central 61514
Get_Azure_us-south-central 28202
Get_Thrift_Server_Storage_us-south-central 28238
Get_Azure_us-south-central 89037
Get_Thrift_Server_Storage_us-south-central 89057
Get_Azure_us-south-central 58702
Get_Thrift_Server_Storage_us-south-central 58725
Get_Azure_us-south-central 53687
Get_Thrift_Server_Storage_us-south-central 53722
Get_Azure_us-south-central 90140
Get_Thrift_Server_Storage_us-south-central 90165
Get_Azure_us-south-central 98121
Get_Thrift_Server_Storage_us-south-central 98147
Get_Azure_us-south-central 46172
Get_Thrift_Server_Storage_us-south-central 46194
Get_Azure_us-south-central 91332
Get_Thrift_Server_Storage_us-south-central 91378
Get_Azure_us-south-central 31790
Get_Thrift_Server_Storage_us-south-central 31822
Get_Azure_us-south-central 34754
Get_Thrift_Server_Storage_us-south-central 34779
Get_Azure_us-south-central 42982
Get_Thrift_Server_Storage_us-south-central 43025
Get_Azure_us-south-central 83013
Get_Thrift_Server_Storage_us-south-central 83033
Get_Azure_us-south-central 72922
Get_Thrift_Server_Storage_us-south-central 72941
Get_Azure_us-south-central 87732
Get_Thrift_Server_Storage_us-south-central 87753
Get_Azure_us-south-central 94288
Get_Thrift_Server_Storage_us-south-central 94323
Get_Azure_us-south-central 98412
Get_Thrift_Server_Storage_us-south-central 98436
Get_Azure_us-south-central 35622
Get_Thrift_Server_Storage_us-south-central 35641
Get_Azure_us-south-central 87183
Get_Thrift_Server_Storage_us-south-central 87202
Get_Azure_us-south-central 58054
Get_Thrift_Server_Storage_us-south-central 58078
Get_Azure_us-south-central 52683
Get_Thrift_Server_Storage_us-south-central 52721
Get_Azure_us-south-central 73801
Get_Thrift_Server_Storage_us-south-central 73836
Get_Azure_us-south-central 43391
Get_Thrift_Server_Storage_us-south-central 43458
Get_Azure_us-south-central 35696
Get_Thrift_Server_Storage_us-south-central 35716
Get_Azure_us-south-central 28811
Get_Thrift_Server_Storage_us-south-central 28836
Get_Azure_us-south-central 28166
Get_Thrift_Server_Storage_us-south-central 28187
Get_Azure_us-south-central 71431
Get_Thrift_Server_Storage_us-south-central 71467
Get_Azure_us-south-central 40278
Get_Thrift_Server_Storage_us-south-central 40303
Get_Azure_us-south-central 37313
Get_Thrift_Server_Storage_us-south-central 37349
Get_Azure_us-south-central 50544
Get_Thrift_Server_Storage_us-south-central 50576
Get_Azure_us-south-central 83235
Get_Thrift_Server_Storage_us-south-central 83295
Get_Azure_us-south-central 54516
Get_Thrift_Server_Storage_us-south-central 54549
Get_Azure_us-south-central 33887
Get_Thrift_Server_Storage_us-south-central 33927
Get_Azure_us-south-central 129051
Get_Thrift_Server_Storage_us-south-central 129110
Get_Azure_us-south-central 158741
Get_Thrift_Server_Storage_us-south-central 158780
Get_Azure_us-south-central 284190
Get_Thrift_Server_Storage_us-south-central 284244
Get_Azure_us-south-central 53276
Get_Thrift_Server_Storage_us-south-central 53296
Get_Azure_us-south-central 52865
Get_Thrift_Server_Storage_us-south-central 52900
Get_Azure_us-south-central 58247
Get_Thrift_Server_Storage_us-south-central 58268
Get_Azure_us-south-central 105199
Get_Thrift_Server_Storage_us-south-central 105255
Get_Azure_us-south-central 207138
Get_Thrift_Server_Storage_us-south-central 207163
Get_Azure_us-south-central 127490
Get_Thrift_Server_Storage_us-south-central 127523
Get_Azure_us-south-central 92433
Get_Thrift_Server_Storage_us-south-central 92462
Get_Azure_us-south-central 51809
Get_Thrift_Server_Storage_us-south-central 51842
Get_Azure_us-south-central 117354
Get_Thrift_Server_Storage_us-south-central 117375
Get_Azure_us-south-central 57401
Get_Thrift_Server_Storage_us-south-central 57625
Get_Azure_us-south-central 69890
Get_Thrift_Server_Storage_us-south-central 69917
Get_Azure_us-south-central 64614
Get_Thrift_Server_Storage_us-south-central 64644
Get_Azure_us-south-central 65257
Get_Thrift_Server_Storage_us-south-central 65315
Get_Azure_us-south-central 30523
Get_Thrift_Server_Storage_us-south-central 30553
Get_Azure_us-south-central 59391
Get_Thrift_Server_Storage_us-south-central 59410
Get_Azure_us-south-central 63154
Get_Thrift_Server_Storage_us-south-central 63204
Get_Azure_us-south-central 30625
Get_Thrift_Server_Storage_us-south-central 30662
Get_Azure_us-south-central 34602
Get_Thrift_Server_Storage_us-south-central 34622
Get_Azure_us-south-central 257073
Get_Thrift_Server_Storage_us-south-central 257120
Get_Azure_us-south-central 76472
Get_Thrift_Server_Storage_us-south-central 76534
Get_Azure_us-south-central 229821
Get_Thrift_Server_Storage_us-south-central 229860
Get_Azure_us-south-central 157957
Get_Thrift_Server_Storage_us-south-central 157983
Get_Azure_us-south-central 137814
Get_Thrift_Server_Storage_us-south-central 137837
Get_Azure_us-south-central 158889
Get_Thrift_Server_Storage_us-south-central 158929
Get_Azure_us-south-central 38856
Get_Thrift_Server_Storage_us-south-central 38897
Get_Azure_us-south-central 107266
Get_Thrift_Server_Storage_us-south-central 107291
Get_Azure_us-south-central 148130
Get_Thrift_Server_Storage_us-south-central 148170
Get_Azure_us-south-central 122577
Get_Thrift_Server_Storage_us-south-central 122604
Get_Azure_us-south-central 76183
Get_Thrift_Server_Storage_us-south-central 76212
Get_Azure_us-south-central 74287
Get_Thrift_Server_Storage_us-south-central 74331
Get_Azure_us-south-central 74700
Get_Thrift_Server_Storage_us-south-central 74734
Get_Azure_us-south-central 78765
Get_Thrift_Server_Storage_us-south-central 78792
Get_Azure_us-south-central 72561
Get_Thrift_Server_Storage_us-south-central 72589
Get_Azure_us-south-central 79654
Get_Thrift_Server_Storage_us-south-central 79679
Get_Azure_us-south-central 78429
Get_Thrift_Server_Storage_us-south-central 78456
Get_Azure_us-south-central 40485
Get_Thrift_Server_Storage_us-south-central 40510
Get_Azure_us-south-central 102800
Get_Thrift_Server_Storage_us-south-central 102821
Get_Azure_us-south-central 51560
Get_Thrift_Server_Storage_us-south-central 51579
Get_Azure_us-south-central 63964
Get_Thrift_Server_Storage_us-south-central 64003
Get_Azure_us-south-central 104578
Get_Thrift_Server_Storage_us-south-central 104598
Get_Azure_us-south-central 77060
Get_Thrift_Server_Storage_us-south-central 77095
Get_Azure_us-south-central 57471
Get_Thrift_Server_Storage_us-south-central 57516
Get_Azure_us-south-central 69107
Get_Thrift_Server_Storage_us-south-central 69152
Get_Azure_us-south-central 92748
Get_Thrift_Server_Storage_us-south-central 92773
Get_Azure_us-south-central 82709
Get_Thrift_Server_Storage_us-south-central 82746
Get_Azure_us-south-central 110112
Get_Thrift_Server_Storage_us-south-central 110135
Get_Azure_us-south-central 44467
Get_Thrift_Server_Storage_us-south-central 44503
Get_Azure_us-south-central 65601
Get_Thrift_Server_Storage_us-south-central 65767
Get_Azure_us-south-central 45833
Get_Thrift_Server_Storage_us-south-central 45859
Get_Azure_us-south-central 67703
Get_Thrift_Server_Storage_us-south-central 67742
Get_Azure_us-south-central 57361
Get_Thrift_Server_Storage_us-south-central 57377
Get_Azure_us-south-central 62456
Get_Thrift_Server_Storage_us-south-central 62474
Get_Azure_us-south-central 35609
Get_Thrift_Server_Storage_us-south-central 35645
Get_Azure_us-south-central 116283
Get_Thrift_Server_Storage_us-south-central 116302
Get_Azure_us-south-central 65349
Get_Thrift_Server_Storage_us-south-central 65370
Get_Azure_us-south-central 44516
Get_Thrift_Server_Storage_us-south-central 44533
Get_Azure_us-south-central 44492
Get_Thrift_Server_Storage_us-south-central 44523
Get_Azure_us-south-central 83621
Get_Thrift_Server_Storage_us-south-central 83639
Get_Azure_us-south-central 105890
Get_Thrift_Server_Storage_us-south-central 105908
Get_Azure_us-south-central 53765
Get_Thrift_Server_Storage_us-south-central 53791
Get_Azure_us-south-central 51686
Get_Thrift_Server_Storage_us-south-central 51710
Get_Azure_us-south-central 88824
Get_Thrift_Server_Storage_us-south-central 88856
Get_Azure_us-south-central 85125
Get_Thrift_Server_Storage_us-south-central 85146
Get_Azure_us-south-central 43325
Get_Thrift_Server_Storage_us-south-central 43351
Get_Azure_us-south-central 70468
Get_Thrift_Server_Storage_us-south-central 70486
Get_Azure_us-south-central 224223
Get_Thrift_Server_Storage_us-south-central 224254
Get_Azure_us-south-central 136658
Get_Thrift_Server_Storage_us-south-central 136682
Get_Azure_us-south-central 48959
Get_Thrift_Server_Storage_us-south-central 48979
Get_Azure_us-south-central 45731
Get_Thrift_Server_Storage_us-south-central 45773
Get_Azure_us-south-central 78322
Get_Thrift_Server_Storage_us-south-central 78357
Get_Azure_us-south-central 122687
Get_Thrift_Server_Storage_us-south-central 122724
Get_Azure_us-south-central 46256
Get_Thrift_Server_Storage_us-south-central 46297
Get_Azure_us-south-central 95622
Get_Thrift_Server_Storage_us-south-central 95676
Get_Azure_us-south-central 70290
Get_Thrift_Server_Storage_us-south-central 70340
Get_Azure_us-south-central 63913
Get_Thrift_Server_Storage_us-south-central 63951
Get_Azure_us-south-central 37969
Get_Thrift_Server_Storage_us-south-central 37999
Get_Azure_us-south-central 53625
Get_Thrift_Server_Storage_us-south-central 53650
Get_Azure_us-south-central 119435
Get_Thrift_Server_Storage_us-south-central 119470
Get_Azure_us-south-central 56490
Get_Thrift_Server_Storage_us-south-central 56518
Get_Azure_us-south-central 53642
Get_Thrift_Server_Storage_us-south-central 53674
Get_Azure_us-south-central 77850
Get_Thrift_Server_Storage_us-south-central 77875
Get_Azure_us-south-central 56720
Get_Thrift_Server_Storage_us-south-central 56739
Get_Azure_us-south-central 88187
Get_Thrift_Server_Storage_us-south-central 88208
Get_Azure_us-south-central 77434
Get_Thrift_Server_Storage_us-south-central 77479
Get_Azure_us-south-central 42678
Get_Thrift_Server_Storage_us-south-central 42719
Get_Azure_us-south-central 46074
Get_Thrift_Server_Storage_us-south-central 46092
Get_Azure_us-south-central 29214
Get_Thrift_Server_Storage_us-south-central 29273
Get_Azure_us-south-central 88541
Get_Thrift_Server_Storage_us-south-central 88574
Get_Azure_us-south-central 42927
Get_Thrift_Server_Storage_us-south-central 42945
Get_Azure_us-south-central 139305
Get_Thrift_Server_Storage_us-south-central 139323
Get_Azure_us-south-central 56064
Get_Thrift_Server_Storage_us-south-central 56115
Get_Azure_us-south-central 99697
Get_Thrift_Server_Storage_us-south-central 99888
Get_Azure_us-south-central 34509
Get_Thrift_Server_Storage_us-south-central 34544
Get_Azure_us-south-central 56264
Get_Thrift_Server_Storage_us-south-central 56282
Get_Azure_us-south-central 47734
Get_Thrift_Server_Storage_us-south-central 47757
Get_Azure_us-south-central 120195
Get_Thrift_Server_Storage_us-south-central 120257
Get_Azure_us-south-central 64032
Get_Thrift_Server_Storage_us-south-central 64061
Get_Azure_us-south-central 180235
Get_Thrift_Server_Storage_us-south-central 180266
Get_Azure_us-south-central 60834
Get_Thrift_Server_Storage_us-south-central 60852
Get_Azure_us-south-central 132471
Get_Thrift_Server_Storage_us-south-central 132496
Get_Azure_us-south-central 48384
Get_Thrift_Server_Storage_us-south-central 48402
Get_Azure_us-south-central 77028
Get_Thrift_Server_Storage_us-south-central 77047
Get_Azure_us-south-central 30960
Get_Thrift_Server_Storage_us-south-central 30983
Get_Azure_us-south-central 55370
Get_Thrift_Server_Storage_us-south-central 55395
Get_Azure_us-south-central 73422
Get_Thrift_Server_Storage_us-south-central 73444
Get_Azure_us-south-central 53941
Get_Thrift_Server_Storage_us-south-central 53994
Get_Azure_us-south-central 121858
Get_Thrift_Server_Storage_us-south-central 121883
Get_Azure_us-south-central 59283
Get_Thrift_Server_Storage_us-south-central 59302
Get_Azure_us-south-central 63634
Get_Thrift_Server_Storage_us-south-central 63670
Get_Azure_us-south-central 124368
Get_Thrift_Server_Storage_us-south-central 124404
Get_Azure_us-south-central 82493
Get_Thrift_Server_Storage_us-south-central 82513
Get_Azure_us-south-central 48980
Get_Thrift_Server_Storage_us-south-central 49008
Get_Azure_us-south-central 85301
Get_Thrift_Server_Storage_us-south-central 85361
Get_Azure_us-south-central 52071
Get_Thrift_Server_Storage_us-south-central 52114
Get_Azure_us-south-central 37848
Get_Thrift_Server_Storage_us-south-central 37889
Get_Azure_us-south-central 141597
Get_Thrift_Server_Storage_us-south-central 141624
Get_Azure_us-south-central 42266
Get_Thrift_Server_Storage_us-south-central 42286
Get_Azure_us-south-central 78742
Get_Thrift_Server_Storage_us-south-central 78777
Get_Azure_us-south-central 43033
Get_Thrift_Server_Storage_us-south-central 43070
Get_Azure_us-south-central 66311
Get_Thrift_Server_Storage_us-south-central 66345
Get_Azure_us-south-central 73093
Get_Thrift_Server_Storage_us-south-central 73136
Get_Azure_us-south-central 82646
Get_Thrift_Server_Storage_us-south-central 82665
Get_Azure_us-south-central 65076
Get_Thrift_Server_Storage_us-south-central 65093
Get_Azure_us-south-central 41959
Get_Thrift_Server_Storage_us-south-central 41977
Get_Azure_us-south-central 31949
Get_Thrift_Server_Storage_us-south-central 31984
Get_Azure_us-south-central 81840
Get_Thrift_Server_Storage_us-south-central 81884
Get_Azure_us-south-central 42489
Get_Thrift_Server_Storage_us-south-central 42534
Get_Azure_us-south-central 45996
Get_Thrift_Server_Storage_us-south-central 46039
Get_Azure_us-south-central 111240
Get_Thrift_Server_Storage_us-south-central 111291
Get_Azure_us-south-central 76689
Get_Thrift_Server_Storage_us-south-central 76734
Get_Azure_us-south-central 57074
Get_Thrift_Server_Storage_us-south-central 57108
Get_Azure_us-south-central 63700
Get_Thrift_Server_Storage_us-south-central 63717
Get_Azure_us-south-central 179132
Get_Thrift_Server_Storage_us-south-central 179332
Get_Azure_us-south-central 138156
Get_Thrift_Server_Storage_us-south-central 138199
Get_Azure_us-south-central 66206
Get_Thrift_Server_Storage_us-south-central 66260
Get_Azure_us-south-central 60731
Get_Thrift_Server_Storage_us-south-central 60756
Get_Azure_us-south-central 81350
Get_Thrift_Server_Storage_us-south-central 81379
Get_Azure_us-south-central 95861
Get_Thrift_Server_Storage_us-south-central 95890
Get_Azure_us-south-central 30054
Get_Thrift_Server_Storage_us-south-central 30072
Get_Azure_us-south-central 50056
Get_Thrift_Server_Storage_us-south-central 50073
Get_Azure_us-south-central 70878
Get_Thrift_Server_Storage_us-south-central 70894
Get_Azure_us-south-central 51737
Get_Thrift_Server_Storage_us-south-central 51765
Get_Azure_us-south-central 35618
Get_Thrift_Server_Storage_us-south-central 35638
Get_Azure_us-south-central 66983
Get_Thrift_Server_Storage_us-south-central 67004
Get_Azure_us-south-central 40747
Get_Thrift_Server_Storage_us-south-central 40772
Get_Azure_us-south-central 59875
Get_Thrift_Server_Storage_us-south-central 59892
Get_Azure_us-south-central 257213
Get_Thrift_Server_Storage_us-south-central 257235
Get_Azure_us-south-central 30853
Get_Thrift_Server_Storage_us-south-central 30869
Get_Azure_us-south-central 105602
Get_Thrift_Server_Storage_us-south-central 105620
Get_Azure_us-south-central 98153
Get_Thrift_Server_Storage_us-south-central 98174
Get_Azure_us-south-central 34215
Get_Thrift_Server_Storage_us-south-central 34233
Get_Azure_us-south-central 40949
Get_Thrift_Server_Storage_us-south-central 40971
Get_Azure_us-south-central 177604
Get_Thrift_Server_Storage_us-south-central 177659
Get_Azure_us-south-central 110870
Get_Thrift_Server_Storage_us-south-central 110895
Get_Azure_us-south-central 217383
Get_Thrift_Server_Storage_us-south-central 217412
Get_Azure_us-south-central 58146
Get_Thrift_Server_Storage_us-south-central 58165
Get_Azure_us-south-central 47251
Get_Thrift_Server_Storage_us-south-central 47276
Get_Azure_us-south-central 46264
Get_Thrift_Server_Storage_us-south-central 46299
