Get_Highest_Version_Number_AzureTable_us-south-central 133971
Get_Highest_Version_Number_AzureTable_us-south-central 57714
Get_Highest_Version_Number_AzureTable_us-south-central 51488
Get_Highest_Version_Number_AzureTable_us-south-central 62533
Get_Highest_Version_Number_AzureTable_us-south-central 58329
Get_Highest_Version_Number_AzureTable_us-south-central 58506
Get_Highest_Version_Number_AzureTable_us-south-central 60628
Get_Highest_Version_Number_AzureTable_us-south-central 62528
Get_Highest_Version_Number_AzureTable_us-south-central 22011
Get_Highest_Version_Number_AzureTable_us-south-central 60551
Get_Highest_Version_Number_AzureTable_us-south-central 62070
Get_Highest_Version_Number_AzureTable_us-south-central 62730
Get_Highest_Version_Number_AzureTable_us-south-central 80688
Get_Highest_Version_Number_AzureTable_us-south-central 51296
Get_Highest_Version_Number_AzureTable_us-south-central 60540
Get_Highest_Version_Number_AzureTable_us-south-central 49371
Get_Highest_Version_Number_AzureTable_us-south-central 51073
Get_Highest_Version_Number_AzureTable_us-south-central 14822
Get_Highest_Version_Number_AzureTable_us-south-central 14436
Get_Highest_Version_Number_AzureTable_us-south-central 61364
Get_Highest_Version_Number_AzureTable_us-south-central 15595
Get_Highest_Version_Number_AzureTable_us-south-central 16546
Get_Highest_Version_Number_AzureTable_us-south-central 17764
Get_Highest_Version_Number_AzureTable_us-south-central 16713
Get_Highest_Version_Number_AzureTable_us-south-central 14483
Get_Highest_Version_Number_AzureTable_us-south-central 15580
Get_Highest_Version_Number_AzureTable_us-south-central 15864
Get_Highest_Version_Number_AzureTable_us-south-central 24733
Get_Highest_Version_Number_AzureTable_us-south-central 64650
Get_Highest_Version_Number_AzureTable_us-south-central 23551
Get_Highest_Version_Number_AzureTable_us-south-central 13570
Get_Highest_Version_Number_AzureTable_us-south-central 15251
Get_Highest_Version_Number_AzureTable_us-south-central 14693
Get_Highest_Version_Number_AzureTable_us-south-central 19067
Get_Highest_Version_Number_AzureTable_us-south-central 60551
Get_Highest_Version_Number_AzureTable_us-south-central 24451
Get_Highest_Version_Number_AzureTable_us-south-central 15193
Get_Highest_Version_Number_AzureTable_us-south-central 14887
Get_Highest_Version_Number_AzureTable_us-south-central 25408
Get_Highest_Version_Number_AzureTable_us-south-central 12958
Get_Highest_Version_Number_AzureTable_us-south-central 15064
Get_Highest_Version_Number_AzureTable_us-south-central 28718
Get_Highest_Version_Number_AzureTable_us-south-central 13521
Get_Highest_Version_Number_AzureTable_us-south-central 15666
Get_Highest_Version_Number_AzureTable_us-south-central 14610
Get_Highest_Version_Number_AzureTable_us-south-central 14681
Get_Highest_Version_Number_AzureTable_us-south-central 18173
Get_Highest_Version_Number_AzureTable_us-south-central 14834
Get_Highest_Version_Number_AzureTable_us-south-central 32013
Get_Highest_Version_Number_AzureTable_us-south-central 14545
Get_Highest_Version_Number_AzureTable_us-south-central 11791
Get_Highest_Version_Number_AzureTable_us-south-central 12802
Get_Highest_Version_Number_AzureTable_us-south-central 16561
Get_Highest_Version_Number_AzureTable_us-south-central 34379
Get_Highest_Version_Number_AzureTable_us-south-central 14959
Get_Highest_Version_Number_AzureTable_us-south-central 15185
Get_Highest_Version_Number_AzureTable_us-south-central 13503
Get_Highest_Version_Number_AzureTable_us-south-central 20731
Get_Highest_Version_Number_AzureTable_us-south-central 15821
Get_Highest_Version_Number_AzureTable_us-south-central 15938
Get_Highest_Version_Number_AzureTable_us-south-central 14270
Get_Highest_Version_Number_AzureTable_us-south-central 23617
Get_Highest_Version_Number_AzureTable_us-south-central 26195
Get_Highest_Version_Number_AzureTable_us-south-central 15209
Get_Highest_Version_Number_AzureTable_us-south-central 15853
Get_Highest_Version_Number_AzureTable_us-south-central 22939
Get_Highest_Version_Number_AzureTable_us-south-central 14603
Get_Highest_Version_Number_AzureTable_us-south-central 15045
Get_Highest_Version_Number_AzureTable_us-south-central 14666
Get_Highest_Version_Number_AzureTable_us-south-central 24571
Get_Highest_Version_Number_AzureTable_us-south-central 14758
Get_Highest_Version_Number_AzureTable_us-south-central 14052
Get_Highest_Version_Number_AzureTable_us-south-central 13183
Get_Highest_Version_Number_AzureTable_us-south-central 75927
Get_Highest_Version_Number_AzureTable_us-south-central 21158
Get_Highest_Version_Number_AzureTable_us-south-central 14383
Get_Highest_Version_Number_AzureTable_us-south-central 16800
Get_Highest_Version_Number_AzureTable_us-south-central 17246
Get_Highest_Version_Number_AzureTable_us-south-central 15332
Get_Highest_Version_Number_AzureTable_us-south-central 19583
Get_Highest_Version_Number_AzureTable_us-south-central 19101
Get_Highest_Version_Number_AzureTable_us-south-central 15786
Get_Highest_Version_Number_AzureTable_us-south-central 15406
Get_Highest_Version_Number_AzureTable_us-south-central 13361
Get_Highest_Version_Number_AzureTable_us-south-central 12012
Get_Highest_Version_Number_AzureTable_us-south-central 13411
Get_Highest_Version_Number_AzureTable_us-south-central 13303
Get_Highest_Version_Number_AzureTable_us-south-central 14261
Get_Highest_Version_Number_AzureTable_us-south-central 14790
Get_Highest_Version_Number_AzureTable_us-south-central 23006
Get_Highest_Version_Number_AzureTable_us-south-central 13716
Get_Highest_Version_Number_AzureTable_us-south-central 17341
Get_Highest_Version_Number_AzureTable_us-south-central 23750
Get_Highest_Version_Number_AzureTable_us-south-central 15518
Get_Highest_Version_Number_AzureTable_us-south-central 15724
Get_Highest_Version_Number_AzureTable_us-south-central 15153
Get_Highest_Version_Number_AzureTable_us-south-central 15088
Get_Highest_Version_Number_AzureTable_us-south-central 233664
Get_Highest_Version_Number_AzureTable_us-south-central 17958
Get_Highest_Version_Number_AzureTable_us-south-central 13330
Get_Highest_Version_Number_AzureTable_us-south-central 15747
Get_Highest_Version_Number_AzureTable_us-south-central 16950
Get_Highest_Version_Number_AzureTable_us-south-central 21809
Get_Highest_Version_Number_AzureTable_us-south-central 14882
Get_Highest_Version_Number_AzureTable_us-south-central 16051
Get_Highest_Version_Number_AzureTable_us-south-central 13782
Get_Highest_Version_Number_AzureTable_us-south-central 17049
Get_Highest_Version_Number_AzureTable_us-south-central 14751
Get_Highest_Version_Number_AzureTable_us-south-central 20313
Get_Highest_Version_Number_AzureTable_us-south-central 12688
Get_Highest_Version_Number_AzureTable_us-south-central 41616
Get_Highest_Version_Number_AzureTable_us-south-central 11539
Get_Highest_Version_Number_AzureTable_us-south-central 35690
Get_Highest_Version_Number_AzureTable_us-south-central 7982
Get_Highest_Version_Number_AzureTable_us-south-central 10709
Get_Highest_Version_Number_AzureTable_us-south-central 14185
Get_Highest_Version_Number_AzureTable_us-south-central 10029
Get_Highest_Version_Number_AzureTable_us-south-central 15066
Get_Highest_Version_Number_AzureTable_us-south-central 14793
Get_Highest_Version_Number_AzureTable_us-south-central 8347
Get_Highest_Version_Number_AzureTable_us-south-central 9008
Get_Highest_Version_Number_AzureTable_us-south-central 15030
Get_Highest_Version_Number_AzureTable_us-south-central 10901
Get_Highest_Version_Number_AzureTable_us-south-central 10381
Get_Highest_Version_Number_AzureTable_us-south-central 8455
Get_Highest_Version_Number_AzureTable_us-south-central 15690
Get_Highest_Version_Number_AzureTable_us-south-central 14382
Get_Highest_Version_Number_AzureTable_us-south-central 17118
Get_Highest_Version_Number_AzureTable_us-south-central 16855
Get_Highest_Version_Number_AzureTable_us-south-central 14329
Get_Highest_Version_Number_AzureTable_us-south-central 15393
Get_Highest_Version_Number_AzureTable_us-south-central 15143
Get_Highest_Version_Number_AzureTable_us-south-central 15626
Get_Highest_Version_Number_AzureTable_us-south-central 14315
Get_Highest_Version_Number_AzureTable_us-south-central 13293
Get_Highest_Version_Number_AzureTable_us-south-central 16867
Get_Highest_Version_Number_AzureTable_us-south-central 17408
Get_Highest_Version_Number_AzureTable_us-south-central 22350
Get_Highest_Version_Number_AzureTable_us-south-central 14753
Get_Highest_Version_Number_AzureTable_us-south-central 44499
Get_Highest_Version_Number_AzureTable_us-south-central 16811
Get_Highest_Version_Number_AzureTable_us-south-central 13375
Get_Highest_Version_Number_AzureTable_us-south-central 13257
Get_Highest_Version_Number_AzureTable_us-south-central 15300
Get_Highest_Version_Number_AzureTable_us-south-central 26770
Get_Highest_Version_Number_AzureTable_us-south-central 17478
Get_Highest_Version_Number_AzureTable_us-south-central 9902
Get_Highest_Version_Number_AzureTable_us-south-central 34141
Get_Highest_Version_Number_AzureTable_us-south-central 7611
Get_Highest_Version_Number_AzureTable_us-south-central 18573
Get_Highest_Version_Number_AzureTable_us-south-central 12305
Get_Highest_Version_Number_AzureTable_us-south-central 8407
Get_Highest_Version_Number_AzureTable_us-south-central 14136
Get_Highest_Version_Number_AzureTable_us-south-central 50337
Get_Highest_Version_Number_AzureTable_us-south-central 7172
Get_Highest_Version_Number_AzureTable_us-south-central 16522
Get_Highest_Version_Number_AzureTable_us-south-central 17605
Get_Highest_Version_Number_AzureTable_us-south-central 8473
Get_Highest_Version_Number_AzureTable_us-south-central 13394
Get_Highest_Version_Number_AzureTable_us-south-central 15827
Get_Highest_Version_Number_AzureTable_us-south-central 15204
Get_Highest_Version_Number_AzureTable_us-south-central 13569
Get_Highest_Version_Number_AzureTable_us-south-central 9825
Get_Highest_Version_Number_AzureTable_us-south-central 17414
Get_Highest_Version_Number_AzureTable_us-south-central 11907
Get_Highest_Version_Number_AzureTable_us-south-central 7803
Get_Highest_Version_Number_AzureTable_us-south-central 16521
Get_Highest_Version_Number_AzureTable_us-south-central 10791
Get_Highest_Version_Number_AzureTable_us-south-central 22018
Get_Highest_Version_Number_AzureTable_us-south-central 7956
Get_Highest_Version_Number_AzureTable_us-south-central 18311
Get_Highest_Version_Number_AzureTable_us-south-central 10041
Get_Highest_Version_Number_AzureTable_us-south-central 13382
Get_Highest_Version_Number_AzureTable_us-south-central 26081
Get_Highest_Version_Number_AzureTable_us-south-central 17821
Get_Highest_Version_Number_AzureTable_us-south-central 10973
Get_Highest_Version_Number_AzureTable_us-south-central 19157
Get_Highest_Version_Number_AzureTable_us-south-central 9292
Get_Highest_Version_Number_AzureTable_us-south-central 13602
Get_Highest_Version_Number_AzureTable_us-south-central 10601
Get_Highest_Version_Number_AzureTable_us-south-central 7939
Get_Highest_Version_Number_AzureTable_us-south-central 9440
Get_Highest_Version_Number_AzureTable_us-south-central 9338
Get_Highest_Version_Number_AzureTable_us-south-central 16634
Get_Highest_Version_Number_AzureTable_us-south-central 14417
Get_Highest_Version_Number_AzureTable_us-south-central 11354
Get_Highest_Version_Number_AzureTable_us-south-central 17339
Get_Highest_Version_Number_AzureTable_us-south-central 11135
Get_Highest_Version_Number_AzureTable_us-south-central 13898
Get_Highest_Version_Number_AzureTable_us-south-central 10541
Get_Highest_Version_Number_AzureTable_us-south-central 15747
Get_Highest_Version_Number_AzureTable_us-south-central 15058
Get_Highest_Version_Number_AzureTable_us-south-central 17137
Get_Highest_Version_Number_AzureTable_us-south-central 14639
Get_Highest_Version_Number_AzureTable_us-south-central 13258
Get_Highest_Version_Number_AzureTable_us-south-central 17287
Get_Highest_Version_Number_AzureTable_us-south-central 11039
Get_Highest_Version_Number_AzureTable_us-south-central 15781
Get_Highest_Version_Number_AzureTable_us-south-central 13780
Get_Highest_Version_Number_AzureTable_us-south-central 15193
Get_Highest_Version_Number_AzureTable_us-south-central 13242
Get_Highest_Version_Number_AzureTable_us-south-central 13783
Get_Highest_Version_Number_AzureTable_us-south-central 20176
Get_Highest_Version_Number_AzureTable_us-south-central 12483
Get_Highest_Version_Number_AzureTable_us-south-central 15878
Get_Highest_Version_Number_AzureTable_us-south-central 13231
Get_Highest_Version_Number_AzureTable_us-south-central 15336
Get_Highest_Version_Number_AzureTable_us-south-central 15731
Get_Highest_Version_Number_AzureTable_us-south-central 21237
Get_Highest_Version_Number_AzureTable_us-south-central 16314
Get_Highest_Version_Number_AzureTable_us-south-central 9041
Get_Highest_Version_Number_AzureTable_us-south-central 9456
Get_Highest_Version_Number_AzureTable_us-south-central 22182
Get_Highest_Version_Number_AzureTable_us-south-central 14652
Get_Highest_Version_Number_AzureTable_us-south-central 28071
Get_Highest_Version_Number_AzureTable_us-south-central 14111
Get_Highest_Version_Number_AzureTable_us-south-central 16360
Get_Highest_Version_Number_AzureTable_us-south-central 13036
Get_Highest_Version_Number_AzureTable_us-south-central 10055
Get_Highest_Version_Number_AzureTable_us-south-central 16842
Get_Highest_Version_Number_AzureTable_us-south-central 11249
Get_Highest_Version_Number_AzureTable_us-south-central 8737
Get_Highest_Version_Number_AzureTable_us-south-central 42905
Get_Highest_Version_Number_AzureTable_us-south-central 16108
Get_Highest_Version_Number_AzureTable_us-south-central 8503
Get_Highest_Version_Number_AzureTable_us-south-central 6790
Get_Highest_Version_Number_AzureTable_us-south-central 9843
Get_Highest_Version_Number_AzureTable_us-south-central 10104
Get_Highest_Version_Number_AzureTable_us-south-central 14217
Get_Highest_Version_Number_AzureTable_us-south-central 9115
Get_Highest_Version_Number_AzureTable_us-south-central 8335
Get_Highest_Version_Number_AzureTable_us-south-central 8909
Get_Highest_Version_Number_AzureTable_us-south-central 9302
Get_Highest_Version_Number_AzureTable_us-south-central 16337
Get_Highest_Version_Number_AzureTable_us-south-central 15595
Get_Highest_Version_Number_AzureTable_us-south-central 12139
Get_Highest_Version_Number_AzureTable_us-south-central 9503
Get_Highest_Version_Number_AzureTable_us-south-central 9700
Get_Highest_Version_Number_AzureTable_us-south-central 38257
Get_Highest_Version_Number_AzureTable_us-south-central 14151
Get_Highest_Version_Number_AzureTable_us-south-central 8166
Get_Highest_Version_Number_AzureTable_us-south-central 9193
Get_Highest_Version_Number_AzureTable_us-south-central 12428
Get_Highest_Version_Number_AzureTable_us-south-central 8657
Get_Highest_Version_Number_AzureTable_us-south-central 9195
Get_Highest_Version_Number_AzureTable_us-south-central 13347
Get_Highest_Version_Number_AzureTable_us-south-central 15559
Get_Highest_Version_Number_AzureTable_us-south-central 13975
Get_Highest_Version_Number_AzureTable_us-south-central 9799
Get_Highest_Version_Number_AzureTable_us-south-central 14865
Get_Highest_Version_Number_AzureTable_us-south-central 8982
Get_Highest_Version_Number_AzureTable_us-south-central 13861
Get_Highest_Version_Number_AzureTable_us-south-central 8372
Get_Highest_Version_Number_AzureTable_us-south-central 23520
Get_Highest_Version_Number_AzureTable_us-south-central 8611
Get_Highest_Version_Number_AzureTable_us-south-central 20867
Get_Highest_Version_Number_AzureTable_us-south-central 15117
Get_Highest_Version_Number_AzureTable_us-south-central 18047
Get_Highest_Version_Number_AzureTable_us-south-central 14586
Get_Highest_Version_Number_AzureTable_us-south-central 13758
Get_Highest_Version_Number_AzureTable_us-south-central 14027
Get_Highest_Version_Number_AzureTable_us-south-central 15948
Get_Highest_Version_Number_AzureTable_us-south-central 19029
Get_Highest_Version_Number_AzureTable_us-south-central 13864
Get_Highest_Version_Number_AzureTable_us-south-central 14287
Get_Highest_Version_Number_AzureTable_us-south-central 32177
Get_Highest_Version_Number_AzureTable_us-south-central 12584
Get_Highest_Version_Number_AzureTable_us-south-central 20376
Get_Highest_Version_Number_AzureTable_us-south-central 14464
Get_Highest_Version_Number_AzureTable_us-south-central 12905
Get_Highest_Version_Number_AzureTable_us-south-central 23758
Get_Highest_Version_Number_AzureTable_us-south-central 18883
Get_Highest_Version_Number_AzureTable_us-south-central 15015
Get_Highest_Version_Number_AzureTable_us-south-central 15446
Get_Highest_Version_Number_AzureTable_us-south-central 14755
Get_Highest_Version_Number_AzureTable_us-south-central 9272
Get_Highest_Version_Number_AzureTable_us-south-central 13467
Get_Highest_Version_Number_AzureTable_us-south-central 12438
Get_Highest_Version_Number_AzureTable_us-south-central 12930
Get_Highest_Version_Number_AzureTable_us-south-central 8418
Get_Highest_Version_Number_AzureTable_us-south-central 9269
Get_Highest_Version_Number_AzureTable_us-south-central 24120
Get_Highest_Version_Number_AzureTable_us-south-central 7646
Get_Highest_Version_Number_AzureTable_us-south-central 10355
Get_Highest_Version_Number_AzureTable_us-south-central 13172
Get_Highest_Version_Number_AzureTable_us-south-central 32706
Get_Highest_Version_Number_AzureTable_us-south-central 11705
Get_Highest_Version_Number_AzureTable_us-south-central 9054
Get_Highest_Version_Number_AzureTable_us-south-central 16512
Get_Highest_Version_Number_AzureTable_us-south-central 14457
Get_Highest_Version_Number_AzureTable_us-south-central 9646
Get_Highest_Version_Number_AzureTable_us-south-central 8961
Get_Highest_Version_Number_AzureTable_us-south-central 12634
Get_Highest_Version_Number_AzureTable_us-south-central 16697
Get_Highest_Version_Number_AzureTable_us-south-central 10744
Get_Highest_Version_Number_AzureTable_us-south-central 17453
Get_Highest_Version_Number_AzureTable_us-south-central 14772
Get_Highest_Version_Number_AzureTable_us-south-central 17987
Get_Highest_Version_Number_AzureTable_us-south-central 8868
Get_Highest_Version_Number_AzureTable_us-south-central 10728
Get_Highest_Version_Number_AzureTable_us-south-central 13635
Get_Highest_Version_Number_AzureTable_us-south-central 13423
Get_Highest_Version_Number_AzureTable_us-south-central 8690
Get_Highest_Version_Number_AzureTable_us-south-central 9136
Get_Highest_Version_Number_AzureTable_us-south-central 12105
Get_Highest_Version_Number_AzureTable_us-south-central 15160
Get_Highest_Version_Number_AzureTable_us-south-central 8187
Get_Highest_Version_Number_AzureTable_us-south-central 13468
Get_Highest_Version_Number_AzureTable_us-south-central 17142
Get_Highest_Version_Number_AzureTable_us-south-central 10473
Get_Highest_Version_Number_AzureTable_us-south-central 8406
Get_Highest_Version_Number_AzureTable_us-south-central 28879
Get_Highest_Version_Number_AzureTable_us-south-central 14574
Get_Highest_Version_Number_AzureTable_us-south-central 15757
Get_Highest_Version_Number_AzureTable_us-south-central 7219
Get_Highest_Version_Number_AzureTable_us-south-central 14508
Get_Highest_Version_Number_AzureTable_us-south-central 15133
Get_Highest_Version_Number_AzureTable_us-south-central 16879
Get_Highest_Version_Number_AzureTable_us-south-central 15781
Get_Highest_Version_Number_AzureTable_us-south-central 15992
Get_Highest_Version_Number_AzureTable_us-south-central 16197
Get_Highest_Version_Number_AzureTable_us-south-central 20818
Get_Highest_Version_Number_AzureTable_us-south-central 12394
Get_Highest_Version_Number_AzureTable_us-south-central 8214
Get_Highest_Version_Number_AzureTable_us-south-central 9479
Get_Highest_Version_Number_AzureTable_us-south-central 10813
Get_Highest_Version_Number_AzureTable_us-south-central 10894
Get_Highest_Version_Number_AzureTable_us-south-central 9292
Get_Highest_Version_Number_AzureTable_us-south-central 8466
Get_Highest_Version_Number_AzureTable_us-south-central 19159
Get_Highest_Version_Number_AzureTable_us-south-central 11835
Get_Highest_Version_Number_AzureTable_us-south-central 17264
Get_Highest_Version_Number_AzureTable_us-south-central 11261
Get_Highest_Version_Number_AzureTable_us-south-central 12446
Get_Highest_Version_Number_AzureTable_us-south-central 37056
Get_Highest_Version_Number_AzureTable_us-south-central 8362
Get_Highest_Version_Number_AzureTable_us-south-central 17041
Get_Highest_Version_Number_AzureTable_us-south-central 8787
Get_Highest_Version_Number_AzureTable_us-south-central 239689
Get_Highest_Version_Number_AzureTable_us-south-central 11798
Get_Highest_Version_Number_AzureTable_us-south-central 8314
Get_Highest_Version_Number_AzureTable_us-south-central 25898
Get_Highest_Version_Number_AzureTable_us-south-central 8656
Get_Highest_Version_Number_AzureTable_us-south-central 8822
Get_Highest_Version_Number_AzureTable_us-south-central 15499
Get_Highest_Version_Number_AzureTable_us-south-central 8580
Get_Highest_Version_Number_AzureTable_us-south-central 14218
Get_Highest_Version_Number_AzureTable_us-south-central 12598
Get_Highest_Version_Number_AzureTable_us-south-central 8172
Get_Highest_Version_Number_AzureTable_us-south-central 9286
Get_Highest_Version_Number_AzureTable_us-south-central 7572
Get_Highest_Version_Number_AzureTable_us-south-central 12718
Get_Highest_Version_Number_AzureTable_us-south-central 75038
Get_Highest_Version_Number_AzureTable_us-south-central 15659
Get_Highest_Version_Number_AzureTable_us-south-central 8382
Get_Highest_Version_Number_AzureTable_us-south-central 9548
Get_Highest_Version_Number_AzureTable_us-south-central 13332
Get_Highest_Version_Number_AzureTable_us-south-central 14589
Get_Highest_Version_Number_AzureTable_us-south-central 9058
Get_Highest_Version_Number_AzureTable_us-south-central 8346
Get_Highest_Version_Number_AzureTable_us-south-central 15293
Get_Highest_Version_Number_AzureTable_us-south-central 259813
Get_Highest_Version_Number_AzureTable_us-south-central 19022
Get_Highest_Version_Number_AzureTable_us-south-central 9459
Get_Highest_Version_Number_AzureTable_us-south-central 8540
Get_Highest_Version_Number_AzureTable_us-south-central 8345
Get_Highest_Version_Number_AzureTable_us-south-central 16785
Get_Highest_Version_Number_AzureTable_us-south-central 12890
Get_Highest_Version_Number_AzureTable_us-south-central 155035
Get_Highest_Version_Number_AzureTable_us-south-central 10375
Get_Highest_Version_Number_AzureTable_us-south-central 8608
Get_Highest_Version_Number_AzureTable_us-south-central 14928
Get_Highest_Version_Number_AzureTable_us-south-central 19672
Get_Highest_Version_Number_AzureTable_us-south-central 11469
Get_Highest_Version_Number_AzureTable_us-south-central 14984
Get_Highest_Version_Number_AzureTable_us-south-central 13603
Get_Highest_Version_Number_AzureTable_us-south-central 16027
Get_Highest_Version_Number_AzureTable_us-south-central 12884
Get_Highest_Version_Number_AzureTable_us-south-central 35905
Get_Highest_Version_Number_AzureTable_us-south-central 12579
Get_Highest_Version_Number_AzureTable_us-south-central 12215
Get_Highest_Version_Number_AzureTable_us-south-central 18674
Get_Highest_Version_Number_AzureTable_us-south-central 15478
Get_Highest_Version_Number_AzureTable_us-south-central 12581
Get_Highest_Version_Number_AzureTable_us-south-central 13469
Get_Highest_Version_Number_AzureTable_us-south-central 14815
Get_Highest_Version_Number_AzureTable_us-south-central 16335
Get_Highest_Version_Number_AzureTable_us-south-central 19333
Get_Highest_Version_Number_AzureTable_us-south-central 18981
Get_Highest_Version_Number_AzureTable_us-south-central 12480
Get_Highest_Version_Number_AzureTable_us-south-central 12652
Get_Highest_Version_Number_AzureTable_us-south-central 16260
Get_Highest_Version_Number_AzureTable_us-south-central 17224
Get_Highest_Version_Number_AzureTable_us-south-central 12630
Get_Highest_Version_Number_AzureTable_us-south-central 16724
Get_Highest_Version_Number_AzureTable_us-south-central 12157
Get_Highest_Version_Number_AzureTable_us-south-central 8694
Get_Highest_Version_Number_AzureTable_us-south-central 13539
Get_Highest_Version_Number_AzureTable_us-south-central 13294
Get_Highest_Version_Number_AzureTable_us-south-central 18366
Get_Highest_Version_Number_AzureTable_us-south-central 30788
Get_Highest_Version_Number_AzureTable_us-south-central 53427
Get_Highest_Version_Number_AzureTable_us-south-central 14498
Get_Highest_Version_Number_AzureTable_us-south-central 8342
Get_Highest_Version_Number_AzureTable_us-south-central 8523
Get_Highest_Version_Number_AzureTable_us-south-central 9886
Get_Highest_Version_Number_AzureTable_us-south-central 8658
Get_Highest_Version_Number_AzureTable_us-south-central 17511
Get_Highest_Version_Number_AzureTable_us-south-central 16054
Get_Highest_Version_Number_AzureTable_us-south-central 8573
Get_Highest_Version_Number_AzureTable_us-south-central 9168
Get_Highest_Version_Number_AzureTable_us-south-central 8599
Get_Highest_Version_Number_AzureTable_us-south-central 28550
Get_Highest_Version_Number_AzureTable_us-south-central 175920
Get_Highest_Version_Number_AzureTable_us-south-central 9428
Get_Highest_Version_Number_AzureTable_us-south-central 9195
Get_Highest_Version_Number_AzureTable_us-south-central 15377
Get_Highest_Version_Number_AzureTable_us-south-central 8814
Get_Highest_Version_Number_AzureTable_us-south-central 24191
Get_Highest_Version_Number_AzureTable_us-south-central 9832
Get_Highest_Version_Number_AzureTable_us-south-central 21347
Get_Highest_Version_Number_AzureTable_us-south-central 17601
Get_Highest_Version_Number_AzureTable_us-south-central 14474
Get_Highest_Version_Number_AzureTable_us-south-central 9646
Get_Highest_Version_Number_AzureTable_us-south-central 14922
Get_Highest_Version_Number_AzureTable_us-south-central 9137
Get_Highest_Version_Number_AzureTable_us-south-central 9031
Get_Highest_Version_Number_AzureTable_us-south-central 13685
Get_Highest_Version_Number_AzureTable_us-south-central 13156
Get_Highest_Version_Number_AzureTable_us-south-central 7772
Get_Highest_Version_Number_AzureTable_us-south-central 16378
Get_Highest_Version_Number_AzureTable_us-south-central 20295
Get_Highest_Version_Number_AzureTable_us-south-central 11000
Get_Highest_Version_Number_AzureTable_us-south-central 14286
Get_Highest_Version_Number_AzureTable_us-south-central 14063
Get_Highest_Version_Number_AzureTable_us-south-central 17453
Get_Highest_Version_Number_AzureTable_us-south-central 8728
Get_Highest_Version_Number_AzureTable_us-south-central 17192
Get_Highest_Version_Number_AzureTable_us-south-central 40794
Get_Highest_Version_Number_AzureTable_us-south-central 15555
Get_Highest_Version_Number_AzureTable_us-south-central 13418
Get_Highest_Version_Number_AzureTable_us-south-central 68539
Get_Highest_Version_Number_AzureTable_us-south-central 16607
Get_Highest_Version_Number_AzureTable_us-south-central 18045
Get_Highest_Version_Number_AzureTable_us-south-central 12960
Get_Highest_Version_Number_AzureTable_us-south-central 14395
Get_Highest_Version_Number_AzureTable_us-south-central 47725
Get_Highest_Version_Number_AzureTable_us-south-central 14569
Get_Highest_Version_Number_AzureTable_us-south-central 16051
Get_Highest_Version_Number_AzureTable_us-south-central 44245
Get_Highest_Version_Number_AzureTable_us-south-central 18721
Get_Highest_Version_Number_AzureTable_us-south-central 14871
Get_Highest_Version_Number_AzureTable_us-south-central 17994
Get_Highest_Version_Number_AzureTable_us-south-central 21933
Get_Highest_Version_Number_AzureTable_us-south-central 13465
Get_Highest_Version_Number_AzureTable_us-south-central 33139
Get_Highest_Version_Number_AzureTable_us-south-central 14061
Get_Highest_Version_Number_AzureTable_us-south-central 23047
Get_Highest_Version_Number_AzureTable_us-south-central 13127
Get_Highest_Version_Number_AzureTable_us-south-central 9372
Get_Highest_Version_Number_AzureTable_us-south-central 34407
Get_Highest_Version_Number_AzureTable_us-south-central 8505
Get_Highest_Version_Number_AzureTable_us-south-central 14295
Get_Highest_Version_Number_AzureTable_us-south-central 8250
Get_Highest_Version_Number_AzureTable_us-south-central 12215
Get_Highest_Version_Number_AzureTable_us-south-central 8871
Get_Highest_Version_Number_AzureTable_us-south-central 13362
Get_Highest_Version_Number_AzureTable_us-south-central 20316
Get_Highest_Version_Number_AzureTable_us-south-central 8831
Get_Highest_Version_Number_AzureTable_us-south-central 12089
Get_Highest_Version_Number_AzureTable_us-south-central 10650
Get_Highest_Version_Number_AzureTable_us-south-central 10148
Get_Highest_Version_Number_AzureTable_us-south-central 13459
Get_Highest_Version_Number_AzureTable_us-south-central 9733
Get_Highest_Version_Number_AzureTable_us-south-central 7084
Get_Highest_Version_Number_AzureTable_us-south-central 12698
Get_Highest_Version_Number_AzureTable_us-south-central 9789
Get_Highest_Version_Number_AzureTable_us-south-central 8641
Get_Highest_Version_Number_AzureTable_us-south-central 37623
Get_Highest_Version_Number_AzureTable_us-south-central 14313
Get_Highest_Version_Number_AzureTable_us-south-central 14189
Get_Highest_Version_Number_AzureTable_us-south-central 9866
Get_Highest_Version_Number_AzureTable_us-south-central 22515
Get_Highest_Version_Number_AzureTable_us-south-central 10322
Get_Highest_Version_Number_AzureTable_us-south-central 17851
Get_Highest_Version_Number_AzureTable_us-south-central 8901
Get_Highest_Version_Number_AzureTable_us-south-central 9648
Get_Highest_Version_Number_AzureTable_us-south-central 22494
Get_Highest_Version_Number_AzureTable_us-south-central 14472
Get_Highest_Version_Number_AzureTable_us-south-central 8676
Get_Highest_Version_Number_AzureTable_us-south-central 14940
Get_Highest_Version_Number_AzureTable_us-south-central 9707
Get_Highest_Version_Number_AzureTable_us-south-central 16634
Get_Highest_Version_Number_AzureTable_us-south-central 10433
Get_Highest_Version_Number_AzureTable_us-south-central 9047
Get_Highest_Version_Number_AzureTable_us-south-central 20332
Get_Highest_Version_Number_AzureTable_us-south-central 14403
Get_Highest_Version_Number_AzureTable_us-south-central 8950
Get_Highest_Version_Number_AzureTable_us-south-central 20162
Get_Highest_Version_Number_AzureTable_us-south-central 14532
Get_Highest_Version_Number_AzureTable_us-south-central 14228
Get_Highest_Version_Number_AzureTable_us-south-central 9383
Get_Highest_Version_Number_AzureTable_us-south-central 16173
Get_Highest_Version_Number_AzureTable_us-south-central 18071
Get_Highest_Version_Number_AzureTable_us-south-central 14845
Get_Highest_Version_Number_AzureTable_us-south-central 19629
Get_Highest_Version_Number_AzureTable_us-south-central 19010
Get_Highest_Version_Number_AzureTable_us-south-central 14485
Get_Highest_Version_Number_AzureTable_us-south-central 17246
Get_Highest_Version_Number_AzureTable_us-south-central 8262
Get_Highest_Version_Number_AzureTable_us-south-central 13863
Get_Highest_Version_Number_AzureTable_us-south-central 15720
Get_Highest_Version_Number_AzureTable_us-south-central 15471
Get_Highest_Version_Number_AzureTable_us-south-central 14632
Get_Highest_Version_Number_AzureTable_us-south-central 15924
Get_Highest_Version_Number_AzureTable_us-south-central 22888
Get_Highest_Version_Number_AzureTable_us-south-central 14201
Get_Highest_Version_Number_AzureTable_us-south-central 13041
Get_Highest_Version_Number_AzureTable_us-south-central 14828
Get_Highest_Version_Number_AzureTable_us-south-central 39777
Get_Highest_Version_Number_AzureTable_us-south-central 14787
Get_Highest_Version_Number_AzureTable_us-south-central 13523
Get_Highest_Version_Number_AzureTable_us-south-central 9032
Get_Highest_Version_Number_AzureTable_us-south-central 18030
Get_Highest_Version_Number_AzureTable_us-south-central 28659
Get_Highest_Version_Number_AzureTable_us-south-central 13910
Get_Highest_Version_Number_AzureTable_us-south-central 14660
Get_Highest_Version_Number_AzureTable_us-south-central 8377
Get_Highest_Version_Number_AzureTable_us-south-central 7013
Get_Highest_Version_Number_AzureTable_us-south-central 9137
Get_Highest_Version_Number_AzureTable_us-south-central 17017
Get_Highest_Version_Number_AzureTable_us-south-central 14877
Get_Highest_Version_Number_AzureTable_us-south-central 8064
Get_Highest_Version_Number_AzureTable_us-south-central 14097
Get_Highest_Version_Number_AzureTable_us-south-central 16813
Get_Highest_Version_Number_AzureTable_us-south-central 10690
Get_Highest_Version_Number_AzureTable_us-south-central 10435
Get_Highest_Version_Number_AzureTable_us-south-central 15219
Get_Highest_Version_Number_AzureTable_us-south-central 11163
Get_Highest_Version_Number_AzureTable_us-south-central 16509
Get_Highest_Version_Number_AzureTable_us-south-central 8737
Get_Highest_Version_Number_AzureTable_us-south-central 39029
Get_Highest_Version_Number_AzureTable_us-south-central 8759
Get_Highest_Version_Number_AzureTable_us-south-central 8831
Get_Highest_Version_Number_AzureTable_us-south-central 9492
Get_Highest_Version_Number_AzureTable_us-south-central 10124
Get_Highest_Version_Number_AzureTable_us-south-central 7776
Get_Highest_Version_Number_AzureTable_us-south-central 8163
Get_Highest_Version_Number_AzureTable_us-south-central 21944
Get_Highest_Version_Number_AzureTable_us-south-central 19560
Get_Highest_Version_Number_AzureTable_us-south-central 13371
Get_Highest_Version_Number_AzureTable_us-south-central 7905
Get_Highest_Version_Number_AzureTable_us-south-central 13537
Get_Highest_Version_Number_AzureTable_us-south-central 25756
Get_Highest_Version_Number_AzureTable_us-south-central 13741
Get_Highest_Version_Number_AzureTable_us-south-central 17821
Get_Highest_Version_Number_AzureTable_us-south-central 14351
Get_Highest_Version_Number_AzureTable_us-south-central 8812
Get_Highest_Version_Number_AzureTable_us-south-central 16365
Get_Highest_Version_Number_AzureTable_us-south-central 9523
Get_Highest_Version_Number_AzureTable_us-south-central 15769
Get_Highest_Version_Number_AzureTable_us-south-central 8950
Get_Highest_Version_Number_AzureTable_us-south-central 14004
Get_Highest_Version_Number_AzureTable_us-south-central 16867
Get_Highest_Version_Number_AzureTable_us-south-central 9232
Get_Highest_Version_Number_AzureTable_us-south-central 49630
Get_Highest_Version_Number_AzureTable_us-south-central 11717
Get_Highest_Version_Number_AzureTable_us-south-central 27825
Get_Highest_Version_Number_AzureTable_us-south-central 15446
Get_Highest_Version_Number_AzureTable_us-south-central 14440
Get_Highest_Version_Number_AzureTable_us-south-central 15924
Get_Highest_Version_Number_AzureTable_us-south-central 13059
Get_Highest_Version_Number_AzureTable_us-south-central 16230
Get_Highest_Version_Number_AzureTable_us-south-central 15784
Get_Highest_Version_Number_AzureTable_us-south-central 14390
Get_Highest_Version_Number_AzureTable_us-south-central 14452
Get_Highest_Version_Number_AzureTable_us-south-central 20151
Get_Highest_Version_Number_AzureTable_us-south-central 13071
Get_Highest_Version_Number_AzureTable_us-south-central 14193
Get_Highest_Version_Number_AzureTable_us-south-central 22376
Get_Highest_Version_Number_AzureTable_us-south-central 16865
Get_Highest_Version_Number_AzureTable_us-south-central 9923
Get_Highest_Version_Number_AzureTable_us-south-central 14503
Get_Highest_Version_Number_AzureTable_us-south-central 14680
Get_Highest_Version_Number_AzureTable_us-south-central 8797
Get_Highest_Version_Number_AzureTable_us-south-central 18020
Get_Highest_Version_Number_AzureTable_us-south-central 26619
Get_Highest_Version_Number_AzureTable_us-south-central 16973
Get_Highest_Version_Number_AzureTable_us-south-central 10118
Get_Highest_Version_Number_AzureTable_us-south-central 10514
Get_Highest_Version_Number_AzureTable_us-south-central 10410
Get_Highest_Version_Number_AzureTable_us-south-central 9762
Get_Highest_Version_Number_AzureTable_us-south-central 8052
Get_Highest_Version_Number_AzureTable_us-south-central 10683
Get_Highest_Version_Number_AzureTable_us-south-central 160361
Get_Highest_Version_Number_AzureTable_us-south-central 10711
Get_Highest_Version_Number_AzureTable_us-south-central 14216
Get_Highest_Version_Number_AzureTable_us-south-central 20126
Get_Highest_Version_Number_AzureTable_us-south-central 10831
Get_Highest_Version_Number_AzureTable_us-south-central 18773
Get_Highest_Version_Number_AzureTable_us-south-central 8605
Get_Highest_Version_Number_AzureTable_us-south-central 13709
Get_Highest_Version_Number_AzureTable_us-south-central 9649
Get_Highest_Version_Number_AzureTable_us-south-central 14160
Get_Highest_Version_Number_AzureTable_us-south-central 17224
Get_Highest_Version_Number_AzureTable_us-south-central 11850
Get_Highest_Version_Number_AzureTable_us-south-central 10526
Get_Highest_Version_Number_AzureTable_us-south-central 8646
Get_Highest_Version_Number_AzureTable_us-south-central 8770
Get_Highest_Version_Number_AzureTable_us-south-central 7528
Get_Highest_Version_Number_AzureTable_us-south-central 24685
Get_Highest_Version_Number_AzureTable_us-south-central 13967
Get_Highest_Version_Number_AzureTable_us-south-central 8782
Get_Highest_Version_Number_AzureTable_us-south-central 18258
Get_Highest_Version_Number_AzureTable_us-south-central 8249
Get_Highest_Version_Number_AzureTable_us-south-central 15270
Get_Highest_Version_Number_AzureTable_us-south-central 8517
Get_Highest_Version_Number_AzureTable_us-south-central 19969
Get_Highest_Version_Number_AzureTable_us-south-central 16396
Get_Highest_Version_Number_AzureTable_us-south-central 14391
Get_Highest_Version_Number_AzureTable_us-south-central 17336
Get_Highest_Version_Number_AzureTable_us-south-central 10021
Get_Highest_Version_Number_AzureTable_us-south-central 14984
Get_Highest_Version_Number_AzureTable_us-south-central 10967
Get_Highest_Version_Number_AzureTable_us-south-central 8128
Get_Highest_Version_Number_AzureTable_us-south-central 8610
Get_Highest_Version_Number_AzureTable_us-south-central 8493
Get_Highest_Version_Number_AzureTable_us-south-central 7662
Get_Highest_Version_Number_AzureTable_us-south-central 8298
Get_Highest_Version_Number_AzureTable_us-south-central 12783
Get_Highest_Version_Number_AzureTable_us-south-central 13798
Get_Highest_Version_Number_AzureTable_us-south-central 15524
Get_Highest_Version_Number_AzureTable_us-south-central 17824
Get_Highest_Version_Number_AzureTable_us-south-central 14647
Get_Highest_Version_Number_AzureTable_us-south-central 14014
Get_Highest_Version_Number_AzureTable_us-south-central 14483
Get_Highest_Version_Number_AzureTable_us-south-central 23147
Get_Highest_Version_Number_AzureTable_us-south-central 13796
Get_Highest_Version_Number_AzureTable_us-south-central 10133
Get_Highest_Version_Number_AzureTable_us-south-central 9260
Get_Highest_Version_Number_AzureTable_us-south-central 16790
Get_Highest_Version_Number_AzureTable_us-south-central 12479
Get_Highest_Version_Number_AzureTable_us-south-central 9827
Get_Highest_Version_Number_AzureTable_us-south-central 9960
Get_Highest_Version_Number_AzureTable_us-south-central 10302
Get_Highest_Version_Number_AzureTable_us-south-central 12939
Get_Highest_Version_Number_AzureTable_us-south-central 16324
Get_Highest_Version_Number_AzureTable_us-south-central 13827
Get_Highest_Version_Number_AzureTable_us-south-central 9494
Get_Highest_Version_Number_AzureTable_us-south-central 10071
Get_Highest_Version_Number_AzureTable_us-south-central 14417
Get_Highest_Version_Number_AzureTable_us-south-central 9220
Get_Highest_Version_Number_AzureTable_us-south-central 8569
Get_Highest_Version_Number_AzureTable_us-south-central 13261
Get_Highest_Version_Number_AzureTable_us-south-central 15287
Get_Highest_Version_Number_AzureTable_us-south-central 16882
Get_Highest_Version_Number_AzureTable_us-south-central 9140
Get_Highest_Version_Number_AzureTable_us-south-central 11724
Get_Highest_Version_Number_AzureTable_us-south-central 24571
Get_Highest_Version_Number_AzureTable_us-south-central 11939
Get_Highest_Version_Number_AzureTable_us-south-central 10875
Get_Highest_Version_Number_AzureTable_us-south-central 8684
Get_Highest_Version_Number_AzureTable_us-south-central 10361
Get_Highest_Version_Number_AzureTable_us-south-central 16611
Get_Highest_Version_Number_AzureTable_us-south-central 9785
Get_Highest_Version_Number_AzureTable_us-south-central 11174
Get_Highest_Version_Number_AzureTable_us-south-central 12834
Get_Highest_Version_Number_AzureTable_us-south-central 8695
Get_Highest_Version_Number_AzureTable_us-south-central 13300
Get_Highest_Version_Number_AzureTable_us-south-central 11712
Get_Highest_Version_Number_AzureTable_us-south-central 14849
Get_Highest_Version_Number_AzureTable_us-south-central 17031
Get_Highest_Version_Number_AzureTable_us-south-central 8561
Get_Highest_Version_Number_AzureTable_us-south-central 10910
Get_Highest_Version_Number_AzureTable_us-south-central 12154
Get_Highest_Version_Number_AzureTable_us-south-central 7717
Get_Highest_Version_Number_AzureTable_us-south-central 8532
Get_Highest_Version_Number_AzureTable_us-south-central 13465
Get_Highest_Version_Number_AzureTable_us-south-central 8717
Get_Highest_Version_Number_AzureTable_us-south-central 14203
Get_Highest_Version_Number_AzureTable_us-south-central 8171
Get_Highest_Version_Number_AzureTable_us-south-central 12745
Get_Highest_Version_Number_AzureTable_us-south-central 10898
Get_Highest_Version_Number_AzureTable_us-south-central 24478
Get_Highest_Version_Number_AzureTable_us-south-central 13310
Get_Highest_Version_Number_AzureTable_us-south-central 10068
Get_Highest_Version_Number_AzureTable_us-south-central 17729
Get_Highest_Version_Number_AzureTable_us-south-central 8369
Get_Highest_Version_Number_AzureTable_us-south-central 12974
Get_Highest_Version_Number_AzureTable_us-south-central 8069
Get_Highest_Version_Number_AzureTable_us-south-central 12325
Get_Highest_Version_Number_AzureTable_us-south-central 9001
Get_Highest_Version_Number_AzureTable_us-south-central 12791
Get_Highest_Version_Number_AzureTable_us-south-central 13929
Get_Highest_Version_Number_AzureTable_us-south-central 43448
Get_Highest_Version_Number_AzureTable_us-south-central 13110
Get_Highest_Version_Number_AzureTable_us-south-central 14267
Get_Highest_Version_Number_AzureTable_us-south-central 12246
Get_Highest_Version_Number_AzureTable_us-south-central 11902
Get_Highest_Version_Number_AzureTable_us-south-central 8786
Get_Highest_Version_Number_AzureTable_us-south-central 10307
Get_Highest_Version_Number_AzureTable_us-south-central 9218
Get_Highest_Version_Number_AzureTable_us-south-central 15763
Get_Highest_Version_Number_AzureTable_us-south-central 16774
Get_Highest_Version_Number_AzureTable_us-south-central 14530
Get_Highest_Version_Number_AzureTable_us-south-central 17805
Get_Highest_Version_Number_AzureTable_us-south-central 8550
Get_Highest_Version_Number_AzureTable_us-south-central 11868
Get_Highest_Version_Number_AzureTable_us-south-central 8933
Get_Highest_Version_Number_AzureTable_us-south-central 13001
Get_Highest_Version_Number_AzureTable_us-south-central 45724
Get_Highest_Version_Number_AzureTable_us-south-central 12583
Get_Highest_Version_Number_AzureTable_us-south-central 10366
Get_Highest_Version_Number_AzureTable_us-south-central 7051
Get_Highest_Version_Number_AzureTable_us-south-central 16247
Get_Highest_Version_Number_AzureTable_us-south-central 12758
Get_Highest_Version_Number_AzureTable_us-south-central 12845
Get_Highest_Version_Number_AzureTable_us-south-central 13442
Get_Highest_Version_Number_AzureTable_us-south-central 13485
Get_Highest_Version_Number_AzureTable_us-south-central 15093
Get_Highest_Version_Number_AzureTable_us-south-central 13360
Get_Highest_Version_Number_AzureTable_us-south-central 20069
Get_Highest_Version_Number_AzureTable_us-south-central 18953
Get_Highest_Version_Number_AzureTable_us-south-central 9441
Get_Highest_Version_Number_AzureTable_us-south-central 10761
Get_Highest_Version_Number_AzureTable_us-south-central 8273
Get_Highest_Version_Number_AzureTable_us-south-central 13560
Get_Highest_Version_Number_AzureTable_us-south-central 13018
Get_Highest_Version_Number_AzureTable_us-south-central 8090
Get_Highest_Version_Number_AzureTable_us-south-central 16667
Get_Highest_Version_Number_AzureTable_us-south-central 8240
Get_Highest_Version_Number_AzureTable_us-south-central 8881
Get_Highest_Version_Number_AzureTable_us-south-central 7316
Get_Highest_Version_Number_AzureTable_us-south-central 14422
Get_Highest_Version_Number_AzureTable_us-south-central 8233
Get_Highest_Version_Number_AzureTable_us-south-central 13468
Get_Highest_Version_Number_AzureTable_us-south-central 9166
Get_Highest_Version_Number_AzureTable_us-south-central 8584
Get_Highest_Version_Number_AzureTable_us-south-central 14088
Get_Highest_Version_Number_AzureTable_us-south-central 13814
Get_Highest_Version_Number_AzureTable_us-south-central 8085
Get_Highest_Version_Number_AzureTable_us-south-central 8354
Get_Highest_Version_Number_AzureTable_us-south-central 21099
Get_Highest_Version_Number_AzureTable_us-south-central 7678
Get_Highest_Version_Number_AzureTable_us-south-central 7913
Get_Highest_Version_Number_AzureTable_us-south-central 12820
Get_Highest_Version_Number_AzureTable_us-south-central 8713
Get_Highest_Version_Number_AzureTable_us-south-central 9653
Get_Highest_Version_Number_AzureTable_us-south-central 12759
Get_Highest_Version_Number_AzureTable_us-south-central 13328
Get_Highest_Version_Number_AzureTable_us-south-central 19625
Get_Highest_Version_Number_AzureTable_us-south-central 15483
Get_Highest_Version_Number_AzureTable_us-south-central 9891
Get_Highest_Version_Number_AzureTable_us-south-central 19600
Get_Highest_Version_Number_AzureTable_us-south-central 11947
Get_Highest_Version_Number_AzureTable_us-south-central 12647
Get_Highest_Version_Number_AzureTable_us-south-central 13192
Get_Highest_Version_Number_AzureTable_us-south-central 14212
Get_Highest_Version_Number_AzureTable_us-south-central 11221
Get_Highest_Version_Number_AzureTable_us-south-central 15245
Get_Highest_Version_Number_AzureTable_us-south-central 15158
Get_Highest_Version_Number_AzureTable_us-south-central 22500
Get_Highest_Version_Number_AzureTable_us-south-central 13993
Get_Highest_Version_Number_AzureTable_us-south-central 14290
Get_Highest_Version_Number_AzureTable_us-south-central 11939
Get_Highest_Version_Number_AzureTable_us-south-central 14343
Get_Highest_Version_Number_AzureTable_us-south-central 13775
Get_Highest_Version_Number_AzureTable_us-south-central 13317
Get_Highest_Version_Number_AzureTable_us-south-central 14360
Get_Highest_Version_Number_AzureTable_us-south-central 20568
Get_Highest_Version_Number_AzureTable_us-south-central 14038
Get_Highest_Version_Number_AzureTable_us-south-central 8285
Get_Highest_Version_Number_AzureTable_us-south-central 13594
Get_Highest_Version_Number_AzureTable_us-south-central 10268
Get_Highest_Version_Number_AzureTable_us-south-central 13215
Get_Highest_Version_Number_AzureTable_us-south-central 8645
Get_Highest_Version_Number_AzureTable_us-south-central 16665
Get_Highest_Version_Number_AzureTable_us-south-central 8177
Get_Highest_Version_Number_AzureTable_us-south-central 14309
Get_Highest_Version_Number_AzureTable_us-south-central 9149
Get_Highest_Version_Number_AzureTable_us-south-central 13025
Get_Highest_Version_Number_AzureTable_us-south-central 57182
Get_Highest_Version_Number_AzureTable_us-south-central 13992
Get_Highest_Version_Number_AzureTable_us-south-central 9418
Get_Highest_Version_Number_AzureTable_us-south-central 10545
Get_Highest_Version_Number_AzureTable_us-south-central 37057
Get_Highest_Version_Number_AzureTable_us-south-central 9408
Get_Highest_Version_Number_AzureTable_us-south-central 8804
Get_Highest_Version_Number_AzureTable_us-south-central 9337
Get_Highest_Version_Number_AzureTable_us-south-central 13293
Get_Highest_Version_Number_AzureTable_us-south-central 8335
Get_Highest_Version_Number_AzureTable_us-south-central 14884
Get_Highest_Version_Number_AzureTable_us-south-central 8291
Get_Highest_Version_Number_AzureTable_us-south-central 10448
Get_Highest_Version_Number_AzureTable_us-south-central 10016
Get_Highest_Version_Number_AzureTable_us-south-central 9045
Get_Highest_Version_Number_AzureTable_us-south-central 9095
Get_Highest_Version_Number_AzureTable_us-south-central 14678
Get_Highest_Version_Number_AzureTable_us-south-central 14011
Get_Highest_Version_Number_AzureTable_us-south-central 6753
Get_Highest_Version_Number_AzureTable_us-south-central 7639
Get_Highest_Version_Number_AzureTable_us-south-central 24081
Get_Highest_Version_Number_AzureTable_us-south-central 9431
Get_Highest_Version_Number_AzureTable_us-south-central 14733
Get_Highest_Version_Number_AzureTable_us-south-central 8598
Get_Highest_Version_Number_AzureTable_us-south-central 17423
Get_Highest_Version_Number_AzureTable_us-south-central 16583
Get_Highest_Version_Number_AzureTable_us-south-central 23586
Get_Highest_Version_Number_AzureTable_us-south-central 9490
Get_Highest_Version_Number_AzureTable_us-south-central 15587
Get_Highest_Version_Number_AzureTable_us-south-central 9187
Get_Highest_Version_Number_AzureTable_us-south-central 12594
Get_Highest_Version_Number_AzureTable_us-south-central 10758
Get_Highest_Version_Number_AzureTable_us-south-central 8217
Get_Highest_Version_Number_AzureTable_us-south-central 8395
Get_Highest_Version_Number_AzureTable_us-south-central 13827
Get_Highest_Version_Number_AzureTable_us-south-central 9315
Get_Highest_Version_Number_AzureTable_us-south-central 8468
Get_Highest_Version_Number_AzureTable_us-south-central 21745
Get_Highest_Version_Number_AzureTable_us-south-central 14850
Get_Highest_Version_Number_AzureTable_us-south-central 13540
Get_Highest_Version_Number_AzureTable_us-south-central 22508
Get_Highest_Version_Number_AzureTable_us-south-central 13981
Get_Highest_Version_Number_AzureTable_us-south-central 17043
Get_Highest_Version_Number_AzureTable_us-south-central 17309
Get_Highest_Version_Number_AzureTable_us-south-central 13194
Get_Highest_Version_Number_AzureTable_us-south-central 25973
Get_Highest_Version_Number_AzureTable_us-south-central 22125
Get_Highest_Version_Number_AzureTable_us-south-central 9530
Get_Highest_Version_Number_AzureTable_us-south-central 18722
Get_Highest_Version_Number_AzureTable_us-south-central 13565
Get_Highest_Version_Number_AzureTable_us-south-central 12326
Get_Highest_Version_Number_AzureTable_us-south-central 13194
Get_Highest_Version_Number_AzureTable_us-south-central 13970
Get_Highest_Version_Number_AzureTable_us-south-central 149845
Get_Highest_Version_Number_AzureTable_us-south-central 8482
Get_Highest_Version_Number_AzureTable_us-south-central 9532
Get_Highest_Version_Number_AzureTable_us-south-central 9193
Get_Highest_Version_Number_AzureTable_us-south-central 13960
Get_Highest_Version_Number_AzureTable_us-south-central 12099
Get_Highest_Version_Number_AzureTable_us-south-central 9474
Get_Highest_Version_Number_AzureTable_us-south-central 13863
Get_Highest_Version_Number_AzureTable_us-south-central 15645
Get_Highest_Version_Number_AzureTable_us-south-central 8082
Get_Highest_Version_Number_AzureTable_us-south-central 11224
Get_Highest_Version_Number_AzureTable_us-south-central 9992
Get_Highest_Version_Number_AzureTable_us-south-central 12676
Get_Highest_Version_Number_AzureTable_us-south-central 16406
Get_Highest_Version_Number_AzureTable_us-south-central 27452
Get_Highest_Version_Number_AzureTable_us-south-central 16394
Get_Highest_Version_Number_AzureTable_us-south-central 15441
Get_Highest_Version_Number_AzureTable_us-south-central 12112
Get_Highest_Version_Number_AzureTable_us-south-central 9242
Get_Highest_Version_Number_AzureTable_us-south-central 14702
Get_Highest_Version_Number_AzureTable_us-south-central 11972
Get_Highest_Version_Number_AzureTable_us-south-central 8608
Get_Highest_Version_Number_AzureTable_us-south-central 8303
Get_Highest_Version_Number_AzureTable_us-south-central 9878
Get_Highest_Version_Number_AzureTable_us-south-central 20926
Get_Highest_Version_Number_AzureTable_us-south-central 14671
Get_Highest_Version_Number_AzureTable_us-south-central 9884
Get_Highest_Version_Number_AzureTable_us-south-central 15228
Get_Highest_Version_Number_AzureTable_us-south-central 8647
Get_Highest_Version_Number_AzureTable_us-south-central 13665
Get_Highest_Version_Number_AzureTable_us-south-central 11298
Get_Highest_Version_Number_AzureTable_us-south-central 10579
Get_Highest_Version_Number_AzureTable_us-south-central 15794
Get_Highest_Version_Number_AzureTable_us-south-central 13362
Get_Highest_Version_Number_AzureTable_us-south-central 8250
Get_Highest_Version_Number_AzureTable_us-south-central 14847
Get_Highest_Version_Number_AzureTable_us-south-central 8195
Get_Highest_Version_Number_AzureTable_us-south-central 14577
Get_Highest_Version_Number_AzureTable_us-south-central 10890
Get_Highest_Version_Number_AzureTable_us-south-central 17609
Get_Highest_Version_Number_AzureTable_us-south-central 12861
Get_Highest_Version_Number_AzureTable_us-south-central 20425
Get_Highest_Version_Number_AzureTable_us-south-central 14734
Get_Highest_Version_Number_AzureTable_us-south-central 14123
Get_Highest_Version_Number_AzureTable_us-south-central 18463
Get_Highest_Version_Number_AzureTable_us-south-central 17942
Get_Highest_Version_Number_AzureTable_us-south-central 15991
Get_Highest_Version_Number_AzureTable_us-south-central 13556
Get_Highest_Version_Number_AzureTable_us-south-central 15075
Get_Highest_Version_Number_AzureTable_us-south-central 15697
Get_Highest_Version_Number_AzureTable_us-south-central 8718
Get_Highest_Version_Number_AzureTable_us-south-central 17397
Get_Highest_Version_Number_AzureTable_us-south-central 9037
Get_Highest_Version_Number_AzureTable_us-south-central 13525
Get_Highest_Version_Number_AzureTable_us-south-central 14963
Get_Highest_Version_Number_AzureTable_us-south-central 7310
Get_Highest_Version_Number_AzureTable_us-south-central 9404
Get_Highest_Version_Number_AzureTable_us-south-central 10291
Get_Highest_Version_Number_AzureTable_us-south-central 12001
Get_Highest_Version_Number_AzureTable_us-south-central 10244
Get_Highest_Version_Number_AzureTable_us-south-central 12897
Get_Highest_Version_Number_AzureTable_us-south-central 8522
Get_Highest_Version_Number_AzureTable_us-south-central 13118
Get_Highest_Version_Number_AzureTable_us-south-central 36321
Get_Highest_Version_Number_AzureTable_us-south-central 8481
Get_Highest_Version_Number_AzureTable_us-south-central 13651
Get_Highest_Version_Number_AzureTable_us-south-central 12759
Get_Highest_Version_Number_AzureTable_us-south-central 29422
Get_Highest_Version_Number_AzureTable_us-south-central 13163
Get_Highest_Version_Number_AzureTable_us-south-central 15997
Get_Highest_Version_Number_AzureTable_us-south-central 7953
Get_Highest_Version_Number_AzureTable_us-south-central 12750
Get_Highest_Version_Number_AzureTable_us-south-central 8456
Get_Highest_Version_Number_AzureTable_us-south-central 8582
Get_Highest_Version_Number_AzureTable_us-south-central 33829
Get_Highest_Version_Number_AzureTable_us-south-central 8105
Get_Highest_Version_Number_AzureTable_us-south-central 9388
Get_Highest_Version_Number_AzureTable_us-south-central 10984
Get_Highest_Version_Number_AzureTable_us-south-central 9868
Get_Highest_Version_Number_AzureTable_us-south-central 12016
Get_Highest_Version_Number_AzureTable_us-south-central 13288
Get_Highest_Version_Number_AzureTable_us-south-central 8631
Get_Highest_Version_Number_AzureTable_us-south-central 14146
Get_Highest_Version_Number_AzureTable_us-south-central 15104
Get_Highest_Version_Number_AzureTable_us-south-central 12716
Get_Highest_Version_Number_AzureTable_us-south-central 8974
Get_Highest_Version_Number_AzureTable_us-south-central 16341
Get_Highest_Version_Number_AzureTable_us-south-central 9448
Get_Highest_Version_Number_AzureTable_us-south-central 9456
Get_Highest_Version_Number_AzureTable_us-south-central 8916
Get_Highest_Version_Number_AzureTable_us-south-central 13147
Get_Highest_Version_Number_AzureTable_us-south-central 13320
Get_Highest_Version_Number_AzureTable_us-south-central 8291
Get_Highest_Version_Number_AzureTable_us-south-central 15696
Get_Highest_Version_Number_AzureTable_us-south-central 12903
Get_Highest_Version_Number_AzureTable_us-south-central 14740
Get_Highest_Version_Number_AzureTable_us-south-central 8524
Get_Highest_Version_Number_AzureTable_us-south-central 8761
Get_Highest_Version_Number_AzureTable_us-south-central 18619
Get_Highest_Version_Number_AzureTable_us-south-central 8795
Get_Highest_Version_Number_AzureTable_us-south-central 14067
Get_Highest_Version_Number_AzureTable_us-south-central 14155
Get_Highest_Version_Number_AzureTable_us-south-central 9478
Get_Highest_Version_Number_AzureTable_us-south-central 16492
Get_Highest_Version_Number_AzureTable_us-south-central 7839
Get_Highest_Version_Number_AzureTable_us-south-central 7106
Get_Highest_Version_Number_AzureTable_us-south-central 349031
Get_Highest_Version_Number_AzureTable_us-south-central 15922
Get_Highest_Version_Number_AzureTable_us-south-central 15717
Get_Highest_Version_Number_AzureTable_us-south-central 13171
Get_Highest_Version_Number_AzureTable_us-south-central 14326
Get_Highest_Version_Number_AzureTable_us-south-central 13205
Get_Highest_Version_Number_AzureTable_us-south-central 13691
Get_Highest_Version_Number_AzureTable_us-south-central 13244
Get_Highest_Version_Number_AzureTable_us-south-central 14044
Get_Highest_Version_Number_AzureTable_us-south-central 9429
Get_Highest_Version_Number_AzureTable_us-south-central 15161
Get_Highest_Version_Number_AzureTable_us-south-central 14022
Get_Highest_Version_Number_AzureTable_us-south-central 16074
Get_Highest_Version_Number_AzureTable_us-south-central 13042
Get_Highest_Version_Number_AzureTable_us-south-central 12510
Get_Highest_Version_Number_AzureTable_us-south-central 13733
Get_Highest_Version_Number_AzureTable_us-south-central 13056
Get_Highest_Version_Number_AzureTable_us-south-central 13834
Get_Highest_Version_Number_AzureTable_us-south-central 16204
Get_Highest_Version_Number_AzureTable_us-south-central 7812
Get_Highest_Version_Number_AzureTable_us-south-central 10773
Get_Highest_Version_Number_AzureTable_us-south-central 12871
Get_Highest_Version_Number_AzureTable_us-south-central 9134
Get_Highest_Version_Number_AzureTable_us-south-central 12978
Get_Highest_Version_Number_AzureTable_us-south-central 8156
Get_Highest_Version_Number_AzureTable_us-south-central 35190
Get_Highest_Version_Number_AzureTable_us-south-central 9446
Get_Highest_Version_Number_AzureTable_us-south-central 8361
Get_Highest_Version_Number_AzureTable_us-south-central 12827
Get_Highest_Version_Number_AzureTable_us-south-central 9801
Get_Highest_Version_Number_AzureTable_us-south-central 8561
Get_Highest_Version_Number_AzureTable_us-south-central 27390
Get_Highest_Version_Number_AzureTable_us-south-central 16604
Get_Highest_Version_Number_AzureTable_us-south-central 15058
Get_Highest_Version_Number_AzureTable_us-south-central 18065
Get_Highest_Version_Number_AzureTable_us-south-central 10570
Get_Highest_Version_Number_AzureTable_us-south-central 7923
Get_Highest_Version_Number_AzureTable_us-south-central 17832
Get_Highest_Version_Number_AzureTable_us-south-central 8113
Get_Highest_Version_Number_AzureTable_us-south-central 8094
Get_Highest_Version_Number_AzureTable_us-south-central 9788
Get_Highest_Version_Number_AzureTable_us-south-central 9360
Get_Highest_Version_Number_AzureTable_us-south-central 9956
Get_Highest_Version_Number_AzureTable_us-south-central 9195
Get_Highest_Version_Number_AzureTable_us-south-central 8219
Get_Highest_Version_Number_AzureTable_us-south-central 9402
Get_Highest_Version_Number_AzureTable_us-south-central 12698
Get_Highest_Version_Number_AzureTable_us-south-central 8459
Get_Highest_Version_Number_AzureTable_us-south-central 8613
Get_Highest_Version_Number_AzureTable_us-south-central 19808
Get_Highest_Version_Number_AzureTable_us-south-central 14892
Get_Highest_Version_Number_AzureTable_us-south-central 8829
Get_Highest_Version_Number_AzureTable_us-south-central 15911
Get_Highest_Version_Number_AzureTable_us-south-central 8546
Get_Highest_Version_Number_AzureTable_us-south-central 7569
Get_Highest_Version_Number_AzureTable_us-south-central 36875
Get_Highest_Version_Number_AzureTable_us-south-central 8077
Get_Highest_Version_Number_AzureTable_us-south-central 14566
Get_Highest_Version_Number_AzureTable_us-south-central 15184
Get_Highest_Version_Number_AzureTable_us-south-central 9004
