4.51326990128
0.894967079163
0.453144073486
0.45169210434
0.454908132553
0.451611995697
0.456176042557
0.44978094101
0.457046031952
0.450741052628
0.471744060516
0.460052013397
0.445822000504
0.585359811783
0.476841926575
0.459344863892
0.479861021042
0.480343818665
0.476748943329
0.446417808533
0.479821920395
0.468326091766
0.454780817032
0.473250150681
0.445342063904
0.476165056229
0.482502937317
3.50546002388
0.548112154007
0.469380140305
0.518825054169
0.500603914261
0.480742931366
0.465271949768
0.484148025513
1.20606303215
1.18048214912
0.47486615181
0.453061103821
0.915754079819
0.789600133896
0.476531028748
4.22353196144
3.26907706261
0.45570397377
0.452298164368
0.446088075638
0.452714920044
0.449735879898
4.61667013168
1.85958600044
0.467540025711
0.449088096619
0.480242967606
0.4452688694
0.446959972382
0.441330909729
0.467894792557
0.474090099335
0.473244905472
0.474967002869
0.477910995483
2.55498504639
0.503824949265
0.447595119476
0.449577093124
0.469825029373
0.454035997391
0.473170995712
0.47626709938
0.899900913239
0.445036888123
4.2560749054
1.45040416718
0.47266292572
0.444029808044
0.453438997269
0.47579908371
0.470412015915
0.459039211273
3.81857705116
0.456300020218
0.472499847412
0.47726392746
0.449164867401
0.44481086731
0.43961596489
0.450649023056
1.88452196121
0.473526000977
0.442113161087
0.467467784882
0.474586009979
0.480628967285
0.450332164764
0.442967176437
1.85395693779
6.76261496544
4.74135494232
0.463268041611
0.459169149399
0.474246025085
0.443553209305
0.446711063385
0.448218107224
0.475886106491
0.910071134567
0.450824975967
0.470542907715
0.476712942123
0.47310090065
0.470319986343
0.477740049362
0.472606897354
0.452415943146
0.450425863266
0.473948001862
0.449295043945
0.457444906235
0.454293012619
0.472542047501
0.446175813675
0.462318897247
0.451792001724
0.480324029922
0.440527200699
0.471071958542
3.44280600548
1.42887711525
0.473865032196
0.447895050049
0.476408958435
0.457565784454
0.455956935883
0.462606191635
5.79419803619
1.47907614708
0.492824077606
0.527200937271
0.464950799942
0.451277971268
0.458009004593
0.456943035126
0.473556995392
0.474385976791
0.481986999512
0.473770141602
1.04595708847
0.779691934586
0.444344043732
0.447620868683
0.468601942062
0.450613021851
0.477210044861
0.451009988785
0.443900823593
0.470982074738
3.32101893425
1.47132277489
0.46904706955
0.474762201309
0.461396932602
0.449648857117
0.449292182922
0.476418018341
2.23635911942
1.45209813118
0.47207903862
0.471379995346
0.454988002777
0.451215028763
0.456875801086
0.446527004242
0.443875074387
0.471817016602
0.471797943115
0.468596935272
0.448014974594
0.468727111816
0.475421190262
0.451597929001
0.444327116013
0.475133895874
0.480580091476
0.493640184402
1.02810287476
0.847409009933
0.479218959808
1.64365696907
0.520918130875
0.484915018082
0.472041845322
0.475175857544
0.450455904007
0.499325990677
0.499398946762
2.77146410942
0.454660892487
0.44610786438
0.452743053436
0.480815887451
0.468632936478
0.448954820633
0.455994844437
3.13985896111
1.90614700317
0.475787878036
0.441092967987
0.44748210907
0.45566701889
0.925111055374
0.799960136414
0.471195936203
0.454063892365
0.451694011688
0.44370508194
0.45067191124
0.52840590477
0.449956893921
0.474426031113
0.44488286972
0.451297044754
0.471174955368
0.454274177551
0.453611135483
0.448755979538
0.478822946548
1.0254240036
4.06398510933
2.17318511009
0.45389008522
0.472249984741
0.448682785034
0.445379972458
0.4487221241
1.62600708008
2.84976816177
1.18729710579
0.445329904556
0.48495721817
0.449038982391
0.478095769882
0.449506044388
1.62909698486
10.3195400238
0.849584102631
0.906804084778
0.779517173767
0.474117040634
0.446218967438
0.445599079132
0.474673986435
0.474282026291
0.453645944595
0.447843790054
0.448714971542
0.470383882523
0.471205949783
0.464127779007
0.474730014801
0.512522935867
0.451947927475
0.497363090515
0.489530086517
0.473384141922
1.12704610825
1.97412610054
0.475975036621
0.447674036026
0.505803108215
0.474566936493
0.453852891922
0.475388050079
0.473315954208
2.46805214882
0.452893018723
0.452270030975
0.45262503624
0.446885824203
0.451967954636
0.474416017532
1.09620690346
3.89624404907
0.479062080383
0.471920967102
1.00841498375
0.830374002457
0.447684049606
0.447460889816
0.470020055771
0.45153093338
0.442472934723
0.444808959961
2.22201514244
0.453712940216
0.450359106064
0.444251060486
0.449333906174
0.44998884201
0.444458961487
0.471493005753
0.467099189758
0.45055603981
0.4579641819
0.455307006836
0.444895982742
0.449329853058
0.476100921631
0.454504013062
0.458210945129
0.472732067108
0.481409072876
0.476019144058
0.456681966782
0.46226811409
0.449407100677
0.487030029297
1.95187807083
1.79816794395
0.471926927567
1.01658296585
0.476442098618
0.460021972656
0.453176021576
0.444686889648
0.450213909149
0.462692022324
0.482620000839
1.02966690063
1.01840806007
0.47399520874
0.961796998978
0.785423994064
0.447690010071
0.472574949265
1.44718384743
1.0125939846
0.454090118408
0.452980041504
0.47781586647
0.449316978455
0.482355117798
0.44819688797
0.845715999603
0.857868909836
0.477025032043
0.451789140701
0.994579076767
0.827756166458
0.449805021286
0.472582101822
0.450825929642
0.468881130219
0.452373027802
0.478724956512
0.448487043381
0.474820137024
0.573339939117
0.472651004791
0.481945037842
0.496119976044
0.48353600502
0.478821992874
0.455555915833
0.474656820297
0.522011041641
1.3386900425
3.37209200859
0.453301906586
0.444488048553
0.476116895676
0.478687047958
0.521172046661
0.471069097519
0.615880966187
8.56888794899
1.33727002144
0.814942121506
14.0451691151
0.877540111542
0.4729180336
0.822535037994
0.474738121033
0.481985092163
0.459911823273
0.454852104187
0.450635910034
0.471070051193
1.16528296471
1.13523101807
4.66881895065
12.4442088604
0.878065824509
0.449182987213
0.457781076431
0.449568033218
0.740405082703
0.44060587883
0.447000980377
0.480331897736
0.47634601593
0.501545906067
0.487034797668
0.470139980316
0.475354909897
0.477397918701
0.501720905304
0.483375072479
0.503304004669
0.485018014908
0.48433303833
0.466542959213
0.464043140411
0.489598989487
0.507448911667
0.491536140442
0.457587003708
0.46283698082
0.448087215424
0.974248886108
0.770686864853
0.458599090576
0.457848072052
0.471742868423
0.473875999451
0.442071199417
0.453993082047
0.475345849991
0.464369058609
0.468734025955
0.445051908493
0.454370975494
0.448288917542
0.604535102844
0.515694141388
0.445633888245
0.446835041046
0.473929166794
0.448396921158
0.567596912384
0.450712919235
0.501842021942
0.472290992737
0.458640098572
0.473542928696
0.458666086197
0.451627969742
0.475750207901
0.468191146851
0.581704139709
0.563179016113
0.529467105865
0.477425813675
0.465557813644
0.466981887817
0.459986925125
0.483493089676
0.446541070938
0.456635951996
0.48043513298
0.448637008667
0.467381000519
0.479281902313
0.478005886078
0.447665214539
0.445655822754
3.81221199036
0.785968065262
0.964900970459
0.824007034302
0.458409070969
0.457473993301
0.595600128174
2.85881304741
0.477063894272
0.469442129135
0.4705119133
0.492878913879
0.481110811234
0.47781085968
0.939627885818
0.976883888245
3.43082499504
0.449420928955
0.461338043213
0.491312026978
0.449240922928
0.474820137024
1.61549592018
0.518472194672
0.954578876495
0.973526000977
1.11172103882
1.68870091438
0.500751018524
0.457417011261
0.676718950272
0.469117879868
0.526077032089
0.477573156357
0.446850776672
0.478507995605
0.449620008469
0.472030878067
0.47776389122
0.451149940491
0.472939968109
0.48256111145
0.481966018677
0.464417934418
0.500643014908
0.494472980499
0.487796068192
0.5091381073
0.476914167404
0.492130041122
0.491814851761
0.481225013733
0.511959075928
0.446253061295
0.473195075989
0.481103897095
0.481595993042
0.481621980667
0.468627929688
0.490792036057
0.483028173447
0.481750011444
3.27648687363
0.455398082733
0.469386100769
0.450711965561
0.476997852325
0.453404903412
0.447277069092
0.458384037018
0.728558063507
0.963726997375
0.959532022476
3.34287905693
0.452524185181
0.451827049255
0.447860002518
0.449949979782
0.513112068176
0.471195936203
0.473665952682
0.449209928513
0.474945068359
0.457158088684
0.467792987823
2.19529986382
0.454582929611
0.451717853546
0.449716091156
0.475579977036
0.454216003418
0.475148916245
0.476672887802
0.456788063049
0.452823877335
0.471465826035
0.44088101387
0.45086312294
0.449443817139
0.479450941086
0.475805044174
0.472362041473
0.523017168045
1.1915640831
1.0642991066
0.454699039459
0.452363014221
0.953837156296
0.785170078278
0.474384069443
0.990858078003
0.794209003448
0.466405153275
1.01261401176
0.838128089905
0.450793027878
0.488400936127
0.468254089355
0.456121921539
0.501308917999
0.460060834885
0.479546070099
0.485114097595
0.47967505455
0.450531005859
0.459102153778
0.452825784683
0.484069108963
0.451414108276
0.919677019119
0.868927001953
0.450855016708
0.491399049759
0.457736968994
0.478487014771
0.479565143585
0.456989049911
0.458045005798
0.473605871201
0.446248054504
0.451416015625
0.471362829208
0.448830842972
0.449085950851
0.52277803421
0.473341941833
0.588845014572
0.483291864395
0.478642940521
0.445652008057
0.477555990219
0.457508087158
0.52477312088
0.492395877838
0.472173929214
0.475453853607
0.473087072372
0.471895933151
0.504956960678
0.51930809021
0.520077943802
0.484740972519
0.483581781387
0.478389024734
0.49188709259
0.942070960999
0.871172189713
0.479688882828
0.454031944275
0.462137937546
0.480469942093
0.447707891464
0.477985858917
0.450417995453
0.454029083252
0.447491884232
0.449054956436
0.452678918839
0.47190117836
0.452265024185
0.457674980164
6.22790813446
0.86744594574
0.48802113533
0.461927890778
0.459254980087
0.479408979416
0.451635122299
0.494789123535
0.493315935135
0.473371982574
0.473753929138
0.456753015518
0.449655056
0.476320981979
0.477672100067
0.461272954941
0.477566957474
0.452514886856
0.445909976959
0.449527978897
0.478574037552
0.458390951157
0.446160078049
0.46130490303
0.494223833084
0.473999977112
0.453326940536
0.452349185944
0.474281787872
0.478734016418
0.456336021423
0.477340936661
0.470198869705
0.470796108246
0.450376033783
2.3481938839
0.451682090759
0.47043800354
0.924939155579
0.779146909714
0.482105970383
0.448371887207
0.876913070679
0.975397825241
0.54830288887
0.909592151642
0.453168153763
0.482151985168
0.446943044662
0.476603031158
0.946247816086
0.976722955704
0.500138044357
0.480543136597
0.470938920975
0.503197908401
0.458659172058
0.474545955658
0.4470911026
0.449416875839
0.452310800552
0.450860977173
0.47184586525
0.472109079361
0.464796066284
0.449059009552
0.47537612915
0.44545507431
0.449414014816
0.445881128311
0.474000930786
0.452690839767
0.471879959106
0.444772005081
0.520498991013
12.0424590111
2.40699195862
0.886142015457
0.885967969894
0.894861936569
2.37677001953
0.870790958405
0.872707128525
0.887511014938
0.887596845627
0.880818128586
0.86141204834
0.893841028214
0.885931015015
0.891546964645
0.890173196793
0.867858886719
0.869669914246
0.896993875504
0.874863862991
0.861143112183
0.875637054443
0.859876871109
0.867880105972
3.01055812836
0.862320899963
2.41783499718
0.900342941284
0.891898155212
0.867019891739
0.963405132294
0.893071889877
0.864732980728
0.887012004852
0.875509977341
0.867019176483
0.868933916092
0.869471073151
0.906440973282
0.900933980942
0.898581981659
0.871062994003
0.874948978424
0.896424055099
0.893903970718
0.896031141281
0.890249967575
0.88889503479
0.867604017258
0.882526874542
0.886933803558
0.889298915863
0.898561954498
0.893923997879
0.891345024109
0.908123970032
0.873661994934
0.876989126205
0.897305011749
0.881483793259
0.939810991287
0.932460069656
0.926619052887
0.950730085373
0.927721977234
0.968493938446
0.886492013931
2.4189119339
0.869925022125
0.872507095337
0.898719072342
0.91170501709
0.896697044373
0.911457061768
0.885888814926
0.908308029175
0.869851112366
0.879750967026
0.904146194458
0.89587688446
0.906360864639
0.896849155426
0.859905958176
0.877783060074
0.876070022583
0.865510940552
0.89341711998
0.874325037003
0.886037111282
0.897671937943
3.77004313469
0.901396989822
0.897145032883
0.873007059097
0.896905183792
0.899252891541
0.872958898544
2.46440696716
0.888976097107
0.892548799515
0.907385826111
0.861802816391
0.893802881241
0.890672922134
1.01396894455
0.887190103531
0.895614862442
0.891836166382
0.895712137222
0.88765001297
0.908249139786
0.872764110565
0.888153076172
0.879664182663
0.890120029449
0.889614105225
0.893809080124
0.89066696167
0.891369819641
0.860741853714
5.64309096336
0.999196052551
0.937785863876
0.882690906525
0.97168302536
0.967654943466
0.91419005394
2.50722908974
0.907114982605
0.895943164825
0.858580112457
0.863351106644
0.857796907425
0.872008085251
0.882477998734
0.874326944351
0.87655210495
0.89402794838
0.875852823257
0.889323949814
0.922586202621
0.908715009689
0.865870952606
0.901297092438
0.879924058914
0.903779983521
0.902384996414
0.874063968658
0.867448091507
2.60533714294
0.914141178131
0.929119110107
4.78648996353
6.92174005508
1.41056895256
0.89372086525
0.901244163513
0.887680053711
1.16719198227
0.869303941727
0.866669893265
0.864327192307
2.41181588173
0.873245000839
0.890938043594
0.871724843979
1.02248501778
1.51876211166
0.89907002449
0.869447231293
0.86442399025
0.892880916595
0.875253200531
0.89339017868
0.897150039673
0.873196125031
0.873368024826
0.917219161987
0.899019956589
0.905936002731
0.944288015366
0.925375938416
0.920094966888
0.900601863861
0.921544075012
0.887536048889
0.889269828796
0.906620025635
0.882572889328
0.895018100739
0.865231990814
0.898581027985
0.897114038467
0.859310150146
1.64175200462
0.891984939575
0.885271072388
0.890550851822
0.890643835068
0.863523960114
0.869168996811
0.891782999039
2.42581391335
0.89103603363
0.866873025894
0.89453291893
0.870622873306
0.881726026535
0.872091054916
0.871391057968
0.889876127243
0.891307115555
0.873805046082
4.12591910362
0.900120973587
0.898733854294
0.889409780502
0.865988016129
0.892143011093
0.887586116791
0.921063899994
0.907232999802
0.891489982605
0.916766166687
0.890305042267
0.869830131531
0.870037078857
0.87632894516
0.897571086884
2.42383599281
0.904532909393
0.900246143341
0.90150809288
0.908443927765
0.885674953461
0.895784139633
0.896609067917
0.893507957458
0.884642839432
1.70252203941
0.903719902039
0.876178979874
0.929696083069
0.926424980164
0.906467199326
0.899775981903
0.966557025909
0.937083005905
0.904958963394
0.889801025391
3.30780911446
0.896094083786
0.897464990616
0.886397123337
0.875928878784
0.866237878799
0.88326215744
0.896297931671
0.872542858124
0.890929937363
0.898428916931
0.87712597847
0.889071941376
0.889411211014
0.891826152802
0.894416093826
0.867148160934
0.894738912582
0.898862123489
0.892498970032
2.44107985497
0.875511884689
0.87100982666
0.886589050293
0.865643024445
0.877857923508
0.869109869003
0.899890899658
