0.299160957336
0.141680002213
0.147271156311
0.145364999771
0.154881000519
0.14365696907
0.140956878662
0.145164012909
0.14269900322
0.153017044067
0.138734102249
0.143924951553
0.139095783234
0.141412973404
0.137792825699
0.151166915894
0.146368026733
0.136820793152
0.136775016785
0.137278079987
0.137722969055
0.139595985413
0.156445980072
0.142957925797
0.142037153244
0.136977910995
0.140704154968
0.139150857925
0.144973039627
0.145497083664
0.138913154602
0.138391971588
0.140129089355
0.142414093018
0.137351989746
0.136098146439
0.138528823853
0.139128923416
0.140097856522
0.141941070557
0.136668920517
0.139543056488
0.137228965759
0.140810012817
0.136913061142
0.137407064438
0.136838912964
0.139843940735
0.13613319397
0.144072055817
0.141052961349
0.141973018646
0.141093015671
0.140918970108
0.141408920288
0.140916824341
0.140189886093
0.141281843185
0.140897035599
0.138875007629
0.142560958862
0.140090942383
0.138027906418
0.1754591465
0.141699075699
0.145227909088
0.140624046326
0.141271114349
0.140234947205
0.14005112648
0.142890930176
0.138272047043
0.14744591713
0.138724088669
0.144433021545
0.141170024872
0.142145872116
0.138651132584
0.143259048462
0.140040874481
0.141407966614
0.139945030212
0.139402866364
0.139910936356
0.14178109169
0.13888001442
0.141719102859
0.139914989471
0.139001846313
0.138412952423
0.138459920883
0.140068054199
0.141303062439
0.137876987457
0.137528896332
0.139983892441
0.14844417572
0.140527963638
0.137385845184
0.14016699791
0.138814926147
0.140715837479
0.137682199478
0.137995004654
0.138549089432
0.139432907104
0.136794805527
0.137374162674
0.140769004822
0.142905950546
0.142496109009
0.13912987709
0.139167070389
0.139709949493
0.142372131348
0.141176939011
0.141499042511
0.139934062958
0.13804101944
0.14231300354
0.138711929321
0.137490034103
0.142591953278
0.138332843781
0.140528917313
0.139857053757
0.139400005341
0.138453006744
0.138282060623
0.137881994247
0.137690067291
0.139856815338
0.137552976608
0.137368917465
0.137372970581
0.139357089996
0.139034032822
0.139955043793
0.138244867325
0.140982866287
0.140407085419
0.137579917908
0.13917517662
0.137074947357
0.139365911484
0.140027999878
0.13898897171
0.139888048172
0.136979103088
0.13903093338
0.135999917984
0.139708042145
0.138707876205
0.140015125275
0.139940977097
0.139636993408
0.138271093369
0.143867015839
0.138991117477
0.144252061844
0.137132883072
0.138590097427
0.136187791824
0.139776945114
0.138144016266
0.13684797287
0.141568183899
0.141202926636
0.140418052673
0.138600111008
0.14017701149
0.142202854156
0.139128923416
0.139924049377
0.140511035919
0.138904094696
0.138575792313
0.143872976303
0.137002229691
0.139405965805
0.139542102814
0.138592004776
0.140753030777
0.14007806778
0.137299060822
0.138466835022
0.137866973877
0.146671056747
0.137590885162
0.139816999435
0.136914968491
0.137579917908
0.141423940659
0.139513969421
0.136770963669
0.139453887939
0.143160104752
0.138056993484
0.139019966125
0.136090993881
0.139795064926
0.136519908905
0.140668153763
0.137627840042
0.141235113144
0.139522075653
0.144563913345
0.141802072525
0.139334917068
0.137187957764
0.138687849045
0.13954615593
0.138612031937
0.141082048416
0.136731863022
0.168979167938
0.14018702507
0.139338970184
0.149304151535
0.234007120132
0.162543058395
0.140791893005
0.139400005341
0.138244152069
0.136421203613
0.136855125427
0.137096881866
0.13990020752
0.136641979218
0.135494947433
0.134233951569
0.138005018234
0.137598991394
0.13729596138
0.138688087463
0.139019012451
0.135944128036
0.140424966812
0.138333082199
0.140607833862
0.138957023621
0.13893198967
0.138795137405
0.137691020966
0.147942066193
0.136647939682
0.136542081833
0.149755954742
0.138077974319
0.138520002365
0.135818958282
0.139559984207
0.139797925949
0.138329982758
0.14008808136
0.136141061783
0.139116048813
0.141249895096
0.137598991394
0.139049053192
0.139513969421
0.136719942093
0.137531042099
0.139987945557
0.145338058472
0.149752855301
0.140074014664
0.136469841003
0.196350097656
0.297132968903
0.210333108902
0.139106988907
0.137526988983
0.140383958817
0.137083053589
0.141765117645
0.13850402832
0.149208068848
0.138221979141
0.142306804657
0.13755607605
0.138418912888
0.136538028717
0.139735937119
0.145140886307
0.136814117432
0.136383056641
0.136445045471
0.139619112015
0.137583017349
0.138707876205
0.137138128281
0.13941693306
0.137109041214
0.13943696022
0.14314198494
0.138919115067
0.138722896576
0.138765096664
0.139672994614
0.141625881195
0.139533042908
0.138870954514
0.138525009155
0.138145923615
0.141418218613
0.139914989471
0.138981819153
0.137877941132
0.138585090637
0.14012503624
0.141013860703
0.136968851089
0.140440940857
0.139518022537
0.138219833374
0.141808986664
0.136339902878
0.139311075211
0.140062093735
0.141592979431
0.137709856033
0.141190052032
0.140274047852
0.141309022903
0.141685009003
0.136548042297
0.139858961105
0.139744997025
0.136613845825
0.13951086998
0.138063192368
0.139913797379
0.13726401329
0.138152122498
0.142016887665
0.140043020248
0.137007951736
0.14221405983
0.138334989548
0.138759851456
0.139028072357
0.141618013382
0.137102127075
0.558620929718
0.143657207489
0.137784004211
0.138797998428
0.143910884857
0.138766050339
0.142233848572
0.139246940613
0.137444019318
0.144806146622
0.136700868607
0.139220952988
0.142716884613
0.138140916824
0.13751411438
0.147937059402
0.137496948242
0.138474941254
0.141844034195
0.139058828354
0.138914108276
0.139045953751
0.139703989029
0.137591123581
0.138561010361
0.13915681839
0.13786816597
0.141613960266
0.141917943954
0.138869047165
0.139517068863
0.146683931351
0.14067196846
0.136111974716
0.145465135574
0.139010906219
0.140513896942
0.137665987015
0.138799905777
0.140821218491
0.1388630867
0.1368060112
0.138347864151
0.138556957245
0.271439790726
0.269286155701
0.270359039307
0.269676923752
0.271745920181
0.14150595665
0.138477802277
0.138481140137
0.142271995544
0.135919809341
0.140874147415
0.143072843552
0.139173984528
6.43379616737
0.364768028259
2.15519499779
0.156090021133
0.13857293129
0.143096208572
0.150754928589
0.14214015007
0.142556905746
0.156903028488
0.145030021667
0.152358055115
0.148709058762
0.140336990356
0.138677120209
0.145841121674
0.146697044373
0.137933969498
0.13964009285
0.139256954193
0.153140068054
0.143280982971
0.14484500885
0.142071962357
0.137138128281
0.136923074722
0.145977973938
0.145614862442
0.139780044556
0.138194084167
0.137915849686
0.168500185013
0.139364957809
0.13697385788
0.136455059052
0.139397859573
0.136924028397
10.6589450836
0.206310987473
0.143214941025
0.14009308815
0.143395900726
0.142210960388
0.147294044495
0.13942694664
0.145478010178
0.139659881592
0.138710975647
0.14258313179
0.138761997223
0.137992143631
0.138309001923
0.136674165726
0.138999938965
0.13703584671
0.13637804985
0.137205839157
0.139001846313
0.137682199478
0.137073993683
0.140938997269
0.138378143311
0.137434005737
0.138252019882
0.138560056686
0.138272047043
0.136095046997
0.14325594902
0.137392997742
0.13813996315
0.138530015945
0.137628078461
0.138872146606
0.138072013855
0.139778137207
0.139302015305
0.140107870102
0.137602090836
0.137711048126
0.137305021286
0.140316963196
0.141204118729
0.136089086533
0.138644933701
0.137746095657
0.1413230896
0.137004852295
0.143988132477
0.138139009476
0.138219833374
0.157421112061
0.138846158981
0.14199090004
0.139718055725
0.139857053757
0.13711309433
0.13858795166
0.140697002411
0.137864112854
0.136844158173
0.137577772141
0.141482830048
0.140578985214
3.9044148922
0.375871181488
0.137018918991
0.141134023666
0.136303901672
0.136905908585
0.136677026749
0.138051986694
0.139189958572
0.138857841492
0.136513948441
0.138492822647
0.140745162964
0.136518955231
0.140686988831
0.143752098083
0.192919015884
0.137850046158
0.139451980591
0.136778116226
0.138076066971
0.136383056641
0.135689020157
0.138659954071
0.138658046722
0.138032913208
0.140033960342
0.13930606842
0.135994195938
0.138055086136
0.137147903442
0.138095140457
0.142607927322
0.13716506958
0.607717990875
0.205693006516
0.259540081024
3.15524697304
0.215737104416
0.217665910721
0.217078924179
0.214878082275
0.213642835617
0.212044000626
0.213790893555
0.213558912277
0.216501951218
0.297897100449
0.227560043335
0.212277173996
0.145519018173
0.233595132828
0.222353935242
0.21090221405
0.212366104126
0.214461088181
0.212093114853
0.212555885315
0.228057861328
0.216168880463
0.212176084518
0.215902090073
0.219758987427
0.213271856308
0.211416006088
0.212235927582
0.210091114044
0.211107969284
0.212033033371
0.221022844315
0.218007087708
0.21786403656
0.216371059418
0.218964099884
0.220407009125
0.214535951614
0.215543031693
0.221256971359
0.216708898544
0.217344045639
0.216951131821
0.215946912766
0.144103050232
0.149430036545
0.140634059906
0.145591020584
0.13883805275
0.138021945953
0.138762950897
0.13759803772
0.136682033539
0.142483949661
0.138615131378
0.138343811035
0.139981985092
0.143421173096
0.137897968292
0.140658855438
0.136919021606
0.136312007904
0.151915073395
0.139987945557
0.143639087677
0.138210058212
0.138846874237
0.138449192047
0.136603832245
0.136991024017
0.137278795242
0.14109992981
0.139837026596
0.140587091446
0.137459039688
0.136372804642
0.139172077179
0.136855125427
0.138361930847
0.138216018677
0.139642000198
0.139539957047
0.138445138931
0.14025592804
0.137511968613
0.138199806213
0.138142108917
0.138697862625
0.283721923828
0.317200899124
0.317458152771
0.317459106445
0.318405151367
1.78344917297
2.07725906372
0.174258947372
0.139535903931
0.139058113098
0.154490947723
0.137106895447
0.148885011673
0.146068096161
0.157702922821
0.151038885117
0.139833927155
0.157514810562
0.142583847046
0.138381004333
0.140809059143
0.142345905304
0.14769411087
0.135242938995
0.140291929245
0.139760017395
0.159311056137
0.144608974457
0.142045974731
0.137570142746
0.138399839401
0.376294136047
0.376284122467
0.378982067108
0.375157117844
0.332813978195
0.24355506897
0.213505029678
0.996803045273
0.379405975342
0.175516843796
0.349792003632
0.350342988968
0.353345870972
0.145606994629
0.138684034348
0.137256860733
1.65109395981
0.135941982269
0.137511014938
0.14182305336
0.139598846436
0.139904975891
0.140079021454
0.138128995895
0.142506837845
0.139461040497
0.140108823776
0.139355182648
0.143588066101
0.139533996582
0.136971950531
0.137267827988
0.136966228485
0.138304948807
0.14109992981
0.137798070908
0.137676954269
0.1382188797
0.137544155121
0.142078876495
0.137654066086
0.143064975739
0.138130903244
0.13586807251
0.140394926071
0.140679121017
0.138309001923
0.139913082123
0.140154838562
0.143658161163
0.142078876495
0.13668012619
0.70293211937
0.138113975525
0.138324022293
0.13743185997
0.140355110168
0.137190818787
0.13914680481
0.138642072678
0.137125015259
0.141321897507
0.136290073395
0.136955022812
0.139698028564
0.13739991188
0.13733291626
0.149993181229
0.137026071548
0.138648986816
0.139572143555
0.144527196884
0.13870882988
0.138504981995
0.149637937546
0.145982980728
0.143002986908
0.182765007019
0.138915061951
0.139552116394
0.139119148254
0.139868974686
0.141314029694
0.140569925308
0.139007091522
0.140035867691
0.137144088745
0.135950088501
0.468682050705
0.144608974457
0.143158912659
0.139919996262
0.138029098511
0.142869234085
0.137097120285
0.138310909271
0.137215137482
0.138725042343
0.139509916306
0.137742996216
0.141117811203
0.138998985291
0.136682987213
0.140245914459
0.137409925461
0.140384912491
0.137771129608
0.146112918854
0.151418924332
0.139917850494
0.13759803772
0.139023065567
0.140670061111
0.13845205307
0.136976957321
0.141014099121
0.141237020493
0.137858867645
0.144787073135
0.140058040619
0.140419006348
0.138512134552
0.139050006866
0.137126922607
0.376710176468
0.376804828644
2.49928307533
0.448608875275
0.13951420784
0.140439033508
0.139623880386
0.143054962158
0.14056801796
0.137771129608
0.14109992981
0.138889074326
0.138463020325
0.137875080109
0.13716006279
0.141351938248
0.137233972549
0.137713193893
0.137673854828
0.13601899147
0.136032819748
0.143050909042
0.136992931366
0.137002229691
0.14272403717
0.136915922165
0.137231111526
0.137279033661
0.143573045731
0.138942956924
0.311832904816
0.375746965408
0.37566113472
0.682560920715
0.26815700531
0.136873960495
0.141460895538
0.137432813644
0.13731098175
0.143638849258
0.140272140503
0.139055013657
0.137695074081
0.137326955795
0.138658046722
0.139006853104
0.137861013412
0.139451980591
0.138833999634
0.136721849442
0.140874862671
0.139279127121
0.137593984604
0.140372037888
0.136832952499
0.13846206665
0.13525891304
0.137586116791
0.136407852173
0.136318206787
0.139947891235
0.138756990433
0.347034931183
0.444755077362
0.44594502449
2.31505298615
0.153684139252
0.139887094498
3.87826395035
0.236937046051
0.139720201492
0.141084909439
0.139797925949
0.139965057373
0.140637159348
0.139130115509
0.141891002655
0.141700029373
0.147507190704
0.899132966995
0.219547986984
0.215528964996
0.213837862015
0.211049079895
0.211796045303
0.212450027466
0.219534158707
0.213895082474
0.141911029816
0.136573076248
0.140084981918
0.137221097946
0.137998104095
0.177816867828
0.136407136917
0.137850046158
0.140321016312
0.135770082474
0.138684988022
0.135386943817
0.139554023743
0.136293888092
0.140491962433
0.136676073074
0.136703968048
0.137423992157
0.142185926437
0.157497167587
0.137423992157
0.138910770416
0.136698007584
0.140102863312
0.13889503479
0.137439012527
0.137444972992
0.138040065765
0.141669034958
0.144778013229
0.139120101929
0.137565851212
0.139250993729
0.138348817825
0.141258001328
0.447285890579
0.445307016373
0.632204055786
0.219779968262
0.218382120132
0.212085962296
0.209609031677
0.211812019348
0.192873001099
0.222103834152
0.202539920807
0.136574029922
0.138247013092
0.137979030609
0.137847900391
0.1407558918
0.137705087662
0.146503925323
0.138594150543
0.138689994812
0.142244815826
0.139164924622
0.14054107666
0.139953136444
0.137588977814
0.141788959503
0.296638965607
0.210435152054
0.145132780075
0.350318908691
0.445171117783
0.45599603653
0.446398019791
0.445545911789
0.449080944061
0.268661022186
0.13841509819
0.13889503479
0.137531042099
0.137857913971
0.139445066452
0.139899969101
0.139209032059
0.137322187424
0.147232055664
0.15153002739
0.171623945236
0.150342941284
0.13961815834
0.163666009903
0.136760950089
0.1377389431
0.14523100853
0.148514986038
0.13751912117
0.136911869049
0.142121076584
0.155720949173
0.136999130249
0.137427806854
0.139783143997
0.528670072556
0.530956983566
0.528183937073
2.93649101257
0.143288850784
0.159481048584
0.139526128769
0.598133087158
0.141084194183
0.140685796738
0.136765956879
0.137636899948
0.139580011368
0.140316009521
0.158383131027
0.142465114594
0.144068956375
0.137027978897
0.137333869934
0.139936923981
0.137974023819
0.138993024826
0.139558076859
0.1370241642
0.140094995499
0.137355804443
0.13711810112
0.13778591156
0.137302875519
0.140249967575
0.138844966888
