3.50891304016
3.28566288948
3.38290500641
3.36248993874
3.34187698364
9.15613698959
5.43280696869
15.7946739197
1.80608391762
1.8014330864
2.51452994347
1.76917505264
1.78439092636
4.04001808167
1.7559659481
3.36827492714
1.71598601341
1.74755001068
2.30564403534
4.57441091537
5.77010798454
2.85941100121
1.75887107849
3.33180999756
1.72061777115
1.7251970768
1.71132493019
1.73454594612
3.35833096504
6.26749396324
1.73905014992
6.08059382439
3.34916782379
1.71125602722
1.74854803085
1.74567198753
1.88706612587
1.90626692772
1.76821994781
21.0194740295
11.2243261337
1.71822714806
1.73504090309
1.70775318146
1.72231698036
1.71254205704
3.32974815369
1.73965883255
5.15967416763
1.71377706528
1.70539188385
1.74963402748
1.70201611519
14.3287379742
1.70597600937
1.71884202957
9.06184196472
4.2303788662
1.74875617027
1.73599886894
1.75224900246
1.7670249939
20.395678997
3.23856496811
22.9450778961
11.4055421352
1.70689702034
1.78869819641
1.73869895935
1.72670292854
4.86248397827
4.74420714378
12.2098839283
12.5637891293
3.48767900467
3.41051411629
3.51433110237
3.64712309837
9.80047988892
6.06432390213
3.40153098106
3.33188700676
3.32502412796
3.51282501221
3.36358213425
3.32344818115
9.24299788475
3.36871790886
15.7020299435
1.72067284584
1.75286507607
1.73678088188
1.76675510406
1.84187102318
1.71209096909
6.79870200157
7.52606296539
15.1979758739
3.44578194618
1.9178841114
1.7223918438
8.50035905838
2.77952885628
1.76276993752
11.5742030144
14.8854849339
4.30839896202
11.7678902149
36.4390661716
1.72596883774
1.71676802635
3.51092886925
1.75380802155
1.73017907143
1.73875308037
9.91703104973
2.80146884918
1.73895311356
14.7471678257
3.40605783463
1.79140090942
3.79808402061
1.79656791687
11.8655350208
1.76749014854
1.73458695412
1.70510601997
14.1211631298
16.751491785
1.74696803093
1.81615996361
14.1974959373
15.2662718296
2.51776504517
1.71579694748
3.52204585075
3.37179017067
1.80475902557
1.74017310143
1.72023582458
15.8044240475
14.9884808064
2.67852902412
3.46635198593
3.16965794563
15.9337580204
1.75577187538
1.73038101196
3.91167092323
1.7622089386
1.75411295891
3.40508079529
17.1995301247
1.76353693008
1.74417901039
1.79884505272
1.76934409142
1.74110412598
1.86247181892
20.0616090298
12.7189741135
1.82116723061
3.0540971756
14.1256000996
15.2059910297
2.66082906723
1.7535738945
3.4307820797
1.82195806503
14.2001409531
15.9461259842
1.75360107422
1.71265387535
1.71795988083
1.70720601082
3.49748897552
1.72397685051
1.71436715126
14.1514539719
15.8447659016
16.5443170071
5.37409090996
5.12198901176
2.72017812729
24.3939108849
3.34787201881
1.84063792229
1.73933196068
1.74854397774
1.83117508888
14.7075209618
6.89079904556
1.96918797493
1.77755093575
1.71966695786
1.75883102417
21.0811700821
3.56043791771
1.75160098076
1.73761892319
17.5287408829
32.6507411003
1.92767000198
1.76322603226
1.77859282494
1.75887989998
28.4852609634
1.84827709198
1.8378868103
1.76474380493
1.76620292664
1.74693202972
1.83855199814
1.82956695557
1.7130689621
1.81740903854
1.71006703377
17.3374328613
3.41523480415
1.80401396751
1.83250284195
1.73426890373
24.2461340427
3.3663828373
1.82854008675
1.75294995308
1.79676485062
1.74437904358
1.77299594879
1.77259612083
1.7341940403
4.95575904846
1.70625185966
24.5997071266
3.33130097389
1.73854899406
1.70611214638
1.75201702118
1.70515394211
3.38088202477
1.76016616821
22.0288770199
24.3777709007
3.33093190193
1.79010796547
3.43457794189
1.71622800827
29.5001399517
1.72449994087
3.52170991898
3.17198801041
1.7081360817
1.81339120865
20.3590040207
21.5415110588
12.2688860893
3.32944989204
3.43490290642
3.39715886116
5.44746994972
3.36488580704
