0.250934839249
0.0260691642761
0.0266079902649
0.0265460014343
0.0269269943237
0.0262100696564
0.0260379314423
0.0259959697723
0.0264508724213
0.0263719558716
0.0268149375916
0.0261769294739
0.0257999897003
0.0259611606598
0.0265350341797
0.0260570049286
0.0272891521454
0.0259099006653
0.0269479751587
0.0264039039612
0.0265600681305
0.0264689922333
0.0260639190674
0.0264101028442
0.0264620780945
0.0259349346161
0.0258860588074
0.0262579917908
0.0290968418121
0.0270230770111
0.026535987854
0.0260720252991
0.0306599140167
0.0262699127197
0.0261979103088
0.0262091159821
0.026643037796
0.0268139839172
0.0282111167908
0.026015996933
0.0279490947723
0.0276799201965
0.0263390541077
0.0262670516968
0.0262010097504
0.0272288322449
0.0266110897064
0.0260710716248
0.0257999897003
0.0263268947601
0.026006937027
0.0259990692139
0.0259881019592
0.0267560482025
0.0256998538971
0.026407957077
0.0259439945221
0.0262870788574
0.025857925415
0.026337146759
0.0263018608093
0.0262920856476
0.0257840156555
0.0275490283966
0.0262320041656
0.0258529186249
0.026554107666
0.0261509418488
0.0260059833527
0.0273349285126
0.0265109539032
0.0268859863281
0.0260901451111
0.0261259078979
0.0263800621033
0.0269629955292
0.025799036026
0.0262529850006
0.0262548923492
0.0263588428497
0.025906085968
0.0278029441833
0.0258369445801
0.0286800861359
0.026388168335
0.0260951519012
0.0265119075775
0.0277569293976
0.0286090373993
0.0264799594879
0.0270071029663
0.0263779163361
0.0263710021973
0.0270180702209
0.0266029834747
0.0264649391174
0.0266349315643
0.0262341499329
0.0269689559937
0.0266981124878
0.0264828205109
0.0291650295258
0.0259571075439
0.0260620117188
0.0262610912323
0.0271830558777
0.0303549766541
0.0262079238892
0.0255110263824
0.0320119857788
0.0292530059814
0.0299270153046
0.0291819572449
0.0288069248199
0.0272691249847
0.0264048576355
0.0264217853546
0.0269291400909
0.0265209674835
0.0260419845581
0.0265870094299
0.0286090373993
0.0260629653931
0.0293231010437
0.0302548408508
0.0289690494537
0.0265650749207
0.0262060165405
0.026162147522
0.0258719921112
0.0261528491974
0.0260419845581
0.0333981513977
0.0319819450378
0.029736995697
0.0302209854126
0.0280930995941
0.028636932373
0.0262959003448
0.025740146637
0.0260610580444
0.0270090103149
0.0261199474335
0.0264220237732
0.0266020298004
0.0263419151306
0.0264511108398
0.0262899398804
0.0261919498444
0.0265760421753
0.026978969574
0.0294539928436
0.029727935791
0.0297811031342
0.0313589572906
0.029443025589
0.0262758731842
0.0261690616608
0.0283551216125
0.0260019302368
0.0263638496399
0.0263481140137
0.0262620449066
0.0261518955231
0.0258169174194
0.0272080898285
0.0261600017548
0.0266160964966
0.0259289741516
0.0257029533386
0.0265259742737
0.0264251232147
0.0282399654388
0.0305609703064
0.0316019058228
0.0299191474915
0.0304238796234
0.0297861099243
0.0269000530243
0.0262470245361
0.0264050960541
0.0263550281525
0.0263137817383
0.0268847942352
0.0262880325317
0.0264580249786
0.0263547897339
0.0254988670349
0.0258350372314
0.0262839794159
0.0261881351471
0.0264029502869
0.0257830619812
0.0266678333282
0.0267000198364
0.0266609191895
0.0266652107239
0.0262868404388
0.0277471542358
0.0261850357056
0.0314621925354
0.0288648605347
0.0298631191254
0.0308949947357
0.0321049690247
0.0265281200409
0.0263860225677
0.0297119617462
0.0260660648346
0.0264251232147
0.0271329879761
0.0264658927917
0.0263669490814
0.0262470245361
0.0260751247406
0.0265018939972
0.026417016983
0.0320370197296
0.0262141227722
0.0272798538208
0.0268411636353
0.0260508060455
0.0266699790955
0.0272510051727
0.0266311168671
0.0263028144836
0.0265798568726
0.0262770652771
0.0330109596252
0.027704000473
0.0300490856171
0.0294759273529
0.0297050476074
0.0303699970245
0.0308549404144
0.0269231796265
0.0263788700104
0.0266470909119
0.0269169807434
0.0261089801788
0.0261280536652
0.0269329547882
0.0276279449463
0.0271232128143
0.0265500545502
0.0259590148926
0.0266969203949
0.0277030467987
0.0264890193939
0.0262830257416
0.026496887207
0.026890039444
0.0259759426117
0.0265781879425
0.0263259410858
0.0263278484344
0.0259339809418
0.0266318321228
0.0260369777679
0.0264000892639
0.0262060165405
0.0329349040985
0.0266408920288
0.0270981788635
0.0263838768005
0.0303919315338
0.0298330783844
0.0303449630737
0.0296919345856
0.0264620780945
0.0266859531403
0.0256910324097
0.0260779857635
0.0259249210358
0.0265610218048
0.0263450145721
0.0266139507294
0.0263741016388
0.026957988739
0.0263440608978
0.0268378257751
0.025671005249
0.0262320041656
0.0260050296783
0.02663397789
0.0267817974091
0.0261790752411
0.0264739990234
0.0263769626617
0.0270309448242
0.0258831977844
0.0263538360596
0.0268180370331
0.0264930725098
0.0281898975372
0.0262460708618
0.0265009403229
0.0280261039734
0.0257868766785
0.0258870124817
0.0260760784149
0.0264849662781
0.0264151096344
0.0270819664001
0.0260179042816
0.0258650779724
0.0258769989014
0.0259499549866
0.0259590148926
0.0271270275116
0.0262620449066
0.0285909175873
0.0268831253052
0.0259568691254
0.0259411334991
0.0263199806213
0.0260260105133
0.0260989665985
0.0257740020752
0.0263350009918
0.025768995285
0.0268731117249
0.026270866394
0.0310101509094
0.0262861251831
0.0261559486389
0.0259399414062
0.0268750190735
0.0263929367065
0.0259051322937
0.0269379615784
0.0281589031219
0.0260560512543
0.0258190631866
0.0260469913483
0.0270619392395
0.0262081623077
0.0260097980499
0.0259947776794
0.025664806366
0.0260031223297
0.0265278816223
0.0269629955292
0.0265698432922
0.0258100032806
0.0264089107513
0.0266511440277
0.026300907135
0.0262849330902
0.0291600227356
0.0259020328522
0.0261459350586
0.0259919166565
0.0265491008759
0.0270538330078
0.0268030166626
0.0262069702148
0.0262548923492
0.0260009765625
0.0262889862061
0.0258040428162
0.0268638134003
0.0259120464325
0.0263359546661
0.0261521339417
0.0276200771332
0.0260751247406
0.025691986084
0.0261249542236
0.0258641242981
0.026349067688
0.0274579524994
0.0264508724213
0.0266580581665
0.0268361568451
0.0263569355011
0.0268249511719
0.0260751247406
0.0267379283905
0.0260260105133
8.85149312019
0.0266380310059
0.0276658535004
0.0261750221252
0.0262780189514
0.0260009765625
0.0274629592896
0.0269060134888
0.0267970561981
0.0261600017548
0.0270757675171
0.0261559486389
0.0263969898224
0.026759147644
0.0267469882965
0.0263061523438
0.0494160652161
0.0329821109772
0.0262680053711
0.0274829864502
0.0265030860901
0.0261750221252
0.0266740322113
0.0265650749207
0.0274510383606
0.0262320041656
0.0261430740356
0.0264859199524
0.0269441604614
0.0268828868866
0.0261659622192
0.0264360904694
0.0262320041656
0.0263710021973
0.0262191295624
0.0263390541077
0.0260801315308
0.0289409160614
0.0265300273895
0.0261299610138
0.0270390510559
0.0263178348541
0.0271191596985
0.0271730422974
0.0261931419373
0.0266480445862
0.0267899036407
0.0263631343842
0.0261399745941
0.0259120464325
0.0267820358276
0.0261259078979
0.0265471935272
0.0261850357056
0.0269861221313
0.0280020236969
0.0285220146179
0.0261678695679
0.0263199806213
0.0264658927917
0.0260031223297
0.0264980792999
0.0275418758392
0.027193069458
0.0270240306854
0.0258500576019
0.0262401103973
0.0268728733063
0.0270760059357
0.0267260074615
0.0266330242157
0.0265018939972
0.0260322093964
0.0262498855591
0.0273680686951
0.0287210941315
0.0261681079865
0.0275599956512
0.026782989502
0.0267379283905
0.0262348651886
0.0266180038452
0.0316669940948
0.0263059139252
0.0271079540253
0.0264060497284
0.0258941650391
0.0270709991455
0.0265529155731
0.0267999172211
0.0270040035248
0.0273630619049
0.0269260406494
0.0265960693359
0.0270841121674
0.0271708965302
0.0298600196838
0.0289189815521
0.0263960361481
0.0265779495239
0.0264830589294
0.0262749195099
0.0263760089874
0.0263688564301
0.026820898056
0.0265719890594
0.0267198085785
0.0263259410858
0.0269329547882
0.0267581939697
0.026330947876
0.0264420509338
0.0275650024414
0.0260009765625
0.0266189575195
0.0260281562805
0.0281059741974
0.0274710655212
0.0262150764465
0.0308010578156
0.0295100212097
0.0278940200806
0.0296969413757
0.0271811485291
0.0272610187531
0.0262589454651
0.0268311500549
0.0264599323273
0.0276310443878
0.026328086853
0.0263800621033
0.0273299217224
0.0260548591614
0.026437997818
0.0265998840332
0.026113986969
0.0261919498444
0.028715133667
0.0265138149261
0.0262858867645
0.0262839794159
0.0285539627075
0.0264549255371
0.026428937912
0.0274200439453
0.0267660617828
0.0277850627899
0.0269031524658
0.0263049602509
0.0263829231262
0.0265371799469
0.0266740322113
0.0266470909119
0.0261390209198
0.0262930393219
0.0266721248627
0.0262489318848
0.0266380310059
0.0263369083405
0.0267221927643
0.0267939567566
0.0260372161865
0.0264129638672
0.0264279842377
0.026515007019
0.026093006134
0.0265800952911
0.026505947113
0.0268709659576
0.0263509750366
0.0266180038452
0.0303299427032
0.0267820358276
0.0269370079041
0.0276560783386
0.0269179344177
0.0266399383545
0.0273330211639
0.0263662338257
0.0267179012299
0.0268619060516
0.026547908783
0.0265049934387
0.0263788700104
0.026664018631
0.0265350341797
0.0265500545502
0.0269041061401
0.02614402771
0.028302192688
0.0268800258636
0.0262079238892
0.0268728733063
0.026239156723
0.0270390510559
0.0282618999481
0.0270040035248
0.0268230438232
0.0269420146942
0.0264530181885
0.0262458324432
0.0267190933228
0.0270109176636
0.0261511802673
0.0262129306793
0.026379108429
0.0269830226898
0.0264449119568
0.0275721549988
0.0272319316864
0.0261619091034
0.0272071361542
0.0261478424072
0.0259938240051
0.0258429050446
0.0261030197144
0.0257530212402
0.0263509750366
0.0267798900604
0.0272419452667
0.0267059803009
0.0270898342133
0.0283071994781
0.0289678573608
0.0261240005493
0.0276129245758
0.0263819694519
0.0290098190308
0.0265009403229
0.0261631011963
0.0276069641113
0.0264019966125
0.0264301300049
0.0265200138092
0.0273849964142
0.0257360935211
0.0260548591614
0.0266330242157
0.0273661613464
0.0286128520966
0.0263469219208
0.0261828899384
0.0261731147766
0.0260770320892
0.0267798900604
0.0260350704193
0.0266010761261
0.0268838405609
0.026801109314
0.0261368751526
0.0261101722717
0.0267739295959
0.0263130664825
0.0266420841217
0.0262451171875
0.0261969566345
0.02654504776
0.0258598327637
0.0254640579224
0.026496887207
0.0260791778564
0.0275139808655
0.0262570381165
0.0271711349487
0.0255959033966
0.02605509758
0.0260028839111
0.0256052017212
0.0259611606598
0.0269219875336
0.0260870456696
0.0267679691315
0.0261099338531
0.0276610851288
0.0262680053711
0.0266740322113
0.0256819725037
0.0264480113983
0.0266571044922
0.0259320735931
0.0259828567505
0.0259258747101
0.0264391899109
0.0260989665985
0.0257937908173
0.0260310173035
0.0279130935669
0.0263519287109
0.0264279842377
0.0272970199585
0.0256969928741
0.0260970592499
0.0256888866425
0.0261359214783
0.0279641151428
0.0258769989014
0.0291578769684
0.0281021595001
0.0260310173035
0.0322139263153
0.0262191295624
0.0270571708679
0.0261778831482
0.0273880958557
0.0300259590149
0.0264990329742
0.0269689559937
0.0260848999023
0.0262989997864
0.0265221595764
0.0263299942017
0.0259268283844
0.0260920524597
0.0260751247406
0.0260717868805
0.0257828235626
0.0267791748047
0.0257978439331
0.0260338783264
0.0258901119232
0.0261390209198
0.0266032218933
0.0262219905853
0.0258820056915
0.0282700061798
0.0266118049622
0.0264179706573
0.0261490345001
0.0264189243317
0.0257859230042
0.0260739326477
0.0265510082245
0.0267372131348
0.0262639522552
0.0270819664001
0.0269770622253
0.0267338752747
0.0260770320892
0.0259549617767
0.0256590843201
0.0257999897003
0.0260329246521
0.0259280204773
0.0260999202728
0.0287611484528
0.02663397789
0.0282900333405
0.0261449813843
0.0274279117584
0.0260109901428
0.026890039444
0.0261449813843
0.0256910324097
0.0265951156616
0.0264840126038
0.0258119106293
0.0263769626617
0.0261380672455
0.0259518623352
0.0312790870667
0.0263440608978
0.0259640216827
0.0270328521729
0.0308549404144
0.03080701828
0.0302639007568
0.0303089618683
0.0314249992371
0.0304069519043
0.0299859046936
0.0264658927917
0.0284368991852
0.0261180400848
0.0270419120789
0.0300359725952
0.0262460708618
0.0268590450287
0.0364000797272
0.0297479629517
0.0293660163879
0.0292060375214
0.0297629833221
0.0300199985504
0.0298309326172
0.0299890041351
0.0297322273254
0.0297439098358
0.0300469398499
0.0294711589813
0.0300779342651
0.0298941135406
0.0297698974609
0.0297849178314
0.0298280715942
0.0297720432281
0.0299019813538
0.0296080112457
0.0300538539886
0.0260539054871
0.02827501297
0.0300500392914
0.0293459892273
0.0291550159454
0.0305051803589
0.0294499397278
0.0298810005188
0.0295391082764
0.0301649570465
0.0290641784668
0.0266029834747
0.0262439250946
0.0269739627838
0.0263319015503
0.0261499881744
0.0261969566345
0.0261979103088
0.0266051292419
0.0313820838928
0.0265808105469
0.0264060497284
0.0265970230103
0.0258691310883
0.0267751216888
0.0265460014343
0.0265400409698
0.0265009403229
0.0301110744476
0.0285661220551
0.0268540382385
0.0258140563965
0.0262880325317
0.027575969696
0.0270569324493
0.0266120433807
0.0265221595764
0.0262718200684
0.0266118049622
0.0261499881744
0.0263888835907
0.0261750221252
0.0255851745605
0.0266070365906
0.0264790058136
0.0258359909058
0.026270866394
0.0265610218048
0.0267450809479
0.032212972641
0.0299928188324
0.0261940956116
0.0393629074097
0.0287711620331
0.0366361141205
0.0297708511353
0.030100107193
0.0296030044556
0.0299739837646
0.0294179916382
0.0304729938507
0.0292420387268
0.0299592018127
0.0311758518219
0.0381171703339
0.0301778316498
0.0299279689789
0.0297441482544
0.0297689437866
0.0282020568848
0.0286140441895
0.0296149253845
0.0298340320587
0.0297110080719
0.0296998023987
0.0301251411438
0.0295629501343
0.0304529666901
0.0314249992371
0.0381579399109
0.0294101238251
0.03049492836
0.0300478935242
0.0297620296478
0.0304129123688
0.0289661884308
0.0299499034882
0.0297360420227
0.030170917511
0.0295789241791
0.0300221443176
0.0302629470825
0.0291578769684
0.030061006546
0.0295100212097
0.0316610336304
0.0379190444946
0.0298190116882
0.0296738147736
0.0294950008392
0.0303070545197
0.0296938419342
0.0298800468445
0.0294330120087
0.0297720432281
0.0298540592194
0.0311357975006
0.0295960903168
0.0265760421753
0.0259537696838
0.0270290374756
0.0285520553589
0.0270428657532
0.0269658565521
0.0262720584869
0.0270180702209
0.0263481140137
0.0260169506073
0.0258440971375
0.0267729759216
0.0263419151306
0.0258178710938
0.026202917099
0.0263879299164
0.0262310504913
0.026300907135
0.0266320705414
0.025890827179
0.0267679691315
0.0263671875
0.0262699127197
0.030366897583
0.0270180702209
0.0260980129242
0.0270478725433
0.0295779705048
0.0260190963745
0.0261628627777
0.0262331962585
0.0284609794617
0.0260219573975
0.0266859531403
0.0264298915863
0.0267660617828
0.0277080535889
0.0270709991455
0.0260949134827
0.0279359817505
0.0261869430542
0.0268678665161
0.0267879962921
0.0299339294434
0.0262110233307
0.0276310443878
0.0259299278259
0.0264761447906
0.0264699459076
0.0263168811798
0.0298821926117
0.026083946228
0.0261068344116
0.0259809494019
0.0286190509796
0.0296859741211
0.0279581546783
0.0261209011078
0.0263428688049
0.0267741680145
0.0261919498444
0.0261518955231
0.0265130996704
0.0260992050171
0.0275058746338
0.0261130332947
0.0258889198303
0.0259611606598
0.0262668132782
0.0287370681763
0.0261039733887
0.0260620117188
0.0261301994324
0.0259130001068
0.0260820388794
0.0259470939636
0.0272920131683
0.0260241031647
0.0284328460693
0.0263440608978
0.0256831645966
0.0265049934387
0.0256838798523
0.0277740955353
0.0260469913483
0.026046037674
0.0258278846741
0.0259160995483
0.0264048576355
0.0260910987854
0.0259420871735
0.026762008667
0.0267469882965
0.0258920192719
0.0297451019287
0.0258920192719
0.0265729427338
0.0278179645538
0.0261929035187
0.0259320735931
0.0263741016388
0.0258300304413
0.0267560482025
0.0269830226898
0.0267081260681
0.0339939594269
0.0264370441437
0.0260701179504
0.0262908935547
0.0262739658356
0.0266571044922
0.0256490707397
0.0261769294739
0.0281600952148
