0.863119840622
0.0418000221252
0.0410439968109
0.0420188903809
0.0417671203613
0.0437300205231
0.0409581661224
0.0414400100708
0.0417530536652
0.0414068698883
0.041353225708
0.0405838489532
0.0411410331726
0.041375875473
0.040981054306
0.0411479473114
0.041277885437
0.0425200462341
0.0420300960541
0.0413780212402
0.0417509078979
0.0424630641937
0.0407378673553
0.041797876358
0.0414600372314
0.0407888889313
0.040974855423
0.0415852069855
0.0416638851166
0.0418000221252
0.0414581298828
0.0431931018829
0.0410170555115
0.0411369800568
0.0419430732727
0.0418729782104
0.0406959056854
0.0410392284393
0.0417459011078
0.0409290790558
0.0412199497223
0.0406398773193
0.0416641235352
0.040540933609
0.0407299995422
0.0402150154114
0.0406439304352
0.0421919822693
0.0416028499603
0.0423300266266
0.041971206665
0.0411179065704
0.0426280498505
0.0409030914307
0.0411620140076
0.0409729480743
0.0421760082245
0.0428509712219
0.0421497821808
0.0425808429718
0.0419361591339
0.0420680046082
0.0425660610199
0.0418610572815
0.0405740737915
0.0407059192657
0.0424871444702
0.041200876236
0.0411479473114
0.0415620803833
0.0409970283508
0.0460200309753
0.0416250228882
0.0422749519348
0.0413331985474
0.042769908905
0.0435199737549
0.04159116745
0.0410568714142
0.0406169891357
0.0402491092682
0.0416660308838
0.0410659313202
0.0414559841156
0.0411081314087
0.0416948795319
0.0413269996643
0.0423798561096
0.0419039726257
0.0413172245026
0.0413548946381
0.0410950183868
0.0411050319672
0.0404880046844
0.0436480045319
0.0413150787354
0.0411739349365
0.0414180755615
0.041314125061
0.0411689281464
0.0407810211182
0.0410740375519
0.0408499240875
0.0424618721008
0.0415501594543
0.0412569046021
0.0406010150909
0.0411200523376
0.0410940647125
0.0418679714203
0.0408430099487
0.0413379669189
0.042179107666
0.0414850711823
0.0431430339813
0.0496640205383
0.0427858829498
0.0414640903473
0.0412340164185
0.0408170223236
0.0419178009033
0.0409409999847
0.0408318042755
0.0408518314362
0.0410470962524
0.041759967804
0.0415117740631
0.0413489341736
0.0458080768585
0.0407910346985
0.041543006897
0.0416221618652
0.0410668849945
0.041130065918
0.0437760353088
0.0411100387573
0.0476279258728
0.0436451435089
0.0425961017609
0.0419437885284
0.0418679714203
0.0410330295563
0.0445930957794
0.0415120124817
0.0418889522552
0.0416111946106
0.0408680438995
0.0408458709717
0.0406701564789
0.0421869754791
0.0414409637451
0.0429790019989
0.0414381027222
0.0413420200348
0.0443670749664
0.0426170825958
0.0411710739136
0.0412809848785
0.0421171188354
0.041876077652
0.041454076767
0.0416789054871
0.0407919883728
0.0413398742676
0.0414080619812
0.0414988994598
0.042414188385
0.0406739711761
0.0440199375153
0.0415270328522
0.0408310890198
0.0416729450226
0.0415239334106
0.0412640571594
0.0411970615387
0.0409309864044
0.041729927063
0.0407111644745
0.0414249897003
0.0404229164124
0.0416080951691
0.040776014328
0.043154001236
0.0409371852875
0.0417490005493
0.0414679050446
0.0412878990173
0.0412931442261
0.0412929058075
0.0410060882568
0.0415198802948
0.0411009788513
0.0424308776855
0.0413498878479
0.0412170886993
0.0414350032806
0.0411610603333
0.0409650802612
0.0420179367065
0.0418410301208
0.0422170162201
0.0442900657654
0.0406379699707
0.0412669181824
0.0411438941956
0.0414879322052
0.0415549278259
0.0471189022064
0.0424530506134
0.0415880680084
0.043417930603
0.0434939861298
0.0411620140076
0.0423798561096
0.041109085083
0.0410799980164
0.0413661003113
0.042172908783
0.0409429073334
0.0412399768829
0.0421640872955
0.0409359931946
0.0421960353851
0.0442900657654
0.0403439998627
0.0410180091858
0.0408010482788
0.0407409667969
0.0456509590149
0.0419449806213
0.0441660881042
0.0420520305634
0.0408160686493
0.0423948764801
0.0409359931946
0.0420889854431
0.0408527851105
0.040981054306
0.0420291423798
0.0409770011902
0.0404410362244
0.0410189628601
0.042163848877
0.0415940284729
0.0411200523376
0.0423600673676
0.0444159507751
0.0410850048065
0.0419180393219
0.0409860610962
0.0403230190277
0.0406451225281
0.0406889915466
0.0411040782928
0.0410969257355
0.0411400794983
0.0417549610138
0.0415458679199
0.0410530567169
0.0412678718567
0.0411529541016
0.0403919219971
0.0406260490417
0.0406110286713
0.0409228801727
0.0414969921112
0.0405371189117
0.0420968532562
0.0412790775299
0.0412490367889
0.0413761138916
0.0408570766449
0.0413839817047
0.0411720275879
0.0415270328522
0.0410258769989
0.0408699512482
0.0410158634186
0.0406730175018
0.0409719944
0.040167093277
0.040990114212
0.0411832332611
0.0418770313263
0.0403060913086
0.0412909984589
0.0411529541016
0.0430691242218
0.0445981025696
0.0418500900269
0.0418930053711
0.0427458286285
0.0412271022797
0.0424959659576
0.042475938797
0.0406100749969
0.0408160686493
0.0461051464081
0.0405659675598
0.0417039394379
0.0406968593597
0.041130065918
0.0415761470795
0.0427870750427
0.041296005249
0.0405309200287
0.0416841506958
0.040207862854
0.0405621528625
0.0409758090973
0.0447189807892
0.0406739711761
0.0416479110718
0.0407900810242
0.042505979538
0.0402429103851
0.041316986084
0.0411431789398
0.040992975235
0.0410268306732
0.0408010482788
0.041130065918
0.0409970283508
0.0410830974579
0.0420558452606
0.0422441959381
0.0402629375458
0.0406968593597
0.0410840511322
0.041088104248
0.0404648780823
0.041032075882
0.040796995163
0.042142868042
0.0405151844025
0.0406198501587
0.0418040752411
0.0421988964081
0.0416529178619
0.0407679080963
0.0407471656799
0.0415878295898
0.0412399768829
0.0425028800964
0.0423691272736
0.0417709350586
0.0404279232025
0.0440301895142
0.0418639183044
0.041393995285
0.0413610935211
0.0421380996704
0.0413088798523
0.0412299633026
0.040699005127
0.041111946106
0.0417230129242
0.0407531261444
0.0440878868103
0.0410029888153
0.0410051345825
0.0407588481903
0.0411939620972
0.0401949882507
0.0413858890533
0.0405330657959
0.0413420200348
0.0440630912781
0.0402848720551
0.0417079925537
0.0454790592194
0.0417108535767
0.0412847995758
0.0406270027161
0.0410530567169
0.0411429405212
0.0414731502533
0.041494846344
0.0424060821533
0.0414459705353
0.0412211418152
0.0417709350586
0.0408248901367
0.041650056839
0.0428559780121
0.040256023407
0.0425510406494
0.0418040752411
0.0408339500427
0.0407359600067
0.0407838821411
0.0409021377563
0.0415060520172
0.0407829284668
0.0410480499268
0.0408058166504
0.0413980484009
0.0405960083008
0.0419619083405
0.0417439937592
0.0417912006378
0.0439088344574
0.0426681041718
0.0411260128021
0.043074131012
0.0408477783203
0.0407500267029
0.0421311855316
0.0407638549805
0.0407011508942
0.0415389537811
0.0413720607758
0.0411698818207
0.0410280227661
0.0409500598907
0.0432629585266
0.0447950363159
0.0419549942017
0.0418779850006
0.0410001277924
0.040981054306
0.0459859371185
0.0426208972931
0.0411469936371
0.0410192012787
0.0404019355774
0.0409500598907
0.0410029888153
0.040491104126
0.0433828830719
0.041515827179
0.0427529811859
0.0440039634705
0.041540145874
0.0410258769989
0.0420100688934
0.0408840179443
0.0425460338593
0.0412130355835
0.0413069725037
0.0410499572754
0.0448439121246
0.0407650470734
0.0423231124878
0.0411469936371
0.0438530445099
0.041200876236
0.041738986969
0.0436980724335
0.0408279895782
0.0411341190338
0.0419108867645
0.0407359600067
0.0410430431366
0.0411651134491
0.0413701534271
0.0408098697662
0.0412678718567
0.0411169528961
0.0412380695343
0.04106092453
0.0405972003937
0.0427532196045
0.0433509349823
0.0405750274658
0.0413160324097
0.0415389537811
0.0410370826721
0.0405249595642
0.0410869121552
0.0405068397522
0.0409240722656
0.0419368743896
0.0411019325256
0.0406439304352
0.042191028595
0.0408890247345
0.0414490699768
0.0418229103088
0.0416758060455
0.0408580303192
0.0413150787354
0.0444231033325
0.0407989025116
0.0412650108337
0.0403230190277
0.0412809848785
0.0418198108673
0.0403590202332
0.0408329963684
0.0414898395538
0.0760910511017
0.0416810512543
0.0411710739136
0.0403020381927
0.040657043457
0.0406959056854
0.040990114212
0.0408561229706
0.0407140254974
0.0409069061279
0.0419111251831
0.0419309139252
0.041207075119
0.0433700084686
0.0407521724701
0.0404739379883
0.041079044342
0.0419929027557
0.0412449836731
0.0406341552734
0.041454076767
0.0411081314087
0.0415029525757
0.0415370464325
0.0409300327301
0.0422298908234
0.0418469905853
0.0426759719849
0.0417900085449
0.0411341190338
0.0411810874939
0.0460329055786
0.0457620620728
0.0461559295654
0.0403549671173
0.0413370132446
0.0409519672394
0.0465619564056
0.0410749912262
0.0410759449005
0.0408070087433
0.0459940433502
0.0416529178619
0.0409579277039
0.0440700054169
0.0415000915527
0.0411748886108
0.040519952774
0.0413250923157
0.0465030670166
0.0429058074951
0.0445930957794
0.0428609848022
0.04181599617
0.0415871143341
0.0437059402466
0.0433568954468
0.0416579246521
0.0415489673615
0.046539068222
0.0406889915466
0.0405449867249
0.0406939983368
0.0479869842529
0.0415360927582
0.0420229434967
0.0414597988129
0.0418100357056
0.0407211780548
0.041286945343
0.040992975235
0.0409951210022
0.0458409786224
0.0405969619751
0.0415999889374
0.0444700717926
0.0409419536591
0.0412509441376
0.0413310527802
0.0405490398407
0.0459408760071
0.0448989868164
0.0412969589233
0.045755147934
0.0457398891449
0.0505411624908
0.100317955017
0.047248840332
0.0412199497223
0.225770950317
0.0459561347961
0.0407388210297
0.0409860610962
0.0408720970154
0.0408139228821
0.0443029403687
0.041864156723
0.0406138896942
0.0407400131226
0.0410430431366
0.0408720970154
0.0412838459015
0.0406851768494
0.0413119792938
0.0409870147705
0.0409579277039
0.0417339801788
0.0407979488373
0.0465500354767
0.0484797954559
0.0417971611023
0.0409510135651
0.0491149425507
0.0412938594818
0.042985200882
0.0414628982544
0.0409679412842
0.042496919632
0.0414249897003
0.0407061576843
0.0407378673553
0.0416519641876
0.0408840179443
0.042797088623
0.0442628860474
0.0421180725098
0.0439579486847
0.0406601428986
0.0471978187561
0.0411610603333
0.0409450531006
0.0416538715363
0.0410749912262
0.0415291786194
0.0413699150085
0.0417509078979
0.041631937027
0.0415542125702
0.0406169891357
0.0409150123596
0.0419490337372
0.0409450531006
0.0414299964905
0.0416429042816
0.0404279232025
0.040855884552
0.0410630702972
0.040668964386
0.0408918857574
0.0408980846405
0.0413420200348
0.0422930717468
0.0413029193878
0.0422530174255
0.0414850711823
0.0421969890594
0.0412590503693
0.0426912307739
0.0411460399628
0.0403192043304
0.0423820018768
0.0412838459015
0.0419352054596
0.0410361289978
0.040992975235
0.0419099330902
0.0407881736755
0.0404179096222
0.0418190956116
0.0409648418427
0.0408058166504
0.0418229103088
0.0419890880585
0.0419309139252
0.0423920154572
0.0413229465485
0.0405380725861
0.0399971008301
0.0412449836731
0.0407299995422
0.0417418479919
0.041442155838
0.0418927669525
0.040943145752
0.0404009819031
0.0413200855255
0.0415458679199
0.040922164917
0.0422220230103
0.0414309501648
0.0410940647125
0.0412900447845
0.0424158573151
0.0421071052551
0.0411739349365
0.0418040752411
0.0425407886505
0.0410761833191
0.0404570102692
0.0408518314362
0.0411381721497
0.041720867157
0.0420598983765
0.0412549972534
0.0408701896667
0.0417528152466
0.0413510799408
0.0406758785248
0.040855884552
0.0402140617371
0.0406949520111
0.0410358905792
0.0409121513367
0.0416679382324
0.0405659675598
0.0512909889221
0.0409879684448
0.0415720939636
0.0407910346985
0.0411808490753
0.041640996933
0.041179895401
0.041708946228
0.0415270328522
0.0416760444641
0.0418629646301
0.0409531593323
0.0410749912262
0.0423679351807
0.0406630039215
0.0412571430206
0.0410218238831
0.0413160324097
0.0454549789429
0.0421299934387
0.0406198501587
0.0414249897003
0.0418109893799
0.0414950847626
0.0415120124817
0.0415999889374
0.0413160324097
0.0413339138031
0.0408048629761
0.0415189266205
0.0419750213623
0.040913105011
0.0423259735107
0.0404939651489
0.0423901081085
0.0408580303192
0.0409998893738
0.0413851737976
0.0414729118347
0.0411541461945
0.0407440662384
0.0411291122437
0.0408310890198
0.0418920516968
0.0404558181763
0.0421500205994
0.0405781269073
0.0408499240875
0.0410060882568
0.0408651828766
0.0415868759155
0.0405900478363
0.0404789447784
0.0405201911926
0.0409770011902
0.040549993515
0.0425751209259
0.041170835495
0.0412931442261
0.0418050289154
0.0405168533325
0.0418910980225
0.0420598983765
0.0410070419312
0.0417509078979
0.0416879653931
0.042093038559
0.0411360263824
0.0414969921112
0.0410921573639
0.0415501594543
0.0414488315582
0.0419239997864
0.0421941280365
0.0407350063324
0.0412139892578
0.0406019687653
0.0448849201202
0.0419790744781
0.0419490337372
0.0461430549622
0.0404779911041
0.0411310195923
0.0451347827911
0.0413718223572
0.0426411628723
0.0447428226471
0.0417439937592
0.0412211418152
0.0406408309937
0.04132604599
0.0409760475159
0.0436301231384
0.0413370132446
0.0406098365784
0.0409610271454
0.041041135788
0.0413448810577
0.0423719882965
0.0429518222809
0.0410649776459
0.0449011325836
0.0408658981323
0.0424129962921
0.0434160232544
0.0414309501648
0.0415909290314
0.0414781570435
0.0413239002228
0.0416941642761
0.0428218841553
0.0410521030426
0.0420799255371
0.0423409938812
0.0412180423737
0.0415899753571
0.0439159870148
0.0422918796539
0.0451641082764
0.0418260097504
0.044224023819
0.0412850379944
0.0406720638275
0.0426161289215
0.0407109260559
0.0412640571594
0.0470280647278
0.0414309501648
0.0411159992218
0.0417938232422
0.0425159931183
0.044851064682
0.0418329238892
0.0411839485168
0.0419301986694
0.0412509441376
0.0424230098724
0.0425820350647
0.0454890727997
0.0408699512482
0.0415740013123
0.0415861606598
0.0421249866486
0.0432291030884
0.0409169197083
0.0410850048065
0.0421478748322
0.0415730476379
0.0406711101532
0.0421810150146
0.0424621105194
0.0413689613342
0.0413908958435
0.0459132194519
0.043792963028
0.0408191680908
0.040699005127
0.0414910316467
0.0418560504913
0.0410089492798
0.0415489673615
0.041610956192
0.042072057724
0.0424420833588
0.0421941280365
0.0418729782104
0.0409691333771
0.0415439605713
0.042769908905
0.0419120788574
0.0429260730743
0.0425028800964
0.0454800128937
0.0413088798523
0.0450320243835
0.0422790050507
0.0416820049286
0.0412859916687
0.0416858196259
0.0408630371094
0.0411930084229
0.0425419807434
0.0417380332947
0.040843963623
0.0443389415741
0.0424900054932
0.0425360202789
0.0425109863281
0.0413541793823
0.0460798740387
0.0411140918732
0.0418570041656
0.0419518947601
0.0421431064606
0.0413610935211
0.0416669845581
0.0412991046906
0.0438990592957
0.0409481525421
0.0413429737091
0.0410809516907
0.0411717891693
0.0408208370209
0.0426108837128
0.0413961410522
0.0417859554291
0.0407600402832
0.0412619113922
0.0407099723816
0.0413341522217
0.0406258106232
0.0416100025177
0.0410199165344
0.0409779548645
0.041580915451
0.0412900447845
0.0419249534607
0.0424380302429
0.041002035141
0.0426330566406
0.0416829586029
0.0421340465546
0.0410950183868
0.0412609577179
0.0414412021637
0.0410318374634
0.0420830249786
0.0411500930786
0.0403039455414
0.0428719520569
0.0410799980164
0.0419569015503
0.0411128997803
0.0411770343781
0.0424101352692
0.042487859726
0.0424652099609
0.0417909622192
0.0413889884949
0.0409121513367
0.0441839694977
0.0414478778839
0.0414710044861
0.043123960495
0.0407259464264
0.0416090488434
0.0409510135651
0.041198015213
0.0420660972595
0.0428509712219
0.0412139892578
0.04181599617
0.0408380031586
0.0436661243439
0.0404369831085
0.0414988994598
0.0410900115967
0.0413341522217
0.0409181118011
0.040647983551
0.0408010482788
0.0419199466705
0.0411469936371
0.0411250591278
0.0403761863708
0.0412878990173
0.0409379005432
0.0413579940796
0.0425448417664
0.0441331863403
0.0413420200348
0.0410130023956
0.0416769981384
0.0409889221191
0.0406420230865
0.0406601428986
0.0424299240112
0.0416610240936
0.0408229827881
0.0410711765289
0.0492160320282
0.041347026825
0.0423209667206
0.0436670780182
0.0416250228882
0.0418899059296
0.0415661334991
0.0429909229279
0.0410680770874
0.0423460006714
0.0417668819427
0.0427219867706
0.0418999195099
0.0414710044861
