Get_Azure_us-east2 96138
Get_Thrift_Server_Storage_us-east2 96352
Get_Azure_us-east2 22483
Get_Thrift_Server_Storage_us-east2 22511
Get_Azure_us-east2 11108
Get_Thrift_Server_Storage_us-east2 11137
Get_Azure_us-east2 11660
Get_Thrift_Server_Storage_us-east2 11701
Get_Azure_us-east2 11594
Get_Thrift_Server_Storage_us-east2 11630
Get_Azure_us-east2 13831
Get_Thrift_Server_Storage_us-east2 13858
Get_Azure_us-east2 137791
Get_Thrift_Server_Storage_us-east2 137834
Get_Azure_us-east2 12084
Get_Thrift_Server_Storage_us-east2 12125
Get_Azure_us-east2 11684
Get_Thrift_Server_Storage_us-east2 11723
Get_Azure_us-east2 11612
Get_Thrift_Server_Storage_us-east2 11649
Get_Azure_us-east2 9000
Get_Thrift_Server_Storage_us-east2 9039
Get_Azure_us-east2 10777
Get_Thrift_Server_Storage_us-east2 10807
Get_Azure_us-east2 11149
Get_Thrift_Server_Storage_us-east2 11194
Get_Azure_us-east2 11364
Get_Thrift_Server_Storage_us-east2 11391
Get_Azure_us-east2 11111
Get_Thrift_Server_Storage_us-east2 11150
Get_Azure_us-east2 13535
Get_Thrift_Server_Storage_us-east2 13575
Get_Azure_us-east2 12339
Get_Thrift_Server_Storage_us-east2 12377
Get_Azure_us-east2 12657
Get_Thrift_Server_Storage_us-east2 12715
Get_Azure_us-east2 13692
Get_Thrift_Server_Storage_us-east2 13731
Get_Azure_us-east2 12026
Get_Thrift_Server_Storage_us-east2 12131
Get_Azure_us-east2 13083
Get_Thrift_Server_Storage_us-east2 13127
Get_Azure_us-east2 12434
Get_Thrift_Server_Storage_us-east2 12460
Get_Azure_us-east2 12411
Get_Thrift_Server_Storage_us-east2 12442
Get_Azure_us-east2 12243
Get_Thrift_Server_Storage_us-east2 12278
Get_Azure_us-east2 12057
Get_Thrift_Server_Storage_us-east2 12091
Get_Azure_us-east2 11976
Get_Thrift_Server_Storage_us-east2 12010
Get_Azure_us-east2 11012
Get_Thrift_Server_Storage_us-east2 11047
Get_Azure_us-east2 10292
Get_Thrift_Server_Storage_us-east2 10323
Get_Azure_us-east2 9922
Get_Thrift_Server_Storage_us-east2 9969
Get_Azure_us-east2 9786
Get_Thrift_Server_Storage_us-east2 9825
Get_Azure_us-east2 17044
Get_Thrift_Server_Storage_us-east2 17082
Get_Azure_us-east2 11866
Get_Thrift_Server_Storage_us-east2 11885
Get_Azure_us-east2 10392
Get_Thrift_Server_Storage_us-east2 10415
Get_Azure_us-east2 20512
Get_Thrift_Server_Storage_us-east2 20534
Get_Azure_us-east2 10807
Get_Thrift_Server_Storage_us-east2 10833
Get_Azure_us-east2 10234
Get_Thrift_Server_Storage_us-east2 10262
Get_Azure_us-east2 26700
Get_Thrift_Server_Storage_us-east2 26729
Get_Azure_us-east2 11546
Get_Thrift_Server_Storage_us-east2 11570
Get_Azure_us-east2 12534
Get_Thrift_Server_Storage_us-east2 12563
Get_Azure_us-east2 13284
Get_Thrift_Server_Storage_us-east2 13314
Get_Azure_us-east2 12631
Get_Thrift_Server_Storage_us-east2 12699
Get_Azure_us-east2 11819
Get_Thrift_Server_Storage_us-east2 11854
Get_Azure_us-east2 12297
Get_Thrift_Server_Storage_us-east2 12321
Get_Azure_us-east2 12639
Get_Thrift_Server_Storage_us-east2 12670
Get_Azure_us-east2 41887
Get_Thrift_Server_Storage_us-east2 41935
Get_Azure_us-east2 12303
Get_Thrift_Server_Storage_us-east2 12330
Get_Azure_us-east2 23641
Get_Thrift_Server_Storage_us-east2 23689
Get_Azure_us-east2 10681
Get_Thrift_Server_Storage_us-east2 10706
Get_Azure_us-east2 11397
Get_Thrift_Server_Storage_us-east2 11424
Get_Azure_us-east2 21367
Get_Thrift_Server_Storage_us-east2 21408
Get_Azure_us-east2 11963
Get_Thrift_Server_Storage_us-east2 11995
Get_Azure_us-east2 11069
Get_Thrift_Server_Storage_us-east2 11111
Get_Azure_us-east2 22694
Get_Thrift_Server_Storage_us-east2 22719
Get_Azure_us-east2 28869
Get_Thrift_Server_Storage_us-east2 28900
Get_Azure_us-east2 44790
Get_Thrift_Server_Storage_us-east2 44824
Get_Azure_us-east2 12488
Get_Thrift_Server_Storage_us-east2 12522
Get_Azure_us-east2 11298
Get_Thrift_Server_Storage_us-east2 11331
Get_Azure_us-east2 10984
Get_Thrift_Server_Storage_us-east2 11018
Get_Azure_us-east2 11986
Get_Thrift_Server_Storage_us-east2 12017
Get_Azure_us-east2 11915
Get_Thrift_Server_Storage_us-east2 11958
Get_Azure_us-east2 10789
Get_Thrift_Server_Storage_us-east2 10825
Get_Azure_us-east2 12084
Get_Thrift_Server_Storage_us-east2 12111
Get_Azure_us-east2 22492
Get_Thrift_Server_Storage_us-east2 22527
Get_Azure_us-east2 18925
Get_Thrift_Server_Storage_us-east2 18968
Get_Azure_us-east2 10637
Get_Thrift_Server_Storage_us-east2 10666
Get_Azure_us-east2 11247
Get_Thrift_Server_Storage_us-east2 11277
Get_Azure_us-east2 10868
Get_Thrift_Server_Storage_us-east2 10899
Get_Azure_us-east2 11931
Get_Thrift_Server_Storage_us-east2 11953
Get_Azure_us-east2 11311
Get_Thrift_Server_Storage_us-east2 11339
Get_Azure_us-east2 11133
Get_Thrift_Server_Storage_us-east2 11167
Get_Azure_us-east2 11704
Get_Thrift_Server_Storage_us-east2 11730
Get_Azure_us-east2 25033
Get_Thrift_Server_Storage_us-east2 25062
Get_Azure_us-east2 13243
Get_Thrift_Server_Storage_us-east2 13297
Get_Azure_us-east2 11048
Get_Thrift_Server_Storage_us-east2 11099
Get_Azure_us-east2 10592
Get_Thrift_Server_Storage_us-east2 10625
Get_Azure_us-east2 11038
Get_Thrift_Server_Storage_us-east2 11080
Get_Azure_us-east2 11476
Get_Thrift_Server_Storage_us-east2 11508
Get_Azure_us-east2 10788
Get_Thrift_Server_Storage_us-east2 10830
Get_Azure_us-east2 12471
Get_Thrift_Server_Storage_us-east2 12505
Get_Azure_us-east2 12849
Get_Thrift_Server_Storage_us-east2 12878
Get_Azure_us-east2 24203
Get_Thrift_Server_Storage_us-east2 24243
Get_Azure_us-east2 11104
Get_Thrift_Server_Storage_us-east2 11131
Get_Azure_us-east2 12162
Get_Thrift_Server_Storage_us-east2 12196
Get_Azure_us-east2 19641
Get_Thrift_Server_Storage_us-east2 19692
Get_Azure_us-east2 11027
Get_Thrift_Server_Storage_us-east2 11063
Get_Azure_us-east2 12511
Get_Thrift_Server_Storage_us-east2 12551
Get_Azure_us-east2 11432
Get_Thrift_Server_Storage_us-east2 11475
Get_Azure_us-east2 12511
Get_Thrift_Server_Storage_us-east2 12550
Get_Azure_us-east2 10948
Get_Thrift_Server_Storage_us-east2 10978
Get_Azure_us-east2 13040
Get_Thrift_Server_Storage_us-east2 13073
Get_Azure_us-east2 13039
Get_Thrift_Server_Storage_us-east2 13083
Get_Azure_us-east2 10544
Get_Thrift_Server_Storage_us-east2 10592
Get_Azure_us-east2 12379
Get_Thrift_Server_Storage_us-east2 12411
Get_Azure_us-east2 11627
Get_Thrift_Server_Storage_us-east2 11654
Get_Azure_us-east2 37878
Get_Thrift_Server_Storage_us-east2 37933
Get_Azure_us-east2 11583
Get_Thrift_Server_Storage_us-east2 11616
Get_Azure_us-east2 13993
Get_Thrift_Server_Storage_us-east2 14017
Get_Azure_us-east2 11108
Get_Thrift_Server_Storage_us-east2 11140
Get_Azure_us-east2 12438
Get_Thrift_Server_Storage_us-east2 12478
Get_Azure_us-east2 12960
Get_Thrift_Server_Storage_us-east2 12991
Get_Azure_us-east2 15259
Get_Thrift_Server_Storage_us-east2 15339
Get_Azure_us-east2 10539
Get_Thrift_Server_Storage_us-east2 10575
Get_Azure_us-east2 14022
Get_Thrift_Server_Storage_us-east2 14057
Get_Azure_us-east2 121755
Get_Thrift_Server_Storage_us-east2 121776
Get_Azure_us-east2 9895
Get_Thrift_Server_Storage_us-east2 9929
Get_Azure_us-east2 31090
Get_Thrift_Server_Storage_us-east2 31114
Get_Azure_us-east2 10526
Get_Thrift_Server_Storage_us-east2 10560
Get_Azure_us-east2 10159
Get_Thrift_Server_Storage_us-east2 10180
Get_Azure_us-east2 12066
Get_Thrift_Server_Storage_us-east2 12091
Get_Azure_us-east2 14817
Get_Thrift_Server_Storage_us-east2 14840
Get_Azure_us-east2 11868
Get_Thrift_Server_Storage_us-east2 11890
Get_Azure_us-east2 11239
Get_Thrift_Server_Storage_us-east2 11283
Get_Azure_us-east2 12835
Get_Thrift_Server_Storage_us-east2 12858
Get_Azure_us-east2 11033
Get_Thrift_Server_Storage_us-east2 11061
Get_Azure_us-east2 11818
Get_Thrift_Server_Storage_us-east2 11841
Get_Azure_us-east2 11348
Get_Thrift_Server_Storage_us-east2 11401
Get_Azure_us-east2 12004
Get_Thrift_Server_Storage_us-east2 12038
Get_Azure_us-east2 11536
Get_Thrift_Server_Storage_us-east2 11584
Get_Azure_us-east2 11206
Get_Thrift_Server_Storage_us-east2 11235
Get_Azure_us-east2 11542
Get_Thrift_Server_Storage_us-east2 11570
Get_Azure_us-east2 12056
Get_Thrift_Server_Storage_us-east2 12087
Get_Azure_us-east2 14906
Get_Thrift_Server_Storage_us-east2 14948
Get_Azure_us-east2 14383
Get_Thrift_Server_Storage_us-east2 14423
Get_Azure_us-east2 11280
Get_Thrift_Server_Storage_us-east2 11306
Get_Azure_us-east2 12539
Get_Thrift_Server_Storage_us-east2 12594
Get_Azure_us-east2 20760
Get_Thrift_Server_Storage_us-east2 20785
Get_Azure_us-east2 11660
Get_Thrift_Server_Storage_us-east2 11722
Get_Azure_us-east2 11625
Get_Thrift_Server_Storage_us-east2 11650
Get_Azure_us-east2 12880
Get_Thrift_Server_Storage_us-east2 12910
Get_Azure_us-east2 11048
Get_Thrift_Server_Storage_us-east2 11091
Get_Azure_us-east2 11263
Get_Thrift_Server_Storage_us-east2 11303
Get_Azure_us-east2 10972
Get_Thrift_Server_Storage_us-east2 11020
Get_Azure_us-east2 65497
Get_Thrift_Server_Storage_us-east2 65527
Get_Azure_us-east2 9247
Get_Thrift_Server_Storage_us-east2 9285
Get_Azure_us-east2 13467
Get_Thrift_Server_Storage_us-east2 13506
Get_Azure_us-east2 13511
Get_Thrift_Server_Storage_us-east2 13554
Get_Azure_us-east2 11706
Get_Thrift_Server_Storage_us-east2 11742
Get_Azure_us-east2 10418
Get_Thrift_Server_Storage_us-east2 10455
Get_Azure_us-east2 14523
Get_Thrift_Server_Storage_us-east2 14558
Get_Azure_us-east2 10826
Get_Thrift_Server_Storage_us-east2 10852
Get_Azure_us-east2 103759
Get_Thrift_Server_Storage_us-east2 103823
Get_Azure_us-east2 32245
Get_Thrift_Server_Storage_us-east2 32271
Get_Azure_us-east2 11995
Get_Thrift_Server_Storage_us-east2 12036
Get_Azure_us-east2 10791
Get_Thrift_Server_Storage_us-east2 10834
Get_Azure_us-east2 11153
Get_Thrift_Server_Storage_us-east2 11183
Get_Azure_us-east2 13267
Get_Thrift_Server_Storage_us-east2 13293
Get_Azure_us-east2 14175
Get_Thrift_Server_Storage_us-east2 14215
Get_Azure_us-east2 18389
Get_Thrift_Server_Storage_us-east2 18425
Get_Azure_us-east2 27176
Get_Thrift_Server_Storage_us-east2 27208
Get_Azure_us-east2 12545
Get_Thrift_Server_Storage_us-east2 12589
Get_Azure_us-east2 24242
Get_Thrift_Server_Storage_us-east2 24268
Get_Azure_us-east2 11526
Get_Thrift_Server_Storage_us-east2 11561
Get_Azure_us-east2 11268
Get_Thrift_Server_Storage_us-east2 11296
Get_Azure_us-east2 11784
Get_Thrift_Server_Storage_us-east2 11811
Get_Azure_us-east2 15249
Get_Thrift_Server_Storage_us-east2 15276
Get_Azure_us-east2 12608
Get_Thrift_Server_Storage_us-east2 12645
Get_Azure_us-east2 12350
Get_Thrift_Server_Storage_us-east2 12378
Get_Azure_us-east2 11539
Get_Thrift_Server_Storage_us-east2 11571
Get_Azure_us-east2 10550
Get_Thrift_Server_Storage_us-east2 10577
Get_Azure_us-east2 13229
Get_Thrift_Server_Storage_us-east2 13270
Get_Azure_us-east2 10976
Get_Thrift_Server_Storage_us-east2 11004
Get_Azure_us-east2 11566
Get_Thrift_Server_Storage_us-east2 11601
Get_Azure_us-east2 11182
Get_Thrift_Server_Storage_us-east2 11223
Get_Azure_us-east2 95139
Get_Thrift_Server_Storage_us-east2 95171
Get_Azure_us-east2 12366
Get_Thrift_Server_Storage_us-east2 12421
Get_Azure_us-east2 12481
Get_Thrift_Server_Storage_us-east2 12521
Get_Azure_us-east2 11356
Get_Thrift_Server_Storage_us-east2 11383
Get_Azure_us-east2 32464
Get_Thrift_Server_Storage_us-east2 32497
Get_Azure_us-east2 12837
Get_Thrift_Server_Storage_us-east2 12893
Get_Azure_us-east2 21377
Get_Thrift_Server_Storage_us-east2 21418
Get_Azure_us-east2 10771
Get_Thrift_Server_Storage_us-east2 10822
Get_Azure_us-east2 11275
Get_Thrift_Server_Storage_us-east2 11302
Get_Azure_us-east2 11261
Get_Thrift_Server_Storage_us-east2 11289
Get_Azure_us-east2 11795
Get_Thrift_Server_Storage_us-east2 11864
Get_Azure_us-east2 11926
Get_Thrift_Server_Storage_us-east2 11953
Get_Azure_us-east2 12177
Get_Thrift_Server_Storage_us-east2 12219
Get_Azure_us-east2 11946
Get_Thrift_Server_Storage_us-east2 11982
Get_Azure_us-east2 11020
Get_Thrift_Server_Storage_us-east2 11068
Get_Azure_us-east2 12346
Get_Thrift_Server_Storage_us-east2 12380
Get_Azure_us-east2 12706
Get_Thrift_Server_Storage_us-east2 12764
Get_Azure_us-east2 18491
Get_Thrift_Server_Storage_us-east2 18532
Get_Azure_us-east2 11581
Get_Thrift_Server_Storage_us-east2 11628
Get_Azure_us-east2 12412
Get_Thrift_Server_Storage_us-east2 12452
Get_Azure_us-east2 11383
Get_Thrift_Server_Storage_us-east2 11410
Get_Azure_us-east2 56007
Get_Thrift_Server_Storage_us-east2 56049
Get_Azure_us-east2 11979
Get_Thrift_Server_Storage_us-east2 12020
Get_Azure_us-east2 11614
Get_Thrift_Server_Storage_us-east2 11660
Get_Azure_us-east2 11762
Get_Thrift_Server_Storage_us-east2 11813
Get_Azure_us-east2 11566
Get_Thrift_Server_Storage_us-east2 11625
Get_Azure_us-east2 25861
Get_Thrift_Server_Storage_us-east2 25902
Get_Azure_us-east2 12416
Get_Thrift_Server_Storage_us-east2 12444
Get_Azure_us-east2 10825
Get_Thrift_Server_Storage_us-east2 10864
Get_Azure_us-east2 11439
Get_Thrift_Server_Storage_us-east2 11479
Get_Azure_us-east2 33182
Get_Thrift_Server_Storage_us-east2 33222
Get_Azure_us-east2 11226
Get_Thrift_Server_Storage_us-east2 11273
Get_Azure_us-east2 21638
Get_Thrift_Server_Storage_us-east2 21686
Get_Azure_us-east2 11776
Get_Thrift_Server_Storage_us-east2 11800
Get_Azure_us-east2 12603
Get_Thrift_Server_Storage_us-east2 12629
Get_Azure_us-east2 11141
Get_Thrift_Server_Storage_us-east2 11167
Get_Azure_us-east2 11409
Get_Thrift_Server_Storage_us-east2 11430
Get_Azure_us-east2 10397
Get_Thrift_Server_Storage_us-east2 10422
Get_Azure_us-east2 10946
Get_Thrift_Server_Storage_us-east2 10966
Get_Azure_us-east2 11785
Get_Thrift_Server_Storage_us-east2 11809
Get_Azure_us-east2 11586
Get_Thrift_Server_Storage_us-east2 11630
Get_Azure_us-east2 11226
Get_Thrift_Server_Storage_us-east2 11250
Get_Azure_us-east2 14135
Get_Thrift_Server_Storage_us-east2 14164
Get_Azure_us-east2 10832
Get_Thrift_Server_Storage_us-east2 10855
Get_Azure_us-east2 10930
Get_Thrift_Server_Storage_us-east2 10966
Get_Azure_us-east2 11433
Get_Thrift_Server_Storage_us-east2 11454
Get_Azure_us-east2 7841
Get_Thrift_Server_Storage_us-east2 7867
Get_Azure_us-east2 10866
Get_Thrift_Server_Storage_us-east2 10887
Get_Azure_us-east2 21650
Get_Thrift_Server_Storage_us-east2 21685
Get_Azure_us-east2 27645
Get_Thrift_Server_Storage_us-east2 27686
Get_Azure_us-east2 10957
Get_Thrift_Server_Storage_us-east2 11011
Get_Azure_us-east2 10763
Get_Thrift_Server_Storage_us-east2 10804
Get_Azure_us-east2 35676
Get_Thrift_Server_Storage_us-east2 35705
Get_Azure_us-east2 27549
Get_Thrift_Server_Storage_us-east2 27576
Get_Azure_us-east2 13415
Get_Thrift_Server_Storage_us-east2 13455
Get_Azure_us-east2 10732
Get_Thrift_Server_Storage_us-east2 10764
Get_Azure_us-east2 12872
Get_Thrift_Server_Storage_us-east2 12897
Get_Azure_us-east2 19230
Get_Thrift_Server_Storage_us-east2 19266
Get_Azure_us-east2 12801
Get_Thrift_Server_Storage_us-east2 12831
Get_Azure_us-east2 13753
Get_Thrift_Server_Storage_us-east2 13780
Get_Azure_us-east2 10745
Get_Thrift_Server_Storage_us-east2 10789
Get_Azure_us-east2 22519
Get_Thrift_Server_Storage_us-east2 22565
Get_Azure_us-east2 11765
Get_Thrift_Server_Storage_us-east2 11795
Get_Azure_us-east2 10663
Get_Thrift_Server_Storage_us-east2 10704
Get_Azure_us-east2 11098
Get_Thrift_Server_Storage_us-east2 11126
Get_Azure_us-east2 13077
Get_Thrift_Server_Storage_us-east2 13103
Get_Azure_us-east2 12248
Get_Thrift_Server_Storage_us-east2 12284
Get_Azure_us-east2 14441
Get_Thrift_Server_Storage_us-east2 14474
Get_Azure_us-east2 10769
Get_Thrift_Server_Storage_us-east2 10794
Get_Azure_us-east2 12152
Get_Thrift_Server_Storage_us-east2 12177
Get_Azure_us-east2 10702
Get_Thrift_Server_Storage_us-east2 10738
Get_Azure_us-east2 14251
Get_Thrift_Server_Storage_us-east2 14298
Get_Azure_us-east2 12296
Get_Thrift_Server_Storage_us-east2 12350
Get_Azure_us-east2 13952
Get_Thrift_Server_Storage_us-east2 13979
Get_Azure_us-east2 11286
Get_Thrift_Server_Storage_us-east2 11328
Get_Azure_us-east2 13871
Get_Thrift_Server_Storage_us-east2 13931
Get_Azure_us-east2 25337
Get_Thrift_Server_Storage_us-east2 25383
Get_Azure_us-east2 12362
Get_Thrift_Server_Storage_us-east2 12394
Get_Azure_us-east2 11780
Get_Thrift_Server_Storage_us-east2 11830
Get_Azure_us-east2 12578
Get_Thrift_Server_Storage_us-east2 12618
Get_Azure_us-east2 12689
Get_Thrift_Server_Storage_us-east2 12722
Get_Azure_us-east2 10549
Get_Thrift_Server_Storage_us-east2 10606
Get_Azure_us-east2 12449
Get_Thrift_Server_Storage_us-east2 12497
Get_Azure_us-east2 61746
Get_Thrift_Server_Storage_us-east2 61786
Get_Azure_us-east2 13180
Get_Thrift_Server_Storage_us-east2 13235
Get_Azure_us-east2 11327
Get_Thrift_Server_Storage_us-east2 11387
Get_Azure_us-east2 11747
Get_Thrift_Server_Storage_us-east2 11781
Get_Azure_us-east2 10888
Get_Thrift_Server_Storage_us-east2 10930
Get_Azure_us-east2 10165
Get_Thrift_Server_Storage_us-east2 10205
Get_Azure_us-east2 11367
Get_Thrift_Server_Storage_us-east2 11426
Get_Azure_us-east2 10797
Get_Thrift_Server_Storage_us-east2 10839
Get_Azure_us-east2 11454
Get_Thrift_Server_Storage_us-east2 11501
Get_Azure_us-east2 10666
Get_Thrift_Server_Storage_us-east2 10704
Get_Azure_us-east2 11668
Get_Thrift_Server_Storage_us-east2 11729
Get_Azure_us-east2 11849
Get_Thrift_Server_Storage_us-east2 11921
Get_Azure_us-east2 19162
Get_Thrift_Server_Storage_us-east2 19201
Get_Azure_us-east2 11976
Get_Thrift_Server_Storage_us-east2 12022
Get_Azure_us-east2 11489
Get_Thrift_Server_Storage_us-east2 11518
Get_Azure_us-east2 11777
Get_Thrift_Server_Storage_us-east2 11805
Get_Azure_us-east2 12416
Get_Thrift_Server_Storage_us-east2 12462
Get_Azure_us-east2 14696
Get_Thrift_Server_Storage_us-east2 14721
Get_Azure_us-east2 11678
Get_Thrift_Server_Storage_us-east2 11727
Get_Azure_us-east2 33747
Get_Thrift_Server_Storage_us-east2 33793
Get_Azure_us-east2 12048
Get_Thrift_Server_Storage_us-east2 12087
Get_Azure_us-east2 32401
Get_Thrift_Server_Storage_us-east2 32448
Get_Azure_us-east2 11959
Get_Thrift_Server_Storage_us-east2 11993
Get_Azure_us-east2 11643
Get_Thrift_Server_Storage_us-east2 11668
Get_Azure_us-east2 12113
Get_Thrift_Server_Storage_us-east2 12168
Get_Azure_us-east2 10921
Get_Thrift_Server_Storage_us-east2 10965
Get_Azure_us-east2 12122
Get_Thrift_Server_Storage_us-east2 12161
Get_Azure_us-east2 16664
Get_Thrift_Server_Storage_us-east2 16691
Get_Azure_us-east2 11891
Get_Thrift_Server_Storage_us-east2 11932
Get_Azure_us-east2 13026
Get_Thrift_Server_Storage_us-east2 13062
Get_Azure_us-east2 10716
Get_Thrift_Server_Storage_us-east2 10756
Get_Azure_us-east2 11653
Get_Thrift_Server_Storage_us-east2 11695
Get_Azure_us-east2 40807
Get_Thrift_Server_Storage_us-east2 40845
Get_Azure_us-east2 12753
Get_Thrift_Server_Storage_us-east2 12797
Get_Azure_us-east2 11407
Get_Thrift_Server_Storage_us-east2 11434
Get_Azure_us-east2 11856
Get_Thrift_Server_Storage_us-east2 11888
Get_Azure_us-east2 28300
Get_Thrift_Server_Storage_us-east2 28337
Get_Azure_us-east2 11229
Get_Thrift_Server_Storage_us-east2 11256
Get_Azure_us-east2 35257
Get_Thrift_Server_Storage_us-east2 35289
Get_Azure_us-east2 11367
Get_Thrift_Server_Storage_us-east2 11407
Get_Azure_us-east2 38562
Get_Thrift_Server_Storage_us-east2 38588
Get_Azure_us-east2 12064
Get_Thrift_Server_Storage_us-east2 12386
Get_Azure_us-east2 11618
Get_Thrift_Server_Storage_us-east2 11660
Get_Azure_us-east2 11770
Get_Thrift_Server_Storage_us-east2 11803
Get_Azure_us-east2 11673
Get_Thrift_Server_Storage_us-east2 11705
Get_Azure_us-east2 11683
Get_Thrift_Server_Storage_us-east2 11710
Get_Azure_us-east2 25312
Get_Thrift_Server_Storage_us-east2 25340
Get_Azure_us-east2 11849
Get_Thrift_Server_Storage_us-east2 11945
Get_Azure_us-east2 11059
Get_Thrift_Server_Storage_us-east2 11104
Get_Azure_us-east2 245789
Get_Thrift_Server_Storage_us-east2 245819
Get_Azure_us-east2 10604
Get_Thrift_Server_Storage_us-east2 10642
Get_Azure_us-east2 11595
Get_Thrift_Server_Storage_us-east2 11625
Get_Azure_us-east2 11075
Get_Thrift_Server_Storage_us-east2 11109
Get_Azure_us-east2 11165
Get_Thrift_Server_Storage_us-east2 11190
Get_Azure_us-east2 11247
Get_Thrift_Server_Storage_us-east2 11275
Get_Azure_us-east2 12340
Get_Thrift_Server_Storage_us-east2 12387
Get_Azure_us-east2 10462
Get_Thrift_Server_Storage_us-east2 10504
Get_Azure_us-east2 12417
Get_Thrift_Server_Storage_us-east2 12450
Get_Azure_us-east2 40017
Get_Thrift_Server_Storage_us-east2 40051
Get_Azure_us-east2 15255
Get_Thrift_Server_Storage_us-east2 15291
Get_Azure_us-east2 14532
Get_Thrift_Server_Storage_us-east2 14560
Get_Azure_us-east2 10574
Get_Thrift_Server_Storage_us-east2 10598
Get_Azure_us-east2 23648
Get_Thrift_Server_Storage_us-east2 23673
Get_Azure_us-east2 26174
Get_Thrift_Server_Storage_us-east2 26201
Get_Azure_us-east2 11266
Get_Thrift_Server_Storage_us-east2 11322
Get_Azure_us-east2 12653
Get_Thrift_Server_Storage_us-east2 12682
Get_Azure_us-east2 10720
Get_Thrift_Server_Storage_us-east2 10755
Get_Azure_us-east2 29523
Get_Thrift_Server_Storage_us-east2 29555
Get_Azure_us-east2 13785
Get_Thrift_Server_Storage_us-east2 13811
Get_Azure_us-east2 10988
Get_Thrift_Server_Storage_us-east2 11016
Get_Azure_us-east2 12171
Get_Thrift_Server_Storage_us-east2 12201
Get_Azure_us-east2 11496
Get_Thrift_Server_Storage_us-east2 11523
Get_Azure_us-east2 12751
Get_Thrift_Server_Storage_us-east2 12787
Get_Azure_us-east2 12757
Get_Thrift_Server_Storage_us-east2 12778
Get_Azure_us-east2 10639
Get_Thrift_Server_Storage_us-east2 10662
Get_Azure_us-east2 17054
Get_Thrift_Server_Storage_us-east2 17077
Get_Azure_us-east2 13714
Get_Thrift_Server_Storage_us-east2 13740
Get_Azure_us-east2 10588
Get_Thrift_Server_Storage_us-east2 10614
Get_Azure_us-east2 11912
Get_Thrift_Server_Storage_us-east2 11945
Get_Azure_us-east2 11764
Get_Thrift_Server_Storage_us-east2 11786
Get_Azure_us-east2 12726
Get_Thrift_Server_Storage_us-east2 12751
Get_Azure_us-east2 11024
Get_Thrift_Server_Storage_us-east2 11046
Get_Azure_us-east2 11139
Get_Thrift_Server_Storage_us-east2 11168
Get_Azure_us-east2 11145
Get_Thrift_Server_Storage_us-east2 11168
Get_Azure_us-east2 11044
Get_Thrift_Server_Storage_us-east2 11065
Get_Azure_us-east2 11312
Get_Thrift_Server_Storage_us-east2 11337
Get_Azure_us-east2 11540
Get_Thrift_Server_Storage_us-east2 11560
Get_Azure_us-east2 10879
Get_Thrift_Server_Storage_us-east2 10915
Get_Azure_us-east2 15181
Get_Thrift_Server_Storage_us-east2 15220
Get_Azure_us-east2 14112
Get_Thrift_Server_Storage_us-east2 14148
Get_Azure_us-east2 11729
Get_Thrift_Server_Storage_us-east2 11755
Get_Azure_us-east2 9108
Get_Thrift_Server_Storage_us-east2 9137
Get_Azure_us-east2 27095
Get_Thrift_Server_Storage_us-east2 27121
Get_Azure_us-east2 11840
Get_Thrift_Server_Storage_us-east2 11877
Get_Azure_us-east2 14754
Get_Thrift_Server_Storage_us-east2 14794
Get_Azure_us-east2 12503
Get_Thrift_Server_Storage_us-east2 12547
Get_Azure_us-east2 12206
Get_Thrift_Server_Storage_us-east2 12245
Get_Azure_us-east2 172105
Get_Thrift_Server_Storage_us-east2 172132
Get_Azure_us-east2 13794
Get_Thrift_Server_Storage_us-east2 13852
Get_Azure_us-east2 11760
Get_Thrift_Server_Storage_us-east2 11812
Get_Azure_us-east2 12620
Get_Thrift_Server_Storage_us-east2 12653
Get_Azure_us-east2 10948
Get_Thrift_Server_Storage_us-east2 10975
Get_Azure_us-east2 11248
Get_Thrift_Server_Storage_us-east2 11277
Get_Azure_us-east2 8897
Get_Thrift_Server_Storage_us-east2 8922
Get_Azure_us-east2 411669
Get_Thrift_Server_Storage_us-east2 411699
Get_Azure_us-east2 9788
Get_Thrift_Server_Storage_us-east2 9821
Get_Azure_us-east2 8787
Get_Thrift_Server_Storage_us-east2 8811
Get_Azure_us-east2 8746
Get_Thrift_Server_Storage_us-east2 8796
Get_Azure_us-east2 8950
Get_Thrift_Server_Storage_us-east2 8979
Get_Azure_us-east2 9121
Get_Thrift_Server_Storage_us-east2 9164
Get_Azure_us-east2 12210
Get_Thrift_Server_Storage_us-east2 12257
Get_Azure_us-east2 20436
Get_Thrift_Server_Storage_us-east2 20471
Get_Azure_us-east2 9095
Get_Thrift_Server_Storage_us-east2 9143
Get_Azure_us-east2 8837
Get_Thrift_Server_Storage_us-east2 8863
Get_Azure_us-east2 9567
Get_Thrift_Server_Storage_us-east2 9589
Get_Azure_us-east2 11481
Get_Thrift_Server_Storage_us-east2 11539
Get_Azure_us-east2 8890
Get_Thrift_Server_Storage_us-east2 8918
Get_Azure_us-east2 8847
Get_Thrift_Server_Storage_us-east2 8874
Get_Azure_us-east2 28321
Get_Thrift_Server_Storage_us-east2 28348
Get_Azure_us-east2 9142
Get_Thrift_Server_Storage_us-east2 9167
Get_Azure_us-east2 16631
Get_Thrift_Server_Storage_us-east2 16658
Get_Azure_us-east2 12134
Get_Thrift_Server_Storage_us-east2 12164
Get_Azure_us-east2 11258
Get_Thrift_Server_Storage_us-east2 11308
Get_Azure_us-east2 7985
Get_Thrift_Server_Storage_us-east2 8011
Get_Azure_us-east2 9416
Get_Thrift_Server_Storage_us-east2 9468
Get_Azure_us-east2 10619
Get_Thrift_Server_Storage_us-east2 10651
Get_Azure_us-east2 11535
Get_Thrift_Server_Storage_us-east2 11567
Get_Azure_us-east2 8676
Get_Thrift_Server_Storage_us-east2 8719
Get_Azure_us-east2 9453
Get_Thrift_Server_Storage_us-east2 9490
Get_Azure_us-east2 8622
Get_Thrift_Server_Storage_us-east2 8662
Get_Azure_us-east2 10085
Get_Thrift_Server_Storage_us-east2 10112
Get_Azure_us-east2 8871
Get_Thrift_Server_Storage_us-east2 8921
Get_Azure_us-east2 23545
Get_Thrift_Server_Storage_us-east2 23572
Get_Azure_us-east2 32544
Get_Thrift_Server_Storage_us-east2 32569
Get_Azure_us-east2 8969
Get_Thrift_Server_Storage_us-east2 9007
Get_Azure_us-east2 8738
Get_Thrift_Server_Storage_us-east2 8784
Get_Azure_us-east2 97020
Get_Thrift_Server_Storage_us-east2 97048
Get_Azure_us-east2 8671
Get_Thrift_Server_Storage_us-east2 8693
Get_Azure_us-east2 8681
Get_Thrift_Server_Storage_us-east2 8729
Get_Azure_us-east2 10127
Get_Thrift_Server_Storage_us-east2 10163
Get_Azure_us-east2 77473
Get_Thrift_Server_Storage_us-east2 77520
Get_Azure_us-east2 7721
Get_Thrift_Server_Storage_us-east2 7751
Get_Azure_us-east2 9023
Get_Thrift_Server_Storage_us-east2 9049
Get_Azure_us-east2 8701
Get_Thrift_Server_Storage_us-east2 9094
Get_Azure_us-east2 22290
Get_Thrift_Server_Storage_us-east2 22317
Get_Azure_us-east2 10298
Get_Thrift_Server_Storage_us-east2 10325
Get_Azure_us-east2 9110
Get_Thrift_Server_Storage_us-east2 9139
Get_Azure_us-east2 8114
Get_Thrift_Server_Storage_us-east2 8136
Get_Azure_us-east2 7921
Get_Thrift_Server_Storage_us-east2 7962
Get_Azure_us-east2 8633
Get_Thrift_Server_Storage_us-east2 8668
Get_Azure_us-east2 9564
Get_Thrift_Server_Storage_us-east2 9592
Get_Azure_us-east2 18925
Get_Thrift_Server_Storage_us-east2 18954
Get_Azure_us-east2 12444
Get_Thrift_Server_Storage_us-east2 12483
Get_Azure_us-east2 9732
Get_Thrift_Server_Storage_us-east2 9767
Get_Azure_us-east2 20155
Get_Thrift_Server_Storage_us-east2 20201
Get_Azure_us-east2 8304
Get_Thrift_Server_Storage_us-east2 8364
Get_Azure_us-east2 17189
Get_Thrift_Server_Storage_us-east2 17228
Get_Azure_us-east2 10323
Get_Thrift_Server_Storage_us-east2 10350
Get_Azure_us-east2 8642
Get_Thrift_Server_Storage_us-east2 8669
Get_Azure_us-east2 8783
Get_Thrift_Server_Storage_us-east2 8834
Get_Azure_us-east2 8189
Get_Thrift_Server_Storage_us-east2 8235
Get_Azure_us-east2 7910
Get_Thrift_Server_Storage_us-east2 7934
Get_Azure_us-east2 8898
Get_Thrift_Server_Storage_us-east2 8930
Get_Azure_us-east2 8554
Get_Thrift_Server_Storage_us-east2 8600
Get_Azure_us-east2 10008
Get_Thrift_Server_Storage_us-east2 10037
Get_Azure_us-east2 23968
Get_Thrift_Server_Storage_us-east2 23994
Get_Azure_us-east2 9094
Get_Thrift_Server_Storage_us-east2 9121
Get_Azure_us-east2 12509
Get_Thrift_Server_Storage_us-east2 12560
Get_Azure_us-east2 111747
Get_Thrift_Server_Storage_us-east2 111777
Get_Azure_us-east2 8713
Get_Thrift_Server_Storage_us-east2 8739
Get_Azure_us-east2 16338
Get_Thrift_Server_Storage_us-east2 16377
Get_Azure_us-east2 10026
Get_Thrift_Server_Storage_us-east2 10056
Get_Azure_us-east2 9708
Get_Thrift_Server_Storage_us-east2 9739
Get_Azure_us-east2 10145
Get_Thrift_Server_Storage_us-east2 10173
Get_Azure_us-east2 10143
Get_Thrift_Server_Storage_us-east2 10170
Get_Azure_us-east2 9490
Get_Thrift_Server_Storage_us-east2 9518
Get_Azure_us-east2 8881
Get_Thrift_Server_Storage_us-east2 8932
Get_Azure_us-east2 8754
Get_Thrift_Server_Storage_us-east2 8798
Get_Azure_us-east2 9299
Get_Thrift_Server_Storage_us-east2 9326
Get_Azure_us-east2 10371
Get_Thrift_Server_Storage_us-east2 10414
Get_Azure_us-east2 13441
Get_Thrift_Server_Storage_us-east2 13482
Get_Azure_us-east2 9132
Get_Thrift_Server_Storage_us-east2 9174
Get_Azure_us-east2 83725
Get_Thrift_Server_Storage_us-east2 83767
Get_Azure_us-east2 9070
Get_Thrift_Server_Storage_us-east2 9098
Get_Azure_us-east2 11946
Get_Thrift_Server_Storage_us-east2 11977
Get_Azure_us-east2 51698
Get_Thrift_Server_Storage_us-east2 51733
Get_Azure_us-east2 11503
Get_Thrift_Server_Storage_us-east2 11528
Get_Azure_us-east2 7237
Get_Thrift_Server_Storage_us-east2 7265
Get_Azure_us-east2 10325
Get_Thrift_Server_Storage_us-east2 10353
Get_Azure_us-east2 13191
Get_Thrift_Server_Storage_us-east2 13234
Get_Azure_us-east2 7910
Get_Thrift_Server_Storage_us-east2 7935
Get_Azure_us-east2 8529
Get_Thrift_Server_Storage_us-east2 8565
Get_Azure_us-east2 7582
Get_Thrift_Server_Storage_us-east2 7608
Get_Azure_us-east2 8455
Get_Thrift_Server_Storage_us-east2 8475
Get_Azure_us-east2 8524
Get_Thrift_Server_Storage_us-east2 8568
Get_Azure_us-east2 10912
Get_Thrift_Server_Storage_us-east2 10959
Get_Azure_us-east2 15342
Get_Thrift_Server_Storage_us-east2 15376
Get_Azure_us-east2 7436
Get_Thrift_Server_Storage_us-east2 7475
Get_Azure_us-east2 7649
Get_Thrift_Server_Storage_us-east2 7671
Get_Azure_us-east2 7666
Get_Thrift_Server_Storage_us-east2 7689
Get_Azure_us-east2 8788
Get_Thrift_Server_Storage_us-east2 8824
Get_Azure_us-east2 8846
Get_Thrift_Server_Storage_us-east2 8872
Get_Azure_us-east2 8048
Get_Thrift_Server_Storage_us-east2 8085
Get_Azure_us-east2 8392
Get_Thrift_Server_Storage_us-east2 8417
Get_Azure_us-east2 7854
Get_Thrift_Server_Storage_us-east2 7880
Get_Azure_us-east2 23951
Get_Thrift_Server_Storage_us-east2 23979
Get_Azure_us-east2 19271
Get_Thrift_Server_Storage_us-east2 19298
Get_Azure_us-east2 8740
Get_Thrift_Server_Storage_us-east2 8770
Get_Azure_us-east2 7993
Get_Thrift_Server_Storage_us-east2 8018
Get_Azure_us-east2 8444
Get_Thrift_Server_Storage_us-east2 8479
Get_Azure_us-east2 8786
Get_Thrift_Server_Storage_us-east2 8815
Get_Azure_us-east2 10180
Get_Thrift_Server_Storage_us-east2 10204
Get_Azure_us-east2 8574
Get_Thrift_Server_Storage_us-east2 8604
Get_Azure_us-east2 9787
Get_Thrift_Server_Storage_us-east2 9841
Get_Azure_us-east2 8305
Get_Thrift_Server_Storage_us-east2 8338
Get_Azure_us-east2 9040
Get_Thrift_Server_Storage_us-east2 9068
Get_Azure_us-east2 7937
Get_Thrift_Server_Storage_us-east2 7965
Get_Azure_us-east2 9090
Get_Thrift_Server_Storage_us-east2 9124
Get_Azure_us-east2 26083
Get_Thrift_Server_Storage_us-east2 26108
Get_Azure_us-east2 11260
Get_Thrift_Server_Storage_us-east2 11326
Get_Azure_us-east2 7465
Get_Thrift_Server_Storage_us-east2 7514
Get_Azure_us-east2 11828
Get_Thrift_Server_Storage_us-east2 11860
Get_Azure_us-east2 9445
Get_Thrift_Server_Storage_us-east2 9485
Get_Azure_us-east2 7784
Get_Thrift_Server_Storage_us-east2 7816
Get_Azure_us-east2 7777
Get_Thrift_Server_Storage_us-east2 7843
Get_Azure_us-east2 34546
Get_Thrift_Server_Storage_us-east2 34574
Get_Azure_us-east2 8851
Get_Thrift_Server_Storage_us-east2 8886
Get_Azure_us-east2 15962
Get_Thrift_Server_Storage_us-east2 15998
Get_Azure_us-east2 8108
Get_Thrift_Server_Storage_us-east2 8138
Get_Azure_us-east2 8100
Get_Thrift_Server_Storage_us-east2 8134
Get_Azure_us-east2 13488
Get_Thrift_Server_Storage_us-east2 13541
Get_Azure_us-east2 9134
Get_Thrift_Server_Storage_us-east2 9192
Get_Azure_us-east2 9327
Get_Thrift_Server_Storage_us-east2 9356
Get_Azure_us-east2 8179
Get_Thrift_Server_Storage_us-east2 8205
Get_Azure_us-east2 8309
Get_Thrift_Server_Storage_us-east2 8358
Get_Azure_us-east2 19059
Get_Thrift_Server_Storage_us-east2 19088
Get_Azure_us-east2 9527
Get_Thrift_Server_Storage_us-east2 9560
Get_Azure_us-east2 20872
Get_Thrift_Server_Storage_us-east2 20907
Get_Azure_us-east2 67245
Get_Thrift_Server_Storage_us-east2 67271
Get_Azure_us-east2 8938
Get_Thrift_Server_Storage_us-east2 8967
Get_Azure_us-east2 8172
Get_Thrift_Server_Storage_us-east2 8204
Get_Azure_us-east2 8674
Get_Thrift_Server_Storage_us-east2 8701
Get_Azure_us-east2 9686
Get_Thrift_Server_Storage_us-east2 9710
Get_Azure_us-east2 8428
Get_Thrift_Server_Storage_us-east2 8451
Get_Azure_us-east2 8570
Get_Thrift_Server_Storage_us-east2 8598
Get_Azure_us-east2 11856
Get_Thrift_Server_Storage_us-east2 11903
Get_Azure_us-east2 8256
Get_Thrift_Server_Storage_us-east2 8305
Get_Azure_us-east2 8544
Get_Thrift_Server_Storage_us-east2 8572
Get_Azure_us-east2 8516
Get_Thrift_Server_Storage_us-east2 8551
Get_Azure_us-east2 7995
Get_Thrift_Server_Storage_us-east2 8035
Get_Azure_us-east2 8956
Get_Thrift_Server_Storage_us-east2 8982
Get_Azure_us-east2 17352
Get_Thrift_Server_Storage_us-east2 17376
Get_Azure_us-east2 8390
Get_Thrift_Server_Storage_us-east2 8434
Get_Azure_us-east2 8418
Get_Thrift_Server_Storage_us-east2 8452
Get_Azure_us-east2 9289
Get_Thrift_Server_Storage_us-east2 9330
Get_Azure_us-east2 8516
Get_Thrift_Server_Storage_us-east2 8543
Get_Azure_us-east2 9926
Get_Thrift_Server_Storage_us-east2 9954
Get_Azure_us-east2 9630
Get_Thrift_Server_Storage_us-east2 9682
Get_Azure_us-east2 9684
Get_Thrift_Server_Storage_us-east2 9710
Get_Azure_us-east2 8216
Get_Thrift_Server_Storage_us-east2 8260
Get_Azure_us-east2 9365
Get_Thrift_Server_Storage_us-east2 9392
Get_Azure_us-east2 8633
Get_Thrift_Server_Storage_us-east2 8685
Get_Azure_us-east2 8077
Get_Thrift_Server_Storage_us-east2 8137
Get_Azure_us-east2 8831
Get_Thrift_Server_Storage_us-east2 8859
Get_Azure_us-east2 24718
Get_Thrift_Server_Storage_us-east2 24746
Get_Azure_us-east2 16193
Get_Thrift_Server_Storage_us-east2 16233
Get_Azure_us-east2 8782
Get_Thrift_Server_Storage_us-east2 8811
Get_Azure_us-east2 13025
Get_Thrift_Server_Storage_us-east2 13058
Get_Azure_us-east2 12346
Get_Thrift_Server_Storage_us-east2 12393
Get_Azure_us-east2 13005
Get_Thrift_Server_Storage_us-east2 13034
Get_Azure_us-east2 10218
Get_Thrift_Server_Storage_us-east2 10244
Get_Azure_us-east2 28374
Get_Thrift_Server_Storage_us-east2 28404
Get_Azure_us-east2 8443
Get_Thrift_Server_Storage_us-east2 8471
Get_Azure_us-east2 14418
Get_Thrift_Server_Storage_us-east2 14446
Get_Azure_us-east2 9373
Get_Thrift_Server_Storage_us-east2 9417
Get_Azure_us-east2 10527
Get_Thrift_Server_Storage_us-east2 10577
Get_Azure_us-east2 8122
Get_Thrift_Server_Storage_us-east2 8146
Get_Azure_us-east2 23801
Get_Thrift_Server_Storage_us-east2 23828
Get_Azure_us-east2 8643
Get_Thrift_Server_Storage_us-east2 8693
Get_Azure_us-east2 9871
Get_Thrift_Server_Storage_us-east2 9916
Get_Azure_us-east2 9034
Get_Thrift_Server_Storage_us-east2 9067
Get_Azure_us-east2 8645
Get_Thrift_Server_Storage_us-east2 8673
Get_Azure_us-east2 26921
Get_Thrift_Server_Storage_us-east2 26950
Get_Azure_us-east2 35348
Get_Thrift_Server_Storage_us-east2 35434
Get_Azure_us-east2 12245
Get_Thrift_Server_Storage_us-east2 12277
Get_Azure_us-east2 14353
Get_Thrift_Server_Storage_us-east2 14382
Get_Azure_us-east2 13794
Get_Thrift_Server_Storage_us-east2 13824
Get_Azure_us-east2 10390
Get_Thrift_Server_Storage_us-east2 10432
Get_Azure_us-east2 8051
Get_Thrift_Server_Storage_us-east2 8084
Get_Azure_us-east2 8913
Get_Thrift_Server_Storage_us-east2 8941
Get_Azure_us-east2 8504
Get_Thrift_Server_Storage_us-east2 8548
Get_Azure_us-east2 13563
Get_Thrift_Server_Storage_us-east2 13592
Get_Azure_us-east2 8792
Get_Thrift_Server_Storage_us-east2 8839
Get_Azure_us-east2 9595
Get_Thrift_Server_Storage_us-east2 9644
Get_Azure_us-east2 8690
Get_Thrift_Server_Storage_us-east2 8721
Get_Azure_us-east2 7964
Get_Thrift_Server_Storage_us-east2 8011
Get_Azure_us-east2 8974
Get_Thrift_Server_Storage_us-east2 9001
Get_Azure_us-east2 8942
Get_Thrift_Server_Storage_us-east2 8980
Get_Azure_us-east2 9279
Get_Thrift_Server_Storage_us-east2 9315
Get_Azure_us-east2 94007
Get_Thrift_Server_Storage_us-east2 94038
Get_Azure_us-east2 7812
Get_Thrift_Server_Storage_us-east2 7856
Get_Azure_us-east2 8369
Get_Thrift_Server_Storage_us-east2 8411
Get_Azure_us-east2 8620
Get_Thrift_Server_Storage_us-east2 8658
Get_Azure_us-east2 13690
Get_Thrift_Server_Storage_us-east2 13729
Get_Azure_us-east2 9582
Get_Thrift_Server_Storage_us-east2 9612
Get_Azure_us-east2 9245
Get_Thrift_Server_Storage_us-east2 9270
Get_Azure_us-east2 9167
Get_Thrift_Server_Storage_us-east2 9208
Get_Azure_us-east2 9488
Get_Thrift_Server_Storage_us-east2 9538
Get_Azure_us-east2 8563
Get_Thrift_Server_Storage_us-east2 8591
Get_Azure_us-east2 9361
Get_Thrift_Server_Storage_us-east2 9396
Get_Azure_us-east2 8838
Get_Thrift_Server_Storage_us-east2 8867
Get_Azure_us-east2 16903
Get_Thrift_Server_Storage_us-east2 16930
Get_Azure_us-east2 27660
Get_Thrift_Server_Storage_us-east2 27689
Get_Azure_us-east2 9377
Get_Thrift_Server_Storage_us-east2 9419
Get_Azure_us-east2 9076
Get_Thrift_Server_Storage_us-east2 9102
Get_Azure_us-east2 10890
Get_Thrift_Server_Storage_us-east2 10931
Get_Azure_us-east2 9512
Get_Thrift_Server_Storage_us-east2 9541
Get_Azure_us-east2 8938
Get_Thrift_Server_Storage_us-east2 8976
Get_Azure_us-east2 10986
Get_Thrift_Server_Storage_us-east2 11014
Get_Azure_us-east2 11269
Get_Thrift_Server_Storage_us-east2 11318
Get_Azure_us-east2 8721
Get_Thrift_Server_Storage_us-east2 8791
Get_Azure_us-east2 19519
Get_Thrift_Server_Storage_us-east2 19545
Get_Azure_us-east2 9591
Get_Thrift_Server_Storage_us-east2 9639
Get_Azure_us-east2 82467
Get_Thrift_Server_Storage_us-east2 82511
Get_Azure_us-east2 12005
Get_Thrift_Server_Storage_us-east2 12053
Get_Azure_us-east2 8678
Get_Thrift_Server_Storage_us-east2 8722
Get_Azure_us-east2 10674
Get_Thrift_Server_Storage_us-east2 10704
Get_Azure_us-east2 11689
Get_Thrift_Server_Storage_us-east2 11730
Get_Azure_us-east2 11087
Get_Thrift_Server_Storage_us-east2 11146
Get_Azure_us-east2 23308
Get_Thrift_Server_Storage_us-east2 23342
Get_Azure_us-east2 9920
Get_Thrift_Server_Storage_us-east2 9949
Get_Azure_us-east2 11395
Get_Thrift_Server_Storage_us-east2 11420
Get_Azure_us-east2 11536
Get_Thrift_Server_Storage_us-east2 11564
Get_Azure_us-east2 8442
Get_Thrift_Server_Storage_us-east2 8470
Get_Azure_us-east2 15037
Get_Thrift_Server_Storage_us-east2 15079
Get_Azure_us-east2 8859
Get_Thrift_Server_Storage_us-east2 8891
Get_Azure_us-east2 37743
Get_Thrift_Server_Storage_us-east2 37782
Get_Azure_us-east2 8728
Get_Thrift_Server_Storage_us-east2 8754
Get_Azure_us-east2 8528
Get_Thrift_Server_Storage_us-east2 8549
Get_Azure_us-east2 8448
Get_Thrift_Server_Storage_us-east2 8485
Get_Azure_us-east2 7445
Get_Thrift_Server_Storage_us-east2 7473
Get_Azure_us-east2 15974
Get_Thrift_Server_Storage_us-east2 15999
Get_Azure_us-east2 8047
Get_Thrift_Server_Storage_us-east2 8064
Get_Azure_us-east2 10094
Get_Thrift_Server_Storage_us-east2 10112
Get_Azure_us-east2 8737
Get_Thrift_Server_Storage_us-east2 8762
Get_Azure_us-east2 9772
Get_Thrift_Server_Storage_us-east2 9802
Get_Azure_us-east2 14366
Get_Thrift_Server_Storage_us-east2 14411
Get_Azure_us-east2 7444
Get_Thrift_Server_Storage_us-east2 7471
Get_Azure_us-east2 19668
Get_Thrift_Server_Storage_us-east2 19713
Get_Azure_us-east2 14739
Get_Thrift_Server_Storage_us-east2 14764
Get_Azure_us-east2 23202
Get_Thrift_Server_Storage_us-east2 23228
Get_Azure_us-east2 44870
Get_Thrift_Server_Storage_us-east2 44896
Get_Azure_us-east2 7698
Get_Thrift_Server_Storage_us-east2 7720
Get_Azure_us-east2 7473
Get_Thrift_Server_Storage_us-east2 7512
Get_Azure_us-east2 14991
Get_Thrift_Server_Storage_us-east2 15019
Get_Azure_us-east2 7794
Get_Thrift_Server_Storage_us-east2 7835
Get_Azure_us-east2 61769
Get_Thrift_Server_Storage_us-east2 61807
Get_Azure_us-east2 19782
Get_Thrift_Server_Storage_us-east2 19844
Get_Azure_us-east2 8003
Get_Thrift_Server_Storage_us-east2 8039
Get_Azure_us-east2 9435
Get_Thrift_Server_Storage_us-east2 9463
Get_Azure_us-east2 8705
Get_Thrift_Server_Storage_us-east2 8735
Get_Azure_us-east2 9012
Get_Thrift_Server_Storage_us-east2 9076
Get_Azure_us-east2 9920
Get_Thrift_Server_Storage_us-east2 9949
Get_Azure_us-east2 9532
Get_Thrift_Server_Storage_us-east2 9572
Get_Azure_us-east2 9426
Get_Thrift_Server_Storage_us-east2 9457
Get_Azure_us-east2 8248
Get_Thrift_Server_Storage_us-east2 8297
Get_Azure_us-east2 9493
Get_Thrift_Server_Storage_us-east2 9517
Get_Azure_us-east2 9115
Get_Thrift_Server_Storage_us-east2 9150
Get_Azure_us-east2 8969
Get_Thrift_Server_Storage_us-east2 8994
Get_Azure_us-east2 8844
Get_Thrift_Server_Storage_us-east2 8870
Get_Azure_us-east2 9672
Get_Thrift_Server_Storage_us-east2 9707
Get_Azure_us-east2 9277
Get_Thrift_Server_Storage_us-east2 9304
Get_Azure_us-east2 9912
Get_Thrift_Server_Storage_us-east2 9983
Get_Azure_us-east2 8958
Get_Thrift_Server_Storage_us-east2 9007
Get_Azure_us-east2 8178
Get_Thrift_Server_Storage_us-east2 8227
Get_Azure_us-east2 9022
Get_Thrift_Server_Storage_us-east2 9079
Get_Azure_us-east2 22883
Get_Thrift_Server_Storage_us-east2 22909
Get_Azure_us-east2 10290
Get_Thrift_Server_Storage_us-east2 10333
Get_Azure_us-east2 9580
Get_Thrift_Server_Storage_us-east2 9610
Get_Azure_us-east2 8735
Get_Thrift_Server_Storage_us-east2 8795
Get_Azure_us-east2 8116
Get_Thrift_Server_Storage_us-east2 8183
Get_Azure_us-east2 8831
Get_Thrift_Server_Storage_us-east2 8858
Get_Azure_us-east2 9209
Get_Thrift_Server_Storage_us-east2 9261
Get_Azure_us-east2 40283
Get_Thrift_Server_Storage_us-east2 40352
Get_Azure_us-east2 11201
Get_Thrift_Server_Storage_us-east2 11231
Get_Azure_us-east2 8686
Get_Thrift_Server_Storage_us-east2 8726
Get_Azure_us-east2 8503
Get_Thrift_Server_Storage_us-east2 8544
Get_Azure_us-east2 8574
Get_Thrift_Server_Storage_us-east2 8605
Get_Azure_us-east2 8067
Get_Thrift_Server_Storage_us-east2 8095
Get_Azure_us-east2 8747
Get_Thrift_Server_Storage_us-east2 8789
Get_Azure_us-east2 7558
Get_Thrift_Server_Storage_us-east2 7591
Get_Azure_us-east2 52947
Get_Thrift_Server_Storage_us-east2 52982
Get_Azure_us-east2 11321
Get_Thrift_Server_Storage_us-east2 11373
Get_Azure_us-east2 9090
Get_Thrift_Server_Storage_us-east2 9125
Get_Azure_us-east2 11860
Get_Thrift_Server_Storage_us-east2 11887
Get_Azure_us-east2 8721
Get_Thrift_Server_Storage_us-east2 8767
Get_Azure_us-east2 10132
Get_Thrift_Server_Storage_us-east2 10166
Get_Azure_us-east2 9073
Get_Thrift_Server_Storage_us-east2 9111
Get_Azure_us-east2 32799
Get_Thrift_Server_Storage_us-east2 32838
Get_Azure_us-east2 8643
Get_Thrift_Server_Storage_us-east2 8679
Get_Azure_us-east2 8854
Get_Thrift_Server_Storage_us-east2 8946
Get_Azure_us-east2 8184
Get_Thrift_Server_Storage_us-east2 8213
Get_Azure_us-east2 18580
Get_Thrift_Server_Storage_us-east2 18609
Get_Azure_us-east2 9319
Get_Thrift_Server_Storage_us-east2 9342
Get_Azure_us-east2 8419
Get_Thrift_Server_Storage_us-east2 8460
Get_Azure_us-east2 9894
Get_Thrift_Server_Storage_us-east2 9922
Get_Azure_us-east2 8943
Get_Thrift_Server_Storage_us-east2 8999
Get_Azure_us-east2 8301
Get_Thrift_Server_Storage_us-east2 8333
Get_Azure_us-east2 9143
Get_Thrift_Server_Storage_us-east2 9177
Get_Azure_us-east2 8600
Get_Thrift_Server_Storage_us-east2 8632
Get_Azure_us-east2 33862
Get_Thrift_Server_Storage_us-east2 33900
Get_Azure_us-east2 19740
Get_Thrift_Server_Storage_us-east2 19787
Get_Azure_us-east2 9084
Get_Thrift_Server_Storage_us-east2 9112
Get_Azure_us-east2 74362
Get_Thrift_Server_Storage_us-east2 74393
Get_Azure_us-east2 7540
Get_Thrift_Server_Storage_us-east2 7563
Get_Azure_us-east2 8258
Get_Thrift_Server_Storage_us-east2 8292
Get_Azure_us-east2 8999
Get_Thrift_Server_Storage_us-east2 9032
Get_Azure_us-east2 11732
Get_Thrift_Server_Storage_us-east2 11767
Get_Azure_us-east2 8845
Get_Thrift_Server_Storage_us-east2 8888
Get_Azure_us-east2 9933
Get_Thrift_Server_Storage_us-east2 9993
Get_Azure_us-east2 8135
Get_Thrift_Server_Storage_us-east2 8173
Get_Azure_us-east2 8505
Get_Thrift_Server_Storage_us-east2 8547
Get_Azure_us-east2 8827
Get_Thrift_Server_Storage_us-east2 8860
Get_Azure_us-east2 8876
Get_Thrift_Server_Storage_us-east2 8909
Get_Azure_us-east2 17376
Get_Thrift_Server_Storage_us-east2 17410
Get_Azure_us-east2 10034
Get_Thrift_Server_Storage_us-east2 10060
Get_Azure_us-east2 8943
Get_Thrift_Server_Storage_us-east2 8969
Get_Azure_us-east2 8327
Get_Thrift_Server_Storage_us-east2 8365
Get_Azure_us-east2 7765
Get_Thrift_Server_Storage_us-east2 7831
Get_Azure_us-east2 33039
Get_Thrift_Server_Storage_us-east2 33072
Get_Azure_us-east2 8392
Get_Thrift_Server_Storage_us-east2 8451
Get_Azure_us-east2 7804
Get_Thrift_Server_Storage_us-east2 7850
Get_Azure_us-east2 8570
Get_Thrift_Server_Storage_us-east2 8610
Get_Azure_us-east2 9185
Get_Thrift_Server_Storage_us-east2 9220
Get_Azure_us-east2 9046
Get_Thrift_Server_Storage_us-east2 9079
Get_Azure_us-east2 8967
Get_Thrift_Server_Storage_us-east2 9027
Get_Azure_us-east2 45445
Get_Thrift_Server_Storage_us-east2 45486
Get_Azure_us-east2 8718
Get_Thrift_Server_Storage_us-east2 8759
Get_Azure_us-east2 8331
Get_Thrift_Server_Storage_us-east2 8365
Get_Azure_us-east2 43702
Get_Thrift_Server_Storage_us-east2 43741
Get_Azure_us-east2 20238
Get_Thrift_Server_Storage_us-east2 20275
Get_Azure_us-east2 8527
Get_Thrift_Server_Storage_us-east2 8578
Get_Azure_us-east2 10347
Get_Thrift_Server_Storage_us-east2 10380
Get_Azure_us-east2 15886
Get_Thrift_Server_Storage_us-east2 15933
Get_Azure_us-east2 8077
Get_Thrift_Server_Storage_us-east2 8112
Get_Azure_us-east2 8810
Get_Thrift_Server_Storage_us-east2 8844
Get_Azure_us-east2 11021
Get_Thrift_Server_Storage_us-east2 11045
Get_Azure_us-east2 8122
Get_Thrift_Server_Storage_us-east2 8162
Get_Azure_us-east2 68971
Get_Thrift_Server_Storage_us-east2 68993
Get_Azure_us-east2 46028
Get_Thrift_Server_Storage_us-east2 46052
Get_Azure_us-east2 8189
Get_Thrift_Server_Storage_us-east2 8219
Get_Azure_us-east2 7733
Get_Thrift_Server_Storage_us-east2 7768
Get_Azure_us-east2 8900
Get_Thrift_Server_Storage_us-east2 8936
Get_Azure_us-east2 8522
Get_Thrift_Server_Storage_us-east2 8547
Get_Azure_us-east2 9393
Get_Thrift_Server_Storage_us-east2 9414
Get_Azure_us-east2 25557
Get_Thrift_Server_Storage_us-east2 25614
Get_Azure_us-east2 7412
Get_Thrift_Server_Storage_us-east2 7451
Get_Azure_us-east2 9333
Get_Thrift_Server_Storage_us-east2 9359
Get_Azure_us-east2 8842
Get_Thrift_Server_Storage_us-east2 8870
Get_Azure_us-east2 10399
Get_Thrift_Server_Storage_us-east2 10440
Get_Azure_us-east2 9948
Get_Thrift_Server_Storage_us-east2 10014
Get_Azure_us-east2 8187
Get_Thrift_Server_Storage_us-east2 8220
Get_Azure_us-east2 8930
Get_Thrift_Server_Storage_us-east2 8967
Get_Azure_us-east2 15691
Get_Thrift_Server_Storage_us-east2 15727
Get_Azure_us-east2 9261
Get_Thrift_Server_Storage_us-east2 9294
Get_Azure_us-east2 9330
Get_Thrift_Server_Storage_us-east2 9355
Get_Azure_us-east2 18951
Get_Thrift_Server_Storage_us-east2 18991
Get_Azure_us-east2 9987
Get_Thrift_Server_Storage_us-east2 10020
Get_Azure_us-east2 17377
Get_Thrift_Server_Storage_us-east2 17424
Get_Azure_us-east2 9473
Get_Thrift_Server_Storage_us-east2 9498
Get_Azure_us-east2 9376
Get_Thrift_Server_Storage_us-east2 9405
Get_Azure_us-east2 31144
Get_Thrift_Server_Storage_us-east2 31182
Get_Azure_us-east2 8353
Get_Thrift_Server_Storage_us-east2 8399
Get_Azure_us-east2 89350
Get_Thrift_Server_Storage_us-east2 89377
Get_Azure_us-east2 13824
Get_Thrift_Server_Storage_us-east2 13859
Get_Azure_us-east2 7951
Get_Thrift_Server_Storage_us-east2 7986
Get_Azure_us-east2 11207
Get_Thrift_Server_Storage_us-east2 11229
Get_Azure_us-east2 13117
Get_Thrift_Server_Storage_us-east2 13139
Get_Azure_us-east2 7814
Get_Thrift_Server_Storage_us-east2 7835
Get_Azure_us-east2 20169
Get_Thrift_Server_Storage_us-east2 20193
Get_Azure_us-east2 7967
Get_Thrift_Server_Storage_us-east2 7991
Get_Azure_us-east2 9120
Get_Thrift_Server_Storage_us-east2 9138
Get_Azure_us-east2 7991
Get_Thrift_Server_Storage_us-east2 8020
Get_Azure_us-east2 9023
Get_Thrift_Server_Storage_us-east2 9073
Get_Azure_us-east2 9029
Get_Thrift_Server_Storage_us-east2 9054
Get_Azure_us-east2 8070
Get_Thrift_Server_Storage_us-east2 8096
Get_Azure_us-east2 65412
Get_Thrift_Server_Storage_us-east2 65444
Get_Azure_us-east2 8244
Get_Thrift_Server_Storage_us-east2 8274
Get_Azure_us-east2 10514
Get_Thrift_Server_Storage_us-east2 10546
Get_Azure_us-east2 20667
Get_Thrift_Server_Storage_us-east2 20712
Get_Azure_us-east2 10890
Get_Thrift_Server_Storage_us-east2 10917
Get_Azure_us-east2 8978
Get_Thrift_Server_Storage_us-east2 9045
Get_Azure_us-east2 9004
Get_Thrift_Server_Storage_us-east2 9041
Get_Azure_us-east2 8491
Get_Thrift_Server_Storage_us-east2 8535
Get_Azure_us-east2 18340
Get_Thrift_Server_Storage_us-east2 18387
Get_Azure_us-east2 9212
Get_Thrift_Server_Storage_us-east2 9239
Get_Azure_us-east2 8210
Get_Thrift_Server_Storage_us-east2 8243
Get_Azure_us-east2 19545
Get_Thrift_Server_Storage_us-east2 19588
Get_Azure_us-east2 8588
Get_Thrift_Server_Storage_us-east2 8615
Get_Azure_us-east2 40078
Get_Thrift_Server_Storage_us-east2 40112
Get_Azure_us-east2 11052
Get_Thrift_Server_Storage_us-east2 11090
Get_Azure_us-east2 7997
Get_Thrift_Server_Storage_us-east2 8041
Get_Azure_us-east2 9517
Get_Thrift_Server_Storage_us-east2 9561
Get_Azure_us-east2 8069
Get_Thrift_Server_Storage_us-east2 8115
Get_Azure_us-east2 11099
Get_Thrift_Server_Storage_us-east2 11123
Get_Azure_us-east2 36467
Get_Thrift_Server_Storage_us-east2 36506
Get_Azure_us-east2 8600
Get_Thrift_Server_Storage_us-east2 8632
Get_Azure_us-east2 8262
Get_Thrift_Server_Storage_us-east2 8293
Get_Azure_us-east2 11892
Get_Thrift_Server_Storage_us-east2 11923
Get_Azure_us-east2 7681
Get_Thrift_Server_Storage_us-east2 7711
Get_Azure_us-east2 7842
Get_Thrift_Server_Storage_us-east2 7914
Get_Azure_us-east2 8981
Get_Thrift_Server_Storage_us-east2 9021
Get_Azure_us-east2 8452
Get_Thrift_Server_Storage_us-east2 8492
Get_Azure_us-east2 8648
Get_Thrift_Server_Storage_us-east2 8672
Get_Azure_us-east2 8082
Get_Thrift_Server_Storage_us-east2 8110
Get_Azure_us-east2 9585
Get_Thrift_Server_Storage_us-east2 9621
Get_Azure_us-east2 8429
Get_Thrift_Server_Storage_us-east2 8476
Get_Azure_us-east2 7651
Get_Thrift_Server_Storage_us-east2 7686
Get_Azure_us-east2 9106
Get_Thrift_Server_Storage_us-east2 9147
Get_Azure_us-east2 9001
Get_Thrift_Server_Storage_us-east2 9037
Get_Azure_us-east2 8068
Get_Thrift_Server_Storage_us-east2 8101
Get_Azure_us-east2 24900
Get_Thrift_Server_Storage_us-east2 24930
Get_Azure_us-east2 8750
Get_Thrift_Server_Storage_us-east2 8783
Get_Azure_us-east2 8744
Get_Thrift_Server_Storage_us-east2 8775
Get_Azure_us-east2 7500
Get_Thrift_Server_Storage_us-east2 7533
Get_Azure_us-east2 17545
Get_Thrift_Server_Storage_us-east2 17567
Get_Azure_us-east2 9825
Get_Thrift_Server_Storage_us-east2 9857
Get_Azure_us-east2 9039
Get_Thrift_Server_Storage_us-east2 9079
Get_Azure_us-east2 9107
Get_Thrift_Server_Storage_us-east2 9140
Get_Azure_us-east2 9121
Get_Thrift_Server_Storage_us-east2 9147
Get_Azure_us-east2 8465
Get_Thrift_Server_Storage_us-east2 8496
Get_Azure_us-east2 88253
Get_Thrift_Server_Storage_us-east2 88281
Get_Azure_us-east2 8443
Get_Thrift_Server_Storage_us-east2 8480
Get_Azure_us-east2 8594
Get_Thrift_Server_Storage_us-east2 8629
Get_Azure_us-east2 8045
Get_Thrift_Server_Storage_us-east2 8084
Get_Azure_us-east2 8387
Get_Thrift_Server_Storage_us-east2 8422
Get_Azure_us-east2 8998
Get_Thrift_Server_Storage_us-east2 9042
Get_Azure_us-east2 9389
Get_Thrift_Server_Storage_us-east2 9435
Get_Azure_us-east2 8434
Get_Thrift_Server_Storage_us-east2 8467
Get_Azure_us-east2 8844
Get_Thrift_Server_Storage_us-east2 8867
Get_Azure_us-east2 9089
Get_Thrift_Server_Storage_us-east2 9124
Get_Azure_us-east2 9234
Get_Thrift_Server_Storage_us-east2 9257
Get_Azure_us-east2 8400
Get_Thrift_Server_Storage_us-east2 8424
Get_Azure_us-east2 11011
Get_Thrift_Server_Storage_us-east2 11034
Get_Azure_us-east2 8688
Get_Thrift_Server_Storage_us-east2 8734
Get_Azure_us-east2 8482
Get_Thrift_Server_Storage_us-east2 8513
Get_Azure_us-east2 12902
Get_Thrift_Server_Storage_us-east2 12941
Get_Azure_us-east2 10209
Get_Thrift_Server_Storage_us-east2 10236
Get_Azure_us-east2 10363
Get_Thrift_Server_Storage_us-east2 10389
Get_Azure_us-east2 16051
Get_Thrift_Server_Storage_us-east2 16088
Get_Azure_us-east2 10813
Get_Thrift_Server_Storage_us-east2 10841
Get_Azure_us-east2 30616
Get_Thrift_Server_Storage_us-east2 30648
Get_Azure_us-east2 11925
Get_Thrift_Server_Storage_us-east2 11964
Get_Azure_us-east2 10797
Get_Thrift_Server_Storage_us-east2 10830
Get_Azure_us-east2 30875
Get_Thrift_Server_Storage_us-east2 30906
Get_Azure_us-east2 8303
Get_Thrift_Server_Storage_us-east2 8336
Get_Azure_us-east2 14745
Get_Thrift_Server_Storage_us-east2 14781
Get_Azure_us-east2 9649
Get_Thrift_Server_Storage_us-east2 9671
Get_Azure_us-east2 18396
Get_Thrift_Server_Storage_us-east2 18425
Get_Azure_us-east2 8109
Get_Thrift_Server_Storage_us-east2 8137
Get_Azure_us-east2 8670
Get_Thrift_Server_Storage_us-east2 8707
Get_Azure_us-east2 8389
Get_Thrift_Server_Storage_us-east2 8424
Get_Azure_us-east2 8996
Get_Thrift_Server_Storage_us-east2 9033
Get_Azure_us-east2 16614
Get_Thrift_Server_Storage_us-east2 16662
Get_Azure_us-east2 8460
Get_Thrift_Server_Storage_us-east2 8494
Get_Azure_us-east2 9424
Get_Thrift_Server_Storage_us-east2 9477
Get_Azure_us-east2 9581
Get_Thrift_Server_Storage_us-east2 9615
Get_Azure_us-east2 7766
Get_Thrift_Server_Storage_us-east2 7790
Get_Azure_us-east2 9123
Get_Thrift_Server_Storage_us-east2 9221
Get_Azure_us-east2 12716
Get_Thrift_Server_Storage_us-east2 12750
Get_Azure_us-east2 9555
Get_Thrift_Server_Storage_us-east2 9627
Get_Azure_us-east2 8480
Get_Thrift_Server_Storage_us-east2 8514
Get_Azure_us-east2 10343
Get_Thrift_Server_Storage_us-east2 10376
Get_Azure_us-east2 8497
Get_Thrift_Server_Storage_us-east2 8530
Get_Azure_us-east2 8202
Get_Thrift_Server_Storage_us-east2 8252
Get_Azure_us-east2 9383
Get_Thrift_Server_Storage_us-east2 9410
Get_Azure_us-east2 9069
Get_Thrift_Server_Storage_us-east2 9093
Get_Azure_us-east2 8615
Get_Thrift_Server_Storage_us-east2 8660
Get_Azure_us-east2 7763
Get_Thrift_Server_Storage_us-east2 7806
Get_Azure_us-east2 9367
Get_Thrift_Server_Storage_us-east2 9401
Get_Azure_us-east2 9161
Get_Thrift_Server_Storage_us-east2 9195
Get_Azure_us-east2 8235
Get_Thrift_Server_Storage_us-east2 8270
Get_Azure_us-east2 10148
Get_Thrift_Server_Storage_us-east2 10182
Get_Azure_us-east2 8807
Get_Thrift_Server_Storage_us-east2 8840
Get_Azure_us-east2 9612
Get_Thrift_Server_Storage_us-east2 9643
Get_Azure_us-east2 18590
Get_Thrift_Server_Storage_us-east2 18624
Get_Azure_us-east2 9353
Get_Thrift_Server_Storage_us-east2 9385
Get_Azure_us-east2 30543
Get_Thrift_Server_Storage_us-east2 30574
Get_Azure_us-east2 12083
Get_Thrift_Server_Storage_us-east2 12123
Get_Azure_us-east2 7782
Get_Thrift_Server_Storage_us-east2 7809
Get_Azure_us-east2 9171
Get_Thrift_Server_Storage_us-east2 9204
Get_Azure_us-east2 8491
Get_Thrift_Server_Storage_us-east2 8539
Get_Azure_us-east2 8119
Get_Thrift_Server_Storage_us-east2 8145
Get_Azure_us-east2 10321
Get_Thrift_Server_Storage_us-east2 10347
Get_Azure_us-east2 22791
Get_Thrift_Server_Storage_us-east2 22825
Get_Azure_us-east2 10461
Get_Thrift_Server_Storage_us-east2 10494
Get_Azure_us-east2 8126
Get_Thrift_Server_Storage_us-east2 8159
Get_Azure_us-east2 9337
Get_Thrift_Server_Storage_us-east2 9390
Get_Azure_us-east2 8781
Get_Thrift_Server_Storage_us-east2 8807
Get_Azure_us-east2 9069
Get_Thrift_Server_Storage_us-east2 9096
Get_Azure_us-east2 12127
Get_Thrift_Server_Storage_us-east2 12168
Get_Azure_us-east2 8215
Get_Thrift_Server_Storage_us-east2 8261
Get_Azure_us-east2 8680
Get_Thrift_Server_Storage_us-east2 8706
Get_Azure_us-east2 22170
Get_Thrift_Server_Storage_us-east2 22200
Get_Azure_us-east2 9584
Get_Thrift_Server_Storage_us-east2 9608
Get_Azure_us-east2 164255
Get_Thrift_Server_Storage_us-east2 164291
Get_Azure_us-east2 8898
Get_Thrift_Server_Storage_us-east2 8921
Get_Azure_us-east2 13447
Get_Thrift_Server_Storage_us-east2 13474
Get_Azure_us-east2 8937
Get_Thrift_Server_Storage_us-east2 8967
Get_Azure_us-east2 8423
Get_Thrift_Server_Storage_us-east2 8452
Get_Azure_us-east2 8868
Get_Thrift_Server_Storage_us-east2 8894
Get_Azure_us-east2 22370
Get_Thrift_Server_Storage_us-east2 22394
Get_Azure_us-east2 21443
Get_Thrift_Server_Storage_us-east2 21474
Get_Azure_us-east2 8973
Get_Thrift_Server_Storage_us-east2 9004
Get_Azure_us-east2 8207
Get_Thrift_Server_Storage_us-east2 8247
Get_Azure_us-east2 9301
Get_Thrift_Server_Storage_us-east2 9329
Get_Azure_us-east2 18890
Get_Thrift_Server_Storage_us-east2 18914
Get_Azure_us-east2 10035
Get_Thrift_Server_Storage_us-east2 10090
Get_Azure_us-east2 8744
Get_Thrift_Server_Storage_us-east2 8770
Get_Azure_us-east2 9223
Get_Thrift_Server_Storage_us-east2 9274
Get_Azure_us-east2 8065
Get_Thrift_Server_Storage_us-east2 8092
Get_Azure_us-east2 10237
Get_Thrift_Server_Storage_us-east2 10268
Get_Azure_us-east2 8164
Get_Thrift_Server_Storage_us-east2 8198
Get_Azure_us-east2 8654
Get_Thrift_Server_Storage_us-east2 8682
Get_Azure_us-east2 7898
Get_Thrift_Server_Storage_us-east2 7926
Get_Azure_us-east2 15815
Get_Thrift_Server_Storage_us-east2 15847
Get_Azure_us-east2 7901
Get_Thrift_Server_Storage_us-east2 7940
Get_Azure_us-east2 8894
Get_Thrift_Server_Storage_us-east2 8922
Get_Azure_us-east2 11063
Get_Thrift_Server_Storage_us-east2 11089
Get_Azure_us-east2 8222
Get_Thrift_Server_Storage_us-east2 8246
Get_Azure_us-east2 7477
Get_Thrift_Server_Storage_us-east2 7496
Get_Azure_us-east2 8428
Get_Thrift_Server_Storage_us-east2 8454
Get_Azure_us-east2 8318
Get_Thrift_Server_Storage_us-east2 8367
Get_Azure_us-east2 11248
Get_Thrift_Server_Storage_us-east2 11288
Get_Azure_us-east2 12312
Get_Thrift_Server_Storage_us-east2 12342
Get_Azure_us-east2 8241
Get_Thrift_Server_Storage_us-east2 8264
Get_Azure_us-east2 10973
Get_Thrift_Server_Storage_us-east2 11002
Get_Azure_us-east2 8445
Get_Thrift_Server_Storage_us-east2 8463
Get_Azure_us-east2 20227
Get_Thrift_Server_Storage_us-east2 20275
Get_Azure_us-east2 8594
Get_Thrift_Server_Storage_us-east2 8620
Get_Azure_us-east2 9922
Get_Thrift_Server_Storage_us-east2 9944
Get_Azure_us-east2 8674
Get_Thrift_Server_Storage_us-east2 8705
Get_Azure_us-east2 66418
Get_Thrift_Server_Storage_us-east2 66482
Get_Azure_us-east2 15115
Get_Thrift_Server_Storage_us-east2 15154
Get_Azure_us-east2 9231
Get_Thrift_Server_Storage_us-east2 9258
Get_Azure_us-east2 22777
Get_Thrift_Server_Storage_us-east2 22817
Get_Azure_us-east2 8410
Get_Thrift_Server_Storage_us-east2 8451
Get_Azure_us-east2 8620
Get_Thrift_Server_Storage_us-east2 8649
Get_Azure_us-east2 8071
Get_Thrift_Server_Storage_us-east2 8116
Get_Azure_us-east2 10938
Get_Thrift_Server_Storage_us-east2 10960
Get_Azure_us-east2 8823
Get_Thrift_Server_Storage_us-east2 8874
Get_Azure_us-east2 8781
Get_Thrift_Server_Storage_us-east2 8804
Get_Azure_us-east2 23743
Get_Thrift_Server_Storage_us-east2 23774
Get_Azure_us-east2 24797
Get_Thrift_Server_Storage_us-east2 24820
Get_Azure_us-east2 92209
Get_Thrift_Server_Storage_us-east2 92239
Get_Azure_us-east2 9710
Get_Thrift_Server_Storage_us-east2 9747
Get_Azure_us-east2 9397
Get_Thrift_Server_Storage_us-east2 9430
Get_Azure_us-east2 10136
Get_Thrift_Server_Storage_us-east2 10174
Get_Azure_us-east2 8108
Get_Thrift_Server_Storage_us-east2 8141
Get_Azure_us-east2 8582
Get_Thrift_Server_Storage_us-east2 8612
Get_Azure_us-east2 12580
Get_Thrift_Server_Storage_us-east2 12621
Get_Azure_us-east2 9125
Get_Thrift_Server_Storage_us-east2 9178
Get_Azure_us-east2 9169
Get_Thrift_Server_Storage_us-east2 9195
Get_Azure_us-east2 8176
Get_Thrift_Server_Storage_us-east2 8218
Get_Azure_us-east2 9326
Get_Thrift_Server_Storage_us-east2 9351
Get_Azure_us-east2 11661
Get_Thrift_Server_Storage_us-east2 11689
Get_Azure_us-east2 19757
Get_Thrift_Server_Storage_us-east2 19807
Get_Azure_us-east2 8850
Get_Thrift_Server_Storage_us-east2 8881
Get_Azure_us-east2 8812
Get_Thrift_Server_Storage_us-east2 8840
Get_Azure_us-east2 7942
Get_Thrift_Server_Storage_us-east2 7987
Get_Azure_us-east2 9511
Get_Thrift_Server_Storage_us-east2 9535
Get_Azure_us-east2 9459
Get_Thrift_Server_Storage_us-east2 9488
Get_Azure_us-east2 9959
Get_Thrift_Server_Storage_us-east2 10013
Get_Azure_us-east2 11357
Get_Thrift_Server_Storage_us-east2 11385
Get_Azure_us-east2 9766
Get_Thrift_Server_Storage_us-east2 9790
Get_Azure_us-east2 11754
Get_Thrift_Server_Storage_us-east2 11783
Get_Azure_us-east2 9559
Get_Thrift_Server_Storage_us-east2 9586
Get_Azure_us-east2 8845
Get_Thrift_Server_Storage_us-east2 8871
Get_Azure_us-east2 8477
Get_Thrift_Server_Storage_us-east2 8518
Get_Azure_us-east2 23383
Get_Thrift_Server_Storage_us-east2 23410
Get_Azure_us-east2 22734
Get_Thrift_Server_Storage_us-east2 22760
Get_Azure_us-east2 8120
Get_Thrift_Server_Storage_us-east2 8167
Get_Azure_us-east2 9321
Get_Thrift_Server_Storage_us-east2 9350
Get_Azure_us-east2 11316
Get_Thrift_Server_Storage_us-east2 11353
Get_Azure_us-east2 7635
Get_Thrift_Server_Storage_us-east2 7681
Get_Azure_us-east2 9267
Get_Thrift_Server_Storage_us-east2 9313
Get_Azure_us-east2 8758
Get_Thrift_Server_Storage_us-east2 8789
Get_Azure_us-east2 9407
Get_Thrift_Server_Storage_us-east2 9437
Get_Azure_us-east2 8957
Get_Thrift_Server_Storage_us-east2 9000
Get_Azure_us-east2 8627
Get_Thrift_Server_Storage_us-east2 8652
Get_Azure_us-east2 8451
Get_Thrift_Server_Storage_us-east2 8498
Get_Azure_us-east2 9048
Get_Thrift_Server_Storage_us-east2 9075
Get_Azure_us-east2 12297
Get_Thrift_Server_Storage_us-east2 12324
Get_Azure_us-east2 17792
Get_Thrift_Server_Storage_us-east2 17834
Get_Azure_us-east2 8340
Get_Thrift_Server_Storage_us-east2 8370
Get_Azure_us-east2 8986
Get_Thrift_Server_Storage_us-east2 9020
Get_Azure_us-east2 10361
Get_Thrift_Server_Storage_us-east2 10420
Get_Azure_us-east2 10395
Get_Thrift_Server_Storage_us-east2 10452
Get_Azure_us-east2 8136
Get_Thrift_Server_Storage_us-east2 8163
Get_Azure_us-east2 7802
Get_Thrift_Server_Storage_us-east2 7827
Get_Azure_us-east2 7851
Get_Thrift_Server_Storage_us-east2 7877
Get_Azure_us-east2 8939
Get_Thrift_Server_Storage_us-east2 8968
Get_Azure_us-east2 20424
Get_Thrift_Server_Storage_us-east2 20458
Get_Azure_us-east2 9963
Get_Thrift_Server_Storage_us-east2 10021
Get_Azure_us-east2 8490
Get_Thrift_Server_Storage_us-east2 8515
Get_Azure_us-east2 8194
Get_Thrift_Server_Storage_us-east2 8225
Get_Azure_us-east2 9139
Get_Thrift_Server_Storage_us-east2 9176
Get_Azure_us-east2 7750
Get_Thrift_Server_Storage_us-east2 7773
Get_Azure_us-east2 8026
Get_Thrift_Server_Storage_us-east2 8068
Get_Azure_us-east2 20359
Get_Thrift_Server_Storage_us-east2 20434
Get_Azure_us-east2 12574
Get_Thrift_Server_Storage_us-east2 12602
Get_Azure_us-east2 9437
Get_Thrift_Server_Storage_us-east2 9483
Get_Azure_us-east2 8953
Get_Thrift_Server_Storage_us-east2 8984
Get_Azure_us-east2 9093
Get_Thrift_Server_Storage_us-east2 9129
Get_Azure_us-east2 8659
Get_Thrift_Server_Storage_us-east2 8686
Get_Azure_us-east2 8178
Get_Thrift_Server_Storage_us-east2 8202
Get_Azure_us-east2 8938
Get_Thrift_Server_Storage_us-east2 8985
Get_Azure_us-east2 8961
Get_Thrift_Server_Storage_us-east2 8988
Get_Azure_us-east2 9965
Get_Thrift_Server_Storage_us-east2 9989
Get_Azure_us-east2 7971
Get_Thrift_Server_Storage_us-east2 7997
Get_Azure_us-east2 9172
Get_Thrift_Server_Storage_us-east2 9209
Get_Azure_us-east2 8392
Get_Thrift_Server_Storage_us-east2 8420
Get_Azure_us-east2 9104
Get_Thrift_Server_Storage_us-east2 9149
Get_Azure_us-east2 8696
Get_Thrift_Server_Storage_us-east2 8723
Get_Azure_us-east2 8445
Get_Thrift_Server_Storage_us-east2 8513
Get_Azure_us-east2 9280
Get_Thrift_Server_Storage_us-east2 9320
Get_Azure_us-east2 8127
Get_Thrift_Server_Storage_us-east2 8157
Get_Azure_us-east2 9749
Get_Thrift_Server_Storage_us-east2 9804
Get_Azure_us-east2 8899
Get_Thrift_Server_Storage_us-east2 8931
Get_Azure_us-east2 9753
Get_Thrift_Server_Storage_us-east2 9802
Get_Azure_us-east2 46472
Get_Thrift_Server_Storage_us-east2 46519
Get_Azure_us-east2 34276
Get_Thrift_Server_Storage_us-east2 34303
Get_Azure_us-east2 14728
Get_Thrift_Server_Storage_us-east2 14766
Get_Azure_us-east2 9242
Get_Thrift_Server_Storage_us-east2 9274
Get_Azure_us-east2 16434
Get_Thrift_Server_Storage_us-east2 16461
Get_Azure_us-east2 8283
Get_Thrift_Server_Storage_us-east2 8314
Get_Azure_us-east2 8714
Get_Thrift_Server_Storage_us-east2 8739
Get_Azure_us-east2 16368
Get_Thrift_Server_Storage_us-east2 16406
Get_Azure_us-east2 8616
Get_Thrift_Server_Storage_us-east2 8662
Get_Azure_us-east2 9391
Get_Thrift_Server_Storage_us-east2 9418
Get_Azure_us-east2 9052
Get_Thrift_Server_Storage_us-east2 9081
Get_Azure_us-east2 8338
Get_Thrift_Server_Storage_us-east2 8429
Get_Azure_us-east2 8660
Get_Thrift_Server_Storage_us-east2 8688
Get_Azure_us-east2 9249
Get_Thrift_Server_Storage_us-east2 9296
Get_Azure_us-east2 8196
Get_Thrift_Server_Storage_us-east2 8225
Get_Azure_us-east2 16868
Get_Thrift_Server_Storage_us-east2 16924
Get_Azure_us-east2 9690
Get_Thrift_Server_Storage_us-east2 9716
Get_Azure_us-east2 7642
Get_Thrift_Server_Storage_us-east2 7672
Get_Azure_us-east2 9091
Get_Thrift_Server_Storage_us-east2 9118
Get_Azure_us-east2 7755
Get_Thrift_Server_Storage_us-east2 7784
Get_Azure_us-east2 8094
Get_Thrift_Server_Storage_us-east2 8119
Get_Azure_us-east2 9828
Get_Thrift_Server_Storage_us-east2 9860
Get_Azure_us-east2 8616
Get_Thrift_Server_Storage_us-east2 8661
Get_Azure_us-east2 26947
Get_Thrift_Server_Storage_us-east2 26976
