Get_Azure_asia-japan-east 132673
Get_Thrift_Server_Storage_asia-japan-east 132748
Get_Azure_asia-japan-east 31444
Get_Thrift_Server_Storage_asia-japan-east 31468
Get_Azure_asia-japan-east 33600
Get_Thrift_Server_Storage_asia-japan-east 33651
Get_Azure_asia-japan-east 15751
Get_Thrift_Server_Storage_asia-japan-east 15779
Get_Azure_asia-japan-east 30305
Get_Thrift_Server_Storage_asia-japan-east 30331
Get_Azure_asia-japan-east 498031
Get_Thrift_Server_Storage_asia-japan-east 498064
Get_Azure_asia-japan-east 14611
Get_Thrift_Server_Storage_asia-japan-east 14667
Get_Azure_asia-japan-east 15136
Get_Thrift_Server_Storage_asia-japan-east 15159
Get_Azure_asia-japan-east 44482
Get_Thrift_Server_Storage_asia-japan-east 44522
Get_Azure_asia-japan-east 27542
Get_Thrift_Server_Storage_asia-japan-east 27566
Get_Azure_asia-japan-east 15636
Get_Thrift_Server_Storage_asia-japan-east 15688
Get_Azure_asia-japan-east 148246
Get_Thrift_Server_Storage_asia-japan-east 148282
Get_Azure_asia-japan-east 22726
Get_Thrift_Server_Storage_asia-japan-east 22748
Get_Azure_asia-japan-east 28622
Get_Thrift_Server_Storage_asia-japan-east 28667
Get_Azure_asia-japan-east 13342
Get_Thrift_Server_Storage_asia-japan-east 13369
Get_Azure_asia-japan-east 30481
Get_Thrift_Server_Storage_asia-japan-east 30517
Get_Azure_asia-japan-east 24092
Get_Thrift_Server_Storage_asia-japan-east 24130
Get_Azure_asia-japan-east 61991
Get_Thrift_Server_Storage_asia-japan-east 62014
Get_Azure_asia-japan-east 31121
Get_Thrift_Server_Storage_asia-japan-east 31146
Get_Azure_asia-japan-east 364691
Get_Thrift_Server_Storage_asia-japan-east 364740
Get_Azure_asia-japan-east 28002
Get_Thrift_Server_Storage_asia-japan-east 28029
Get_Azure_asia-japan-east 40652
Get_Thrift_Server_Storage_asia-japan-east 40682
Get_Azure_asia-japan-east 10809
Get_Thrift_Server_Storage_asia-japan-east 10831
Get_Azure_asia-japan-east 12995
Get_Thrift_Server_Storage_asia-japan-east 13023
Get_Azure_asia-japan-east 20834
Get_Thrift_Server_Storage_asia-japan-east 20881
Get_Azure_asia-japan-east 80041
Get_Thrift_Server_Storage_asia-japan-east 80069
Get_Azure_asia-japan-east 13175
Get_Thrift_Server_Storage_asia-japan-east 13215
Get_Azure_asia-japan-east 23643
Get_Thrift_Server_Storage_asia-japan-east 23679
Get_Azure_asia-japan-east 31812
Get_Thrift_Server_Storage_asia-japan-east 31839
Get_Azure_asia-japan-east 77491
Get_Thrift_Server_Storage_asia-japan-east 77531
Get_Azure_asia-japan-east 35228
Get_Thrift_Server_Storage_asia-japan-east 35257
Get_Azure_asia-japan-east 112508
Get_Thrift_Server_Storage_asia-japan-east 112537
Get_Azure_asia-japan-east 72222
Get_Thrift_Server_Storage_asia-japan-east 72256
Get_Azure_asia-japan-east 12980
Get_Thrift_Server_Storage_asia-japan-east 13010
Get_Azure_asia-japan-east 15764
Get_Thrift_Server_Storage_asia-japan-east 15802
Get_Azure_asia-japan-east 25827
Get_Thrift_Server_Storage_asia-japan-east 25856
Get_Azure_asia-japan-east 14332
Get_Thrift_Server_Storage_asia-japan-east 14359
Get_Azure_asia-japan-east 14027
Get_Thrift_Server_Storage_asia-japan-east 14061
Get_Azure_asia-japan-east 87139
Get_Thrift_Server_Storage_asia-japan-east 87172
Get_Azure_asia-japan-east 11773
Get_Thrift_Server_Storage_asia-japan-east 11799
Get_Azure_asia-japan-east 13931
Get_Thrift_Server_Storage_asia-japan-east 13958
Get_Azure_asia-japan-east 44021
Get_Thrift_Server_Storage_asia-japan-east 44043
Get_Azure_asia-japan-east 11317
Get_Thrift_Server_Storage_asia-japan-east 11360
Get_Azure_asia-japan-east 25939
Get_Thrift_Server_Storage_asia-japan-east 25970
Get_Azure_asia-japan-east 13524
Get_Thrift_Server_Storage_asia-japan-east 13547
Get_Azure_asia-japan-east 18956
Get_Thrift_Server_Storage_asia-japan-east 18985
Get_Azure_asia-japan-east 11351
Get_Thrift_Server_Storage_asia-japan-east 11387
Get_Azure_asia-japan-east 11514
Get_Thrift_Server_Storage_asia-japan-east 11561
Get_Azure_asia-japan-east 10232
Get_Thrift_Server_Storage_asia-japan-east 10261
Get_Azure_asia-japan-east 9491
Get_Thrift_Server_Storage_asia-japan-east 9511
Get_Azure_asia-japan-east 29566
Get_Thrift_Server_Storage_asia-japan-east 29590
Get_Azure_asia-japan-east 14361
Get_Thrift_Server_Storage_asia-japan-east 14398
Get_Azure_asia-japan-east 71933
Get_Thrift_Server_Storage_asia-japan-east 71960
Get_Azure_asia-japan-east 10645
Get_Thrift_Server_Storage_asia-japan-east 10676
Get_Azure_asia-japan-east 12480
Get_Thrift_Server_Storage_asia-japan-east 12525
Get_Azure_asia-japan-east 9841
Get_Thrift_Server_Storage_asia-japan-east 9861
Get_Azure_asia-japan-east 12382
Get_Thrift_Server_Storage_asia-japan-east 12431
Get_Azure_asia-japan-east 9553
Get_Thrift_Server_Storage_asia-japan-east 9580
Get_Azure_asia-japan-east 18993
Get_Thrift_Server_Storage_asia-japan-east 19013
Get_Azure_asia-japan-east 13034
Get_Thrift_Server_Storage_asia-japan-east 13065
Get_Azure_asia-japan-east 29817
Get_Thrift_Server_Storage_asia-japan-east 29840
Get_Azure_asia-japan-east 9918
Get_Thrift_Server_Storage_asia-japan-east 9942
Get_Azure_asia-japan-east 9469
Get_Thrift_Server_Storage_asia-japan-east 9500
Get_Azure_asia-japan-east 11134
Get_Thrift_Server_Storage_asia-japan-east 11156
Get_Azure_asia-japan-east 38982
Get_Thrift_Server_Storage_asia-japan-east 39009
Get_Azure_asia-japan-east 27472
Get_Thrift_Server_Storage_asia-japan-east 27497
Get_Azure_asia-japan-east 21372
Get_Thrift_Server_Storage_asia-japan-east 21406
Get_Azure_asia-japan-east 10395
Get_Thrift_Server_Storage_asia-japan-east 10423
Get_Azure_asia-japan-east 10917
Get_Thrift_Server_Storage_asia-japan-east 10950
Get_Azure_asia-japan-east 12946
Get_Thrift_Server_Storage_asia-japan-east 12982
Get_Azure_asia-japan-east 12114
Get_Thrift_Server_Storage_asia-japan-east 12166
Get_Azure_asia-japan-east 13510
Get_Thrift_Server_Storage_asia-japan-east 13558
Get_Azure_asia-japan-east 10804
Get_Thrift_Server_Storage_asia-japan-east 10830
Get_Azure_asia-japan-east 575168
Get_Thrift_Server_Storage_asia-japan-east 575195
Get_Azure_asia-japan-east 26758
Get_Thrift_Server_Storage_asia-japan-east 26785
Get_Azure_asia-japan-east 11605
Get_Thrift_Server_Storage_asia-japan-east 11635
Get_Azure_asia-japan-east 11445
Get_Thrift_Server_Storage_asia-japan-east 11517
Get_Azure_asia-japan-east 10975
Get_Thrift_Server_Storage_asia-japan-east 11030
Get_Azure_asia-japan-east 10008
Get_Thrift_Server_Storage_asia-japan-east 10067
Get_Azure_asia-japan-east 11428
Get_Thrift_Server_Storage_asia-japan-east 11459
Get_Azure_asia-japan-east 9650
Get_Thrift_Server_Storage_asia-japan-east 9695
Get_Azure_asia-japan-east 11007
Get_Thrift_Server_Storage_asia-japan-east 11031
Get_Azure_asia-japan-east 27983
Get_Thrift_Server_Storage_asia-japan-east 28016
Get_Azure_asia-japan-east 9835
Get_Thrift_Server_Storage_asia-japan-east 9860
Get_Azure_asia-japan-east 11966
Get_Thrift_Server_Storage_asia-japan-east 11993
Get_Azure_asia-japan-east 9985
Get_Thrift_Server_Storage_asia-japan-east 10009
Get_Azure_asia-japan-east 74537
Get_Thrift_Server_Storage_asia-japan-east 74569
Get_Azure_asia-japan-east 9765
Get_Thrift_Server_Storage_asia-japan-east 9793
Get_Azure_asia-japan-east 11915
Get_Thrift_Server_Storage_asia-japan-east 11937
Get_Azure_asia-japan-east 24740
Get_Thrift_Server_Storage_asia-japan-east 24766
Get_Azure_asia-japan-east 10040
Get_Thrift_Server_Storage_asia-japan-east 10071
Get_Azure_asia-japan-east 11050
Get_Thrift_Server_Storage_asia-japan-east 11074
Get_Azure_asia-japan-east 11897
Get_Thrift_Server_Storage_asia-japan-east 11937
Get_Azure_asia-japan-east 14275
Get_Thrift_Server_Storage_asia-japan-east 14312
Get_Azure_asia-japan-east 34821
Get_Thrift_Server_Storage_asia-japan-east 34853
Get_Azure_asia-japan-east 10400
Get_Thrift_Server_Storage_asia-japan-east 10427
Get_Azure_asia-japan-east 11446
Get_Thrift_Server_Storage_asia-japan-east 11479
Get_Azure_asia-japan-east 13471
Get_Thrift_Server_Storage_asia-japan-east 13500
Get_Azure_asia-japan-east 9747
Get_Thrift_Server_Storage_asia-japan-east 9785
Get_Azure_asia-japan-east 14426
Get_Thrift_Server_Storage_asia-japan-east 14455
Get_Azure_asia-japan-east 11068
Get_Thrift_Server_Storage_asia-japan-east 11091
Get_Azure_asia-japan-east 9382
Get_Thrift_Server_Storage_asia-japan-east 9409
Get_Azure_asia-japan-east 39385
Get_Thrift_Server_Storage_asia-japan-east 39415
Get_Azure_asia-japan-east 10999
Get_Thrift_Server_Storage_asia-japan-east 11020
Get_Azure_asia-japan-east 9983
Get_Thrift_Server_Storage_asia-japan-east 10012
Get_Azure_asia-japan-east 10230
Get_Thrift_Server_Storage_asia-japan-east 10280
Get_Azure_asia-japan-east 10404
Get_Thrift_Server_Storage_asia-japan-east 10426
Get_Azure_asia-japan-east 11157
Get_Thrift_Server_Storage_asia-japan-east 11180
Get_Azure_asia-japan-east 11494
Get_Thrift_Server_Storage_asia-japan-east 11528
Get_Azure_asia-japan-east 26156
Get_Thrift_Server_Storage_asia-japan-east 26185
Get_Azure_asia-japan-east 14032
Get_Thrift_Server_Storage_asia-japan-east 14053
Get_Azure_asia-japan-east 10913
Get_Thrift_Server_Storage_asia-japan-east 10943
Get_Azure_asia-japan-east 11739
Get_Thrift_Server_Storage_asia-japan-east 11783
Get_Azure_asia-japan-east 11572
Get_Thrift_Server_Storage_asia-japan-east 11607
Get_Azure_asia-japan-east 10897
Get_Thrift_Server_Storage_asia-japan-east 10925
Get_Azure_asia-japan-east 10437
Get_Thrift_Server_Storage_asia-japan-east 10462
Get_Azure_asia-japan-east 11581
Get_Thrift_Server_Storage_asia-japan-east 11604
Get_Azure_asia-japan-east 11725
Get_Thrift_Server_Storage_asia-japan-east 11785
Get_Azure_asia-japan-east 10628
Get_Thrift_Server_Storage_asia-japan-east 10666
Get_Azure_asia-japan-east 12227
Get_Thrift_Server_Storage_asia-japan-east 12258
Get_Azure_asia-japan-east 13107
Get_Thrift_Server_Storage_asia-japan-east 13131
Get_Azure_asia-japan-east 10283
Get_Thrift_Server_Storage_asia-japan-east 10305
Get_Azure_asia-japan-east 10355
Get_Thrift_Server_Storage_asia-japan-east 10380
Get_Azure_asia-japan-east 12055
Get_Thrift_Server_Storage_asia-japan-east 12088
Get_Azure_asia-japan-east 10149
Get_Thrift_Server_Storage_asia-japan-east 10195
Get_Azure_asia-japan-east 10768
Get_Thrift_Server_Storage_asia-japan-east 10788
Get_Azure_asia-japan-east 11332
Get_Thrift_Server_Storage_asia-japan-east 11366
Get_Azure_asia-japan-east 10567
Get_Thrift_Server_Storage_asia-japan-east 10588
Get_Azure_asia-japan-east 10145
Get_Thrift_Server_Storage_asia-japan-east 10175
Get_Azure_asia-japan-east 16287
Get_Thrift_Server_Storage_asia-japan-east 16318
Get_Azure_asia-japan-east 10178
Get_Thrift_Server_Storage_asia-japan-east 10211
Get_Azure_asia-japan-east 10654
Get_Thrift_Server_Storage_asia-japan-east 10676
Get_Azure_asia-japan-east 24644
Get_Thrift_Server_Storage_asia-japan-east 24667
Get_Azure_asia-japan-east 11323
Get_Thrift_Server_Storage_asia-japan-east 11351
Get_Azure_asia-japan-east 11390
Get_Thrift_Server_Storage_asia-japan-east 11413
Get_Azure_asia-japan-east 12582
Get_Thrift_Server_Storage_asia-japan-east 12609
Get_Azure_asia-japan-east 11066
Get_Thrift_Server_Storage_asia-japan-east 11125
Get_Azure_asia-japan-east 12769
Get_Thrift_Server_Storage_asia-japan-east 12794
Get_Azure_asia-japan-east 11429
Get_Thrift_Server_Storage_asia-japan-east 11460
Get_Azure_asia-japan-east 10349
Get_Thrift_Server_Storage_asia-japan-east 10373
Get_Azure_asia-japan-east 10776
Get_Thrift_Server_Storage_asia-japan-east 10804
Get_Azure_asia-japan-east 9801
Get_Thrift_Server_Storage_asia-japan-east 9834
Get_Azure_asia-japan-east 10821
Get_Thrift_Server_Storage_asia-japan-east 10851
Get_Azure_asia-japan-east 12530
Get_Thrift_Server_Storage_asia-japan-east 12563
Get_Azure_asia-japan-east 10915
Get_Thrift_Server_Storage_asia-japan-east 10946
Get_Azure_asia-japan-east 10219
Get_Thrift_Server_Storage_asia-japan-east 10245
Get_Azure_asia-japan-east 10419
Get_Thrift_Server_Storage_asia-japan-east 10439
Get_Azure_asia-japan-east 12761
Get_Thrift_Server_Storage_asia-japan-east 12786
Get_Azure_asia-japan-east 10655
Get_Thrift_Server_Storage_asia-japan-east 10693
Get_Azure_asia-japan-east 12891
Get_Thrift_Server_Storage_asia-japan-east 12915
Get_Azure_asia-japan-east 10794
Get_Thrift_Server_Storage_asia-japan-east 10822
Get_Azure_asia-japan-east 49845
Get_Thrift_Server_Storage_asia-japan-east 49868
Get_Azure_asia-japan-east 22617
Get_Thrift_Server_Storage_asia-japan-east 22676
Get_Azure_asia-japan-east 12556
Get_Thrift_Server_Storage_asia-japan-east 12583
Get_Azure_asia-japan-east 10968
Get_Thrift_Server_Storage_asia-japan-east 10992
Get_Azure_asia-japan-east 11286
Get_Thrift_Server_Storage_asia-japan-east 11309
Get_Azure_asia-japan-east 10434
Get_Thrift_Server_Storage_asia-japan-east 10465
Get_Azure_asia-japan-east 11762
Get_Thrift_Server_Storage_asia-japan-east 11795
Get_Azure_asia-japan-east 30653
Get_Thrift_Server_Storage_asia-japan-east 30684
Get_Azure_asia-japan-east 10647
Get_Thrift_Server_Storage_asia-japan-east 10667
Get_Azure_asia-japan-east 10414
Get_Thrift_Server_Storage_asia-japan-east 10441
Get_Azure_asia-japan-east 9805
Get_Thrift_Server_Storage_asia-japan-east 9832
Get_Azure_asia-japan-east 10632
Get_Thrift_Server_Storage_asia-japan-east 10663
Get_Azure_asia-japan-east 10749
Get_Thrift_Server_Storage_asia-japan-east 10778
Get_Azure_asia-japan-east 9986
Get_Thrift_Server_Storage_asia-japan-east 10011
Get_Azure_asia-japan-east 10811
Get_Thrift_Server_Storage_asia-japan-east 10835
Get_Azure_asia-japan-east 11573
Get_Thrift_Server_Storage_asia-japan-east 11597
Get_Azure_asia-japan-east 19857
Get_Thrift_Server_Storage_asia-japan-east 19878
Get_Azure_asia-japan-east 421653
Get_Thrift_Server_Storage_asia-japan-east 421695
Get_Azure_asia-japan-east 12372
Get_Thrift_Server_Storage_asia-japan-east 12395
Get_Azure_asia-japan-east 10470
Get_Thrift_Server_Storage_asia-japan-east 10513
Get_Azure_asia-japan-east 12633
Get_Thrift_Server_Storage_asia-japan-east 12659
Get_Azure_asia-japan-east 10164
Get_Thrift_Server_Storage_asia-japan-east 10183
Get_Azure_asia-japan-east 10209
Get_Thrift_Server_Storage_asia-japan-east 10229
Get_Azure_asia-japan-east 11427
Get_Thrift_Server_Storage_asia-japan-east 11457
Get_Azure_asia-japan-east 14404
Get_Thrift_Server_Storage_asia-japan-east 14440
Get_Azure_asia-japan-east 65661
Get_Thrift_Server_Storage_asia-japan-east 65714
Get_Azure_asia-japan-east 31917
Get_Thrift_Server_Storage_asia-japan-east 31933
Get_Azure_asia-japan-east 10349
Get_Thrift_Server_Storage_asia-japan-east 10411
Get_Azure_asia-japan-east 71079
Get_Thrift_Server_Storage_asia-japan-east 71105
Get_Azure_asia-japan-east 9051
Get_Thrift_Server_Storage_asia-japan-east 9073
Get_Azure_asia-japan-east 9713
Get_Thrift_Server_Storage_asia-japan-east 9737
Get_Azure_asia-japan-east 9700
Get_Thrift_Server_Storage_asia-japan-east 9719
Get_Azure_asia-japan-east 10027
Get_Thrift_Server_Storage_asia-japan-east 10053
Get_Azure_asia-japan-east 12093
Get_Thrift_Server_Storage_asia-japan-east 12112
Get_Azure_asia-japan-east 17708
Get_Thrift_Server_Storage_asia-japan-east 17725
Get_Azure_asia-japan-east 9943
Get_Thrift_Server_Storage_asia-japan-east 9964
Get_Azure_asia-japan-east 10695
Get_Thrift_Server_Storage_asia-japan-east 10712
Get_Azure_asia-japan-east 9223
Get_Thrift_Server_Storage_asia-japan-east 9240
Get_Azure_asia-japan-east 10446
Get_Thrift_Server_Storage_asia-japan-east 10466
Get_Azure_asia-japan-east 15098
Get_Thrift_Server_Storage_asia-japan-east 15116
Get_Azure_asia-japan-east 9940
Get_Thrift_Server_Storage_asia-japan-east 9971
Get_Azure_asia-japan-east 10976
Get_Thrift_Server_Storage_asia-japan-east 10995
Get_Azure_asia-japan-east 91097
Get_Thrift_Server_Storage_asia-japan-east 91117
Get_Azure_asia-japan-east 11235
Get_Thrift_Server_Storage_asia-japan-east 11254
Get_Azure_asia-japan-east 11273
Get_Thrift_Server_Storage_asia-japan-east 11298
Get_Azure_asia-japan-east 10537
Get_Thrift_Server_Storage_asia-japan-east 10560
Get_Azure_asia-japan-east 10012
Get_Thrift_Server_Storage_asia-japan-east 10037
Get_Azure_asia-japan-east 12855
Get_Thrift_Server_Storage_asia-japan-east 12879
Get_Azure_asia-japan-east 56492
Get_Thrift_Server_Storage_asia-japan-east 56520
Get_Azure_asia-japan-east 10857
Get_Thrift_Server_Storage_asia-japan-east 10874
Get_Azure_asia-japan-east 24214
Get_Thrift_Server_Storage_asia-japan-east 24238
Get_Azure_asia-japan-east 64591
Get_Thrift_Server_Storage_asia-japan-east 64635
Get_Azure_asia-japan-east 9742
Get_Thrift_Server_Storage_asia-japan-east 9763
Get_Azure_asia-japan-east 9502
Get_Thrift_Server_Storage_asia-japan-east 9529
Get_Azure_asia-japan-east 164372
Get_Thrift_Server_Storage_asia-japan-east 164417
Get_Azure_asia-japan-east 9589
Get_Thrift_Server_Storage_asia-japan-east 9607
Get_Azure_asia-japan-east 9789
Get_Thrift_Server_Storage_asia-japan-east 9810
Get_Azure_asia-japan-east 10874
Get_Thrift_Server_Storage_asia-japan-east 10900
Get_Azure_asia-japan-east 9860
Get_Thrift_Server_Storage_asia-japan-east 9883
Get_Azure_asia-japan-east 10388
Get_Thrift_Server_Storage_asia-japan-east 10430
Get_Azure_asia-japan-east 23563
Get_Thrift_Server_Storage_asia-japan-east 23582
Get_Azure_asia-japan-east 9784
Get_Thrift_Server_Storage_asia-japan-east 9806
Get_Azure_asia-japan-east 10120
Get_Thrift_Server_Storage_asia-japan-east 10150
Get_Azure_asia-japan-east 12687
Get_Thrift_Server_Storage_asia-japan-east 12708
Get_Azure_asia-japan-east 11995
Get_Thrift_Server_Storage_asia-japan-east 12025
Get_Azure_asia-japan-east 10491
Get_Thrift_Server_Storage_asia-japan-east 10514
Get_Azure_asia-japan-east 12259
Get_Thrift_Server_Storage_asia-japan-east 12282
Get_Azure_asia-japan-east 12136
Get_Thrift_Server_Storage_asia-japan-east 12164
Get_Azure_asia-japan-east 11581
Get_Thrift_Server_Storage_asia-japan-east 11606
Get_Azure_asia-japan-east 10453
Get_Thrift_Server_Storage_asia-japan-east 10486
Get_Azure_asia-japan-east 10396
Get_Thrift_Server_Storage_asia-japan-east 10418
Get_Azure_asia-japan-east 29880
Get_Thrift_Server_Storage_asia-japan-east 29902
Get_Azure_asia-japan-east 14903
Get_Thrift_Server_Storage_asia-japan-east 14925
Get_Azure_asia-japan-east 9945
Get_Thrift_Server_Storage_asia-japan-east 9970
Get_Azure_asia-japan-east 11613
Get_Thrift_Server_Storage_asia-japan-east 11638
Get_Azure_asia-japan-east 11729
Get_Thrift_Server_Storage_asia-japan-east 11755
Get_Azure_asia-japan-east 10171
Get_Thrift_Server_Storage_asia-japan-east 10205
Get_Azure_asia-japan-east 11704
Get_Thrift_Server_Storage_asia-japan-east 11751
Get_Azure_asia-japan-east 12910
Get_Thrift_Server_Storage_asia-japan-east 12934
Get_Azure_asia-japan-east 11501
Get_Thrift_Server_Storage_asia-japan-east 11525
Get_Azure_asia-japan-east 11177
Get_Thrift_Server_Storage_asia-japan-east 11225
Get_Azure_asia-japan-east 10119
Get_Thrift_Server_Storage_asia-japan-east 10140
Get_Azure_asia-japan-east 34550
Get_Thrift_Server_Storage_asia-japan-east 34580
Get_Azure_asia-japan-east 12196
Get_Thrift_Server_Storage_asia-japan-east 12232
Get_Azure_asia-japan-east 10306
Get_Thrift_Server_Storage_asia-japan-east 10338
Get_Azure_asia-japan-east 20431
Get_Thrift_Server_Storage_asia-japan-east 20460
Get_Azure_asia-japan-east 13338
Get_Thrift_Server_Storage_asia-japan-east 13381
Get_Azure_asia-japan-east 10080
Get_Thrift_Server_Storage_asia-japan-east 10103
Get_Azure_asia-japan-east 19588
Get_Thrift_Server_Storage_asia-japan-east 19619
Get_Azure_asia-japan-east 16952
Get_Thrift_Server_Storage_asia-japan-east 16974
Get_Azure_asia-japan-east 10188
Get_Thrift_Server_Storage_asia-japan-east 10239
Get_Azure_asia-japan-east 21574
Get_Thrift_Server_Storage_asia-japan-east 21609
Get_Azure_asia-japan-east 11030
Get_Thrift_Server_Storage_asia-japan-east 11063
Get_Azure_asia-japan-east 10543
Get_Thrift_Server_Storage_asia-japan-east 10566
Get_Azure_asia-japan-east 11680
Get_Thrift_Server_Storage_asia-japan-east 11719
Get_Azure_asia-japan-east 10598
Get_Thrift_Server_Storage_asia-japan-east 10621
Get_Azure_asia-japan-east 25281
Get_Thrift_Server_Storage_asia-japan-east 25315
Get_Azure_asia-japan-east 11375
Get_Thrift_Server_Storage_asia-japan-east 11407
Get_Azure_asia-japan-east 63768
Get_Thrift_Server_Storage_asia-japan-east 63805
Get_Azure_asia-japan-east 11918
Get_Thrift_Server_Storage_asia-japan-east 11949
Get_Azure_asia-japan-east 11484
Get_Thrift_Server_Storage_asia-japan-east 11528
Get_Azure_asia-japan-east 11420
Get_Thrift_Server_Storage_asia-japan-east 11443
Get_Azure_asia-japan-east 11786
Get_Thrift_Server_Storage_asia-japan-east 11809
Get_Azure_asia-japan-east 11500
Get_Thrift_Server_Storage_asia-japan-east 11525
Get_Azure_asia-japan-east 10514
Get_Thrift_Server_Storage_asia-japan-east 10577
Get_Azure_asia-japan-east 10639
Get_Thrift_Server_Storage_asia-japan-east 10671
Get_Azure_asia-japan-east 9921
Get_Thrift_Server_Storage_asia-japan-east 9946
Get_Azure_asia-japan-east 10876
Get_Thrift_Server_Storage_asia-japan-east 10898
Get_Azure_asia-japan-east 15491
Get_Thrift_Server_Storage_asia-japan-east 15545
Get_Azure_asia-japan-east 28425
Get_Thrift_Server_Storage_asia-japan-east 28454
Get_Azure_asia-japan-east 9775
Get_Thrift_Server_Storage_asia-japan-east 9797
Get_Azure_asia-japan-east 10331
Get_Thrift_Server_Storage_asia-japan-east 10362
Get_Azure_asia-japan-east 11692
Get_Thrift_Server_Storage_asia-japan-east 11717
Get_Azure_asia-japan-east 11996
Get_Thrift_Server_Storage_asia-japan-east 12022
Get_Azure_asia-japan-east 11263
Get_Thrift_Server_Storage_asia-japan-east 11318
Get_Azure_asia-japan-east 49014
Get_Thrift_Server_Storage_asia-japan-east 49047
Get_Azure_asia-japan-east 10204
Get_Thrift_Server_Storage_asia-japan-east 10237
Get_Azure_asia-japan-east 10398
Get_Thrift_Server_Storage_asia-japan-east 10464
Get_Azure_asia-japan-east 11224
Get_Thrift_Server_Storage_asia-japan-east 11250
Get_Azure_asia-japan-east 9883
Get_Thrift_Server_Storage_asia-japan-east 9913
Get_Azure_asia-japan-east 69620
Get_Thrift_Server_Storage_asia-japan-east 69642
Get_Azure_asia-japan-east 12200
Get_Thrift_Server_Storage_asia-japan-east 12228
Get_Azure_asia-japan-east 24385
Get_Thrift_Server_Storage_asia-japan-east 24414
Get_Azure_asia-japan-east 10114
Get_Thrift_Server_Storage_asia-japan-east 10140
Get_Azure_asia-japan-east 10066
Get_Thrift_Server_Storage_asia-japan-east 10086
Get_Azure_asia-japan-east 11712
Get_Thrift_Server_Storage_asia-japan-east 11736
Get_Azure_asia-japan-east 12675
Get_Thrift_Server_Storage_asia-japan-east 12699
Get_Azure_asia-japan-east 11810
Get_Thrift_Server_Storage_asia-japan-east 11837
Get_Azure_asia-japan-east 10313
Get_Thrift_Server_Storage_asia-japan-east 10346
Get_Azure_asia-japan-east 16568
Get_Thrift_Server_Storage_asia-japan-east 16599
Get_Azure_asia-japan-east 74006
Get_Thrift_Server_Storage_asia-japan-east 74035
Get_Azure_asia-japan-east 25312
Get_Thrift_Server_Storage_asia-japan-east 25343
Get_Azure_asia-japan-east 28638
Get_Thrift_Server_Storage_asia-japan-east 28661
Get_Azure_asia-japan-east 9588
Get_Thrift_Server_Storage_asia-japan-east 9619
Get_Azure_asia-japan-east 9345
Get_Thrift_Server_Storage_asia-japan-east 9384
Get_Azure_asia-japan-east 9605
Get_Thrift_Server_Storage_asia-japan-east 9624
Get_Azure_asia-japan-east 9991
Get_Thrift_Server_Storage_asia-japan-east 10017
Get_Azure_asia-japan-east 10718
Get_Thrift_Server_Storage_asia-japan-east 10737
Get_Azure_asia-japan-east 13909
Get_Thrift_Server_Storage_asia-japan-east 13953
Get_Azure_asia-japan-east 10607
Get_Thrift_Server_Storage_asia-japan-east 10638
Get_Azure_asia-japan-east 10944
Get_Thrift_Server_Storage_asia-japan-east 10977
Get_Azure_asia-japan-east 39689
Get_Thrift_Server_Storage_asia-japan-east 39714
Get_Azure_asia-japan-east 11613
Get_Thrift_Server_Storage_asia-japan-east 11638
Get_Azure_asia-japan-east 13898
Get_Thrift_Server_Storage_asia-japan-east 13929
Get_Azure_asia-japan-east 40790
Get_Thrift_Server_Storage_asia-japan-east 40817
Get_Azure_asia-japan-east 19402
Get_Thrift_Server_Storage_asia-japan-east 19434
Get_Azure_asia-japan-east 10799
Get_Thrift_Server_Storage_asia-japan-east 10828
Get_Azure_asia-japan-east 10197
Get_Thrift_Server_Storage_asia-japan-east 10224
Get_Azure_asia-japan-east 11344
Get_Thrift_Server_Storage_asia-japan-east 11368
Get_Azure_asia-japan-east 10333
Get_Thrift_Server_Storage_asia-japan-east 10354
Get_Azure_asia-japan-east 10503
Get_Thrift_Server_Storage_asia-japan-east 10529
Get_Azure_asia-japan-east 10421
Get_Thrift_Server_Storage_asia-japan-east 10460
Get_Azure_asia-japan-east 25292
Get_Thrift_Server_Storage_asia-japan-east 25331
Get_Azure_asia-japan-east 13349
Get_Thrift_Server_Storage_asia-japan-east 13372
Get_Azure_asia-japan-east 9961
Get_Thrift_Server_Storage_asia-japan-east 9993
Get_Azure_asia-japan-east 27520
Get_Thrift_Server_Storage_asia-japan-east 27554
Get_Azure_asia-japan-east 10800
Get_Thrift_Server_Storage_asia-japan-east 10834
Get_Azure_asia-japan-east 12480
Get_Thrift_Server_Storage_asia-japan-east 12513
Get_Azure_asia-japan-east 10365
Get_Thrift_Server_Storage_asia-japan-east 10403
Get_Azure_asia-japan-east 11155
Get_Thrift_Server_Storage_asia-japan-east 11182
Get_Azure_asia-japan-east 127064
Get_Thrift_Server_Storage_asia-japan-east 127110
Get_Azure_asia-japan-east 10575
Get_Thrift_Server_Storage_asia-japan-east 10601
Get_Azure_asia-japan-east 11403
Get_Thrift_Server_Storage_asia-japan-east 11439
Get_Azure_asia-japan-east 12575
Get_Thrift_Server_Storage_asia-japan-east 12626
Get_Azure_asia-japan-east 10838
Get_Thrift_Server_Storage_asia-japan-east 10880
Get_Azure_asia-japan-east 81226
Get_Thrift_Server_Storage_asia-japan-east 81250
Get_Azure_asia-japan-east 11461
Get_Thrift_Server_Storage_asia-japan-east 11505
Get_Azure_asia-japan-east 10769
Get_Thrift_Server_Storage_asia-japan-east 10803
Get_Azure_asia-japan-east 11233
Get_Thrift_Server_Storage_asia-japan-east 11261
Get_Azure_asia-japan-east 11268
Get_Thrift_Server_Storage_asia-japan-east 11291
Get_Azure_asia-japan-east 11311
Get_Thrift_Server_Storage_asia-japan-east 11335
Get_Azure_asia-japan-east 18381
Get_Thrift_Server_Storage_asia-japan-east 18415
Get_Azure_asia-japan-east 24795
Get_Thrift_Server_Storage_asia-japan-east 24820
Get_Azure_asia-japan-east 14002
Get_Thrift_Server_Storage_asia-japan-east 14033
Get_Azure_asia-japan-east 18937
Get_Thrift_Server_Storage_asia-japan-east 18962
Get_Azure_asia-japan-east 11133
Get_Thrift_Server_Storage_asia-japan-east 11155
Get_Azure_asia-japan-east 12064
Get_Thrift_Server_Storage_asia-japan-east 12092
Get_Azure_asia-japan-east 13008
Get_Thrift_Server_Storage_asia-japan-east 13034
Get_Azure_asia-japan-east 12955
Get_Thrift_Server_Storage_asia-japan-east 12984
Get_Azure_asia-japan-east 37246
Get_Thrift_Server_Storage_asia-japan-east 37271
Get_Azure_asia-japan-east 10381
Get_Thrift_Server_Storage_asia-japan-east 10414
Get_Azure_asia-japan-east 10467
Get_Thrift_Server_Storage_asia-japan-east 10488
Get_Azure_asia-japan-east 12291
Get_Thrift_Server_Storage_asia-japan-east 12326
Get_Azure_asia-japan-east 11411
Get_Thrift_Server_Storage_asia-japan-east 11438
Get_Azure_asia-japan-east 11075
Get_Thrift_Server_Storage_asia-japan-east 11106
Get_Azure_asia-japan-east 11922
Get_Thrift_Server_Storage_asia-japan-east 11959
Get_Azure_asia-japan-east 11054
Get_Thrift_Server_Storage_asia-japan-east 11107
Get_Azure_asia-japan-east 13566
Get_Thrift_Server_Storage_asia-japan-east 13605
Get_Azure_asia-japan-east 11783
Get_Thrift_Server_Storage_asia-japan-east 11815
Get_Azure_asia-japan-east 9985
Get_Thrift_Server_Storage_asia-japan-east 10023
Get_Azure_asia-japan-east 11591
Get_Thrift_Server_Storage_asia-japan-east 11624
Get_Azure_asia-japan-east 13249
Get_Thrift_Server_Storage_asia-japan-east 13267
Get_Azure_asia-japan-east 9780
Get_Thrift_Server_Storage_asia-japan-east 9806
Get_Azure_asia-japan-east 10610
Get_Thrift_Server_Storage_asia-japan-east 10652
Get_Azure_asia-japan-east 10487
Get_Thrift_Server_Storage_asia-japan-east 10506
Get_Azure_asia-japan-east 10427
Get_Thrift_Server_Storage_asia-japan-east 10453
Get_Azure_asia-japan-east 10254
Get_Thrift_Server_Storage_asia-japan-east 10292
Get_Azure_asia-japan-east 462751
Get_Thrift_Server_Storage_asia-japan-east 462783
Get_Azure_asia-japan-east 9395
Get_Thrift_Server_Storage_asia-japan-east 9420
Get_Azure_asia-japan-east 11715
Get_Thrift_Server_Storage_asia-japan-east 11733
Get_Azure_asia-japan-east 9261
Get_Thrift_Server_Storage_asia-japan-east 9290
Get_Azure_asia-japan-east 10713
Get_Thrift_Server_Storage_asia-japan-east 10741
Get_Azure_asia-japan-east 9828
Get_Thrift_Server_Storage_asia-japan-east 9864
Get_Azure_asia-japan-east 24561
Get_Thrift_Server_Storage_asia-japan-east 24607
Get_Azure_asia-japan-east 10900
Get_Thrift_Server_Storage_asia-japan-east 10926
Get_Azure_asia-japan-east 23053
Get_Thrift_Server_Storage_asia-japan-east 23089
Get_Azure_asia-japan-east 11227
Get_Thrift_Server_Storage_asia-japan-east 11271
Get_Azure_asia-japan-east 13694
Get_Thrift_Server_Storage_asia-japan-east 13731
Get_Azure_asia-japan-east 11626
Get_Thrift_Server_Storage_asia-japan-east 11669
Get_Azure_asia-japan-east 10084
Get_Thrift_Server_Storage_asia-japan-east 10112
Get_Azure_asia-japan-east 28250
Get_Thrift_Server_Storage_asia-japan-east 28280
Get_Azure_asia-japan-east 195596
Get_Thrift_Server_Storage_asia-japan-east 195625
Get_Azure_asia-japan-east 18533
Get_Thrift_Server_Storage_asia-japan-east 18574
Get_Azure_asia-japan-east 13440
Get_Thrift_Server_Storage_asia-japan-east 13464
Get_Azure_asia-japan-east 68664
Get_Thrift_Server_Storage_asia-japan-east 68720
Get_Azure_asia-japan-east 11058
Get_Thrift_Server_Storage_asia-japan-east 11081
Get_Azure_asia-japan-east 23259
Get_Thrift_Server_Storage_asia-japan-east 23282
Get_Azure_asia-japan-east 10672
Get_Thrift_Server_Storage_asia-japan-east 10696
Get_Azure_asia-japan-east 12507
Get_Thrift_Server_Storage_asia-japan-east 12536
Get_Azure_asia-japan-east 10459
Get_Thrift_Server_Storage_asia-japan-east 10490
Get_Azure_asia-japan-east 12547
Get_Thrift_Server_Storage_asia-japan-east 12587
Get_Azure_asia-japan-east 11549
Get_Thrift_Server_Storage_asia-japan-east 11570
Get_Azure_asia-japan-east 10476
Get_Thrift_Server_Storage_asia-japan-east 10519
Get_Azure_asia-japan-east 34361
Get_Thrift_Server_Storage_asia-japan-east 34384
Get_Azure_asia-japan-east 65484
Get_Thrift_Server_Storage_asia-japan-east 65507
Get_Azure_asia-japan-east 10927
Get_Thrift_Server_Storage_asia-japan-east 10953
Get_Azure_asia-japan-east 10546
Get_Thrift_Server_Storage_asia-japan-east 10569
Get_Azure_asia-japan-east 11206
Get_Thrift_Server_Storage_asia-japan-east 11232
Get_Azure_asia-japan-east 10101
Get_Thrift_Server_Storage_asia-japan-east 10130
Get_Azure_asia-japan-east 10401
Get_Thrift_Server_Storage_asia-japan-east 10427
Get_Azure_asia-japan-east 10429
Get_Thrift_Server_Storage_asia-japan-east 10451
Get_Azure_asia-japan-east 10798
Get_Thrift_Server_Storage_asia-japan-east 10833
Get_Azure_asia-japan-east 14319
Get_Thrift_Server_Storage_asia-japan-east 14352
Get_Azure_asia-japan-east 11257
Get_Thrift_Server_Storage_asia-japan-east 11289
Get_Azure_asia-japan-east 41311
Get_Thrift_Server_Storage_asia-japan-east 41335
Get_Azure_asia-japan-east 10863
Get_Thrift_Server_Storage_asia-japan-east 10896
Get_Azure_asia-japan-east 13245
Get_Thrift_Server_Storage_asia-japan-east 13270
Get_Azure_asia-japan-east 10907
Get_Thrift_Server_Storage_asia-japan-east 10939
Get_Azure_asia-japan-east 13827
Get_Thrift_Server_Storage_asia-japan-east 13851
Get_Azure_asia-japan-east 10563
Get_Thrift_Server_Storage_asia-japan-east 10619
Get_Azure_asia-japan-east 10559
Get_Thrift_Server_Storage_asia-japan-east 10589
Get_Azure_asia-japan-east 9472
Get_Thrift_Server_Storage_asia-japan-east 9496
Get_Azure_asia-japan-east 9856
Get_Thrift_Server_Storage_asia-japan-east 9882
Get_Azure_asia-japan-east 10381
Get_Thrift_Server_Storage_asia-japan-east 10404
Get_Azure_asia-japan-east 10909
Get_Thrift_Server_Storage_asia-japan-east 10944
Get_Azure_asia-japan-east 10374
Get_Thrift_Server_Storage_asia-japan-east 10396
Get_Azure_asia-japan-east 10455
Get_Thrift_Server_Storage_asia-japan-east 10481
Get_Azure_asia-japan-east 9589
Get_Thrift_Server_Storage_asia-japan-east 9615
Get_Azure_asia-japan-east 9762
Get_Thrift_Server_Storage_asia-japan-east 9785
Get_Azure_asia-japan-east 19564
Get_Thrift_Server_Storage_asia-japan-east 19597
Get_Azure_asia-japan-east 54359
Get_Thrift_Server_Storage_asia-japan-east 54395
Get_Azure_asia-japan-east 9724
Get_Thrift_Server_Storage_asia-japan-east 9749
Get_Azure_asia-japan-east 75483
Get_Thrift_Server_Storage_asia-japan-east 75521
Get_Azure_asia-japan-east 17923
Get_Thrift_Server_Storage_asia-japan-east 17946
Get_Azure_asia-japan-east 10555
Get_Thrift_Server_Storage_asia-japan-east 10587
Get_Azure_asia-japan-east 13692
Get_Thrift_Server_Storage_asia-japan-east 13726
Get_Azure_asia-japan-east 10860
Get_Thrift_Server_Storage_asia-japan-east 10888
Get_Azure_asia-japan-east 10526
Get_Thrift_Server_Storage_asia-japan-east 10552
Get_Azure_asia-japan-east 11093
Get_Thrift_Server_Storage_asia-japan-east 11110
Get_Azure_asia-japan-east 9978
Get_Thrift_Server_Storage_asia-japan-east 10009
Get_Azure_asia-japan-east 9491
Get_Thrift_Server_Storage_asia-japan-east 9513
Get_Azure_asia-japan-east 10357
Get_Thrift_Server_Storage_asia-japan-east 10377
Get_Azure_asia-japan-east 9695
Get_Thrift_Server_Storage_asia-japan-east 9743
Get_Azure_asia-japan-east 9993
Get_Thrift_Server_Storage_asia-japan-east 10020
Get_Azure_asia-japan-east 10159
Get_Thrift_Server_Storage_asia-japan-east 10193
Get_Azure_asia-japan-east 10241
Get_Thrift_Server_Storage_asia-japan-east 10269
Get_Azure_asia-japan-east 157383
Get_Thrift_Server_Storage_asia-japan-east 157411
Get_Azure_asia-japan-east 12241
Get_Thrift_Server_Storage_asia-japan-east 12260
Get_Azure_asia-japan-east 10503
Get_Thrift_Server_Storage_asia-japan-east 10523
Get_Azure_asia-japan-east 10770
Get_Thrift_Server_Storage_asia-japan-east 10822
Get_Azure_asia-japan-east 20692
Get_Thrift_Server_Storage_asia-japan-east 20718
Get_Azure_asia-japan-east 10126
Get_Thrift_Server_Storage_asia-japan-east 10162
Get_Azure_asia-japan-east 10037
Get_Thrift_Server_Storage_asia-japan-east 10063
Get_Azure_asia-japan-east 22024
Get_Thrift_Server_Storage_asia-japan-east 22053
Get_Azure_asia-japan-east 14485
Get_Thrift_Server_Storage_asia-japan-east 14514
Get_Azure_asia-japan-east 13108
Get_Thrift_Server_Storage_asia-japan-east 13128
Get_Azure_asia-japan-east 10165
Get_Thrift_Server_Storage_asia-japan-east 10198
Get_Azure_asia-japan-east 11369
Get_Thrift_Server_Storage_asia-japan-east 11398
Get_Azure_asia-japan-east 12065
Get_Thrift_Server_Storage_asia-japan-east 12092
Get_Azure_asia-japan-east 10312
Get_Thrift_Server_Storage_asia-japan-east 10358
Get_Azure_asia-japan-east 10427
Get_Thrift_Server_Storage_asia-japan-east 10455
Get_Azure_asia-japan-east 108397
Get_Thrift_Server_Storage_asia-japan-east 108418
Get_Azure_asia-japan-east 27392
Get_Thrift_Server_Storage_asia-japan-east 27413
Get_Azure_asia-japan-east 10820
Get_Thrift_Server_Storage_asia-japan-east 10852
Get_Azure_asia-japan-east 10641
Get_Thrift_Server_Storage_asia-japan-east 10661
Get_Azure_asia-japan-east 10769
Get_Thrift_Server_Storage_asia-japan-east 10817
Get_Azure_asia-japan-east 12928
Get_Thrift_Server_Storage_asia-japan-east 12950
Get_Azure_asia-japan-east 17457
Get_Thrift_Server_Storage_asia-japan-east 17486
Get_Azure_asia-japan-east 11526
Get_Thrift_Server_Storage_asia-japan-east 11551
Get_Azure_asia-japan-east 10532
Get_Thrift_Server_Storage_asia-japan-east 10556
Get_Azure_asia-japan-east 11243
Get_Thrift_Server_Storage_asia-japan-east 11280
Get_Azure_asia-japan-east 10607
Get_Thrift_Server_Storage_asia-japan-east 10635
Get_Azure_asia-japan-east 10987
Get_Thrift_Server_Storage_asia-japan-east 11014
Get_Azure_asia-japan-east 13082
Get_Thrift_Server_Storage_asia-japan-east 13129
Get_Azure_asia-japan-east 12088
Get_Thrift_Server_Storage_asia-japan-east 12109
Get_Azure_asia-japan-east 10643
Get_Thrift_Server_Storage_asia-japan-east 10670
Get_Azure_asia-japan-east 26438
Get_Thrift_Server_Storage_asia-japan-east 26471
Get_Azure_asia-japan-east 11372
Get_Thrift_Server_Storage_asia-japan-east 11400
Get_Azure_asia-japan-east 12504
Get_Thrift_Server_Storage_asia-japan-east 12529
Get_Azure_asia-japan-east 12314
Get_Thrift_Server_Storage_asia-japan-east 12350
Get_Azure_asia-japan-east 15757
Get_Thrift_Server_Storage_asia-japan-east 15791
Get_Azure_asia-japan-east 11121
Get_Thrift_Server_Storage_asia-japan-east 11146
Get_Azure_asia-japan-east 10988
Get_Thrift_Server_Storage_asia-japan-east 11016
Get_Azure_asia-japan-east 13817
Get_Thrift_Server_Storage_asia-japan-east 13843
Get_Azure_asia-japan-east 10724
Get_Thrift_Server_Storage_asia-japan-east 10746
Get_Azure_asia-japan-east 13737
Get_Thrift_Server_Storage_asia-japan-east 13772
Get_Azure_asia-japan-east 11818
Get_Thrift_Server_Storage_asia-japan-east 11843
Get_Azure_asia-japan-east 11209
Get_Thrift_Server_Storage_asia-japan-east 11229
Get_Azure_asia-japan-east 10763
Get_Thrift_Server_Storage_asia-japan-east 10798
Get_Azure_asia-japan-east 12797
Get_Thrift_Server_Storage_asia-japan-east 12835
Get_Azure_asia-japan-east 14896
Get_Thrift_Server_Storage_asia-japan-east 14920
Get_Azure_asia-japan-east 11308
Get_Thrift_Server_Storage_asia-japan-east 11329
Get_Azure_asia-japan-east 11215
Get_Thrift_Server_Storage_asia-japan-east 11238
Get_Azure_asia-japan-east 10300
Get_Thrift_Server_Storage_asia-japan-east 10330
Get_Azure_asia-japan-east 10017
Get_Thrift_Server_Storage_asia-japan-east 10047
Get_Azure_asia-japan-east 10543
Get_Thrift_Server_Storage_asia-japan-east 10563
Get_Azure_asia-japan-east 9595
Get_Thrift_Server_Storage_asia-japan-east 9617
Get_Azure_asia-japan-east 10362
Get_Thrift_Server_Storage_asia-japan-east 10393
Get_Azure_asia-japan-east 18507
Get_Thrift_Server_Storage_asia-japan-east 18537
Get_Azure_asia-japan-east 11140
Get_Thrift_Server_Storage_asia-japan-east 11162
Get_Azure_asia-japan-east 11006
Get_Thrift_Server_Storage_asia-japan-east 11040
Get_Azure_asia-japan-east 9976
Get_Thrift_Server_Storage_asia-japan-east 10014
Get_Azure_asia-japan-east 9714
Get_Thrift_Server_Storage_asia-japan-east 9745
Get_Azure_asia-japan-east 10258
Get_Thrift_Server_Storage_asia-japan-east 10290
Get_Azure_asia-japan-east 10122
Get_Thrift_Server_Storage_asia-japan-east 10154
Get_Azure_asia-japan-east 11962
Get_Thrift_Server_Storage_asia-japan-east 11983
Get_Azure_asia-japan-east 21181
Get_Thrift_Server_Storage_asia-japan-east 21211
Get_Azure_asia-japan-east 10092
Get_Thrift_Server_Storage_asia-japan-east 10139
Get_Azure_asia-japan-east 9390
Get_Thrift_Server_Storage_asia-japan-east 9440
Get_Azure_asia-japan-east 10559
Get_Thrift_Server_Storage_asia-japan-east 10594
Get_Azure_asia-japan-east 10222
Get_Thrift_Server_Storage_asia-japan-east 10244
Get_Azure_asia-japan-east 10036
Get_Thrift_Server_Storage_asia-japan-east 10059
Get_Azure_asia-japan-east 11214
Get_Thrift_Server_Storage_asia-japan-east 11258
Get_Azure_asia-japan-east 10196
Get_Thrift_Server_Storage_asia-japan-east 10221
Get_Azure_asia-japan-east 9913
Get_Thrift_Server_Storage_asia-japan-east 9950
Get_Azure_asia-japan-east 10263
Get_Thrift_Server_Storage_asia-japan-east 10297
Get_Azure_asia-japan-east 63552
Get_Thrift_Server_Storage_asia-japan-east 63593
Get_Azure_asia-japan-east 10987
Get_Thrift_Server_Storage_asia-japan-east 11005
Get_Azure_asia-japan-east 15864
Get_Thrift_Server_Storage_asia-japan-east 15882
Get_Azure_asia-japan-east 14016
Get_Thrift_Server_Storage_asia-japan-east 14034
Get_Azure_asia-japan-east 9957
Get_Thrift_Server_Storage_asia-japan-east 9976
Get_Azure_asia-japan-east 9983
Get_Thrift_Server_Storage_asia-japan-east 10001
Get_Azure_asia-japan-east 11047
Get_Thrift_Server_Storage_asia-japan-east 11072
Get_Azure_asia-japan-east 10796
Get_Thrift_Server_Storage_asia-japan-east 10815
Get_Azure_asia-japan-east 451345
Get_Thrift_Server_Storage_asia-japan-east 451396
Get_Azure_asia-japan-east 14674
Get_Thrift_Server_Storage_asia-japan-east 14697
Get_Azure_asia-japan-east 11990
Get_Thrift_Server_Storage_asia-japan-east 12014
Get_Azure_asia-japan-east 10360
Get_Thrift_Server_Storage_asia-japan-east 10406
Get_Azure_asia-japan-east 9935
Get_Thrift_Server_Storage_asia-japan-east 9968
Get_Azure_asia-japan-east 13972
Get_Thrift_Server_Storage_asia-japan-east 13995
Get_Azure_asia-japan-east 30546
Get_Thrift_Server_Storage_asia-japan-east 30567
Get_Azure_asia-japan-east 9939
Get_Thrift_Server_Storage_asia-japan-east 9966
Get_Azure_asia-japan-east 9712
Get_Thrift_Server_Storage_asia-japan-east 9740
Get_Azure_asia-japan-east 10683
Get_Thrift_Server_Storage_asia-japan-east 10702
Get_Azure_asia-japan-east 10049
Get_Thrift_Server_Storage_asia-japan-east 10073
Get_Azure_asia-japan-east 9991
Get_Thrift_Server_Storage_asia-japan-east 10038
Get_Azure_asia-japan-east 10454
Get_Thrift_Server_Storage_asia-japan-east 10487
Get_Azure_asia-japan-east 11152
Get_Thrift_Server_Storage_asia-japan-east 11175
Get_Azure_asia-japan-east 13038
Get_Thrift_Server_Storage_asia-japan-east 13060
Get_Azure_asia-japan-east 30886
Get_Thrift_Server_Storage_asia-japan-east 30908
Get_Azure_asia-japan-east 11360
Get_Thrift_Server_Storage_asia-japan-east 11383
Get_Azure_asia-japan-east 38643
Get_Thrift_Server_Storage_asia-japan-east 38663
Get_Azure_asia-japan-east 18574
Get_Thrift_Server_Storage_asia-japan-east 18629
Get_Azure_asia-japan-east 10359
Get_Thrift_Server_Storage_asia-japan-east 10389
Get_Azure_asia-japan-east 10340
Get_Thrift_Server_Storage_asia-japan-east 10369
Get_Azure_asia-japan-east 9438
Get_Thrift_Server_Storage_asia-japan-east 9461
Get_Azure_asia-japan-east 22216
Get_Thrift_Server_Storage_asia-japan-east 22238
Get_Azure_asia-japan-east 10731
Get_Thrift_Server_Storage_asia-japan-east 10751
Get_Azure_asia-japan-east 10557
Get_Thrift_Server_Storage_asia-japan-east 10576
Get_Azure_asia-japan-east 9394
Get_Thrift_Server_Storage_asia-japan-east 9425
Get_Azure_asia-japan-east 10215
Get_Thrift_Server_Storage_asia-japan-east 10250
Get_Azure_asia-japan-east 19638
Get_Thrift_Server_Storage_asia-japan-east 19656
Get_Azure_asia-japan-east 9636
Get_Thrift_Server_Storage_asia-japan-east 9662
Get_Azure_asia-japan-east 10308
Get_Thrift_Server_Storage_asia-japan-east 10333
Get_Azure_asia-japan-east 10884
Get_Thrift_Server_Storage_asia-japan-east 10900
Get_Azure_asia-japan-east 27046
Get_Thrift_Server_Storage_asia-japan-east 27069
Get_Azure_asia-japan-east 10948
Get_Thrift_Server_Storage_asia-japan-east 10975
Get_Azure_asia-japan-east 9463
Get_Thrift_Server_Storage_asia-japan-east 9481
Get_Azure_asia-japan-east 10011
Get_Thrift_Server_Storage_asia-japan-east 10044
Get_Azure_asia-japan-east 10789
Get_Thrift_Server_Storage_asia-japan-east 10828
Get_Azure_asia-japan-east 9975
Get_Thrift_Server_Storage_asia-japan-east 10001
Get_Azure_asia-japan-east 9317
Get_Thrift_Server_Storage_asia-japan-east 9344
Get_Azure_asia-japan-east 10165
Get_Thrift_Server_Storage_asia-japan-east 10184
Get_Azure_asia-japan-east 10495
Get_Thrift_Server_Storage_asia-japan-east 10517
Get_Azure_asia-japan-east 11264
Get_Thrift_Server_Storage_asia-japan-east 11296
Get_Azure_asia-japan-east 10450
Get_Thrift_Server_Storage_asia-japan-east 10498
Get_Azure_asia-japan-east 22919
Get_Thrift_Server_Storage_asia-japan-east 22950
Get_Azure_asia-japan-east 12600
Get_Thrift_Server_Storage_asia-japan-east 12630
Get_Azure_asia-japan-east 10478
Get_Thrift_Server_Storage_asia-japan-east 10511
Get_Azure_asia-japan-east 11239
Get_Thrift_Server_Storage_asia-japan-east 11268
Get_Azure_asia-japan-east 9805
Get_Thrift_Server_Storage_asia-japan-east 9834
Get_Azure_asia-japan-east 10697
Get_Thrift_Server_Storage_asia-japan-east 10723
Get_Azure_asia-japan-east 11664
Get_Thrift_Server_Storage_asia-japan-east 11686
Get_Azure_asia-japan-east 11325
Get_Thrift_Server_Storage_asia-japan-east 11364
Get_Azure_asia-japan-east 12126
Get_Thrift_Server_Storage_asia-japan-east 12152
Get_Azure_asia-japan-east 10631
Get_Thrift_Server_Storage_asia-japan-east 10661
Get_Azure_asia-japan-east 10511
Get_Thrift_Server_Storage_asia-japan-east 10561
Get_Azure_asia-japan-east 9969
Get_Thrift_Server_Storage_asia-japan-east 10003
Get_Azure_asia-japan-east 9860
Get_Thrift_Server_Storage_asia-japan-east 9890
Get_Azure_asia-japan-east 14903
Get_Thrift_Server_Storage_asia-japan-east 14931
Get_Azure_asia-japan-east 9708
Get_Thrift_Server_Storage_asia-japan-east 9754
Get_Azure_asia-japan-east 9047
Get_Thrift_Server_Storage_asia-japan-east 9073
Get_Azure_asia-japan-east 10400
Get_Thrift_Server_Storage_asia-japan-east 10450
Get_Azure_asia-japan-east 9453
Get_Thrift_Server_Storage_asia-japan-east 9492
Get_Azure_asia-japan-east 13926
Get_Thrift_Server_Storage_asia-japan-east 13947
Get_Azure_asia-japan-east 10436
Get_Thrift_Server_Storage_asia-japan-east 10481
Get_Azure_asia-japan-east 9269
Get_Thrift_Server_Storage_asia-japan-east 9286
Get_Azure_asia-japan-east 10154
Get_Thrift_Server_Storage_asia-japan-east 10177
Get_Azure_asia-japan-east 9609
Get_Thrift_Server_Storage_asia-japan-east 9630
Get_Azure_asia-japan-east 9980
Get_Thrift_Server_Storage_asia-japan-east 10019
Get_Azure_asia-japan-east 9334
Get_Thrift_Server_Storage_asia-japan-east 9365
Get_Azure_asia-japan-east 10684
Get_Thrift_Server_Storage_asia-japan-east 10706
Get_Azure_asia-japan-east 11649
Get_Thrift_Server_Storage_asia-japan-east 11675
Get_Azure_asia-japan-east 11718
Get_Thrift_Server_Storage_asia-japan-east 11750
Get_Azure_asia-japan-east 11232
Get_Thrift_Server_Storage_asia-japan-east 11305
Get_Azure_asia-japan-east 11104
Get_Thrift_Server_Storage_asia-japan-east 11132
Get_Azure_asia-japan-east 10755
Get_Thrift_Server_Storage_asia-japan-east 10785
Get_Azure_asia-japan-east 12269
Get_Thrift_Server_Storage_asia-japan-east 12294
Get_Azure_asia-japan-east 15524
Get_Thrift_Server_Storage_asia-japan-east 15546
Get_Azure_asia-japan-east 10565
Get_Thrift_Server_Storage_asia-japan-east 10590
Get_Azure_asia-japan-east 9592
Get_Thrift_Server_Storage_asia-japan-east 9612
Get_Azure_asia-japan-east 12161
Get_Thrift_Server_Storage_asia-japan-east 12195
Get_Azure_asia-japan-east 13394
Get_Thrift_Server_Storage_asia-japan-east 13421
Get_Azure_asia-japan-east 11855
Get_Thrift_Server_Storage_asia-japan-east 11890
Get_Azure_asia-japan-east 10526
Get_Thrift_Server_Storage_asia-japan-east 10548
Get_Azure_asia-japan-east 12138
Get_Thrift_Server_Storage_asia-japan-east 12166
Get_Azure_asia-japan-east 11616
Get_Thrift_Server_Storage_asia-japan-east 11656
Get_Azure_asia-japan-east 12460
Get_Thrift_Server_Storage_asia-japan-east 12490
Get_Azure_asia-japan-east 10491
Get_Thrift_Server_Storage_asia-japan-east 10528
Get_Azure_asia-japan-east 14274
Get_Thrift_Server_Storage_asia-japan-east 14301
Get_Azure_asia-japan-east 13485
Get_Thrift_Server_Storage_asia-japan-east 13516
Get_Azure_asia-japan-east 14842
Get_Thrift_Server_Storage_asia-japan-east 14895
Get_Azure_asia-japan-east 10793
Get_Thrift_Server_Storage_asia-japan-east 10824
Get_Azure_asia-japan-east 9937
Get_Thrift_Server_Storage_asia-japan-east 9960
Get_Azure_asia-japan-east 11001
Get_Thrift_Server_Storage_asia-japan-east 11033
Get_Azure_asia-japan-east 21714
Get_Thrift_Server_Storage_asia-japan-east 21736
Get_Azure_asia-japan-east 10918
Get_Thrift_Server_Storage_asia-japan-east 10939
Get_Azure_asia-japan-east 10922
Get_Thrift_Server_Storage_asia-japan-east 10945
Get_Azure_asia-japan-east 9968
Get_Thrift_Server_Storage_asia-japan-east 9992
Get_Azure_asia-japan-east 10627
Get_Thrift_Server_Storage_asia-japan-east 10648
Get_Azure_asia-japan-east 13172
Get_Thrift_Server_Storage_asia-japan-east 13200
Get_Azure_asia-japan-east 151474
Get_Thrift_Server_Storage_asia-japan-east 151514
Get_Azure_asia-japan-east 26640
Get_Thrift_Server_Storage_asia-japan-east 26671
Get_Azure_asia-japan-east 10524
Get_Thrift_Server_Storage_asia-japan-east 10571
Get_Azure_asia-japan-east 10966
Get_Thrift_Server_Storage_asia-japan-east 10988
Get_Azure_asia-japan-east 24313
Get_Thrift_Server_Storage_asia-japan-east 24354
Get_Azure_asia-japan-east 10141
Get_Thrift_Server_Storage_asia-japan-east 10164
Get_Azure_asia-japan-east 10344
Get_Thrift_Server_Storage_asia-japan-east 10364
Get_Azure_asia-japan-east 11223
Get_Thrift_Server_Storage_asia-japan-east 11244
Get_Azure_asia-japan-east 10061
Get_Thrift_Server_Storage_asia-japan-east 10085
Get_Azure_asia-japan-east 12075
Get_Thrift_Server_Storage_asia-japan-east 12110
Get_Azure_asia-japan-east 10623
Get_Thrift_Server_Storage_asia-japan-east 10652
Get_Azure_asia-japan-east 11212
Get_Thrift_Server_Storage_asia-japan-east 11242
Get_Azure_asia-japan-east 10240
Get_Thrift_Server_Storage_asia-japan-east 10264
Get_Azure_asia-japan-east 22769
Get_Thrift_Server_Storage_asia-japan-east 22792
Get_Azure_asia-japan-east 11813
Get_Thrift_Server_Storage_asia-japan-east 11846
Get_Azure_asia-japan-east 12610
Get_Thrift_Server_Storage_asia-japan-east 12639
Get_Azure_asia-japan-east 10462
Get_Thrift_Server_Storage_asia-japan-east 10506
Get_Azure_asia-japan-east 10728
Get_Thrift_Server_Storage_asia-japan-east 10753
Get_Azure_asia-japan-east 11291
Get_Thrift_Server_Storage_asia-japan-east 11323
Get_Azure_asia-japan-east 13090
Get_Thrift_Server_Storage_asia-japan-east 13135
Get_Azure_asia-japan-east 11534
Get_Thrift_Server_Storage_asia-japan-east 11565
Get_Azure_asia-japan-east 11212
Get_Thrift_Server_Storage_asia-japan-east 11253
Get_Azure_asia-japan-east 10262
Get_Thrift_Server_Storage_asia-japan-east 10293
Get_Azure_asia-japan-east 19312
Get_Thrift_Server_Storage_asia-japan-east 19332
Get_Azure_asia-japan-east 10256
Get_Thrift_Server_Storage_asia-japan-east 10278
Get_Azure_asia-japan-east 9937
Get_Thrift_Server_Storage_asia-japan-east 9976
Get_Azure_asia-japan-east 10301
Get_Thrift_Server_Storage_asia-japan-east 10352
Get_Azure_asia-japan-east 10617
Get_Thrift_Server_Storage_asia-japan-east 10646
Get_Azure_asia-japan-east 9614
Get_Thrift_Server_Storage_asia-japan-east 9661
Get_Azure_asia-japan-east 10066
Get_Thrift_Server_Storage_asia-japan-east 10101
Get_Azure_asia-japan-east 10332
Get_Thrift_Server_Storage_asia-japan-east 10357
Get_Azure_asia-japan-east 9421
Get_Thrift_Server_Storage_asia-japan-east 9444
Get_Azure_asia-japan-east 14789
Get_Thrift_Server_Storage_asia-japan-east 14810
Get_Azure_asia-japan-east 10969
Get_Thrift_Server_Storage_asia-japan-east 10996
Get_Azure_asia-japan-east 11755
Get_Thrift_Server_Storage_asia-japan-east 11772
Get_Azure_asia-japan-east 10935
Get_Thrift_Server_Storage_asia-japan-east 10959
Get_Azure_asia-japan-east 10079
Get_Thrift_Server_Storage_asia-japan-east 10114
Get_Azure_asia-japan-east 12104
Get_Thrift_Server_Storage_asia-japan-east 12135
Get_Azure_asia-japan-east 11068
Get_Thrift_Server_Storage_asia-japan-east 11093
Get_Azure_asia-japan-east 11284
Get_Thrift_Server_Storage_asia-japan-east 11301
Get_Azure_asia-japan-east 19537
Get_Thrift_Server_Storage_asia-japan-east 19557
Get_Azure_asia-japan-east 31887
Get_Thrift_Server_Storage_asia-japan-east 31910
Get_Azure_asia-japan-east 11140
Get_Thrift_Server_Storage_asia-japan-east 11170
Get_Azure_asia-japan-east 10937
Get_Thrift_Server_Storage_asia-japan-east 10970
Get_Azure_asia-japan-east 13107
Get_Thrift_Server_Storage_asia-japan-east 13135
Get_Azure_asia-japan-east 52831
Get_Thrift_Server_Storage_asia-japan-east 52850
Get_Azure_asia-japan-east 11510
Get_Thrift_Server_Storage_asia-japan-east 11529
Get_Azure_asia-japan-east 11792
Get_Thrift_Server_Storage_asia-japan-east 11823
Get_Azure_asia-japan-east 10911
Get_Thrift_Server_Storage_asia-japan-east 10945
Get_Azure_asia-japan-east 23080
Get_Thrift_Server_Storage_asia-japan-east 23114
Get_Azure_asia-japan-east 10393
Get_Thrift_Server_Storage_asia-japan-east 10417
Get_Azure_asia-japan-east 9743
Get_Thrift_Server_Storage_asia-japan-east 9766
Get_Azure_asia-japan-east 26967
Get_Thrift_Server_Storage_asia-japan-east 27006
Get_Azure_asia-japan-east 10750
Get_Thrift_Server_Storage_asia-japan-east 10780
Get_Azure_asia-japan-east 12132
Get_Thrift_Server_Storage_asia-japan-east 12155
Get_Azure_asia-japan-east 10792
Get_Thrift_Server_Storage_asia-japan-east 10819
Get_Azure_asia-japan-east 11325
Get_Thrift_Server_Storage_asia-japan-east 11355
Get_Azure_asia-japan-east 10831
Get_Thrift_Server_Storage_asia-japan-east 10857
Get_Azure_asia-japan-east 12238
Get_Thrift_Server_Storage_asia-japan-east 12262
Get_Azure_asia-japan-east 9902
Get_Thrift_Server_Storage_asia-japan-east 9925
Get_Azure_asia-japan-east 10635
Get_Thrift_Server_Storage_asia-japan-east 10665
Get_Azure_asia-japan-east 30372
Get_Thrift_Server_Storage_asia-japan-east 30395
Get_Azure_asia-japan-east 10440
Get_Thrift_Server_Storage_asia-japan-east 10464
Get_Azure_asia-japan-east 11180
Get_Thrift_Server_Storage_asia-japan-east 11224
Get_Azure_asia-japan-east 10695
Get_Thrift_Server_Storage_asia-japan-east 10730
Get_Azure_asia-japan-east 11515
Get_Thrift_Server_Storage_asia-japan-east 11537
Get_Azure_asia-japan-east 11057
Get_Thrift_Server_Storage_asia-japan-east 11099
Get_Azure_asia-japan-east 89927
Get_Thrift_Server_Storage_asia-japan-east 89960
Get_Azure_asia-japan-east 11519
Get_Thrift_Server_Storage_asia-japan-east 11553
Get_Azure_asia-japan-east 10313
Get_Thrift_Server_Storage_asia-japan-east 10344
Get_Azure_asia-japan-east 23121
Get_Thrift_Server_Storage_asia-japan-east 23145
Get_Azure_asia-japan-east 10112
Get_Thrift_Server_Storage_asia-japan-east 10134
Get_Azure_asia-japan-east 10139
Get_Thrift_Server_Storage_asia-japan-east 10181
Get_Azure_asia-japan-east 460555
Get_Thrift_Server_Storage_asia-japan-east 460582
Get_Azure_asia-japan-east 21418
Get_Thrift_Server_Storage_asia-japan-east 21442
Get_Azure_asia-japan-east 11653
Get_Thrift_Server_Storage_asia-japan-east 11714
Get_Azure_asia-japan-east 9931
Get_Thrift_Server_Storage_asia-japan-east 9966
Get_Azure_asia-japan-east 11772
Get_Thrift_Server_Storage_asia-japan-east 11802
Get_Azure_asia-japan-east 17410
Get_Thrift_Server_Storage_asia-japan-east 17433
Get_Azure_asia-japan-east 10591
Get_Thrift_Server_Storage_asia-japan-east 10613
Get_Azure_asia-japan-east 11005
Get_Thrift_Server_Storage_asia-japan-east 11034
Get_Azure_asia-japan-east 10469
Get_Thrift_Server_Storage_asia-japan-east 10491
Get_Azure_asia-japan-east 10709
Get_Thrift_Server_Storage_asia-japan-east 10744
Get_Azure_asia-japan-east 11141
Get_Thrift_Server_Storage_asia-japan-east 11174
Get_Azure_asia-japan-east 24866
Get_Thrift_Server_Storage_asia-japan-east 24898
Get_Azure_asia-japan-east 11486
Get_Thrift_Server_Storage_asia-japan-east 11519
Get_Azure_asia-japan-east 11150
Get_Thrift_Server_Storage_asia-japan-east 11183
Get_Azure_asia-japan-east 10751
Get_Thrift_Server_Storage_asia-japan-east 10777
Get_Azure_asia-japan-east 11330
Get_Thrift_Server_Storage_asia-japan-east 11357
Get_Azure_asia-japan-east 26298
Get_Thrift_Server_Storage_asia-japan-east 26338
Get_Azure_asia-japan-east 10523
Get_Thrift_Server_Storage_asia-japan-east 10563
Get_Azure_asia-japan-east 196465
Get_Thrift_Server_Storage_asia-japan-east 196505
Get_Azure_asia-japan-east 10104
Get_Thrift_Server_Storage_asia-japan-east 10137
Get_Azure_asia-japan-east 10597
Get_Thrift_Server_Storage_asia-japan-east 10627
Get_Azure_asia-japan-east 10228
Get_Thrift_Server_Storage_asia-japan-east 10246
Get_Azure_asia-japan-east 13642
Get_Thrift_Server_Storage_asia-japan-east 13667
Get_Azure_asia-japan-east 11118
Get_Thrift_Server_Storage_asia-japan-east 11186
Get_Azure_asia-japan-east 9965
Get_Thrift_Server_Storage_asia-japan-east 10008
Get_Azure_asia-japan-east 11322
Get_Thrift_Server_Storage_asia-japan-east 11355
Get_Azure_asia-japan-east 9535
Get_Thrift_Server_Storage_asia-japan-east 9570
Get_Azure_asia-japan-east 10388
Get_Thrift_Server_Storage_asia-japan-east 10433
Get_Azure_asia-japan-east 10445
Get_Thrift_Server_Storage_asia-japan-east 10480
Get_Azure_asia-japan-east 10411
Get_Thrift_Server_Storage_asia-japan-east 10436
Get_Azure_asia-japan-east 11891
Get_Thrift_Server_Storage_asia-japan-east 11909
Get_Azure_asia-japan-east 10804
Get_Thrift_Server_Storage_asia-japan-east 10828
Get_Azure_asia-japan-east 10277
Get_Thrift_Server_Storage_asia-japan-east 10299
Get_Azure_asia-japan-east 336468
Get_Thrift_Server_Storage_asia-japan-east 336503
Get_Azure_asia-japan-east 12329
Get_Thrift_Server_Storage_asia-japan-east 12361
Get_Azure_asia-japan-east 11179
Get_Thrift_Server_Storage_asia-japan-east 11212
Get_Azure_asia-japan-east 11772
Get_Thrift_Server_Storage_asia-japan-east 11806
Get_Azure_asia-japan-east 10483
Get_Thrift_Server_Storage_asia-japan-east 10518
Get_Azure_asia-japan-east 12730
Get_Thrift_Server_Storage_asia-japan-east 12753
Get_Azure_asia-japan-east 15184
Get_Thrift_Server_Storage_asia-japan-east 15212
Get_Azure_asia-japan-east 10994
Get_Thrift_Server_Storage_asia-japan-east 11019
Get_Azure_asia-japan-east 13844
Get_Thrift_Server_Storage_asia-japan-east 13865
Get_Azure_asia-japan-east 11790
Get_Thrift_Server_Storage_asia-japan-east 11822
Get_Azure_asia-japan-east 10281
Get_Thrift_Server_Storage_asia-japan-east 10299
Get_Azure_asia-japan-east 14440
Get_Thrift_Server_Storage_asia-japan-east 14464
Get_Azure_asia-japan-east 10247
Get_Thrift_Server_Storage_asia-japan-east 10270
Get_Azure_asia-japan-east 11589
Get_Thrift_Server_Storage_asia-japan-east 11627
Get_Azure_asia-japan-east 11386
Get_Thrift_Server_Storage_asia-japan-east 11419
Get_Azure_asia-japan-east 12757
Get_Thrift_Server_Storage_asia-japan-east 12788
Get_Azure_asia-japan-east 11563
Get_Thrift_Server_Storage_asia-japan-east 11600
Get_Azure_asia-japan-east 10273
Get_Thrift_Server_Storage_asia-japan-east 10293
Get_Azure_asia-japan-east 11350
Get_Thrift_Server_Storage_asia-japan-east 11373
Get_Azure_asia-japan-east 18897
Get_Thrift_Server_Storage_asia-japan-east 18948
Get_Azure_asia-japan-east 9994
Get_Thrift_Server_Storage_asia-japan-east 10028
Get_Azure_asia-japan-east 18038
Get_Thrift_Server_Storage_asia-japan-east 18069
Get_Azure_asia-japan-east 10229
Get_Thrift_Server_Storage_asia-japan-east 10252
Get_Azure_asia-japan-east 99103
Get_Thrift_Server_Storage_asia-japan-east 99127
Get_Azure_asia-japan-east 67023
Get_Thrift_Server_Storage_asia-japan-east 67056
Get_Azure_asia-japan-east 12841
Get_Thrift_Server_Storage_asia-japan-east 12864
Get_Azure_asia-japan-east 10448
Get_Thrift_Server_Storage_asia-japan-east 10470
Get_Azure_asia-japan-east 10860
Get_Thrift_Server_Storage_asia-japan-east 10884
Get_Azure_asia-japan-east 9476
Get_Thrift_Server_Storage_asia-japan-east 9507
Get_Azure_asia-japan-east 10391
Get_Thrift_Server_Storage_asia-japan-east 10420
Get_Azure_asia-japan-east 9358
Get_Thrift_Server_Storage_asia-japan-east 9386
Get_Azure_asia-japan-east 14471
Get_Thrift_Server_Storage_asia-japan-east 14502
Get_Azure_asia-japan-east 10742
Get_Thrift_Server_Storage_asia-japan-east 10772
Get_Azure_asia-japan-east 12024
Get_Thrift_Server_Storage_asia-japan-east 12056
Get_Azure_asia-japan-east 13189
Get_Thrift_Server_Storage_asia-japan-east 13222
Get_Azure_asia-japan-east 10821
Get_Thrift_Server_Storage_asia-japan-east 10869
Get_Azure_asia-japan-east 17501
Get_Thrift_Server_Storage_asia-japan-east 17533
Get_Azure_asia-japan-east 13259
Get_Thrift_Server_Storage_asia-japan-east 13295
Get_Azure_asia-japan-east 11590
Get_Thrift_Server_Storage_asia-japan-east 11612
Get_Azure_asia-japan-east 26906
Get_Thrift_Server_Storage_asia-japan-east 26946
Get_Azure_asia-japan-east 11157
Get_Thrift_Server_Storage_asia-japan-east 11185
Get_Azure_asia-japan-east 12005
Get_Thrift_Server_Storage_asia-japan-east 12025
Get_Azure_asia-japan-east 39422
Get_Thrift_Server_Storage_asia-japan-east 39444
Get_Azure_asia-japan-east 10458
Get_Thrift_Server_Storage_asia-japan-east 10479
Get_Azure_asia-japan-east 10164
Get_Thrift_Server_Storage_asia-japan-east 10196
Get_Azure_asia-japan-east 10874
Get_Thrift_Server_Storage_asia-japan-east 10895
Get_Azure_asia-japan-east 11249
Get_Thrift_Server_Storage_asia-japan-east 11296
Get_Azure_asia-japan-east 10812
Get_Thrift_Server_Storage_asia-japan-east 10835
Get_Azure_asia-japan-east 10449
Get_Thrift_Server_Storage_asia-japan-east 10487
Get_Azure_asia-japan-east 10253
Get_Thrift_Server_Storage_asia-japan-east 10285
Get_Azure_asia-japan-east 11529
Get_Thrift_Server_Storage_asia-japan-east 11562
Get_Azure_asia-japan-east 10971
Get_Thrift_Server_Storage_asia-japan-east 10994
Get_Azure_asia-japan-east 78292
Get_Thrift_Server_Storage_asia-japan-east 78323
Get_Azure_asia-japan-east 9865
Get_Thrift_Server_Storage_asia-japan-east 9893
Get_Azure_asia-japan-east 46917
Get_Thrift_Server_Storage_asia-japan-east 46946
Get_Azure_asia-japan-east 9814
Get_Thrift_Server_Storage_asia-japan-east 9833
Get_Azure_asia-japan-east 10233
Get_Thrift_Server_Storage_asia-japan-east 10262
Get_Azure_asia-japan-east 10221
Get_Thrift_Server_Storage_asia-japan-east 10257
Get_Azure_asia-japan-east 10415
Get_Thrift_Server_Storage_asia-japan-east 10434
Get_Azure_asia-japan-east 10349
Get_Thrift_Server_Storage_asia-japan-east 10378
Get_Azure_asia-japan-east 9940
Get_Thrift_Server_Storage_asia-japan-east 9975
Get_Azure_asia-japan-east 117423
Get_Thrift_Server_Storage_asia-japan-east 117467
Get_Azure_asia-japan-east 9935
Get_Thrift_Server_Storage_asia-japan-east 9957
Get_Azure_asia-japan-east 11425
Get_Thrift_Server_Storage_asia-japan-east 11452
Get_Azure_asia-japan-east 10685
Get_Thrift_Server_Storage_asia-japan-east 10711
Get_Azure_asia-japan-east 10509
Get_Thrift_Server_Storage_asia-japan-east 10538
Get_Azure_asia-japan-east 10893
Get_Thrift_Server_Storage_asia-japan-east 10942
Get_Azure_asia-japan-east 11430
Get_Thrift_Server_Storage_asia-japan-east 11459
Get_Azure_asia-japan-east 13859
Get_Thrift_Server_Storage_asia-japan-east 13882
Get_Azure_asia-japan-east 9467
Get_Thrift_Server_Storage_asia-japan-east 9487
Get_Azure_asia-japan-east 10948
Get_Thrift_Server_Storage_asia-japan-east 10974
Get_Azure_asia-japan-east 10384
Get_Thrift_Server_Storage_asia-japan-east 10418
Get_Azure_asia-japan-east 10413
Get_Thrift_Server_Storage_asia-japan-east 10436
Get_Azure_asia-japan-east 10549
Get_Thrift_Server_Storage_asia-japan-east 10569
Get_Azure_asia-japan-east 10464
Get_Thrift_Server_Storage_asia-japan-east 10489
Get_Azure_asia-japan-east 10331
Get_Thrift_Server_Storage_asia-japan-east 10356
Get_Azure_asia-japan-east 10852
Get_Thrift_Server_Storage_asia-japan-east 10882
Get_Azure_asia-japan-east 9717
Get_Thrift_Server_Storage_asia-japan-east 9758
Get_Azure_asia-japan-east 10927
Get_Thrift_Server_Storage_asia-japan-east 10955
Get_Azure_asia-japan-east 30297
Get_Thrift_Server_Storage_asia-japan-east 30332
Get_Azure_asia-japan-east 11409
Get_Thrift_Server_Storage_asia-japan-east 11431
Get_Azure_asia-japan-east 11163
Get_Thrift_Server_Storage_asia-japan-east 11195
Get_Azure_asia-japan-east 98810
Get_Thrift_Server_Storage_asia-japan-east 98841
Get_Azure_asia-japan-east 38519
Get_Thrift_Server_Storage_asia-japan-east 38549
Get_Azure_asia-japan-east 11829
Get_Thrift_Server_Storage_asia-japan-east 11851
Get_Azure_asia-japan-east 10480
Get_Thrift_Server_Storage_asia-japan-east 10508
Get_Azure_asia-japan-east 58737
Get_Thrift_Server_Storage_asia-japan-east 58774
Get_Azure_asia-japan-east 10793
Get_Thrift_Server_Storage_asia-japan-east 10818
Get_Azure_asia-japan-east 10147
Get_Thrift_Server_Storage_asia-japan-east 10168
Get_Azure_asia-japan-east 11554
Get_Thrift_Server_Storage_asia-japan-east 11594
Get_Azure_asia-japan-east 10877
Get_Thrift_Server_Storage_asia-japan-east 10899
Get_Azure_asia-japan-east 10379
Get_Thrift_Server_Storage_asia-japan-east 10402
Get_Azure_asia-japan-east 12540
Get_Thrift_Server_Storage_asia-japan-east 12572
Get_Azure_asia-japan-east 11806
Get_Thrift_Server_Storage_asia-japan-east 11834
Get_Azure_asia-japan-east 10292
Get_Thrift_Server_Storage_asia-japan-east 10314
Get_Azure_asia-japan-east 14628
Get_Thrift_Server_Storage_asia-japan-east 14657
Get_Azure_asia-japan-east 10854
Get_Thrift_Server_Storage_asia-japan-east 10896
Get_Azure_asia-japan-east 10048
Get_Thrift_Server_Storage_asia-japan-east 10092
Get_Azure_asia-japan-east 21236
Get_Thrift_Server_Storage_asia-japan-east 21262
Get_Azure_asia-japan-east 10398
Get_Thrift_Server_Storage_asia-japan-east 10418
Get_Azure_asia-japan-east 10637
Get_Thrift_Server_Storage_asia-japan-east 10658
Get_Azure_asia-japan-east 10335
Get_Thrift_Server_Storage_asia-japan-east 10354
Get_Azure_asia-japan-east 10160
Get_Thrift_Server_Storage_asia-japan-east 10185
Get_Azure_asia-japan-east 10778
Get_Thrift_Server_Storage_asia-japan-east 10812
Get_Azure_asia-japan-east 10801
Get_Thrift_Server_Storage_asia-japan-east 10865
Get_Azure_asia-japan-east 13095
Get_Thrift_Server_Storage_asia-japan-east 13124
Get_Azure_asia-japan-east 11087
Get_Thrift_Server_Storage_asia-japan-east 11108
Get_Azure_asia-japan-east 12158
Get_Thrift_Server_Storage_asia-japan-east 12205
Get_Azure_asia-japan-east 11219
Get_Thrift_Server_Storage_asia-japan-east 11270
Get_Azure_asia-japan-east 10819
Get_Thrift_Server_Storage_asia-japan-east 10843
Get_Azure_asia-japan-east 9549
Get_Thrift_Server_Storage_asia-japan-east 9597
Get_Azure_asia-japan-east 10239
Get_Thrift_Server_Storage_asia-japan-east 10302
Get_Azure_asia-japan-east 35800
Get_Thrift_Server_Storage_asia-japan-east 35830
Get_Azure_asia-japan-east 12020
Get_Thrift_Server_Storage_asia-japan-east 12051
Get_Azure_asia-japan-east 18489
Get_Thrift_Server_Storage_asia-japan-east 18512
Get_Azure_asia-japan-east 10169
Get_Thrift_Server_Storage_asia-japan-east 10211
Get_Azure_asia-japan-east 16929
Get_Thrift_Server_Storage_asia-japan-east 16970
Get_Azure_asia-japan-east 10066
Get_Thrift_Server_Storage_asia-japan-east 10095
Get_Azure_asia-japan-east 92285
Get_Thrift_Server_Storage_asia-japan-east 92308
Get_Azure_asia-japan-east 10524
Get_Thrift_Server_Storage_asia-japan-east 10566
Get_Azure_asia-japan-east 13133
Get_Thrift_Server_Storage_asia-japan-east 13166
Get_Azure_asia-japan-east 10477
Get_Thrift_Server_Storage_asia-japan-east 10507
Get_Azure_asia-japan-east 11612
Get_Thrift_Server_Storage_asia-japan-east 11632
Get_Azure_asia-japan-east 19306
Get_Thrift_Server_Storage_asia-japan-east 19332
Get_Azure_asia-japan-east 13461
Get_Thrift_Server_Storage_asia-japan-east 13489
Get_Azure_asia-japan-east 23498
Get_Thrift_Server_Storage_asia-japan-east 23536
Get_Azure_asia-japan-east 9688
Get_Thrift_Server_Storage_asia-japan-east 9716
Get_Azure_asia-japan-east 33216
Get_Thrift_Server_Storage_asia-japan-east 33239
Get_Azure_asia-japan-east 17181
Get_Thrift_Server_Storage_asia-japan-east 17196
Get_Azure_asia-japan-east 10088
Get_Thrift_Server_Storage_asia-japan-east 10104
Get_Azure_asia-japan-east 28811
Get_Thrift_Server_Storage_asia-japan-east 28840
Get_Azure_asia-japan-east 10069
Get_Thrift_Server_Storage_asia-japan-east 10100
Get_Azure_asia-japan-east 11002
Get_Thrift_Server_Storage_asia-japan-east 11024
Get_Azure_asia-japan-east 10285
Get_Thrift_Server_Storage_asia-japan-east 10304
Get_Azure_asia-japan-east 9933
Get_Thrift_Server_Storage_asia-japan-east 9956
Get_Azure_asia-japan-east 11527
Get_Thrift_Server_Storage_asia-japan-east 11567
Get_Azure_asia-japan-east 11108
Get_Thrift_Server_Storage_asia-japan-east 11134
Get_Azure_asia-japan-east 10593
Get_Thrift_Server_Storage_asia-japan-east 10611
Get_Azure_asia-japan-east 10476
Get_Thrift_Server_Storage_asia-japan-east 10493
Get_Azure_asia-japan-east 9591
Get_Thrift_Server_Storage_asia-japan-east 9616
Get_Azure_asia-japan-east 12992
Get_Thrift_Server_Storage_asia-japan-east 13025
Get_Azure_asia-japan-east 10589
Get_Thrift_Server_Storage_asia-japan-east 10606
Get_Azure_asia-japan-east 9609
Get_Thrift_Server_Storage_asia-japan-east 9629
Get_Azure_asia-japan-east 10355
Get_Thrift_Server_Storage_asia-japan-east 10377
Get_Azure_asia-japan-east 8837
Get_Thrift_Server_Storage_asia-japan-east 8854
Get_Azure_asia-japan-east 40125
Get_Thrift_Server_Storage_asia-japan-east 40149
Get_Azure_asia-japan-east 15143
Get_Thrift_Server_Storage_asia-japan-east 15162
Get_Azure_asia-japan-east 10138
Get_Thrift_Server_Storage_asia-japan-east 10158
Get_Azure_asia-japan-east 17632
Get_Thrift_Server_Storage_asia-japan-east 17654
Get_Azure_asia-japan-east 22418
Get_Thrift_Server_Storage_asia-japan-east 22436
Get_Azure_asia-japan-east 11175
Get_Thrift_Server_Storage_asia-japan-east 11200
Get_Azure_asia-japan-east 9099
Get_Thrift_Server_Storage_asia-japan-east 9125
Get_Azure_asia-japan-east 10018
Get_Thrift_Server_Storage_asia-japan-east 10044
Get_Azure_asia-japan-east 23035
Get_Thrift_Server_Storage_asia-japan-east 23060
Get_Azure_asia-japan-east 9781
Get_Thrift_Server_Storage_asia-japan-east 9800
Get_Azure_asia-japan-east 12243
Get_Thrift_Server_Storage_asia-japan-east 12276
Get_Azure_asia-japan-east 10391
Get_Thrift_Server_Storage_asia-japan-east 10410
Get_Azure_asia-japan-east 9680
Get_Thrift_Server_Storage_asia-japan-east 9708
Get_Azure_asia-japan-east 13678
Get_Thrift_Server_Storage_asia-japan-east 13716
Get_Azure_asia-japan-east 32135
Get_Thrift_Server_Storage_asia-japan-east 32161
Get_Azure_asia-japan-east 10848
Get_Thrift_Server_Storage_asia-japan-east 10866
Get_Azure_asia-japan-east 9810
Get_Thrift_Server_Storage_asia-japan-east 9832
Get_Azure_asia-japan-east 11099
Get_Thrift_Server_Storage_asia-japan-east 11145
Get_Azure_asia-japan-east 15139
Get_Thrift_Server_Storage_asia-japan-east 15160
Get_Azure_asia-japan-east 60005
Get_Thrift_Server_Storage_asia-japan-east 60035
Get_Azure_asia-japan-east 13831
Get_Thrift_Server_Storage_asia-japan-east 13859
Get_Azure_asia-japan-east 11272
Get_Thrift_Server_Storage_asia-japan-east 11291
Get_Azure_asia-japan-east 28123
Get_Thrift_Server_Storage_asia-japan-east 28142
Get_Azure_asia-japan-east 10983
Get_Thrift_Server_Storage_asia-japan-east 11022
Get_Azure_asia-japan-east 10119
Get_Thrift_Server_Storage_asia-japan-east 10149
Get_Azure_asia-japan-east 10669
Get_Thrift_Server_Storage_asia-japan-east 10691
Get_Azure_asia-japan-east 10708
Get_Thrift_Server_Storage_asia-japan-east 10743
Get_Azure_asia-japan-east 10710
Get_Thrift_Server_Storage_asia-japan-east 10734
Get_Azure_asia-japan-east 11118
Get_Thrift_Server_Storage_asia-japan-east 11147
Get_Azure_asia-japan-east 12587
Get_Thrift_Server_Storage_asia-japan-east 12612
Get_Azure_asia-japan-east 15205
Get_Thrift_Server_Storage_asia-japan-east 15235
Get_Azure_asia-japan-east 10844
Get_Thrift_Server_Storage_asia-japan-east 10870
Get_Azure_asia-japan-east 165096
Get_Thrift_Server_Storage_asia-japan-east 165123
Get_Azure_asia-japan-east 10939
Get_Thrift_Server_Storage_asia-japan-east 10960
Get_Azure_asia-japan-east 9932
Get_Thrift_Server_Storage_asia-japan-east 9959
Get_Azure_asia-japan-east 10758
Get_Thrift_Server_Storage_asia-japan-east 10788
Get_Azure_asia-japan-east 22399
Get_Thrift_Server_Storage_asia-japan-east 22449
Get_Azure_asia-japan-east 10486
Get_Thrift_Server_Storage_asia-japan-east 10514
Get_Azure_asia-japan-east 11601
Get_Thrift_Server_Storage_asia-japan-east 11635
Get_Azure_asia-japan-east 12989
Get_Thrift_Server_Storage_asia-japan-east 13013
Get_Azure_asia-japan-east 11265
Get_Thrift_Server_Storage_asia-japan-east 11308
Get_Azure_asia-japan-east 11426
Get_Thrift_Server_Storage_asia-japan-east 11459
Get_Azure_asia-japan-east 9412
Get_Thrift_Server_Storage_asia-japan-east 9438
Get_Azure_asia-japan-east 10122
Get_Thrift_Server_Storage_asia-japan-east 10145
Get_Azure_asia-japan-east 9720
Get_Thrift_Server_Storage_asia-japan-east 9749
Get_Azure_asia-japan-east 10159
Get_Thrift_Server_Storage_asia-japan-east 10190
Get_Azure_asia-japan-east 9625
Get_Thrift_Server_Storage_asia-japan-east 9650
Get_Azure_asia-japan-east 10331
Get_Thrift_Server_Storage_asia-japan-east 10359
Get_Azure_asia-japan-east 9428
Get_Thrift_Server_Storage_asia-japan-east 9456
Get_Azure_asia-japan-east 23329
Get_Thrift_Server_Storage_asia-japan-east 23346
Get_Azure_asia-japan-east 33102
Get_Thrift_Server_Storage_asia-japan-east 33147
Get_Azure_asia-japan-east 10772
Get_Thrift_Server_Storage_asia-japan-east 10825
Get_Azure_asia-japan-east 11659
Get_Thrift_Server_Storage_asia-japan-east 11688
Get_Azure_asia-japan-east 10597
Get_Thrift_Server_Storage_asia-japan-east 10616
Get_Azure_asia-japan-east 11053
Get_Thrift_Server_Storage_asia-japan-east 11078
Get_Azure_asia-japan-east 10918
Get_Thrift_Server_Storage_asia-japan-east 10943
Get_Azure_asia-japan-east 60155
Get_Thrift_Server_Storage_asia-japan-east 60197
Get_Azure_asia-japan-east 12337
Get_Thrift_Server_Storage_asia-japan-east 12362
Get_Azure_asia-japan-east 13394
Get_Thrift_Server_Storage_asia-japan-east 13416
Get_Azure_asia-japan-east 11948
Get_Thrift_Server_Storage_asia-japan-east 11975
Get_Azure_asia-japan-east 10757
Get_Thrift_Server_Storage_asia-japan-east 10782
Get_Azure_asia-japan-east 10658
Get_Thrift_Server_Storage_asia-japan-east 10684
Get_Azure_asia-japan-east 11517
Get_Thrift_Server_Storage_asia-japan-east 11539
Get_Azure_asia-japan-east 53312
Get_Thrift_Server_Storage_asia-japan-east 53348
Get_Azure_asia-japan-east 10710
Get_Thrift_Server_Storage_asia-japan-east 10740
Get_Azure_asia-japan-east 12166
Get_Thrift_Server_Storage_asia-japan-east 12231
Get_Azure_asia-japan-east 9619
Get_Thrift_Server_Storage_asia-japan-east 9645
Get_Azure_asia-japan-east 10850
Get_Thrift_Server_Storage_asia-japan-east 10881
Get_Azure_asia-japan-east 12186
Get_Thrift_Server_Storage_asia-japan-east 12267
Get_Azure_asia-japan-east 23647
Get_Thrift_Server_Storage_asia-japan-east 23689
Get_Azure_asia-japan-east 11423
Get_Thrift_Server_Storage_asia-japan-east 11446
Get_Azure_asia-japan-east 11952
Get_Thrift_Server_Storage_asia-japan-east 12003
Get_Azure_asia-japan-east 10740
Get_Thrift_Server_Storage_asia-japan-east 10768
Get_Azure_asia-japan-east 13352
Get_Thrift_Server_Storage_asia-japan-east 13402
Get_Azure_asia-japan-east 11248
Get_Thrift_Server_Storage_asia-japan-east 11277
Get_Azure_asia-japan-east 11819
Get_Thrift_Server_Storage_asia-japan-east 11850
Get_Azure_asia-japan-east 11948
Get_Thrift_Server_Storage_asia-japan-east 12001
Get_Azure_asia-japan-east 24872
Get_Thrift_Server_Storage_asia-japan-east 24910
Get_Azure_asia-japan-east 12208
Get_Thrift_Server_Storage_asia-japan-east 12240
Get_Azure_asia-japan-east 18453
Get_Thrift_Server_Storage_asia-japan-east 18499
Get_Azure_asia-japan-east 15154
Get_Thrift_Server_Storage_asia-japan-east 15179
Get_Azure_asia-japan-east 24147
Get_Thrift_Server_Storage_asia-japan-east 24187
Get_Azure_asia-japan-east 10676
Get_Thrift_Server_Storage_asia-japan-east 10703
Get_Azure_asia-japan-east 9618
Get_Thrift_Server_Storage_asia-japan-east 9651
Get_Azure_asia-japan-east 9797
Get_Thrift_Server_Storage_asia-japan-east 9855
Get_Azure_asia-japan-east 10365
Get_Thrift_Server_Storage_asia-japan-east 10389
Get_Azure_asia-japan-east 10824
Get_Thrift_Server_Storage_asia-japan-east 10859
Get_Azure_asia-japan-east 8963
Get_Thrift_Server_Storage_asia-japan-east 9001
Get_Azure_asia-japan-east 34570
Get_Thrift_Server_Storage_asia-japan-east 34604
Get_Azure_asia-japan-east 12423
Get_Thrift_Server_Storage_asia-japan-east 12447
Get_Azure_asia-japan-east 10420
Get_Thrift_Server_Storage_asia-japan-east 10450
Get_Azure_asia-japan-east 38547
Get_Thrift_Server_Storage_asia-japan-east 38579
Get_Azure_asia-japan-east 11663
Get_Thrift_Server_Storage_asia-japan-east 11692
Get_Azure_asia-japan-east 33240
Get_Thrift_Server_Storage_asia-japan-east 33266
Get_Azure_asia-japan-east 11375
Get_Thrift_Server_Storage_asia-japan-east 11422
Get_Azure_asia-japan-east 54418
Get_Thrift_Server_Storage_asia-japan-east 54447
Get_Azure_asia-japan-east 11150
Get_Thrift_Server_Storage_asia-japan-east 11172
Get_Azure_asia-japan-east 10205
Get_Thrift_Server_Storage_asia-japan-east 10230
Get_Azure_asia-japan-east 10813
Get_Thrift_Server_Storage_asia-japan-east 10834
Get_Azure_asia-japan-east 10388
Get_Thrift_Server_Storage_asia-japan-east 10432
Get_Azure_asia-japan-east 10958
Get_Thrift_Server_Storage_asia-japan-east 11012
Get_Azure_asia-japan-east 25081
Get_Thrift_Server_Storage_asia-japan-east 25117
Get_Azure_asia-japan-east 15638
Get_Thrift_Server_Storage_asia-japan-east 15668
Get_Azure_asia-japan-east 9929
Get_Thrift_Server_Storage_asia-japan-east 9969
Get_Azure_asia-japan-east 27945
Get_Thrift_Server_Storage_asia-japan-east 27962
Get_Azure_asia-japan-east 10321
Get_Thrift_Server_Storage_asia-japan-east 10365
Get_Azure_asia-japan-east 10177
Get_Thrift_Server_Storage_asia-japan-east 10204
Get_Azure_asia-japan-east 32182
Get_Thrift_Server_Storage_asia-japan-east 32216
Get_Azure_asia-japan-east 10094
Get_Thrift_Server_Storage_asia-japan-east 10131
Get_Azure_asia-japan-east 12495
Get_Thrift_Server_Storage_asia-japan-east 12544
Get_Azure_asia-japan-east 19336
Get_Thrift_Server_Storage_asia-japan-east 19377
Get_Azure_asia-japan-east 9683
Get_Thrift_Server_Storage_asia-japan-east 9722
Get_Azure_asia-japan-east 12255
Get_Thrift_Server_Storage_asia-japan-east 12279
Get_Azure_asia-japan-east 9988
Get_Thrift_Server_Storage_asia-japan-east 10012
Get_Azure_asia-japan-east 9321
Get_Thrift_Server_Storage_asia-japan-east 9340
Get_Azure_asia-japan-east 10131
Get_Thrift_Server_Storage_asia-japan-east 10148
Get_Azure_asia-japan-east 10244
Get_Thrift_Server_Storage_asia-japan-east 10271
Get_Azure_asia-japan-east 12619
Get_Thrift_Server_Storage_asia-japan-east 12647
Get_Azure_asia-japan-east 13758
Get_Thrift_Server_Storage_asia-japan-east 13790
Get_Azure_asia-japan-east 12707
Get_Thrift_Server_Storage_asia-japan-east 12733
Get_Azure_asia-japan-east 12132
Get_Thrift_Server_Storage_asia-japan-east 12160
Get_Azure_asia-japan-east 10688
Get_Thrift_Server_Storage_asia-japan-east 10709
Get_Azure_asia-japan-east 12145
Get_Thrift_Server_Storage_asia-japan-east 12188
Get_Azure_asia-japan-east 159420
Get_Thrift_Server_Storage_asia-japan-east 159470
Get_Azure_asia-japan-east 9897
Get_Thrift_Server_Storage_asia-japan-east 9927
Get_Azure_asia-japan-east 10001
Get_Thrift_Server_Storage_asia-japan-east 10029
Get_Azure_asia-japan-east 12292
Get_Thrift_Server_Storage_asia-japan-east 12325
Get_Azure_asia-japan-east 11352
Get_Thrift_Server_Storage_asia-japan-east 11376
Get_Azure_asia-japan-east 10315
Get_Thrift_Server_Storage_asia-japan-east 10350
Get_Azure_asia-japan-east 10706
Get_Thrift_Server_Storage_asia-japan-east 10736
Get_Azure_asia-japan-east 10576
Get_Thrift_Server_Storage_asia-japan-east 10602
Get_Azure_asia-japan-east 10736
Get_Thrift_Server_Storage_asia-japan-east 10771
Get_Azure_asia-japan-east 10915
Get_Thrift_Server_Storage_asia-japan-east 10954
Get_Azure_asia-japan-east 11580
Get_Thrift_Server_Storage_asia-japan-east 11611
Get_Azure_asia-japan-east 10643
Get_Thrift_Server_Storage_asia-japan-east 10673
Get_Azure_asia-japan-east 10356
Get_Thrift_Server_Storage_asia-japan-east 10390
Get_Azure_asia-japan-east 10478
Get_Thrift_Server_Storage_asia-japan-east 10505
Get_Azure_asia-japan-east 10290
Get_Thrift_Server_Storage_asia-japan-east 10325
Get_Azure_asia-japan-east 11225
Get_Thrift_Server_Storage_asia-japan-east 11258
Get_Azure_asia-japan-east 13262
Get_Thrift_Server_Storage_asia-japan-east 13288
Get_Azure_asia-japan-east 22481
Get_Thrift_Server_Storage_asia-japan-east 22509
Get_Azure_asia-japan-east 12107
Get_Thrift_Server_Storage_asia-japan-east 12137
Get_Azure_asia-japan-east 11217
Get_Thrift_Server_Storage_asia-japan-east 11250
Get_Azure_asia-japan-east 11091
Get_Thrift_Server_Storage_asia-japan-east 11121
Get_Azure_asia-japan-east 14507
Get_Thrift_Server_Storage_asia-japan-east 14529
Get_Azure_asia-japan-east 13102
Get_Thrift_Server_Storage_asia-japan-east 13130
Get_Azure_asia-japan-east 23246
Get_Thrift_Server_Storage_asia-japan-east 23278
Get_Azure_asia-japan-east 9565
Get_Thrift_Server_Storage_asia-japan-east 9629
Get_Azure_asia-japan-east 10825
Get_Thrift_Server_Storage_asia-japan-east 10857
Get_Azure_asia-japan-east 11418
Get_Thrift_Server_Storage_asia-japan-east 11444
Get_Azure_asia-japan-east 10541
Get_Thrift_Server_Storage_asia-japan-east 10565
Get_Azure_asia-japan-east 11152
Get_Thrift_Server_Storage_asia-japan-east 11183
Get_Azure_asia-japan-east 20682
Get_Thrift_Server_Storage_asia-japan-east 20711
Get_Azure_asia-japan-east 10040
Get_Thrift_Server_Storage_asia-japan-east 10067
Get_Azure_asia-japan-east 9349
Get_Thrift_Server_Storage_asia-japan-east 9376
Get_Azure_asia-japan-east 13964
Get_Thrift_Server_Storage_asia-japan-east 13984
Get_Azure_asia-japan-east 9959
Get_Thrift_Server_Storage_asia-japan-east 9991
