Get_Azure_us-west1 114042
Get_Thrift_Server_Storage_us-west1 114158
Get_Azure_us-west1 434924
Get_Thrift_Server_Storage_us-west1 434992
Get_Azure_us-west1 161180
Get_Thrift_Server_Storage_us-west1 161221
Get_Azure_us-west1 215712
Get_Thrift_Server_Storage_us-west1 215757
Get_Azure_us-west1 54998
Get_Thrift_Server_Storage_us-west1 55052
Get_Azure_us-west1 123826
Get_Thrift_Server_Storage_us-west1 123850
Get_Azure_us-west1 196210
Get_Thrift_Server_Storage_us-west1 196249
Get_Azure_us-west1 145284
Get_Thrift_Server_Storage_us-west1 145307
Get_Azure_us-west1 265325
Get_Thrift_Server_Storage_us-west1 265380
Get_Azure_us-west1 132109
Get_Thrift_Server_Storage_us-west1 132134
Get_Azure_us-west1 33017
Get_Thrift_Server_Storage_us-west1 33047
Get_Azure_us-west1 271445
Get_Thrift_Server_Storage_us-west1 271475
Get_Azure_us-west1 112711
Get_Thrift_Server_Storage_us-west1 112759
Get_Azure_us-west1 431786
Get_Thrift_Server_Storage_us-west1 431822
Get_Azure_us-west1 97991
Get_Thrift_Server_Storage_us-west1 98014
Get_Azure_us-west1 56187
Get_Thrift_Server_Storage_us-west1 56226
Get_Azure_us-west1 30188
Get_Thrift_Server_Storage_us-west1 30222
Get_Azure_us-west1 57681
Get_Thrift_Server_Storage_us-west1 57736
Get_Azure_us-west1 44804
Get_Thrift_Server_Storage_us-west1 44838
Get_Azure_us-west1 29605
Get_Thrift_Server_Storage_us-west1 29627
Get_Azure_us-west1 24148
Get_Thrift_Server_Storage_us-west1 24200
Get_Azure_us-west1 40172
Get_Thrift_Server_Storage_us-west1 40208
Get_Azure_us-west1 19743
Get_Thrift_Server_Storage_us-west1 19780
Get_Azure_us-west1 37649
Get_Thrift_Server_Storage_us-west1 37673
Get_Azure_us-west1 57653
Get_Thrift_Server_Storage_us-west1 57678
Get_Azure_us-west1 19142
Get_Thrift_Server_Storage_us-west1 19174
Get_Azure_us-west1 204105
Get_Thrift_Server_Storage_us-west1 204132
Get_Azure_us-west1 30908
Get_Thrift_Server_Storage_us-west1 30949
Get_Azure_us-west1 41516
Get_Thrift_Server_Storage_us-west1 41539
Get_Azure_us-west1 120637
Get_Thrift_Server_Storage_us-west1 120661
Get_Azure_us-west1 20692
Get_Thrift_Server_Storage_us-west1 20726
Get_Azure_us-west1 49066
Get_Thrift_Server_Storage_us-west1 49086
Get_Azure_us-west1 20273
Get_Thrift_Server_Storage_us-west1 20302
Get_Azure_us-west1 134386
Get_Thrift_Server_Storage_us-west1 134418
Get_Azure_us-west1 91834
Get_Thrift_Server_Storage_us-west1 91858
Get_Azure_us-west1 135434
Get_Thrift_Server_Storage_us-west1 135459
Get_Azure_us-west1 31290
Get_Thrift_Server_Storage_us-west1 31316
Get_Azure_us-west1 47777
Get_Thrift_Server_Storage_us-west1 47799
Get_Azure_us-west1 63939
Get_Thrift_Server_Storage_us-west1 63969
Get_Azure_us-west1 922359
Get_Thrift_Server_Storage_us-west1 922385
Get_Azure_us-west1 66689
Get_Thrift_Server_Storage_us-west1 66713
Get_Azure_us-west1 77261
Get_Thrift_Server_Storage_us-west1 77330
Get_Azure_us-west1 143531
Get_Thrift_Server_Storage_us-west1 143559
Get_Azure_us-west1 35375
Get_Thrift_Server_Storage_us-west1 35399
Get_Azure_us-west1 46222
Get_Thrift_Server_Storage_us-west1 46272
Get_Azure_us-west1 75733
Get_Thrift_Server_Storage_us-west1 75761
Get_Azure_us-west1 45643
Get_Thrift_Server_Storage_us-west1 45694
Get_Azure_us-west1 88390
Get_Thrift_Server_Storage_us-west1 88418
Get_Azure_us-west1 30623
Get_Thrift_Server_Storage_us-west1 30652
Get_Azure_us-west1 30559
Get_Thrift_Server_Storage_us-west1 30613
Get_Azure_us-west1 27376
Get_Thrift_Server_Storage_us-west1 27411
Get_Azure_us-west1 37355
Get_Thrift_Server_Storage_us-west1 37390
Get_Azure_us-west1 22331
Get_Thrift_Server_Storage_us-west1 22358
Get_Azure_us-west1 51187
Get_Thrift_Server_Storage_us-west1 51224
Get_Azure_us-west1 60779
Get_Thrift_Server_Storage_us-west1 60803
Get_Azure_us-west1 60230
Get_Thrift_Server_Storage_us-west1 60255
Get_Azure_us-west1 52792
Get_Thrift_Server_Storage_us-west1 52817
Get_Azure_us-west1 28766
Get_Thrift_Server_Storage_us-west1 28793
Get_Azure_us-west1 25884
Get_Thrift_Server_Storage_us-west1 25907
Get_Azure_us-west1 24674
Get_Thrift_Server_Storage_us-west1 24709
Get_Azure_us-west1 19954
Get_Thrift_Server_Storage_us-west1 19984
Get_Azure_us-west1 48113
Get_Thrift_Server_Storage_us-west1 48138
Get_Azure_us-west1 57399
Get_Thrift_Server_Storage_us-west1 57453
Get_Azure_us-west1 132337
Get_Thrift_Server_Storage_us-west1 132368
Get_Azure_us-west1 29952
Get_Thrift_Server_Storage_us-west1 29983
Get_Azure_us-west1 26196
Get_Thrift_Server_Storage_us-west1 26221
Get_Azure_us-west1 28478
Get_Thrift_Server_Storage_us-west1 28506
Get_Azure_us-west1 20440
Get_Thrift_Server_Storage_us-west1 20466
Get_Azure_us-west1 50994
Get_Thrift_Server_Storage_us-west1 51042
Get_Azure_us-west1 136549
Get_Thrift_Server_Storage_us-west1 136576
Get_Azure_us-west1 55227
Get_Thrift_Server_Storage_us-west1 55253
Get_Azure_us-west1 21632
Get_Thrift_Server_Storage_us-west1 21656
Get_Azure_us-west1 33446
Get_Thrift_Server_Storage_us-west1 33471
Get_Azure_us-west1 27296
Get_Thrift_Server_Storage_us-west1 27380
Get_Azure_us-west1 21045
Get_Thrift_Server_Storage_us-west1 21105
Get_Azure_us-west1 38436
Get_Thrift_Server_Storage_us-west1 38476
Get_Azure_us-west1 78272
Get_Thrift_Server_Storage_us-west1 78311
Get_Azure_us-west1 110627
Get_Thrift_Server_Storage_us-west1 110655
Get_Azure_us-west1 124354
Get_Thrift_Server_Storage_us-west1 124380
Get_Azure_us-west1 39061
Get_Thrift_Server_Storage_us-west1 39087
Get_Azure_us-west1 22416
Get_Thrift_Server_Storage_us-west1 22442
Get_Azure_us-west1 45744
Get_Thrift_Server_Storage_us-west1 45811
Get_Azure_us-west1 22259
Get_Thrift_Server_Storage_us-west1 22285
Get_Azure_us-west1 27682
Get_Thrift_Server_Storage_us-west1 27709
Get_Azure_us-west1 118457
Get_Thrift_Server_Storage_us-west1 118485
Get_Azure_us-west1 55693
Get_Thrift_Server_Storage_us-west1 55726
Get_Azure_us-west1 57417
Get_Thrift_Server_Storage_us-west1 57445
Get_Azure_us-west1 91751
Get_Thrift_Server_Storage_us-west1 91791
Get_Azure_us-west1 29993
Get_Thrift_Server_Storage_us-west1 30019
Get_Azure_us-west1 21217
Get_Thrift_Server_Storage_us-west1 21239
Get_Azure_us-west1 25325
Get_Thrift_Server_Storage_us-west1 25349
Get_Azure_us-west1 69214
Get_Thrift_Server_Storage_us-west1 69276
Get_Azure_us-west1 36280
Get_Thrift_Server_Storage_us-west1 36346
Get_Azure_us-west1 25635
Get_Thrift_Server_Storage_us-west1 25673
Get_Azure_us-west1 30151
Get_Thrift_Server_Storage_us-west1 30188
Get_Azure_us-west1 24503
Get_Thrift_Server_Storage_us-west1 24531
Get_Azure_us-west1 65364
Get_Thrift_Server_Storage_us-west1 65388
Get_Azure_us-west1 24724
Get_Thrift_Server_Storage_us-west1 24751
Get_Azure_us-west1 20438
Get_Thrift_Server_Storage_us-west1 20463
Get_Azure_us-west1 41339
Get_Thrift_Server_Storage_us-west1 41361
Get_Azure_us-west1 66524
Get_Thrift_Server_Storage_us-west1 66548
Get_Azure_us-west1 84152
Get_Thrift_Server_Storage_us-west1 84186
Get_Azure_us-west1 45788
Get_Thrift_Server_Storage_us-west1 45823
Get_Azure_us-west1 62032
Get_Thrift_Server_Storage_us-west1 62085
Get_Azure_us-west1 79610
Get_Thrift_Server_Storage_us-west1 79636
Get_Azure_us-west1 20420
Get_Thrift_Server_Storage_us-west1 20454
Get_Azure_us-west1 29799
Get_Thrift_Server_Storage_us-west1 29836
Get_Azure_us-west1 124788
Get_Thrift_Server_Storage_us-west1 124814
Get_Azure_us-west1 19198
Get_Thrift_Server_Storage_us-west1 19238
Get_Azure_us-west1 47887
Get_Thrift_Server_Storage_us-west1 47912
Get_Azure_us-west1 1764838
Get_Thrift_Server_Storage_us-west1 1764916
Get_Azure_us-west1 45467
Get_Thrift_Server_Storage_us-west1 45494
Get_Azure_us-west1 37869
Get_Thrift_Server_Storage_us-west1 37897
Get_Azure_us-west1 22036
Get_Thrift_Server_Storage_us-west1 22062
Get_Azure_us-west1 80661
Get_Thrift_Server_Storage_us-west1 80687
Get_Azure_us-west1 18749
Get_Thrift_Server_Storage_us-west1 18783
Get_Azure_us-west1 31859
Get_Thrift_Server_Storage_us-west1 31895
Get_Azure_us-west1 34192
Get_Thrift_Server_Storage_us-west1 34255
Get_Azure_us-west1 37876
Get_Thrift_Server_Storage_us-west1 37912
Get_Azure_us-west1 44894
Get_Thrift_Server_Storage_us-west1 44923
Get_Azure_us-west1 22293
Get_Thrift_Server_Storage_us-west1 22330
Get_Azure_us-west1 71249
Get_Thrift_Server_Storage_us-west1 71288
Get_Azure_us-west1 36756
Get_Thrift_Server_Storage_us-west1 36789
Get_Azure_us-west1 36430
Get_Thrift_Server_Storage_us-west1 36471
Get_Azure_us-west1 15484
Get_Thrift_Server_Storage_us-west1 15511
Get_Azure_us-west1 40829
Get_Thrift_Server_Storage_us-west1 40853
Get_Azure_us-west1 72699
Get_Thrift_Server_Storage_us-west1 72734
Get_Azure_us-west1 37382
Get_Thrift_Server_Storage_us-west1 37418
Get_Azure_us-west1 16112
Get_Thrift_Server_Storage_us-west1 16164
Get_Azure_us-west1 45844
Get_Thrift_Server_Storage_us-west1 45882
Get_Azure_us-west1 21535
Get_Thrift_Server_Storage_us-west1 21564
Get_Azure_us-west1 20668
Get_Thrift_Server_Storage_us-west1 20696
Get_Azure_us-west1 19287
Get_Thrift_Server_Storage_us-west1 19314
Get_Azure_us-west1 86643
Get_Thrift_Server_Storage_us-west1 86679
Get_Azure_us-west1 104968
Get_Thrift_Server_Storage_us-west1 105001
Get_Azure_us-west1 48836
Get_Thrift_Server_Storage_us-west1 48860
Get_Azure_us-west1 74683
Get_Thrift_Server_Storage_us-west1 74718
Get_Azure_us-west1 34798
Get_Thrift_Server_Storage_us-west1 34829
Get_Azure_us-west1 140167
Get_Thrift_Server_Storage_us-west1 140191
Get_Azure_us-west1 177021
Get_Thrift_Server_Storage_us-west1 177047
Get_Azure_us-west1 52999
Get_Thrift_Server_Storage_us-west1 53021
Get_Azure_us-west1 27534
Get_Thrift_Server_Storage_us-west1 27569
Get_Azure_us-west1 17611
Get_Thrift_Server_Storage_us-west1 17634
Get_Azure_us-west1 35529
Get_Thrift_Server_Storage_us-west1 35570
Get_Azure_us-west1 418279
Get_Thrift_Server_Storage_us-west1 418351
Get_Azure_us-west1 15892
Get_Thrift_Server_Storage_us-west1 15923
Get_Azure_us-west1 14044
Get_Thrift_Server_Storage_us-west1 14067
Get_Azure_us-west1 20147
Get_Thrift_Server_Storage_us-west1 20174
Get_Azure_us-west1 28037
Get_Thrift_Server_Storage_us-west1 28065
Get_Azure_us-west1 16214
Get_Thrift_Server_Storage_us-west1 16239
Get_Azure_us-west1 28436
Get_Thrift_Server_Storage_us-west1 28481
Get_Azure_us-west1 20311
Get_Thrift_Server_Storage_us-west1 20339
Get_Azure_us-west1 77811
Get_Thrift_Server_Storage_us-west1 77845
Get_Azure_us-west1 49598
Get_Thrift_Server_Storage_us-west1 49627
Get_Azure_us-west1 18080
Get_Thrift_Server_Storage_us-west1 18112
Get_Azure_us-west1 22916
Get_Thrift_Server_Storage_us-west1 22976
Get_Azure_us-west1 16346
Get_Thrift_Server_Storage_us-west1 16377
Get_Azure_us-west1 98617
Get_Thrift_Server_Storage_us-west1 98645
Get_Azure_us-west1 33080
Get_Thrift_Server_Storage_us-west1 33114
Get_Azure_us-west1 40934
Get_Thrift_Server_Storage_us-west1 40959
Get_Azure_us-west1 22485
Get_Thrift_Server_Storage_us-west1 22542
Get_Azure_us-west1 16462
Get_Thrift_Server_Storage_us-west1 16487
Get_Azure_us-west1 16974
Get_Thrift_Server_Storage_us-west1 16996
Get_Azure_us-west1 16294
Get_Thrift_Server_Storage_us-west1 16321
Get_Azure_us-west1 71988
Get_Thrift_Server_Storage_us-west1 72022
Get_Azure_us-west1 21852
Get_Thrift_Server_Storage_us-west1 21874
Get_Azure_us-west1 43345
Get_Thrift_Server_Storage_us-west1 43397
Get_Azure_us-west1 24085
Get_Thrift_Server_Storage_us-west1 24119
Get_Azure_us-west1 22188
Get_Thrift_Server_Storage_us-west1 22213
Get_Azure_us-west1 148130
Get_Thrift_Server_Storage_us-west1 148166
Get_Azure_us-west1 38080
Get_Thrift_Server_Storage_us-west1 38113
Get_Azure_us-west1 63807
Get_Thrift_Server_Storage_us-west1 63835
Get_Azure_us-west1 68681
Get_Thrift_Server_Storage_us-west1 68707
Get_Azure_us-west1 74999
Get_Thrift_Server_Storage_us-west1 75024
Get_Azure_us-west1 67181
Get_Thrift_Server_Storage_us-west1 67214
Get_Azure_us-west1 73957
Get_Thrift_Server_Storage_us-west1 74005
Get_Azure_us-west1 36810
Get_Thrift_Server_Storage_us-west1 36835
Get_Azure_us-west1 55836
Get_Thrift_Server_Storage_us-west1 55854
Get_Azure_us-west1 25660
Get_Thrift_Server_Storage_us-west1 25681
Get_Azure_us-west1 52755
Get_Thrift_Server_Storage_us-west1 52817
Get_Azure_us-west1 298745
Get_Thrift_Server_Storage_us-west1 298787
Get_Azure_us-west1 21377
Get_Thrift_Server_Storage_us-west1 21418
Get_Azure_us-west1 127707
Get_Thrift_Server_Storage_us-west1 127749
Get_Azure_us-west1 31166
Get_Thrift_Server_Storage_us-west1 31192
Get_Azure_us-west1 151712
Get_Thrift_Server_Storage_us-west1 151790
Get_Azure_us-west1 27509
Get_Thrift_Server_Storage_us-west1 27546
Get_Azure_us-west1 43809
Get_Thrift_Server_Storage_us-west1 43835
Get_Azure_us-west1 15546
Get_Thrift_Server_Storage_us-west1 15590
Get_Azure_us-west1 15217
Get_Thrift_Server_Storage_us-west1 15243
Get_Azure_us-west1 18820
Get_Thrift_Server_Storage_us-west1 18845
Get_Azure_us-west1 76464
Get_Thrift_Server_Storage_us-west1 76492
Get_Azure_us-west1 13822
Get_Thrift_Server_Storage_us-west1 13844
Get_Azure_us-west1 30327
Get_Thrift_Server_Storage_us-west1 30364
Get_Azure_us-west1 29540
Get_Thrift_Server_Storage_us-west1 29587
Get_Azure_us-west1 19126
Get_Thrift_Server_Storage_us-west1 19166
Get_Azure_us-west1 30210
Get_Thrift_Server_Storage_us-west1 30235
Get_Azure_us-west1 35588
Get_Thrift_Server_Storage_us-west1 35647
Get_Azure_us-west1 61112
Get_Thrift_Server_Storage_us-west1 61138
Get_Azure_us-west1 26346
Get_Thrift_Server_Storage_us-west1 26390
Get_Azure_us-west1 31037
Get_Thrift_Server_Storage_us-west1 31086
Get_Azure_us-west1 69543
Get_Thrift_Server_Storage_us-west1 69583
Get_Azure_us-west1 21639
Get_Thrift_Server_Storage_us-west1 21665
Get_Azure_us-west1 51365
Get_Thrift_Server_Storage_us-west1 51395
Get_Azure_us-west1 23071
Get_Thrift_Server_Storage_us-west1 23130
Get_Azure_us-west1 45020
Get_Thrift_Server_Storage_us-west1 45044
Get_Azure_us-west1 36713
Get_Thrift_Server_Storage_us-west1 36741
Get_Azure_us-west1 13789
Get_Thrift_Server_Storage_us-west1 13813
Get_Azure_us-west1 37620
Get_Thrift_Server_Storage_us-west1 37649
Get_Azure_us-west1 246400
Get_Thrift_Server_Storage_us-west1 246450
Get_Azure_us-west1 20484
Get_Thrift_Server_Storage_us-west1 20516
Get_Azure_us-west1 17175
Get_Thrift_Server_Storage_us-west1 17222
Get_Azure_us-west1 22128
Get_Thrift_Server_Storage_us-west1 22153
Get_Azure_us-west1 15117
Get_Thrift_Server_Storage_us-west1 15142
Get_Azure_us-west1 31914
Get_Thrift_Server_Storage_us-west1 31956
Get_Azure_us-west1 62361
Get_Thrift_Server_Storage_us-west1 62394
Get_Azure_us-west1 100817
Get_Thrift_Server_Storage_us-west1 100882
Get_Azure_us-west1 24480
Get_Thrift_Server_Storage_us-west1 24504
Get_Azure_us-west1 25231
Get_Thrift_Server_Storage_us-west1 25259
Get_Azure_us-west1 33644
Get_Thrift_Server_Storage_us-west1 33670
Get_Azure_us-west1 14920
Get_Thrift_Server_Storage_us-west1 14982
Get_Azure_us-west1 18419
Get_Thrift_Server_Storage_us-west1 18443
Get_Azure_us-west1 16881
Get_Thrift_Server_Storage_us-west1 16909
Get_Azure_us-west1 85500
Get_Thrift_Server_Storage_us-west1 85524
Get_Azure_us-west1 61690
Get_Thrift_Server_Storage_us-west1 61718
Get_Azure_us-west1 61222
Get_Thrift_Server_Storage_us-west1 61261
Get_Azure_us-west1 77336
Get_Thrift_Server_Storage_us-west1 77362
Get_Azure_us-west1 14430
Get_Thrift_Server_Storage_us-west1 14457
Get_Azure_us-west1 19243
Get_Thrift_Server_Storage_us-west1 19278
Get_Azure_us-west1 14963
Get_Thrift_Server_Storage_us-west1 14994
Get_Azure_us-west1 108507
Get_Thrift_Server_Storage_us-west1 108546
Get_Azure_us-west1 37475
Get_Thrift_Server_Storage_us-west1 37501
Get_Azure_us-west1 41240
Get_Thrift_Server_Storage_us-west1 41262
Get_Azure_us-west1 174264
Get_Thrift_Server_Storage_us-west1 174290
Get_Azure_us-west1 24199
Get_Thrift_Server_Storage_us-west1 24248
Get_Azure_us-west1 82834
Get_Thrift_Server_Storage_us-west1 82899
Get_Azure_us-west1 40715
Get_Thrift_Server_Storage_us-west1 40739
Get_Azure_us-west1 47984
Get_Thrift_Server_Storage_us-west1 48016
Get_Azure_us-west1 22559
Get_Thrift_Server_Storage_us-west1 22591
Get_Azure_us-west1 18675
Get_Thrift_Server_Storage_us-west1 18711
Get_Azure_us-west1 38859
Get_Thrift_Server_Storage_us-west1 38900
Get_Azure_us-west1 27002
Get_Thrift_Server_Storage_us-west1 27025
Get_Azure_us-west1 98309
Get_Thrift_Server_Storage_us-west1 98333
Get_Azure_us-west1 44016
Get_Thrift_Server_Storage_us-west1 44042
Get_Azure_us-west1 77945
Get_Thrift_Server_Storage_us-west1 77996
Get_Azure_us-west1 20087
Get_Thrift_Server_Storage_us-west1 20122
Get_Azure_us-west1 32958
Get_Thrift_Server_Storage_us-west1 32988
Get_Azure_us-west1 15154
Get_Thrift_Server_Storage_us-west1 15196
Get_Azure_us-west1 15054
Get_Thrift_Server_Storage_us-west1 15138
Get_Azure_us-west1 33215
Get_Thrift_Server_Storage_us-west1 33243
Get_Azure_us-west1 193553
Get_Thrift_Server_Storage_us-west1 193578
Get_Azure_us-west1 31020
Get_Thrift_Server_Storage_us-west1 31051
Get_Azure_us-west1 18010
Get_Thrift_Server_Storage_us-west1 18041
Get_Azure_us-west1 19345
Get_Thrift_Server_Storage_us-west1 19381
Get_Azure_us-west1 14379
Get_Thrift_Server_Storage_us-west1 14414
Get_Azure_us-west1 25273
Get_Thrift_Server_Storage_us-west1 25301
Get_Azure_us-west1 18361
Get_Thrift_Server_Storage_us-west1 18384
Get_Azure_us-west1 19805
Get_Thrift_Server_Storage_us-west1 19833
Get_Azure_us-west1 20369
Get_Thrift_Server_Storage_us-west1 20404
Get_Azure_us-west1 21291
Get_Thrift_Server_Storage_us-west1 21327
Get_Azure_us-west1 23229
Get_Thrift_Server_Storage_us-west1 23262
Get_Azure_us-west1 49847
Get_Thrift_Server_Storage_us-west1 49876
Get_Azure_us-west1 19501
Get_Thrift_Server_Storage_us-west1 19534
Get_Azure_us-west1 45293
Get_Thrift_Server_Storage_us-west1 45316
Get_Azure_us-west1 17020
Get_Thrift_Server_Storage_us-west1 17056
Get_Azure_us-west1 36293
Get_Thrift_Server_Storage_us-west1 36333
Get_Azure_us-west1 24054
Get_Thrift_Server_Storage_us-west1 24078
Get_Azure_us-west1 18242
Get_Thrift_Server_Storage_us-west1 18271
Get_Azure_us-west1 20507
Get_Thrift_Server_Storage_us-west1 20528
Get_Azure_us-west1 18375
Get_Thrift_Server_Storage_us-west1 18407
Get_Azure_us-west1 15132
Get_Thrift_Server_Storage_us-west1 15154
Get_Azure_us-west1 95356
Get_Thrift_Server_Storage_us-west1 95384
Get_Azure_us-west1 210220
Get_Thrift_Server_Storage_us-west1 210269
Get_Azure_us-west1 27588
Get_Thrift_Server_Storage_us-west1 27648
Get_Azure_us-west1 63128
Get_Thrift_Server_Storage_us-west1 63151
Get_Azure_us-west1 52501
Get_Thrift_Server_Storage_us-west1 52525
Get_Azure_us-west1 19803
Get_Thrift_Server_Storage_us-west1 19835
Get_Azure_us-west1 72011
Get_Thrift_Server_Storage_us-west1 72042
Get_Azure_us-west1 39551
Get_Thrift_Server_Storage_us-west1 39574
Get_Azure_us-west1 19130
Get_Thrift_Server_Storage_us-west1 19159
Get_Azure_us-west1 33564
Get_Thrift_Server_Storage_us-west1 33601
Get_Azure_us-west1 37149
Get_Thrift_Server_Storage_us-west1 37175
Get_Azure_us-west1 41866
Get_Thrift_Server_Storage_us-west1 41890
Get_Azure_us-west1 24909
Get_Thrift_Server_Storage_us-west1 24933
Get_Azure_us-west1 23247
Get_Thrift_Server_Storage_us-west1 23270
Get_Azure_us-west1 17195
Get_Thrift_Server_Storage_us-west1 17225
Get_Azure_us-west1 60260
Get_Thrift_Server_Storage_us-west1 60291
Get_Azure_us-west1 18002
Get_Thrift_Server_Storage_us-west1 18027
Get_Azure_us-west1 28344
Get_Thrift_Server_Storage_us-west1 28369
Get_Azure_us-west1 16521
Get_Thrift_Server_Storage_us-west1 16540
Get_Azure_us-west1 24929
Get_Thrift_Server_Storage_us-west1 24952
Get_Azure_us-west1 19615
Get_Thrift_Server_Storage_us-west1 19638
Get_Azure_us-west1 207130
Get_Thrift_Server_Storage_us-west1 207160
Get_Azure_us-west1 21506
Get_Thrift_Server_Storage_us-west1 21531
Get_Azure_us-west1 135737
Get_Thrift_Server_Storage_us-west1 135762
Get_Azure_us-west1 189563
Get_Thrift_Server_Storage_us-west1 189603
Get_Azure_us-west1 29236
Get_Thrift_Server_Storage_us-west1 29265
Get_Azure_us-west1 50919
Get_Thrift_Server_Storage_us-west1 50952
Get_Azure_us-west1 34849
Get_Thrift_Server_Storage_us-west1 34871
Get_Azure_us-west1 18744
Get_Thrift_Server_Storage_us-west1 18763
Get_Azure_us-west1 53261
Get_Thrift_Server_Storage_us-west1 53289
Get_Azure_us-west1 104277
Get_Thrift_Server_Storage_us-west1 104301
Get_Azure_us-west1 63514
Get_Thrift_Server_Storage_us-west1 63535
Get_Azure_us-west1 66227
Get_Thrift_Server_Storage_us-west1 66263
Get_Azure_us-west1 60033
Get_Thrift_Server_Storage_us-west1 60056
Get_Azure_us-west1 21963
Get_Thrift_Server_Storage_us-west1 21984
Get_Azure_us-west1 30680
Get_Thrift_Server_Storage_us-west1 30707
Get_Azure_us-west1 19819
Get_Thrift_Server_Storage_us-west1 19844
Get_Azure_us-west1 24839
Get_Thrift_Server_Storage_us-west1 24864
Get_Azure_us-west1 19976
Get_Thrift_Server_Storage_us-west1 20001
Get_Azure_us-west1 22679
Get_Thrift_Server_Storage_us-west1 22704
Get_Azure_us-west1 51541
Get_Thrift_Server_Storage_us-west1 51570
Get_Azure_us-west1 56891
Get_Thrift_Server_Storage_us-west1 56922
Get_Azure_us-west1 34915
Get_Thrift_Server_Storage_us-west1 34939
Get_Azure_us-west1 37029
Get_Thrift_Server_Storage_us-west1 37056
Get_Azure_us-west1 30616
Get_Thrift_Server_Storage_us-west1 30641
Get_Azure_us-west1 23790
Get_Thrift_Server_Storage_us-west1 23817
Get_Azure_us-west1 47015
Get_Thrift_Server_Storage_us-west1 47040
Get_Azure_us-west1 21629
Get_Thrift_Server_Storage_us-west1 21665
Get_Azure_us-west1 16803
Get_Thrift_Server_Storage_us-west1 16828
Get_Azure_us-west1 20119
Get_Thrift_Server_Storage_us-west1 20145
Get_Azure_us-west1 127984
Get_Thrift_Server_Storage_us-west1 128007
Get_Azure_us-west1 59474
Get_Thrift_Server_Storage_us-west1 59491
Get_Azure_us-west1 31062
Get_Thrift_Server_Storage_us-west1 31081
Get_Azure_us-west1 16043
Get_Thrift_Server_Storage_us-west1 16062
Get_Azure_us-west1 36142
Get_Thrift_Server_Storage_us-west1 36166
Get_Azure_us-west1 36334
Get_Thrift_Server_Storage_us-west1 36355
Get_Azure_us-west1 17100
Get_Thrift_Server_Storage_us-west1 17132
Get_Azure_us-west1 19655
Get_Thrift_Server_Storage_us-west1 19673
Get_Azure_us-west1 23719
Get_Thrift_Server_Storage_us-west1 23739
Get_Azure_us-west1 14243
Get_Thrift_Server_Storage_us-west1 14269
Get_Azure_us-west1 21717
Get_Thrift_Server_Storage_us-west1 21747
Get_Azure_us-west1 29030
Get_Thrift_Server_Storage_us-west1 29072
Get_Azure_us-west1 122208
Get_Thrift_Server_Storage_us-west1 122232
Get_Azure_us-west1 33837
Get_Thrift_Server_Storage_us-west1 33861
Get_Azure_us-west1 19557
Get_Thrift_Server_Storage_us-west1 19579
Get_Azure_us-west1 30221
Get_Thrift_Server_Storage_us-west1 30266
Get_Azure_us-west1 48440
Get_Thrift_Server_Storage_us-west1 48533
Get_Azure_us-west1 24745
Get_Thrift_Server_Storage_us-west1 24768
Get_Azure_us-west1 51523
Get_Thrift_Server_Storage_us-west1 51549
Get_Azure_us-west1 16036
Get_Thrift_Server_Storage_us-west1 16062
Get_Azure_us-west1 44713
Get_Thrift_Server_Storage_us-west1 44739
Get_Azure_us-west1 37396
Get_Thrift_Server_Storage_us-west1 37424
Get_Azure_us-west1 40168
Get_Thrift_Server_Storage_us-west1 40190
Get_Azure_us-west1 22046
Get_Thrift_Server_Storage_us-west1 22073
Get_Azure_us-west1 38230
Get_Thrift_Server_Storage_us-west1 38254
Get_Azure_us-west1 85554
Get_Thrift_Server_Storage_us-west1 85581
Get_Azure_us-west1 24800
Get_Thrift_Server_Storage_us-west1 24836
Get_Azure_us-west1 22885
Get_Thrift_Server_Storage_us-west1 22910
Get_Azure_us-west1 35010
Get_Thrift_Server_Storage_us-west1 35035
Get_Azure_us-west1 19856
Get_Thrift_Server_Storage_us-west1 19884
Get_Azure_us-west1 60077
Get_Thrift_Server_Storage_us-west1 60105
Get_Azure_us-west1 30943
Get_Thrift_Server_Storage_us-west1 30969
Get_Azure_us-west1 21858
Get_Thrift_Server_Storage_us-west1 21901
Get_Azure_us-west1 20326
Get_Thrift_Server_Storage_us-west1 20364
Get_Azure_us-west1 71790
Get_Thrift_Server_Storage_us-west1 71813
Get_Azure_us-west1 30925
Get_Thrift_Server_Storage_us-west1 30969
Get_Azure_us-west1 23329
Get_Thrift_Server_Storage_us-west1 23357
Get_Azure_us-west1 20668
Get_Thrift_Server_Storage_us-west1 20704
Get_Azure_us-west1 17693
Get_Thrift_Server_Storage_us-west1 17722
Get_Azure_us-west1 54597
Get_Thrift_Server_Storage_us-west1 54621
Get_Azure_us-west1 20303
Get_Thrift_Server_Storage_us-west1 20332
Get_Azure_us-west1 24949
Get_Thrift_Server_Storage_us-west1 24982
Get_Azure_us-west1 24238
Get_Thrift_Server_Storage_us-west1 24275
Get_Azure_us-west1 21353
Get_Thrift_Server_Storage_us-west1 21387
Get_Azure_us-west1 60982
Get_Thrift_Server_Storage_us-west1 61008
Get_Azure_us-west1 38603
Get_Thrift_Server_Storage_us-west1 38639
Get_Azure_us-west1 22312
Get_Thrift_Server_Storage_us-west1 22344
Get_Azure_us-west1 28756
Get_Thrift_Server_Storage_us-west1 28783
Get_Azure_us-west1 19408
Get_Thrift_Server_Storage_us-west1 19433
Get_Azure_us-west1 24076
Get_Thrift_Server_Storage_us-west1 24109
Get_Azure_us-west1 26590
Get_Thrift_Server_Storage_us-west1 26615
Get_Azure_us-west1 14730
Get_Thrift_Server_Storage_us-west1 14755
Get_Azure_us-west1 21580
Get_Thrift_Server_Storage_us-west1 21607
Get_Azure_us-west1 34107
Get_Thrift_Server_Storage_us-west1 34133
Get_Azure_us-west1 14717
Get_Thrift_Server_Storage_us-west1 14742
Get_Azure_us-west1 20614
Get_Thrift_Server_Storage_us-west1 20642
Get_Azure_us-west1 17877
Get_Thrift_Server_Storage_us-west1 17899
Get_Azure_us-west1 49588
Get_Thrift_Server_Storage_us-west1 49614
Get_Azure_us-west1 37154
Get_Thrift_Server_Storage_us-west1 37183
Get_Azure_us-west1 41841
Get_Thrift_Server_Storage_us-west1 41867
Get_Azure_us-west1 18322
Get_Thrift_Server_Storage_us-west1 18350
Get_Azure_us-west1 46473
Get_Thrift_Server_Storage_us-west1 46511
Get_Azure_us-west1 44521
Get_Thrift_Server_Storage_us-west1 44559
Get_Azure_us-west1 32485
Get_Thrift_Server_Storage_us-west1 32512
Get_Azure_us-west1 21389
Get_Thrift_Server_Storage_us-west1 21413
Get_Azure_us-west1 35413
Get_Thrift_Server_Storage_us-west1 35436
Get_Azure_us-west1 31799
Get_Thrift_Server_Storage_us-west1 31822
Get_Azure_us-west1 47184
Get_Thrift_Server_Storage_us-west1 47207
Get_Azure_us-west1 35358
Get_Thrift_Server_Storage_us-west1 35384
Get_Azure_us-west1 41065
Get_Thrift_Server_Storage_us-west1 41112
Get_Azure_us-west1 24297
Get_Thrift_Server_Storage_us-west1 24326
Get_Azure_us-west1 15717
Get_Thrift_Server_Storage_us-west1 15744
Get_Azure_us-west1 34281
Get_Thrift_Server_Storage_us-west1 34317
Get_Azure_us-west1 35359
Get_Thrift_Server_Storage_us-west1 35399
Get_Azure_us-west1 30386
Get_Thrift_Server_Storage_us-west1 30412
Get_Azure_us-west1 121497
Get_Thrift_Server_Storage_us-west1 121523
Get_Azure_us-west1 25455
Get_Thrift_Server_Storage_us-west1 25482
Get_Azure_us-west1 35978
Get_Thrift_Server_Storage_us-west1 36002
Get_Azure_us-west1 148812
Get_Thrift_Server_Storage_us-west1 148837
Get_Azure_us-west1 144030
Get_Thrift_Server_Storage_us-west1 144058
Get_Azure_us-west1 59173
Get_Thrift_Server_Storage_us-west1 59213
Get_Azure_us-west1 156087
Get_Thrift_Server_Storage_us-west1 156111
Get_Azure_us-west1 58766
Get_Thrift_Server_Storage_us-west1 58793
Get_Azure_us-west1 98589
Get_Thrift_Server_Storage_us-west1 98625
Get_Azure_us-west1 83352
Get_Thrift_Server_Storage_us-west1 83370
Get_Azure_us-west1 32039
Get_Thrift_Server_Storage_us-west1 32063
Get_Azure_us-west1 59328
Get_Thrift_Server_Storage_us-west1 59348
Get_Azure_us-west1 85901
Get_Thrift_Server_Storage_us-west1 85928
Get_Azure_us-west1 67142
Get_Thrift_Server_Storage_us-west1 67163
Get_Azure_us-west1 56614
Get_Thrift_Server_Storage_us-west1 56636
Get_Azure_us-west1 34302
Get_Thrift_Server_Storage_us-west1 34320
Get_Azure_us-west1 25734
Get_Thrift_Server_Storage_us-west1 25761
Get_Azure_us-west1 77382
Get_Thrift_Server_Storage_us-west1 77404
Get_Azure_us-west1 83178
Get_Thrift_Server_Storage_us-west1 83202
Get_Azure_us-west1 33038
Get_Thrift_Server_Storage_us-west1 33059
Get_Azure_us-west1 255977
Get_Thrift_Server_Storage_us-west1 256005
Get_Azure_us-west1 157877
Get_Thrift_Server_Storage_us-west1 157904
Get_Azure_us-west1 143851
Get_Thrift_Server_Storage_us-west1 143881
Get_Azure_us-west1 61908
Get_Thrift_Server_Storage_us-west1 61934
Get_Azure_us-west1 20664
Get_Thrift_Server_Storage_us-west1 20692
Get_Azure_us-west1 51508
Get_Thrift_Server_Storage_us-west1 51530
Get_Azure_us-west1 20143
Get_Thrift_Server_Storage_us-west1 20180
Get_Azure_us-west1 45252
Get_Thrift_Server_Storage_us-west1 45275
Get_Azure_us-west1 44396
Get_Thrift_Server_Storage_us-west1 44424
Get_Azure_us-west1 32643
Get_Thrift_Server_Storage_us-west1 32666
Get_Azure_us-west1 47862
Get_Thrift_Server_Storage_us-west1 47885
Get_Azure_us-west1 156184
Get_Thrift_Server_Storage_us-west1 156218
Get_Azure_us-west1 27549
Get_Thrift_Server_Storage_us-west1 27577
Get_Azure_us-west1 37006
Get_Thrift_Server_Storage_us-west1 37032
Get_Azure_us-west1 137286
Get_Thrift_Server_Storage_us-west1 137315
Get_Azure_us-west1 73146
Get_Thrift_Server_Storage_us-west1 73172
Get_Azure_us-west1 28327
Get_Thrift_Server_Storage_us-west1 28355
Get_Azure_us-west1 19031
Get_Thrift_Server_Storage_us-west1 19057
Get_Azure_us-west1 45668
Get_Thrift_Server_Storage_us-west1 45694
Get_Azure_us-west1 24013
Get_Thrift_Server_Storage_us-west1 24046
Get_Azure_us-west1 28545
Get_Thrift_Server_Storage_us-west1 28579
Get_Azure_us-west1 24552
Get_Thrift_Server_Storage_us-west1 24585
Get_Azure_us-west1 15397
Get_Thrift_Server_Storage_us-west1 15424
Get_Azure_us-west1 22875
Get_Thrift_Server_Storage_us-west1 22912
Get_Azure_us-west1 45675
Get_Thrift_Server_Storage_us-west1 45707
Get_Azure_us-west1 81448
Get_Thrift_Server_Storage_us-west1 81474
Get_Azure_us-west1 48813
Get_Thrift_Server_Storage_us-west1 48836
Get_Azure_us-west1 60300
Get_Thrift_Server_Storage_us-west1 60323
Get_Azure_us-west1 18731
Get_Thrift_Server_Storage_us-west1 18757
Get_Azure_us-west1 112035
Get_Thrift_Server_Storage_us-west1 112068
Get_Azure_us-west1 28289
Get_Thrift_Server_Storage_us-west1 28321
Get_Azure_us-west1 47726
Get_Thrift_Server_Storage_us-west1 47750
Get_Azure_us-west1 16214
Get_Thrift_Server_Storage_us-west1 16246
Get_Azure_us-west1 79065
Get_Thrift_Server_Storage_us-west1 79094
Get_Azure_us-west1 56403
Get_Thrift_Server_Storage_us-west1 56433
Get_Azure_us-west1 14357
Get_Thrift_Server_Storage_us-west1 14381
Get_Azure_us-west1 19144
Get_Thrift_Server_Storage_us-west1 19169
Get_Azure_us-west1 39815
Get_Thrift_Server_Storage_us-west1 39845
Get_Azure_us-west1 22034
Get_Thrift_Server_Storage_us-west1 22061
Get_Azure_us-west1 14628
Get_Thrift_Server_Storage_us-west1 14657
Get_Azure_us-west1 36613
Get_Thrift_Server_Storage_us-west1 36641
Get_Azure_us-west1 37174
Get_Thrift_Server_Storage_us-west1 37208
Get_Azure_us-west1 18588
Get_Thrift_Server_Storage_us-west1 18617
Get_Azure_us-west1 36560
Get_Thrift_Server_Storage_us-west1 36588
Get_Azure_us-west1 74430
Get_Thrift_Server_Storage_us-west1 74457
Get_Azure_us-west1 16273
Get_Thrift_Server_Storage_us-west1 16316
Get_Azure_us-west1 36743
Get_Thrift_Server_Storage_us-west1 36768
Get_Azure_us-west1 27277
Get_Thrift_Server_Storage_us-west1 27303
Get_Azure_us-west1 46142
Get_Thrift_Server_Storage_us-west1 46170
Get_Azure_us-west1 44904
Get_Thrift_Server_Storage_us-west1 44928
Get_Azure_us-west1 33594
Get_Thrift_Server_Storage_us-west1 33620
Get_Azure_us-west1 197135
Get_Thrift_Server_Storage_us-west1 197163
Get_Azure_us-west1 114212
Get_Thrift_Server_Storage_us-west1 114242
Get_Azure_us-west1 62920
Get_Thrift_Server_Storage_us-west1 62950
Get_Azure_us-west1 16537
Get_Thrift_Server_Storage_us-west1 16561
Get_Azure_us-west1 44285
Get_Thrift_Server_Storage_us-west1 44326
Get_Azure_us-west1 43426
Get_Thrift_Server_Storage_us-west1 43454
Get_Azure_us-west1 18416
Get_Thrift_Server_Storage_us-west1 18442
Get_Azure_us-west1 18395
Get_Thrift_Server_Storage_us-west1 18422
Get_Azure_us-west1 21702
Get_Thrift_Server_Storage_us-west1 21728
Get_Azure_us-west1 23107
Get_Thrift_Server_Storage_us-west1 23133
Get_Azure_us-west1 23905
Get_Thrift_Server_Storage_us-west1 23931
Get_Azure_us-west1 28251
Get_Thrift_Server_Storage_us-west1 28276
Get_Azure_us-west1 55295
Get_Thrift_Server_Storage_us-west1 55342
Get_Azure_us-west1 31255
Get_Thrift_Server_Storage_us-west1 31279
Get_Azure_us-west1 47637
Get_Thrift_Server_Storage_us-west1 47682
Get_Azure_us-west1 55889
Get_Thrift_Server_Storage_us-west1 55923
Get_Azure_us-west1 64584
Get_Thrift_Server_Storage_us-west1 64611
Get_Azure_us-west1 28498
Get_Thrift_Server_Storage_us-west1 28524
Get_Azure_us-west1 41314
Get_Thrift_Server_Storage_us-west1 41339
Get_Azure_us-west1 23523
Get_Thrift_Server_Storage_us-west1 23550
Get_Azure_us-west1 62529
Get_Thrift_Server_Storage_us-west1 62559
Get_Azure_us-west1 18236
Get_Thrift_Server_Storage_us-west1 18264
Get_Azure_us-west1 57894
Get_Thrift_Server_Storage_us-west1 57922
Get_Azure_us-west1 37288
Get_Thrift_Server_Storage_us-west1 37311
Get_Azure_us-west1 21325
Get_Thrift_Server_Storage_us-west1 21374
Get_Azure_us-west1 57889
Get_Thrift_Server_Storage_us-west1 57923
Get_Azure_us-west1 43368
Get_Thrift_Server_Storage_us-west1 43400
Get_Azure_us-west1 23305
Get_Thrift_Server_Storage_us-west1 23332
Get_Azure_us-west1 19985
Get_Thrift_Server_Storage_us-west1 20016
Get_Azure_us-west1 22934
Get_Thrift_Server_Storage_us-west1 22959
Get_Azure_us-west1 24668
Get_Thrift_Server_Storage_us-west1 24693
Get_Azure_us-west1 30063
Get_Thrift_Server_Storage_us-west1 30085
Get_Azure_us-west1 25052
Get_Thrift_Server_Storage_us-west1 25085
Get_Azure_us-west1 149380
Get_Thrift_Server_Storage_us-west1 149416
Get_Azure_us-west1 50157
Get_Thrift_Server_Storage_us-west1 50188
Get_Azure_us-west1 144490
Get_Thrift_Server_Storage_us-west1 144518
Get_Azure_us-west1 78524
Get_Thrift_Server_Storage_us-west1 78550
Get_Azure_us-west1 101008
Get_Thrift_Server_Storage_us-west1 101034
Get_Azure_us-west1 24795
Get_Thrift_Server_Storage_us-west1 24818
Get_Azure_us-west1 42931
Get_Thrift_Server_Storage_us-west1 42970
Get_Azure_us-west1 27222
Get_Thrift_Server_Storage_us-west1 27248
Get_Azure_us-west1 47691
Get_Thrift_Server_Storage_us-west1 47719
Get_Azure_us-west1 27478
Get_Thrift_Server_Storage_us-west1 27528
Get_Azure_us-west1 34052
Get_Thrift_Server_Storage_us-west1 34084
Get_Azure_us-west1 103117
Get_Thrift_Server_Storage_us-west1 103141
Get_Azure_us-west1 21692
Get_Thrift_Server_Storage_us-west1 21714
Get_Azure_us-west1 177563
Get_Thrift_Server_Storage_us-west1 177587
Get_Azure_us-west1 37377
Get_Thrift_Server_Storage_us-west1 37416
Get_Azure_us-west1 36843
Get_Thrift_Server_Storage_us-west1 36871
Get_Azure_us-west1 19735
Get_Thrift_Server_Storage_us-west1 19767
Get_Azure_us-west1 31288
Get_Thrift_Server_Storage_us-west1 31315
Get_Azure_us-west1 20353
Get_Thrift_Server_Storage_us-west1 20381
Get_Azure_us-west1 24703
Get_Thrift_Server_Storage_us-west1 24742
Get_Azure_us-west1 16761
Get_Thrift_Server_Storage_us-west1 16788
Get_Azure_us-west1 15895
Get_Thrift_Server_Storage_us-west1 15920
Get_Azure_us-west1 31963
Get_Thrift_Server_Storage_us-west1 31996
Get_Azure_us-west1 62812
Get_Thrift_Server_Storage_us-west1 62845
Get_Azure_us-west1 28021
Get_Thrift_Server_Storage_us-west1 28049
Get_Azure_us-west1 81055
Get_Thrift_Server_Storage_us-west1 81087
Get_Azure_us-west1 47593
Get_Thrift_Server_Storage_us-west1 47625
Get_Azure_us-west1 58990
Get_Thrift_Server_Storage_us-west1 59024
Get_Azure_us-west1 34929
Get_Thrift_Server_Storage_us-west1 34980
Get_Azure_us-west1 50592
Get_Thrift_Server_Storage_us-west1 50632
Get_Azure_us-west1 19396
Get_Thrift_Server_Storage_us-west1 19466
Get_Azure_us-west1 35242
Get_Thrift_Server_Storage_us-west1 35285
Get_Azure_us-west1 89865
Get_Thrift_Server_Storage_us-west1 89904
Get_Azure_us-west1 35332
Get_Thrift_Server_Storage_us-west1 35358
Get_Azure_us-west1 33947
Get_Thrift_Server_Storage_us-west1 33979
Get_Azure_us-west1 22631
Get_Thrift_Server_Storage_us-west1 22679
Get_Azure_us-west1 43563
Get_Thrift_Server_Storage_us-west1 43614
Get_Azure_us-west1 30547
Get_Thrift_Server_Storage_us-west1 30579
Get_Azure_us-west1 62401
Get_Thrift_Server_Storage_us-west1 62432
Get_Azure_us-west1 22597
Get_Thrift_Server_Storage_us-west1 22625
Get_Azure_us-west1 89977
Get_Thrift_Server_Storage_us-west1 90015
Get_Azure_us-west1 24230
Get_Thrift_Server_Storage_us-west1 24282
Get_Azure_us-west1 21877
Get_Thrift_Server_Storage_us-west1 21921
Get_Azure_us-west1 44679
Get_Thrift_Server_Storage_us-west1 44723
Get_Azure_us-west1 36450
Get_Thrift_Server_Storage_us-west1 36502
Get_Azure_us-west1 35941
Get_Thrift_Server_Storage_us-west1 35972
Get_Azure_us-west1 28411
Get_Thrift_Server_Storage_us-west1 28441
Get_Azure_us-west1 43646
Get_Thrift_Server_Storage_us-west1 43671
Get_Azure_us-west1 47383
Get_Thrift_Server_Storage_us-west1 47409
Get_Azure_us-west1 23904
Get_Thrift_Server_Storage_us-west1 23943
Get_Azure_us-west1 21680
Get_Thrift_Server_Storage_us-west1 21728
Get_Azure_us-west1 99366
Get_Thrift_Server_Storage_us-west1 99406
Get_Azure_us-west1 230900
Get_Thrift_Server_Storage_us-west1 230945
Get_Azure_us-west1 23395
Get_Thrift_Server_Storage_us-west1 23442
Get_Azure_us-west1 27380
Get_Thrift_Server_Storage_us-west1 27404
Get_Azure_us-west1 17527
Get_Thrift_Server_Storage_us-west1 17562
Get_Azure_us-west1 21184
Get_Thrift_Server_Storage_us-west1 21216
Get_Azure_us-west1 16804
Get_Thrift_Server_Storage_us-west1 16836
Get_Azure_us-west1 21709
Get_Thrift_Server_Storage_us-west1 21736
Get_Azure_us-west1 41728
Get_Thrift_Server_Storage_us-west1 41763
Get_Azure_us-west1 22571
Get_Thrift_Server_Storage_us-west1 22595
Get_Azure_us-west1 60431
Get_Thrift_Server_Storage_us-west1 60468
Get_Azure_us-west1 18115
Get_Thrift_Server_Storage_us-west1 18162
Get_Azure_us-west1 43264
Get_Thrift_Server_Storage_us-west1 43295
Get_Azure_us-west1 19662
Get_Thrift_Server_Storage_us-west1 19699
Get_Azure_us-west1 59421
Get_Thrift_Server_Storage_us-west1 59452
Get_Azure_us-west1 40543
Get_Thrift_Server_Storage_us-west1 40584
Get_Azure_us-west1 21112
Get_Thrift_Server_Storage_us-west1 21155
Get_Azure_us-west1 15310
Get_Thrift_Server_Storage_us-west1 15336
Get_Azure_us-west1 58135
Get_Thrift_Server_Storage_us-west1 58164
Get_Azure_us-west1 15836
Get_Thrift_Server_Storage_us-west1 15871
Get_Azure_us-west1 38822
Get_Thrift_Server_Storage_us-west1 38850
Get_Azure_us-west1 31618
Get_Thrift_Server_Storage_us-west1 31663
Get_Azure_us-west1 47431
Get_Thrift_Server_Storage_us-west1 47465
Get_Azure_us-west1 19181
Get_Thrift_Server_Storage_us-west1 19211
Get_Azure_us-west1 45061
Get_Thrift_Server_Storage_us-west1 45104
Get_Azure_us-west1 15785
Get_Thrift_Server_Storage_us-west1 15818
Get_Azure_us-west1 23324
Get_Thrift_Server_Storage_us-west1 23352
Get_Azure_us-west1 51498
Get_Thrift_Server_Storage_us-west1 51539
Get_Azure_us-west1 16107
Get_Thrift_Server_Storage_us-west1 16146
Get_Azure_us-west1 32422
Get_Thrift_Server_Storage_us-west1 32479
Get_Azure_us-west1 21941
Get_Thrift_Server_Storage_us-west1 21978
Get_Azure_us-west1 100565
Get_Thrift_Server_Storage_us-west1 100613
Get_Azure_us-west1 21822
Get_Thrift_Server_Storage_us-west1 21851
Get_Azure_us-west1 96014
Get_Thrift_Server_Storage_us-west1 96052
Get_Azure_us-west1 26344
Get_Thrift_Server_Storage_us-west1 26381
Get_Azure_us-west1 28036
Get_Thrift_Server_Storage_us-west1 28056
Get_Azure_us-west1 42223
Get_Thrift_Server_Storage_us-west1 42257
Get_Azure_us-west1 150710
Get_Thrift_Server_Storage_us-west1 150743
Get_Azure_us-west1 114980
Get_Thrift_Server_Storage_us-west1 115020
Get_Azure_us-west1 38476
Get_Thrift_Server_Storage_us-west1 38503
Get_Azure_us-west1 55594
Get_Thrift_Server_Storage_us-west1 55630
Get_Azure_us-west1 42138
Get_Thrift_Server_Storage_us-west1 42184
Get_Azure_us-west1 19681
Get_Thrift_Server_Storage_us-west1 19714
Get_Azure_us-west1 28606
Get_Thrift_Server_Storage_us-west1 28640
Get_Azure_us-west1 40614
Get_Thrift_Server_Storage_us-west1 40671
Get_Azure_us-west1 30314
Get_Thrift_Server_Storage_us-west1 30343
Get_Azure_us-west1 68761
Get_Thrift_Server_Storage_us-west1 68793
Get_Azure_us-west1 24284
Get_Thrift_Server_Storage_us-west1 24320
Get_Azure_us-west1 23155
Get_Thrift_Server_Storage_us-west1 23194
Get_Azure_us-west1 103838
Get_Thrift_Server_Storage_us-west1 103876
Get_Azure_us-west1 39486
Get_Thrift_Server_Storage_us-west1 39512
Get_Azure_us-west1 22300
Get_Thrift_Server_Storage_us-west1 22327
Get_Azure_us-west1 37788
Get_Thrift_Server_Storage_us-west1 37812
Get_Azure_us-west1 49498
Get_Thrift_Server_Storage_us-west1 49524
Get_Azure_us-west1 34208
Get_Thrift_Server_Storage_us-west1 34245
Get_Azure_us-west1 70057
Get_Thrift_Server_Storage_us-west1 70115
Get_Azure_us-west1 23379
Get_Thrift_Server_Storage_us-west1 23413
Get_Azure_us-west1 38767
Get_Thrift_Server_Storage_us-west1 38789
Get_Azure_us-west1 36103
Get_Thrift_Server_Storage_us-west1 36139
Get_Azure_us-west1 18738
Get_Thrift_Server_Storage_us-west1 18773
Get_Azure_us-west1 46504
Get_Thrift_Server_Storage_us-west1 46534
Get_Azure_us-west1 125476
Get_Thrift_Server_Storage_us-west1 125520
Get_Azure_us-west1 23392
Get_Thrift_Server_Storage_us-west1 23430
Get_Azure_us-west1 46879
Get_Thrift_Server_Storage_us-west1 46914
Get_Azure_us-west1 22009
Get_Thrift_Server_Storage_us-west1 22045
Get_Azure_us-west1 36150
Get_Thrift_Server_Storage_us-west1 36173
Get_Azure_us-west1 33543
Get_Thrift_Server_Storage_us-west1 33575
Get_Azure_us-west1 18076
Get_Thrift_Server_Storage_us-west1 18116
Get_Azure_us-west1 33572
Get_Thrift_Server_Storage_us-west1 33606
Get_Azure_us-west1 20364
Get_Thrift_Server_Storage_us-west1 20398
Get_Azure_us-west1 31085
Get_Thrift_Server_Storage_us-west1 31120
Get_Azure_us-west1 24523
Get_Thrift_Server_Storage_us-west1 24561
Get_Azure_us-west1 78831
Get_Thrift_Server_Storage_us-west1 78861
Get_Azure_us-west1 25568
Get_Thrift_Server_Storage_us-west1 25598
Get_Azure_us-west1 26390
Get_Thrift_Server_Storage_us-west1 26420
Get_Azure_us-west1 34552
Get_Thrift_Server_Storage_us-west1 34583
Get_Azure_us-west1 26784
Get_Thrift_Server_Storage_us-west1 26809
Get_Azure_us-west1 23530
Get_Thrift_Server_Storage_us-west1 23554
Get_Azure_us-west1 34986
Get_Thrift_Server_Storage_us-west1 35032
Get_Azure_us-west1 15853
Get_Thrift_Server_Storage_us-west1 15897
Get_Azure_us-west1 31213
Get_Thrift_Server_Storage_us-west1 31245
Get_Azure_us-west1 36115
Get_Thrift_Server_Storage_us-west1 36160
Get_Azure_us-west1 21467
Get_Thrift_Server_Storage_us-west1 21491
Get_Azure_us-west1 74114
Get_Thrift_Server_Storage_us-west1 74146
Get_Azure_us-west1 50850
Get_Thrift_Server_Storage_us-west1 50878
Get_Azure_us-west1 18068
Get_Thrift_Server_Storage_us-west1 18098
Get_Azure_us-west1 31261
Get_Thrift_Server_Storage_us-west1 31285
Get_Azure_us-west1 26034
Get_Thrift_Server_Storage_us-west1 26067
Get_Azure_us-west1 25200
Get_Thrift_Server_Storage_us-west1 25232
Get_Azure_us-west1 14370
Get_Thrift_Server_Storage_us-west1 14396
Get_Azure_us-west1 70415
Get_Thrift_Server_Storage_us-west1 70439
Get_Azure_us-west1 14947
Get_Thrift_Server_Storage_us-west1 14985
Get_Azure_us-west1 55713
Get_Thrift_Server_Storage_us-west1 55736
Get_Azure_us-west1 22008
Get_Thrift_Server_Storage_us-west1 22037
Get_Azure_us-west1 60664
Get_Thrift_Server_Storage_us-west1 60693
Get_Azure_us-west1 18350
Get_Thrift_Server_Storage_us-west1 18381
Get_Azure_us-west1 17302
Get_Thrift_Server_Storage_us-west1 17338
Get_Azure_us-west1 32060
Get_Thrift_Server_Storage_us-west1 32102
Get_Azure_us-west1 26936
Get_Thrift_Server_Storage_us-west1 26960
Get_Azure_us-west1 41565
Get_Thrift_Server_Storage_us-west1 41592
Get_Azure_us-west1 31354
Get_Thrift_Server_Storage_us-west1 31380
Get_Azure_us-west1 24501
Get_Thrift_Server_Storage_us-west1 24527
Get_Azure_us-west1 65026
Get_Thrift_Server_Storage_us-west1 65055
Get_Azure_us-west1 31196
Get_Thrift_Server_Storage_us-west1 31219
Get_Azure_us-west1 69139
Get_Thrift_Server_Storage_us-west1 69170
Get_Azure_us-west1 24948
Get_Thrift_Server_Storage_us-west1 24973
Get_Azure_us-west1 27888
Get_Thrift_Server_Storage_us-west1 27922
Get_Azure_us-west1 23959
Get_Thrift_Server_Storage_us-west1 23983
Get_Azure_us-west1 63788
Get_Thrift_Server_Storage_us-west1 63817
Get_Azure_us-west1 23371
Get_Thrift_Server_Storage_us-west1 23394
Get_Azure_us-west1 73990
Get_Thrift_Server_Storage_us-west1 74024
Get_Azure_us-west1 35927
Get_Thrift_Server_Storage_us-west1 35952
Get_Azure_us-west1 52311
Get_Thrift_Server_Storage_us-west1 52343
Get_Azure_us-west1 26259
Get_Thrift_Server_Storage_us-west1 26297
Get_Azure_us-west1 55903
Get_Thrift_Server_Storage_us-west1 55949
Get_Azure_us-west1 40188
Get_Thrift_Server_Storage_us-west1 40208
Get_Azure_us-west1 53661
Get_Thrift_Server_Storage_us-west1 53686
Get_Azure_us-west1 20840
Get_Thrift_Server_Storage_us-west1 20865
Get_Azure_us-west1 191788
Get_Thrift_Server_Storage_us-west1 191825
Get_Azure_us-west1 21232
Get_Thrift_Server_Storage_us-west1 21269
Get_Azure_us-west1 18014
Get_Thrift_Server_Storage_us-west1 18039
Get_Azure_us-west1 55107
Get_Thrift_Server_Storage_us-west1 55133
Get_Azure_us-west1 62234
Get_Thrift_Server_Storage_us-west1 62266
Get_Azure_us-west1 34034
Get_Thrift_Server_Storage_us-west1 34083
Get_Azure_us-west1 21087
Get_Thrift_Server_Storage_us-west1 21118
Get_Azure_us-west1 20518
Get_Thrift_Server_Storage_us-west1 20546
Get_Azure_us-west1 22400
Get_Thrift_Server_Storage_us-west1 22423
Get_Azure_us-west1 93035
Get_Thrift_Server_Storage_us-west1 93099
Get_Azure_us-west1 24365
Get_Thrift_Server_Storage_us-west1 24392
Get_Azure_us-west1 16039
Get_Thrift_Server_Storage_us-west1 16083
Get_Azure_us-west1 15641
Get_Thrift_Server_Storage_us-west1 15679
Get_Azure_us-west1 16363
Get_Thrift_Server_Storage_us-west1 16407
Get_Azure_us-west1 50363
Get_Thrift_Server_Storage_us-west1 50385
Get_Azure_us-west1 17703
Get_Thrift_Server_Storage_us-west1 17744
Get_Azure_us-west1 54702
Get_Thrift_Server_Storage_us-west1 54745
Get_Azure_us-west1 22707
Get_Thrift_Server_Storage_us-west1 22752
Get_Azure_us-west1 15216
Get_Thrift_Server_Storage_us-west1 15246
Get_Azure_us-west1 21108
Get_Thrift_Server_Storage_us-west1 21134
Get_Azure_us-west1 25117
Get_Thrift_Server_Storage_us-west1 25153
Get_Azure_us-west1 37190
Get_Thrift_Server_Storage_us-west1 37214
Get_Azure_us-west1 39935
Get_Thrift_Server_Storage_us-west1 39962
Get_Azure_us-west1 17270
Get_Thrift_Server_Storage_us-west1 17319
Get_Azure_us-west1 15153
Get_Thrift_Server_Storage_us-west1 15185
Get_Azure_us-west1 19260
Get_Thrift_Server_Storage_us-west1 19296
Get_Azure_us-west1 15863
Get_Thrift_Server_Storage_us-west1 15891
Get_Azure_us-west1 37407
Get_Thrift_Server_Storage_us-west1 37436
Get_Azure_us-west1 17262
Get_Thrift_Server_Storage_us-west1 17286
Get_Azure_us-west1 45396
Get_Thrift_Server_Storage_us-west1 45420
Get_Azure_us-west1 33015
Get_Thrift_Server_Storage_us-west1 33048
Get_Azure_us-west1 40240
Get_Thrift_Server_Storage_us-west1 40284
Get_Azure_us-west1 16525
Get_Thrift_Server_Storage_us-west1 16558
Get_Azure_us-west1 30135
Get_Thrift_Server_Storage_us-west1 30193
Get_Azure_us-west1 19504
Get_Thrift_Server_Storage_us-west1 19539
Get_Azure_us-west1 24758
Get_Thrift_Server_Storage_us-west1 24809
Get_Azure_us-west1 22120
Get_Thrift_Server_Storage_us-west1 22167
Get_Azure_us-west1 33045
Get_Thrift_Server_Storage_us-west1 33076
Get_Azure_us-west1 178037
Get_Thrift_Server_Storage_us-west1 178063
Get_Azure_us-west1 21150
Get_Thrift_Server_Storage_us-west1 21180
Get_Azure_us-west1 28479
Get_Thrift_Server_Storage_us-west1 28504
Get_Azure_us-west1 17294
Get_Thrift_Server_Storage_us-west1 17337
Get_Azure_us-west1 31504
Get_Thrift_Server_Storage_us-west1 31533
Get_Azure_us-west1 35439
Get_Thrift_Server_Storage_us-west1 35463
Get_Azure_us-west1 29187
Get_Thrift_Server_Storage_us-west1 29216
Get_Azure_us-west1 74276
Get_Thrift_Server_Storage_us-west1 74310
Get_Azure_us-west1 65600
Get_Thrift_Server_Storage_us-west1 65622
Get_Azure_us-west1 83809
Get_Thrift_Server_Storage_us-west1 83836
Get_Azure_us-west1 64947
Get_Thrift_Server_Storage_us-west1 64974
Get_Azure_us-west1 55644
Get_Thrift_Server_Storage_us-west1 55669
Get_Azure_us-west1 19607
Get_Thrift_Server_Storage_us-west1 19633
Get_Azure_us-west1 14580
Get_Thrift_Server_Storage_us-west1 14604
Get_Azure_us-west1 23479
Get_Thrift_Server_Storage_us-west1 23506
Get_Azure_us-west1 42074
Get_Thrift_Server_Storage_us-west1 42116
Get_Azure_us-west1 26455
Get_Thrift_Server_Storage_us-west1 26480
Get_Azure_us-west1 22109
Get_Thrift_Server_Storage_us-west1 22144
Get_Azure_us-west1 18693
Get_Thrift_Server_Storage_us-west1 18738
Get_Azure_us-west1 18732
Get_Thrift_Server_Storage_us-west1 18757
Get_Azure_us-west1 35092
Get_Thrift_Server_Storage_us-west1 35121
Get_Azure_us-west1 78524
Get_Thrift_Server_Storage_us-west1 78585
Get_Azure_us-west1 22193
Get_Thrift_Server_Storage_us-west1 22219
Get_Azure_us-west1 128589
Get_Thrift_Server_Storage_us-west1 128626
Get_Azure_us-west1 83970
Get_Thrift_Server_Storage_us-west1 84003
Get_Azure_us-west1 79524
Get_Thrift_Server_Storage_us-west1 79570
Get_Azure_us-west1 67827
Get_Thrift_Server_Storage_us-west1 67861
Get_Azure_us-west1 20469
Get_Thrift_Server_Storage_us-west1 20498
Get_Azure_us-west1 20709
Get_Thrift_Server_Storage_us-west1 20745
Get_Azure_us-west1 20646
Get_Thrift_Server_Storage_us-west1 20703
Get_Azure_us-west1 18836
Get_Thrift_Server_Storage_us-west1 18910
Get_Azure_us-west1 49114
Get_Thrift_Server_Storage_us-west1 49150
Get_Azure_us-west1 21723
Get_Thrift_Server_Storage_us-west1 21752
Get_Azure_us-west1 26495
Get_Thrift_Server_Storage_us-west1 26545
Get_Azure_us-west1 34404
Get_Thrift_Server_Storage_us-west1 34459
Get_Azure_us-west1 19286
Get_Thrift_Server_Storage_us-west1 19313
Get_Azure_us-west1 21916
Get_Thrift_Server_Storage_us-west1 21945
Get_Azure_us-west1 36672
Get_Thrift_Server_Storage_us-west1 36697
Get_Azure_us-west1 39049
Get_Thrift_Server_Storage_us-west1 39073
Get_Azure_us-west1 59381
Get_Thrift_Server_Storage_us-west1 59422
Get_Azure_us-west1 44262
Get_Thrift_Server_Storage_us-west1 44290
Get_Azure_us-west1 41723
Get_Thrift_Server_Storage_us-west1 41750
Get_Azure_us-west1 40771
Get_Thrift_Server_Storage_us-west1 40802
Get_Azure_us-west1 17087
Get_Thrift_Server_Storage_us-west1 17119
Get_Azure_us-west1 16469
Get_Thrift_Server_Storage_us-west1 16497
Get_Azure_us-west1 19530
Get_Thrift_Server_Storage_us-west1 19574
Get_Azure_us-west1 41683
Get_Thrift_Server_Storage_us-west1 41708
Get_Azure_us-west1 21083
Get_Thrift_Server_Storage_us-west1 21127
Get_Azure_us-west1 67080
Get_Thrift_Server_Storage_us-west1 67106
Get_Azure_us-west1 46741
Get_Thrift_Server_Storage_us-west1 46769
Get_Azure_us-west1 33954
Get_Thrift_Server_Storage_us-west1 33988
Get_Azure_us-west1 38868
Get_Thrift_Server_Storage_us-west1 38904
Get_Azure_us-west1 14359
Get_Thrift_Server_Storage_us-west1 14383
Get_Azure_us-west1 46526
Get_Thrift_Server_Storage_us-west1 46553
Get_Azure_us-west1 15793
Get_Thrift_Server_Storage_us-west1 15826
Get_Azure_us-west1 21497
Get_Thrift_Server_Storage_us-west1 21529
Get_Azure_us-west1 16204
Get_Thrift_Server_Storage_us-west1 16242
Get_Azure_us-west1 23962
Get_Thrift_Server_Storage_us-west1 23999
Get_Azure_us-west1 107376
Get_Thrift_Server_Storage_us-west1 107403
Get_Azure_us-west1 34899
Get_Thrift_Server_Storage_us-west1 34928
Get_Azure_us-west1 25471
Get_Thrift_Server_Storage_us-west1 25502
Get_Azure_us-west1 62327
Get_Thrift_Server_Storage_us-west1 62355
Get_Azure_us-west1 22822
Get_Thrift_Server_Storage_us-west1 22860
Get_Azure_us-west1 20519
Get_Thrift_Server_Storage_us-west1 20583
Get_Azure_us-west1 29098
Get_Thrift_Server_Storage_us-west1 29129
Get_Azure_us-west1 14441
Get_Thrift_Server_Storage_us-west1 14474
Get_Azure_us-west1 34682
Get_Thrift_Server_Storage_us-west1 34708
Get_Azure_us-west1 36101
Get_Thrift_Server_Storage_us-west1 36133
Get_Azure_us-west1 15841
Get_Thrift_Server_Storage_us-west1 15873
Get_Azure_us-west1 61317
Get_Thrift_Server_Storage_us-west1 61345
Get_Azure_us-west1 16660
Get_Thrift_Server_Storage_us-west1 16687
Get_Azure_us-west1 19145
Get_Thrift_Server_Storage_us-west1 19186
Get_Azure_us-west1 30914
Get_Thrift_Server_Storage_us-west1 30941
Get_Azure_us-west1 62534
Get_Thrift_Server_Storage_us-west1 62563
Get_Azure_us-west1 17809
Get_Thrift_Server_Storage_us-west1 17844
Get_Azure_us-west1 21946
Get_Thrift_Server_Storage_us-west1 21981
Get_Azure_us-west1 40523
Get_Thrift_Server_Storage_us-west1 40553
Get_Azure_us-west1 90178
Get_Thrift_Server_Storage_us-west1 90205
Get_Azure_us-west1 25162
Get_Thrift_Server_Storage_us-west1 25189
Get_Azure_us-west1 57355
Get_Thrift_Server_Storage_us-west1 57380
Get_Azure_us-west1 48816
Get_Thrift_Server_Storage_us-west1 48846
Get_Azure_us-west1 24451
Get_Thrift_Server_Storage_us-west1 24481
Get_Azure_us-west1 23198
Get_Thrift_Server_Storage_us-west1 23228
Get_Azure_us-west1 92637
Get_Thrift_Server_Storage_us-west1 92673
Get_Azure_us-west1 59325
Get_Thrift_Server_Storage_us-west1 59348
Get_Azure_us-west1 24996
Get_Thrift_Server_Storage_us-west1 25028
Get_Azure_us-west1 44682
Get_Thrift_Server_Storage_us-west1 44715
Get_Azure_us-west1 19419
Get_Thrift_Server_Storage_us-west1 19446
Get_Azure_us-west1 38798
Get_Thrift_Server_Storage_us-west1 38836
Get_Azure_us-west1 31081
Get_Thrift_Server_Storage_us-west1 31140
Get_Azure_us-west1 57628
Get_Thrift_Server_Storage_us-west1 57666
Get_Azure_us-west1 50731
Get_Thrift_Server_Storage_us-west1 50766
Get_Azure_us-west1 35976
Get_Thrift_Server_Storage_us-west1 36019
Get_Azure_us-west1 21599
Get_Thrift_Server_Storage_us-west1 21630
Get_Azure_us-west1 34276
Get_Thrift_Server_Storage_us-west1 34312
Get_Azure_us-west1 23948
Get_Thrift_Server_Storage_us-west1 23979
Get_Azure_us-west1 101248
Get_Thrift_Server_Storage_us-west1 101292
Get_Azure_us-west1 41836
Get_Thrift_Server_Storage_us-west1 41871
Get_Azure_us-west1 44317
Get_Thrift_Server_Storage_us-west1 44361
Get_Azure_us-west1 40127
Get_Thrift_Server_Storage_us-west1 40158
Get_Azure_us-west1 13835
Get_Thrift_Server_Storage_us-west1 13857
Get_Azure_us-west1 17556
Get_Thrift_Server_Storage_us-west1 17600
Get_Azure_us-west1 68389
Get_Thrift_Server_Storage_us-west1 68428
Get_Azure_us-west1 50189
Get_Thrift_Server_Storage_us-west1 50218
Get_Azure_us-west1 22670
Get_Thrift_Server_Storage_us-west1 22706
Get_Azure_us-west1 48202
Get_Thrift_Server_Storage_us-west1 48227
Get_Azure_us-west1 33075
Get_Thrift_Server_Storage_us-west1 33101
Get_Azure_us-west1 37627
Get_Thrift_Server_Storage_us-west1 37653
Get_Azure_us-west1 21143
Get_Thrift_Server_Storage_us-west1 21173
Get_Azure_us-west1 21217
Get_Thrift_Server_Storage_us-west1 21263
Get_Azure_us-west1 49114
Get_Thrift_Server_Storage_us-west1 49138
Get_Azure_us-west1 18427
Get_Thrift_Server_Storage_us-west1 18461
Get_Azure_us-west1 23902
Get_Thrift_Server_Storage_us-west1 23937
Get_Azure_us-west1 16578
Get_Thrift_Server_Storage_us-west1 16605
Get_Azure_us-west1 20511
Get_Thrift_Server_Storage_us-west1 20566
Get_Azure_us-west1 65941
Get_Thrift_Server_Storage_us-west1 65975
Get_Azure_us-west1 27805
Get_Thrift_Server_Storage_us-west1 27841
Get_Azure_us-west1 19629
Get_Thrift_Server_Storage_us-west1 19659
Get_Azure_us-west1 12896
Get_Thrift_Server_Storage_us-west1 12926
Get_Azure_us-west1 97582
Get_Thrift_Server_Storage_us-west1 97606
Get_Azure_us-west1 24086
Get_Thrift_Server_Storage_us-west1 24113
Get_Azure_us-west1 13920
Get_Thrift_Server_Storage_us-west1 13947
Get_Azure_us-west1 36028
Get_Thrift_Server_Storage_us-west1 36069
Get_Azure_us-west1 38237
Get_Thrift_Server_Storage_us-west1 38268
Get_Azure_us-west1 15593
Get_Thrift_Server_Storage_us-west1 15624
Get_Azure_us-west1 23714
Get_Thrift_Server_Storage_us-west1 23762
Get_Azure_us-west1 117952
Get_Thrift_Server_Storage_us-west1 117998
Get_Azure_us-west1 18074
Get_Thrift_Server_Storage_us-west1 18108
Get_Azure_us-west1 48580
Get_Thrift_Server_Storage_us-west1 48638
Get_Azure_us-west1 28068
Get_Thrift_Server_Storage_us-west1 28095
Get_Azure_us-west1 17064
Get_Thrift_Server_Storage_us-west1 17081
Get_Azure_us-west1 18327
Get_Thrift_Server_Storage_us-west1 18351
Get_Azure_us-west1 16600
Get_Thrift_Server_Storage_us-west1 16624
Get_Azure_us-west1 35345
Get_Thrift_Server_Storage_us-west1 35377
Get_Azure_us-west1 57309
Get_Thrift_Server_Storage_us-west1 57337
Get_Azure_us-west1 35045
Get_Thrift_Server_Storage_us-west1 35088
Get_Azure_us-west1 31487
Get_Thrift_Server_Storage_us-west1 31516
Get_Azure_us-west1 18365
Get_Thrift_Server_Storage_us-west1 18409
Get_Azure_us-west1 30861
Get_Thrift_Server_Storage_us-west1 30889
Get_Azure_us-west1 40080
Get_Thrift_Server_Storage_us-west1 40107
Get_Azure_us-west1 22008
Get_Thrift_Server_Storage_us-west1 22045
Get_Azure_us-west1 77517
Get_Thrift_Server_Storage_us-west1 77553
Get_Azure_us-west1 23909
Get_Thrift_Server_Storage_us-west1 23945
Get_Azure_us-west1 27822
Get_Thrift_Server_Storage_us-west1 27859
Get_Azure_us-west1 19500
Get_Thrift_Server_Storage_us-west1 19545
Get_Azure_us-west1 55089
Get_Thrift_Server_Storage_us-west1 55120
Get_Azure_us-west1 20386
Get_Thrift_Server_Storage_us-west1 20426
Get_Azure_us-west1 28238
Get_Thrift_Server_Storage_us-west1 28280
Get_Azure_us-west1 18336
Get_Thrift_Server_Storage_us-west1 18366
Get_Azure_us-west1 23588
Get_Thrift_Server_Storage_us-west1 23644
Get_Azure_us-west1 148415
Get_Thrift_Server_Storage_us-west1 148441
Get_Azure_us-west1 65068
Get_Thrift_Server_Storage_us-west1 65103
Get_Azure_us-west1 76215
Get_Thrift_Server_Storage_us-west1 76250
Get_Azure_us-west1 37610
Get_Thrift_Server_Storage_us-west1 37642
Get_Azure_us-west1 60604
Get_Thrift_Server_Storage_us-west1 60645
Get_Azure_us-west1 49643
Get_Thrift_Server_Storage_us-west1 49680
Get_Azure_us-west1 32503
Get_Thrift_Server_Storage_us-west1 32532
Get_Azure_us-west1 92694
Get_Thrift_Server_Storage_us-west1 92718
Get_Azure_us-west1 30614
Get_Thrift_Server_Storage_us-west1 30645
Get_Azure_us-west1 21628
Get_Thrift_Server_Storage_us-west1 21650
Get_Azure_us-west1 26507
Get_Thrift_Server_Storage_us-west1 26540
Get_Azure_us-west1 31986
Get_Thrift_Server_Storage_us-west1 32022
Get_Azure_us-west1 33322
Get_Thrift_Server_Storage_us-west1 33353
Get_Azure_us-west1 26384
Get_Thrift_Server_Storage_us-west1 26406
Get_Azure_us-west1 22187
Get_Thrift_Server_Storage_us-west1 22212
Get_Azure_us-west1 42041
Get_Thrift_Server_Storage_us-west1 42075
Get_Azure_us-west1 59989
Get_Thrift_Server_Storage_us-west1 60020
Get_Azure_us-west1 18915
Get_Thrift_Server_Storage_us-west1 18942
Get_Azure_us-west1 20948
Get_Thrift_Server_Storage_us-west1 20988
Get_Azure_us-west1 34125
Get_Thrift_Server_Storage_us-west1 34165
Get_Azure_us-west1 30418
Get_Thrift_Server_Storage_us-west1 30442
Get_Azure_us-west1 177038
Get_Thrift_Server_Storage_us-west1 177064
Get_Azure_us-west1 201353
Get_Thrift_Server_Storage_us-west1 201384
Get_Azure_us-west1 17193
Get_Thrift_Server_Storage_us-west1 17230
Get_Azure_us-west1 58572
Get_Thrift_Server_Storage_us-west1 58598
Get_Azure_us-west1 20525
Get_Thrift_Server_Storage_us-west1 20578
Get_Azure_us-west1 32968
Get_Thrift_Server_Storage_us-west1 32997
Get_Azure_us-west1 65526
Get_Thrift_Server_Storage_us-west1 65558
Get_Azure_us-west1 35989
Get_Thrift_Server_Storage_us-west1 36030
Get_Azure_us-west1 62547
Get_Thrift_Server_Storage_us-west1 62573
Get_Azure_us-west1 37863
Get_Thrift_Server_Storage_us-west1 37897
Get_Azure_us-west1 17837
Get_Thrift_Server_Storage_us-west1 17866
Get_Azure_us-west1 28083
Get_Thrift_Server_Storage_us-west1 28111
Get_Azure_us-west1 112135
Get_Thrift_Server_Storage_us-west1 112162
Get_Azure_us-west1 19491
Get_Thrift_Server_Storage_us-west1 19528
Get_Azure_us-west1 15996
Get_Thrift_Server_Storage_us-west1 16022
Get_Azure_us-west1 20389
Get_Thrift_Server_Storage_us-west1 20420
Get_Azure_us-west1 51598
Get_Thrift_Server_Storage_us-west1 51632
Get_Azure_us-west1 24846
Get_Thrift_Server_Storage_us-west1 24873
Get_Azure_us-west1 23152
Get_Thrift_Server_Storage_us-west1 23177
Get_Azure_us-west1 16944
Get_Thrift_Server_Storage_us-west1 16985
Get_Azure_us-west1 30465
Get_Thrift_Server_Storage_us-west1 30498
Get_Azure_us-west1 43236
Get_Thrift_Server_Storage_us-west1 43260
Get_Azure_us-west1 48696
Get_Thrift_Server_Storage_us-west1 48741
Get_Azure_us-west1 47280
Get_Thrift_Server_Storage_us-west1 47315
Get_Azure_us-west1 61005
Get_Thrift_Server_Storage_us-west1 61029
Get_Azure_us-west1 73940
Get_Thrift_Server_Storage_us-west1 73966
Get_Azure_us-west1 30732
Get_Thrift_Server_Storage_us-west1 30759
Get_Azure_us-west1 34436
Get_Thrift_Server_Storage_us-west1 34468
Get_Azure_us-west1 50339
Get_Thrift_Server_Storage_us-west1 50366
Get_Azure_us-west1 73348
Get_Thrift_Server_Storage_us-west1 73376
Get_Azure_us-west1 31062
Get_Thrift_Server_Storage_us-west1 31095
Get_Azure_us-west1 19325
Get_Thrift_Server_Storage_us-west1 19350
Get_Azure_us-west1 22172
Get_Thrift_Server_Storage_us-west1 22210
Get_Azure_us-west1 29380
Get_Thrift_Server_Storage_us-west1 29411
Get_Azure_us-west1 63757
Get_Thrift_Server_Storage_us-west1 63808
Get_Azure_us-west1 31747
Get_Thrift_Server_Storage_us-west1 31783
Get_Azure_us-west1 36488
Get_Thrift_Server_Storage_us-west1 36512
Get_Azure_us-west1 23421
Get_Thrift_Server_Storage_us-west1 23484
Get_Azure_us-west1 56028
Get_Thrift_Server_Storage_us-west1 56065
Get_Azure_us-west1 19145
Get_Thrift_Server_Storage_us-west1 19179
Get_Azure_us-west1 47996
Get_Thrift_Server_Storage_us-west1 48024
Get_Azure_us-west1 51593
Get_Thrift_Server_Storage_us-west1 51621
Get_Azure_us-west1 18077
Get_Thrift_Server_Storage_us-west1 18110
Get_Azure_us-west1 52453
Get_Thrift_Server_Storage_us-west1 52489
Get_Azure_us-west1 22310
Get_Thrift_Server_Storage_us-west1 22338
Get_Azure_us-west1 50614
Get_Thrift_Server_Storage_us-west1 50656
Get_Azure_us-west1 33782
Get_Thrift_Server_Storage_us-west1 33826
Get_Azure_us-west1 32071
Get_Thrift_Server_Storage_us-west1 32097
Get_Azure_us-west1 21719
Get_Thrift_Server_Storage_us-west1 21746
Get_Azure_us-west1 18222
Get_Thrift_Server_Storage_us-west1 18259
Get_Azure_us-west1 21301
Get_Thrift_Server_Storage_us-west1 21334
Get_Azure_us-west1 42576
Get_Thrift_Server_Storage_us-west1 42618
Get_Azure_us-west1 25668
Get_Thrift_Server_Storage_us-west1 25695
Get_Azure_us-west1 41594
Get_Thrift_Server_Storage_us-west1 41627
Get_Azure_us-west1 24744
Get_Thrift_Server_Storage_us-west1 24794
Get_Azure_us-west1 22326
Get_Thrift_Server_Storage_us-west1 22362
Get_Azure_us-west1 34075
Get_Thrift_Server_Storage_us-west1 34111
Get_Azure_us-west1 20669
Get_Thrift_Server_Storage_us-west1 20712
Get_Azure_us-west1 19716
Get_Thrift_Server_Storage_us-west1 19742
Get_Azure_us-west1 30890
Get_Thrift_Server_Storage_us-west1 30938
Get_Azure_us-west1 39761
Get_Thrift_Server_Storage_us-west1 39789
Get_Azure_us-west1 30424
Get_Thrift_Server_Storage_us-west1 30482
Get_Azure_us-west1 56681
Get_Thrift_Server_Storage_us-west1 56708
Get_Azure_us-west1 20424
Get_Thrift_Server_Storage_us-west1 20453
Get_Azure_us-west1 32363
Get_Thrift_Server_Storage_us-west1 32389
Get_Azure_us-west1 46709
Get_Thrift_Server_Storage_us-west1 46735
Get_Azure_us-west1 140198
Get_Thrift_Server_Storage_us-west1 140224
Get_Azure_us-west1 21003
Get_Thrift_Server_Storage_us-west1 21037
Get_Azure_us-west1 150202
Get_Thrift_Server_Storage_us-west1 150232
Get_Azure_us-west1 24806
Get_Thrift_Server_Storage_us-west1 24836
Get_Azure_us-west1 20586
Get_Thrift_Server_Storage_us-west1 20618
Get_Azure_us-west1 28862
Get_Thrift_Server_Storage_us-west1 28890
Get_Azure_us-west1 40623
Get_Thrift_Server_Storage_us-west1 40650
Get_Azure_us-west1 216785
Get_Thrift_Server_Storage_us-west1 216818
Get_Azure_us-west1 26727
Get_Thrift_Server_Storage_us-west1 26768
Get_Azure_us-west1 20371
Get_Thrift_Server_Storage_us-west1 20410
Get_Azure_us-west1 18890
Get_Thrift_Server_Storage_us-west1 18915
Get_Azure_us-west1 50780
Get_Thrift_Server_Storage_us-west1 50805
Get_Azure_us-west1 23277
Get_Thrift_Server_Storage_us-west1 23303
Get_Azure_us-west1 24845
Get_Thrift_Server_Storage_us-west1 24868
Get_Azure_us-west1 32784
Get_Thrift_Server_Storage_us-west1 32828
Get_Azure_us-west1 19090
Get_Thrift_Server_Storage_us-west1 19115
Get_Azure_us-west1 14368
Get_Thrift_Server_Storage_us-west1 14398
Get_Azure_us-west1 20737
Get_Thrift_Server_Storage_us-west1 20770
Get_Azure_us-west1 29779
Get_Thrift_Server_Storage_us-west1 29819
Get_Azure_us-west1 84954
Get_Thrift_Server_Storage_us-west1 84975
Get_Azure_us-west1 36982
Get_Thrift_Server_Storage_us-west1 37006
Get_Azure_us-west1 26733
Get_Thrift_Server_Storage_us-west1 26778
Get_Azure_us-west1 53971
Get_Thrift_Server_Storage_us-west1 54007
Get_Azure_us-west1 15687
Get_Thrift_Server_Storage_us-west1 15715
Get_Azure_us-west1 31970
Get_Thrift_Server_Storage_us-west1 32003
Get_Azure_us-west1 16994
Get_Thrift_Server_Storage_us-west1 17025
Get_Azure_us-west1 20530
Get_Thrift_Server_Storage_us-west1 20565
Get_Azure_us-west1 22394
Get_Thrift_Server_Storage_us-west1 22432
Get_Azure_us-west1 23609
Get_Thrift_Server_Storage_us-west1 23633
Get_Azure_us-west1 20142
Get_Thrift_Server_Storage_us-west1 20166
Get_Azure_us-west1 25766
Get_Thrift_Server_Storage_us-west1 25796
Get_Azure_us-west1 114732
Get_Thrift_Server_Storage_us-west1 114800
Get_Azure_us-west1 127581
Get_Thrift_Server_Storage_us-west1 127615
Get_Azure_us-west1 45909
Get_Thrift_Server_Storage_us-west1 45943
Get_Azure_us-west1 21292
Get_Thrift_Server_Storage_us-west1 21332
Get_Azure_us-west1 22363
Get_Thrift_Server_Storage_us-west1 22398
Get_Azure_us-west1 37875
Get_Thrift_Server_Storage_us-west1 37916
Get_Azure_us-west1 23786
Get_Thrift_Server_Storage_us-west1 23820
Get_Azure_us-west1 59489
Get_Thrift_Server_Storage_us-west1 59515
Get_Azure_us-west1 95196
Get_Thrift_Server_Storage_us-west1 95224
Get_Azure_us-west1 19855
Get_Thrift_Server_Storage_us-west1 19881
Get_Azure_us-west1 50999
Get_Thrift_Server_Storage_us-west1 51025
Get_Azure_us-west1 39412
Get_Thrift_Server_Storage_us-west1 39462
Get_Azure_us-west1 30035
Get_Thrift_Server_Storage_us-west1 30066
Get_Azure_us-west1 28281
Get_Thrift_Server_Storage_us-west1 28330
Get_Azure_us-west1 16549
Get_Thrift_Server_Storage_us-west1 16584
Get_Azure_us-west1 26531
Get_Thrift_Server_Storage_us-west1 26559
Get_Azure_us-west1 20948
Get_Thrift_Server_Storage_us-west1 20990
Get_Azure_us-west1 47682
Get_Thrift_Server_Storage_us-west1 47710
Get_Azure_us-west1 16613
Get_Thrift_Server_Storage_us-west1 16643
Get_Azure_us-west1 15360
Get_Thrift_Server_Storage_us-west1 15391
Get_Azure_us-west1 15424
Get_Thrift_Server_Storage_us-west1 15449
Get_Azure_us-west1 15430
Get_Thrift_Server_Storage_us-west1 15457
Get_Azure_us-west1 23073
Get_Thrift_Server_Storage_us-west1 23098
Get_Azure_us-west1 28976
Get_Thrift_Server_Storage_us-west1 29018
Get_Azure_us-west1 28808
Get_Thrift_Server_Storage_us-west1 28843
Get_Azure_us-west1 18639
Get_Thrift_Server_Storage_us-west1 18672
