main 204485
main 137473
main 147399
main 186070
main 200984
main 135801
main 148616
main 137863
main 135328
main 130868
main 130524
main 140184
main 129829
main 129573
main 149196
main 129561
main 132101
main 130012
main 157701
main 146756
main 131405
main 159767
main 138619
main 128516
main 134169
main 142781
main 128205
main 135854
main 143348
main 137263
main 131381
main 146929
main 132142
main 130762
main 140166
main 129113
main 203015
main 127411
main 130963
main 129487
main 145819
main 128766
main 138599
main 136882
main 136914
main 129455
main 128216
main 142544
main 130481
main 217468
main 130155
main 128885
main 130115
main 130702
main 144000
main 133115
main 135632
main 133213
main 138620
main 216786
main 129519
main 127527
main 128792
main 132548
main 130845
main 132028
main 128568
main 140360
main 160906
main 134291
main 137790
main 130169
main 129119
main 128770
main 131082
main 134788
main 128760
main 128388
main 133589
main 129695
main 129343
main 132353
main 127810
main 129472
main 129183
main 132426
main 134142
main 128768
main 130679
main 129502
main 130294
main 127533
main 128994
main 142043
main 133625
main 130690
main 141234
main 126711
main 131608
main 127713
