main 55765
main 37115
main 36782
main 36750
main 36899
main 36668
main 36989
main 37066
main 37612
main 36971
main 37091
main 37037
main 36677
main 36962
main 37002
main 36790
main 37052
main 36769
main 37062
main 37516
main 37209
main 36877
main 38647
main 36726
main 36765
main 37468
main 36878
main 37587
main 36353
main 36650
main 36760
main 36625
main 38963
main 37008
main 36710
main 36571
main 40024
main 36979
main 36695
main 37042
main 36780
main 36652
main 37325
main 37615
main 37241
main 37120
main 36914
main 36523
main 36219
main 36647
main 36431
main 36495
main 37384
main 36626
main 36552
main 36894
main 37765
main 36944
main 36603
main 37258
main 36251
main 36627
main 36896
main 36368
main 37028
main 36552
main 37029
main 37493
main 36087
main 37254
main 38403
main 37229
main 36629
main 37499
main 39637
main 36574
main 37019
main 36895
main 36324
main 36920
main 37430
main 36992
main 36400
main 36484
main 36750
main 36833
main 36518
main 36662
main 36573
main 37247
main 36836
main 37320
main 36987
main 37464
main 37429
main 36572
main 36851
main 36666
main 36449
main 37019
