main 247711
main 210510
main 203969
main 225277
main 203327
main 202707
main 258576
main 202785
main 211231
main 213289
main 205545
main 205283
main 208336
main 203105
main 215561
main 204737
main 202633
main 213423
main 202675
main 204821
main 209248
main 205240
main 205073
main 205293
main 207406
main 213241
main 203514
main 204521
main 209400
main 208391
main 204787
main 203391
main 205445
main 202790
main 228327
main 212739
main 209262
main 202142
main 205592
main 205772
main 204169
main 207490
main 214248
main 205228
main 231282
main 202784
main 206330
main 231114
main 215500
main 206796
main 207511
main 239391
main 233920
main 206808
main 207307
main 200915
main 204148
main 204032
main 233383
main 226273
main 207278
main 213648
main 202379
main 211839
main 206303
main 204701
main 273959
main 204838
main 206584
main 203752
main 207313
main 211729
main 207290
main 212749
main 203325
main 206202
main 205097
main 205936
main 205716
main 205688
main 203215
main 205012
main 201553
main 201890
main 200814
main 202212
main 230785
main 202939
main 202161
main 200324
main 203973
main 199665
main 201863
main 203461
main 205270
main 205745
main 202188
main 204165
main 223272
main 204096
