main 250792
main 183159
main 182789
main 200998
main 216230
main 184740
main 188783
main 251754
main 185692
main 191242
main 190122
main 192231
main 180850
main 209873
main 190588
main 192878
main 190734
main 187518
main 235693
main 205715
main 187230
main 238600
main 270115
main 199420
main 185001
main 184310
main 188152
main 182221
main 203217
main 180160
main 187951
main 208424
main 185588
main 194953
main 184873
main 184211
main 183781
main 219601
main 184299
main 187917
main 183618
main 196255
main 187710
main 181337
main 238580
main 182341
main 194883
main 180089
main 182906
main 186437
main 191082
main 182725
main 199275
main 195031
main 182156
main 226726
main 268175
main 177977
main 186264
main 180103
main 185419
main 178409
main 184607
main 194294
main 183513
main 186058
main 183722
main 185775
main 184696
main 178512
main 186689
main 224244
main 178820
main 221550
main 183210
main 198114
main 184765
main 177697
main 183953
main 181744
main 203278
main 179036
main 182185
main 186374
main 180243
main 182643
main 176488
main 185145
main 195461
main 186009
main 183288
main 178151
main 179673
main 185317
main 188203
main 179608
main 181358
main 198037
main 188144
main 181541
