main 57071
main 8599
main 9244
main 9032
main 10770
main 10280
main 9216
main 9248
main 9526
main 9152
main 8885
main 9139
main 8090
main 7705
main 8422
main 9199
main 8253
main 8016
main 8339
main 12402
main 8118
main 8006
main 7895
main 8718
main 33373
main 9323
main 10088
main 8253
main 9407
main 8347
main 8938
main 8682
main 10091
main 9989
main 8314
main 10070
main 8626
main 8590
main 9162
main 8899
main 8793
main 8167
main 8427
main 8316
main 18452
main 8419
main 8929
main 9020
main 8528
main 8326
main 9602
main 13821
main 8751
main 9122
main 8865
main 11341
main 9016
main 8361
main 7872
main 7561
main 12673
main 14806
main 8736
main 8872
main 9480
main 9522
main 8379
main 8741
main 8372
main 8210
main 8277
main 11075
main 9200
main 10107
main 8423
main 8198
main 9293
main 8215
main 8000
main 8814
main 9220
main 8071
main 8596
main 8021
main 8234
main 8570
main 8371
main 8793
main 7792
main 7962
main 7869
main 8105
main 8001
main 8001
main 10209
main 8446
main 9187
main 8297
main 9383
main 18016
