main 116637
main 88837
main 72603
main 80230
main 80106
main 78291
main 72063
main 73776
main 83710
main 68175
main 91991
main 84733
main 76794
main 76612
main 71251
main 72074
main 80674
main 75794
main 78287
main 75725
main 79112
main 67449
main 75767
main 76688
main 84879
main 78835
main 73387
main 83414
main 77287
main 71000
main 73561
main 80463
main 76841
main 73532
main 77394
main 72569
main 71920
main 79980
main 84094
main 78213
main 78849
main 61815
main 68168
main 137116
main 79166
main 62004
main 76336
main 73317
main 67489
main 76023
main 73384
main 60888
main 58050
main 60879
main 96968
main 66158
main 64602
main 64933
main 68700
main 73893
main 73350
main 57499
main 55832
main 63376
main 70712
main 57802
main 65080
main 62353
main 86219
main 79891
main 61408
main 62220
main 63859
main 84845
main 75723
main 60682
main 67286
main 75604
main 65322
main 70992
main 65478
main 73009
main 62599
main 58897
main 78684
main 62803
main 65235
main 82115
main 61233
main 77772
main 58635
main 122913
main 65833
main 69492
main 79872
main 74688
main 69267
main 58593
main 72554
main 67237
