main 281567
main 283930
main 255769
main 287463
main 241981
main 253885
main 284312
main 265314
main 268706
main 312718
main 320389
main 241692
main 336745
main 254693
main 294647
main 285844
main 241501
main 232612
main 228548
main 233244
main 252440
main 238638
main 232342
main 238262
main 284573
main 255894
main 278884
main 354506
main 240317
main 234880
main 317676
main 248788
main 326842
main 267928
main 265146
main 242430
main 262090
main 265748
main 261098
main 230684
main 235287
main 269054
main 260072
main 277413
main 327358
main 242298
main 255071
main 228074
main 271619
main 227658
main 312611
main 301606
main 252544
main 261564
main 232320
main 319898
main 282934
main 257072
main 237538
main 246675
main 258046
main 271004
main 242511
main 280501
main 282256
main 269642
main 228165
main 231073
main 249804
main 230607
main 270367
main 247741
main 267687
main 279208
main 280517
main 265056
main 399776
main 316669
main 265762
main 264391
main 255910
main 262927
main 247341
main 227531
main 247564
main 266508
main 243384
main 256332
main 257574
main 237448
main 245196
main 259020
main 229211
main 266839
main 229802
main 261985
main 294671
main 245764
main 255488
main 271133
