main 511890
main 541730
main 539478
main 551291
main 532802
main 506159
main 503222
main 511949
main 521945
main 530746
main 583723
main 524025
main 590918
main 507153
main 489166
main 554159
main 546767
main 487416
main 516637
main 486697
main 516797
main 510913
main 486574
main 532923
main 532971
main 524590
main 503870
main 554819
main 516354
main 535308
main 607661
main 529851
main 487246
main 516093
main 520115
main 520580
main 463271
main 498447
main 481257
main 487846
main 476375
main 477291
main 519893
main 555721
main 545116
main 493594
main 542068
main 470803
main 489953
main 492057
main 475290
main 695562
main 568793
main 493304
main 541755
main 508714
main 527413
main 489458
main 577262
main 547881
main 535805
main 502552
main 528984
main 521785
main 520104
main 517846
main 653265
main 534019
main 596797
main 545248
main 494889
main 530677
main 542153
main 459355
main 489400
main 730811
main 531912
main 562947
main 570415
main 516800
main 589203
main 489014
main 526993
main 479484
main 536952
main 480605
main 538673
main 492892
main 470020
main 550630
main 511345
main 488513
main 708204
main 571247
main 530255
main 843259
main 496351
main 542187
main 496914
main 535545
