main 33595
main 16265
main 22168
main 63509
main 30432
main 23553
main 15806
main 23210
main 16201
main 17589
main 15374
main 15708
main 15429
main 33864
main 14924
main 30246
main 17149
main 14188
main 24804
main 16348
main 17325
main 45521
main 21436
main 15741
main 14866
main 15824
main 35607
main 15598
main 15263
main 15446
main 17339
main 14769
main 29053
main 17996
main 16161
main 23975
main 16187
main 14880
main 16941
main 17047
main 13966
main 21786
main 14906
main 17190
main 14391
main 30792
main 33682
main 34051
main 14524
main 18722
main 15504
main 15519
main 13894
main 17083
main 25971
main 16053
main 17518
main 29449
main 33975
main 16565
main 83897
main 17601
main 95910
main 35683
main 14510
main 16052
main 31113
main 20681
main 22757
main 33777
main 25917
main 18833
main 49652
main 55745
main 15010
main 19805
main 16399
main 29926
main 44093
main 31602
main 26766
main 13707
main 32846
main 14381
main 14079
main 16978
main 33327
main 14924
main 14991
main 15896
main 20418
main 15100
main 16037
main 15723
main 14169
main 14045
main 14624
main 14908
main 16220
main 32689
