main 35864
main 35103
main 35254
main 35557
main 35540
main 35754
main 35397
main 36358
main 35590
main 36041
main 35687
main 36041
main 35311
main 35268
main 36231
main 126515
main 35585
main 35280
main 36664
main 36160
main 36362
main 35797
main 35424
main 35463
main 35715
main 35619
main 35764
main 35244
main 35888
main 35285
main 35906
main 35863
main 35793
main 35882
main 36097
main 35325
main 35516
main 36194
main 35339
main 36113
main 36327
main 35509
main 38837
main 36048
main 35012
main 34912
main 35257
main 71891
main 35184
main 34966
main 36019
main 34851
main 34895
main 34904
main 35090
main 34934
main 35115
main 35356
main 35127
main 35447
main 35332
main 35293
main 35365
main 35252
main 35613
main 36450
main 35171
main 35206
main 35814
main 35643
main 35566
main 35236
main 34758
main 34981
main 35202
main 36412
main 35047
main 35189
main 35846
main 35567
main 36145
main 35630
main 35340
main 35536
main 35375
main 35180
main 35652
main 35060
main 35681
main 35373
main 35527
main 35583
main 35466
main 35379
main 35222
main 35204
main 35018
main 35457
main 35927
main 34705
