main 455252
main 441432
main 454290
main 463542
main 439030
main 433044
main 440292
main 442908
main 436209
main 471358
main 471000
main 469012
main 425172
main 479753
main 423647
main 461194
main 475432
main 426048
main 427267
main 421721
main 448286
main 584789
main 427498
main 487412
main 642471
main 501127
main 496577
main 459395
main 432559
main 435717
main 460248
main 442262
main 1799202
main 491723
main 418705
main 467813
main 436185
main 472947
main 432984
main 439577
main 451848
main 444415
main 604130
main 457732
main 471741
main 483947
main 455082
main 470653
main 445040
main 464863
main 469701
main 479077
main 428287
main 456668
main 435996
main 480812
main 620736
main 430892
main 422942
main 512389
main 597384
main 420830
main 478598
main 424112
main 491307
main 425917
main 484379
main 566745
main 423318
main 430622
main 444754
main 452249
main 495692
main 506088
main 483352
main 484759
main 441320
main 451724
main 461692
main 469458
main 467511
main 467734
main 505231
main 435565
main 430375
main 471395
main 506789
main 432693
main 484379
main 478654
main 485402
main 443331
main 456437
main 431101
main 463133
main 481860
main 456789
main 449755
main 467460
main 432898
