main 54997
main 28417
main 19374
main 35632
main 31250
main 24001
main 19503
main 21477
main 19499
main 25241
main 30959
main 24746
main 19287
main 19650
main 21880
main 20246
main 20576
main 29511
main 19724
main 17707
main 20121
main 33804
main 21522
main 20677
main 28092
main 19780
main 42223
main 19043
main 29045
main 34115
main 20370
main 22867
main 21320
main 20861
main 21018
main 30587
main 22630
main 69017
main 27716
main 21050
main 33514
main 21253
main 20962
main 22480
main 31809
main 23748
main 40000
main 21977
main 31939
main 34976
main 18605
main 20864
main 21300
main 19390
main 18330
main 29924
main 40872
main 20742
main 21132
main 20735
main 22690
main 21315
main 24726
main 19330
main 24462
main 20712
main 22214
main 29667
main 27785
main 20063
main 20835
main 20377
main 23100
main 19892
main 37188
main 39299
main 18919
main 19023
main 21533
main 49367
main 23075
main 23399
main 19674
main 26879
main 38868
main 24574
main 21882
main 36403
main 22029
main 19737
main 20956
main 22969
main 44481
main 23171
main 39569
main 33217
main 27070
main 20163
main 18937
main 21760
