main 100366
main 98514
main 99191
main 101418
main 98429
main 99719
main 100396
main 100224
main 97899
main 99118
main 100671
main 98705
main 98689
main 98863
main 99426
main 100065
main 98704
main 99358
main 99624
main 99544
main 191563
main 99722
main 99604
main 98229
main 98418
main 99148
main 99325
main 100888
main 98861
main 99337
main 252886
main 100745
main 100471
main 100050
main 99175
main 99163
main 98934
main 99749
main 99321
main 98301
main 99631
main 99923
main 100182
main 100447
main 99764
main 98981
main 99413
main 99480
main 99115
main 100504
main 99328
main 99846
main 100108
main 99661
main 99838
main 98862
main 98772
main 99914
main 99041
main 99984
main 99870
main 99604
main 100530
main 100500
main 99633
main 110581
main 100332
main 99048
main 120244
main 99214
main 99488
main 100701
main 99520
main 99467
main 100719
main 99269
main 99364
main 100780
main 100169
main 99223
main 100409
main 98693
main 98403
main 103335
main 99093
main 98540
main 98331
main 98474
main 99872
main 99935
main 99016
main 98502
main 98826
main 99938
main 98355
main 100090
main 98365
main 98187
main 100137
main 99111
