main 77793
main 45431
main 35369
main 54469
main 38974
main 68653
main 36785
main 40163
main 33920
main 33494
main 41047
main 36495
main 34087
main 33797
main 55138
main 37089
main 46705
main 33782
main 34624
main 34194
main 32128
main 38107
main 33304
main 33670
main 32778
main 37115
main 37525
main 35098
main 35233
main 38993
main 37667
main 33075
main 32708
main 36297
main 36499
main 37709
main 34544
main 33744
main 34219
main 30713
main 35911
main 65080
main 31041
main 29841
main 30351
main 38514
main 32309
main 30640
main 33009
main 29168
main 34284
main 31228
main 29088
main 32834
main 32541
main 38453
main 29527
main 31214
main 31910
main 31202
main 38091
main 30116
main 33279
main 32723
main 28920
main 40481
main 31907
main 30092
main 60485
main 27749
main 34296
main 29623
main 29158
main 28867
main 40765
main 33135
main 30915
main 31285
main 30327
main 29245
main 45035
main 38904
main 33292
main 30964
main 28340
main 39358
main 55853
main 31528
main 31439
main 31836
main 38032
main 27728
main 31976
main 37270
main 55788
main 34522
main 33084
main 27997
main 32232
main 30660
