main 1300715
main 1290978
main 1296874
main 1368296
main 1198394
main 1295824
main 1191271
main 1438475
main 1287973
main 1285482
main 1282191
main 1493313
main 1287713
main 1299459
main 1307348
main 1181682
main 1394029
main 1277164
main 1188204
main 1284246
main 1286684
main 1296687
main 1291524
main 1295338
main 1302418
main 1209774
main 1299175
main 1288000
main 1281357
main 1309370
main 1293028
main 1403034
main 1351589
main 1639410
main 1297013
main 1357108
main 1177393
main 1233984
main 1296216
main 1294657
main 1305185
main 1288253
main 1375983
main 1292704
main 1281142
main 1304530
main 1305788
main 1279008
main 1309191
main 1538523
main 1295644
main 1303060
main 1301674
main 1186631
main 1328571
main 1287506
main 1426398
main 1354931
main 1624222
main 1285487
main 1187626
main 1295330
main 1293834
main 1288214
main 1297416
main 1291173
main 1278256
main 1281816
main 1315582
main 1252007
main 1294116
main 1349036
main 1303844
main 1288619
main 1199687
main 1229204
main 1295561
main 1316230
main 1284074
main 1296311
main 1306560
main 1289093
main 1183479
main 1390984
main 1301253
main 1294833
main 1282503
main 1193067
main 1293993
main 1161324
main 1286704
main 1287496
main 1338418
main 1344618
main 1295728
main 1332119
main 1290291
main 1261759
main 1298160
main 1389757
