main 211444
main 251380
main 215759
main 202555
main 206914
main 217542
main 280915
main 212835
main 228006
main 221828
main 337174
main 210415
main 226462
main 246824
main 200178
main 209048
main 227995
main 200248
main 335134
main 227220
main 226410
main 234474
main 259112
main 248746
main 229120
main 202069
main 217688
main 216721
main 241370
main 206097
main 237903
main 237482
main 251356
main 228769
main 219517
main 242556
main 235534
main 237002
main 224339
main 207435
main 215014
main 217280
main 203236
main 213922
main 229250
main 204210
main 206751
main 247442
main 219591
main 219600
main 230258
main 220224
main 200963
main 211033
main 214950
main 204256
main 199233
main 417181
main 271674
main 202621
main 210651
main 267694
main 361834
main 242887
main 263452
main 227642
main 202901
main 256437
main 216683
main 206419
main 240834
main 234771
main 240137
main 220107
main 203385
main 242737
main 281217
main 224651
main 203079
main 220266
main 205398
main 215908
main 224637
main 224549
main 219207
main 236135
main 221645
main 249451
main 225329
main 198973
main 205329
main 237570
main 223381
main 284035
main 210966
main 215373
main 206457
main 233595
main 224086
main 201895
