main 288242
main 202082
main 204145
main 198276
main 213430
main 358498
main 263748
main 211207
main 228489
main 201725
main 206846
main 201434
main 201799
main 205221
main 373198
main 249165
main 222195
main 198371
main 276513
main 299325
main 267994
main 197010
main 201079
main 225522
main 207409
main 223047
main 200407
main 215919
main 237576
main 241358
main 203206
main 241407
main 327149
main 208312
main 259834
main 204449
main 294872
main 201178
main 287577
main 219401
main 199610
main 229307
main 205281
main 258954
main 217607
main 309103
main 201058
main 200647
main 425149
main 202646
main 201558
main 233215
main 199932
main 220921
main 363199
main 202677
main 199940
main 198222
main 201288
main 199607
main 202746
main 199901
main 204378
main 216952
main 198532
main 202855
main 214167
main 419881
main 202166
main 255086
main 328680
main 202886
main 251916
main 211593
main 196870
main 199173
main 223000
main 256200
main 202136
main 200897
main 199204
main 235328
main 203905
main 209524
main 253292
main 219371
main 381994
main 279100
main 222636
main 222338
main 238537
main 259287
main 257487
main 238914
main 201301
main 300957
main 241091
main 287562
main 279020
main 203764
