main 75408
main 56093
main 74390
main 56570
main 55523
main 73959
main 84326
main 83662
main 78446
main 55750
main 59140
main 113518
main 67515
main 80247
main 79135
main 56775
main 65654
main 60305
main 74783
main 61140
main 82614
main 89440
main 88736
main 91315
main 78065
main 62962
main 74334
main 56036
main 94971
main 173193
main 75946
main 79558
main 57898
main 55646
main 97051
main 63196
main 57047
main 61064
main 54502
main 91392
main 61874
main 60135
main 68703
main 70862
main 81231
main 56071
main 87906
main 68757
main 54729
main 59529
main 70695
main 217278
main 64208
main 56467
main 68616
main 59692
main 55256
main 96620
main 76499
main 53439
main 73744
main 76713
main 73304
main 55880
main 60109
main 59830
main 86918
main 55428
main 85635
main 56359
main 59829
main 55951
main 56310
main 67167
main 55394
main 56156
main 76248
main 64082
main 58097
main 61133
main 72819
main 96372
main 55768
main 68939
main 54207
main 66393
main 78993
main 81029
main 57232
main 76613
main 55300
main 54782
main 57191
main 70755
main 56044
main 96583
main 71408
main 83644
main 78138
main 54071
