main 220371
main 220556
main 207072
main 229717
main 226579
main 219228
main 205383
main 218873
main 193717
main 504601
main 211183
main 221652
main 220487
main 220702
main 208010
main 215175
main 207021
main 206346
main 220080
main 236650
main 230708
main 211871
main 224754
main 205617
main 222526
main 204839
main 207474
main 218208
main 208486
main 252105
main 205648
main 221343
main 206422
main 223899
main 230406
main 214457
main 221793
main 210227
main 208064
main 206848
main 223247
main 202631
main 206155
main 205712
main 205895
main 224298
main 636142
main 233152
main 216973
main 226547
main 230847
main 212003
main 204477
main 221295
main 193502
main 205367
main 214108
main 191388
main 223362
main 205584
main 216556
main 205149
main 218043
main 223181
main 207243
main 212744
main 233058
main 205094
main 205554
main 217425
main 213262
main 203657
main 236972
main 222961
main 216635
main 222719
main 221503
main 207286
main 202243
main 217948
main 216686
main 208106
main 207170
main 205498
main 216064
main 207151
main 204657
main 221873
main 219085
main 209505
main 202978
main 211585
main 211884
main 204717
main 205156
main 221924
main 207789
main 230262
main 215805
main 213940
