main 173648
main 118063
main 132621
main 118558
main 542894
main 133041
main 118374
main 118488
main 118374
main 134655
main 133298
main 133247
main 119096
main 134471
main 119137
main 132934
main 132411
main 117740
main 132923
main 132928
main 119028
main 132897
main 133103
main 134333
main 133330
main 117334
main 119164
main 132890
main 133582
main 117757
main 118651
main 118198
main 118494
main 132626
main 118960
main 117723
main 133085
main 132763
main 117460
main 133588
main 132789
main 133046
main 118032
main 133140
main 133276
main 133348
main 133274
main 117771
main 134701
main 133231
main 119224
main 150194
main 117992
main 132862
main 118560
main 134313
main 118913
main 133181
main 137658
main 133941
main 133204
main 118734
main 119662
main 134172
main 119299
main 118281
main 119431
main 133281
main 119307
main 133842
main 133874
main 133459
main 120707
main 133052
main 119403
main 133272
main 117550
main 118268
main 118368
main 133592
main 119060
main 138062
main 132638
main 117600
main 133459
main 118437
main 132811
main 133027
main 118360
main 117494
main 132771
main 133818
main 132579
main 117902
main 118043
main 132045
main 117388
main 132706
main 132427
main 117866
