main 636801
main 333829
main 334584
main 340595
main 314204
main 444517
main 355169
main 327227
main 500474
main 365545
main 315517
main 382814
main 326178
main 375489
main 431514
main 362890
main 361373
main 425970
main 355267
main 386737
main 328735
main 381117
main 337469
main 626242
main 390545
main 489712
main 362091
main 415494
main 336539
main 396417
main 465060
main 356115
main 328995
main 485372
main 423301
main 339187
main 879515
main 479312
main 375752
main 351698
main 438178
main 351075
main 320041
main 321871
main 331452
main 336746
main 454178
main 360892
main 344579
main 369834
main 528285
main 331916
main 317433
main 379257
main 327042
main 360616
main 375854
main 316541
main 334324
main 413698
main 381034
main 319072
main 352228
main 326251
main 460177
main 348480
main 333903
main 656798
main 331605
main 405201
main 345506
main 331988
main 330116
main 328075
main 332590
main 331307
main 535348
main 330998
main 341937
main 563669
main 393568
main 542900
main 342635
main 353745
main 335636
main 631807
main 352366
main 389569
main 527967
main 361215
main 609918
main 338668
main 353635
main 340385
main 474674
main 534975
main 324315
main 502013
main 335440
main 330091
