main 160445
main 141505
main 143169
main 142526
main 146540
main 142824
main 143846
main 143010
main 143042
main 157162
main 156928
main 142916
main 156980
main 169516
main 144036
main 187132
main 186458
main 155328
main 145895
main 157285
main 142609
main 157612
main 142720
main 143374
main 156949
main 141972
main 186787
main 142424
main 141365
main 157108
main 143104
main 144260
main 141832
main 142062
main 145106
main 187295
main 144036
main 146806
main 153412
main 138637
main 141705
main 138347
main 139425
main 182702
main 138035
main 174062
main 183363
main 138523
main 139064
main 183345
main 143449
main 141267
main 153639
main 152788
main 138124
main 142639
main 138929
main 152748
main 139096
main 153188
main 143237
main 167664
main 139446
main 138713
main 142061
main 153139
main 139268
main 152507
main 152208
main 141986
main 139272
main 138123
main 138173
main 138169
main 141957
main 140778
main 152732
main 139175
main 152865
main 141278
main 168312
main 138394
main 138153
main 138782
main 156494
main 137806
main 138871
main 140840
main 169057
main 145359
main 139429
main 138506
main 168976
main 139568
main 143134
main 139813
main 154743
main 153465
main 183489
main 156455
