main 311700
main 215578
main 227944
main 218424
main 223576
main 215373
main 217053
main 214897
main 217968
main 215448
main 216302
main 216561
main 216157
main 214952
main 215398
main 215805
main 215289
main 215283
main 216756
main 216969
main 215308
main 216502
main 215407
main 216002
main 216812
main 217193
main 218243
main 217687
main 219024
main 216725
main 215555
main 217225
main 214995
main 219198
main 217164
main 215714
main 219084
main 216359
main 219144
main 216998
main 215963
main 218251
main 215649
main 216890
main 215122
main 218760
main 215899
main 215573
main 255534
main 215410
main 215920
main 222772
main 216999
main 215969
main 253872
main 216278
main 215509
main 215711
main 215770
main 216183
main 216489
main 215439
main 217130
main 216744
main 219202
main 216495
main 275161
main 216592
main 214769
main 216062
main 215818
main 216019
main 217409
main 212981
main 213798
main 212429
main 215418
main 213384
main 215604
main 213853
main 213086
main 212711
main 212419
main 212233
main 242895
main 213300
main 213511
main 213763
main 214853
main 213328
main 215594
main 213687
main 213142
main 213275
main 212808
main 212321
main 214437
main 213451
main 212816
main 213609
