main 322920
main 287323
main 286467
main 327451
main 337921
main 332922
main 298863
main 316223
main 289806
main 337723
main 288240
main 291870
main 291245
main 284268
main 322217
main 294181
main 299566
main 288803
main 315977
main 293779
main 332369
main 315237
main 284418
main 302235
main 291105
main 296274
main 329857
main 327331
main 290370
main 286975
main 293895
main 323091
main 306042
main 283917
main 298736
main 285588
main 289451
main 323192
main 349862
main 295796
main 321982
main 313073
main 283650
main 289937
main 342746
main 287030
main 283660
main 284965
main 286600
main 282173
main 305194
main 292587
main 290164
main 288514
main 324944
main 322417
main 372660
main 322140
main 334717
main 287760
main 324836
main 293375
main 326074
main 284916
main 330814
main 287198
main 284712
main 498222
main 320736
main 285648
main 283112
main 281526
main 281876
main 284631
main 294952
main 397577
main 282613
main 285681
main 285603
main 286106
main 285278
main 284266
main 286278
main 304002
main 353088
main 319854
main 321597
main 283111
main 335266
main 281409
main 286332
main 325047
main 328295
main 287816
main 293394
main 290866
main 298500
main 286973
main 283895
main 322908
