main 456771
main 356712
main 349604
main 339967
main 363646
main 381011
main 343167
main 354883
main 375486
main 417970
main 337437
main 350187
main 342993
main 347484
main 346458
main 345671
main 385460
main 336513
main 354404
main 368030
main 343767
main 334419
main 341901
main 336984
main 338904
main 338204
main 347452
main 381262
main 371634
main 334764
main 382128
main 341954
main 387260
main 369361
main 439352
main 353777
main 333787
main 364850
main 333489
main 346639
main 413261
main 360551
main 363911
main 345269
main 342427
main 409531
main 412825
main 376166
main 333979
main 341475
main 333577
main 341822
main 342402
main 353844
main 329416
main 378748
main 349188
main 338174
main 336837
main 343390
main 368660
main 354238
main 506679
main 348801
main 353253
main 343170
main 329692
main 338948
main 348589
main 408199
main 375454
main 339800
main 341335
main 403420
main 338894
main 345686
main 389928
main 341471
main 348398
main 341114
main 335708
main 340828
main 351381
main 381540
main 339352
main 335618
main 371484
main 376405
main 353965
main 357437
main 391724
main 350366
main 354624
main 337157
main 364221
main 344571
main 340585
main 343340
main 370273
main 330009
