main 160580
main 157739
main 248538
main 228039
main 192451
main 155591
main 194590
main 153251
main 174647
main 200641
main 184119
main 151313
main 180367
main 150275
main 155838
main 169596
main 201705
main 201032
main 174845
main 198404
main 156604
main 195021
main 197626
main 171801
main 149530
main 196987
main 152129
main 203918
main 155360
main 178623
main 183515
main 157233
main 153748
main 154590
main 153169
main 187950
main 213502
main 171913
main 188066
main 233773
main 155679
main 154698
main 228089
main 221851
main 209256
main 179264
main 190300
main 151637
main 175231
main 165384
main 156187
main 159569
main 162901
main 251274
main 185509
main 191951
main 193242
main 169361
main 642696
main 228511
main 169395
main 199702
main 155199
main 177172
main 152166
main 153327
main 176005
main 167189
main 220149
main 189520
main 151674
main 199441
main 153443
main 153447
main 181097
main 169349
main 165927
main 154593
main 154620
main 167569
main 187669
main 222771
main 186195
main 158684
main 216819
main 179426
main 183473
main 168408
main 169921
main 157227
main 173145
main 154340
main 169230
main 199540
main 174570
main 186449
main 194158
main 176523
main 171896
main 154629
