main 87262
main 106977
main 86250
main 89123
main 85152
main 82570
main 85232
main 94677
main 83392
main 83301
main 84702
main 86178
main 87977
main 83588
main 84591
main 83170
main 84373
main 90534
main 84249
main 85095
main 87405
main 88405
main 85814
main 86845
main 85993
main 84296
main 86117
main 89228
main 86857
main 88553
main 84102
main 87313
main 93295
main 126483
main 87722
main 88209
main 84760
main 88157
main 88020
main 87675
main 85550
main 85224
main 84500
main 85934
main 85505
main 86358
main 84811
main 89979
main 106889
main 87819
main 88091
main 88648
main 84239
main 89414
main 152860
main 86489
main 84085
main 94558
main 89052
main 90527
main 85984
main 86280
main 85843
main 87972
main 86901
main 100765
main 87727
main 83473
main 89877
main 87546
main 86313
main 96061
main 83408
main 90929
main 168048
main 85514
main 85977
main 90783
main 86063
main 106273
main 84500
main 88684
main 85783
main 83281
main 88950
main 86567
main 86449
main 112609
main 101443
main 90348
main 117294
main 86273
main 115855
main 84968
main 88918
main 88610
main 86758
main 105572
main 88693
main 84307
