main 126412
main 230952
main 104122
main 63491
main 77941
main 58515
main 59398
main 76250
main 66036
main 65780
main 59346
main 88299
main 58361
main 61273
main 88799
main 75286
main 61472
main 59812
main 71210
main 83943
main 59904
main 76739
main 67064
main 79829
main 62473
main 97985
main 60454
main 63783
main 70244
main 58934
main 57458
main 90615
main 72714
main 58821
main 83039
main 62224
main 57366
main 75056
main 85420
main 87312
main 77871
main 60617
main 95143
main 80205
main 68811
main 56552
main 92694
main 65176
main 94747
main 58505
main 59785
main 81732
main 90243
main 69140
main 66252
main 69769
main 64550
main 58198
main 81153
main 59132
main 88858
main 65364
main 58309
main 82270
main 58971
main 59958
main 97395
main 71062
main 58850
main 58344
main 57698
main 82445
main 59326
main 58983
main 66175
main 111041
main 69133
main 57778
main 57836
main 57483
main 63263
main 170211
main 58804
main 62434
main 76468
main 94117
main 97698
main 93600
main 108618
main 62873
main 60644
main 201454
main 61347
main 91177
main 59989
main 58849
main 77936
main 58512
main 73747
main 87538
