main 128231
main 102369
main 240110
main 119954
main 119356
main 112840
main 102251
main 122922
main 103122
main 108825
main 101654
main 100374
main 103778
main 99820
main 101674
main 102163
main 102472
main 125425
main 100647
main 106951
main 101654
main 110558
main 100574
main 99618
main 100010
main 100648
main 102038
main 101461
main 101587
main 105485
main 98803
main 164557
main 101253
main 105461
main 101607
main 102285
main 103429
main 101240
main 99661
main 103166
main 100308
main 106274
main 102992
main 102141
main 101233
main 102137
main 102995
main 100558
main 99297
main 100086
main 99645
main 99722
main 105516
main 100572
main 100606
main 104345
main 220951
main 131454
main 99965
main 100762
main 103130
main 104853
main 101441
main 101149
main 102346
main 99593
main 119297
main 110607
main 101562
main 100198
main 100195
main 110129
main 103744
main 140172
main 103174
main 103538
main 102633
main 159829
main 98900
main 110645
main 102315
main 100363
main 112031
main 105335
main 107479
main 235804
main 98815
main 101657
main 100245
main 102390
main 103169
main 100564
main 99869
main 179949
main 123773
main 147565
main 103870
main 100144
main 102408
main 102974
