main 209887
main 209683
main 209765
main 211421
main 210705
main 210819
main 211287
main 210424
main 210272
main 211111
main 209904
main 210310
main 210092
main 211570
main 209792
main 210790
main 209236
main 209987
main 210197
main 209142
main 210463
main 209782
main 209570
main 209470
main 210745
main 210345
main 209522
main 210141
main 210573
main 210782
main 209910
main 210398
main 210210
main 210641
main 210126
main 210951
main 211884
main 210875
main 210132
main 210056
main 210657
main 210228
main 209912
main 209764
main 208846
main 210664
main 214865
main 209967
main 208825
main 209969
main 209445
main 213206
main 210999
main 209875
main 209621
main 210456
main 210095
main 211586
main 208939
main 208126
main 208805
main 208691
main 207812
main 207513
main 222371
main 210862
main 208010
main 207805
main 210470
main 211071
main 208216
main 212076
main 208248
main 208154
main 208937
main 208491
main 208316
main 208607
main 208356
main 208965
main 208230
main 208141
main 208208
main 207775
main 209997
main 208624
main 212503
main 211358
main 208232
main 208871
main 208721
main 208079
main 209008
main 208505
main 212873
main 208711
main 208682
main 211151
main 212360
main 213590
