main 142467
main 139602
main 131470
main 133079
main 134008
main 130885
main 129725
main 131212
main 130652
main 131751
main 131028
main 131559
main 132787
main 132235
main 133140
main 133040
main 138651
main 132939
main 132252
main 132111
main 132329
main 146340
main 260686
main 135671
main 141700
main 132833
main 131527
main 131132
main 132652
main 131264
main 131084
main 131481
main 133016
main 132245
main 145812
main 132706
main 132866
main 130703
main 130853
main 139108
main 132240
main 132625
main 130689
main 132174
main 129664
main 131529
main 130812
main 132158
main 131939
main 132914
main 131987
main 133130
main 149836
main 130645
main 139946
main 130392
main 131911
main 142268
main 152801
main 142747
main 130244
main 131475
main 132678
main 131047
main 131741
main 131114
main 132554
main 131655
main 131732
main 132518
main 131390
main 130244
main 133470
main 131104
main 133391
main 131500
main 131739
main 131488
main 131306
main 131768
main 142535
main 132956
main 131040
main 139936
main 132061
main 134348
main 133871
main 130860
main 131502
main 131942
main 130519
main 130413
main 130819
main 139608
main 133612
main 135260
main 130450
main 130167
main 133137
main 129393
