main 82289
main 81490
main 81784
main 81535
main 81889
main 82582
main 81777
main 82453
main 81927
main 82979
main 81913
main 82491
main 82311
main 81800
main 82072
main 81951
main 82316
main 82143
main 82218
main 81902
main 82469
main 82688
main 83344
main 82105
main 82756
main 82878
main 81972
main 81795
main 83320
main 82368
main 82635
main 81703
main 81944
main 83345
main 82141
main 82751
main 81899
main 82255
main 82864
main 82438
main 82390
main 83834
main 81984
main 82157
main 82252
main 82330
main 82272
main 83006
main 82191
main 82307
main 81990
main 82674
main 100608
main 82774
main 82345
main 82927
main 82847
main 82498
main 83474
main 82847
main 117056
main 83524
main 82393
main 82752
main 82964
main 82604
main 82411
main 82837
main 83213
main 82445
main 83178
main 83657
main 82870
main 82694
main 83003
main 82777
main 83046
main 83905
main 82766
main 82592
main 83050
main 82328
main 82967
main 82687
main 82542
main 82671
main 82368
main 83204
main 86178
main 84042
main 83415
main 82960
main 82993
main 87638
main 82938
main 82425
main 82416
main 82548
main 82890
main 82684
