main 672888
main 679559
main 663662
main 644971
main 677023
main 633654
main 622393
main 645158
main 633046
main 663343
main 636416
main 664976
main 633088
main 658159
main 653664
main 638495
main 631794
main 667178
main 640110
main 653142
main 645090
main 639754
main 627059
main 693072
main 623698
main 645186
main 644923
main 690644
main 634153
main 644557
main 638091
main 638023
main 678316
main 649157
main 645871
main 648115
main 635417
main 633893
main 636944
main 642849
main 664626
main 635881
main 641510
main 660063
main 626659
main 651654
main 673120
main 632084
main 634894
main 680959
main 625856
main 635537
main 637987
main 624345
main 640641
main 644835
main 633720
main 625932
main 655139
main 647124
main 629242
main 638973
main 693429
main 624986
main 642224
main 649397
main 663101
main 651038
main 671183
main 633334
main 647833
main 635014
main 625584
main 644205
main 636751
main 639337
main 635058
main 635362
main 632855
main 642383
main 636133
main 623988
main 654584
main 633428
main 640704
main 652433
main 632080
main 646683
main 627039
main 640141
main 751881
main 624083
main 648327
main 649929
main 641602
main 646794
main 645861
main 652343
main 626155
main 640588
