main 105357
main 65712
main 65417
main 66483
main 65582
main 65798
main 66325
main 65511
main 65416
main 65662
main 66203
main 65830
main 65966
main 65638
main 65694
main 66735
main 65844
main 66231
main 66281
main 65814
main 65380
main 65719
main 65452
main 65971
main 66249
main 65363
main 65585
main 65815
main 65324
main 65720
main 66315
main 65960
main 66463
main 65971
main 66290
main 65429
main 65446
main 66804
main 66058
main 66173
main 65985
main 65271
main 66240
main 65696
main 65278
main 66069
main 66567
main 66804
main 66961
main 66413
main 66439
main 66506
main 65768
main 66417
main 65904
main 66747
main 65753
main 65693
main 66372
main 66710
main 67225
main 66024
main 66782
main 67176
main 66136
main 67653
main 66409
main 66151
main 66148
main 65659
main 65952
main 65752
main 65931
main 66031
main 65827
main 65620
main 65609
main 65343
main 65853
main 65923
main 66321
main 65309
main 65018
main 65582
main 65575
main 66054
main 65858
main 65884
main 65646
main 65825
main 65954
main 65337
main 65804
main 65647
main 65666
main 65883
main 65206
main 65454
main 65977
main 65220
