main 258157
main 242214
main 275742
main 264259
main 240369
main 247166
main 242447
main 257562
main 243685
main 299566
main 373083
main 239079
main 270032
main 286751
main 268267
main 247219
main 267817
main 259873
main 303991
main 1575847
main 380158
main 258959
main 245047
main 256550
main 251004
main 252796
main 239670
main 242317
main 244690
main 249057
main 241593
main 240020
main 331870
main 250984
main 360547
main 284485
main 304826
main 254541
main 262286
main 269174
main 313319
main 345072
main 260064
main 316170
main 242365
main 246949
main 259143
main 265812
main 274312
main 255764
main 274758
main 276024
main 302155
main 239250
main 255663
main 262390
main 291242
main 252477
main 251146
main 261462
main 245850
main 242838
main 258474
main 246588
main 351555
main 283053
main 245678
main 282766
main 575489
main 259514
main 245756
main 251840
main 242781
main 254747
main 259374
main 350486
main 244392
main 277105
main 277933
main 343391
main 241654
main 312603
main 352703
main 277750
main 253336
main 321937
main 290497
main 253827
main 362825
main 255676
main 255750
main 263851
main 257512
main 240383
main 241593
main 277980
main 238559
main 244499
main 248500
main 258478
