main 374238
main 364188
main 375882
main 368480
main 446129
main 464795
main 374250
main 462485
main 371013
main 427155
main 374800
main 429844
main 378166
main 386034
main 370064
main 391722
main 379779
main 364126
main 361483
main 425566
main 372699
main 513071
main 422131
main 506927
main 459186
main 553999
main 440062
main 616443
main 483829
main 554535
main 382739
main 395384
main 494519
main 416470
main 416634
main 372009
main 551254
main 614602
main 515212
main 397765
main 702365
main 388868
main 408100
main 456278
main 392664
main 653389
main 373730
main 380004
main 484579
main 630842
main 372091
main 396616
main 477524
main 503970
main 449977
main 577723
main 405192
main 369278
main 421758
main 380743
main 394539
main 414707
main 601618
main 370880
main 366334
main 1241324
main 372263
main 633528
main 373654
main 364833
main 394565
main 389332
main 456190
main 383681
main 357685
main 403730
main 402711
main 379169
main 371399
main 384102
main 394649
main 376579
main 376086
main 432911
main 390164
main 392791
main 591967
main 422792
main 413377
main 382412
main 437594
main 390583
main 398741
main 363061
main 453527
main 362490
main 397374
main 403464
main 733235
main 445448
