main 62671
main 52361
main 40743
main 58109
main 50020
main 54364
main 58627
main 62318
main 65927
main 51686
main 46996
main 49030
main 34205
main 56346
main 35967
main 48469
main 104612
main 32421
main 52244
main 40988
main 35310
main 44636
main 69495
main 52172
main 49016
main 48453
main 56669
main 56405
main 59166
main 52802
main 54409
main 37313
main 39655
main 54253
main 69722
main 33371
main 57396
main 39640
main 54968
main 39590
main 55968
main 60718
main 37090
main 51302
main 37702
main 48215
main 60784
main 57759
main 75958
main 61306
main 53321
main 49791
main 36839
main 53400
main 38574
main 34595
main 53170
main 46118
main 53727
main 49972
main 56946
main 37355
main 44702
main 62893
main 37088
main 57051
main 43057
main 36903
main 77760
main 53574
main 58395
main 64132
main 37031
main 78647
main 40508
main 70403
main 53452
main 53921
main 45325
main 53144
main 46720
main 38650
main 62073
main 37107
main 61839
main 82314
main 42475
main 36321
main 55053
main 42233
main 70355
main 47358
main 45255
main 42516
main 35636
main 55232
main 37762
main 70971
main 57620
main 41698
