main 7122
main 6853
main 7020
main 7006
main 8035
main 7829
main 7672
main 6253
main 7000
main 15673
main 7297
main 6729
main 6745
main 6883
main 7000
main 7241
main 6783
main 7148
main 6356
main 6802
main 6119
main 7125
main 7221
main 6990
main 17819
main 7357
main 6625
main 6806
main 6644
main 7176
main 7550
main 6974
main 8936
main 7305
main 6294
main 9768
main 8760
main 8072
main 8147
main 6752
main 8608
main 7885
main 6861
main 7306
main 7064
main 7373
main 7241
main 7320
main 7005
main 6520
main 9441
main 6976
main 7161
main 7881
main 7132
main 6242
main 7016
main 7069
main 6402
main 7873
main 37448
main 7424
main 6946
main 6848
main 7566
main 6415
main 6925
main 6670
main 7004
main 8134
main 7906
main 6241
main 7441
main 6570
main 7581
main 7146
main 6935
main 6818
main 7276
main 7380
main 6803
main 7865
main 7110
main 7642
main 7111
main 6866
main 17810
main 6419
main 6877
main 6624
main 18888
main 7896
main 7031
main 7511
main 6283
main 7378
main 6816
main 7424
main 6515
main 6601
