main 48216
main 9731
main 9704
main 33483
main 18042
main 10338
main 22066
main 9969
main 9535
main 8896
main 9147
main 9745
main 9729
main 9174
main 8958
main 14193
main 8669
main 9195
main 9546
main 8867
main 11133
main 9694
main 9399
main 9415
main 9186
main 9181
main 8237
main 10223
main 8926
main 8613
main 10056
main 8805
main 8836
main 9187
main 9027
main 9235
main 11551
main 9821
main 9537
main 9477
main 9701
main 9067
main 9466
main 9260
main 9360
main 10344
main 8772
main 8903
main 11021
main 8841
main 21196
main 34291
main 9076
main 8965
main 8634
main 8880
main 10323
main 54588
main 10851
main 16314
main 10169
main 9010
main 11144
main 9458
main 8726
main 13582
main 8458
main 8912
main 8934
main 9562
main 9445
main 9649
main 8581
main 9507
main 8772
main 9322
main 9120
main 9544
main 8838
main 8744
main 9088
main 12653
main 8843
main 15914
main 9069
main 8519
main 9351
main 9248
main 9244
main 9911
main 9663
main 14429
main 9103
main 8828
main 21691
main 15497
main 9289
main 21360
main 8725
main 8784
