main 1304632
main 1122611
main 1213013
main 1158068
main 1141238
main 1238257
main 1315100
main 1401256
main 1200306
main 1248275
main 1132238
main 1226039
main 1220433
main 1121260
main 1140508
main 1138211
main 1230529
main 1220231
main 1126231
main 1137579
main 1122918
main 1131464
main 1227289
main 1129123
main 1138610
main 1152750
main 1151534
main 1149496
main 1130052
main 1223378
main 1119999
main 1121597
main 1243717
main 1130535
main 1230330
main 1223536
main 1128747
main 1223620
main 1121858
main 1129054
main 1223742
main 1270769
main 1114110
main 1128549
main 1110816
main 1224856
main 1131466
main 1127596
main 1120709
main 1140320
main 1122619
main 1248427
main 1235273
main 1127798
main 1221348
main 1069065
main 1122147
main 1123065
main 1113366
main 1224792
main 1123579
main 1116063
main 1230986
main 1214450
main 1228260
main 1118738
main 1119557
main 1132828
main 1127414
main 1112366
main 1123556
main 1116469
main 1117449
main 1116095
main 1115572
main 1116265
main 1153004
main 1134872
main 1218038
main 1117974
main 1129914
main 1132329
main 1122914
main 1131243
main 1115500
main 1117696
main 1124558
main 1121072
main 1125185
main 1120394
main 1242948
main 1116490
main 1117184
main 1138938
main 1160450
main 1112504
main 1119277
main 1113442
main 1235945
main 1230320
