main 242965
main 197942
main 196203
main 246739
main 198634
main 200768
main 196777
main 200709
main 185701
main 202680
main 186964
main 200464
main 184328
main 197511
main 199950
main 261050
main 199053
main 206863
main 198449
main 202386
main 196849
main 244411
main 197798
main 186415
main 200023
main 197432
main 250007
main 195741
main 199832
main 244168
main 198765
main 198921
main 199364
main 184635
main 231938
main 201691
main 185766
main 184056
main 198829
main 241559
main 190677
main 228466
main 218694
main 188967
main 203655
main 200566
main 187305
main 176758
main 199932
main 188985
main 190101
main 174127
main 186573
main 198826
main 188437
main 188939
main 204017
main 192884
main 199493
main 186889
main 187190
main 174768
main 185559
main 183940
main 188436
main 184874
main 174042
main 191501
main 198607
main 171951
main 188294
main 191024
main 199199
main 246095
main 189348
main 216590
main 187408
main 189314
main 202193
main 260401
main 190263
main 188426
main 187177
main 203318
main 173931
main 187436
main 219688
main 208109
main 199262
main 187312
main 186582
main 187137
main 188242
main 196268
main 187130
main 186504
main 184760
main 213281
main 185397
main 175109
