main 12529
main 11647
main 31339
main 12041
main 11397
main 23845
main 12039
main 11136
main 13226
main 11530
main 11284
main 20188
main 12506
main 11092
main 13283
main 16003
main 11706
main 12584
main 11992
main 16356
main 23259
main 12092
main 11673
main 12720
main 18482
main 13146
main 13521
main 28708
main 11797
main 18250
main 11479
main 17173
main 13505
main 11155
main 56172
main 11116
main 13940
main 15383
main 12160
main 11316
main 12860
main 12108
main 11603
main 12766
main 12120
main 12541
main 13562
main 14158
main 11970
main 12134
main 10802
main 18757
main 11909
main 12128
main 11094
main 11339
main 23969
main 20331
main 12467
main 12309
main 12709
main 12678
main 11604
main 15169
main 12306
main 13696
main 12803
main 15471
main 34830
main 29103
main 12070
main 12184
main 14566
main 11958
main 11291
main 12421
main 11407
main 14834
main 13508
main 13731
main 10834
main 50211
main 11142
main 19015
main 15829
main 12347
main 12711
main 11364
main 11862
main 14853
main 17756
main 15105
main 12975
main 11937
main 12962
main 12702
main 10656
main 11723
main 11412
main 11675
