main 563824
main 529899
main 524845
main 525439
main 525180
main 528035
main 524985
main 525526
main 522399
main 530048
main 527308
main 525858
main 524132
main 525510
main 523734
main 529265
main 529317
main 526445
main 529628
main 528266
main 531826
main 525628
main 525162
main 528355
main 567752
main 528065
main 524500
main 525389
main 526266
main 526678
main 525286
main 536711
main 524795
main 526718
main 526290
main 525480
main 528771
main 523961
main 535553
main 523358
main 524345
main 525879
main 524106
main 525132
main 524300
main 525356
main 527174
main 528411
main 595906
main 524437
main 528742
main 525232
main 532687
main 526952
main 528157
main 525438
main 526557
main 537268
main 524732
main 525414
main 526908
main 535978
main 525707
main 526144
main 527249
main 529554
main 527704
main 525352
main 526420
main 524374
main 521727
main 525916
main 528435
main 528970
main 526090
main 528823
main 525389
main 526496
main 529478
main 546325
main 527882
main 524808
main 527674
main 528120
main 525519
main 527012
main 528132
main 529993
main 524230
main 524452
main 524946
main 544092
main 527279
main 526701
main 527600
main 526433
main 524692
main 526737
main 525695
main 528656
