main 418150
main 265015
main 287174
main 275825
main 269640
main 301549
main 274222
main 265003
main 268057
main 303690
main 266258
main 267211
main 266027
main 263165
main 263476
main 266780
main 283156
main 266675
main 264092
main 267744
main 268756
main 278392
main 263923
main 274612
main 271831
main 261115
main 266966
main 393790
main 265460
main 277500
main 267490
main 276151
main 271854
main 381924
main 261165
main 262096
main 282411
main 294630
main 264289
main 267786
main 271637
main 264076
main 266029
main 264547
main 285943
main 272417
main 273212
main 263281
main 277827
main 262075
main 299758
main 280379
main 276084
main 264043
main 273026
main 289343
main 271189
main 265561
main 265273
main 270240
main 260606
main 260110
main 267218
main 269095
main 273069
main 264008
main 265048
main 268123
main 321940
main 273075
main 272512
main 293767
main 262279
main 293930
main 268210
main 282072
main 261133
main 266839
main 275510
main 314176
main 268911
main 266439
main 257105
main 265975
main 254521
main 265466
main 261947
main 261128
main 266692
main 263302
main 257003
main 258158
main 269561
main 266997
main 255902
main 271182
main 276454
main 314243
main 262923
main 281388
