main 357225
main 338611
main 364680
main 344609
main 402058
main 363055
main 301883
main 310209
main 344122
main 357778
main 305942
main 339763
main 317803
main 472926
main 333510
main 336559
main 325993
main 435606
main 370918
main 331483
main 357725
main 459577
main 319300
main 457740
main 326657
main 309773
main 328087
main 330634
main 309262
main 380859
main 331039
main 335406
main 332323
main 307075
main 311657
main 343148
main 490593
main 313353
main 345151
main 449600
main 326557
main 346615
main 312664
main 973629
main 311909
main 365155
main 300220
main 406936
main 438884
main 399409
main 297427
main 319234
main 293447
main 313538
main 354192
main 298637
main 295523
main 324996
main 336751
main 290988
main 311451
main 332762
main 314546
main 369173
main 292720
main 291488
main 294596
main 316129
main 304270
main 343860
main 358832
main 305774
main 314026
main 304777
main 356707
main 282676
main 307144
main 311752
main 303130
main 303541
main 320858
main 310266
main 314558
main 303404
main 325496
main 347041
main 322549
main 477054
main 303758
main 294457
main 297691
main 316366
main 822790
main 645355
main 570949
main 533466
main 534832
main 562223
main 536296
main 528236
