main 794331
main 735051
main 807930
main 778497
main 834918
main 760067
main 785001
main 755193
main 738805
main 764727
main 740899
main 736907
main 739986
main 740075
main 740931
main 744746
main 742128
main 738356
main 736241
main 742949
main 738692
main 747127
main 737855
main 740443
main 743721
main 740984
main 738977
main 740123
main 743137
main 740167
main 738600
main 737202
main 737511
main 745592
main 738786
main 737002
main 742063
main 738787
main 740856
main 749194
main 736900
main 753204
main 740879
main 737755
main 739836
main 740285
main 740926
main 740588
main 741221
main 734403
main 739041
main 738643
main 735008
main 739375
main 738175
main 742571
main 737207
main 742005
main 758554
main 738105
main 740277
main 739068
main 744869
main 737518
main 745363
main 740073
main 739662
main 751120
main 742437
main 738198
main 739737
main 744652
main 743288
main 735226
main 735620
main 740478
main 741163
main 738108
main 739130
main 736632
main 737669
main 814497
main 741364
main 741773
main 742312
main 751343
main 740811
main 740228
main 744025
main 749010
main 741381
main 737924
main 738033
main 738546
main 850967
main 737867
main 808888
main 748633
main 738486
main 735815
