main 136632
main 168848
main 137058
main 130623
main 135673
main 157292
main 157585
main 127224
main 158485
main 134323
main 201439
main 139365
main 147868
main 147820
main 199344
main 165682
main 166943
main 168823
main 125951
main 206005
main 128016
main 127726
main 160666
main 128663
main 136468
main 130361
main 147208
main 129725
main 128311
main 127645
main 155004
main 154898
main 164487
main 239062
main 126990
main 163075
main 139985
main 127279
main 147489
main 136402
main 201902
main 132010
main 130959
main 140714
main 144947
main 133742
main 164272
main 147337
main 146265
main 147906
main 138205
main 128168
main 190449
main 125956
main 131188
main 130721
main 139564
main 131726
main 160077
main 127494
main 241707
main 131011
main 140560
main 250889
main 160720
main 304135
main 317674
main 379602
main 162565
main 127931
main 161430
main 279565
main 149535
main 330526
main 131029
main 331522
main 137800
main 466160
main 158890
main 128189
main 272269
main 129006
main 127077
main 141628
main 156522
main 125888
main 141663
main 136601
main 149545
main 128940
main 169894
main 155959
main 142165
main 197097
main 197705
main 247517
main 149218
main 126336
main 127823
main 158035
