main 36288
main 12419
main 12761
main 13060
main 13215
main 12918
main 12785
main 13069
main 11583
main 12172
main 13276
main 14180
main 14421
main 11697
main 15528
main 13101
main 11938
main 13005
main 13055
main 12559
main 15084
main 16406
main 14018
main 12421
main 13162
main 14579
main 12700
main 13095
main 14879
main 15314
main 20747
main 12405
main 13262
main 13028
main 14232
main 12492
main 12925
main 12929
main 12879
main 13097
main 13063
main 11872
main 61567
main 13161
main 11483
main 12779
main 11264
main 11564
main 11504
main 11972
main 14008
main 11644
main 11213
main 11864
main 11480
main 11749
main 10813
main 11427
main 12343
main 13760
main 18726
main 11722
main 11639
main 10907
main 11607
main 14153
main 12364
main 11521
main 13029
main 12833
main 15359
main 12244
main 13637
main 11788
main 13196
main 13086
main 12004
main 11196
main 11345
main 12724
main 14012
main 12307
main 12131
main 12056
main 14800
main 13276
main 11395
main 12485
main 14303
main 14154
main 12612
main 11926
main 12170
main 13439
main 11263
main 12649
main 13440
main 13608
main 12680
main 13634
