main 443629
main 380219
main 354361
main 366887
main 338352
main 334663
main 303367
main 393643
main 442660
main 347585
main 365393
main 335782
main 429091
main 318077
main 341418
main 383996
main 305735
main 343318
main 346498
main 320228
main 354983
main 360717
main 351650
main 356744
main 340549
main 330156
main 428877
main 370485
main 342564
main 349640
main 379969
main 364248
main 370655
main 356348
main 372888
main 367052
main 862212
main 366962
main 343727
main 341683
main 362458
main 345656
main 311040
main 314873
main 349419
main 342198
main 383441
main 411829
main 363875
main 354537
main 338136
main 337710
main 381499
main 348841
main 348768
main 334538
main 345406
main 353918
main 320092
main 419505
main 364867
main 420196
main 356365
main 324737
main 350906
main 361210
main 460001
main 356421
main 354651
main 336297
main 369436
main 337238
main 325557
main 452257
main 345550
main 373612
main 331426
main 364785
main 360360
main 367922
main 334914
main 337976
main 355505
main 380365
main 343895
main 347133
main 347103
main 388646
main 469881
main 343018
main 366332
main 311970
main 345535
main 354980
main 322180
main 361293
main 339183
main 310583
main 317454
main 378658
