main 10217
main 9788
main 12123
main 9770
main 10029
main 15088
main 11370
main 14901
main 20255
main 9607
main 10279
main 10768
main 9716
main 10697
main 15663
main 10509
main 10101
main 9943
main 10275
main 9590
main 9945
main 10709
main 12034
main 11463
main 9955
main 12855
main 11500
main 14615
main 11400
main 10757
main 34843
main 9441
main 9895
main 10272
main 10539
main 10077
main 9761
main 11039
main 11208
main 10309
main 9034
main 11273
main 10059
main 12903
main 10715
main 11261
main 10258
main 10867
main 10345
main 9191
main 11003
main 11359
main 9968
main 10741
main 9235
main 10410
main 9990
main 10655
main 11427
main 10175
main 11322
main 9141
main 13085
main 10578
main 16359
main 9426
main 9426
main 10596
main 10879
main 10287
main 10637
main 9984
main 9441
main 9767
main 11775
main 9176
main 10155
main 10664
main 9766
main 10004
main 10568
main 13138
main 9941
main 10329
main 9420
main 22096
main 14242
main 12120
main 12332
main 11649
main 15606
main 166616
main 12512
main 9490
main 10039
main 11167
main 11118
main 11239
main 9832
main 9572
