main 542369
main 534320
main 557519
main 519796
main 528608
main 535469
main 533319
main 541530
main 525042
main 533847
main 532180
main 552098
main 521867
main 522321
main 554659
main 535093
main 533698
main 574933
main 534015
main 521190
main 528426
main 522345
main 536352
main 544503
main 530659
main 526772
main 607645
main 541132
main 526654
main 525984
main 540323
main 565843
main 544024
main 565181
main 574272
main 559836
main 567479
main 600129
main 533445
main 534464
main 591448
main 556069
main 521520
main 526556
main 568661
main 550645
main 534427
main 521526
main 569504
main 528220
main 589384
main 523494
main 545836
main 542571
main 536344
main 529363
main 547900
main 535464
main 531213
main 533265
main 533129
main 533711
main 549705
main 766966
main 597923
main 543070
main 565224
main 578143
main 521067
main 648064
main 548465
main 589922
main 901895
main 698828
main 533295
main 683812
main 535143
main 523314
main 576885
main 536664
main 550535
main 557453
main 540914
main 522677
main 600338
main 550183
main 552689
main 529994
main 536991
main 534400
main 590887
main 522985
main 532612
main 529456
main 537889
main 517621
main 516896
main 539122
main 515613
main 531192
