main 226652
main 161065
main 187429
main 187878
main 191958
main 195190
main 252899
main 164910
main 162347
main 162266
main 162943
main 159547
main 163744
main 182598
main 165577
main 167136
main 166485
main 163518
main 176800
main 162976
main 163173
main 672024
main 160212
main 161224
main 295113
main 161447
main 161392
main 163818
main 167297
main 167899
main 160602
main 164253
main 160012
main 162995
main 160465
main 162569
main 161022
main 159854
main 159762
main 160276
main 185902
main 164633
main 200356
main 191487
main 162187
main 162250
main 159471
main 161734
main 159996
main 177065
main 159235
main 159399
main 163124
main 160728
main 160211
main 160351
main 163302
main 158971
main 159119
main 165270
main 160234
main 158174
main 163101
main 168327
main 192549
main 159272
main 159639
main 157709
main 181071
main 158787
main 183422
main 170041
main 160613
main 161640
main 159910
main 158874
main 161084
main 162412
main 158536
main 160402
main 160374
main 158316
main 162921
main 159481
main 159163
main 160364
main 159638
main 166670
main 160056
main 158714
main 158016
main 169411
main 195708
main 158937
main 167222
main 160754
main 181061
main 164826
main 160288
main 166197
