main 247177
main 89819
main 116135
main 88106
main 90887
main 95022
main 90340
main 90909
main 88545
main 133802
main 94461
main 94994
main 87029
main 103939
main 92734
main 126433
main 88754
main 90404
main 89271
main 89944
main 92839
main 89824
main 111905
main 90224
main 88803
main 93296
main 89037
main 87999
main 92823
main 92021
main 98121
main 92193
main 88860
main 88935
main 87505
main 91168
main 88587
main 90048
main 96862
main 91775
main 106979
main 96169
main 96757
main 94811
main 125743
main 87021
main 105339
main 104232
main 92127
main 89996
main 100604
main 88206
main 89561
main 87820
main 93177
main 139217
main 138964
main 88089
main 88322
main 89568
main 89738
main 89131
main 117794
main 93199
main 89811
main 91455
main 119472
main 85995
main 89577
main 89669
main 101457
main 95062
main 92654
main 89446
main 87624
main 88451
main 100322
main 99544
main 134652
main 87832
main 86089
main 88234
main 91293
main 89788
main 103891
main 105304
main 90038
main 92249
main 91378
main 90796
main 94030
main 85977
main 92456
main 85520
main 138331
main 90924
main 87136
main 110387
main 92926
main 138832
