main 434097
main 418258
main 419768
main 601936
main 434260
main 418851
main 417615
main 417484
main 431487
main 417776
main 422471
main 422062
main 422437
main 416826
main 416963
main 419518
main 419539
main 416923
main 416850
main 419984
main 415687
main 421053
main 420404
main 428427
main 418321
main 416998
main 417642
main 417971
main 416735
main 417223
main 418138
main 418507
main 416688
main 416928
main 416599
main 416047
main 417287
main 417445
main 428849
main 421015
main 416739
main 416117
main 418495
main 418672
main 418968
main 417179
main 417325
main 417073
main 422961
main 417599
main 416609
main 417903
main 419037
main 418911
main 416090
main 417124
main 417587
main 415506
main 419350
main 419889
main 416511
main 416565
main 417559
main 419692
main 416476
main 420967
main 416778
main 417520
main 419797
main 416929
main 417832
main 416802
main 416272
main 441995
main 417005
main 415975
main 416635
main 416310
main 444199
main 417715
main 417586
main 416154
main 415887
main 417927
main 417914
main 417393
main 416511
main 417404
main 445466
main 419414
main 418271
main 414735
main 415791
main 427861
main 418461
main 420336
main 416479
main 417328
main 416512
main 417092
