main 69551
main 21322
main 22900
main 25554
main 22944
main 22467
main 23465
main 23180
main 23592
main 22163
main 20887
main 21848
main 20665
main 27327
main 43496
main 24070
main 20722
main 21232
main 25038
main 21774
main 29772
main 22129
main 20401
main 21432
main 28606
main 22288
main 46632
main 22176
main 21976
main 23440
main 24687
main 20768
main 22054
main 22412
main 22067
main 19824
main 21065
main 21803
main 29136
main 19344
main 21718
main 19656
main 24920
main 19970
main 19817
main 25795
main 117204
main 19121
main 33967
main 22253
main 21191
main 21103
main 20662
main 19954
main 20007
main 23486
main 20732
main 20132
main 37110
main 19680
main 29260
main 19919
main 21347
main 20341
main 41663
main 21352
main 19820
main 19591
main 26086
main 19293
main 22048
main 20275
main 20066
main 18778
main 19875
main 20261
main 19221
main 19335
main 19737
main 19246
main 22264
main 20796
main 18923
main 19220
main 18309
main 20562
main 18555
main 19756
main 20023
main 20869
main 21622
main 18796
main 19547
main 19515
main 18615
main 24225
main 33822
main 23498
main 19906
main 17984
