main 1104101
main 884319
main 880162
main 862603
main 936742
main 1093025
main 957578
main 969417
main 876045
main 862373
main 859375
main 857947
main 857514
main 861558
main 862900
main 867048
main 960240
main 956130
main 956485
main 859009
main 862565
main 964861
main 961457
main 868654
main 905858
main 958417
main 883151
main 854683
main 858302
main 855302
main 955427
main 864438
main 860752
main 960915
main 862508
main 961494
main 856678
main 967772
main 959373
main 870051
main 967760
main 870760
main 864044
main 862909
main 877732
main 964528
main 860838
main 869894
main 860764
main 860959
main 863254
main 866340
main 860035
main 861137
main 856743
main 960097
main 968210
main 858508
main 868112
main 862013
main 979396
main 862148
main 871778
main 861847
main 862604
main 864915
main 964453
main 908238
main 964690
main 877035
main 859954
main 864177
main 860187
main 864304
main 959551
main 894935
main 866559
main 862599
main 860155
main 858655
main 862896
main 875199
main 859690
main 860248
main 861586
main 858282
main 862583
main 858272
main 858638
main 965500
main 858406
main 866383
main 957901
main 955167
main 959139
main 860386
main 860337
main 960957
main 859826
main 883396
