main 161198
main 151298
main 159916
main 150283
main 163919
main 169925
main 152957
main 151083
main 152810
main 150265
main 149380
main 149050
main 150109
main 156495
main 152568
main 152595
main 150401
main 149556
main 148738
main 153417
main 150349
main 164673
main 167914
main 165834
main 150258
main 149796
main 154899
main 148999
main 151732
main 155420
main 158323
main 151433
main 151119
main 150472
main 150908
main 152333
main 150174
main 165179
main 150470
main 151913
main 165662
main 152771
main 150585
main 163222
main 150422
main 151270
main 151110
main 152144
main 151214
main 151454
main 151402
main 170296
main 162755
main 167002
main 178472
main 168864
main 151519
main 150808
main 164751
main 150758
main 178768
main 151314
main 166131
main 150145
main 149958
main 150794
main 149359
main 149621
main 150057
main 171714
main 161202
main 151202
main 152353
main 162222
main 150856
main 151032
main 166775
main 152047
main 163282
main 149940
main 150867
main 151651
main 149191
main 151694
main 150874
main 150236
main 160624
main 154070
main 151287
main 150573
main 149855
main 149904
main 154262
main 152813
main 156178
main 161215
main 162735
main 152595
main 167297
main 152287
