main 1024119
main 952593
main 963362
main 970487
main 1104316
main 962229
main 942273
main 1064071
main 995448
main 956602
main 938794
main 957490
main 970293
main 959502
main 955843
main 940376
main 989890
main 968700
main 1011162
main 962017
main 960112
main 950016
main 962677
main 1040493
main 958493
main 954608
main 1114061
main 961941
main 973990
main 948655
main 958820
main 957812
main 1027457
main 940032
main 990088
main 998382
main 999934
main 1128233
main 970776
main 956058
main 960146
main 1074997
main 1087414
main 966983
main 972632
main 965130
main 952215
main 965962
main 966880
main 981463
main 965781
main 950890
main 954819
main 1017543
main 973622
main 957716
main 965649
main 966523
main 974379
main 962829
main 951768
main 971117
main 939709
main 962106
main 964275
main 967211
main 957620
main 941669
main 960644
main 965113
main 964777
main 953647
main 959504
main 958896
main 960237
main 974972
main 1062241
main 1105521
main 1057795
main 945921
main 962755
main 954997
main 955780
main 1060320
main 958534
main 959716
main 954797
main 956010
main 1136183
main 959494
main 960426
main 1009879
main 952552
main 953574
main 1024236
main 977471
main 965596
main 1328226
main 954665
main 966553
