main 870324
main 858402
main 844749
main 1029634
main 902075
main 859916
main 877955
main 967520
main 963206
main 873799
main 853489
main 850656
main 845287
main 860816
main 854500
main 854513
main 850266
main 832370
main 848671
main 846320
main 839813
main 839882
main 853118
main 880377
main 938912
main 856667
main 734316
main 849125
main 839811
main 848956
main 885646
main 855145
main 833250
main 846979
main 742288
main 838199
main 852941
main 845880
main 755971
main 862563
main 879077
main 848324
main 852117
main 980813
main 855282
main 850686
main 844574
main 851827
main 844844
main 846950
main 849953
main 859621
main 844960
main 845519
main 850908
main 852741
main 883475
main 854171
main 852624
main 869352
main 854220
main 1012346
main 851702
main 870921
main 843382
main 855409
main 849835
main 871250
main 855203
main 830637
main 847628
main 834545
main 849568
main 889742
main 852799
main 853945
main 849088
main 844819
main 866008
main 982424
main 855613
main 856376
main 915073
main 893046
main 849430
main 865839
main 848263
main 960924
main 849508
main 846223
main 852370
main 843235
main 841856
main 845374
main 849279
main 852250
main 843866
main 854869
main 848898
main 845488
