main 124701
main 84884
main 85471
main 84627
main 85317
main 83751
main 86761
main 84707
main 85351
main 85436
main 85378
main 84669
main 83459
main 84943
main 84377
main 84591
main 84740
main 84584
main 86575
main 83946
main 84279
main 84162
main 84023
main 83887
main 83204
main 83021
main 83633
main 84538
main 84163
main 85700
main 83838
main 83851
main 83809
main 84362
main 83975
main 84246
main 83948
main 84364
main 84352
main 83153
main 84022
main 83599
main 83824
main 82183
main 83208
main 84254
main 83087
main 83316
main 82181
main 82433
main 84633
main 83214
main 83235
main 83623
main 83130
main 83595
main 83390
main 82938
main 82925
main 83290
main 84433
main 83844
main 83840
main 83990
main 82876
main 84234
main 83582
main 83042
main 82455
main 83863
main 84807
main 83409
main 82917
main 82977
main 83608
main 84629
main 83386
main 82511
main 82868
main 84291
main 84633
main 83707
main 85865
main 84442
main 83947
main 84043
main 83967
main 83658
main 84986
main 84816
main 85692
main 84485
main 83824
main 83109
main 84559
main 83851
main 83027
main 82961
main 83288
main 83091
