Put_Azure_us-central 27604
Put_Thrift_Server_Storage_us-central 27863
Put_Azure_us-central 28070
Put_Thrift_Server_Storage_us-central 28173
Put_Azure_us-central 20873
Put_Thrift_Server_Storage_us-central 21001
Put_Azure_us-central 69382
Put_Thrift_Server_Storage_us-central 69527
Put_Azure_us-central 31516
Put_Thrift_Server_Storage_us-central 31635
Put_Azure_us-central 19694
Put_Thrift_Server_Storage_us-central 19847
Put_Azure_us-central 26270
Put_Thrift_Server_Storage_us-central 26371
Put_Azure_us-central 18466
Put_Thrift_Server_Storage_us-central 18589
Put_Azure_us-central 17796
Put_Thrift_Server_Storage_us-central 17921
Put_Azure_us-central 21993
Put_Thrift_Server_Storage_us-central 22107
Put_Azure_us-central 16567
Put_Thrift_Server_Storage_us-central 16678
Put_Azure_us-central 17587
Put_Thrift_Server_Storage_us-central 17716
Put_Azure_us-central 21283
Put_Thrift_Server_Storage_us-central 21395
Put_Azure_us-central 17344
Put_Thrift_Server_Storage_us-central 17479
Put_Azure_us-central 19354
Put_Thrift_Server_Storage_us-central 19467
Put_Azure_us-central 17192
Put_Thrift_Server_Storage_us-central 17291
Put_Azure_us-central 17842
Put_Thrift_Server_Storage_us-central 17950
Put_Azure_us-central 28125
Put_Thrift_Server_Storage_us-central 28276
Put_Azure_us-central 16968
Put_Thrift_Server_Storage_us-central 17073
Put_Azure_us-central 16834
Put_Thrift_Server_Storage_us-central 16950
Put_Azure_us-central 15664
Put_Thrift_Server_Storage_us-central 15771
Put_Azure_us-central 21644
Put_Thrift_Server_Storage_us-central 21751
Put_Azure_us-central 15965
Put_Thrift_Server_Storage_us-central 16116
Put_Azure_us-central 24227
Put_Thrift_Server_Storage_us-central 24388
Put_Azure_us-central 16625
Put_Thrift_Server_Storage_us-central 16762
Put_Azure_us-central 16722
Put_Thrift_Server_Storage_us-central 16855
Put_Azure_us-central 16855
Put_Thrift_Server_Storage_us-central 16984
Put_Azure_us-central 17360
Put_Thrift_Server_Storage_us-central 17498
Put_Azure_us-central 16708
Put_Thrift_Server_Storage_us-central 16835
Put_Azure_us-central 18622
Put_Thrift_Server_Storage_us-central 18765
Put_Azure_us-central 24232
Put_Thrift_Server_Storage_us-central 24362
Put_Azure_us-central 16494
Put_Thrift_Server_Storage_us-central 16631
Put_Azure_us-central 18139
Put_Thrift_Server_Storage_us-central 18292
Put_Azure_us-central 19558
Put_Thrift_Server_Storage_us-central 19684
Put_Azure_us-central 17147
Put_Thrift_Server_Storage_us-central 17260
Put_Azure_us-central 17354
Put_Thrift_Server_Storage_us-central 17519
Put_Azure_us-central 61797
Put_Thrift_Server_Storage_us-central 61917
Put_Azure_us-central 20936
Put_Thrift_Server_Storage_us-central 21047
Put_Azure_us-central 16600
Put_Thrift_Server_Storage_us-central 16700
Put_Azure_us-central 15534
Put_Thrift_Server_Storage_us-central 15670
Put_Azure_us-central 19360
Put_Thrift_Server_Storage_us-central 19486
Put_Azure_us-central 15165
Put_Thrift_Server_Storage_us-central 15272
Put_Azure_us-central 24836
Put_Thrift_Server_Storage_us-central 24943
Put_Azure_us-central 24149
Put_Thrift_Server_Storage_us-central 24258
Put_Azure_us-central 15023
Put_Thrift_Server_Storage_us-central 15153
Put_Azure_us-central 15766
Put_Thrift_Server_Storage_us-central 15889
Put_Azure_us-central 18220
Put_Thrift_Server_Storage_us-central 18323
Put_Azure_us-central 17989
Put_Thrift_Server_Storage_us-central 18117
Put_Azure_us-central 15232
Put_Thrift_Server_Storage_us-central 15337
Put_Azure_us-central 21523
Put_Thrift_Server_Storage_us-central 21627
Put_Azure_us-central 23864
Put_Thrift_Server_Storage_us-central 23969
Put_Azure_us-central 31240
Put_Thrift_Server_Storage_us-central 31375
Put_Azure_us-central 15030
Put_Thrift_Server_Storage_us-central 15160
Put_Azure_us-central 17000
Put_Thrift_Server_Storage_us-central 17113
Put_Azure_us-central 35644
Put_Thrift_Server_Storage_us-central 35756
Put_Azure_us-central 16798
Put_Thrift_Server_Storage_us-central 16903
Put_Azure_us-central 33241
Put_Thrift_Server_Storage_us-central 33370
Put_Azure_us-central 37086
Put_Thrift_Server_Storage_us-central 37229
Put_Azure_us-central 15277
Put_Thrift_Server_Storage_us-central 15406
Put_Azure_us-central 16489
Put_Thrift_Server_Storage_us-central 16609
Put_Azure_us-central 15621
Put_Thrift_Server_Storage_us-central 15756
Put_Azure_us-central 15992
Put_Thrift_Server_Storage_us-central 16097
Put_Azure_us-central 15865
Put_Thrift_Server_Storage_us-central 15970
Put_Azure_us-central 15665
Put_Thrift_Server_Storage_us-central 15759
Put_Azure_us-central 16972
Put_Thrift_Server_Storage_us-central 17078
Put_Azure_us-central 16155
Put_Thrift_Server_Storage_us-central 16262
Put_Azure_us-central 16355
Put_Thrift_Server_Storage_us-central 16483
Put_Azure_us-central 15927
Put_Thrift_Server_Storage_us-central 16024
Put_Azure_us-central 16416
Put_Thrift_Server_Storage_us-central 16511
Put_Azure_us-central 18613
Put_Thrift_Server_Storage_us-central 18758
Put_Azure_us-central 15442
Put_Thrift_Server_Storage_us-central 15574
Put_Azure_us-central 17800
Put_Thrift_Server_Storage_us-central 17913
Put_Azure_us-central 15990
Put_Thrift_Server_Storage_us-central 16098
Put_Azure_us-central 16637
Put_Thrift_Server_Storage_us-central 16788
Put_Azure_us-central 16247
Put_Thrift_Server_Storage_us-central 16353
Put_Azure_us-central 15575
Put_Thrift_Server_Storage_us-central 15709
Put_Azure_us-central 16135
Put_Thrift_Server_Storage_us-central 16277
Put_Azure_us-central 17021
Put_Thrift_Server_Storage_us-central 17150
Put_Azure_us-central 18721
Put_Thrift_Server_Storage_us-central 18847
Put_Azure_us-central 37887
Put_Thrift_Server_Storage_us-central 38047
Put_Azure_us-central 15665
Put_Thrift_Server_Storage_us-central 15772
Put_Azure_us-central 15487
Put_Thrift_Server_Storage_us-central 15623
Put_Azure_us-central 16185
Put_Thrift_Server_Storage_us-central 16313
Put_Azure_us-central 16050
Put_Thrift_Server_Storage_us-central 16186
Put_Azure_us-central 18141
Put_Thrift_Server_Storage_us-central 18247
Put_Azure_us-central 17218
Put_Thrift_Server_Storage_us-central 17320
Put_Azure_us-central 15284
Put_Thrift_Server_Storage_us-central 15386
Put_Azure_us-central 38006
Put_Thrift_Server_Storage_us-central 38136
Put_Azure_us-central 15295
Put_Thrift_Server_Storage_us-central 15408
Put_Azure_us-central 19511
Put_Thrift_Server_Storage_us-central 19670
Put_Azure_us-central 24059
Put_Thrift_Server_Storage_us-central 24222
Put_Azure_us-central 14690
Put_Thrift_Server_Storage_us-central 14793
Put_Azure_us-central 19408
Put_Thrift_Server_Storage_us-central 19907
Put_Azure_us-central 17064
Put_Thrift_Server_Storage_us-central 17204
Put_Azure_us-central 28577
Put_Thrift_Server_Storage_us-central 28694
Put_Azure_us-central 15419
Put_Thrift_Server_Storage_us-central 15557
Put_Azure_us-central 15926
Put_Thrift_Server_Storage_us-central 16064
Put_Azure_us-central 88977
Put_Thrift_Server_Storage_us-central 89093
Put_Azure_us-central 19228
Put_Thrift_Server_Storage_us-central 19331
Put_Azure_us-central 16155
Put_Thrift_Server_Storage_us-central 16270
Put_Azure_us-central 22064
Put_Thrift_Server_Storage_us-central 22194
Put_Azure_us-central 24009
Put_Thrift_Server_Storage_us-central 24116
Put_Azure_us-central 13958
Put_Thrift_Server_Storage_us-central 14070
Put_Azure_us-central 16042
Put_Thrift_Server_Storage_us-central 16150
Put_Azure_us-central 15568
Put_Thrift_Server_Storage_us-central 15729
Put_Azure_us-central 22033
Put_Thrift_Server_Storage_us-central 22149
Put_Azure_us-central 18256
Put_Thrift_Server_Storage_us-central 18363
Put_Azure_us-central 14981
Put_Thrift_Server_Storage_us-central 15082
Put_Azure_us-central 15002
Put_Thrift_Server_Storage_us-central 15100
Put_Azure_us-central 25710
Put_Thrift_Server_Storage_us-central 25830
Put_Azure_us-central 16580
Put_Thrift_Server_Storage_us-central 16692
Put_Azure_us-central 16186
Put_Thrift_Server_Storage_us-central 16289
Put_Azure_us-central 15063
Put_Thrift_Server_Storage_us-central 15172
Put_Azure_us-central 18423
Put_Thrift_Server_Storage_us-central 18518
Put_Azure_us-central 15120
Put_Thrift_Server_Storage_us-central 15218
Put_Azure_us-central 15486
Put_Thrift_Server_Storage_us-central 15585
Put_Azure_us-central 16598
Put_Thrift_Server_Storage_us-central 16696
Put_Azure_us-central 13925
Put_Thrift_Server_Storage_us-central 14100
Put_Azure_us-central 15852
Put_Thrift_Server_Storage_us-central 15962
Put_Azure_us-central 15779
Put_Thrift_Server_Storage_us-central 15912
Put_Azure_us-central 14534
Put_Thrift_Server_Storage_us-central 14713
Put_Azure_us-central 15459
Put_Thrift_Server_Storage_us-central 15582
Put_Azure_us-central 23031
Put_Thrift_Server_Storage_us-central 23180
Put_Azure_us-central 16280
Put_Thrift_Server_Storage_us-central 16396
Put_Azure_us-central 29073
Put_Thrift_Server_Storage_us-central 29189
Put_Azure_us-central 15256
Put_Thrift_Server_Storage_us-central 15383
Put_Azure_us-central 15531
Put_Thrift_Server_Storage_us-central 15642
Put_Azure_us-central 17108
Put_Thrift_Server_Storage_us-central 17220
Put_Azure_us-central 17964
Put_Thrift_Server_Storage_us-central 18089
Put_Azure_us-central 18062
Put_Thrift_Server_Storage_us-central 18170
Put_Azure_us-central 14926
Put_Thrift_Server_Storage_us-central 15024
Put_Azure_us-central 16527
Put_Thrift_Server_Storage_us-central 16651
Put_Azure_us-central 14277
Put_Thrift_Server_Storage_us-central 14412
Put_Azure_us-central 14836
Put_Thrift_Server_Storage_us-central 14963
Put_Azure_us-central 17648
Put_Thrift_Server_Storage_us-central 17752
Put_Azure_us-central 86121
Put_Thrift_Server_Storage_us-central 86240
Put_Azure_us-central 15673
Put_Thrift_Server_Storage_us-central 15823
Put_Azure_us-central 15685
Put_Thrift_Server_Storage_us-central 15827
Put_Azure_us-central 15878
Put_Thrift_Server_Storage_us-central 16009
Put_Azure_us-central 16123
Put_Thrift_Server_Storage_us-central 16241
Put_Azure_us-central 35970
Put_Thrift_Server_Storage_us-central 36074
Put_Azure_us-central 21402
Put_Thrift_Server_Storage_us-central 21525
Put_Azure_us-central 14046
Put_Thrift_Server_Storage_us-central 14174
Put_Azure_us-central 40527
Put_Thrift_Server_Storage_us-central 40656
Put_Azure_us-central 15819
Put_Thrift_Server_Storage_us-central 15927
Put_Azure_us-central 15277
Put_Thrift_Server_Storage_us-central 15381
Put_Azure_us-central 15232
Put_Thrift_Server_Storage_us-central 15336
Put_Azure_us-central 19545
Put_Thrift_Server_Storage_us-central 19718
Put_Azure_us-central 14347
Put_Thrift_Server_Storage_us-central 14489
Put_Azure_us-central 16911
Put_Thrift_Server_Storage_us-central 17024
Put_Azure_us-central 15045
Put_Thrift_Server_Storage_us-central 15185
Put_Azure_us-central 16167
Put_Thrift_Server_Storage_us-central 16310
Put_Azure_us-central 15092
Put_Thrift_Server_Storage_us-central 15239
Put_Azure_us-central 15936
Put_Thrift_Server_Storage_us-central 16086
Put_Azure_us-central 30975
Put_Thrift_Server_Storage_us-central 31117
Put_Azure_us-central 31942
Put_Thrift_Server_Storage_us-central 32146
Put_Azure_us-central 18172
Put_Thrift_Server_Storage_us-central 18335
Put_Azure_us-central 15159
Put_Thrift_Server_Storage_us-central 15328
Put_Azure_us-central 16121
Put_Thrift_Server_Storage_us-central 16227
Put_Azure_us-central 37429
Put_Thrift_Server_Storage_us-central 37551
Put_Azure_us-central 16150
Put_Thrift_Server_Storage_us-central 16253
Put_Azure_us-central 14401
Put_Thrift_Server_Storage_us-central 14526
Put_Azure_us-central 29287
Put_Thrift_Server_Storage_us-central 29416
Put_Azure_us-central 30567
Put_Thrift_Server_Storage_us-central 30675
Put_Azure_us-central 16401
Put_Thrift_Server_Storage_us-central 16511
Put_Azure_us-central 24064
Put_Thrift_Server_Storage_us-central 24166
Put_Azure_us-central 52197
Put_Thrift_Server_Storage_us-central 52371
Put_Azure_us-central 15116
Put_Thrift_Server_Storage_us-central 15227
Put_Azure_us-central 52851
Put_Thrift_Server_Storage_us-central 52986
Put_Azure_us-central 53121
Put_Thrift_Server_Storage_us-central 53263
Put_Azure_us-central 16097
Put_Thrift_Server_Storage_us-central 16204
Put_Azure_us-central 52428
Put_Thrift_Server_Storage_us-central 52526
Put_Azure_us-central 51131
Put_Thrift_Server_Storage_us-central 51258
Put_Azure_us-central 53577
Put_Thrift_Server_Storage_us-central 53676
Put_Azure_us-central 53703
Put_Thrift_Server_Storage_us-central 53835
Put_Azure_us-central 15334
Put_Thrift_Server_Storage_us-central 15439
Put_Azure_us-central 14834
Put_Thrift_Server_Storage_us-central 14939
Put_Azure_us-central 28999
Put_Thrift_Server_Storage_us-central 29095
Put_Azure_us-central 31732
Put_Thrift_Server_Storage_us-central 31829
Put_Azure_us-central 52453
Put_Thrift_Server_Storage_us-central 52563
Put_Azure_us-central 28488
Put_Thrift_Server_Storage_us-central 28597
Put_Azure_us-central 20081
Put_Thrift_Server_Storage_us-central 20238
Put_Azure_us-central 50576
Put_Thrift_Server_Storage_us-central 50687
Put_Azure_us-central 14998
Put_Thrift_Server_Storage_us-central 15119
Put_Azure_us-central 15966
Put_Thrift_Server_Storage_us-central 16100
Put_Azure_us-central 29079
Put_Thrift_Server_Storage_us-central 29214
Put_Azure_us-central 15442
Put_Thrift_Server_Storage_us-central 15572
Put_Azure_us-central 15116
Put_Thrift_Server_Storage_us-central 15244
Put_Azure_us-central 15845
Put_Thrift_Server_Storage_us-central 15977
Put_Azure_us-central 15686
Put_Thrift_Server_Storage_us-central 15814
Put_Azure_us-central 30501
Put_Thrift_Server_Storage_us-central 30630
Put_Azure_us-central 29096
Put_Thrift_Server_Storage_us-central 29218
Put_Azure_us-central 16419
Put_Thrift_Server_Storage_us-central 16556
Put_Azure_us-central 15608
Put_Thrift_Server_Storage_us-central 15776
Put_Azure_us-central 16587
Put_Thrift_Server_Storage_us-central 16720
Put_Azure_us-central 20681
Put_Thrift_Server_Storage_us-central 20788
Put_Azure_us-central 15850
Put_Thrift_Server_Storage_us-central 15958
Put_Azure_us-central 22778
Put_Thrift_Server_Storage_us-central 22900
Put_Azure_us-central 51972
Put_Thrift_Server_Storage_us-central 52081
Put_Azure_us-central 19035
Put_Thrift_Server_Storage_us-central 19131
Put_Azure_us-central 16218
Put_Thrift_Server_Storage_us-central 16395
Put_Azure_us-central 50357
Put_Thrift_Server_Storage_us-central 50492
Put_Azure_us-central 19278
Put_Thrift_Server_Storage_us-central 19417
Put_Azure_us-central 19659
Put_Thrift_Server_Storage_us-central 19785
Put_Azure_us-central 49980
Put_Thrift_Server_Storage_us-central 50090
Put_Azure_us-central 18253
Put_Thrift_Server_Storage_us-central 18388
Put_Azure_us-central 14257
Put_Thrift_Server_Storage_us-central 14402
Put_Azure_us-central 14111
Put_Thrift_Server_Storage_us-central 14274
Put_Azure_us-central 15251
Put_Thrift_Server_Storage_us-central 15396
Put_Azure_us-central 16774
Put_Thrift_Server_Storage_us-central 16884
Put_Azure_us-central 30855
Put_Thrift_Server_Storage_us-central 30981
Put_Azure_us-central 112241
Put_Thrift_Server_Storage_us-central 112378
Put_Azure_us-central 14197
Put_Thrift_Server_Storage_us-central 14297
Put_Azure_us-central 19518
Put_Thrift_Server_Storage_us-central 19681
Put_Azure_us-central 41934
Put_Thrift_Server_Storage_us-central 42093
Put_Azure_us-central 16056
Put_Thrift_Server_Storage_us-central 16188
Put_Azure_us-central 14775
Put_Thrift_Server_Storage_us-central 14885
Put_Azure_us-central 15956
Put_Thrift_Server_Storage_us-central 16061
Put_Azure_us-central 15341
Put_Thrift_Server_Storage_us-central 15472
Put_Azure_us-central 15548
Put_Thrift_Server_Storage_us-central 15647
Put_Azure_us-central 14974
Put_Thrift_Server_Storage_us-central 15106
Put_Azure_us-central 14290
Put_Thrift_Server_Storage_us-central 14392
Put_Azure_us-central 62704
Put_Thrift_Server_Storage_us-central 62833
Put_Azure_us-central 17332
Put_Thrift_Server_Storage_us-central 17462
Put_Azure_us-central 19557
Put_Thrift_Server_Storage_us-central 19690
Put_Azure_us-central 17822
Put_Thrift_Server_Storage_us-central 17953
Put_Azure_us-central 15963
Put_Thrift_Server_Storage_us-central 16071
Put_Azure_us-central 16928
Put_Thrift_Server_Storage_us-central 17068
Put_Azure_us-central 15446
Put_Thrift_Server_Storage_us-central 15551
Put_Azure_us-central 16841
Put_Thrift_Server_Storage_us-central 16973
Put_Azure_us-central 20352
Put_Thrift_Server_Storage_us-central 20459
Put_Azure_us-central 15062
Put_Thrift_Server_Storage_us-central 15220
Put_Azure_us-central 16993
Put_Thrift_Server_Storage_us-central 17132
Put_Azure_us-central 15889
Put_Thrift_Server_Storage_us-central 16012
Put_Azure_us-central 16332
Put_Thrift_Server_Storage_us-central 16447
Put_Azure_us-central 15956
Put_Thrift_Server_Storage_us-central 16078
Put_Azure_us-central 14438
Put_Thrift_Server_Storage_us-central 14569
Put_Azure_us-central 14644
Put_Thrift_Server_Storage_us-central 14764
Put_Azure_us-central 15127
Put_Thrift_Server_Storage_us-central 15226
Put_Azure_us-central 17212
Put_Thrift_Server_Storage_us-central 17310
Put_Azure_us-central 15082
Put_Thrift_Server_Storage_us-central 15240
Put_Azure_us-central 21575
Put_Thrift_Server_Storage_us-central 21677
Put_Azure_us-central 15565
Put_Thrift_Server_Storage_us-central 15666
Put_Azure_us-central 15778
Put_Thrift_Server_Storage_us-central 15885
Put_Azure_us-central 17079
Put_Thrift_Server_Storage_us-central 17188
Put_Azure_us-central 14469
Put_Thrift_Server_Storage_us-central 14577
Put_Azure_us-central 18144
Put_Thrift_Server_Storage_us-central 18261
Put_Azure_us-central 14875
Put_Thrift_Server_Storage_us-central 14983
Put_Azure_us-central 15567
Put_Thrift_Server_Storage_us-central 15669
Put_Azure_us-central 16333
Put_Thrift_Server_Storage_us-central 16431
Put_Azure_us-central 33326
Put_Thrift_Server_Storage_us-central 33431
Put_Azure_us-central 15064
Put_Thrift_Server_Storage_us-central 15173
Put_Azure_us-central 16740
Put_Thrift_Server_Storage_us-central 16841
Put_Azure_us-central 21018
Put_Thrift_Server_Storage_us-central 21119
Put_Azure_us-central 15868
Put_Thrift_Server_Storage_us-central 15972
Put_Azure_us-central 16520
Put_Thrift_Server_Storage_us-central 16656
Put_Azure_us-central 15030
Put_Thrift_Server_Storage_us-central 15158
Put_Azure_us-central 46783
Put_Thrift_Server_Storage_us-central 46887
Put_Azure_us-central 17009
Put_Thrift_Server_Storage_us-central 17108
Put_Azure_us-central 17605
Put_Thrift_Server_Storage_us-central 17726
Put_Azure_us-central 16241
Put_Thrift_Server_Storage_us-central 16349
Put_Azure_us-central 15309
Put_Thrift_Server_Storage_us-central 15429
Put_Azure_us-central 15339
Put_Thrift_Server_Storage_us-central 15474
Put_Azure_us-central 21501
Put_Thrift_Server_Storage_us-central 21622
Put_Azure_us-central 16287
Put_Thrift_Server_Storage_us-central 16399
Put_Azure_us-central 27849
Put_Thrift_Server_Storage_us-central 27964
Put_Azure_us-central 15795
Put_Thrift_Server_Storage_us-central 15955
Put_Azure_us-central 14991
Put_Thrift_Server_Storage_us-central 15090
Put_Azure_us-central 15737
Put_Thrift_Server_Storage_us-central 15839
Put_Azure_us-central 19205
Put_Thrift_Server_Storage_us-central 19313
Put_Azure_us-central 19919
Put_Thrift_Server_Storage_us-central 20023
Put_Azure_us-central 17067
Put_Thrift_Server_Storage_us-central 17173
Put_Azure_us-central 33240
Put_Thrift_Server_Storage_us-central 33374
Put_Azure_us-central 18757
Put_Thrift_Server_Storage_us-central 18902
Put_Azure_us-central 23403
Put_Thrift_Server_Storage_us-central 23532
Put_Azure_us-central 16268
Put_Thrift_Server_Storage_us-central 16430
Put_Azure_us-central 15999
Put_Thrift_Server_Storage_us-central 16115
Put_Azure_us-central 18184
Put_Thrift_Server_Storage_us-central 18303
Put_Azure_us-central 16085
Put_Thrift_Server_Storage_us-central 16231
Put_Azure_us-central 16833
Put_Thrift_Server_Storage_us-central 16980
Put_Azure_us-central 20343
Put_Thrift_Server_Storage_us-central 20487
Put_Azure_us-central 14895
Put_Thrift_Server_Storage_us-central 15033
Put_Azure_us-central 15780
Put_Thrift_Server_Storage_us-central 15889
Put_Azure_us-central 64012
Put_Thrift_Server_Storage_us-central 64149
Put_Azure_us-central 16440
Put_Thrift_Server_Storage_us-central 16564
Put_Azure_us-central 15153
Put_Thrift_Server_Storage_us-central 15252
Put_Azure_us-central 71284
Put_Thrift_Server_Storage_us-central 71389
Put_Azure_us-central 17404
Put_Thrift_Server_Storage_us-central 17548
Put_Azure_us-central 21835
Put_Thrift_Server_Storage_us-central 21965
Put_Azure_us-central 15436
Put_Thrift_Server_Storage_us-central 15564
Put_Azure_us-central 15440
Put_Thrift_Server_Storage_us-central 15550
Put_Azure_us-central 14964
Put_Thrift_Server_Storage_us-central 15083
Put_Azure_us-central 15824
Put_Thrift_Server_Storage_us-central 15961
Put_Azure_us-central 17385
Put_Thrift_Server_Storage_us-central 17520
Put_Azure_us-central 17418
Put_Thrift_Server_Storage_us-central 17533
Put_Azure_us-central 16020
Put_Thrift_Server_Storage_us-central 16121
Put_Azure_us-central 16491
Put_Thrift_Server_Storage_us-central 16647
Put_Azure_us-central 20606
Put_Thrift_Server_Storage_us-central 20735
Put_Azure_us-central 14149
Put_Thrift_Server_Storage_us-central 14251
Put_Azure_us-central 16717
Put_Thrift_Server_Storage_us-central 16853
Put_Azure_us-central 18135
Put_Thrift_Server_Storage_us-central 18261
Put_Azure_us-central 16347
Put_Thrift_Server_Storage_us-central 16462
Put_Azure_us-central 15788
Put_Thrift_Server_Storage_us-central 15906
Put_Azure_us-central 14970
Put_Thrift_Server_Storage_us-central 15071
Put_Azure_us-central 16193
Put_Thrift_Server_Storage_us-central 16309
Put_Azure_us-central 17710
Put_Thrift_Server_Storage_us-central 17811
Put_Azure_us-central 14717
Put_Thrift_Server_Storage_us-central 14883
Put_Azure_us-central 15439
Put_Thrift_Server_Storage_us-central 15615
Put_Azure_us-central 16053
Put_Thrift_Server_Storage_us-central 16168
Put_Azure_us-central 17062
Put_Thrift_Server_Storage_us-central 17185
Put_Azure_us-central 14333
Put_Thrift_Server_Storage_us-central 14443
Put_Azure_us-central 21052
Put_Thrift_Server_Storage_us-central 21184
Put_Azure_us-central 17211
Put_Thrift_Server_Storage_us-central 17356
Put_Azure_us-central 16274
Put_Thrift_Server_Storage_us-central 16885
Put_Azure_us-central 17919
Put_Thrift_Server_Storage_us-central 18049
Put_Azure_us-central 14292
Put_Thrift_Server_Storage_us-central 14413
Put_Azure_us-central 17666
Put_Thrift_Server_Storage_us-central 17763
Put_Azure_us-central 15238
Put_Thrift_Server_Storage_us-central 15345
Put_Azure_us-central 19405
Put_Thrift_Server_Storage_us-central 19512
Put_Azure_us-central 16195
Put_Thrift_Server_Storage_us-central 16302
Put_Azure_us-central 19794
Put_Thrift_Server_Storage_us-central 19903
Put_Azure_us-central 16946
Put_Thrift_Server_Storage_us-central 17081
Put_Azure_us-central 15462
Put_Thrift_Server_Storage_us-central 15560
Put_Azure_us-central 13855
Put_Thrift_Server_Storage_us-central 13952
Put_Azure_us-central 16043
Put_Thrift_Server_Storage_us-central 16207
Put_Azure_us-central 15363
Put_Thrift_Server_Storage_us-central 15496
Put_Azure_us-central 16547
Put_Thrift_Server_Storage_us-central 16655
Put_Azure_us-central 20917
Put_Thrift_Server_Storage_us-central 21026
Put_Azure_us-central 20484
Put_Thrift_Server_Storage_us-central 20599
Put_Azure_us-central 31111
Put_Thrift_Server_Storage_us-central 31217
Put_Azure_us-central 14785
Put_Thrift_Server_Storage_us-central 14883
Put_Azure_us-central 32179
Put_Thrift_Server_Storage_us-central 32293
Put_Azure_us-central 15243
Put_Thrift_Server_Storage_us-central 15369
Put_Azure_us-central 14773
Put_Thrift_Server_Storage_us-central 14872
Put_Azure_us-central 16107
Put_Thrift_Server_Storage_us-central 16222
Put_Azure_us-central 15032
Put_Thrift_Server_Storage_us-central 15171
Put_Azure_us-central 15348
Put_Thrift_Server_Storage_us-central 15459
Put_Azure_us-central 62832
Put_Thrift_Server_Storage_us-central 62975
Put_Azure_us-central 19322
Put_Thrift_Server_Storage_us-central 19427
Put_Azure_us-central 18094
Put_Thrift_Server_Storage_us-central 18225
Put_Azure_us-central 16098
Put_Thrift_Server_Storage_us-central 16221
Put_Azure_us-central 18851
Put_Thrift_Server_Storage_us-central 18987
Put_Azure_us-central 16288
Put_Thrift_Server_Storage_us-central 16384
Put_Azure_us-central 14891
Put_Thrift_Server_Storage_us-central 15039
Put_Azure_us-central 17648
Put_Thrift_Server_Storage_us-central 17761
Put_Azure_us-central 24536
Put_Thrift_Server_Storage_us-central 24668
Put_Azure_us-central 14229
Put_Thrift_Server_Storage_us-central 14338
Put_Azure_us-central 14355
Put_Thrift_Server_Storage_us-central 14455
Put_Azure_us-central 22303
Put_Thrift_Server_Storage_us-central 22441
Put_Azure_us-central 26618
Put_Thrift_Server_Storage_us-central 26735
Put_Azure_us-central 15876
Put_Thrift_Server_Storage_us-central 15978
Put_Azure_us-central 15017
Put_Thrift_Server_Storage_us-central 15134
Put_Azure_us-central 14832
Put_Thrift_Server_Storage_us-central 14935
Put_Azure_us-central 16770
Put_Thrift_Server_Storage_us-central 16877
Put_Azure_us-central 16773
Put_Thrift_Server_Storage_us-central 16879
Put_Azure_us-central 43966
Put_Thrift_Server_Storage_us-central 44084
Put_Azure_us-central 15710
Put_Thrift_Server_Storage_us-central 15823
Put_Azure_us-central 15201
Put_Thrift_Server_Storage_us-central 15300
Put_Azure_us-central 20471
Put_Thrift_Server_Storage_us-central 20571
Put_Azure_us-central 18391
Put_Thrift_Server_Storage_us-central 18496
Put_Azure_us-central 17705
Put_Thrift_Server_Storage_us-central 17823
Put_Azure_us-central 14645
Put_Thrift_Server_Storage_us-central 14777
Put_Azure_us-central 15821
Put_Thrift_Server_Storage_us-central 15942
Put_Azure_us-central 15355
Put_Thrift_Server_Storage_us-central 15484
Put_Azure_us-central 18722
Put_Thrift_Server_Storage_us-central 18824
Put_Azure_us-central 14346
Put_Thrift_Server_Storage_us-central 14457
Put_Azure_us-central 15204
Put_Thrift_Server_Storage_us-central 15341
Put_Azure_us-central 14487
Put_Thrift_Server_Storage_us-central 14598
Put_Azure_us-central 27974
Put_Thrift_Server_Storage_us-central 28072
Put_Azure_us-central 15005
Put_Thrift_Server_Storage_us-central 15128
Put_Azure_us-central 14474
Put_Thrift_Server_Storage_us-central 14602
Put_Azure_us-central 14861
Put_Thrift_Server_Storage_us-central 14996
Put_Azure_us-central 15624
Put_Thrift_Server_Storage_us-central 15725
Put_Azure_us-central 16679
Put_Thrift_Server_Storage_us-central 16827
Put_Azure_us-central 18943
Put_Thrift_Server_Storage_us-central 19051
Put_Azure_us-central 16144
Put_Thrift_Server_Storage_us-central 16282
Put_Azure_us-central 25766
Put_Thrift_Server_Storage_us-central 25904
Put_Azure_us-central 15800
Put_Thrift_Server_Storage_us-central 15907
Put_Azure_us-central 16276
Put_Thrift_Server_Storage_us-central 16431
Put_Azure_us-central 15769
Put_Thrift_Server_Storage_us-central 15867
Put_Azure_us-central 14231
Put_Thrift_Server_Storage_us-central 14360
Put_Azure_us-central 14673
Put_Thrift_Server_Storage_us-central 14810
Put_Azure_us-central 13771
Put_Thrift_Server_Storage_us-central 13881
Put_Azure_us-central 17495
Put_Thrift_Server_Storage_us-central 17604
Put_Azure_us-central 21650
Put_Thrift_Server_Storage_us-central 21761
Put_Azure_us-central 15468
Put_Thrift_Server_Storage_us-central 15570
Put_Azure_us-central 15808
Put_Thrift_Server_Storage_us-central 15910
Put_Azure_us-central 18156
Put_Thrift_Server_Storage_us-central 18285
Put_Azure_us-central 15541
Put_Thrift_Server_Storage_us-central 15669
Put_Azure_us-central 13855
Put_Thrift_Server_Storage_us-central 13998
Put_Azure_us-central 15778
Put_Thrift_Server_Storage_us-central 15888
Put_Azure_us-central 13804
Put_Thrift_Server_Storage_us-central 13914
Put_Azure_us-central 14732
Put_Thrift_Server_Storage_us-central 14869
Put_Azure_us-central 15264
Put_Thrift_Server_Storage_us-central 15371
Put_Azure_us-central 16898
Put_Thrift_Server_Storage_us-central 17016
Put_Azure_us-central 17133
Put_Thrift_Server_Storage_us-central 17239
Put_Azure_us-central 22075
Put_Thrift_Server_Storage_us-central 22195
Put_Azure_us-central 14207
Put_Thrift_Server_Storage_us-central 14323
Put_Azure_us-central 16518
Put_Thrift_Server_Storage_us-central 16623
Put_Azure_us-central 17521
Put_Thrift_Server_Storage_us-central 17623
Put_Azure_us-central 137678
Put_Thrift_Server_Storage_us-central 137795
Put_Azure_us-central 14842
Put_Thrift_Server_Storage_us-central 14947
Put_Azure_us-central 24817
Put_Thrift_Server_Storage_us-central 24927
Put_Azure_us-central 17430
Put_Thrift_Server_Storage_us-central 17535
Put_Azure_us-central 15834
Put_Thrift_Server_Storage_us-central 15934
Put_Azure_us-central 15315
Put_Thrift_Server_Storage_us-central 15888
Put_Azure_us-central 17517
Put_Thrift_Server_Storage_us-central 17648
Put_Azure_us-central 14142
Put_Thrift_Server_Storage_us-central 14272
Put_Azure_us-central 25114
Put_Thrift_Server_Storage_us-central 25255
Put_Azure_us-central 15081
Put_Thrift_Server_Storage_us-central 15183
Put_Azure_us-central 14764
Put_Thrift_Server_Storage_us-central 14909
Put_Azure_us-central 14847
Put_Thrift_Server_Storage_us-central 14969
Put_Azure_us-central 14293
Put_Thrift_Server_Storage_us-central 14392
Put_Azure_us-central 16538
Put_Thrift_Server_Storage_us-central 16704
Put_Azure_us-central 22275
Put_Thrift_Server_Storage_us-central 22414
Put_Azure_us-central 14506
Put_Thrift_Server_Storage_us-central 14646
Put_Azure_us-central 14840
Put_Thrift_Server_Storage_us-central 14940
Put_Azure_us-central 15579
Put_Thrift_Server_Storage_us-central 15684
Put_Azure_us-central 23039
Put_Thrift_Server_Storage_us-central 23140
Put_Azure_us-central 15990
Put_Thrift_Server_Storage_us-central 16089
Put_Azure_us-central 13805
Put_Thrift_Server_Storage_us-central 13967
Put_Azure_us-central 16238
Put_Thrift_Server_Storage_us-central 16352
Put_Azure_us-central 16834
Put_Thrift_Server_Storage_us-central 16948
Put_Azure_us-central 17455
Put_Thrift_Server_Storage_us-central 17581
Put_Azure_us-central 16649
Put_Thrift_Server_Storage_us-central 16773
Put_Azure_us-central 16101
Put_Thrift_Server_Storage_us-central 16224
Put_Azure_us-central 16597
Put_Thrift_Server_Storage_us-central 16702
Put_Azure_us-central 17195
Put_Thrift_Server_Storage_us-central 17302
Put_Azure_us-central 15945
Put_Thrift_Server_Storage_us-central 16044
Put_Azure_us-central 14292
Put_Thrift_Server_Storage_us-central 14408
Put_Azure_us-central 20208
Put_Thrift_Server_Storage_us-central 20335
Put_Azure_us-central 15713
Put_Thrift_Server_Storage_us-central 15837
Put_Azure_us-central 15310
Put_Thrift_Server_Storage_us-central 15443
Put_Azure_us-central 15967
Put_Thrift_Server_Storage_us-central 16087
Put_Azure_us-central 28728
Put_Thrift_Server_Storage_us-central 28834
Put_Azure_us-central 15576
Put_Thrift_Server_Storage_us-central 15684
Put_Azure_us-central 16804
Put_Thrift_Server_Storage_us-central 16900
Put_Azure_us-central 16304
Put_Thrift_Server_Storage_us-central 16403
Put_Azure_us-central 16578
Put_Thrift_Server_Storage_us-central 16727
Put_Azure_us-central 19212
Put_Thrift_Server_Storage_us-central 19345
Put_Azure_us-central 23054
Put_Thrift_Server_Storage_us-central 23184
Put_Azure_us-central 14548
Put_Thrift_Server_Storage_us-central 14681
Put_Azure_us-central 14188
Put_Thrift_Server_Storage_us-central 14311
Put_Azure_us-central 15401
Put_Thrift_Server_Storage_us-central 15540
Put_Azure_us-central 34827
Put_Thrift_Server_Storage_us-central 34982
Put_Azure_us-central 15505
Put_Thrift_Server_Storage_us-central 15629
Put_Azure_us-central 15333
Put_Thrift_Server_Storage_us-central 15472
Put_Azure_us-central 15899
Put_Thrift_Server_Storage_us-central 16031
Put_Azure_us-central 15908
Put_Thrift_Server_Storage_us-central 16012
Put_Azure_us-central 16456
Put_Thrift_Server_Storage_us-central 16606
Put_Azure_us-central 19215
Put_Thrift_Server_Storage_us-central 19336
Put_Azure_us-central 16933
Put_Thrift_Server_Storage_us-central 17054
Put_Azure_us-central 14087
Put_Thrift_Server_Storage_us-central 14212
Put_Azure_us-central 19227
Put_Thrift_Server_Storage_us-central 19359
Put_Azure_us-central 36051
Put_Thrift_Server_Storage_us-central 36199
Put_Azure_us-central 15292
Put_Thrift_Server_Storage_us-central 15415
Put_Azure_us-central 19042
Put_Thrift_Server_Storage_us-central 19187
Put_Azure_us-central 16141
Put_Thrift_Server_Storage_us-central 16278
Put_Azure_us-central 17515
Put_Thrift_Server_Storage_us-central 17627
Put_Azure_us-central 15367
Put_Thrift_Server_Storage_us-central 15504
Put_Azure_us-central 32285
Put_Thrift_Server_Storage_us-central 32410
Put_Azure_us-central 15547
Put_Thrift_Server_Storage_us-central 15674
Put_Azure_us-central 15013
Put_Thrift_Server_Storage_us-central 15146
Put_Azure_us-central 17219
Put_Thrift_Server_Storage_us-central 17358
Put_Azure_us-central 15512
Put_Thrift_Server_Storage_us-central 15617
Put_Azure_us-central 19182
Put_Thrift_Server_Storage_us-central 19283
Put_Azure_us-central 13985
Put_Thrift_Server_Storage_us-central 14089
Put_Azure_us-central 18448
Put_Thrift_Server_Storage_us-central 18567
Put_Azure_us-central 24010
Put_Thrift_Server_Storage_us-central 24165
Put_Azure_us-central 15004
Put_Thrift_Server_Storage_us-central 15151
Put_Azure_us-central 30364
Put_Thrift_Server_Storage_us-central 31140
Put_Azure_us-central 19066
Put_Thrift_Server_Storage_us-central 19213
Put_Azure_us-central 23474
Put_Thrift_Server_Storage_us-central 23622
Put_Azure_us-central 15193
Put_Thrift_Server_Storage_us-central 15334
Put_Azure_us-central 21403
Put_Thrift_Server_Storage_us-central 21544
Put_Azure_us-central 16544
Put_Thrift_Server_Storage_us-central 16697
Put_Azure_us-central 16126
Put_Thrift_Server_Storage_us-central 16259
Put_Azure_us-central 19630
Put_Thrift_Server_Storage_us-central 19730
Put_Azure_us-central 47726
Put_Thrift_Server_Storage_us-central 47838
Put_Azure_us-central 26289
Put_Thrift_Server_Storage_us-central 26418
Put_Azure_us-central 14778
Put_Thrift_Server_Storage_us-central 14937
Put_Azure_us-central 18178
Put_Thrift_Server_Storage_us-central 18306
Put_Azure_us-central 16772
Put_Thrift_Server_Storage_us-central 16873
Put_Azure_us-central 14606
Put_Thrift_Server_Storage_us-central 14732
Put_Azure_us-central 27781
Put_Thrift_Server_Storage_us-central 27897
Put_Azure_us-central 17159
Put_Thrift_Server_Storage_us-central 17275
Put_Azure_us-central 37123
Put_Thrift_Server_Storage_us-central 37270
Put_Azure_us-central 15412
Put_Thrift_Server_Storage_us-central 15522
Put_Azure_us-central 21367
Put_Thrift_Server_Storage_us-central 21470
Put_Azure_us-central 15287
Put_Thrift_Server_Storage_us-central 15390
Put_Azure_us-central 16567
Put_Thrift_Server_Storage_us-central 16675
Put_Azure_us-central 21473
Put_Thrift_Server_Storage_us-central 21610
Put_Azure_us-central 15682
Put_Thrift_Server_Storage_us-central 15838
Put_Azure_us-central 20007
Put_Thrift_Server_Storage_us-central 20136
Put_Azure_us-central 15366
Put_Thrift_Server_Storage_us-central 15470
Put_Azure_us-central 16884
Put_Thrift_Server_Storage_us-central 16992
Put_Azure_us-central 16748
Put_Thrift_Server_Storage_us-central 16878
Put_Azure_us-central 15823
Put_Thrift_Server_Storage_us-central 15933
Put_Azure_us-central 15783
Put_Thrift_Server_Storage_us-central 15897
Put_Azure_us-central 15418
Put_Thrift_Server_Storage_us-central 15563
Put_Azure_us-central 15627
Put_Thrift_Server_Storage_us-central 15748
Put_Azure_us-central 16933
Put_Thrift_Server_Storage_us-central 17047
Put_Azure_us-central 16733
Put_Thrift_Server_Storage_us-central 16840
Put_Azure_us-central 14994
Put_Thrift_Server_Storage_us-central 15098
Put_Azure_us-central 14840
Put_Thrift_Server_Storage_us-central 14981
Put_Azure_us-central 15319
Put_Thrift_Server_Storage_us-central 15423
Put_Azure_us-central 16186
Put_Thrift_Server_Storage_us-central 16299
Put_Azure_us-central 15953
Put_Thrift_Server_Storage_us-central 16088
Put_Azure_us-central 15609
Put_Thrift_Server_Storage_us-central 15718
Put_Azure_us-central 15642
Put_Thrift_Server_Storage_us-central 15775
Put_Azure_us-central 37608
Put_Thrift_Server_Storage_us-central 37725
Put_Azure_us-central 17585
Put_Thrift_Server_Storage_us-central 17703
Put_Azure_us-central 14271
Put_Thrift_Server_Storage_us-central 14381
Put_Azure_us-central 33454
Put_Thrift_Server_Storage_us-central 33584
Put_Azure_us-central 15750
Put_Thrift_Server_Storage_us-central 15854
Put_Azure_us-central 15615
Put_Thrift_Server_Storage_us-central 15736
Put_Azure_us-central 16841
Put_Thrift_Server_Storage_us-central 16950
Put_Azure_us-central 34453
Put_Thrift_Server_Storage_us-central 34560
Put_Azure_us-central 15368
Put_Thrift_Server_Storage_us-central 15493
Put_Azure_us-central 21741
Put_Thrift_Server_Storage_us-central 21866
Put_Azure_us-central 17704
Put_Thrift_Server_Storage_us-central 17828
Put_Azure_us-central 15181
Put_Thrift_Server_Storage_us-central 15283
Put_Azure_us-central 37447
Put_Thrift_Server_Storage_us-central 37548
Put_Azure_us-central 15172
Put_Thrift_Server_Storage_us-central 15320
Put_Azure_us-central 13946
Put_Thrift_Server_Storage_us-central 14063
Put_Azure_us-central 15552
Put_Thrift_Server_Storage_us-central 15680
Put_Azure_us-central 16799
Put_Thrift_Server_Storage_us-central 16909
Put_Azure_us-central 16124
Put_Thrift_Server_Storage_us-central 16229
Put_Azure_us-central 15567
Put_Thrift_Server_Storage_us-central 15693
Put_Azure_us-central 18085
Put_Thrift_Server_Storage_us-central 18217
Put_Azure_us-central 34408
Put_Thrift_Server_Storage_us-central 34513
Put_Azure_us-central 18769
Put_Thrift_Server_Storage_us-central 18878
Put_Azure_us-central 16681
Put_Thrift_Server_Storage_us-central 16830
Put_Azure_us-central 17428
Put_Thrift_Server_Storage_us-central 17530
Put_Azure_us-central 23434
Put_Thrift_Server_Storage_us-central 23571
Put_Azure_us-central 17526
Put_Thrift_Server_Storage_us-central 17654
Put_Azure_us-central 19510
Put_Thrift_Server_Storage_us-central 19655
Put_Azure_us-central 16945
Put_Thrift_Server_Storage_us-central 17112
Put_Azure_us-central 13889
Put_Thrift_Server_Storage_us-central 13997
Put_Azure_us-central 14571
Put_Thrift_Server_Storage_us-central 14698
Put_Azure_us-central 19020
Put_Thrift_Server_Storage_us-central 19170
Put_Azure_us-central 18278
Put_Thrift_Server_Storage_us-central 18410
Put_Azure_us-central 14277
Put_Thrift_Server_Storage_us-central 14419
Put_Azure_us-central 14358
Put_Thrift_Server_Storage_us-central 14462
Put_Azure_us-central 46236
Put_Thrift_Server_Storage_us-central 46344
Put_Azure_us-central 14079
Put_Thrift_Server_Storage_us-central 14178
Put_Azure_us-central 15830
Put_Thrift_Server_Storage_us-central 15930
Put_Azure_us-central 14095
Put_Thrift_Server_Storage_us-central 14208
Put_Azure_us-central 18304
Put_Thrift_Server_Storage_us-central 18400
Put_Azure_us-central 16982
Put_Thrift_Server_Storage_us-central 17093
Put_Azure_us-central 17596
Put_Thrift_Server_Storage_us-central 17730
Put_Azure_us-central 16592
Put_Thrift_Server_Storage_us-central 16715
Put_Azure_us-central 15430
Put_Thrift_Server_Storage_us-central 15530
Put_Azure_us-central 15327
Put_Thrift_Server_Storage_us-central 15445
Put_Azure_us-central 16188
Put_Thrift_Server_Storage_us-central 16286
Put_Azure_us-central 20354
Put_Thrift_Server_Storage_us-central 20508
Put_Azure_us-central 15817
Put_Thrift_Server_Storage_us-central 15925
Put_Azure_us-central 67884
Put_Thrift_Server_Storage_us-central 67984
Put_Azure_us-central 16272
Put_Thrift_Server_Storage_us-central 16374
Put_Azure_us-central 15267
Put_Thrift_Server_Storage_us-central 15380
Put_Azure_us-central 17053
Put_Thrift_Server_Storage_us-central 17189
Put_Azure_us-central 49570
Put_Thrift_Server_Storage_us-central 49680
Put_Azure_us-central 16091
Put_Thrift_Server_Storage_us-central 16210
Put_Azure_us-central 14852
Put_Thrift_Server_Storage_us-central 14953
Put_Azure_us-central 15072
Put_Thrift_Server_Storage_us-central 15168
Put_Azure_us-central 16788
Put_Thrift_Server_Storage_us-central 16916
Put_Azure_us-central 16105
Put_Thrift_Server_Storage_us-central 16207
Put_Azure_us-central 16305
Put_Thrift_Server_Storage_us-central 16409
Put_Azure_us-central 16024
Put_Thrift_Server_Storage_us-central 16138
Put_Azure_us-central 15015
Put_Thrift_Server_Storage_us-central 15142
Put_Azure_us-central 17762
Put_Thrift_Server_Storage_us-central 17905
Put_Azure_us-central 15211
Put_Thrift_Server_Storage_us-central 15309
Put_Azure_us-central 15106
Put_Thrift_Server_Storage_us-central 15206
Put_Azure_us-central 15947
Put_Thrift_Server_Storage_us-central 16062
Put_Azure_us-central 17225
Put_Thrift_Server_Storage_us-central 17564
Put_Azure_us-central 41232
Put_Thrift_Server_Storage_us-central 41367
Put_Azure_us-central 16048
Put_Thrift_Server_Storage_us-central 16157
Put_Azure_us-central 15689
Put_Thrift_Server_Storage_us-central 15807
Put_Azure_us-central 16981
Put_Thrift_Server_Storage_us-central 17107
Put_Azure_us-central 15560
Put_Thrift_Server_Storage_us-central 15661
Put_Azure_us-central 16762
Put_Thrift_Server_Storage_us-central 16970
Put_Azure_us-central 17126
Put_Thrift_Server_Storage_us-central 17246
Put_Azure_us-central 14426
Put_Thrift_Server_Storage_us-central 14534
Put_Azure_us-central 15563
Put_Thrift_Server_Storage_us-central 15696
Put_Azure_us-central 19652
Put_Thrift_Server_Storage_us-central 19752
Put_Azure_us-central 15793
Put_Thrift_Server_Storage_us-central 15904
Put_Azure_us-central 14652
Put_Thrift_Server_Storage_us-central 14765
Put_Azure_us-central 14890
Put_Thrift_Server_Storage_us-central 15010
Put_Azure_us-central 14869
Put_Thrift_Server_Storage_us-central 14980
Put_Azure_us-central 16746
Put_Thrift_Server_Storage_us-central 16876
Put_Azure_us-central 16993
Put_Thrift_Server_Storage_us-central 17115
Put_Azure_us-central 14943
Put_Thrift_Server_Storage_us-central 15047
Put_Azure_us-central 13918
Put_Thrift_Server_Storage_us-central 14023
Put_Azure_us-central 14421
Put_Thrift_Server_Storage_us-central 14570
Put_Azure_us-central 16877
Put_Thrift_Server_Storage_us-central 17043
Put_Azure_us-central 16105
Put_Thrift_Server_Storage_us-central 16250
Put_Azure_us-central 15133
Put_Thrift_Server_Storage_us-central 15264
Put_Azure_us-central 28510
Put_Thrift_Server_Storage_us-central 28651
Put_Azure_us-central 16683
Put_Thrift_Server_Storage_us-central 16831
Put_Azure_us-central 14101
Put_Thrift_Server_Storage_us-central 14260
Put_Azure_us-central 17618
Put_Thrift_Server_Storage_us-central 17754
Put_Azure_us-central 17687
Put_Thrift_Server_Storage_us-central 17844
Put_Azure_us-central 15554
Put_Thrift_Server_Storage_us-central 15714
Put_Azure_us-central 14600
Put_Thrift_Server_Storage_us-central 14792
Put_Azure_us-central 15559
Put_Thrift_Server_Storage_us-central 15721
Put_Azure_us-central 16332
Put_Thrift_Server_Storage_us-central 16461
Put_Azure_us-central 16135
Put_Thrift_Server_Storage_us-central 16270
Put_Azure_us-central 15166
Put_Thrift_Server_Storage_us-central 15293
Put_Azure_us-central 13613
Put_Thrift_Server_Storage_us-central 13746
Put_Azure_us-central 14703
Put_Thrift_Server_Storage_us-central 14829
Put_Azure_us-central 15097
Put_Thrift_Server_Storage_us-central 15209
Put_Azure_us-central 15183
Put_Thrift_Server_Storage_us-central 15280
Put_Azure_us-central 16541
Put_Thrift_Server_Storage_us-central 16652
Put_Azure_us-central 18189
Put_Thrift_Server_Storage_us-central 18294
Put_Azure_us-central 13944
Put_Thrift_Server_Storage_us-central 14062
Put_Azure_us-central 17595
Put_Thrift_Server_Storage_us-central 17737
Put_Azure_us-central 15549
Put_Thrift_Server_Storage_us-central 15688
Put_Azure_us-central 14832
Put_Thrift_Server_Storage_us-central 14950
Put_Azure_us-central 14758
Put_Thrift_Server_Storage_us-central 14863
Put_Azure_us-central 15768
Put_Thrift_Server_Storage_us-central 15865
Put_Azure_us-central 41674
Put_Thrift_Server_Storage_us-central 41801
Put_Azure_us-central 18918
Put_Thrift_Server_Storage_us-central 19040
Put_Azure_us-central 14132
Put_Thrift_Server_Storage_us-central 14247
Put_Azure_us-central 15828
Put_Thrift_Server_Storage_us-central 15958
Put_Azure_us-central 15900
Put_Thrift_Server_Storage_us-central 16055
Put_Azure_us-central 15527
Put_Thrift_Server_Storage_us-central 15641
Put_Azure_us-central 14016
Put_Thrift_Server_Storage_us-central 14154
Put_Azure_us-central 25175
Put_Thrift_Server_Storage_us-central 25303
Put_Azure_us-central 18114
Put_Thrift_Server_Storage_us-central 18218
Put_Azure_us-central 20562
Put_Thrift_Server_Storage_us-central 20694
Put_Azure_us-central 17636
Put_Thrift_Server_Storage_us-central 17745
Put_Azure_us-central 15390
Put_Thrift_Server_Storage_us-central 15537
Put_Azure_us-central 15081
Put_Thrift_Server_Storage_us-central 15222
Put_Azure_us-central 14792
Put_Thrift_Server_Storage_us-central 14927
Put_Azure_us-central 14478
Put_Thrift_Server_Storage_us-central 14583
Put_Azure_us-central 15675
Put_Thrift_Server_Storage_us-central 15813
Put_Azure_us-central 17243
Put_Thrift_Server_Storage_us-central 17373
Put_Azure_us-central 41739
Put_Thrift_Server_Storage_us-central 41839
Put_Azure_us-central 20476
Put_Thrift_Server_Storage_us-central 20581
Put_Azure_us-central 15442
Put_Thrift_Server_Storage_us-central 15559
Put_Azure_us-central 17116
Put_Thrift_Server_Storage_us-central 17243
Put_Azure_us-central 14245
Put_Thrift_Server_Storage_us-central 14372
Put_Azure_us-central 15251
Put_Thrift_Server_Storage_us-central 15364
Put_Azure_us-central 148898
Put_Thrift_Server_Storage_us-central 149026
Put_Azure_us-central 15480
Put_Thrift_Server_Storage_us-central 15591
Put_Azure_us-central 16901
Put_Thrift_Server_Storage_us-central 17006
Put_Azure_us-central 14776
Put_Thrift_Server_Storage_us-central 14891
Put_Azure_us-central 15781
Put_Thrift_Server_Storage_us-central 15886
Put_Azure_us-central 15100
Put_Thrift_Server_Storage_us-central 15198
Put_Azure_us-central 19263
Put_Thrift_Server_Storage_us-central 19375
Put_Azure_us-central 16206
Put_Thrift_Server_Storage_us-central 16325
Put_Azure_us-central 14922
Put_Thrift_Server_Storage_us-central 15027
Put_Azure_us-central 15233
Put_Thrift_Server_Storage_us-central 15380
Put_Azure_us-central 20002
Put_Thrift_Server_Storage_us-central 20118
Put_Azure_us-central 16102
Put_Thrift_Server_Storage_us-central 16208
Put_Azure_us-central 16545
Put_Thrift_Server_Storage_us-central 16660
Put_Azure_us-central 13708
Put_Thrift_Server_Storage_us-central 13809
Put_Azure_us-central 14633
Put_Thrift_Server_Storage_us-central 14982
Put_Azure_us-central 15084
Put_Thrift_Server_Storage_us-central 15187
Put_Azure_us-central 15121
Put_Thrift_Server_Storage_us-central 15247
Put_Azure_us-central 22108
Put_Thrift_Server_Storage_us-central 22240
Put_Azure_us-central 15749
Put_Thrift_Server_Storage_us-central 15888
Put_Azure_us-central 36278
Put_Thrift_Server_Storage_us-central 36380
Put_Azure_us-central 15901
Put_Thrift_Server_Storage_us-central 16047
Put_Azure_us-central 14917
Put_Thrift_Server_Storage_us-central 15035
Put_Azure_us-central 17450
Put_Thrift_Server_Storage_us-central 17583
Put_Azure_us-central 15178
Put_Thrift_Server_Storage_us-central 15314
Put_Azure_us-central 14596
Put_Thrift_Server_Storage_us-central 14743
Put_Azure_us-central 15334
Put_Thrift_Server_Storage_us-central 15481
Put_Azure_us-central 15072
Put_Thrift_Server_Storage_us-central 15200
Put_Azure_us-central 28794
Put_Thrift_Server_Storage_us-central 28916
Put_Azure_us-central 15259
Put_Thrift_Server_Storage_us-central 15381
Put_Azure_us-central 15735
Put_Thrift_Server_Storage_us-central 15863
Put_Azure_us-central 15669
Put_Thrift_Server_Storage_us-central 15789
Put_Azure_us-central 14628
Put_Thrift_Server_Storage_us-central 14749
Put_Azure_us-central 21440
Put_Thrift_Server_Storage_us-central 21553
Put_Azure_us-central 16505
Put_Thrift_Server_Storage_us-central 16655
Put_Azure_us-central 14160
Put_Thrift_Server_Storage_us-central 14283
Put_Azure_us-central 15370
Put_Thrift_Server_Storage_us-central 15475
Put_Azure_us-central 14936
Put_Thrift_Server_Storage_us-central 15073
Put_Azure_us-central 28754
Put_Thrift_Server_Storage_us-central 28905
Put_Azure_us-central 14785
Put_Thrift_Server_Storage_us-central 14895
Put_Azure_us-central 15373
Put_Thrift_Server_Storage_us-central 15471
Put_Azure_us-central 16471
Put_Thrift_Server_Storage_us-central 16579
Put_Azure_us-central 14409
Put_Thrift_Server_Storage_us-central 14514
Put_Azure_us-central 15123
Put_Thrift_Server_Storage_us-central 15227
Put_Azure_us-central 15299
Put_Thrift_Server_Storage_us-central 15405
Put_Azure_us-central 16642
Put_Thrift_Server_Storage_us-central 16740
Put_Azure_us-central 16345
Put_Thrift_Server_Storage_us-central 16444
Put_Azure_us-central 18052
Put_Thrift_Server_Storage_us-central 18180
Put_Azure_us-central 20455
Put_Thrift_Server_Storage_us-central 20599
Put_Azure_us-central 18899
Put_Thrift_Server_Storage_us-central 19077
Put_Azure_us-central 13932
Put_Thrift_Server_Storage_us-central 14059
Put_Azure_us-central 16879
Put_Thrift_Server_Storage_us-central 17029
Put_Azure_us-central 16513
Put_Thrift_Server_Storage_us-central 16643
Put_Azure_us-central 16038
Put_Thrift_Server_Storage_us-central 16155
Put_Azure_us-central 14325
Put_Thrift_Server_Storage_us-central 14431
Put_Azure_us-central 15882
Put_Thrift_Server_Storage_us-central 15986
Put_Azure_us-central 17922
Put_Thrift_Server_Storage_us-central 18056
Put_Azure_us-central 15735
Put_Thrift_Server_Storage_us-central 15864
Put_Azure_us-central 15671
Put_Thrift_Server_Storage_us-central 15776
Put_Azure_us-central 14469
Put_Thrift_Server_Storage_us-central 14600
Put_Azure_us-central 15574
Put_Thrift_Server_Storage_us-central 15701
Put_Azure_us-central 15190
Put_Thrift_Server_Storage_us-central 15324
Put_Azure_us-central 17426
Put_Thrift_Server_Storage_us-central 17554
Put_Azure_us-central 14415
Put_Thrift_Server_Storage_us-central 14535
Put_Azure_us-central 13928
Put_Thrift_Server_Storage_us-central 14070
Put_Azure_us-central 14240
Put_Thrift_Server_Storage_us-central 14368
Put_Azure_us-central 14729
Put_Thrift_Server_Storage_us-central 14846
Put_Azure_us-central 16145
Put_Thrift_Server_Storage_us-central 16267
Put_Azure_us-central 13848
Put_Thrift_Server_Storage_us-central 13947
Put_Azure_us-central 14259
Put_Thrift_Server_Storage_us-central 14361
Put_Azure_us-central 16895
Put_Thrift_Server_Storage_us-central 17011
Put_Azure_us-central 21814
Put_Thrift_Server_Storage_us-central 21966
Put_Azure_us-central 18457
Put_Thrift_Server_Storage_us-central 18565
Put_Azure_us-central 14469
Put_Thrift_Server_Storage_us-central 14585
Put_Azure_us-central 14805
Put_Thrift_Server_Storage_us-central 14923
Put_Azure_us-central 14972
Put_Thrift_Server_Storage_us-central 15077
Put_Azure_us-central 17691
Put_Thrift_Server_Storage_us-central 17794
Put_Azure_us-central 15388
Put_Thrift_Server_Storage_us-central 15492
Put_Azure_us-central 15928
Put_Thrift_Server_Storage_us-central 16028
Put_Azure_us-central 14949
Put_Thrift_Server_Storage_us-central 15055
Put_Azure_us-central 14444
Put_Thrift_Server_Storage_us-central 14551
Put_Azure_us-central 15293
Put_Thrift_Server_Storage_us-central 15417
Put_Azure_us-central 15688
Put_Thrift_Server_Storage_us-central 15829
Put_Azure_us-central 15336
Put_Thrift_Server_Storage_us-central 15445
Put_Azure_us-central 15415
Put_Thrift_Server_Storage_us-central 15549
Put_Azure_us-central 19937
Put_Thrift_Server_Storage_us-central 20079
Put_Azure_us-central 37415
Put_Thrift_Server_Storage_us-central 37537
Put_Azure_us-central 20935
Put_Thrift_Server_Storage_us-central 21093
Put_Azure_us-central 17846
Put_Thrift_Server_Storage_us-central 17976
Put_Azure_us-central 16179
Put_Thrift_Server_Storage_us-central 16291
Put_Azure_us-central 16894
Put_Thrift_Server_Storage_us-central 17006
Put_Azure_us-central 16009
Put_Thrift_Server_Storage_us-central 16151
Put_Azure_us-central 16688
Put_Thrift_Server_Storage_us-central 16819
Put_Azure_us-central 16227
Put_Thrift_Server_Storage_us-central 16326
Put_Azure_us-central 16311
Put_Thrift_Server_Storage_us-central 16417
Put_Azure_us-central 16400
Put_Thrift_Server_Storage_us-central 16504
Put_Azure_us-central 14269
Put_Thrift_Server_Storage_us-central 14377
Put_Azure_us-central 17156
Put_Thrift_Server_Storage_us-central 17256
Put_Azure_us-central 19617
Put_Thrift_Server_Storage_us-central 19724
Put_Azure_us-central 13960
Put_Thrift_Server_Storage_us-central 14079
Put_Azure_us-central 14126
Put_Thrift_Server_Storage_us-central 14249
Put_Azure_us-central 14604
Put_Thrift_Server_Storage_us-central 14702
Put_Azure_us-central 16260
Put_Thrift_Server_Storage_us-central 16397
Put_Azure_us-central 16317
Put_Thrift_Server_Storage_us-central 16416
Put_Azure_us-central 14034
Put_Thrift_Server_Storage_us-central 14147
Put_Azure_us-central 14411
Put_Thrift_Server_Storage_us-central 14526
Put_Azure_us-central 14426
Put_Thrift_Server_Storage_us-central 14537
Put_Azure_us-central 15574
Put_Thrift_Server_Storage_us-central 15686
Put_Azure_us-central 15413
Put_Thrift_Server_Storage_us-central 15538
Put_Azure_us-central 17190
Put_Thrift_Server_Storage_us-central 17310
Put_Azure_us-central 14788
Put_Thrift_Server_Storage_us-central 14890
Put_Azure_us-central 16823
Put_Thrift_Server_Storage_us-central 16945
Put_Azure_us-central 21107
Put_Thrift_Server_Storage_us-central 21226
Put_Azure_us-central 15481
Put_Thrift_Server_Storage_us-central 15591
Put_Azure_us-central 13843
Put_Thrift_Server_Storage_us-central 13980
Put_Azure_us-central 14651
Put_Thrift_Server_Storage_us-central 14757
Put_Azure_us-central 14450
Put_Thrift_Server_Storage_us-central 14564
Put_Azure_us-central 19975
Put_Thrift_Server_Storage_us-central 20088
Put_Azure_us-central 30229
Put_Thrift_Server_Storage_us-central 30347
Put_Azure_us-central 14438
Put_Thrift_Server_Storage_us-central 14541
Put_Azure_us-central 27567
Put_Thrift_Server_Storage_us-central 27687
Put_Azure_us-central 16404
Put_Thrift_Server_Storage_us-central 16565
Put_Azure_us-central 17021
Put_Thrift_Server_Storage_us-central 17158
Put_Azure_us-central 15153
Put_Thrift_Server_Storage_us-central 15255
Put_Azure_us-central 15320
Put_Thrift_Server_Storage_us-central 15463
Put_Azure_us-central 15575
Put_Thrift_Server_Storage_us-central 15705
Put_Azure_us-central 16093
Put_Thrift_Server_Storage_us-central 16192
Put_Azure_us-central 168678
Put_Thrift_Server_Storage_us-central 168777
Put_Azure_us-central 17730
Put_Thrift_Server_Storage_us-central 17838
Put_Azure_us-central 15692
Put_Thrift_Server_Storage_us-central 15799
Put_Azure_us-central 15237
Put_Thrift_Server_Storage_us-central 15334
Put_Azure_us-central 16723
Put_Thrift_Server_Storage_us-central 16848
Put_Azure_us-central 15654
Put_Thrift_Server_Storage_us-central 15777
Put_Azure_us-central 14958
Put_Thrift_Server_Storage_us-central 15070
Put_Azure_us-central 14038
Put_Thrift_Server_Storage_us-central 14163
Put_Azure_us-central 15984
Put_Thrift_Server_Storage_us-central 16091
Put_Azure_us-central 18265
Put_Thrift_Server_Storage_us-central 18372
Put_Azure_us-central 16914
Put_Thrift_Server_Storage_us-central 17030
Put_Azure_us-central 14406
Put_Thrift_Server_Storage_us-central 14510
Put_Azure_us-central 20414
Put_Thrift_Server_Storage_us-central 20589
Put_Azure_us-central 14508
Put_Thrift_Server_Storage_us-central 14616
Put_Azure_us-central 19160
Put_Thrift_Server_Storage_us-central 19286
Put_Azure_us-central 15670
Put_Thrift_Server_Storage_us-central 15780
Put_Azure_us-central 18515
Put_Thrift_Server_Storage_us-central 18646
Put_Azure_us-central 25079
Put_Thrift_Server_Storage_us-central 25215
Put_Azure_us-central 17243
Put_Thrift_Server_Storage_us-central 17376
Put_Azure_us-central 14428
Put_Thrift_Server_Storage_us-central 14545
Put_Azure_us-central 59459
Put_Thrift_Server_Storage_us-central 59602
Put_Azure_us-central 16144
Put_Thrift_Server_Storage_us-central 16295
Put_Azure_us-central 18773
Put_Thrift_Server_Storage_us-central 18934
Put_Azure_us-central 14134
Put_Thrift_Server_Storage_us-central 14283
Put_Azure_us-central 15318
Put_Thrift_Server_Storage_us-central 15467
Put_Azure_us-central 17911
Put_Thrift_Server_Storage_us-central 18026
Put_Azure_us-central 14374
Put_Thrift_Server_Storage_us-central 14516
Put_Azure_us-central 14993
Put_Thrift_Server_Storage_us-central 15110
Put_Azure_us-central 16562
Put_Thrift_Server_Storage_us-central 16667
Put_Azure_us-central 16063
Put_Thrift_Server_Storage_us-central 16172
Put_Azure_us-central 30383
Put_Thrift_Server_Storage_us-central 30502
Put_Azure_us-central 15831
Put_Thrift_Server_Storage_us-central 15927
Put_Azure_us-central 15499
Put_Thrift_Server_Storage_us-central 15593
Put_Azure_us-central 14140
Put_Thrift_Server_Storage_us-central 14264
Put_Azure_us-central 18827
Put_Thrift_Server_Storage_us-central 19048
Put_Azure_us-central 15503
Put_Thrift_Server_Storage_us-central 15634
Put_Azure_us-central 17425
Put_Thrift_Server_Storage_us-central 17549
Put_Azure_us-central 17026
Put_Thrift_Server_Storage_us-central 17137
Put_Azure_us-central 16158
Put_Thrift_Server_Storage_us-central 16260
Put_Azure_us-central 16532
Put_Thrift_Server_Storage_us-central 16641
Put_Azure_us-central 21937
Put_Thrift_Server_Storage_us-central 22044
Put_Azure_us-central 14453
Put_Thrift_Server_Storage_us-central 14589
Put_Azure_us-central 15051
Put_Thrift_Server_Storage_us-central 15175
Put_Azure_us-central 15353
Put_Thrift_Server_Storage_us-central 15457
Put_Azure_us-central 15448
Put_Thrift_Server_Storage_us-central 15565
Put_Azure_us-central 16863
Put_Thrift_Server_Storage_us-central 16965
Put_Azure_us-central 18296
Put_Thrift_Server_Storage_us-central 18419
Put_Azure_us-central 19200
Put_Thrift_Server_Storage_us-central 19306
Put_Azure_us-central 20301
Put_Thrift_Server_Storage_us-central 20402
Put_Azure_us-central 17726
Put_Thrift_Server_Storage_us-central 17871
Put_Azure_us-central 14298
Put_Thrift_Server_Storage_us-central 14427
Put_Azure_us-central 15134
Put_Thrift_Server_Storage_us-central 15235
Put_Azure_us-central 15409
Put_Thrift_Server_Storage_us-central 15541
Put_Azure_us-central 15494
Put_Thrift_Server_Storage_us-central 15597
Put_Azure_us-central 16134
Put_Thrift_Server_Storage_us-central 16240
Put_Azure_us-central 15711
Put_Thrift_Server_Storage_us-central 15817
Put_Azure_us-central 17089
Put_Thrift_Server_Storage_us-central 17189
Put_Azure_us-central 17135
Put_Thrift_Server_Storage_us-central 17258
Put_Azure_us-central 19806
Put_Thrift_Server_Storage_us-central 19917
Put_Azure_us-central 16919
Put_Thrift_Server_Storage_us-central 17021
Put_Azure_us-central 16448
Put_Thrift_Server_Storage_us-central 16578
Put_Azure_us-central 15615
Put_Thrift_Server_Storage_us-central 15752
Put_Azure_us-central 16468
Put_Thrift_Server_Storage_us-central 16575
Put_Azure_us-central 16915
Put_Thrift_Server_Storage_us-central 17042
Put_Azure_us-central 18111
Put_Thrift_Server_Storage_us-central 18249
Put_Azure_us-central 14886
Put_Thrift_Server_Storage_us-central 15011
Put_Azure_us-central 15032
Put_Thrift_Server_Storage_us-central 15130
Put_Azure_us-central 14767
Put_Thrift_Server_Storage_us-central 14899
Put_Azure_us-central 28797
Put_Thrift_Server_Storage_us-central 28917
Put_Azure_us-central 17075
Put_Thrift_Server_Storage_us-central 17213
Put_Azure_us-central 16408
Put_Thrift_Server_Storage_us-central 16507
Put_Azure_us-central 16010
Put_Thrift_Server_Storage_us-central 16120
Put_Azure_us-central 16729
Put_Thrift_Server_Storage_us-central 16829
Put_Azure_us-central 13736
Put_Thrift_Server_Storage_us-central 13835
Put_Azure_us-central 17370
Put_Thrift_Server_Storage_us-central 17514
Put_Azure_us-central 28829
Put_Thrift_Server_Storage_us-central 28947
Put_Azure_us-central 28162
Put_Thrift_Server_Storage_us-central 28272
Put_Azure_us-central 15970
Put_Thrift_Server_Storage_us-central 16084
Put_Azure_us-central 17360
Put_Thrift_Server_Storage_us-central 17466
Put_Azure_us-central 19623
Put_Thrift_Server_Storage_us-central 19780
Put_Azure_us-central 14878
Put_Thrift_Server_Storage_us-central 15000
Put_Azure_us-central 20481
Put_Thrift_Server_Storage_us-central 20587
Put_Azure_us-central 15623
Put_Thrift_Server_Storage_us-central 15721
Put_Azure_us-central 18447
Put_Thrift_Server_Storage_us-central 18579
Put_Azure_us-central 20714
Put_Thrift_Server_Storage_us-central 20862
Put_Azure_us-central 13778
Put_Thrift_Server_Storage_us-central 13894
Put_Azure_us-central 18914
Put_Thrift_Server_Storage_us-central 19051
Put_Azure_us-central 19183
Put_Thrift_Server_Storage_us-central 19283
Put_Azure_us-central 14751
Put_Thrift_Server_Storage_us-central 14857
Put_Azure_us-central 16382
Put_Thrift_Server_Storage_us-central 16503
Put_Azure_us-central 15505
Put_Thrift_Server_Storage_us-central 15627
Put_Azure_us-central 14655
Put_Thrift_Server_Storage_us-central 14806
Put_Azure_us-central 15602
Put_Thrift_Server_Storage_us-central 15753
Put_Azure_us-central 14934
Put_Thrift_Server_Storage_us-central 15033
Put_Azure_us-central 17261
Put_Thrift_Server_Storage_us-central 17379
Put_Azure_us-central 15538
Put_Thrift_Server_Storage_us-central 15667
Put_Azure_us-central 14925
Put_Thrift_Server_Storage_us-central 15034
Put_Azure_us-central 14957
Put_Thrift_Server_Storage_us-central 15093
Put_Azure_us-central 15000
Put_Thrift_Server_Storage_us-central 15204
Put_Azure_us-central 19802
Put_Thrift_Server_Storage_us-central 19951
Put_Azure_us-central 15131
Put_Thrift_Server_Storage_us-central 15244
Put_Azure_us-central 19656
Put_Thrift_Server_Storage_us-central 19758
Put_Azure_us-central 14781
Put_Thrift_Server_Storage_us-central 14880
Put_Azure_us-central 15524
Put_Thrift_Server_Storage_us-central 15623
Put_Azure_us-central 16538
Put_Thrift_Server_Storage_us-central 16670
Put_Azure_us-central 14788
Put_Thrift_Server_Storage_us-central 14923
Put_Azure_us-central 15684
Put_Thrift_Server_Storage_us-central 15798
Put_Azure_us-central 16416
Put_Thrift_Server_Storage_us-central 16514
Put_Azure_us-central 14112
Put_Thrift_Server_Storage_us-central 14225
Put_Azure_us-central 18089
Put_Thrift_Server_Storage_us-central 18198
Put_Azure_us-central 17835
Put_Thrift_Server_Storage_us-central 17966
Put_Azure_us-central 15541
Put_Thrift_Server_Storage_us-central 15683
Put_Azure_us-central 15735
Put_Thrift_Server_Storage_us-central 15924
Put_Azure_us-central 23872
Put_Thrift_Server_Storage_us-central 23987
Put_Azure_us-central 15083
Put_Thrift_Server_Storage_us-central 15229
Put_Azure_us-central 16002
Put_Thrift_Server_Storage_us-central 16179
Put_Azure_us-central 24757
Put_Thrift_Server_Storage_us-central 24895
Put_Azure_us-central 14558
Put_Thrift_Server_Storage_us-central 14681
Put_Azure_us-central 18516
Put_Thrift_Server_Storage_us-central 18642
Put_Azure_us-central 16383
Put_Thrift_Server_Storage_us-central 16524
Put_Azure_us-central 19307
Put_Thrift_Server_Storage_us-central 19435
Put_Azure_us-central 17700
Put_Thrift_Server_Storage_us-central 17807
Put_Azure_us-central 15714
Put_Thrift_Server_Storage_us-central 15864
Put_Azure_us-central 16079
Put_Thrift_Server_Storage_us-central 16187
Put_Azure_us-central 18349
Put_Thrift_Server_Storage_us-central 18446
Put_Azure_us-central 18285
Put_Thrift_Server_Storage_us-central 18409
Put_Azure_us-central 15322
Put_Thrift_Server_Storage_us-central 15454
Put_Azure_us-central 15047
Put_Thrift_Server_Storage_us-central 15158
Put_Azure_us-central 22411
Put_Thrift_Server_Storage_us-central 22537
Put_Azure_us-central 15629
Put_Thrift_Server_Storage_us-central 15747
Put_Azure_us-central 15270
Put_Thrift_Server_Storage_us-central 15393
Put_Azure_us-central 15941
Put_Thrift_Server_Storage_us-central 16056
Put_Azure_us-central 15523
Put_Thrift_Server_Storage_us-central 15667
Put_Azure_us-central 20156
Put_Thrift_Server_Storage_us-central 20270
Put_Azure_us-central 16269
Put_Thrift_Server_Storage_us-central 16370
Put_Azure_us-central 19435
Put_Thrift_Server_Storage_us-central 19548
Put_Azure_us-central 15405
Put_Thrift_Server_Storage_us-central 15555
Put_Azure_us-central 24924
Put_Thrift_Server_Storage_us-central 25082
Put_Azure_us-central 17452
Put_Thrift_Server_Storage_us-central 17557
Put_Azure_us-central 15227
Put_Thrift_Server_Storage_us-central 15338
Put_Azure_us-central 15670
Put_Thrift_Server_Storage_us-central 15775
Put_Azure_us-central 37816
Put_Thrift_Server_Storage_us-central 37916
Put_Azure_us-central 17353
Put_Thrift_Server_Storage_us-central 17487
Put_Azure_us-central 15485
Put_Thrift_Server_Storage_us-central 15596
Put_Azure_us-central 18457
Put_Thrift_Server_Storage_us-central 18565
Put_Azure_us-central 16428
Put_Thrift_Server_Storage_us-central 16541
Put_Azure_us-central 19707
Put_Thrift_Server_Storage_us-central 19859
Put_Azure_us-central 16171
Put_Thrift_Server_Storage_us-central 16312
Put_Azure_us-central 18324
Put_Thrift_Server_Storage_us-central 18482
Put_Azure_us-central 17146
Put_Thrift_Server_Storage_us-central 17280
Put_Azure_us-central 16925
Put_Thrift_Server_Storage_us-central 17068
Put_Azure_us-central 17966
Put_Thrift_Server_Storage_us-central 18087
Put_Azure_us-central 17713
Put_Thrift_Server_Storage_us-central 17861
Put_Azure_us-central 16649
Put_Thrift_Server_Storage_us-central 16766
Put_Azure_us-central 17423
Put_Thrift_Server_Storage_us-central 17587
Put_Azure_us-central 16536
Put_Thrift_Server_Storage_us-central 16671
Put_Azure_us-central 16383
Put_Thrift_Server_Storage_us-central 16523
Put_Azure_us-central 15301
Put_Thrift_Server_Storage_us-central 15415
Put_Azure_us-central 17255
Put_Thrift_Server_Storage_us-central 17365
Put_Azure_us-central 25774
Put_Thrift_Server_Storage_us-central 25912
Put_Azure_us-central 19234
Put_Thrift_Server_Storage_us-central 19384
Put_Azure_us-central 30247
Put_Thrift_Server_Storage_us-central 30389
Put_Azure_us-central 15817
Put_Thrift_Server_Storage_us-central 15923
Put_Azure_us-central 17148
Put_Thrift_Server_Storage_us-central 17270
Put_Azure_us-central 21612
Put_Thrift_Server_Storage_us-central 21739
Put_Azure_us-central 17701
Put_Thrift_Server_Storage_us-central 17990
Put_Azure_us-central 26041
Put_Thrift_Server_Storage_us-central 26172
Put_Azure_us-central 19049
Put_Thrift_Server_Storage_us-central 19195
Put_Azure_us-central 18605
Put_Thrift_Server_Storage_us-central 18713
Put_Azure_us-central 16038
Put_Thrift_Server_Storage_us-central 16187
Put_Azure_us-central 15183
Put_Thrift_Server_Storage_us-central 15356
Put_Azure_us-central 20556
Put_Thrift_Server_Storage_us-central 20684
Put_Azure_us-central 16296
Put_Thrift_Server_Storage_us-central 16429
Put_Azure_us-central 18957
Put_Thrift_Server_Storage_us-central 19086
Put_Azure_us-central 15544
Put_Thrift_Server_Storage_us-central 15676
Put_Azure_us-central 16408
Put_Thrift_Server_Storage_us-central 16564
Put_Azure_us-central 21583
Put_Thrift_Server_Storage_us-central 21709
Put_Azure_us-central 15985
Put_Thrift_Server_Storage_us-central 16133
Put_Azure_us-central 21762
Put_Thrift_Server_Storage_us-central 21915
Put_Azure_us-central 14679
Put_Thrift_Server_Storage_us-central 14800
Put_Azure_us-central 15114
Put_Thrift_Server_Storage_us-central 15222
Put_Azure_us-central 16022
Put_Thrift_Server_Storage_us-central 16163
Put_Azure_us-central 16181
Put_Thrift_Server_Storage_us-central 16284
Put_Azure_us-central 17334
Put_Thrift_Server_Storage_us-central 17444
Put_Azure_us-central 15538
Put_Thrift_Server_Storage_us-central 15666
Put_Azure_us-central 16203
Put_Thrift_Server_Storage_us-central 16309
Put_Azure_us-central 15936
Put_Thrift_Server_Storage_us-central 16091
Put_Azure_us-central 14963
Put_Thrift_Server_Storage_us-central 15083
Put_Azure_us-central 14910
Put_Thrift_Server_Storage_us-central 15053
Put_Azure_us-central 14977
Put_Thrift_Server_Storage_us-central 15106
Put_Azure_us-central 14813
Put_Thrift_Server_Storage_us-central 14934
Put_Azure_us-central 24669
Put_Thrift_Server_Storage_us-central 24769
Put_Azure_us-central 15562
Put_Thrift_Server_Storage_us-central 15662
Put_Azure_us-central 39398
Put_Thrift_Server_Storage_us-central 39532
Put_Azure_us-central 24251
Put_Thrift_Server_Storage_us-central 24390
Put_Azure_us-central 15672
Put_Thrift_Server_Storage_us-central 15794
Put_Azure_us-central 13769
Put_Thrift_Server_Storage_us-central 13881
Put_Azure_us-central 15607
Put_Thrift_Server_Storage_us-central 15715
Put_Azure_us-central 22515
Put_Thrift_Server_Storage_us-central 22662
Put_Azure_us-central 13744
Put_Thrift_Server_Storage_us-central 13867
Put_Azure_us-central 14389
Put_Thrift_Server_Storage_us-central 14523
Put_Azure_us-central 15813
Put_Thrift_Server_Storage_us-central 15938
Put_Azure_us-central 15880
Put_Thrift_Server_Storage_us-central 16020
Put_Azure_us-central 18805
Put_Thrift_Server_Storage_us-central 18937
Put_Azure_us-central 15004
Put_Thrift_Server_Storage_us-central 15100
Put_Azure_us-central 14546
Put_Thrift_Server_Storage_us-central 14652
Put_Azure_us-central 16360
Put_Thrift_Server_Storage_us-central 16480
Put_Azure_us-central 19300
Put_Thrift_Server_Storage_us-central 19409
Put_Azure_us-central 15942
Put_Thrift_Server_Storage_us-central 16043
Put_Azure_us-central 16610
Put_Thrift_Server_Storage_us-central 16748
Put_Azure_us-central 15917
Put_Thrift_Server_Storage_us-central 16049
Put_Azure_us-central 19227
Put_Thrift_Server_Storage_us-central 19383
Put_Azure_us-central 23940
Put_Thrift_Server_Storage_us-central 24082
Put_Azure_us-central 18292
Put_Thrift_Server_Storage_us-central 18418
Put_Azure_us-central 25111
Put_Thrift_Server_Storage_us-central 25229
Put_Azure_us-central 17050
Put_Thrift_Server_Storage_us-central 17169
Put_Azure_us-central 17420
Put_Thrift_Server_Storage_us-central 17567
Put_Azure_us-central 15487
Put_Thrift_Server_Storage_us-central 15632
Put_Azure_us-central 19282
Put_Thrift_Server_Storage_us-central 19432
Put_Azure_us-central 16353
Put_Thrift_Server_Storage_us-central 16488
Put_Azure_us-central 17211
Put_Thrift_Server_Storage_us-central 17339
Put_Azure_us-central 17197
Put_Thrift_Server_Storage_us-central 17320
Put_Azure_us-central 17076
Put_Thrift_Server_Storage_us-central 17196
Put_Azure_us-central 84779
Put_Thrift_Server_Storage_us-central 84889
Put_Azure_us-central 16662
Put_Thrift_Server_Storage_us-central 16768
Put_Azure_us-central 15506
Put_Thrift_Server_Storage_us-central 15603
Put_Azure_us-central 15836
Put_Thrift_Server_Storage_us-central 15964
Put_Azure_us-central 16901
Put_Thrift_Server_Storage_us-central 17032
Put_Azure_us-central 17277
Put_Thrift_Server_Storage_us-central 17392
Put_Azure_us-central 20332
Put_Thrift_Server_Storage_us-central 20450
Put_Azure_us-central 14424
Put_Thrift_Server_Storage_us-central 14524
