Put_Thrift_Server_Storage_us-west-central 14758
Put_Azure_us-west-central 13784
Put_Thrift_Server_Storage_us-west-central 13855
Put_Azure_us-west-central 13605
Put_Thrift_Server_Storage_us-west-central 13714
Put_Azure_us-west-central 14105
Put_Thrift_Server_Storage_us-west-central 14252
Put_Azure_us-west-central 14249
Put_Thrift_Server_Storage_us-west-central 14335
Put_Azure_us-west-central 13581
Put_Thrift_Server_Storage_us-west-central 13668
Put_Azure_us-west-central 13670
Put_Thrift_Server_Storage_us-west-central 13754
Put_Azure_us-west-central 13770
Put_Thrift_Server_Storage_us-west-central 13863
Put_Azure_us-west-central 15299
Put_Thrift_Server_Storage_us-west-central 15451
Put_Azure_us-west-central 14562
Put_Thrift_Server_Storage_us-west-central 14683
Put_Azure_us-west-central 14553
Put_Thrift_Server_Storage_us-west-central 14640
Put_Azure_us-west-central 13994
Put_Thrift_Server_Storage_us-west-central 14080
Put_Azure_us-west-central 13674
Put_Thrift_Server_Storage_us-west-central 13781
Put_Azure_us-west-central 14149
Put_Thrift_Server_Storage_us-west-central 14237
Put_Azure_us-west-central 84525
Put_Thrift_Server_Storage_us-west-central 84634
Put_Azure_us-west-central 14454
Put_Thrift_Server_Storage_us-west-central 14619
Put_Azure_us-west-central 13777
Put_Thrift_Server_Storage_us-west-central 13899
Put_Azure_us-west-central 89801
Put_Thrift_Server_Storage_us-west-central 89877
Put_Azure_us-west-central 14353
Put_Thrift_Server_Storage_us-west-central 14429
Put_Azure_us-west-central 13994
Put_Thrift_Server_Storage_us-west-central 14100
Put_Azure_us-west-central 14042
Put_Thrift_Server_Storage_us-west-central 14114
Put_Azure_us-west-central 13867
Put_Thrift_Server_Storage_us-west-central 13975
Put_Azure_us-west-central 13115
Put_Thrift_Server_Storage_us-west-central 13191
Put_Azure_us-west-central 18529
Put_Thrift_Server_Storage_us-west-central 18613
Put_Azure_us-west-central 13192
Put_Thrift_Server_Storage_us-west-central 13284
Put_Azure_us-west-central 14341
Put_Thrift_Server_Storage_us-west-central 14432
Put_Azure_us-west-central 13594
Put_Thrift_Server_Storage_us-west-central 13704
Put_Azure_us-west-central 13453
Put_Thrift_Server_Storage_us-west-central 13532
Put_Azure_us-west-central 13579
Put_Thrift_Server_Storage_us-west-central 13657
Put_Azure_us-west-central 13827
Put_Thrift_Server_Storage_us-west-central 13913
Put_Azure_us-west-central 14318
Put_Thrift_Server_Storage_us-west-central 14438
Put_Azure_us-west-central 13759
Put_Thrift_Server_Storage_us-west-central 13879
Put_Azure_us-west-central 14492
Put_Thrift_Server_Storage_us-west-central 14584
Put_Azure_us-west-central 13553
Put_Thrift_Server_Storage_us-west-central 13655
Put_Azure_us-west-central 13953
Put_Thrift_Server_Storage_us-west-central 14036
Put_Azure_us-west-central 14311
Put_Thrift_Server_Storage_us-west-central 14419
Put_Azure_us-west-central 18081
Put_Thrift_Server_Storage_us-west-central 18171
Put_Azure_us-west-central 14090
Put_Thrift_Server_Storage_us-west-central 14160
Put_Azure_us-west-central 14460
Put_Thrift_Server_Storage_us-west-central 14560
Put_Azure_us-west-central 13939
Put_Thrift_Server_Storage_us-west-central 14039
Put_Azure_us-west-central 13969
Put_Thrift_Server_Storage_us-west-central 14081
Put_Azure_us-west-central 13253
Put_Thrift_Server_Storage_us-west-central 13357
Put_Azure_us-west-central 12904
Put_Thrift_Server_Storage_us-west-central 12981
Put_Azure_us-west-central 12228
Put_Thrift_Server_Storage_us-west-central 12335
Put_Azure_us-west-central 12852
Put_Thrift_Server_Storage_us-west-central 12941
Put_Azure_us-west-central 16128
Put_Thrift_Server_Storage_us-west-central 16208
Put_Azure_us-west-central 12702
Put_Thrift_Server_Storage_us-west-central 12793
Put_Azure_us-west-central 13632
Put_Thrift_Server_Storage_us-west-central 13727
Put_Azure_us-west-central 12256
Put_Thrift_Server_Storage_us-west-central 12357
Put_Azure_us-west-central 12860
Put_Thrift_Server_Storage_us-west-central 12982
Put_Azure_us-west-central 13271
Put_Thrift_Server_Storage_us-west-central 13366
Put_Azure_us-west-central 12820
Put_Thrift_Server_Storage_us-west-central 12899
Put_Azure_us-west-central 13390
Put_Thrift_Server_Storage_us-west-central 13467
Put_Azure_us-west-central 13244
Put_Thrift_Server_Storage_us-west-central 13344
Put_Azure_us-west-central 12226
Put_Thrift_Server_Storage_us-west-central 12347
Put_Azure_us-west-central 13430
Put_Thrift_Server_Storage_us-west-central 13534
Put_Azure_us-west-central 13018
Put_Thrift_Server_Storage_us-west-central 13116
Put_Azure_us-west-central 12846
Put_Thrift_Server_Storage_us-west-central 12968
Put_Azure_us-west-central 13136
Put_Thrift_Server_Storage_us-west-central 13221
Put_Azure_us-west-central 14101
Put_Thrift_Server_Storage_us-west-central 14193
Put_Azure_us-west-central 12953
Put_Thrift_Server_Storage_us-west-central 13024
Put_Azure_us-west-central 13573
Put_Thrift_Server_Storage_us-west-central 13700
Put_Azure_us-west-central 12165
Put_Thrift_Server_Storage_us-west-central 12234
Put_Azure_us-west-central 13420
Put_Thrift_Server_Storage_us-west-central 13504
Put_Azure_us-west-central 15101
Put_Thrift_Server_Storage_us-west-central 15192
Put_Azure_us-west-central 12622
Put_Thrift_Server_Storage_us-west-central 12714
Put_Azure_us-west-central 12950
Put_Thrift_Server_Storage_us-west-central 13116
Put_Azure_us-west-central 13289
Put_Thrift_Server_Storage_us-west-central 13398
Put_Azure_us-west-central 16462
Put_Thrift_Server_Storage_us-west-central 16535
Put_Azure_us-west-central 14372
Put_Thrift_Server_Storage_us-west-central 14439
Put_Azure_us-west-central 13610
Put_Thrift_Server_Storage_us-west-central 13699
Put_Azure_us-west-central 13584
Put_Thrift_Server_Storage_us-west-central 13669
Put_Azure_us-west-central 34940
Put_Thrift_Server_Storage_us-west-central 35076
Put_Azure_us-west-central 12696
Put_Thrift_Server_Storage_us-west-central 12811
Put_Azure_us-west-central 13545
Put_Thrift_Server_Storage_us-west-central 13656
Put_Azure_us-west-central 12588
Put_Thrift_Server_Storage_us-west-central 12692
Put_Azure_us-west-central 14409
Put_Thrift_Server_Storage_us-west-central 14512
Put_Azure_us-west-central 14865
Put_Thrift_Server_Storage_us-west-central 14968
Put_Azure_us-west-central 13199
Put_Thrift_Server_Storage_us-west-central 13319
Put_Azure_us-west-central 13316
Put_Thrift_Server_Storage_us-west-central 13388
Put_Azure_us-west-central 12278
Put_Thrift_Server_Storage_us-west-central 12362
Put_Azure_us-west-central 14675
Put_Thrift_Server_Storage_us-west-central 14769
Put_Azure_us-west-central 12341
Put_Thrift_Server_Storage_us-west-central 12448
Put_Azure_us-west-central 12990
Put_Thrift_Server_Storage_us-west-central 13118
Put_Azure_us-west-central 13971
Put_Thrift_Server_Storage_us-west-central 14065
Put_Azure_us-west-central 12659
Put_Thrift_Server_Storage_us-west-central 12748
Put_Azure_us-west-central 12658
Put_Thrift_Server_Storage_us-west-central 12767
Put_Azure_us-west-central 11948
Put_Thrift_Server_Storage_us-west-central 12021
Put_Azure_us-west-central 14734
Put_Thrift_Server_Storage_us-west-central 14846
Put_Azure_us-west-central 13601
Put_Thrift_Server_Storage_us-west-central 13702
Put_Azure_us-west-central 12377
Put_Thrift_Server_Storage_us-west-central 12472
Put_Azure_us-west-central 12312
Put_Thrift_Server_Storage_us-west-central 12568
Put_Azure_us-west-central 13146
Put_Thrift_Server_Storage_us-west-central 13236
Put_Azure_us-west-central 13958
Put_Thrift_Server_Storage_us-west-central 14048
Put_Azure_us-west-central 12856
Put_Thrift_Server_Storage_us-west-central 12958
Put_Azure_us-west-central 12795
Put_Thrift_Server_Storage_us-west-central 12884
Put_Azure_us-west-central 13635
Put_Thrift_Server_Storage_us-west-central 13759
Put_Azure_us-west-central 13372
Put_Thrift_Server_Storage_us-west-central 13460
Put_Azure_us-west-central 13523
Put_Thrift_Server_Storage_us-west-central 13636
Put_Azure_us-west-central 12761
Put_Thrift_Server_Storage_us-west-central 12891
Put_Azure_us-west-central 12646
Put_Thrift_Server_Storage_us-west-central 12733
Put_Azure_us-west-central 12040
Put_Thrift_Server_Storage_us-west-central 12137
Put_Azure_us-west-central 14745
Put_Thrift_Server_Storage_us-west-central 14828
Put_Azure_us-west-central 13617
Put_Thrift_Server_Storage_us-west-central 13687
Put_Azure_us-west-central 11950
Put_Thrift_Server_Storage_us-west-central 12043
Put_Azure_us-west-central 12666
Put_Thrift_Server_Storage_us-west-central 12796
Put_Azure_us-west-central 12514
Put_Thrift_Server_Storage_us-west-central 12596
Put_Azure_us-west-central 13314
Put_Thrift_Server_Storage_us-west-central 13380
Put_Azure_us-west-central 13903
Put_Thrift_Server_Storage_us-west-central 13981
Put_Azure_us-west-central 12116
Put_Thrift_Server_Storage_us-west-central 12193
Put_Azure_us-west-central 12358
Put_Thrift_Server_Storage_us-west-central 12442
Put_Azure_us-west-central 12042
Put_Thrift_Server_Storage_us-west-central 12125
Put_Azure_us-west-central 12462
Put_Thrift_Server_Storage_us-west-central 12547
Put_Azure_us-west-central 12935
Put_Thrift_Server_Storage_us-west-central 13030
Put_Azure_us-west-central 12953
Put_Thrift_Server_Storage_us-west-central 13049
Put_Azure_us-west-central 13176
Put_Thrift_Server_Storage_us-west-central 13288
Put_Azure_us-west-central 12501
Put_Thrift_Server_Storage_us-west-central 12597
Put_Azure_us-west-central 13826
Put_Thrift_Server_Storage_us-west-central 13987
Put_Azure_us-west-central 12396
Put_Thrift_Server_Storage_us-west-central 12483
Put_Azure_us-west-central 14102
Put_Thrift_Server_Storage_us-west-central 14187
Put_Azure_us-west-central 12851
Put_Thrift_Server_Storage_us-west-central 12933
Put_Azure_us-west-central 12100
Put_Thrift_Server_Storage_us-west-central 12169
Put_Azure_us-west-central 14051
Put_Thrift_Server_Storage_us-west-central 14148
Put_Azure_us-west-central 12715
Put_Thrift_Server_Storage_us-west-central 12808
Put_Azure_us-west-central 13455
Put_Thrift_Server_Storage_us-west-central 13569
Put_Azure_us-west-central 13066
Put_Thrift_Server_Storage_us-west-central 13159
Put_Azure_us-west-central 12304
Put_Thrift_Server_Storage_us-west-central 12426
Put_Azure_us-west-central 13980
Put_Thrift_Server_Storage_us-west-central 14102
Put_Azure_us-west-central 12433
Put_Thrift_Server_Storage_us-west-central 12532
Put_Azure_us-west-central 12704
Put_Thrift_Server_Storage_us-west-central 12773
Put_Azure_us-west-central 13423
Put_Thrift_Server_Storage_us-west-central 13526
Put_Azure_us-west-central 13027
Put_Thrift_Server_Storage_us-west-central 13103
Put_Azure_us-west-central 14449
Put_Thrift_Server_Storage_us-west-central 14542
Put_Azure_us-west-central 12425
Put_Thrift_Server_Storage_us-west-central 12516
Put_Azure_us-west-central 12661
Put_Thrift_Server_Storage_us-west-central 12750
Put_Azure_us-west-central 13074
Put_Thrift_Server_Storage_us-west-central 13160
Put_Azure_us-west-central 11831
Put_Thrift_Server_Storage_us-west-central 11940
Put_Azure_us-west-central 13867
Put_Thrift_Server_Storage_us-west-central 13967
Put_Azure_us-west-central 15654
Put_Thrift_Server_Storage_us-west-central 16091
Put_Azure_us-west-central 12612
Put_Thrift_Server_Storage_us-west-central 12725
Put_Azure_us-west-central 14346
Put_Thrift_Server_Storage_us-west-central 14453
Put_Azure_us-west-central 12546
Put_Thrift_Server_Storage_us-west-central 12650
Put_Azure_us-west-central 13535
Put_Thrift_Server_Storage_us-west-central 13623
Put_Azure_us-west-central 13667
Put_Thrift_Server_Storage_us-west-central 13765
Put_Azure_us-west-central 12423
Put_Thrift_Server_Storage_us-west-central 12512
Put_Azure_us-west-central 12670
Put_Thrift_Server_Storage_us-west-central 12759
Put_Azure_us-west-central 13453
Put_Thrift_Server_Storage_us-west-central 13541
Put_Azure_us-west-central 12370
Put_Thrift_Server_Storage_us-west-central 12448
Put_Azure_us-west-central 13155
Put_Thrift_Server_Storage_us-west-central 13245
Put_Azure_us-west-central 13229
Put_Thrift_Server_Storage_us-west-central 13391
Put_Azure_us-west-central 12650
Put_Thrift_Server_Storage_us-west-central 12728
Put_Azure_us-west-central 13968
Put_Thrift_Server_Storage_us-west-central 14051
Put_Azure_us-west-central 34805
Put_Thrift_Server_Storage_us-west-central 34892
Put_Azure_us-west-central 13007
Put_Thrift_Server_Storage_us-west-central 13126
Put_Azure_us-west-central 12642
Put_Thrift_Server_Storage_us-west-central 12726
Put_Azure_us-west-central 17379
Put_Thrift_Server_Storage_us-west-central 17475
Put_Azure_us-west-central 14041
Put_Thrift_Server_Storage_us-west-central 14129
Put_Azure_us-west-central 12169
Put_Thrift_Server_Storage_us-west-central 12275
Put_Azure_us-west-central 13412
Put_Thrift_Server_Storage_us-west-central 13507
Put_Azure_us-west-central 12725
Put_Thrift_Server_Storage_us-west-central 12829
Put_Azure_us-west-central 12470
Put_Thrift_Server_Storage_us-west-central 12538
Put_Azure_us-west-central 15547
Put_Thrift_Server_Storage_us-west-central 15650
Put_Azure_us-west-central 13136
Put_Thrift_Server_Storage_us-west-central 13215
Put_Azure_us-west-central 364825
Put_Thrift_Server_Storage_us-west-central 364907
Put_Azure_us-west-central 13054
Put_Thrift_Server_Storage_us-west-central 13170
Put_Azure_us-west-central 13315
Put_Thrift_Server_Storage_us-west-central 13420
Put_Azure_us-west-central 13790
Put_Thrift_Server_Storage_us-west-central 13880
Put_Azure_us-west-central 12553
Put_Thrift_Server_Storage_us-west-central 12645
Put_Azure_us-west-central 12713
Put_Thrift_Server_Storage_us-west-central 12804
Put_Azure_us-west-central 13100
Put_Thrift_Server_Storage_us-west-central 13213
Put_Azure_us-west-central 12803
Put_Thrift_Server_Storage_us-west-central 12873
Put_Azure_us-west-central 13871
Put_Thrift_Server_Storage_us-west-central 13941
Put_Azure_us-west-central 11759
Put_Thrift_Server_Storage_us-west-central 11849
Put_Azure_us-west-central 12537
Put_Thrift_Server_Storage_us-west-central 12663
Put_Azure_us-west-central 12734
Put_Thrift_Server_Storage_us-west-central 12822
Put_Azure_us-west-central 12863
Put_Thrift_Server_Storage_us-west-central 12954
Put_Azure_us-west-central 13839
Put_Thrift_Server_Storage_us-west-central 13978
Put_Azure_us-west-central 12996
Put_Thrift_Server_Storage_us-west-central 13063
Put_Azure_us-west-central 14088
Put_Thrift_Server_Storage_us-west-central 14170
Put_Azure_us-west-central 12350
Put_Thrift_Server_Storage_us-west-central 12419
Put_Azure_us-west-central 12307
Put_Thrift_Server_Storage_us-west-central 12380
Put_Azure_us-west-central 13197
Put_Thrift_Server_Storage_us-west-central 13285
Put_Azure_us-west-central 12260
Put_Thrift_Server_Storage_us-west-central 12379
Put_Azure_us-west-central 11971
Put_Thrift_Server_Storage_us-west-central 12084
Put_Azure_us-west-central 13112
Put_Thrift_Server_Storage_us-west-central 13201
Put_Azure_us-west-central 12326
Put_Thrift_Server_Storage_us-west-central 12406
Put_Azure_us-west-central 13747
Put_Thrift_Server_Storage_us-west-central 13853
Put_Azure_us-west-central 41883
Put_Thrift_Server_Storage_us-west-central 41995
Put_Azure_us-west-central 12752
Put_Thrift_Server_Storage_us-west-central 12844
Put_Azure_us-west-central 13055
Put_Thrift_Server_Storage_us-west-central 13165
Put_Azure_us-west-central 12819
Put_Thrift_Server_Storage_us-west-central 12908
Put_Azure_us-west-central 32639
Put_Thrift_Server_Storage_us-west-central 32751
Put_Azure_us-west-central 13359
Put_Thrift_Server_Storage_us-west-central 13441
Put_Azure_us-west-central 12751
Put_Thrift_Server_Storage_us-west-central 12869
Put_Azure_us-west-central 12687
Put_Thrift_Server_Storage_us-west-central 12785
Put_Azure_us-west-central 11951
Put_Thrift_Server_Storage_us-west-central 12035
Put_Azure_us-west-central 14060
Put_Thrift_Server_Storage_us-west-central 14153
Put_Azure_us-west-central 68962
Put_Thrift_Server_Storage_us-west-central 69062
Put_Azure_us-west-central 13005
Put_Thrift_Server_Storage_us-west-central 13114
Put_Azure_us-west-central 12748
Put_Thrift_Server_Storage_us-west-central 12862
Put_Azure_us-west-central 12275
Put_Thrift_Server_Storage_us-west-central 12359
Put_Azure_us-west-central 14730
Put_Thrift_Server_Storage_us-west-central 14854
Put_Azure_us-west-central 11949
Put_Thrift_Server_Storage_us-west-central 12029
Put_Azure_us-west-central 12823
Put_Thrift_Server_Storage_us-west-central 12920
Put_Azure_us-west-central 12706
Put_Thrift_Server_Storage_us-west-central 12788
Put_Azure_us-west-central 14085
Put_Thrift_Server_Storage_us-west-central 14182
Put_Azure_us-west-central 12801
Put_Thrift_Server_Storage_us-west-central 12895
Put_Azure_us-west-central 15089
Put_Thrift_Server_Storage_us-west-central 15160
Put_Azure_us-west-central 12568
Put_Thrift_Server_Storage_us-west-central 12679
Put_Azure_us-west-central 12358
Put_Thrift_Server_Storage_us-west-central 12445
Put_Azure_us-west-central 13392
Put_Thrift_Server_Storage_us-west-central 13490
Put_Azure_us-west-central 12524
Put_Thrift_Server_Storage_us-west-central 12604
Put_Azure_us-west-central 12502
Put_Thrift_Server_Storage_us-west-central 12588
Put_Azure_us-west-central 12168
Put_Thrift_Server_Storage_us-west-central 12266
Put_Azure_us-west-central 12220
Put_Thrift_Server_Storage_us-west-central 12328
Put_Azure_us-west-central 14174
Put_Thrift_Server_Storage_us-west-central 14272
Put_Azure_us-west-central 13219
Put_Thrift_Server_Storage_us-west-central 13292
Put_Azure_us-west-central 12401
Put_Thrift_Server_Storage_us-west-central 12490
Put_Azure_us-west-central 12405
Put_Thrift_Server_Storage_us-west-central 12496
Put_Azure_us-west-central 12376
Put_Thrift_Server_Storage_us-west-central 12457
Put_Azure_us-west-central 72618
Put_Thrift_Server_Storage_us-west-central 72710
Put_Azure_us-west-central 12302
Put_Thrift_Server_Storage_us-west-central 12391
Put_Azure_us-west-central 12181
Put_Thrift_Server_Storage_us-west-central 12327
Put_Azure_us-west-central 12757
Put_Thrift_Server_Storage_us-west-central 12896
Put_Azure_us-west-central 12206
Put_Thrift_Server_Storage_us-west-central 12282
Put_Azure_us-west-central 13624
Put_Thrift_Server_Storage_us-west-central 13707
Put_Azure_us-west-central 11798
Put_Thrift_Server_Storage_us-west-central 11907
Put_Azure_us-west-central 13178
Put_Thrift_Server_Storage_us-west-central 13305
Put_Azure_us-west-central 12714
Put_Thrift_Server_Storage_us-west-central 12843
Put_Azure_us-west-central 12326
Put_Thrift_Server_Storage_us-west-central 12410
Put_Azure_us-west-central 14040
Put_Thrift_Server_Storage_us-west-central 14161
Put_Azure_us-west-central 13062
Put_Thrift_Server_Storage_us-west-central 13186
Put_Azure_us-west-central 13627
Put_Thrift_Server_Storage_us-west-central 13753
Put_Azure_us-west-central 12218
Put_Thrift_Server_Storage_us-west-central 12307
Put_Azure_us-west-central 12040
Put_Thrift_Server_Storage_us-west-central 12175
Put_Azure_us-west-central 13866
Put_Thrift_Server_Storage_us-west-central 14014
Put_Azure_us-west-central 12724
Put_Thrift_Server_Storage_us-west-central 12815
Put_Azure_us-west-central 12998
Put_Thrift_Server_Storage_us-west-central 13084
Put_Azure_us-west-central 12491
Put_Thrift_Server_Storage_us-west-central 12588
Put_Azure_us-west-central 13165
Put_Thrift_Server_Storage_us-west-central 13256
Put_Azure_us-west-central 14108
Put_Thrift_Server_Storage_us-west-central 14199
Put_Azure_us-west-central 12019
Put_Thrift_Server_Storage_us-west-central 12097
Put_Azure_us-west-central 12859
Put_Thrift_Server_Storage_us-west-central 12955
Put_Azure_us-west-central 12973
Put_Thrift_Server_Storage_us-west-central 13064
Put_Azure_us-west-central 14393
Put_Thrift_Server_Storage_us-west-central 14460
Put_Azure_us-west-central 12510
Put_Thrift_Server_Storage_us-west-central 12615
Put_Azure_us-west-central 13448
Put_Thrift_Server_Storage_us-west-central 13531
Put_Azure_us-west-central 11811
Put_Thrift_Server_Storage_us-west-central 11883
Put_Azure_us-west-central 12835
Put_Thrift_Server_Storage_us-west-central 12919
Put_Azure_us-west-central 14233
Put_Thrift_Server_Storage_us-west-central 14325
Put_Azure_us-west-central 12205
Put_Thrift_Server_Storage_us-west-central 12279
Put_Azure_us-west-central 13715
Put_Thrift_Server_Storage_us-west-central 13817
Put_Azure_us-west-central 12777
Put_Thrift_Server_Storage_us-west-central 12885
Put_Azure_us-west-central 11619
Put_Thrift_Server_Storage_us-west-central 11698
Put_Azure_us-west-central 13806
Put_Thrift_Server_Storage_us-west-central 13889
Put_Azure_us-west-central 12263
Put_Thrift_Server_Storage_us-west-central 12363
Put_Azure_us-west-central 12775
Put_Thrift_Server_Storage_us-west-central 12858
Put_Azure_us-west-central 12374
Put_Thrift_Server_Storage_us-west-central 12502
Put_Azure_us-west-central 13106
Put_Thrift_Server_Storage_us-west-central 13205
Put_Azure_us-west-central 13836
Put_Thrift_Server_Storage_us-west-central 13927
Put_Azure_us-west-central 11889
Put_Thrift_Server_Storage_us-west-central 11963
Put_Azure_us-west-central 12827
Put_Thrift_Server_Storage_us-west-central 12906
Put_Azure_us-west-central 11982
Put_Thrift_Server_Storage_us-west-central 12054
Put_Azure_us-west-central 12888
Put_Thrift_Server_Storage_us-west-central 12974
Put_Azure_us-west-central 13543
Put_Thrift_Server_Storage_us-west-central 13629
Put_Azure_us-west-central 12318
Put_Thrift_Server_Storage_us-west-central 12410
Put_Azure_us-west-central 12638
Put_Thrift_Server_Storage_us-west-central 12721
Put_Azure_us-west-central 12254
Put_Thrift_Server_Storage_us-west-central 12334
Put_Azure_us-west-central 12426
Put_Thrift_Server_Storage_us-west-central 12506
Put_Azure_us-west-central 13615
Put_Thrift_Server_Storage_us-west-central 13710
Put_Azure_us-west-central 12840
Put_Thrift_Server_Storage_us-west-central 12918
Put_Azure_us-west-central 13188
Put_Thrift_Server_Storage_us-west-central 13315
Put_Azure_us-west-central 13102
Put_Thrift_Server_Storage_us-west-central 13195
Put_Azure_us-west-central 13643
Put_Thrift_Server_Storage_us-west-central 13719
Put_Azure_us-west-central 37376
Put_Thrift_Server_Storage_us-west-central 37469
Put_Azure_us-west-central 12585
Put_Thrift_Server_Storage_us-west-central 12664
Put_Azure_us-west-central 13534
Put_Thrift_Server_Storage_us-west-central 13611
Put_Azure_us-west-central 73173
Put_Thrift_Server_Storage_us-west-central 73254
Put_Azure_us-west-central 13384
Put_Thrift_Server_Storage_us-west-central 13458
Put_Azure_us-west-central 12201
Put_Thrift_Server_Storage_us-west-central 12290
Put_Azure_us-west-central 12462
Put_Thrift_Server_Storage_us-west-central 12561
Put_Azure_us-west-central 12249
Put_Thrift_Server_Storage_us-west-central 12332
Put_Azure_us-west-central 12685
Put_Thrift_Server_Storage_us-west-central 12799
Put_Azure_us-west-central 14176
Put_Thrift_Server_Storage_us-west-central 14276
Put_Azure_us-west-central 12612
Put_Thrift_Server_Storage_us-west-central 12693
Put_Azure_us-west-central 12766
Put_Thrift_Server_Storage_us-west-central 12867
Put_Azure_us-west-central 12551
Put_Thrift_Server_Storage_us-west-central 12634
Put_Azure_us-west-central 12552
Put_Thrift_Server_Storage_us-west-central 12646
Put_Azure_us-west-central 34508
Put_Thrift_Server_Storage_us-west-central 34634
Put_Azure_us-west-central 12819
Put_Thrift_Server_Storage_us-west-central 12902
Put_Azure_us-west-central 12901
Put_Thrift_Server_Storage_us-west-central 12985
Put_Azure_us-west-central 12249
Put_Thrift_Server_Storage_us-west-central 12313
Put_Azure_us-west-central 16046
Put_Thrift_Server_Storage_us-west-central 16151
Put_Azure_us-west-central 14179
Put_Thrift_Server_Storage_us-west-central 14275
Put_Azure_us-west-central 13245
Put_Thrift_Server_Storage_us-west-central 13330
Put_Azure_us-west-central 12334
Put_Thrift_Server_Storage_us-west-central 12412
Put_Azure_us-west-central 12049
Put_Thrift_Server_Storage_us-west-central 12139
Put_Azure_us-west-central 12361
Put_Thrift_Server_Storage_us-west-central 12446
Put_Azure_us-west-central 13780
Put_Thrift_Server_Storage_us-west-central 13866
Put_Azure_us-west-central 11890
Put_Thrift_Server_Storage_us-west-central 11983
Put_Azure_us-west-central 12604
Put_Thrift_Server_Storage_us-west-central 12679
Put_Azure_us-west-central 12363
Put_Thrift_Server_Storage_us-west-central 12490
Put_Azure_us-west-central 12466
Put_Thrift_Server_Storage_us-west-central 12563
Put_Azure_us-west-central 13524
Put_Thrift_Server_Storage_us-west-central 13623
Put_Azure_us-west-central 11993
Put_Thrift_Server_Storage_us-west-central 12074
Put_Azure_us-west-central 12871
Put_Thrift_Server_Storage_us-west-central 12949
Put_Azure_us-west-central 12793
Put_Thrift_Server_Storage_us-west-central 12879
Put_Azure_us-west-central 12554
Put_Thrift_Server_Storage_us-west-central 12656
Put_Azure_us-west-central 14054
Put_Thrift_Server_Storage_us-west-central 14155
Put_Azure_us-west-central 13533
Put_Thrift_Server_Storage_us-west-central 13612
Put_Azure_us-west-central 12587
Put_Thrift_Server_Storage_us-west-central 12665
Put_Azure_us-west-central 12394
Put_Thrift_Server_Storage_us-west-central 12469
Put_Azure_us-west-central 13212
Put_Thrift_Server_Storage_us-west-central 13313
Put_Azure_us-west-central 12811
Put_Thrift_Server_Storage_us-west-central 12934
Put_Azure_us-west-central 16949
Put_Thrift_Server_Storage_us-west-central 17012
Put_Azure_us-west-central 12578
Put_Thrift_Server_Storage_us-west-central 12666
Put_Azure_us-west-central 12782
Put_Thrift_Server_Storage_us-west-central 12866
Put_Azure_us-west-central 13651
Put_Thrift_Server_Storage_us-west-central 13772
Put_Azure_us-west-central 12598
Put_Thrift_Server_Storage_us-west-central 12691
Put_Azure_us-west-central 13317
Put_Thrift_Server_Storage_us-west-central 13404
Put_Azure_us-west-central 19416
Put_Thrift_Server_Storage_us-west-central 19502
Put_Azure_us-west-central 12360
Put_Thrift_Server_Storage_us-west-central 12440
Put_Azure_us-west-central 17593
Put_Thrift_Server_Storage_us-west-central 17672
Put_Azure_us-west-central 12888
Put_Thrift_Server_Storage_us-west-central 12967
Put_Azure_us-west-central 12923
Put_Thrift_Server_Storage_us-west-central 13039
Put_Azure_us-west-central 13103
Put_Thrift_Server_Storage_us-west-central 13249
Put_Azure_us-west-central 12859
Put_Thrift_Server_Storage_us-west-central 12941
Put_Azure_us-west-central 13236
Put_Thrift_Server_Storage_us-west-central 13327
Put_Azure_us-west-central 12306
Put_Thrift_Server_Storage_us-west-central 12402
Put_Azure_us-west-central 12225
Put_Thrift_Server_Storage_us-west-central 12314
Put_Azure_us-west-central 12274
Put_Thrift_Server_Storage_us-west-central 12368
Put_Azure_us-west-central 12561
Put_Thrift_Server_Storage_us-west-central 12654
Put_Azure_us-west-central 14340
Put_Thrift_Server_Storage_us-west-central 14511
Put_Azure_us-west-central 12449
Put_Thrift_Server_Storage_us-west-central 12561
Put_Azure_us-west-central 12635
Put_Thrift_Server_Storage_us-west-central 12744
Put_Azure_us-west-central 12476
Put_Thrift_Server_Storage_us-west-central 12597
Put_Azure_us-west-central 12575
Put_Thrift_Server_Storage_us-west-central 12654
Put_Azure_us-west-central 14432
Put_Thrift_Server_Storage_us-west-central 14523
Put_Azure_us-west-central 13264
Put_Thrift_Server_Storage_us-west-central 13400
Put_Azure_us-west-central 13275
Put_Thrift_Server_Storage_us-west-central 13364
Put_Azure_us-west-central 13213
Put_Thrift_Server_Storage_us-west-central 13307
Put_Azure_us-west-central 13361
Put_Thrift_Server_Storage_us-west-central 13448
Put_Azure_us-west-central 12463
Put_Thrift_Server_Storage_us-west-central 12550
Put_Azure_us-west-central 12413
Put_Thrift_Server_Storage_us-west-central 12479
Put_Azure_us-west-central 16894
Put_Thrift_Server_Storage_us-west-central 16970
Put_Azure_us-west-central 13097
Put_Thrift_Server_Storage_us-west-central 13219
Put_Azure_us-west-central 13496
Put_Thrift_Server_Storage_us-west-central 13579
Put_Azure_us-west-central 12346
Put_Thrift_Server_Storage_us-west-central 12432
Put_Azure_us-west-central 12318
Put_Thrift_Server_Storage_us-west-central 12414
Put_Azure_us-west-central 13301
Put_Thrift_Server_Storage_us-west-central 13420
Put_Azure_us-west-central 12517
Put_Thrift_Server_Storage_us-west-central 12618
Put_Azure_us-west-central 13211
Put_Thrift_Server_Storage_us-west-central 13325
Put_Azure_us-west-central 12361
Put_Thrift_Server_Storage_us-west-central 12450
Put_Azure_us-west-central 12711
Put_Thrift_Server_Storage_us-west-central 12788
Put_Azure_us-west-central 12935
Put_Thrift_Server_Storage_us-west-central 13028
Put_Azure_us-west-central 12819
Put_Thrift_Server_Storage_us-west-central 12950
Put_Azure_us-west-central 13702
Put_Thrift_Server_Storage_us-west-central 13770
Put_Azure_us-west-central 11948
Put_Thrift_Server_Storage_us-west-central 12043
Put_Azure_us-west-central 14301
Put_Thrift_Server_Storage_us-west-central 14396
Put_Azure_us-west-central 12057
Put_Thrift_Server_Storage_us-west-central 12142
Put_Azure_us-west-central 12973
Put_Thrift_Server_Storage_us-west-central 13090
Put_Azure_us-west-central 14495
Put_Thrift_Server_Storage_us-west-central 14586
Put_Azure_us-west-central 12109
Put_Thrift_Server_Storage_us-west-central 12190
Put_Azure_us-west-central 12545
Put_Thrift_Server_Storage_us-west-central 12639
Put_Azure_us-west-central 12548
Put_Thrift_Server_Storage_us-west-central 12650
Put_Azure_us-west-central 12620
Put_Thrift_Server_Storage_us-west-central 12704
Put_Azure_us-west-central 13803
Put_Thrift_Server_Storage_us-west-central 13898
Put_Azure_us-west-central 13401
Put_Thrift_Server_Storage_us-west-central 13486
Put_Azure_us-west-central 13535
Put_Thrift_Server_Storage_us-west-central 13623
Put_Azure_us-west-central 14121
Put_Thrift_Server_Storage_us-west-central 14211
Put_Azure_us-west-central 12004
Put_Thrift_Server_Storage_us-west-central 12114
Put_Azure_us-west-central 13334
Put_Thrift_Server_Storage_us-west-central 13409
Put_Azure_us-west-central 12366
Put_Thrift_Server_Storage_us-west-central 12436
Put_Azure_us-west-central 12687
Put_Thrift_Server_Storage_us-west-central 12763
Put_Azure_us-west-central 12124
Put_Thrift_Server_Storage_us-west-central 12227
Put_Azure_us-west-central 13719
Put_Thrift_Server_Storage_us-west-central 13789
Put_Azure_us-west-central 13247
Put_Thrift_Server_Storage_us-west-central 13335
Put_Azure_us-west-central 12358
Put_Thrift_Server_Storage_us-west-central 12448
Put_Azure_us-west-central 11704
Put_Thrift_Server_Storage_us-west-central 11794
Put_Azure_us-west-central 13246
Put_Thrift_Server_Storage_us-west-central 13373
Put_Azure_us-west-central 51538
Put_Thrift_Server_Storage_us-west-central 51620
Put_Azure_us-west-central 11864
Put_Thrift_Server_Storage_us-west-central 11985
Put_Azure_us-west-central 12783
Put_Thrift_Server_Storage_us-west-central 12942
Put_Azure_us-west-central 13634
Put_Thrift_Server_Storage_us-west-central 13740
Put_Azure_us-west-central 11751
Put_Thrift_Server_Storage_us-west-central 11835
Put_Azure_us-west-central 12952
Put_Thrift_Server_Storage_us-west-central 13036
Put_Azure_us-west-central 12522
Put_Thrift_Server_Storage_us-west-central 12629
Put_Azure_us-west-central 12129
Put_Thrift_Server_Storage_us-west-central 12205
Put_Azure_us-west-central 12854
Put_Thrift_Server_Storage_us-west-central 12939
Put_Azure_us-west-central 12536
Put_Thrift_Server_Storage_us-west-central 12636
Put_Azure_us-west-central 13110
Put_Thrift_Server_Storage_us-west-central 13189
Put_Azure_us-west-central 11680
Put_Thrift_Server_Storage_us-west-central 11762
Put_Azure_us-west-central 13112
Put_Thrift_Server_Storage_us-west-central 13213
Put_Azure_us-west-central 13245
Put_Thrift_Server_Storage_us-west-central 13335
Put_Azure_us-west-central 12754
Put_Thrift_Server_Storage_us-west-central 13118
Put_Azure_us-west-central 14372
Put_Thrift_Server_Storage_us-west-central 14460
Put_Azure_us-west-central 13480
Put_Thrift_Server_Storage_us-west-central 13566
Put_Azure_us-west-central 12851
Put_Thrift_Server_Storage_us-west-central 12919
Put_Azure_us-west-central 13866
Put_Thrift_Server_Storage_us-west-central 13964
Put_Azure_us-west-central 16823
Put_Thrift_Server_Storage_us-west-central 16897
Put_Azure_us-west-central 14074
Put_Thrift_Server_Storage_us-west-central 14192
Put_Azure_us-west-central 12884
Put_Thrift_Server_Storage_us-west-central 12989
Put_Azure_us-west-central 11789
Put_Thrift_Server_Storage_us-west-central 11888
Put_Azure_us-west-central 12201
Put_Thrift_Server_Storage_us-west-central 12284
Put_Azure_us-west-central 14124
Put_Thrift_Server_Storage_us-west-central 14217
Put_Azure_us-west-central 12250
Put_Thrift_Server_Storage_us-west-central 12360
Put_Azure_us-west-central 12894
Put_Thrift_Server_Storage_us-west-central 12987
Put_Azure_us-west-central 12341
Put_Thrift_Server_Storage_us-west-central 12405
Put_Azure_us-west-central 12483
Put_Thrift_Server_Storage_us-west-central 12589
Put_Azure_us-west-central 14351
Put_Thrift_Server_Storage_us-west-central 14439
Put_Azure_us-west-central 12797
Put_Thrift_Server_Storage_us-west-central 12900
Put_Azure_us-west-central 13034
Put_Thrift_Server_Storage_us-west-central 13113
Put_Azure_us-west-central 15251
Put_Thrift_Server_Storage_us-west-central 15316
Put_Azure_us-west-central 12569
Put_Thrift_Server_Storage_us-west-central 12657
Put_Azure_us-west-central 14140
Put_Thrift_Server_Storage_us-west-central 14288
Put_Azure_us-west-central 12576
Put_Thrift_Server_Storage_us-west-central 12675
Put_Azure_us-west-central 13465
Put_Thrift_Server_Storage_us-west-central 13561
Put_Azure_us-west-central 87727
Put_Thrift_Server_Storage_us-west-central 87809
Put_Azure_us-west-central 12933
Put_Thrift_Server_Storage_us-west-central 13022
Put_Azure_us-west-central 15562
Put_Thrift_Server_Storage_us-west-central 15627
Put_Azure_us-west-central 12411
Put_Thrift_Server_Storage_us-west-central 12496
Put_Azure_us-west-central 12034
Put_Thrift_Server_Storage_us-west-central 12129
Put_Azure_us-west-central 12387
Put_Thrift_Server_Storage_us-west-central 12480
Put_Azure_us-west-central 12566
Put_Thrift_Server_Storage_us-west-central 12672
Put_Azure_us-west-central 13821
Put_Thrift_Server_Storage_us-west-central 13951
Put_Azure_us-west-central 12189
Put_Thrift_Server_Storage_us-west-central 12316
Put_Azure_us-west-central 13954
Put_Thrift_Server_Storage_us-west-central 14061
Put_Azure_us-west-central 12009
Put_Thrift_Server_Storage_us-west-central 12077
Put_Azure_us-west-central 12403
Put_Thrift_Server_Storage_us-west-central 12496
Put_Azure_us-west-central 13713
Put_Thrift_Server_Storage_us-west-central 13793
Put_Azure_us-west-central 13130
Put_Thrift_Server_Storage_us-west-central 13254
Put_Azure_us-west-central 12838
Put_Thrift_Server_Storage_us-west-central 12926
Put_Azure_us-west-central 12041
Put_Thrift_Server_Storage_us-west-central 12126
Put_Azure_us-west-central 11739
Put_Thrift_Server_Storage_us-west-central 11819
Put_Azure_us-west-central 13367
Put_Thrift_Server_Storage_us-west-central 13435
Put_Azure_us-west-central 26192
Put_Thrift_Server_Storage_us-west-central 26315
Put_Azure_us-west-central 12104
Put_Thrift_Server_Storage_us-west-central 12210
Put_Azure_us-west-central 11886
Put_Thrift_Server_Storage_us-west-central 11968
Put_Azure_us-west-central 12054
Put_Thrift_Server_Storage_us-west-central 12160
Put_Azure_us-west-central 13525
Put_Thrift_Server_Storage_us-west-central 13595
Put_Azure_us-west-central 12049
Put_Thrift_Server_Storage_us-west-central 12123
Put_Azure_us-west-central 12336
Put_Thrift_Server_Storage_us-west-central 12408
Put_Azure_us-west-central 12299
Put_Thrift_Server_Storage_us-west-central 12399
Put_Azure_us-west-central 13837
Put_Thrift_Server_Storage_us-west-central 13924
Put_Azure_us-west-central 13077
Put_Thrift_Server_Storage_us-west-central 13145
Put_Azure_us-west-central 12345
Put_Thrift_Server_Storage_us-west-central 12425
Put_Azure_us-west-central 12487
Put_Thrift_Server_Storage_us-west-central 12565
Put_Azure_us-west-central 12021
Put_Thrift_Server_Storage_us-west-central 12099
Put_Azure_us-west-central 14125
Put_Thrift_Server_Storage_us-west-central 14209
Put_Azure_us-west-central 12022
Put_Thrift_Server_Storage_us-west-central 12129
Put_Azure_us-west-central 13700
Put_Thrift_Server_Storage_us-west-central 13807
Put_Azure_us-west-central 12673
Put_Thrift_Server_Storage_us-west-central 12768
Put_Azure_us-west-central 12766
Put_Thrift_Server_Storage_us-west-central 12866
Put_Azure_us-west-central 13893
Put_Thrift_Server_Storage_us-west-central 13980
Put_Azure_us-west-central 12480
Put_Thrift_Server_Storage_us-west-central 12569
Put_Azure_us-west-central 13210
Put_Thrift_Server_Storage_us-west-central 13291
Put_Azure_us-west-central 12878
Put_Thrift_Server_Storage_us-west-central 12989
Put_Azure_us-west-central 12875
Put_Thrift_Server_Storage_us-west-central 12994
Put_Azure_us-west-central 22763
Put_Thrift_Server_Storage_us-west-central 22903
Put_Azure_us-west-central 12832
Put_Thrift_Server_Storage_us-west-central 12921
Put_Azure_us-west-central 12498
Put_Thrift_Server_Storage_us-west-central 12611
Put_Azure_us-west-central 12456
Put_Thrift_Server_Storage_us-west-central 12557
Put_Azure_us-west-central 13617
Put_Thrift_Server_Storage_us-west-central 13790
Put_Azure_us-west-central 20193
Put_Thrift_Server_Storage_us-west-central 20301
Put_Azure_us-west-central 13063
Put_Thrift_Server_Storage_us-west-central 13176
Put_Azure_us-west-central 12856
Put_Thrift_Server_Storage_us-west-central 12929
Put_Azure_us-west-central 12652
Put_Thrift_Server_Storage_us-west-central 12754
Put_Azure_us-west-central 14715
Put_Thrift_Server_Storage_us-west-central 14821
Put_Azure_us-west-central 13167
Put_Thrift_Server_Storage_us-west-central 13249
Put_Azure_us-west-central 12730
Put_Thrift_Server_Storage_us-west-central 12815
Put_Azure_us-west-central 12605
Put_Thrift_Server_Storage_us-west-central 12683
Put_Azure_us-west-central 12706
Put_Thrift_Server_Storage_us-west-central 12804
Put_Azure_us-west-central 14159
Put_Thrift_Server_Storage_us-west-central 14242
Put_Azure_us-west-central 12106
Put_Thrift_Server_Storage_us-west-central 12175
Put_Azure_us-west-central 14834
Put_Thrift_Server_Storage_us-west-central 14920
Put_Azure_us-west-central 13210
Put_Thrift_Server_Storage_us-west-central 13343
Put_Azure_us-west-central 12894
Put_Thrift_Server_Storage_us-west-central 12998
Put_Azure_us-west-central 13300
Put_Thrift_Server_Storage_us-west-central 13402
Put_Azure_us-west-central 12850
Put_Thrift_Server_Storage_us-west-central 12957
Put_Azure_us-west-central 13038
Put_Thrift_Server_Storage_us-west-central 13139
Put_Azure_us-west-central 13143
Put_Thrift_Server_Storage_us-west-central 13232
Put_Azure_us-west-central 12950
Put_Thrift_Server_Storage_us-west-central 13054
Put_Azure_us-west-central 13075
Put_Thrift_Server_Storage_us-west-central 13173
Put_Azure_us-west-central 12207
Put_Thrift_Server_Storage_us-west-central 12308
Put_Azure_us-west-central 114474
Put_Thrift_Server_Storage_us-west-central 114590
Put_Azure_us-west-central 13355
Put_Thrift_Server_Storage_us-west-central 13454
Put_Azure_us-west-central 11624
Put_Thrift_Server_Storage_us-west-central 11689
Put_Azure_us-west-central 13722
Put_Thrift_Server_Storage_us-west-central 13804
Put_Azure_us-west-central 12507
Put_Thrift_Server_Storage_us-west-central 12614
Put_Azure_us-west-central 11990
Put_Thrift_Server_Storage_us-west-central 12081
Put_Azure_us-west-central 12813
Put_Thrift_Server_Storage_us-west-central 12892
Put_Azure_us-west-central 12338
Put_Thrift_Server_Storage_us-west-central 12427
Put_Azure_us-west-central 13698
Put_Thrift_Server_Storage_us-west-central 13785
Put_Azure_us-west-central 12193
Put_Thrift_Server_Storage_us-west-central 12270
Put_Azure_us-west-central 12337
Put_Thrift_Server_Storage_us-west-central 12425
Put_Azure_us-west-central 12562
Put_Thrift_Server_Storage_us-west-central 12671
Put_Azure_us-west-central 12526
Put_Thrift_Server_Storage_us-west-central 12593
Put_Azure_us-west-central 13427
Put_Thrift_Server_Storage_us-west-central 13513
Put_Azure_us-west-central 12524
Put_Thrift_Server_Storage_us-west-central 12599
Put_Azure_us-west-central 12056
Put_Thrift_Server_Storage_us-west-central 12129
Put_Azure_us-west-central 12534
Put_Thrift_Server_Storage_us-west-central 12649
Put_Azure_us-west-central 12853
Put_Thrift_Server_Storage_us-west-central 12958
Put_Azure_us-west-central 14164
Put_Thrift_Server_Storage_us-west-central 14313
Put_Azure_us-west-central 11857
Put_Thrift_Server_Storage_us-west-central 11956
Put_Azure_us-west-central 12431
Put_Thrift_Server_Storage_us-west-central 12516
Put_Azure_us-west-central 12876
Put_Thrift_Server_Storage_us-west-central 12966
Put_Azure_us-west-central 13719
Put_Thrift_Server_Storage_us-west-central 13839
Put_Azure_us-west-central 12427
Put_Thrift_Server_Storage_us-west-central 12577
Put_Azure_us-west-central 12846
Put_Thrift_Server_Storage_us-west-central 12950
Put_Azure_us-west-central 12623
Put_Thrift_Server_Storage_us-west-central 12728
Put_Azure_us-west-central 12842
Put_Thrift_Server_Storage_us-west-central 12947
Put_Azure_us-west-central 43925
Put_Thrift_Server_Storage_us-west-central 44010
Put_Azure_us-west-central 12647
Put_Thrift_Server_Storage_us-west-central 12761
Put_Azure_us-west-central 13013
Put_Thrift_Server_Storage_us-west-central 13107
Put_Azure_us-west-central 13129
Put_Thrift_Server_Storage_us-west-central 13234
Put_Azure_us-west-central 13539
Put_Thrift_Server_Storage_us-west-central 13639
Put_Azure_us-west-central 13212
Put_Thrift_Server_Storage_us-west-central 13310
Put_Azure_us-west-central 12449
Put_Thrift_Server_Storage_us-west-central 12518
Put_Azure_us-west-central 13019
Put_Thrift_Server_Storage_us-west-central 13109
Put_Azure_us-west-central 13502
Put_Thrift_Server_Storage_us-west-central 13594
Put_Azure_us-west-central 12236
Put_Thrift_Server_Storage_us-west-central 12348
Put_Azure_us-west-central 13981
Put_Thrift_Server_Storage_us-west-central 14073
Put_Azure_us-west-central 12990
Put_Thrift_Server_Storage_us-west-central 13102
Put_Azure_us-west-central 13286
Put_Thrift_Server_Storage_us-west-central 13396
Put_Azure_us-west-central 12906
Put_Thrift_Server_Storage_us-west-central 13020
Put_Azure_us-west-central 12438
Put_Thrift_Server_Storage_us-west-central 12541
Put_Azure_us-west-central 13219
Put_Thrift_Server_Storage_us-west-central 13315
Put_Azure_us-west-central 13161
Put_Thrift_Server_Storage_us-west-central 13245
Put_Azure_us-west-central 12442
Put_Thrift_Server_Storage_us-west-central 12528
Put_Azure_us-west-central 12240
Put_Thrift_Server_Storage_us-west-central 12322
Put_Azure_us-west-central 12823
Put_Thrift_Server_Storage_us-west-central 12919
Put_Azure_us-west-central 14348
Put_Thrift_Server_Storage_us-west-central 14434
Put_Azure_us-west-central 14953
Put_Thrift_Server_Storage_us-west-central 15051
Put_Azure_us-west-central 13634
Put_Thrift_Server_Storage_us-west-central 13727
Put_Azure_us-west-central 12095
Put_Thrift_Server_Storage_us-west-central 12174
Put_Azure_us-west-central 68842
Put_Thrift_Server_Storage_us-west-central 68943
Put_Azure_us-west-central 14619
Put_Thrift_Server_Storage_us-west-central 14751
Put_Azure_us-west-central 12455
Put_Thrift_Server_Storage_us-west-central 12516
Put_Azure_us-west-central 13583
Put_Thrift_Server_Storage_us-west-central 13680
Put_Azure_us-west-central 12651
Put_Thrift_Server_Storage_us-west-central 12734
Put_Azure_us-west-central 12844
Put_Thrift_Server_Storage_us-west-central 12925
Put_Azure_us-west-central 13807
Put_Thrift_Server_Storage_us-west-central 13913
Put_Azure_us-west-central 12267
Put_Thrift_Server_Storage_us-west-central 12400
Put_Azure_us-west-central 12225
Put_Thrift_Server_Storage_us-west-central 12386
Put_Azure_us-west-central 12738
Put_Thrift_Server_Storage_us-west-central 12943
Put_Azure_us-west-central 11554
Put_Thrift_Server_Storage_us-west-central 11821
Put_Azure_us-west-central 14365
Put_Thrift_Server_Storage_us-west-central 14499
Put_Azure_us-west-central 12313
Put_Thrift_Server_Storage_us-west-central 12476
Put_Azure_us-west-central 12857
Put_Thrift_Server_Storage_us-west-central 13004
Put_Azure_us-west-central 12786
Put_Thrift_Server_Storage_us-west-central 12929
Put_Azure_us-west-central 13085
Put_Thrift_Server_Storage_us-west-central 13188
Put_Azure_us-west-central 13755
Put_Thrift_Server_Storage_us-west-central 13858
Put_Azure_us-west-central 12897
Put_Thrift_Server_Storage_us-west-central 12989
Put_Azure_us-west-central 14075
Put_Thrift_Server_Storage_us-west-central 14158
Put_Azure_us-west-central 12839
Put_Thrift_Server_Storage_us-west-central 12905
Put_Azure_us-west-central 12742
Put_Thrift_Server_Storage_us-west-central 12863
Put_Azure_us-west-central 14099
Put_Thrift_Server_Storage_us-west-central 14185
Put_Azure_us-west-central 12323
Put_Thrift_Server_Storage_us-west-central 12404
Put_Azure_us-west-central 13128
Put_Thrift_Server_Storage_us-west-central 13232
Put_Azure_us-west-central 13074
Put_Thrift_Server_Storage_us-west-central 13207
Put_Azure_us-west-central 13123
Put_Thrift_Server_Storage_us-west-central 13205
Put_Azure_us-west-central 13367
Put_Thrift_Server_Storage_us-west-central 13457
Put_Azure_us-west-central 13395
Put_Thrift_Server_Storage_us-west-central 13495
Put_Azure_us-west-central 11772
Put_Thrift_Server_Storage_us-west-central 11868
Put_Azure_us-west-central 12143
Put_Thrift_Server_Storage_us-west-central 12239
Put_Azure_us-west-central 171252
Put_Thrift_Server_Storage_us-west-central 171358
Put_Azure_us-west-central 12832
Put_Thrift_Server_Storage_us-west-central 12930
Put_Azure_us-west-central 14142
Put_Thrift_Server_Storage_us-west-central 14224
Put_Azure_us-west-central 13913
Put_Thrift_Server_Storage_us-west-central 14009
Put_Azure_us-west-central 12446
Put_Thrift_Server_Storage_us-west-central 12579
Put_Azure_us-west-central 14327
Put_Thrift_Server_Storage_us-west-central 14398
Put_Azure_us-west-central 13382
Put_Thrift_Server_Storage_us-west-central 13492
Put_Azure_us-west-central 13085
Put_Thrift_Server_Storage_us-west-central 13180
Put_Azure_us-west-central 12957
Put_Thrift_Server_Storage_us-west-central 13044
Put_Azure_us-west-central 12508
Put_Thrift_Server_Storage_us-west-central 12604
Put_Azure_us-west-central 12770
Put_Thrift_Server_Storage_us-west-central 12890
Put_Azure_us-west-central 14514
Put_Thrift_Server_Storage_us-west-central 14631
Put_Azure_us-west-central 13405
Put_Thrift_Server_Storage_us-west-central 13513
Put_Azure_us-west-central 12530
Put_Thrift_Server_Storage_us-west-central 12621
Put_Azure_us-west-central 13383
Put_Thrift_Server_Storage_us-west-central 13517
Put_Azure_us-west-central 12585
Put_Thrift_Server_Storage_us-west-central 12686
Put_Azure_us-west-central 14126
Put_Thrift_Server_Storage_us-west-central 14279
Put_Azure_us-west-central 13220
Put_Thrift_Server_Storage_us-west-central 13339
Put_Azure_us-west-central 13001
Put_Thrift_Server_Storage_us-west-central 13413
Put_Azure_us-west-central 12299
Put_Thrift_Server_Storage_us-west-central 12387
Put_Azure_us-west-central 13122
Put_Thrift_Server_Storage_us-west-central 13209
Put_Azure_us-west-central 13641
Put_Thrift_Server_Storage_us-west-central 13742
Put_Azure_us-west-central 12969
Put_Thrift_Server_Storage_us-west-central 13090
Put_Azure_us-west-central 12361
Put_Thrift_Server_Storage_us-west-central 12459
Put_Azure_us-west-central 12750
Put_Thrift_Server_Storage_us-west-central 12908
Put_Azure_us-west-central 11885
Put_Thrift_Server_Storage_us-west-central 11975
Put_Azure_us-west-central 13556
Put_Thrift_Server_Storage_us-west-central 13677
Put_Azure_us-west-central 11587
Put_Thrift_Server_Storage_us-west-central 11656
Put_Azure_us-west-central 12927
Put_Thrift_Server_Storage_us-west-central 13058
Put_Azure_us-west-central 12353
Put_Thrift_Server_Storage_us-west-central 12446
Put_Azure_us-west-central 13711
Put_Thrift_Server_Storage_us-west-central 13829
Put_Azure_us-west-central 12693
Put_Thrift_Server_Storage_us-west-central 12778
Put_Azure_us-west-central 12286
Put_Thrift_Server_Storage_us-west-central 12352
Put_Azure_us-west-central 12764
Put_Thrift_Server_Storage_us-west-central 12860
Put_Azure_us-west-central 13327
Put_Thrift_Server_Storage_us-west-central 13423
Put_Azure_us-west-central 13721
Put_Thrift_Server_Storage_us-west-central 13806
Put_Azure_us-west-central 12286
Put_Thrift_Server_Storage_us-west-central 12393
Put_Azure_us-west-central 12762
Put_Thrift_Server_Storage_us-west-central 12856
Put_Azure_us-west-central 13384
Put_Thrift_Server_Storage_us-west-central 13459
Put_Azure_us-west-central 13082
Put_Thrift_Server_Storage_us-west-central 13188
Put_Azure_us-west-central 13773
Put_Thrift_Server_Storage_us-west-central 13873
Put_Azure_us-west-central 12131
Put_Thrift_Server_Storage_us-west-central 12220
Put_Azure_us-west-central 13885
Put_Thrift_Server_Storage_us-west-central 13968
Put_Azure_us-west-central 16054
Put_Thrift_Server_Storage_us-west-central 16148
Put_Azure_us-west-central 13887
Put_Thrift_Server_Storage_us-west-central 14001
Put_Azure_us-west-central 13195
Put_Thrift_Server_Storage_us-west-central 13293
Put_Azure_us-west-central 13258
Put_Thrift_Server_Storage_us-west-central 13548
Put_Azure_us-west-central 13085
Put_Thrift_Server_Storage_us-west-central 13216
Put_Azure_us-west-central 12363
Put_Thrift_Server_Storage_us-west-central 12448
Put_Azure_us-west-central 12111
Put_Thrift_Server_Storage_us-west-central 12186
Put_Azure_us-west-central 12879
Put_Thrift_Server_Storage_us-west-central 12946
Put_Azure_us-west-central 12536
Put_Thrift_Server_Storage_us-west-central 12609
Put_Azure_us-west-central 12787
Put_Thrift_Server_Storage_us-west-central 12868
Put_Azure_us-west-central 12634
Put_Thrift_Server_Storage_us-west-central 12711
Put_Azure_us-west-central 11795
Put_Thrift_Server_Storage_us-west-central 11859
Put_Azure_us-west-central 13586
Put_Thrift_Server_Storage_us-west-central 13683
Put_Azure_us-west-central 13117
Put_Thrift_Server_Storage_us-west-central 13187
Put_Azure_us-west-central 12965
Put_Thrift_Server_Storage_us-west-central 13078
Put_Azure_us-west-central 81516
Put_Thrift_Server_Storage_us-west-central 81619
Put_Azure_us-west-central 11863
Put_Thrift_Server_Storage_us-west-central 11980
Put_Azure_us-west-central 13830
Put_Thrift_Server_Storage_us-west-central 13976
Put_Azure_us-west-central 12534
Put_Thrift_Server_Storage_us-west-central 12616
Put_Azure_us-west-central 12954
Put_Thrift_Server_Storage_us-west-central 13036
Put_Azure_us-west-central 11595
Put_Thrift_Server_Storage_us-west-central 11677
Put_Azure_us-west-central 12325
Put_Thrift_Server_Storage_us-west-central 12412
Put_Azure_us-west-central 13584
Put_Thrift_Server_Storage_us-west-central 13665
Put_Azure_us-west-central 13148
Put_Thrift_Server_Storage_us-west-central 13246
Put_Azure_us-west-central 12246
Put_Thrift_Server_Storage_us-west-central 12344
Put_Azure_us-west-central 12038
Put_Thrift_Server_Storage_us-west-central 12130
Put_Azure_us-west-central 13784
Put_Thrift_Server_Storage_us-west-central 13887
Put_Azure_us-west-central 12301
Put_Thrift_Server_Storage_us-west-central 12412
Put_Azure_us-west-central 12818
Put_Thrift_Server_Storage_us-west-central 12960
Put_Azure_us-west-central 13750
Put_Thrift_Server_Storage_us-west-central 13878
Put_Azure_us-west-central 11496
Put_Thrift_Server_Storage_us-west-central 11599
Put_Azure_us-west-central 13750
Put_Thrift_Server_Storage_us-west-central 13836
Put_Azure_us-west-central 12860
Put_Thrift_Server_Storage_us-west-central 12943
Put_Azure_us-west-central 12899
Put_Thrift_Server_Storage_us-west-central 12976
Put_Azure_us-west-central 12556
Put_Thrift_Server_Storage_us-west-central 12634
Put_Azure_us-west-central 12682
Put_Thrift_Server_Storage_us-west-central 12779
Put_Azure_us-west-central 14626
Put_Thrift_Server_Storage_us-west-central 14718
Put_Azure_us-west-central 13468
Put_Thrift_Server_Storage_us-west-central 13580
Put_Azure_us-west-central 12573
Put_Thrift_Server_Storage_us-west-central 12649
Put_Azure_us-west-central 12358
Put_Thrift_Server_Storage_us-west-central 12496
Put_Azure_us-west-central 12716
Put_Thrift_Server_Storage_us-west-central 12808
Put_Azure_us-west-central 13654
Put_Thrift_Server_Storage_us-west-central 13762
Put_Azure_us-west-central 12658
Put_Thrift_Server_Storage_us-west-central 12811
Put_Azure_us-west-central 12320
Put_Thrift_Server_Storage_us-west-central 12415
Put_Azure_us-west-central 12571
Put_Thrift_Server_Storage_us-west-central 12682
Put_Azure_us-west-central 12623
Put_Thrift_Server_Storage_us-west-central 12688
Put_Azure_us-west-central 13251
Put_Thrift_Server_Storage_us-west-central 13340
Put_Azure_us-west-central 12825
Put_Thrift_Server_Storage_us-west-central 12938
Put_Azure_us-west-central 13976
Put_Thrift_Server_Storage_us-west-central 14067
Put_Azure_us-west-central 12656
Put_Thrift_Server_Storage_us-west-central 12725
Put_Azure_us-west-central 13023
Put_Thrift_Server_Storage_us-west-central 13136
Put_Azure_us-west-central 13032
Put_Thrift_Server_Storage_us-west-central 13120
Put_Azure_us-west-central 13105
Put_Thrift_Server_Storage_us-west-central 13178
Put_Azure_us-west-central 12555
Put_Thrift_Server_Storage_us-west-central 12636
Put_Azure_us-west-central 608473
Put_Thrift_Server_Storage_us-west-central 608570
Put_Azure_us-west-central 13744
Put_Thrift_Server_Storage_us-west-central 13861
Put_Azure_us-west-central 47234
Put_Thrift_Server_Storage_us-west-central 47317
Put_Azure_us-west-central 13590
Put_Thrift_Server_Storage_us-west-central 13672
Put_Azure_us-west-central 12406
Put_Thrift_Server_Storage_us-west-central 12488
Put_Azure_us-west-central 13026
Put_Thrift_Server_Storage_us-west-central 13109
Put_Azure_us-west-central 14861
Put_Thrift_Server_Storage_us-west-central 14999
Put_Azure_us-west-central 12982
Put_Thrift_Server_Storage_us-west-central 13071
Put_Azure_us-west-central 12664
Put_Thrift_Server_Storage_us-west-central 12769
Put_Azure_us-west-central 12536
Put_Thrift_Server_Storage_us-west-central 12634
Put_Azure_us-west-central 11934
Put_Thrift_Server_Storage_us-west-central 12017
Put_Azure_us-west-central 12827
Put_Thrift_Server_Storage_us-west-central 12896
Put_Azure_us-west-central 13061
Put_Thrift_Server_Storage_us-west-central 13152
Put_Azure_us-west-central 12600
Put_Thrift_Server_Storage_us-west-central 12695
Put_Azure_us-west-central 22119
Put_Thrift_Server_Storage_us-west-central 22212
Put_Azure_us-west-central 12336
Put_Thrift_Server_Storage_us-west-central 12427
Put_Azure_us-west-central 13737
Put_Thrift_Server_Storage_us-west-central 13848
Put_Azure_us-west-central 12742
Put_Thrift_Server_Storage_us-west-central 12824
Put_Azure_us-west-central 12494
Put_Thrift_Server_Storage_us-west-central 12615
Put_Azure_us-west-central 12978
Put_Thrift_Server_Storage_us-west-central 13107
Put_Azure_us-west-central 13064
Put_Thrift_Server_Storage_us-west-central 13169
Put_Azure_us-west-central 13653
Put_Thrift_Server_Storage_us-west-central 13728
Put_Azure_us-west-central 11967
Put_Thrift_Server_Storage_us-west-central 12073
Put_Azure_us-west-central 13173
Put_Thrift_Server_Storage_us-west-central 13272
Put_Azure_us-west-central 13420
Put_Thrift_Server_Storage_us-west-central 13503
Put_Azure_us-west-central 12833
Put_Thrift_Server_Storage_us-west-central 12907
Put_Azure_us-west-central 13424
Put_Thrift_Server_Storage_us-west-central 13507
Put_Azure_us-west-central 12274
Put_Thrift_Server_Storage_us-west-central 12405
Put_Azure_us-west-central 12052
Put_Thrift_Server_Storage_us-west-central 12121
Put_Azure_us-west-central 13133
Put_Thrift_Server_Storage_us-west-central 13218
Put_Azure_us-west-central 11906
Put_Thrift_Server_Storage_us-west-central 11975
Put_Azure_us-west-central 13043
Put_Thrift_Server_Storage_us-west-central 13139
Put_Azure_us-west-central 14089
Put_Thrift_Server_Storage_us-west-central 14175
Put_Azure_us-west-central 13988
Put_Thrift_Server_Storage_us-west-central 14066
Put_Azure_us-west-central 12727
Put_Thrift_Server_Storage_us-west-central 12802
Put_Azure_us-west-central 13001
Put_Thrift_Server_Storage_us-west-central 13270
Put_Azure_us-west-central 13476
Put_Thrift_Server_Storage_us-west-central 13564
Put_Azure_us-west-central 12663
Put_Thrift_Server_Storage_us-west-central 12745
Put_Azure_us-west-central 12420
Put_Thrift_Server_Storage_us-west-central 12520
Put_Azure_us-west-central 12538
Put_Thrift_Server_Storage_us-west-central 12643
Put_Azure_us-west-central 13267
Put_Thrift_Server_Storage_us-west-central 13354
Put_Azure_us-west-central 14669
Put_Thrift_Server_Storage_us-west-central 14755
Put_Azure_us-west-central 12234
Put_Thrift_Server_Storage_us-west-central 12322
Put_Azure_us-west-central 13458
Put_Thrift_Server_Storage_us-west-central 13582
Put_Azure_us-west-central 12791
Put_Thrift_Server_Storage_us-west-central 12909
Put_Azure_us-west-central 12371
Put_Thrift_Server_Storage_us-west-central 12466
Put_Azure_us-west-central 13393
Put_Thrift_Server_Storage_us-west-central 13461
Put_Azure_us-west-central 12265
Put_Thrift_Server_Storage_us-west-central 12340
Put_Azure_us-west-central 12652
Put_Thrift_Server_Storage_us-west-central 12831
Put_Azure_us-west-central 12775
Put_Thrift_Server_Storage_us-west-central 12912
Put_Azure_us-west-central 12560
Put_Thrift_Server_Storage_us-west-central 12660
Put_Azure_us-west-central 13739
Put_Thrift_Server_Storage_us-west-central 13833
Put_Azure_us-west-central 12468
Put_Thrift_Server_Storage_us-west-central 12558
Put_Azure_us-west-central 12379
Put_Thrift_Server_Storage_us-west-central 12449
Put_Azure_us-west-central 12755
Put_Thrift_Server_Storage_us-west-central 12849
Put_Azure_us-west-central 13346
Put_Thrift_Server_Storage_us-west-central 13470
Put_Azure_us-west-central 13722
Put_Thrift_Server_Storage_us-west-central 13820
Put_Azure_us-west-central 12646
Put_Thrift_Server_Storage_us-west-central 12732
Put_Azure_us-west-central 12521
Put_Thrift_Server_Storage_us-west-central 12605
Put_Azure_us-west-central 12856
Put_Thrift_Server_Storage_us-west-central 12967
Put_Azure_us-west-central 13317
Put_Thrift_Server_Storage_us-west-central 13425
Put_Azure_us-west-central 17335
Put_Thrift_Server_Storage_us-west-central 17439
Put_Azure_us-west-central 13560
Put_Thrift_Server_Storage_us-west-central 13651
Put_Azure_us-west-central 13019
Put_Thrift_Server_Storage_us-west-central 13097
Put_Azure_us-west-central 13175
Put_Thrift_Server_Storage_us-west-central 13260
Put_Azure_us-west-central 13116
Put_Thrift_Server_Storage_us-west-central 13185
Put_Azure_us-west-central 12421
Put_Thrift_Server_Storage_us-west-central 12513
Put_Azure_us-west-central 12762
Put_Thrift_Server_Storage_us-west-central 12861
Put_Azure_us-west-central 13035
Put_Thrift_Server_Storage_us-west-central 13100
Put_Azure_us-west-central 12463
Put_Thrift_Server_Storage_us-west-central 12545
Put_Azure_us-west-central 13277
Put_Thrift_Server_Storage_us-west-central 13367
Put_Azure_us-west-central 12744
Put_Thrift_Server_Storage_us-west-central 12855
Put_Azure_us-west-central 12225
Put_Thrift_Server_Storage_us-west-central 12307
Put_Azure_us-west-central 63444
Put_Thrift_Server_Storage_us-west-central 63546
Put_Azure_us-west-central 12531
Put_Thrift_Server_Storage_us-west-central 12620
Put_Azure_us-west-central 14397
Put_Thrift_Server_Storage_us-west-central 14479
Put_Azure_us-west-central 12698
Put_Thrift_Server_Storage_us-west-central 12781
Put_Azure_us-west-central 625846
Put_Thrift_Server_Storage_us-west-central 625953
Put_Azure_us-west-central 12389
Put_Thrift_Server_Storage_us-west-central 12505
Put_Azure_us-west-central 12408
Put_Thrift_Server_Storage_us-west-central 12497
Put_Azure_us-west-central 13783
Put_Thrift_Server_Storage_us-west-central 13858
Put_Azure_us-west-central 12853
Put_Thrift_Server_Storage_us-west-central 12951
Put_Azure_us-west-central 12659
Put_Thrift_Server_Storage_us-west-central 12766
Put_Azure_us-west-central 12563
Put_Thrift_Server_Storage_us-west-central 12660
Put_Azure_us-west-central 13061
Put_Thrift_Server_Storage_us-west-central 13155
Put_Azure_us-west-central 13935
Put_Thrift_Server_Storage_us-west-central 14003
Put_Azure_us-west-central 13562
Put_Thrift_Server_Storage_us-west-central 13637
Put_Azure_us-west-central 12715
Put_Thrift_Server_Storage_us-west-central 12795
Put_Azure_us-west-central 12883
Put_Thrift_Server_Storage_us-west-central 12969
Put_Azure_us-west-central 13215
Put_Thrift_Server_Storage_us-west-central 13307
Put_Azure_us-west-central 14089
Put_Thrift_Server_Storage_us-west-central 14183
Put_Azure_us-west-central 13368
Put_Thrift_Server_Storage_us-west-central 13492
Put_Azure_us-west-central 13041
Put_Thrift_Server_Storage_us-west-central 13140
Put_Azure_us-west-central 12525
Put_Thrift_Server_Storage_us-west-central 12611
Put_Azure_us-west-central 13152
Put_Thrift_Server_Storage_us-west-central 13243
Put_Azure_us-west-central 14490
Put_Thrift_Server_Storage_us-west-central 14596
Put_Azure_us-west-central 13791
Put_Thrift_Server_Storage_us-west-central 13893
Put_Azure_us-west-central 13422
Put_Thrift_Server_Storage_us-west-central 13578
Put_Azure_us-west-central 12366
Put_Thrift_Server_Storage_us-west-central 12506
Put_Azure_us-west-central 16941
Put_Thrift_Server_Storage_us-west-central 17029
Put_Azure_us-west-central 13619
Put_Thrift_Server_Storage_us-west-central 13694
Put_Azure_us-west-central 11789
Put_Thrift_Server_Storage_us-west-central 11871
Put_Azure_us-west-central 12562
Put_Thrift_Server_Storage_us-west-central 12637
Put_Azure_us-west-central 13503
Put_Thrift_Server_Storage_us-west-central 13629
Put_Azure_us-west-central 13007
Put_Thrift_Server_Storage_us-west-central 13093
Put_Azure_us-west-central 13952
Put_Thrift_Server_Storage_us-west-central 14024
Put_Azure_us-west-central 13182
Put_Thrift_Server_Storage_us-west-central 13269
Put_Azure_us-west-central 11459
Put_Thrift_Server_Storage_us-west-central 11586
Put_Azure_us-west-central 12404
Put_Thrift_Server_Storage_us-west-central 12501
Put_Azure_us-west-central 13087
Put_Thrift_Server_Storage_us-west-central 13209
Put_Azure_us-west-central 13308
Put_Thrift_Server_Storage_us-west-central 13403
Put_Azure_us-west-central 12553
Put_Thrift_Server_Storage_us-west-central 12702
Put_Azure_us-west-central 12828
Put_Thrift_Server_Storage_us-west-central 12965
Put_Azure_us-west-central 12099
Put_Thrift_Server_Storage_us-west-central 12202
Put_Azure_us-west-central 12466
Put_Thrift_Server_Storage_us-west-central 12573
Put_Azure_us-west-central 14112
Put_Thrift_Server_Storage_us-west-central 14188
Put_Azure_us-west-central 12169
Put_Thrift_Server_Storage_us-west-central 12266
Put_Azure_us-west-central 13069
Put_Thrift_Server_Storage_us-west-central 13160
Put_Azure_us-west-central 12692
Put_Thrift_Server_Storage_us-west-central 12781
Put_Azure_us-west-central 12424
Put_Thrift_Server_Storage_us-west-central 12500
Put_Azure_us-west-central 13554
Put_Thrift_Server_Storage_us-west-central 13631
Put_Azure_us-west-central 12054
Put_Thrift_Server_Storage_us-west-central 12164
Put_Azure_us-west-central 12295
Put_Thrift_Server_Storage_us-west-central 12366
Put_Azure_us-west-central 12765
Put_Thrift_Server_Storage_us-west-central 12855
Put_Azure_us-west-central 13825
Put_Thrift_Server_Storage_us-west-central 13912
Put_Azure_us-west-central 12459
Put_Thrift_Server_Storage_us-west-central 12528
Put_Azure_us-west-central 12015
Put_Thrift_Server_Storage_us-west-central 12161
Put_Azure_us-west-central 12583
Put_Thrift_Server_Storage_us-west-central 12680
Put_Azure_us-west-central 13219
Put_Thrift_Server_Storage_us-west-central 13340
Put_Azure_us-west-central 13298
Put_Thrift_Server_Storage_us-west-central 13415
Put_Azure_us-west-central 18946
Put_Thrift_Server_Storage_us-west-central 19022
Put_Azure_us-west-central 12593
Put_Thrift_Server_Storage_us-west-central 12687
Put_Azure_us-west-central 15041
Put_Thrift_Server_Storage_us-west-central 15159
Put_Azure_us-west-central 12675
Put_Thrift_Server_Storage_us-west-central 12778
Put_Azure_us-west-central 15023
Put_Thrift_Server_Storage_us-west-central 15119
Put_Azure_us-west-central 12398
Put_Thrift_Server_Storage_us-west-central 12537
Put_Azure_us-west-central 12435
Put_Thrift_Server_Storage_us-west-central 12590
Put_Azure_us-west-central 13519
Put_Thrift_Server_Storage_us-west-central 13605
Put_Azure_us-west-central 12885
Put_Thrift_Server_Storage_us-west-central 12955
Put_Azure_us-west-central 13698
Put_Thrift_Server_Storage_us-west-central 13814
Put_Azure_us-west-central 12918
Put_Thrift_Server_Storage_us-west-central 13061
Put_Azure_us-west-central 12860
Put_Thrift_Server_Storage_us-west-central 12926
Put_Azure_us-west-central 13111
Put_Thrift_Server_Storage_us-west-central 13209
Put_Azure_us-west-central 12826
Put_Thrift_Server_Storage_us-west-central 12917
Put_Azure_us-west-central 14171
Put_Thrift_Server_Storage_us-west-central 14261
Put_Azure_us-west-central 12551
Put_Thrift_Server_Storage_us-west-central 12649
Put_Azure_us-west-central 12688
Put_Thrift_Server_Storage_us-west-central 12793
Put_Azure_us-west-central 11583
Put_Thrift_Server_Storage_us-west-central 11666
Put_Azure_us-west-central 12377
Put_Thrift_Server_Storage_us-west-central 12462
Put_Azure_us-west-central 14026
Put_Thrift_Server_Storage_us-west-central 14100
Put_Azure_us-west-central 12352
Put_Thrift_Server_Storage_us-west-central 12442
Put_Azure_us-west-central 12414
Put_Thrift_Server_Storage_us-west-central 12525
Put_Azure_us-west-central 12679
Put_Thrift_Server_Storage_us-west-central 12787
Put_Azure_us-west-central 12418
Put_Thrift_Server_Storage_us-west-central 12516
Put_Azure_us-west-central 13509
Put_Thrift_Server_Storage_us-west-central 13602
Put_Azure_us-west-central 12407
Put_Thrift_Server_Storage_us-west-central 12496
Put_Azure_us-west-central 18022
Put_Thrift_Server_Storage_us-west-central 18135
Put_Azure_us-west-central 12908
Put_Thrift_Server_Storage_us-west-central 13003
Put_Azure_us-west-central 13028
Put_Thrift_Server_Storage_us-west-central 13141
Put_Azure_us-west-central 13935
Put_Thrift_Server_Storage_us-west-central 14018
Put_Azure_us-west-central 34165
Put_Thrift_Server_Storage_us-west-central 34238
Put_Azure_us-west-central 12538
Put_Thrift_Server_Storage_us-west-central 12626
Put_Azure_us-west-central 12514
Put_Thrift_Server_Storage_us-west-central 12594
Put_Azure_us-west-central 13912
Put_Thrift_Server_Storage_us-west-central 13996
Put_Azure_us-west-central 13084
Put_Thrift_Server_Storage_us-west-central 13223
Put_Azure_us-west-central 13419
Put_Thrift_Server_Storage_us-west-central 13538
Put_Azure_us-west-central 13372
Put_Thrift_Server_Storage_us-west-central 13504
Put_Azure_us-west-central 13474
Put_Thrift_Server_Storage_us-west-central 13557
Put_Azure_us-west-central 14201
Put_Thrift_Server_Storage_us-west-central 14312
Put_Azure_us-west-central 12159
Put_Thrift_Server_Storage_us-west-central 12254
Put_Azure_us-west-central 13395
Put_Thrift_Server_Storage_us-west-central 13473
Put_Azure_us-west-central 13093
Put_Thrift_Server_Storage_us-west-central 13185
Put_Azure_us-west-central 13316
Put_Thrift_Server_Storage_us-west-central 13448
Put_Azure_us-west-central 13666
Put_Thrift_Server_Storage_us-west-central 13754
Put_Azure_us-west-central 12577
Put_Thrift_Server_Storage_us-west-central 12698
Put_Azure_us-west-central 14285
Put_Thrift_Server_Storage_us-west-central 14394
Put_Azure_us-west-central 13598
Put_Thrift_Server_Storage_us-west-central 13733
Put_Azure_us-west-central 12022
Put_Thrift_Server_Storage_us-west-central 12096
Put_Azure_us-west-central 12985
Put_Thrift_Server_Storage_us-west-central 13060
Put_Azure_us-west-central 12380
Put_Thrift_Server_Storage_us-west-central 12482
Put_Azure_us-west-central 12221
Put_Thrift_Server_Storage_us-west-central 12326
Put_Azure_us-west-central 13111
Put_Thrift_Server_Storage_us-west-central 13263
Put_Azure_us-west-central 13070
Put_Thrift_Server_Storage_us-west-central 13177
Put_Azure_us-west-central 13760
Put_Thrift_Server_Storage_us-west-central 13848
Put_Azure_us-west-central 130568
Put_Thrift_Server_Storage_us-west-central 130648
Put_Azure_us-west-central 12471
Put_Thrift_Server_Storage_us-west-central 12593
Put_Azure_us-west-central 12635
Put_Thrift_Server_Storage_us-west-central 12714
Put_Azure_us-west-central 12584
Put_Thrift_Server_Storage_us-west-central 12678
Put_Azure_us-west-central 13145
Put_Thrift_Server_Storage_us-west-central 13212
Put_Azure_us-west-central 12826
Put_Thrift_Server_Storage_us-west-central 12912
Put_Azure_us-west-central 13848
Put_Thrift_Server_Storage_us-west-central 13934
Put_Azure_us-west-central 12300
Put_Thrift_Server_Storage_us-west-central 12372
Put_Azure_us-west-central 13133
Put_Thrift_Server_Storage_us-west-central 13217
Put_Azure_us-west-central 13103
Put_Thrift_Server_Storage_us-west-central 13192
Put_Azure_us-west-central 12209
Put_Thrift_Server_Storage_us-west-central 12308
Put_Azure_us-west-central 12998
Put_Thrift_Server_Storage_us-west-central 13091
Put_Azure_us-west-central 12782
Put_Thrift_Server_Storage_us-west-central 12898
Put_Azure_us-west-central 13220
Put_Thrift_Server_Storage_us-west-central 13361
Put_Azure_us-west-central 13829
Put_Thrift_Server_Storage_us-west-central 13905
Put_Azure_us-west-central 13305
Put_Thrift_Server_Storage_us-west-central 13389
Put_Azure_us-west-central 12114
Put_Thrift_Server_Storage_us-west-central 12217
Put_Azure_us-west-central 13187
Put_Thrift_Server_Storage_us-west-central 13311
Put_Azure_us-west-central 20720
Put_Thrift_Server_Storage_us-west-central 20814
Put_Azure_us-west-central 14192
Put_Thrift_Server_Storage_us-west-central 14289
Put_Azure_us-west-central 12231
Put_Thrift_Server_Storage_us-west-central 12366
Put_Azure_us-west-central 13438
Put_Thrift_Server_Storage_us-west-central 13543
Put_Azure_us-west-central 12529
Put_Thrift_Server_Storage_us-west-central 12611
Put_Azure_us-west-central 12672
Put_Thrift_Server_Storage_us-west-central 12760
Put_Azure_us-west-central 14257
Put_Thrift_Server_Storage_us-west-central 14336
Put_Azure_us-west-central 13101
Put_Thrift_Server_Storage_us-west-central 13202
Put_Azure_us-west-central 12794
Put_Thrift_Server_Storage_us-west-central 12882
Put_Azure_us-west-central 12953
Put_Thrift_Server_Storage_us-west-central 13029
Put_Azure_us-west-central 12162
Put_Thrift_Server_Storage_us-west-central 12240
Put_Azure_us-west-central 38950
Put_Thrift_Server_Storage_us-west-central 39032
Put_Azure_us-west-central 12510
Put_Thrift_Server_Storage_us-west-central 12595
Put_Azure_us-west-central 12702
Put_Thrift_Server_Storage_us-west-central 12812
Put_Azure_us-west-central 12474
Put_Thrift_Server_Storage_us-west-central 12572
Put_Azure_us-west-central 13577
Put_Thrift_Server_Storage_us-west-central 13655
Put_Azure_us-west-central 14142
Put_Thrift_Server_Storage_us-west-central 14232
Put_Azure_us-west-central 11999
Put_Thrift_Server_Storage_us-west-central 12087
Put_Azure_us-west-central 12823
Put_Thrift_Server_Storage_us-west-central 12918
Put_Azure_us-west-central 13564
Put_Thrift_Server_Storage_us-west-central 13646
Put_Azure_us-west-central 12697
Put_Thrift_Server_Storage_us-west-central 12782
Put_Azure_us-west-central 13394
Put_Thrift_Server_Storage_us-west-central 13484
Put_Azure_us-west-central 12064
Put_Thrift_Server_Storage_us-west-central 12184
Put_Azure_us-west-central 12685
Put_Thrift_Server_Storage_us-west-central 12754
Put_Azure_us-west-central 12274
Put_Thrift_Server_Storage_us-west-central 12353
Put_Azure_us-west-central 13379
Put_Thrift_Server_Storage_us-west-central 13465
Put_Azure_us-west-central 12208
Put_Thrift_Server_Storage_us-west-central 12304
Put_Azure_us-west-central 12493
Put_Thrift_Server_Storage_us-west-central 12601
Put_Azure_us-west-central 12484
Put_Thrift_Server_Storage_us-west-central 12615
Put_Azure_us-west-central 12358
Put_Thrift_Server_Storage_us-west-central 12454
Put_Azure_us-west-central 13243
Put_Thrift_Server_Storage_us-west-central 13392
Put_Azure_us-west-central 12463
Put_Thrift_Server_Storage_us-west-central 12543
Put_Azure_us-west-central 12561
Put_Thrift_Server_Storage_us-west-central 12624
Put_Azure_us-west-central 11828
Put_Thrift_Server_Storage_us-west-central 11900
Put_Azure_us-west-central 12216
Put_Thrift_Server_Storage_us-west-central 12306
Put_Azure_us-west-central 13180
Put_Thrift_Server_Storage_us-west-central 13257
Put_Azure_us-west-central 13298
Put_Thrift_Server_Storage_us-west-central 13409
Put_Azure_us-west-central 12218
Put_Thrift_Server_Storage_us-west-central 12287
Put_Azure_us-west-central 12803
Put_Thrift_Server_Storage_us-west-central 12922
Put_Azure_us-west-central 13039
Put_Thrift_Server_Storage_us-west-central 13148
Put_Azure_us-west-central 14163
Put_Thrift_Server_Storage_us-west-central 14267
Put_Azure_us-west-central 12637
Put_Thrift_Server_Storage_us-west-central 12739
Put_Azure_us-west-central 13037
Put_Thrift_Server_Storage_us-west-central 13167
Put_Azure_us-west-central 13513
Put_Thrift_Server_Storage_us-west-central 13624
Put_Azure_us-west-central 12548
Put_Thrift_Server_Storage_us-west-central 12651
Put_Azure_us-west-central 13840
Put_Thrift_Server_Storage_us-west-central 13921
Put_Azure_us-west-central 13003
Put_Thrift_Server_Storage_us-west-central 13069
Put_Azure_us-west-central 13031
Put_Thrift_Server_Storage_us-west-central 13105
Put_Azure_us-west-central 12481
Put_Thrift_Server_Storage_us-west-central 12578
Put_Azure_us-west-central 57201
Put_Thrift_Server_Storage_us-west-central 57300
Put_Azure_us-west-central 13876
Put_Thrift_Server_Storage_us-west-central 13964
Put_Azure_us-west-central 15843
Put_Thrift_Server_Storage_us-west-central 15948
Put_Azure_us-west-central 13411
Put_Thrift_Server_Storage_us-west-central 13508
Put_Azure_us-west-central 12172
Put_Thrift_Server_Storage_us-west-central 12257
Put_Azure_us-west-central 12725
Put_Thrift_Server_Storage_us-west-central 12809
Put_Azure_us-west-central 13944
Put_Thrift_Server_Storage_us-west-central 14033
Put_Azure_us-west-central 13002
Put_Thrift_Server_Storage_us-west-central 13104
Put_Azure_us-west-central 11781
Put_Thrift_Server_Storage_us-west-central 11866
Put_Azure_us-west-central 12887
Put_Thrift_Server_Storage_us-west-central 12973
Put_Azure_us-west-central 13367
Put_Thrift_Server_Storage_us-west-central 13512
Put_Azure_us-west-central 13666
Put_Thrift_Server_Storage_us-west-central 13755
Put_Azure_us-west-central 13093
Put_Thrift_Server_Storage_us-west-central 13218
Put_Azure_us-west-central 12894
Put_Thrift_Server_Storage_us-west-central 12990
Put_Azure_us-west-central 12134
Put_Thrift_Server_Storage_us-west-central 12237
Put_Azure_us-west-central 12628
Put_Thrift_Server_Storage_us-west-central 12710
Put_Azure_us-west-central 13988
Put_Thrift_Server_Storage_us-west-central 14081
Put_Azure_us-west-central 12957
Put_Thrift_Server_Storage_us-west-central 13099
Put_Azure_us-west-central 13030
Put_Thrift_Server_Storage_us-west-central 13184
Put_Azure_us-west-central 12522
Put_Thrift_Server_Storage_us-west-central 12668
Put_Azure_us-west-central 12728
Put_Thrift_Server_Storage_us-west-central 12811
Put_Azure_us-west-central 13254
Put_Thrift_Server_Storage_us-west-central 13373
Put_Azure_us-west-central 13565
Put_Thrift_Server_Storage_us-west-central 13676
Put_Azure_us-west-central 11892
Put_Thrift_Server_Storage_us-west-central 11966
Put_Azure_us-west-central 12836
Put_Thrift_Server_Storage_us-west-central 12903
Put_Azure_us-west-central 36548
Put_Thrift_Server_Storage_us-west-central 36649
Put_Azure_us-west-central 13602
Put_Thrift_Server_Storage_us-west-central 13724
Put_Azure_us-west-central 11715
Put_Thrift_Server_Storage_us-west-central 11844
Put_Azure_us-west-central 13552
Put_Thrift_Server_Storage_us-west-central 13674
Put_Azure_us-west-central 12669
Put_Thrift_Server_Storage_us-west-central 12781
Put_Azure_us-west-central 12338
Put_Thrift_Server_Storage_us-west-central 12422
Put_Azure_us-west-central 14637
Put_Thrift_Server_Storage_us-west-central 14742
Put_Azure_us-west-central 11752
Put_Thrift_Server_Storage_us-west-central 11997
Put_Azure_us-west-central 12469
Put_Thrift_Server_Storage_us-west-central 12613
Put_Azure_us-west-central 13367
Put_Thrift_Server_Storage_us-west-central 13470
Put_Azure_us-west-central 12609
Put_Thrift_Server_Storage_us-west-central 12730
Put_Azure_us-west-central 14491
Put_Thrift_Server_Storage_us-west-central 14616
Put_Azure_us-west-central 13890
Put_Thrift_Server_Storage_us-west-central 13987
Put_Azure_us-west-central 12276
Put_Thrift_Server_Storage_us-west-central 12376
Put_Azure_us-west-central 12358
Put_Thrift_Server_Storage_us-west-central 12447
Put_Azure_us-west-central 14211
Put_Thrift_Server_Storage_us-west-central 14307
Put_Azure_us-west-central 12900
Put_Thrift_Server_Storage_us-west-central 13026
Put_Azure_us-west-central 13433
Put_Thrift_Server_Storage_us-west-central 13514
Put_Azure_us-west-central 12919
Put_Thrift_Server_Storage_us-west-central 13019
Put_Azure_us-west-central 12590
Put_Thrift_Server_Storage_us-west-central 12664
Put_Azure_us-west-central 15732
Put_Thrift_Server_Storage_us-west-central 15817
Put_Azure_us-west-central 12720
Put_Thrift_Server_Storage_us-west-central 12804
Put_Azure_us-west-central 12602
Put_Thrift_Server_Storage_us-west-central 12701
Put_Azure_us-west-central 13148
Put_Thrift_Server_Storage_us-west-central 13253
Put_Azure_us-west-central 12114
Put_Thrift_Server_Storage_us-west-central 12203
Put_Azure_us-west-central 14635
Put_Thrift_Server_Storage_us-west-central 14727
Put_Azure_us-west-central 12454
Put_Thrift_Server_Storage_us-west-central 12542
Put_Azure_us-west-central 13427
Put_Thrift_Server_Storage_us-west-central 13499
Put_Azure_us-west-central 12382
Put_Thrift_Server_Storage_us-west-central 12491
Put_Azure_us-west-central 12688
Put_Thrift_Server_Storage_us-west-central 12784
Put_Azure_us-west-central 13368
Put_Thrift_Server_Storage_us-west-central 13436
Put_Azure_us-west-central 12955
Put_Thrift_Server_Storage_us-west-central 13106
Put_Azure_us-west-central 12909
Put_Thrift_Server_Storage_us-west-central 13010
Put_Azure_us-west-central 12643
Put_Thrift_Server_Storage_us-west-central 12721
Put_Azure_us-west-central 13116
Put_Thrift_Server_Storage_us-west-central 13228
Put_Azure_us-west-central 14822
Put_Thrift_Server_Storage_us-west-central 14931
Put_Azure_us-west-central 12516
Put_Thrift_Server_Storage_us-west-central 12598
Put_Azure_us-west-central 12045
Put_Thrift_Server_Storage_us-west-central 12122
Put_Azure_us-west-central 12258
Put_Thrift_Server_Storage_us-west-central 12335
Put_Azure_us-west-central 13353
Put_Thrift_Server_Storage_us-west-central 13444
Put_Azure_us-west-central 12908
Put_Thrift_Server_Storage_us-west-central 13008
Put_Azure_us-west-central 12052
Put_Thrift_Server_Storage_us-west-central 12160
Put_Azure_us-west-central 12920
Put_Thrift_Server_Storage_us-west-central 12999
Put_Azure_us-west-central 12627
Put_Thrift_Server_Storage_us-west-central 12727
Put_Azure_us-west-central 15463
Put_Thrift_Server_Storage_us-west-central 15584
Put_Azure_us-west-central 13018
Put_Thrift_Server_Storage_us-west-central 13129
Put_Azure_us-west-central 12623
Put_Thrift_Server_Storage_us-west-central 12743
Put_Azure_us-west-central 12602
Put_Thrift_Server_Storage_us-west-central 12685
Put_Azure_us-west-central 12860
Put_Thrift_Server_Storage_us-west-central 12964
Put_Azure_us-west-central 13895
Put_Thrift_Server_Storage_us-west-central 14002
Put_Azure_us-west-central 13213
Put_Thrift_Server_Storage_us-west-central 13296
Put_Azure_us-west-central 13069
Put_Thrift_Server_Storage_us-west-central 13148
Put_Azure_us-west-central 13117
Put_Thrift_Server_Storage_us-west-central 13257
Put_Azure_us-west-central 13030
Put_Thrift_Server_Storage_us-west-central 13124
Put_Azure_us-west-central 181389
Put_Thrift_Server_Storage_us-west-central 181479
Put_Azure_us-west-central 12322
Put_Thrift_Server_Storage_us-west-central 12436
Put_Azure_us-west-central 13803
Put_Thrift_Server_Storage_us-west-central 13877
Put_Azure_us-west-central 12705
Put_Thrift_Server_Storage_us-west-central 12794
Put_Azure_us-west-central 12756
Put_Thrift_Server_Storage_us-west-central 12832
Put_Azure_us-west-central 13608
Put_Thrift_Server_Storage_us-west-central 13706
Put_Azure_us-west-central 15826
Put_Thrift_Server_Storage_us-west-central 15901
Put_Azure_us-west-central 13967
Put_Thrift_Server_Storage_us-west-central 14033
