Put_Azure_us-central 74732
Put_Thrift_Server_Storage_us-central 75096
Put_Azure_us-central 65638
Put_Thrift_Server_Storage_us-central 65860
Put_Azure_us-central 61408
Put_Thrift_Server_Storage_us-central 61617
Put_Azure_us-central 64009
Put_Thrift_Server_Storage_us-central 64277
Put_Azure_us-central 64587
Put_Thrift_Server_Storage_us-central 64822
Put_Azure_us-central 66385
Put_Thrift_Server_Storage_us-central 66584
Put_Azure_us-central 39236
Put_Thrift_Server_Storage_us-central 39447
Put_Azure_us-central 40239
Put_Thrift_Server_Storage_us-central 40414
Put_Azure_us-central 61302
Put_Thrift_Server_Storage_us-central 61521
Put_Azure_us-central 67110
Put_Thrift_Server_Storage_us-central 67305
Put_Azure_us-central 27334
Put_Thrift_Server_Storage_us-central 27568
Put_Azure_us-central 23935
Put_Thrift_Server_Storage_us-central 24123
Put_Azure_us-central 25371
Put_Thrift_Server_Storage_us-central 25573
Put_Azure_us-central 60578
Put_Thrift_Server_Storage_us-central 60787
Put_Azure_us-central 59169
Put_Thrift_Server_Storage_us-central 59402
Put_Azure_us-central 38087
Put_Thrift_Server_Storage_us-central 38299
Put_Azure_us-central 39765
Put_Thrift_Server_Storage_us-central 39957
Put_Azure_us-central 29941
Put_Thrift_Server_Storage_us-central 30200
Put_Azure_us-central 26617
Put_Thrift_Server_Storage_us-central 26821
Put_Azure_us-central 39623
Put_Thrift_Server_Storage_us-central 39822
Put_Azure_us-central 26635
Put_Thrift_Server_Storage_us-central 26860
Put_Azure_us-central 28526
Put_Thrift_Server_Storage_us-central 28719
Put_Azure_us-central 79895
Put_Thrift_Server_Storage_us-central 80136
Put_Azure_us-central 27138
Put_Thrift_Server_Storage_us-central 27316
Put_Azure_us-central 74440
Put_Thrift_Server_Storage_us-central 74596
Put_Azure_us-central 23915
Put_Thrift_Server_Storage_us-central 24090
Put_Azure_us-central 24059
Put_Thrift_Server_Storage_us-central 24234
Put_Azure_us-central 33798
Put_Thrift_Server_Storage_us-central 34022
Put_Azure_us-central 24859
Put_Thrift_Server_Storage_us-central 25092
Put_Azure_us-central 60157
Put_Thrift_Server_Storage_us-central 60383
Put_Azure_us-central 25749
Put_Thrift_Server_Storage_us-central 25963
Put_Azure_us-central 23981
Put_Thrift_Server_Storage_us-central 24198
Put_Azure_us-central 27341
Put_Thrift_Server_Storage_us-central 27560
Put_Azure_us-central 59578
Put_Thrift_Server_Storage_us-central 59802
Put_Azure_us-central 24766
Put_Thrift_Server_Storage_us-central 25033
Put_Azure_us-central 24516
Put_Thrift_Server_Storage_us-central 24733
Put_Azure_us-central 26486
Put_Thrift_Server_Storage_us-central 26711
Put_Azure_us-central 29934
Put_Thrift_Server_Storage_us-central 30170
Put_Azure_us-central 24338
Put_Thrift_Server_Storage_us-central 24507
Put_Azure_us-central 33839
Put_Thrift_Server_Storage_us-central 34061
Put_Azure_us-central 24627
Put_Thrift_Server_Storage_us-central 24799
Put_Azure_us-central 23162
Put_Thrift_Server_Storage_us-central 23396
Put_Azure_us-central 24858
Put_Thrift_Server_Storage_us-central 25025
Put_Azure_us-central 24067
Put_Thrift_Server_Storage_us-central 24243
Put_Azure_us-central 26018
Put_Thrift_Server_Storage_us-central 26228
Put_Azure_us-central 26075
Put_Thrift_Server_Storage_us-central 26252
Put_Azure_us-central 22481
Put_Thrift_Server_Storage_us-central 22696
Put_Azure_us-central 21675
Put_Thrift_Server_Storage_us-central 21907
Put_Azure_us-central 21557
Put_Thrift_Server_Storage_us-central 21727
Put_Azure_us-central 25239
Put_Thrift_Server_Storage_us-central 25569
Put_Azure_us-central 27201
Put_Thrift_Server_Storage_us-central 27415
Put_Azure_us-central 45110
Put_Thrift_Server_Storage_us-central 45285
Put_Azure_us-central 23706
Put_Thrift_Server_Storage_us-central 23912
Put_Azure_us-central 36894
Put_Thrift_Server_Storage_us-central 37066
Put_Azure_us-central 26150
Put_Thrift_Server_Storage_us-central 26319
Put_Azure_us-central 24988
Put_Thrift_Server_Storage_us-central 25164
Put_Azure_us-central 24060
Put_Thrift_Server_Storage_us-central 24237
Put_Azure_us-central 25306
Put_Thrift_Server_Storage_us-central 25515
Put_Azure_us-central 32468
Put_Thrift_Server_Storage_us-central 32700
Put_Azure_us-central 21496
Put_Thrift_Server_Storage_us-central 21716
Put_Azure_us-central 28144
Put_Thrift_Server_Storage_us-central 28360
Put_Azure_us-central 22477
Put_Thrift_Server_Storage_us-central 22699
Put_Azure_us-central 24816
Put_Thrift_Server_Storage_us-central 24978
Put_Azure_us-central 22150
Put_Thrift_Server_Storage_us-central 22349
Put_Azure_us-central 23857
Put_Thrift_Server_Storage_us-central 24067
Put_Azure_us-central 32647
Put_Thrift_Server_Storage_us-central 32872
Put_Azure_us-central 20908
Put_Thrift_Server_Storage_us-central 21103
Put_Azure_us-central 22575
Put_Thrift_Server_Storage_us-central 22735
Put_Azure_us-central 21840
Put_Thrift_Server_Storage_us-central 22009
Put_Azure_us-central 22538
Put_Thrift_Server_Storage_us-central 22707
Put_Azure_us-central 23929
Put_Thrift_Server_Storage_us-central 24118
Put_Azure_us-central 23866
Put_Thrift_Server_Storage_us-central 24038
Put_Azure_us-central 22474
Put_Thrift_Server_Storage_us-central 22661
Put_Azure_us-central 22342
Put_Thrift_Server_Storage_us-central 22520
Put_Azure_us-central 23112
Put_Thrift_Server_Storage_us-central 23320
Put_Azure_us-central 24577
Put_Thrift_Server_Storage_us-central 24790
Put_Azure_us-central 23449
Put_Thrift_Server_Storage_us-central 23628
Put_Azure_us-central 24491
Put_Thrift_Server_Storage_us-central 24672
Put_Azure_us-central 26770
Put_Thrift_Server_Storage_us-central 26976
Put_Azure_us-central 20682
Put_Thrift_Server_Storage_us-central 20880
Put_Azure_us-central 24850
Put_Thrift_Server_Storage_us-central 25049
Put_Azure_us-central 22932
Put_Thrift_Server_Storage_us-central 23100
Put_Azure_us-central 21653
Put_Thrift_Server_Storage_us-central 21822
Put_Azure_us-central 22681
Put_Thrift_Server_Storage_us-central 22876
Put_Azure_us-central 33422
Put_Thrift_Server_Storage_us-central 33623
Put_Azure_us-central 22895
Put_Thrift_Server_Storage_us-central 23109
Put_Azure_us-central 20799
Put_Thrift_Server_Storage_us-central 21035
Put_Azure_us-central 21670
Put_Thrift_Server_Storage_us-central 21834
Put_Azure_us-central 24846
Put_Thrift_Server_Storage_us-central 25018
Put_Azure_us-central 30754
Put_Thrift_Server_Storage_us-central 30967
Put_Azure_us-central 20814
Put_Thrift_Server_Storage_us-central 20996
Put_Azure_us-central 25128
Put_Thrift_Server_Storage_us-central 25309
Put_Azure_us-central 23734
Put_Thrift_Server_Storage_us-central 23934
Put_Azure_us-central 20403
Put_Thrift_Server_Storage_us-central 20573
Put_Azure_us-central 49586
Put_Thrift_Server_Storage_us-central 49821
Put_Azure_us-central 27649
Put_Thrift_Server_Storage_us-central 27869
Put_Azure_us-central 25620
Put_Thrift_Server_Storage_us-central 25864
Put_Azure_us-central 25349
Put_Thrift_Server_Storage_us-central 25572
Put_Azure_us-central 22876
Put_Thrift_Server_Storage_us-central 23100
Put_Azure_us-central 24470
Put_Thrift_Server_Storage_us-central 24655
Put_Azure_us-central 24399
Put_Thrift_Server_Storage_us-central 24583
Put_Azure_us-central 21542
Put_Thrift_Server_Storage_us-central 21791
Put_Azure_us-central 23564
Put_Thrift_Server_Storage_us-central 23777
Put_Azure_us-central 22140
Put_Thrift_Server_Storage_us-central 22351
Put_Azure_us-central 27702
Put_Thrift_Server_Storage_us-central 27878
Put_Azure_us-central 29245
Put_Thrift_Server_Storage_us-central 29420
Put_Azure_us-central 23939
Put_Thrift_Server_Storage_us-central 24132
Put_Azure_us-central 19956
Put_Thrift_Server_Storage_us-central 20176
Put_Azure_us-central 23599
Put_Thrift_Server_Storage_us-central 23845
Put_Azure_us-central 24852
Put_Thrift_Server_Storage_us-central 25053
Put_Azure_us-central 21107
Put_Thrift_Server_Storage_us-central 21286
Put_Azure_us-central 23257
Put_Thrift_Server_Storage_us-central 23427
Put_Azure_us-central 22352
Put_Thrift_Server_Storage_us-central 22523
Put_Azure_us-central 20485
Put_Thrift_Server_Storage_us-central 20649
Put_Azure_us-central 27413
Put_Thrift_Server_Storage_us-central 27572
Put_Azure_us-central 22070
Put_Thrift_Server_Storage_us-central 22260
Put_Azure_us-central 24590
Put_Thrift_Server_Storage_us-central 24811
Put_Azure_us-central 22838
Put_Thrift_Server_Storage_us-central 23006
Put_Azure_us-central 25849
Put_Thrift_Server_Storage_us-central 26025
Put_Azure_us-central 24593
Put_Thrift_Server_Storage_us-central 24800
Put_Azure_us-central 25391
Put_Thrift_Server_Storage_us-central 25565
Put_Azure_us-central 20354
Put_Thrift_Server_Storage_us-central 20523
Put_Azure_us-central 27663
Put_Thrift_Server_Storage_us-central 27839
Put_Azure_us-central 23501
Put_Thrift_Server_Storage_us-central 23760
Put_Azure_us-central 25620
Put_Thrift_Server_Storage_us-central 25835
Put_Azure_us-central 23406
Put_Thrift_Server_Storage_us-central 23589
Put_Azure_us-central 21894
Put_Thrift_Server_Storage_us-central 22076
Put_Azure_us-central 41758
Put_Thrift_Server_Storage_us-central 41972
Put_Azure_us-central 26216
Put_Thrift_Server_Storage_us-central 26427
Put_Azure_us-central 25103
Put_Thrift_Server_Storage_us-central 25334
Put_Azure_us-central 21358
Put_Thrift_Server_Storage_us-central 21559
Put_Azure_us-central 21803
Put_Thrift_Server_Storage_us-central 21965
Put_Azure_us-central 24876
Put_Thrift_Server_Storage_us-central 25056
Put_Azure_us-central 32638
Put_Thrift_Server_Storage_us-central 32900
Put_Azure_us-central 30687
Put_Thrift_Server_Storage_us-central 30883
Put_Azure_us-central 23059
Put_Thrift_Server_Storage_us-central 23222
Put_Azure_us-central 22901
Put_Thrift_Server_Storage_us-central 23065
Put_Azure_us-central 24846
Put_Thrift_Server_Storage_us-central 25018
Put_Azure_us-central 25060
Put_Thrift_Server_Storage_us-central 25239
Put_Azure_us-central 25249
Put_Thrift_Server_Storage_us-central 25438
Put_Azure_us-central 23773
Put_Thrift_Server_Storage_us-central 23950
Put_Azure_us-central 23818
Put_Thrift_Server_Storage_us-central 24043
Put_Azure_us-central 25171
Put_Thrift_Server_Storage_us-central 25382
Put_Azure_us-central 25399
Put_Thrift_Server_Storage_us-central 25605
Put_Azure_us-central 26369
Put_Thrift_Server_Storage_us-central 26576
Put_Azure_us-central 21572
Put_Thrift_Server_Storage_us-central 21756
Put_Azure_us-central 60458
Put_Thrift_Server_Storage_us-central 60630
Put_Azure_us-central 21722
Put_Thrift_Server_Storage_us-central 21905
Put_Azure_us-central 32499
Put_Thrift_Server_Storage_us-central 32675
Put_Azure_us-central 23913
Put_Thrift_Server_Storage_us-central 24077
Put_Azure_us-central 64911
Put_Thrift_Server_Storage_us-central 65099
Put_Azure_us-central 23183
Put_Thrift_Server_Storage_us-central 23353
Put_Azure_us-central 24855
Put_Thrift_Server_Storage_us-central 25012
Put_Azure_us-central 21525
Put_Thrift_Server_Storage_us-central 21707
Put_Azure_us-central 23870
Put_Thrift_Server_Storage_us-central 24042
Put_Azure_us-central 22214
Put_Thrift_Server_Storage_us-central 22385
Put_Azure_us-central 24103
Put_Thrift_Server_Storage_us-central 24337
Put_Azure_us-central 23256
Put_Thrift_Server_Storage_us-central 23442
Put_Azure_us-central 24757
Put_Thrift_Server_Storage_us-central 24967
Put_Azure_us-central 28785
Put_Thrift_Server_Storage_us-central 29001
Put_Azure_us-central 22054
Put_Thrift_Server_Storage_us-central 22245
Put_Azure_us-central 26972
Put_Thrift_Server_Storage_us-central 27209
Put_Azure_us-central 21888
Put_Thrift_Server_Storage_us-central 22109
Put_Azure_us-central 31087
Put_Thrift_Server_Storage_us-central 31278
Put_Azure_us-central 26758
Put_Thrift_Server_Storage_us-central 26954
Put_Azure_us-central 23614
Put_Thrift_Server_Storage_us-central 23832
Put_Azure_us-central 22249
Put_Thrift_Server_Storage_us-central 22416
Put_Azure_us-central 21422
Put_Thrift_Server_Storage_us-central 21599
Put_Azure_us-central 20201
Put_Thrift_Server_Storage_us-central 20361
Put_Azure_us-central 27606
Put_Thrift_Server_Storage_us-central 27773
Put_Azure_us-central 21653
Put_Thrift_Server_Storage_us-central 21874
Put_Azure_us-central 21494
Put_Thrift_Server_Storage_us-central 21657
Put_Azure_us-central 23116
Put_Thrift_Server_Storage_us-central 23282
Put_Azure_us-central 22550
Put_Thrift_Server_Storage_us-central 22742
Put_Azure_us-central 28485
Put_Thrift_Server_Storage_us-central 28658
Put_Azure_us-central 23811
Put_Thrift_Server_Storage_us-central 24019
Put_Azure_us-central 25023
Put_Thrift_Server_Storage_us-central 25250
Put_Azure_us-central 20651
Put_Thrift_Server_Storage_us-central 20809
Put_Azure_us-central 25347
Put_Thrift_Server_Storage_us-central 25547
Put_Azure_us-central 30749
Put_Thrift_Server_Storage_us-central 30930
Put_Azure_us-central 24347
Put_Thrift_Server_Storage_us-central 24506
Put_Azure_us-central 35393
Put_Thrift_Server_Storage_us-central 35601
Put_Azure_us-central 30870
Put_Thrift_Server_Storage_us-central 31041
Put_Azure_us-central 23541
Put_Thrift_Server_Storage_us-central 23729
Put_Azure_us-central 27443
Put_Thrift_Server_Storage_us-central 27629
Put_Azure_us-central 25320
Put_Thrift_Server_Storage_us-central 25506
Put_Azure_us-central 23620
Put_Thrift_Server_Storage_us-central 23811
Put_Azure_us-central 23248
Put_Thrift_Server_Storage_us-central 23504
Put_Azure_us-central 25121
Put_Thrift_Server_Storage_us-central 25305
Put_Azure_us-central 25520
Put_Thrift_Server_Storage_us-central 25727
Put_Azure_us-central 22612
Put_Thrift_Server_Storage_us-central 22836
Put_Azure_us-central 25728
Put_Thrift_Server_Storage_us-central 25935
Put_Azure_us-central 35489
Put_Thrift_Server_Storage_us-central 35679
Put_Azure_us-central 23873
Put_Thrift_Server_Storage_us-central 24168
Put_Azure_us-central 24803
Put_Thrift_Server_Storage_us-central 25009
Put_Azure_us-central 23534
Put_Thrift_Server_Storage_us-central 23743
Put_Azure_us-central 22342
Put_Thrift_Server_Storage_us-central 22554
Put_Azure_us-central 20986
Put_Thrift_Server_Storage_us-central 21165
Put_Azure_us-central 30705
Put_Thrift_Server_Storage_us-central 30880
Put_Azure_us-central 22467
Put_Thrift_Server_Storage_us-central 22653
Put_Azure_us-central 22416
Put_Thrift_Server_Storage_us-central 22588
Put_Azure_us-central 24127
Put_Thrift_Server_Storage_us-central 24292
Put_Azure_us-central 23427
Put_Thrift_Server_Storage_us-central 23600
Put_Azure_us-central 23977
Put_Thrift_Server_Storage_us-central 24184
Put_Azure_us-central 23351
Put_Thrift_Server_Storage_us-central 23550
Put_Azure_us-central 21700
Put_Thrift_Server_Storage_us-central 21893
Put_Azure_us-central 22345
Put_Thrift_Server_Storage_us-central 22525
Put_Azure_us-central 22246
Put_Thrift_Server_Storage_us-central 22413
Put_Azure_us-central 25346
Put_Thrift_Server_Storage_us-central 25615
Put_Azure_us-central 24402
Put_Thrift_Server_Storage_us-central 24582
Put_Azure_us-central 26283
Put_Thrift_Server_Storage_us-central 26456
Put_Azure_us-central 39478
Put_Thrift_Server_Storage_us-central 39651
Put_Azure_us-central 21486
Put_Thrift_Server_Storage_us-central 21647
Put_Azure_us-central 25692
Put_Thrift_Server_Storage_us-central 25900
Put_Azure_us-central 26348
Put_Thrift_Server_Storage_us-central 26502
Put_Azure_us-central 21243
Put_Thrift_Server_Storage_us-central 21439
Put_Azure_us-central 22044
Put_Thrift_Server_Storage_us-central 22244
Put_Azure_us-central 23788
Put_Thrift_Server_Storage_us-central 24001
Put_Azure_us-central 24152
Put_Thrift_Server_Storage_us-central 24397
Put_Azure_us-central 24169
Put_Thrift_Server_Storage_us-central 24340
Put_Azure_us-central 22784
Put_Thrift_Server_Storage_us-central 22955
Put_Azure_us-central 24688
Put_Thrift_Server_Storage_us-central 24868
Put_Azure_us-central 24227
Put_Thrift_Server_Storage_us-central 24450
Put_Azure_us-central 24567
Put_Thrift_Server_Storage_us-central 24773
Put_Azure_us-central 27030
Put_Thrift_Server_Storage_us-central 27244
Put_Azure_us-central 26397
Put_Thrift_Server_Storage_us-central 26612
Put_Azure_us-central 22775
Put_Thrift_Server_Storage_us-central 22964
Put_Azure_us-central 24207
Put_Thrift_Server_Storage_us-central 24429
Put_Azure_us-central 24858
Put_Thrift_Server_Storage_us-central 25028
Put_Azure_us-central 23388
Put_Thrift_Server_Storage_us-central 23613
Put_Azure_us-central 26811
Put_Thrift_Server_Storage_us-central 27048
Put_Azure_us-central 24794
Put_Thrift_Server_Storage_us-central 25021
Put_Azure_us-central 23330
Put_Thrift_Server_Storage_us-central 23532
Put_Azure_us-central 34085
Put_Thrift_Server_Storage_us-central 34266
Put_Azure_us-central 25108
Put_Thrift_Server_Storage_us-central 25314
Put_Azure_us-central 25152
Put_Thrift_Server_Storage_us-central 25363
Put_Azure_us-central 22795
Put_Thrift_Server_Storage_us-central 22977
Put_Azure_us-central 43736
Put_Thrift_Server_Storage_us-central 43920
Put_Azure_us-central 25428
Put_Thrift_Server_Storage_us-central 25603
Put_Azure_us-central 24513
Put_Thrift_Server_Storage_us-central 24846
Put_Azure_us-central 22887
Put_Thrift_Server_Storage_us-central 23108
Put_Azure_us-central 26091
Put_Thrift_Server_Storage_us-central 26267
Put_Azure_us-central 22801
Put_Thrift_Server_Storage_us-central 22978
Put_Azure_us-central 24155
Put_Thrift_Server_Storage_us-central 24323
Put_Azure_us-central 22566
Put_Thrift_Server_Storage_us-central 22793
Put_Azure_us-central 25273
Put_Thrift_Server_Storage_us-central 25440
Put_Azure_us-central 22092
Put_Thrift_Server_Storage_us-central 22276
Put_Azure_us-central 27608
Put_Thrift_Server_Storage_us-central 27779
Put_Azure_us-central 29795
Put_Thrift_Server_Storage_us-central 29963
Put_Azure_us-central 23315
Put_Thrift_Server_Storage_us-central 23498
Put_Azure_us-central 22974
Put_Thrift_Server_Storage_us-central 23159
Put_Azure_us-central 21724
Put_Thrift_Server_Storage_us-central 21895
Put_Azure_us-central 24647
Put_Thrift_Server_Storage_us-central 24855
Put_Azure_us-central 24589
Put_Thrift_Server_Storage_us-central 24803
Put_Azure_us-central 23961
Put_Thrift_Server_Storage_us-central 24128
Put_Azure_us-central 28478
Put_Thrift_Server_Storage_us-central 28674
Put_Azure_us-central 23732
Put_Thrift_Server_Storage_us-central 23892
Put_Azure_us-central 21604
Put_Thrift_Server_Storage_us-central 21818
Put_Azure_us-central 28738
Put_Thrift_Server_Storage_us-central 28954
Put_Azure_us-central 24684
Put_Thrift_Server_Storage_us-central 24875
Put_Azure_us-central 24213
Put_Thrift_Server_Storage_us-central 24385
Put_Azure_us-central 23258
Put_Thrift_Server_Storage_us-central 23439
Put_Azure_us-central 21578
Put_Thrift_Server_Storage_us-central 21743
Put_Azure_us-central 25951
Put_Thrift_Server_Storage_us-central 26112
Put_Azure_us-central 26736
Put_Thrift_Server_Storage_us-central 26919
Put_Azure_us-central 36570
Put_Thrift_Server_Storage_us-central 36797
Put_Azure_us-central 26652
Put_Thrift_Server_Storage_us-central 26865
Put_Azure_us-central 21352
Put_Thrift_Server_Storage_us-central 21553
Put_Azure_us-central 25814
Put_Thrift_Server_Storage_us-central 26001
Put_Azure_us-central 22870
Put_Thrift_Server_Storage_us-central 23061
Put_Azure_us-central 22776
Put_Thrift_Server_Storage_us-central 22982
Put_Azure_us-central 23446
Put_Thrift_Server_Storage_us-central 23660
Put_Azure_us-central 23268
Put_Thrift_Server_Storage_us-central 23438
Put_Azure_us-central 24198
Put_Thrift_Server_Storage_us-central 24417
Put_Azure_us-central 22168
Put_Thrift_Server_Storage_us-central 22343
Put_Azure_us-central 21643
Put_Thrift_Server_Storage_us-central 21813
Put_Azure_us-central 23395
Put_Thrift_Server_Storage_us-central 23574
Put_Azure_us-central 28068
Put_Thrift_Server_Storage_us-central 28237
Put_Azure_us-central 25467
Put_Thrift_Server_Storage_us-central 25688
Put_Azure_us-central 22492
Put_Thrift_Server_Storage_us-central 22700
Put_Azure_us-central 25397
Put_Thrift_Server_Storage_us-central 25611
Put_Azure_us-central 22523
Put_Thrift_Server_Storage_us-central 22747
Put_Azure_us-central 26187
Put_Thrift_Server_Storage_us-central 26368
Put_Azure_us-central 26690
Put_Thrift_Server_Storage_us-central 26907
Put_Azure_us-central 23349
Put_Thrift_Server_Storage_us-central 23508
Put_Azure_us-central 25992
Put_Thrift_Server_Storage_us-central 26213
Put_Azure_us-central 49661
Put_Thrift_Server_Storage_us-central 49872
Put_Azure_us-central 32639
Put_Thrift_Server_Storage_us-central 32805
Put_Azure_us-central 32920
Put_Thrift_Server_Storage_us-central 33158
Put_Azure_us-central 24387
Put_Thrift_Server_Storage_us-central 24550
Put_Azure_us-central 26111
Put_Thrift_Server_Storage_us-central 26285
Put_Azure_us-central 20532
Put_Thrift_Server_Storage_us-central 20738
Put_Azure_us-central 24018
Put_Thrift_Server_Storage_us-central 24237
Put_Azure_us-central 25023
Put_Thrift_Server_Storage_us-central 25196
Put_Azure_us-central 28528
Put_Thrift_Server_Storage_us-central 28750
Put_Azure_us-central 23612
Put_Thrift_Server_Storage_us-central 23804
Put_Azure_us-central 23295
Put_Thrift_Server_Storage_us-central 23508
Put_Azure_us-central 22667
Put_Thrift_Server_Storage_us-central 22873
Put_Azure_us-central 31528
Put_Thrift_Server_Storage_us-central 31714
Put_Azure_us-central 22353
Put_Thrift_Server_Storage_us-central 22522
Put_Azure_us-central 23244
Put_Thrift_Server_Storage_us-central 23434
Put_Azure_us-central 23888
Put_Thrift_Server_Storage_us-central 24053
Put_Azure_us-central 27674
Put_Thrift_Server_Storage_us-central 27891
Put_Azure_us-central 23549
Put_Thrift_Server_Storage_us-central 23750
Put_Azure_us-central 24719
Put_Thrift_Server_Storage_us-central 24887
Put_Azure_us-central 26165
Put_Thrift_Server_Storage_us-central 26331
Put_Azure_us-central 21922
Put_Thrift_Server_Storage_us-central 22095
Put_Azure_us-central 25564
Put_Thrift_Server_Storage_us-central 25816
Put_Azure_us-central 22663
Put_Thrift_Server_Storage_us-central 22850
Put_Azure_us-central 24750
Put_Thrift_Server_Storage_us-central 24916
Put_Azure_us-central 25695
Put_Thrift_Server_Storage_us-central 25867
Put_Azure_us-central 22785
Put_Thrift_Server_Storage_us-central 22958
Put_Azure_us-central 24148
Put_Thrift_Server_Storage_us-central 24319
Put_Azure_us-central 21616
Put_Thrift_Server_Storage_us-central 21799
Put_Azure_us-central 21301
Put_Thrift_Server_Storage_us-central 21468
Put_Azure_us-central 20341
Put_Thrift_Server_Storage_us-central 20510
Put_Azure_us-central 25310
Put_Thrift_Server_Storage_us-central 25489
Put_Azure_us-central 36899
Put_Thrift_Server_Storage_us-central 37111
Put_Azure_us-central 20769
Put_Thrift_Server_Storage_us-central 20936
Put_Azure_us-central 22431
Put_Thrift_Server_Storage_us-central 22660
Put_Azure_us-central 23367
Put_Thrift_Server_Storage_us-central 23547
Put_Azure_us-central 23432
Put_Thrift_Server_Storage_us-central 23641
Put_Azure_us-central 25851
Put_Thrift_Server_Storage_us-central 26023
Put_Azure_us-central 24259
Put_Thrift_Server_Storage_us-central 24421
Put_Azure_us-central 23862
Put_Thrift_Server_Storage_us-central 24030
Put_Azure_us-central 33395
Put_Thrift_Server_Storage_us-central 33603
Put_Azure_us-central 26082
Put_Thrift_Server_Storage_us-central 26266
Put_Azure_us-central 24191
Put_Thrift_Server_Storage_us-central 24405
Put_Azure_us-central 20519
Put_Thrift_Server_Storage_us-central 20760
Put_Azure_us-central 29822
Put_Thrift_Server_Storage_us-central 30036
Put_Azure_us-central 22322
Put_Thrift_Server_Storage_us-central 22570
Put_Azure_us-central 83165
Put_Thrift_Server_Storage_us-central 83331
Put_Azure_us-central 30795
Put_Thrift_Server_Storage_us-central 31058
Put_Azure_us-central 23587
Put_Thrift_Server_Storage_us-central 23762
Put_Azure_us-central 23742
Put_Thrift_Server_Storage_us-central 23976
Put_Azure_us-central 21575
Put_Thrift_Server_Storage_us-central 21787
Put_Azure_us-central 22573
Put_Thrift_Server_Storage_us-central 22791
Put_Azure_us-central 99108
Put_Thrift_Server_Storage_us-central 99318
Put_Azure_us-central 24745
Put_Thrift_Server_Storage_us-central 24947
Put_Azure_us-central 23338
Put_Thrift_Server_Storage_us-central 23519
Put_Azure_us-central 25369
Put_Thrift_Server_Storage_us-central 25577
Put_Azure_us-central 20386
Put_Thrift_Server_Storage_us-central 20565
Put_Azure_us-central 24633
Put_Thrift_Server_Storage_us-central 24831
Put_Azure_us-central 21464
Put_Thrift_Server_Storage_us-central 21636
Put_Azure_us-central 22181
Put_Thrift_Server_Storage_us-central 22369
Put_Azure_us-central 21966
Put_Thrift_Server_Storage_us-central 22185
Put_Azure_us-central 23492
Put_Thrift_Server_Storage_us-central 23667
Put_Azure_us-central 26332
Put_Thrift_Server_Storage_us-central 26543
Put_Azure_us-central 27433
Put_Thrift_Server_Storage_us-central 27594
Put_Azure_us-central 25995
Put_Thrift_Server_Storage_us-central 26194
Put_Azure_us-central 49047
Put_Thrift_Server_Storage_us-central 49266
Put_Azure_us-central 40377
Put_Thrift_Server_Storage_us-central 40604
Put_Azure_us-central 25912
Put_Thrift_Server_Storage_us-central 26121
Put_Azure_us-central 28781
Put_Thrift_Server_Storage_us-central 28941
Put_Azure_us-central 25938
Put_Thrift_Server_Storage_us-central 26158
Put_Azure_us-central 22538
Put_Thrift_Server_Storage_us-central 22754
Put_Azure_us-central 22256
Put_Thrift_Server_Storage_us-central 22429
Put_Azure_us-central 32009
Put_Thrift_Server_Storage_us-central 32240
Put_Azure_us-central 21941
Put_Thrift_Server_Storage_us-central 22147
Put_Azure_us-central 35442
Put_Thrift_Server_Storage_us-central 35677
Put_Azure_us-central 21759
Put_Thrift_Server_Storage_us-central 21969
Put_Azure_us-central 22200
Put_Thrift_Server_Storage_us-central 22409
Put_Azure_us-central 26172
Put_Thrift_Server_Storage_us-central 26370
Put_Azure_us-central 23587
Put_Thrift_Server_Storage_us-central 23760
Put_Azure_us-central 21412
Put_Thrift_Server_Storage_us-central 21629
Put_Azure_us-central 22751
Put_Thrift_Server_Storage_us-central 22921
Put_Azure_us-central 28499
Put_Thrift_Server_Storage_us-central 28656
Put_Azure_us-central 25738
Put_Thrift_Server_Storage_us-central 26103
Put_Azure_us-central 23078
Put_Thrift_Server_Storage_us-central 23251
Put_Azure_us-central 21748
Put_Thrift_Server_Storage_us-central 21917
Put_Azure_us-central 26144
Put_Thrift_Server_Storage_us-central 26326
Put_Azure_us-central 23094
Put_Thrift_Server_Storage_us-central 23258
Put_Azure_us-central 25736
Put_Thrift_Server_Storage_us-central 25948
Put_Azure_us-central 22490
Put_Thrift_Server_Storage_us-central 22682
Put_Azure_us-central 23322
Put_Thrift_Server_Storage_us-central 23513
Put_Azure_us-central 23131
Put_Thrift_Server_Storage_us-central 23334
Put_Azure_us-central 21961
Put_Thrift_Server_Storage_us-central 22124
Put_Azure_us-central 26379
Put_Thrift_Server_Storage_us-central 26623
Put_Azure_us-central 24306
Put_Thrift_Server_Storage_us-central 24472
Put_Azure_us-central 60584
Put_Thrift_Server_Storage_us-central 60790
Put_Azure_us-central 22618
Put_Thrift_Server_Storage_us-central 22829
Put_Azure_us-central 23194
Put_Thrift_Server_Storage_us-central 23406
Put_Azure_us-central 26696
Put_Thrift_Server_Storage_us-central 26903
Put_Azure_us-central 23461
Put_Thrift_Server_Storage_us-central 23679
Put_Azure_us-central 25705
Put_Thrift_Server_Storage_us-central 25903
Put_Azure_us-central 24197
Put_Thrift_Server_Storage_us-central 24364
Put_Azure_us-central 23684
Put_Thrift_Server_Storage_us-central 23906
Put_Azure_us-central 25769
Put_Thrift_Server_Storage_us-central 25989
Put_Azure_us-central 24441
Put_Thrift_Server_Storage_us-central 24610
Put_Azure_us-central 24381
Put_Thrift_Server_Storage_us-central 24593
Put_Azure_us-central 28214
Put_Thrift_Server_Storage_us-central 28377
Put_Azure_us-central 25227
Put_Thrift_Server_Storage_us-central 25402
Put_Azure_us-central 31682
Put_Thrift_Server_Storage_us-central 31859
Put_Azure_us-central 22977
Put_Thrift_Server_Storage_us-central 23140
Put_Azure_us-central 28032
Put_Thrift_Server_Storage_us-central 28246
Put_Azure_us-central 22805
Put_Thrift_Server_Storage_us-central 22971
Put_Azure_us-central 24127
Put_Thrift_Server_Storage_us-central 24274
Put_Azure_us-central 50127
Put_Thrift_Server_Storage_us-central 50318
Put_Azure_us-central 23455
Put_Thrift_Server_Storage_us-central 23648
Put_Azure_us-central 23547
Put_Thrift_Server_Storage_us-central 23709
Put_Azure_us-central 26995
Put_Thrift_Server_Storage_us-central 27214
Put_Azure_us-central 21755
Put_Thrift_Server_Storage_us-central 21933
Put_Azure_us-central 28436
Put_Thrift_Server_Storage_us-central 28612
Put_Azure_us-central 21267
Put_Thrift_Server_Storage_us-central 21451
Put_Azure_us-central 48109
Put_Thrift_Server_Storage_us-central 48290
Put_Azure_us-central 24145
Put_Thrift_Server_Storage_us-central 24319
Put_Azure_us-central 21766
Put_Thrift_Server_Storage_us-central 21970
Put_Azure_us-central 27792
Put_Thrift_Server_Storage_us-central 27970
Put_Azure_us-central 31886
Put_Thrift_Server_Storage_us-central 32057
Put_Azure_us-central 22688
Put_Thrift_Server_Storage_us-central 22847
Put_Azure_us-central 21697
Put_Thrift_Server_Storage_us-central 21868
Put_Azure_us-central 24210
Put_Thrift_Server_Storage_us-central 24396
Put_Azure_us-central 23586
Put_Thrift_Server_Storage_us-central 23751
Put_Azure_us-central 72319
Put_Thrift_Server_Storage_us-central 72485
Put_Azure_us-central 24518
Put_Thrift_Server_Storage_us-central 24704
Put_Azure_us-central 23365
Put_Thrift_Server_Storage_us-central 23582
Put_Azure_us-central 37941
Put_Thrift_Server_Storage_us-central 38157
Put_Azure_us-central 25943
Put_Thrift_Server_Storage_us-central 26151
Put_Azure_us-central 26875
Put_Thrift_Server_Storage_us-central 27095
Put_Azure_us-central 26181
Put_Thrift_Server_Storage_us-central 26396
Put_Azure_us-central 25211
Put_Thrift_Server_Storage_us-central 25429
Put_Azure_us-central 24763
Put_Thrift_Server_Storage_us-central 24990
Put_Azure_us-central 23492
Put_Thrift_Server_Storage_us-central 23741
Put_Azure_us-central 50172
Put_Thrift_Server_Storage_us-central 50399
Put_Azure_us-central 25307
Put_Thrift_Server_Storage_us-central 25535
Put_Azure_us-central 22345
Put_Thrift_Server_Storage_us-central 22558
Put_Azure_us-central 23822
Put_Thrift_Server_Storage_us-central 24006
Put_Azure_us-central 23405
Put_Thrift_Server_Storage_us-central 23606
Put_Azure_us-central 21886
Put_Thrift_Server_Storage_us-central 22051
Put_Azure_us-central 22529
Put_Thrift_Server_Storage_us-central 22761
Put_Azure_us-central 38871
Put_Thrift_Server_Storage_us-central 39076
Put_Azure_us-central 32908
Put_Thrift_Server_Storage_us-central 33095
Put_Azure_us-central 23341
Put_Thrift_Server_Storage_us-central 23518
Put_Azure_us-central 27858
Put_Thrift_Server_Storage_us-central 28052
Put_Azure_us-central 23052
Put_Thrift_Server_Storage_us-central 23210
Put_Azure_us-central 23231
Put_Thrift_Server_Storage_us-central 23407
Put_Azure_us-central 67566
Put_Thrift_Server_Storage_us-central 67776
Put_Azure_us-central 22228
Put_Thrift_Server_Storage_us-central 22387
Put_Azure_us-central 24472
Put_Thrift_Server_Storage_us-central 24662
Put_Azure_us-central 45500
Put_Thrift_Server_Storage_us-central 45715
Put_Azure_us-central 23357
Put_Thrift_Server_Storage_us-central 23524
Put_Azure_us-central 56059
Put_Thrift_Server_Storage_us-central 56263
Put_Azure_us-central 22849
Put_Thrift_Server_Storage_us-central 22999
Put_Azure_us-central 22405
Put_Thrift_Server_Storage_us-central 22575
Put_Azure_us-central 22190
Put_Thrift_Server_Storage_us-central 22355
Put_Azure_us-central 24482
Put_Thrift_Server_Storage_us-central 24714
Put_Azure_us-central 36436
Put_Thrift_Server_Storage_us-central 36609
Put_Azure_us-central 20600
Put_Thrift_Server_Storage_us-central 20777
Put_Azure_us-central 23120
Put_Thrift_Server_Storage_us-central 23305
Put_Azure_us-central 22600
Put_Thrift_Server_Storage_us-central 22759
Put_Azure_us-central 23234
Put_Thrift_Server_Storage_us-central 23416
Put_Azure_us-central 31130
Put_Thrift_Server_Storage_us-central 31324
Put_Azure_us-central 21170
Put_Thrift_Server_Storage_us-central 21346
Put_Azure_us-central 61684
Put_Thrift_Server_Storage_us-central 61863
Put_Azure_us-central 25040
Put_Thrift_Server_Storage_us-central 25227
Put_Azure_us-central 21711
Put_Thrift_Server_Storage_us-central 21914
Put_Azure_us-central 28496
Put_Thrift_Server_Storage_us-central 28701
Put_Azure_us-central 22835
Put_Thrift_Server_Storage_us-central 23021
Put_Azure_us-central 25842
Put_Thrift_Server_Storage_us-central 26028
Put_Azure_us-central 24878
Put_Thrift_Server_Storage_us-central 25062
Put_Azure_us-central 21977
Put_Thrift_Server_Storage_us-central 22160
Put_Azure_us-central 24044
Put_Thrift_Server_Storage_us-central 24315
Put_Azure_us-central 46938
Put_Thrift_Server_Storage_us-central 47159
Put_Azure_us-central 24963
Put_Thrift_Server_Storage_us-central 25164
Put_Azure_us-central 25795
Put_Thrift_Server_Storage_us-central 26036
Put_Azure_us-central 24226
Put_Thrift_Server_Storage_us-central 24455
Put_Azure_us-central 25389
Put_Thrift_Server_Storage_us-central 25596
Put_Azure_us-central 21737
Put_Thrift_Server_Storage_us-central 21925
Put_Azure_us-central 22173
Put_Thrift_Server_Storage_us-central 22391
Put_Azure_us-central 23662
Put_Thrift_Server_Storage_us-central 23869
Put_Azure_us-central 22630
Put_Thrift_Server_Storage_us-central 22806
Put_Azure_us-central 24808
Put_Thrift_Server_Storage_us-central 24977
Put_Azure_us-central 23575
Put_Thrift_Server_Storage_us-central 23796
Put_Azure_us-central 22282
Put_Thrift_Server_Storage_us-central 22472
Put_Azure_us-central 24175
Put_Thrift_Server_Storage_us-central 24362
Put_Azure_us-central 90222
Put_Thrift_Server_Storage_us-central 90404
Put_Azure_us-central 63559
Put_Thrift_Server_Storage_us-central 63761
Put_Azure_us-central 23103
Put_Thrift_Server_Storage_us-central 23313
Put_Azure_us-central 21051
Put_Thrift_Server_Storage_us-central 21231
Put_Azure_us-central 21435
Put_Thrift_Server_Storage_us-central 21655
Put_Azure_us-central 23315
Put_Thrift_Server_Storage_us-central 23696
Put_Azure_us-central 32162
Put_Thrift_Server_Storage_us-central 32385
Put_Azure_us-central 25462
Put_Thrift_Server_Storage_us-central 25662
Put_Azure_us-central 27190
Put_Thrift_Server_Storage_us-central 27425
Put_Azure_us-central 23843
Put_Thrift_Server_Storage_us-central 24061
Put_Azure_us-central 24075
Put_Thrift_Server_Storage_us-central 24265
Put_Azure_us-central 30621
Put_Thrift_Server_Storage_us-central 30838
Put_Azure_us-central 22676
Put_Thrift_Server_Storage_us-central 22896
Put_Azure_us-central 27460
Put_Thrift_Server_Storage_us-central 27640
Put_Azure_us-central 40439
Put_Thrift_Server_Storage_us-central 40658
Put_Azure_us-central 35006
Put_Thrift_Server_Storage_us-central 35227
Put_Azure_us-central 32056
Put_Thrift_Server_Storage_us-central 32266
Put_Azure_us-central 24341
Put_Thrift_Server_Storage_us-central 24557
Put_Azure_us-central 25057
Put_Thrift_Server_Storage_us-central 25236
Put_Azure_us-central 24152
Put_Thrift_Server_Storage_us-central 24324
Put_Azure_us-central 23680
Put_Thrift_Server_Storage_us-central 23883
Put_Azure_us-central 27307
Put_Thrift_Server_Storage_us-central 27468
Put_Azure_us-central 22355
Put_Thrift_Server_Storage_us-central 22525
Put_Azure_us-central 23783
Put_Thrift_Server_Storage_us-central 23944
Put_Azure_us-central 21002
Put_Thrift_Server_Storage_us-central 21221
Put_Azure_us-central 22952
Put_Thrift_Server_Storage_us-central 23173
Put_Azure_us-central 27267
Put_Thrift_Server_Storage_us-central 27431
Put_Azure_us-central 22266
Put_Thrift_Server_Storage_us-central 22491
Put_Azure_us-central 26767
Put_Thrift_Server_Storage_us-central 26925
Put_Azure_us-central 22114
Put_Thrift_Server_Storage_us-central 22284
Put_Azure_us-central 24704
Put_Thrift_Server_Storage_us-central 24886
Put_Azure_us-central 26440
Put_Thrift_Server_Storage_us-central 26629
Put_Azure_us-central 23531
Put_Thrift_Server_Storage_us-central 23764
Put_Azure_us-central 23898
Put_Thrift_Server_Storage_us-central 24063
Put_Azure_us-central 21770
Put_Thrift_Server_Storage_us-central 21954
Put_Azure_us-central 23410
Put_Thrift_Server_Storage_us-central 23580
Put_Azure_us-central 24525
Put_Thrift_Server_Storage_us-central 24686
Put_Azure_us-central 23111
Put_Thrift_Server_Storage_us-central 23344
Put_Azure_us-central 40112
Put_Thrift_Server_Storage_us-central 40326
Put_Azure_us-central 22061
Put_Thrift_Server_Storage_us-central 22253
Put_Azure_us-central 24389
Put_Thrift_Server_Storage_us-central 24550
Put_Azure_us-central 24250
Put_Thrift_Server_Storage_us-central 24489
Put_Azure_us-central 24092
Put_Thrift_Server_Storage_us-central 24272
Put_Azure_us-central 22236
Put_Thrift_Server_Storage_us-central 22407
Put_Azure_us-central 21407
Put_Thrift_Server_Storage_us-central 21591
Put_Azure_us-central 22315
Put_Thrift_Server_Storage_us-central 22477
Put_Azure_us-central 22791
Put_Thrift_Server_Storage_us-central 23008
Put_Azure_us-central 23777
Put_Thrift_Server_Storage_us-central 23978
Put_Azure_us-central 23078
Put_Thrift_Server_Storage_us-central 23252
Put_Azure_us-central 23341
Put_Thrift_Server_Storage_us-central 23554
Put_Azure_us-central 25033
Put_Thrift_Server_Storage_us-central 25189
Put_Azure_us-central 24155
Put_Thrift_Server_Storage_us-central 24356
Put_Azure_us-central 22290
Put_Thrift_Server_Storage_us-central 22500
Put_Azure_us-central 29009
Put_Thrift_Server_Storage_us-central 29260
Put_Azure_us-central 23849
Put_Thrift_Server_Storage_us-central 24017
Put_Azure_us-central 29409
Put_Thrift_Server_Storage_us-central 29625
Put_Azure_us-central 25215
Put_Thrift_Server_Storage_us-central 25471
Put_Azure_us-central 22569
Put_Thrift_Server_Storage_us-central 22793
Put_Azure_us-central 27326
Put_Thrift_Server_Storage_us-central 27536
Put_Azure_us-central 24590
Put_Thrift_Server_Storage_us-central 24803
Put_Azure_us-central 23075
Put_Thrift_Server_Storage_us-central 23280
Put_Azure_us-central 24187
Put_Thrift_Server_Storage_us-central 24355
Put_Azure_us-central 23340
Put_Thrift_Server_Storage_us-central 23513
Put_Azure_us-central 28650
Put_Thrift_Server_Storage_us-central 28886
Put_Azure_us-central 20749
Put_Thrift_Server_Storage_us-central 20950
Put_Azure_us-central 22688
Put_Thrift_Server_Storage_us-central 22849
Put_Azure_us-central 23473
Put_Thrift_Server_Storage_us-central 23637
Put_Azure_us-central 23099
Put_Thrift_Server_Storage_us-central 23261
Put_Azure_us-central 25861
Put_Thrift_Server_Storage_us-central 26063
Put_Azure_us-central 28579
Put_Thrift_Server_Storage_us-central 28734
Put_Azure_us-central 21232
Put_Thrift_Server_Storage_us-central 21405
Put_Azure_us-central 22580
Put_Thrift_Server_Storage_us-central 22785
Put_Azure_us-central 38241
Put_Thrift_Server_Storage_us-central 38441
Put_Azure_us-central 27713
Put_Thrift_Server_Storage_us-central 27912
Put_Azure_us-central 22541
Put_Thrift_Server_Storage_us-central 22712
Put_Azure_us-central 20931
Put_Thrift_Server_Storage_us-central 21091
Put_Azure_us-central 22535
Put_Thrift_Server_Storage_us-central 22691
Put_Azure_us-central 24070
Put_Thrift_Server_Storage_us-central 24274
Put_Azure_us-central 24271
Put_Thrift_Server_Storage_us-central 24445
Put_Azure_us-central 23469
Put_Thrift_Server_Storage_us-central 23675
Put_Azure_us-central 22424
Put_Thrift_Server_Storage_us-central 22623
Put_Azure_us-central 25265
Put_Thrift_Server_Storage_us-central 25441
Put_Azure_us-central 170668
Put_Thrift_Server_Storage_us-central 170868
Put_Azure_us-central 24745
Put_Thrift_Server_Storage_us-central 24945
Put_Azure_us-central 22221
Put_Thrift_Server_Storage_us-central 22389
Put_Azure_us-central 26200
Put_Thrift_Server_Storage_us-central 26368
Put_Azure_us-central 31408
Put_Thrift_Server_Storage_us-central 31592
Put_Azure_us-central 24160
Put_Thrift_Server_Storage_us-central 24339
Put_Azure_us-central 26489
Put_Thrift_Server_Storage_us-central 26660
Put_Azure_us-central 22672
Put_Thrift_Server_Storage_us-central 22835
Put_Azure_us-central 22515
Put_Thrift_Server_Storage_us-central 22697
Put_Azure_us-central 23611
Put_Thrift_Server_Storage_us-central 23821
Put_Azure_us-central 23245
Put_Thrift_Server_Storage_us-central 23414
Put_Azure_us-central 26202
Put_Thrift_Server_Storage_us-central 26358
Put_Azure_us-central 114660
Put_Thrift_Server_Storage_us-central 114838
Put_Azure_us-central 23904
Put_Thrift_Server_Storage_us-central 24057
Put_Azure_us-central 24697
Put_Thrift_Server_Storage_us-central 24871
Put_Azure_us-central 24130
Put_Thrift_Server_Storage_us-central 24309
Put_Azure_us-central 27891
Put_Thrift_Server_Storage_us-central 28096
Put_Azure_us-central 21716
Put_Thrift_Server_Storage_us-central 21879
Put_Azure_us-central 22858
Put_Thrift_Server_Storage_us-central 23029
Put_Azure_us-central 23744
Put_Thrift_Server_Storage_us-central 23913
Put_Azure_us-central 22131
Put_Thrift_Server_Storage_us-central 22292
Put_Azure_us-central 28675
Put_Thrift_Server_Storage_us-central 28877
Put_Azure_us-central 25837
Put_Thrift_Server_Storage_us-central 26033
Put_Azure_us-central 22736
Put_Thrift_Server_Storage_us-central 22924
Put_Azure_us-central 23610
Put_Thrift_Server_Storage_us-central 23786
Put_Azure_us-central 24078
Put_Thrift_Server_Storage_us-central 24304
Put_Azure_us-central 28607
Put_Thrift_Server_Storage_us-central 28772
Put_Azure_us-central 23137
Put_Thrift_Server_Storage_us-central 23311
Put_Azure_us-central 23352
Put_Thrift_Server_Storage_us-central 23564
Put_Azure_us-central 22181
Put_Thrift_Server_Storage_us-central 22421
Put_Azure_us-central 24862
Put_Thrift_Server_Storage_us-central 25096
Put_Azure_us-central 25332
Put_Thrift_Server_Storage_us-central 25541
Put_Azure_us-central 21879
Put_Thrift_Server_Storage_us-central 22137
Put_Azure_us-central 25451
Put_Thrift_Server_Storage_us-central 25660
Put_Azure_us-central 26176
Put_Thrift_Server_Storage_us-central 26415
Put_Azure_us-central 22183
Put_Thrift_Server_Storage_us-central 22419
Put_Azure_us-central 27516
Put_Thrift_Server_Storage_us-central 27745
Put_Azure_us-central 25310
Put_Thrift_Server_Storage_us-central 25536
Put_Azure_us-central 20323
Put_Thrift_Server_Storage_us-central 20500
Put_Azure_us-central 24097
Put_Thrift_Server_Storage_us-central 24333
Put_Azure_us-central 28961
Put_Thrift_Server_Storage_us-central 29152
Put_Azure_us-central 24352
Put_Thrift_Server_Storage_us-central 24539
Put_Azure_us-central 34181
Put_Thrift_Server_Storage_us-central 34349
Put_Azure_us-central 21478
Put_Thrift_Server_Storage_us-central 21646
Put_Azure_us-central 23760
Put_Thrift_Server_Storage_us-central 23935
Put_Azure_us-central 29417
Put_Thrift_Server_Storage_us-central 29652
Put_Azure_us-central 22605
Put_Thrift_Server_Storage_us-central 22764
Put_Azure_us-central 23993
Put_Thrift_Server_Storage_us-central 24215
Put_Azure_us-central 22078
Put_Thrift_Server_Storage_us-central 22237
Put_Azure_us-central 24576
Put_Thrift_Server_Storage_us-central 24735
Put_Azure_us-central 24110
Put_Thrift_Server_Storage_us-central 24330
Put_Azure_us-central 23203
Put_Thrift_Server_Storage_us-central 23361
Put_Azure_us-central 26863
Put_Thrift_Server_Storage_us-central 27067
Put_Azure_us-central 21424
Put_Thrift_Server_Storage_us-central 21590
Put_Azure_us-central 21820
Put_Thrift_Server_Storage_us-central 21985
Put_Azure_us-central 29388
Put_Thrift_Server_Storage_us-central 29593
Put_Azure_us-central 22932
Put_Thrift_Server_Storage_us-central 23121
Put_Azure_us-central 32358
Put_Thrift_Server_Storage_us-central 32576
Put_Azure_us-central 21336
Put_Thrift_Server_Storage_us-central 21558
Put_Azure_us-central 23935
Put_Thrift_Server_Storage_us-central 24090
Put_Azure_us-central 25173
Put_Thrift_Server_Storage_us-central 25387
Put_Azure_us-central 21874
Put_Thrift_Server_Storage_us-central 22070
Put_Azure_us-central 35907
Put_Thrift_Server_Storage_us-central 36108
Put_Azure_us-central 54627
Put_Thrift_Server_Storage_us-central 54816
Put_Azure_us-central 22027
Put_Thrift_Server_Storage_us-central 22225
Put_Azure_us-central 24296
Put_Thrift_Server_Storage_us-central 24483
Put_Azure_us-central 21989
Put_Thrift_Server_Storage_us-central 22189
Put_Azure_us-central 21935
Put_Thrift_Server_Storage_us-central 22128
Put_Azure_us-central 26008
Put_Thrift_Server_Storage_us-central 26215
Put_Azure_us-central 27552
Put_Thrift_Server_Storage_us-central 27731
Put_Azure_us-central 23937
Put_Thrift_Server_Storage_us-central 24133
Put_Azure_us-central 26469
Put_Thrift_Server_Storage_us-central 26632
Put_Azure_us-central 23161
Put_Thrift_Server_Storage_us-central 23362
Put_Azure_us-central 20424
Put_Thrift_Server_Storage_us-central 20603
Put_Azure_us-central 22618
Put_Thrift_Server_Storage_us-central 22790
Put_Azure_us-central 24063
Put_Thrift_Server_Storage_us-central 24247
Put_Azure_us-central 22549
Put_Thrift_Server_Storage_us-central 22737
Put_Azure_us-central 23464
Put_Thrift_Server_Storage_us-central 23679
Put_Azure_us-central 24914
Put_Thrift_Server_Storage_us-central 25109
Put_Azure_us-central 23056
Put_Thrift_Server_Storage_us-central 23277
Put_Azure_us-central 26615
Put_Thrift_Server_Storage_us-central 26783
Put_Azure_us-central 24508
Put_Thrift_Server_Storage_us-central 24697
Put_Azure_us-central 20673
Put_Thrift_Server_Storage_us-central 20839
Put_Azure_us-central 23108
Put_Thrift_Server_Storage_us-central 23274
Put_Azure_us-central 20957
Put_Thrift_Server_Storage_us-central 21141
Put_Azure_us-central 23841
Put_Thrift_Server_Storage_us-central 24071
Put_Azure_us-central 21536
Put_Thrift_Server_Storage_us-central 21741
Put_Azure_us-central 22713
Put_Thrift_Server_Storage_us-central 22874
Put_Azure_us-central 21604
Put_Thrift_Server_Storage_us-central 21808
Put_Azure_us-central 351192
Put_Thrift_Server_Storage_us-central 351369
Put_Azure_us-central 25035
Put_Thrift_Server_Storage_us-central 25245
Put_Azure_us-central 26549
Put_Thrift_Server_Storage_us-central 26737
Put_Azure_us-central 23570
Put_Thrift_Server_Storage_us-central 23817
Put_Azure_us-central 24322
Put_Thrift_Server_Storage_us-central 24561
Put_Azure_us-central 22553
Put_Thrift_Server_Storage_us-central 22764
Put_Azure_us-central 28146
Put_Thrift_Server_Storage_us-central 28394
Put_Azure_us-central 23235
Put_Thrift_Server_Storage_us-central 23449
Put_Azure_us-central 23060
Put_Thrift_Server_Storage_us-central 23262
Put_Azure_us-central 27819
Put_Thrift_Server_Storage_us-central 28033
Put_Azure_us-central 22682
Put_Thrift_Server_Storage_us-central 22870
Put_Azure_us-central 31123
Put_Thrift_Server_Storage_us-central 31345
Put_Azure_us-central 22056
Put_Thrift_Server_Storage_us-central 22292
Put_Azure_us-central 26152
Put_Thrift_Server_Storage_us-central 26376
Put_Azure_us-central 23700
Put_Thrift_Server_Storage_us-central 23889
Put_Azure_us-central 22717
Put_Thrift_Server_Storage_us-central 22926
Put_Azure_us-central 25741
Put_Thrift_Server_Storage_us-central 25953
Put_Azure_us-central 24406
Put_Thrift_Server_Storage_us-central 24584
Put_Azure_us-central 21920
Put_Thrift_Server_Storage_us-central 22091
Put_Azure_us-central 22973
Put_Thrift_Server_Storage_us-central 23146
Put_Azure_us-central 22872
Put_Thrift_Server_Storage_us-central 23074
Put_Azure_us-central 31658
Put_Thrift_Server_Storage_us-central 31874
Put_Azure_us-central 50130
Put_Thrift_Server_Storage_us-central 50365
Put_Azure_us-central 24157
Put_Thrift_Server_Storage_us-central 24323
Put_Azure_us-central 21759
Put_Thrift_Server_Storage_us-central 21914
Put_Azure_us-central 21835
Put_Thrift_Server_Storage_us-central 22004
Put_Azure_us-central 23268
Put_Thrift_Server_Storage_us-central 23479
Put_Azure_us-central 24248
Put_Thrift_Server_Storage_us-central 24467
Put_Azure_us-central 24110
Put_Thrift_Server_Storage_us-central 24332
Put_Azure_us-central 25005
Put_Thrift_Server_Storage_us-central 25171
Put_Azure_us-central 26637
Put_Thrift_Server_Storage_us-central 26831
Put_Azure_us-central 30626
Put_Thrift_Server_Storage_us-central 30786
Put_Azure_us-central 24528
Put_Thrift_Server_Storage_us-central 24755
Put_Azure_us-central 23463
Put_Thrift_Server_Storage_us-central 23688
Put_Azure_us-central 49614
Put_Thrift_Server_Storage_us-central 49809
Put_Azure_us-central 23018
Put_Thrift_Server_Storage_us-central 23181
Put_Azure_us-central 27135
Put_Thrift_Server_Storage_us-central 27354
Put_Azure_us-central 25521
Put_Thrift_Server_Storage_us-central 25704
Put_Azure_us-central 27729
Put_Thrift_Server_Storage_us-central 27903
Put_Azure_us-central 24431
Put_Thrift_Server_Storage_us-central 24615
Put_Azure_us-central 53065
Put_Thrift_Server_Storage_us-central 53236
Put_Azure_us-central 23874
Put_Thrift_Server_Storage_us-central 24056
Put_Azure_us-central 23623
Put_Thrift_Server_Storage_us-central 23831
Put_Azure_us-central 23392
Put_Thrift_Server_Storage_us-central 23577
Put_Azure_us-central 25277
Put_Thrift_Server_Storage_us-central 25498
Put_Azure_us-central 22442
Put_Thrift_Server_Storage_us-central 22637
Put_Azure_us-central 24325
Put_Thrift_Server_Storage_us-central 24521
Put_Azure_us-central 21647
Put_Thrift_Server_Storage_us-central 21797
Put_Azure_us-central 24935
Put_Thrift_Server_Storage_us-central 25101
Put_Azure_us-central 22108
Put_Thrift_Server_Storage_us-central 22310
Put_Azure_us-central 23282
Put_Thrift_Server_Storage_us-central 23471
Put_Azure_us-central 24076
Put_Thrift_Server_Storage_us-central 24273
Put_Azure_us-central 22862
Put_Thrift_Server_Storage_us-central 23072
Put_Azure_us-central 23942
Put_Thrift_Server_Storage_us-central 24146
Put_Azure_us-central 22251
Put_Thrift_Server_Storage_us-central 22459
Put_Azure_us-central 20743
Put_Thrift_Server_Storage_us-central 20937
Put_Azure_us-central 24107
Put_Thrift_Server_Storage_us-central 24292
Put_Azure_us-central 23793
Put_Thrift_Server_Storage_us-central 23984
Put_Azure_us-central 22931
Put_Thrift_Server_Storage_us-central 23120
Put_Azure_us-central 24005
Put_Thrift_Server_Storage_us-central 24173
Put_Azure_us-central 21346
Put_Thrift_Server_Storage_us-central 21532
Put_Azure_us-central 29969
Put_Thrift_Server_Storage_us-central 30147
Put_Azure_us-central 26380
Put_Thrift_Server_Storage_us-central 26556
Put_Azure_us-central 25540
Put_Thrift_Server_Storage_us-central 25751
Put_Azure_us-central 37243
Put_Thrift_Server_Storage_us-central 37416
Put_Azure_us-central 26966
Put_Thrift_Server_Storage_us-central 27187
Put_Azure_us-central 29581
Put_Thrift_Server_Storage_us-central 29752
Put_Azure_us-central 37476
Put_Thrift_Server_Storage_us-central 37679
Put_Azure_us-central 30018
Put_Thrift_Server_Storage_us-central 30249
Put_Azure_us-central 28344
Put_Thrift_Server_Storage_us-central 28568
Put_Azure_us-central 24510
Put_Thrift_Server_Storage_us-central 24736
Put_Azure_us-central 22687
Put_Thrift_Server_Storage_us-central 22905
Put_Azure_us-central 22413
Put_Thrift_Server_Storage_us-central 22651
Put_Azure_us-central 24996
Put_Thrift_Server_Storage_us-central 25168
Put_Azure_us-central 28605
Put_Thrift_Server_Storage_us-central 28826
Put_Azure_us-central 23996
Put_Thrift_Server_Storage_us-central 24223
Put_Azure_us-central 22513
Put_Thrift_Server_Storage_us-central 22728
Put_Azure_us-central 22454
Put_Thrift_Server_Storage_us-central 22681
Put_Azure_us-central 28716
Put_Thrift_Server_Storage_us-central 28940
Put_Azure_us-central 26052
Put_Thrift_Server_Storage_us-central 26309
Put_Azure_us-central 173328
Put_Thrift_Server_Storage_us-central 173568
Put_Azure_us-central 23567
Put_Thrift_Server_Storage_us-central 23786
Put_Azure_us-central 24491
Put_Thrift_Server_Storage_us-central 24678
Put_Azure_us-central 33200
Put_Thrift_Server_Storage_us-central 33379
Put_Azure_us-central 23809
Put_Thrift_Server_Storage_us-central 23979
Put_Azure_us-central 29461
Put_Thrift_Server_Storage_us-central 29627
Put_Azure_us-central 27751
Put_Thrift_Server_Storage_us-central 27932
Put_Azure_us-central 24240
Put_Thrift_Server_Storage_us-central 24435
Put_Azure_us-central 30637
Put_Thrift_Server_Storage_us-central 30797
Put_Azure_us-central 22945
Put_Thrift_Server_Storage_us-central 23172
Put_Azure_us-central 23519
Put_Thrift_Server_Storage_us-central 23693
Put_Azure_us-central 24249
Put_Thrift_Server_Storage_us-central 24442
Put_Azure_us-central 29544
Put_Thrift_Server_Storage_us-central 29703
Put_Azure_us-central 22848
Put_Thrift_Server_Storage_us-central 23014
Put_Azure_us-central 21923
Put_Thrift_Server_Storage_us-central 22111
Put_Azure_us-central 28275
Put_Thrift_Server_Storage_us-central 28456
Put_Azure_us-central 66962
Put_Thrift_Server_Storage_us-central 67164
Put_Azure_us-central 24986
Put_Thrift_Server_Storage_us-central 25217
Put_Azure_us-central 22313
Put_Thrift_Server_Storage_us-central 22526
Put_Azure_us-central 21818
Put_Thrift_Server_Storage_us-central 22019
Put_Azure_us-central 23876
Put_Thrift_Server_Storage_us-central 24036
Put_Azure_us-central 21710
Put_Thrift_Server_Storage_us-central 21934
Put_Azure_us-central 22693
Put_Thrift_Server_Storage_us-central 22894
Put_Azure_us-central 21847
Put_Thrift_Server_Storage_us-central 22073
Put_Azure_us-central 21785
Put_Thrift_Server_Storage_us-central 21969
Put_Azure_us-central 41983
Put_Thrift_Server_Storage_us-central 42200
Put_Azure_us-central 25066
Put_Thrift_Server_Storage_us-central 25286
Put_Azure_us-central 23188
Put_Thrift_Server_Storage_us-central 23387
Put_Azure_us-central 23443
Put_Thrift_Server_Storage_us-central 23628
Put_Azure_us-central 23133
Put_Thrift_Server_Storage_us-central 23346
Put_Azure_us-central 28704
Put_Thrift_Server_Storage_us-central 28884
Put_Azure_us-central 26642
Put_Thrift_Server_Storage_us-central 26862
Put_Azure_us-central 31427
Put_Thrift_Server_Storage_us-central 31644
Put_Azure_us-central 23099
Put_Thrift_Server_Storage_us-central 23315
Put_Azure_us-central 23278
Put_Thrift_Server_Storage_us-central 23472
Put_Azure_us-central 24729
Put_Thrift_Server_Storage_us-central 24943
Put_Azure_us-central 44524
Put_Thrift_Server_Storage_us-central 44691
Put_Azure_us-central 22945
Put_Thrift_Server_Storage_us-central 23150
Put_Azure_us-central 24220
Put_Thrift_Server_Storage_us-central 24435
Put_Azure_us-central 24351
Put_Thrift_Server_Storage_us-central 24560
Put_Azure_us-central 25448
Put_Thrift_Server_Storage_us-central 25626
Put_Azure_us-central 25246
Put_Thrift_Server_Storage_us-central 25425
Put_Azure_us-central 28419
Put_Thrift_Server_Storage_us-central 28645
Put_Azure_us-central 23447
Put_Thrift_Server_Storage_us-central 23648
Put_Azure_us-central 35556
Put_Thrift_Server_Storage_us-central 35715
Put_Azure_us-central 27896
Put_Thrift_Server_Storage_us-central 28064
Put_Azure_us-central 24663
Put_Thrift_Server_Storage_us-central 24848
Put_Azure_us-central 32795
Put_Thrift_Server_Storage_us-central 32963
Put_Azure_us-central 21875
Put_Thrift_Server_Storage_us-central 22068
Put_Azure_us-central 32668
Put_Thrift_Server_Storage_us-central 32890
Put_Azure_us-central 23769
Put_Thrift_Server_Storage_us-central 23986
Put_Azure_us-central 25104
Put_Thrift_Server_Storage_us-central 25326
Put_Azure_us-central 22445
Put_Thrift_Server_Storage_us-central 22612
Put_Azure_us-central 22502
Put_Thrift_Server_Storage_us-central 22733
Put_Azure_us-central 26415
Put_Thrift_Server_Storage_us-central 26626
Put_Azure_us-central 24928
Put_Thrift_Server_Storage_us-central 25132
Put_Azure_us-central 22432
Put_Thrift_Server_Storage_us-central 22623
Put_Azure_us-central 23597
Put_Thrift_Server_Storage_us-central 23824
Put_Azure_us-central 25252
Put_Thrift_Server_Storage_us-central 25481
Put_Azure_us-central 22823
Put_Thrift_Server_Storage_us-central 23038
Put_Azure_us-central 26332
Put_Thrift_Server_Storage_us-central 26561
Put_Azure_us-central 21528
Put_Thrift_Server_Storage_us-central 21717
Put_Azure_us-central 22471
Put_Thrift_Server_Storage_us-central 22704
Put_Azure_us-central 23820
Put_Thrift_Server_Storage_us-central 24036
Put_Azure_us-central 21564
Put_Thrift_Server_Storage_us-central 21791
Put_Azure_us-central 25980
Put_Thrift_Server_Storage_us-central 26195
Put_Azure_us-central 24427
Put_Thrift_Server_Storage_us-central 24645
Put_Azure_us-central 22207
Put_Thrift_Server_Storage_us-central 22389
Put_Azure_us-central 30032
Put_Thrift_Server_Storage_us-central 30194
Put_Azure_us-central 23353
Put_Thrift_Server_Storage_us-central 23569
Put_Azure_us-central 24915
Put_Thrift_Server_Storage_us-central 25094
Put_Azure_us-central 23060
Put_Thrift_Server_Storage_us-central 23235
Put_Azure_us-central 21755
Put_Thrift_Server_Storage_us-central 21922
Put_Azure_us-central 21920
Put_Thrift_Server_Storage_us-central 22079
Put_Azure_us-central 22450
Put_Thrift_Server_Storage_us-central 22667
Put_Azure_us-central 28865
Put_Thrift_Server_Storage_us-central 29058
Put_Azure_us-central 77490
Put_Thrift_Server_Storage_us-central 77655
Put_Azure_us-central 33087
Put_Thrift_Server_Storage_us-central 33290
Put_Azure_us-central 24246
Put_Thrift_Server_Storage_us-central 24416
Put_Azure_us-central 25127
Put_Thrift_Server_Storage_us-central 25333
Put_Azure_us-central 25378
Put_Thrift_Server_Storage_us-central 25596
Put_Azure_us-central 23017
Put_Thrift_Server_Storage_us-central 23168
Put_Azure_us-central 22387
Put_Thrift_Server_Storage_us-central 22597
Put_Azure_us-central 23845
Put_Thrift_Server_Storage_us-central 24040
Put_Azure_us-central 22799
Put_Thrift_Server_Storage_us-central 22969
Put_Azure_us-central 31089
Put_Thrift_Server_Storage_us-central 31259
Put_Azure_us-central 25566
Put_Thrift_Server_Storage_us-central 25743
Put_Azure_us-central 26865
Put_Thrift_Server_Storage_us-central 27019
Put_Azure_us-central 25071
Put_Thrift_Server_Storage_us-central 25251
Put_Azure_us-central 25431
Put_Thrift_Server_Storage_us-central 25678
Put_Azure_us-central 26213
Put_Thrift_Server_Storage_us-central 26394
Put_Azure_us-central 23915
Put_Thrift_Server_Storage_us-central 24088
Put_Azure_us-central 31853
Put_Thrift_Server_Storage_us-central 32059
Put_Azure_us-central 23009
Put_Thrift_Server_Storage_us-central 23180
Put_Azure_us-central 23344
Put_Thrift_Server_Storage_us-central 23527
Put_Azure_us-central 26472
Put_Thrift_Server_Storage_us-central 26635
Put_Azure_us-central 25153
Put_Thrift_Server_Storage_us-central 25358
Put_Azure_us-central 25804
Put_Thrift_Server_Storage_us-central 26073
Put_Azure_us-central 22618
Put_Thrift_Server_Storage_us-central 22820
Put_Azure_us-central 33881
Put_Thrift_Server_Storage_us-central 34056
Put_Azure_us-central 24710
Put_Thrift_Server_Storage_us-central 24897
Put_Azure_us-central 142610
Put_Thrift_Server_Storage_us-central 142828
Put_Azure_us-central 22049
Put_Thrift_Server_Storage_us-central 22254
Put_Azure_us-central 26239
Put_Thrift_Server_Storage_us-central 26449
Put_Azure_us-central 24052
Put_Thrift_Server_Storage_us-central 24226
Put_Azure_us-central 25676
Put_Thrift_Server_Storage_us-central 25888
Put_Azure_us-central 23672
Put_Thrift_Server_Storage_us-central 23838
Put_Azure_us-central 31907
Put_Thrift_Server_Storage_us-central 32079
Put_Azure_us-central 26368
Put_Thrift_Server_Storage_us-central 26546
Put_Azure_us-central 24639
Put_Thrift_Server_Storage_us-central 24842
Put_Azure_us-central 26947
Put_Thrift_Server_Storage_us-central 27193
Put_Azure_us-central 30305
Put_Thrift_Server_Storage_us-central 30550
Put_Azure_us-central 30676
Put_Thrift_Server_Storage_us-central 30837
Put_Azure_us-central 25155
Put_Thrift_Server_Storage_us-central 25307
Put_Azure_us-central 23644
Put_Thrift_Server_Storage_us-central 23844
Put_Azure_us-central 29898
Put_Thrift_Server_Storage_us-central 30093
Put_Azure_us-central 27382
Put_Thrift_Server_Storage_us-central 27596
Put_Azure_us-central 22412
Put_Thrift_Server_Storage_us-central 22608
Put_Azure_us-central 27510
Put_Thrift_Server_Storage_us-central 27758
Put_Azure_us-central 34770
Put_Thrift_Server_Storage_us-central 34968
Put_Azure_us-central 25806
Put_Thrift_Server_Storage_us-central 26046
Put_Azure_us-central 25384
Put_Thrift_Server_Storage_us-central 25558
Put_Azure_us-central 30421
Put_Thrift_Server_Storage_us-central 30642
Put_Azure_us-central 25571
Put_Thrift_Server_Storage_us-central 25802
Put_Azure_us-central 26798
Put_Thrift_Server_Storage_us-central 27035
Put_Azure_us-central 28140
Put_Thrift_Server_Storage_us-central 28355
Put_Azure_us-central 26083
Put_Thrift_Server_Storage_us-central 26283
Put_Azure_us-central 26420
Put_Thrift_Server_Storage_us-central 30965
Put_Azure_us-central 27275
Put_Thrift_Server_Storage_us-central 27489
Put_Azure_us-central 22639
Put_Thrift_Server_Storage_us-central 22864
Put_Azure_us-central 26264
Put_Thrift_Server_Storage_us-central 26486
Put_Azure_us-central 25434
Put_Thrift_Server_Storage_us-central 25678
Put_Azure_us-central 60368
Put_Thrift_Server_Storage_us-central 60568
Put_Azure_us-central 25118
Put_Thrift_Server_Storage_us-central 25322
Put_Azure_us-central 24388
Put_Thrift_Server_Storage_us-central 24617
Put_Azure_us-central 26097
Put_Thrift_Server_Storage_us-central 26274
Put_Azure_us-central 26657
Put_Thrift_Server_Storage_us-central 26880
Put_Azure_us-central 25301
Put_Thrift_Server_Storage_us-central 25455
Put_Azure_us-central 45288
Put_Thrift_Server_Storage_us-central 45469
Put_Azure_us-central 30270
Put_Thrift_Server_Storage_us-central 30489
Put_Azure_us-central 27057
Put_Thrift_Server_Storage_us-central 27215
Put_Azure_us-central 30202
Put_Thrift_Server_Storage_us-central 30405
Put_Azure_us-central 23538
Put_Thrift_Server_Storage_us-central 23753
Put_Azure_us-central 23435
Put_Thrift_Server_Storage_us-central 23628
Put_Azure_us-central 25333
Put_Thrift_Server_Storage_us-central 25547
Put_Azure_us-central 27111
Put_Thrift_Server_Storage_us-central 27280
Put_Azure_us-central 22771
Put_Thrift_Server_Storage_us-central 22941
Put_Azure_us-central 23997
Put_Thrift_Server_Storage_us-central 24166
Put_Azure_us-central 26900
Put_Thrift_Server_Storage_us-central 27122
Put_Azure_us-central 21819
Put_Thrift_Server_Storage_us-central 22043
Put_Azure_us-central 33766
Put_Thrift_Server_Storage_us-central 33933
Put_Azure_us-central 25438
Put_Thrift_Server_Storage_us-central 25620
Put_Azure_us-central 23564
Put_Thrift_Server_Storage_us-central 23726
Put_Azure_us-central 54870
Put_Thrift_Server_Storage_us-central 55057
Put_Azure_us-central 23220
Put_Thrift_Server_Storage_us-central 23389
Put_Azure_us-central 29809
Put_Thrift_Server_Storage_us-central 30071
Put_Azure_us-central 23761
Put_Thrift_Server_Storage_us-central 23932
Put_Azure_us-central 26186
Put_Thrift_Server_Storage_us-central 26396
Put_Azure_us-central 23546
Put_Thrift_Server_Storage_us-central 23711
Put_Azure_us-central 23482
Put_Thrift_Server_Storage_us-central 23697
Put_Azure_us-central 26760
Put_Thrift_Server_Storage_us-central 26931
Put_Azure_us-central 24781
Put_Thrift_Server_Storage_us-central 24950
Put_Azure_us-central 122538
Put_Thrift_Server_Storage_us-central 122693
Put_Azure_us-central 23315
Put_Thrift_Server_Storage_us-central 23502
Put_Azure_us-central 22111
Put_Thrift_Server_Storage_us-central 22334
Put_Azure_us-central 25992
Put_Thrift_Server_Storage_us-central 26229
Put_Azure_us-central 25530
Put_Thrift_Server_Storage_us-central 25721
Put_Azure_us-central 23982
Put_Thrift_Server_Storage_us-central 24169
Put_Azure_us-central 20940
Put_Thrift_Server_Storage_us-central 21155
Put_Azure_us-central 23835
Put_Thrift_Server_Storage_us-central 24047
Put_Azure_us-central 25156
Put_Thrift_Server_Storage_us-central 25334
Put_Azure_us-central 21467
Put_Thrift_Server_Storage_us-central 21619
Put_Azure_us-central 27278
Put_Thrift_Server_Storage_us-central 27448
Put_Azure_us-central 27133
Put_Thrift_Server_Storage_us-central 27346
Put_Azure_us-central 29366
Put_Thrift_Server_Storage_us-central 29537
Put_Azure_us-central 23809
Put_Thrift_Server_Storage_us-central 24009
Put_Azure_us-central 20964
Put_Thrift_Server_Storage_us-central 21192
Put_Azure_us-central 21818
Put_Thrift_Server_Storage_us-central 22039
Put_Azure_us-central 23586
Put_Thrift_Server_Storage_us-central 23782
Put_Azure_us-central 22783
Put_Thrift_Server_Storage_us-central 22955
Put_Azure_us-central 24441
Put_Thrift_Server_Storage_us-central 24639
Put_Azure_us-central 25726
Put_Thrift_Server_Storage_us-central 25927
Put_Azure_us-central 23683
Put_Thrift_Server_Storage_us-central 23863
Put_Azure_us-central 22195
Put_Thrift_Server_Storage_us-central 22358
Put_Azure_us-central 21946
Put_Thrift_Server_Storage_us-central 22192
Put_Azure_us-central 29357
Put_Thrift_Server_Storage_us-central 29534
Put_Azure_us-central 24175
Put_Thrift_Server_Storage_us-central 24332
Put_Azure_us-central 22108
Put_Thrift_Server_Storage_us-central 22262
Put_Azure_us-central 21647
Put_Thrift_Server_Storage_us-central 21806
Put_Azure_us-central 20420
Put_Thrift_Server_Storage_us-central 20639
Put_Azure_us-central 25336
Put_Thrift_Server_Storage_us-central 25575
Put_Azure_us-central 22788
Put_Thrift_Server_Storage_us-central 23016
Put_Azure_us-central 23053
Put_Thrift_Server_Storage_us-central 23266
Put_Azure_us-central 25504
Put_Thrift_Server_Storage_us-central 25724
Put_Azure_us-central 24463
Put_Thrift_Server_Storage_us-central 24672
Put_Azure_us-central 26955
Put_Thrift_Server_Storage_us-central 27130
Put_Azure_us-central 30526
Put_Thrift_Server_Storage_us-central 30759
Put_Azure_us-central 22782
Put_Thrift_Server_Storage_us-central 22996
Put_Azure_us-central 22325
Put_Thrift_Server_Storage_us-central 22515
Put_Azure_us-central 23532
Put_Thrift_Server_Storage_us-central 23755
Put_Azure_us-central 45279
Put_Thrift_Server_Storage_us-central 45585
Put_Azure_us-central 38770
Put_Thrift_Server_Storage_us-central 38945
Put_Azure_us-central 32821
Put_Thrift_Server_Storage_us-central 32984
Put_Azure_us-central 23492
Put_Thrift_Server_Storage_us-central 23708
Put_Azure_us-central 22464
Put_Thrift_Server_Storage_us-central 22674
Put_Azure_us-central 24364
Put_Thrift_Server_Storage_us-central 24513
Put_Azure_us-central 24083
Put_Thrift_Server_Storage_us-central 24276
Put_Azure_us-central 34364
Put_Thrift_Server_Storage_us-central 34517
Put_Azure_us-central 21302
Put_Thrift_Server_Storage_us-central 21457
Put_Azure_us-central 23559
Put_Thrift_Server_Storage_us-central 23748
Put_Azure_us-central 23415
Put_Thrift_Server_Storage_us-central 23578
Put_Azure_us-central 21972
Put_Thrift_Server_Storage_us-central 22138
Put_Azure_us-central 23404
Put_Thrift_Server_Storage_us-central 23622
Put_Azure_us-central 41983
Put_Thrift_Server_Storage_us-central 42195
Put_Azure_us-central 24259
Put_Thrift_Server_Storage_us-central 24425
Put_Azure_us-central 24080
Put_Thrift_Server_Storage_us-central 24286
Put_Azure_us-central 23426
Put_Thrift_Server_Storage_us-central 23583
Put_Azure_us-central 26902
Put_Thrift_Server_Storage_us-central 27214
Put_Azure_us-central 21720
Put_Thrift_Server_Storage_us-central 21876
Put_Azure_us-central 24679
Put_Thrift_Server_Storage_us-central 24883
Put_Azure_us-central 21603
Put_Thrift_Server_Storage_us-central 21807
Put_Azure_us-central 24893
Put_Thrift_Server_Storage_us-central 25074
Put_Azure_us-central 24216
Put_Thrift_Server_Storage_us-central 24407
Put_Azure_us-central 25438
Put_Thrift_Server_Storage_us-central 25664
Put_Azure_us-central 25721
Put_Thrift_Server_Storage_us-central 25893
Put_Azure_us-central 23133
Put_Thrift_Server_Storage_us-central 23320
Put_Azure_us-central 26028
Put_Thrift_Server_Storage_us-central 26187
Put_Azure_us-central 24798
Put_Thrift_Server_Storage_us-central 25036
Put_Azure_us-central 23768
Put_Thrift_Server_Storage_us-central 23996
Put_Azure_us-central 25259
Put_Thrift_Server_Storage_us-central 25510
Put_Azure_us-central 23159
Put_Thrift_Server_Storage_us-central 23357
Put_Azure_us-central 31299
Put_Thrift_Server_Storage_us-central 31496
Put_Azure_us-central 24201
Put_Thrift_Server_Storage_us-central 24407
Put_Azure_us-central 20414
Put_Thrift_Server_Storage_us-central 20653
Put_Azure_us-central 27681
Put_Thrift_Server_Storage_us-central 27846
Put_Azure_us-central 22229
Put_Thrift_Server_Storage_us-central 22661
Put_Azure_us-central 23576
Put_Thrift_Server_Storage_us-central 23785
Put_Azure_us-central 22451
Put_Thrift_Server_Storage_us-central 22625
Put_Azure_us-central 27563
Put_Thrift_Server_Storage_us-central 27775
Put_Azure_us-central 62903
Put_Thrift_Server_Storage_us-central 63107
Put_Azure_us-central 22903
Put_Thrift_Server_Storage_us-central 23095
Put_Azure_us-central 23582
Put_Thrift_Server_Storage_us-central 23798
Put_Azure_us-central 54844
Put_Thrift_Server_Storage_us-central 55055
Put_Azure_us-central 22677
Put_Thrift_Server_Storage_us-central 22894
Put_Azure_us-central 26768
Put_Thrift_Server_Storage_us-central 26967
Put_Azure_us-central 31384
Put_Thrift_Server_Storage_us-central 31601
Put_Azure_us-central 22394
Put_Thrift_Server_Storage_us-central 22618
Put_Azure_us-central 23233
Put_Thrift_Server_Storage_us-central 23452
Put_Azure_us-central 22052
Put_Thrift_Server_Storage_us-central 22212
Put_Azure_us-central 26140
Put_Thrift_Server_Storage_us-central 26303
Put_Azure_us-central 23388
Put_Thrift_Server_Storage_us-central 23549
Put_Azure_us-central 23751
Put_Thrift_Server_Storage_us-central 23957
Put_Azure_us-central 25888
Put_Thrift_Server_Storage_us-central 26092
Put_Azure_us-central 22961
Put_Thrift_Server_Storage_us-central 23163
Put_Azure_us-central 27475
Put_Thrift_Server_Storage_us-central 27633
Put_Azure_us-central 25456
Put_Thrift_Server_Storage_us-central 25630
Put_Azure_us-central 25141
Put_Thrift_Server_Storage_us-central 25346
Put_Azure_us-central 23069
Put_Thrift_Server_Storage_us-central 23228
Put_Azure_us-central 24576
Put_Thrift_Server_Storage_us-central 24782
Put_Azure_us-central 30692
Put_Thrift_Server_Storage_us-central 30856
Put_Azure_us-central 24669
Put_Thrift_Server_Storage_us-central 24925
Put_Azure_us-central 24387
Put_Thrift_Server_Storage_us-central 24617
Put_Azure_us-central 22570
Put_Thrift_Server_Storage_us-central 22788
Put_Azure_us-central 27425
Put_Thrift_Server_Storage_us-central 27646
Put_Azure_us-central 26950
Put_Thrift_Server_Storage_us-central 27158
Put_Azure_us-central 27791
Put_Thrift_Server_Storage_us-central 27968
Put_Azure_us-central 25371
Put_Thrift_Server_Storage_us-central 25597
Put_Azure_us-central 32901
Put_Thrift_Server_Storage_us-central 33132
Put_Azure_us-central 26515
Put_Thrift_Server_Storage_us-central 26747
Put_Azure_us-central 25367
Put_Thrift_Server_Storage_us-central 25589
Put_Azure_us-central 24744
Put_Thrift_Server_Storage_us-central 24970
Put_Azure_us-central 29097
Put_Thrift_Server_Storage_us-central 29346
Put_Azure_us-central 22426
Put_Thrift_Server_Storage_us-central 22637
Put_Azure_us-central 24403
Put_Thrift_Server_Storage_us-central 24572
