Get_Azure_us-south-central 103810
Get_Thrift_Server_Storage_us-south-central 103882
Get_Azure_us-south-central 66369
Get_Thrift_Server_Storage_us-south-central 66399
Get_Azure_us-south-central 101930
Get_Thrift_Server_Storage_us-south-central 101963
Get_Azure_us-south-central 26166
Get_Thrift_Server_Storage_us-south-central 26205
Get_Azure_us-south-central 68656
Get_Thrift_Server_Storage_us-south-central 68691
Get_Azure_us-south-central 68053
Get_Thrift_Server_Storage_us-south-central 68092
Get_Azure_us-south-central 67732
Get_Thrift_Server_Storage_us-south-central 67757
Get_Azure_us-south-central 65190
Get_Thrift_Server_Storage_us-south-central 65227
Get_Azure_us-south-central 72340
Get_Thrift_Server_Storage_us-south-central 72371
Get_Azure_us-south-central 17745
Get_Thrift_Server_Storage_us-south-central 17765
Get_Azure_us-south-central 64502
Get_Thrift_Server_Storage_us-south-central 64535
Get_Azure_us-south-central 31663
Get_Thrift_Server_Storage_us-south-central 31708
Get_Azure_us-south-central 66516
Get_Thrift_Server_Storage_us-south-central 66535
Get_Azure_us-south-central 90389
Get_Thrift_Server_Storage_us-south-central 90421
Get_Azure_us-south-central 89363
Get_Thrift_Server_Storage_us-south-central 89394
Get_Azure_us-south-central 57357
Get_Thrift_Server_Storage_us-south-central 57380
Get_Azure_us-south-central 25602
Get_Thrift_Server_Storage_us-south-central 25643
Get_Azure_us-south-central 100353
Get_Thrift_Server_Storage_us-south-central 100384
Get_Azure_us-south-central 47836
Get_Thrift_Server_Storage_us-south-central 47860
Get_Azure_us-south-central 41798
Get_Thrift_Server_Storage_us-south-central 41834
Get_Azure_us-south-central 41165
Get_Thrift_Server_Storage_us-south-central 41205
Get_Azure_us-south-central 30946
Get_Thrift_Server_Storage_us-south-central 30982
Get_Azure_us-south-central 35130
Get_Thrift_Server_Storage_us-south-central 35149
Get_Azure_us-south-central 58510
Get_Thrift_Server_Storage_us-south-central 58541
Get_Azure_us-south-central 22401
Get_Thrift_Server_Storage_us-south-central 22419
Get_Azure_us-south-central 125058
Get_Thrift_Server_Storage_us-south-central 125091
Get_Azure_us-south-central 59451
Get_Thrift_Server_Storage_us-south-central 59469
Get_Azure_us-south-central 187908
Get_Thrift_Server_Storage_us-south-central 187924
Get_Azure_us-south-central 37728
Get_Thrift_Server_Storage_us-south-central 37760
Get_Azure_us-south-central 66096
Get_Thrift_Server_Storage_us-south-central 66114
Get_Azure_us-south-central 26344
Get_Thrift_Server_Storage_us-south-central 26396
Get_Azure_us-south-central 43632
Get_Thrift_Server_Storage_us-south-central 43665
Get_Azure_us-south-central 52440
Get_Thrift_Server_Storage_us-south-central 52473
Get_Azure_us-south-central 21647
Get_Thrift_Server_Storage_us-south-central 21680
Get_Azure_us-south-central 31984
Get_Thrift_Server_Storage_us-south-central 32001
Get_Azure_us-south-central 65396
Get_Thrift_Server_Storage_us-south-central 65427
Get_Azure_us-south-central 45628
Get_Thrift_Server_Storage_us-south-central 45661
Get_Azure_us-south-central 75794
Get_Thrift_Server_Storage_us-south-central 75812
Get_Azure_us-south-central 71780
Get_Thrift_Server_Storage_us-south-central 71814
Get_Azure_us-south-central 45208
Get_Thrift_Server_Storage_us-south-central 45230
Get_Azure_us-south-central 59134
Get_Thrift_Server_Storage_us-south-central 59154
Get_Azure_us-south-central 38902
Get_Thrift_Server_Storage_us-south-central 38920
Get_Azure_us-south-central 74476
Get_Thrift_Server_Storage_us-south-central 74494
Get_Azure_us-south-central 92191
Get_Thrift_Server_Storage_us-south-central 92216
Get_Azure_us-south-central 45762
Get_Thrift_Server_Storage_us-south-central 45785
Get_Azure_us-south-central 26988
Get_Thrift_Server_Storage_us-south-central 27006
Get_Azure_us-south-central 33005
Get_Thrift_Server_Storage_us-south-central 33024
Get_Azure_us-south-central 42771
Get_Thrift_Server_Storage_us-south-central 42789
Get_Azure_us-south-central 34917
Get_Thrift_Server_Storage_us-south-central 34945
Get_Azure_us-south-central 61875
Get_Thrift_Server_Storage_us-south-central 62037
Get_Azure_us-south-central 64400
Get_Thrift_Server_Storage_us-south-central 64417
Get_Azure_us-south-central 203342
Get_Thrift_Server_Storage_us-south-central 203362
Get_Azure_us-south-central 43466
Get_Thrift_Server_Storage_us-south-central 43502
Get_Azure_us-south-central 98464
Get_Thrift_Server_Storage_us-south-central 98504
Get_Azure_us-south-central 64628
Get_Thrift_Server_Storage_us-south-central 64661
Get_Azure_us-south-central 79035
Get_Thrift_Server_Storage_us-south-central 79060
Get_Azure_us-south-central 51144
Get_Thrift_Server_Storage_us-south-central 51160
Get_Azure_us-south-central 36424
Get_Thrift_Server_Storage_us-south-central 36442
Get_Azure_us-south-central 22386
Get_Thrift_Server_Storage_us-south-central 22415
Get_Azure_us-south-central 58484
Get_Thrift_Server_Storage_us-south-central 58506
Get_Azure_us-south-central 21268
Get_Thrift_Server_Storage_us-south-central 21288
Get_Azure_us-south-central 200596
Get_Thrift_Server_Storage_us-south-central 200629
Get_Azure_us-south-central 169322
Get_Thrift_Server_Storage_us-south-central 169362
Get_Azure_us-south-central 43776
Get_Thrift_Server_Storage_us-south-central 43806
Get_Azure_us-south-central 68439
Get_Thrift_Server_Storage_us-south-central 68477
Get_Azure_us-south-central 44842
Get_Thrift_Server_Storage_us-south-central 44874
Get_Azure_us-south-central 37632
Get_Thrift_Server_Storage_us-south-central 37665
Get_Azure_us-south-central 312863
Get_Thrift_Server_Storage_us-south-central 312894
Get_Azure_us-south-central 33073
Get_Thrift_Server_Storage_us-south-central 33090
Get_Azure_us-south-central 27991
Get_Thrift_Server_Storage_us-south-central 28009
Get_Azure_us-south-central 236607
Get_Thrift_Server_Storage_us-south-central 236646
Get_Azure_us-south-central 66850
Get_Thrift_Server_Storage_us-south-central 66870
Get_Azure_us-south-central 23223
Get_Thrift_Server_Storage_us-south-central 23255
Get_Azure_us-south-central 94346
Get_Thrift_Server_Storage_us-south-central 94379
Get_Azure_us-south-central 52349
Get_Thrift_Server_Storage_us-south-central 52366
Get_Azure_us-south-central 47715
Get_Thrift_Server_Storage_us-south-central 47731
Get_Azure_us-south-central 23827
Get_Thrift_Server_Storage_us-south-central 23844
Get_Azure_us-south-central 48480
Get_Thrift_Server_Storage_us-south-central 48513
Get_Azure_us-south-central 26827
Get_Thrift_Server_Storage_us-south-central 26855
Get_Azure_us-south-central 81374
Get_Thrift_Server_Storage_us-south-central 81418
Get_Azure_us-south-central 22754
Get_Thrift_Server_Storage_us-south-central 22774
Get_Azure_us-south-central 37378
Get_Thrift_Server_Storage_us-south-central 37397
Get_Azure_us-south-central 35680
Get_Thrift_Server_Storage_us-south-central 35707
Get_Azure_us-south-central 272267
Get_Thrift_Server_Storage_us-south-central 272323
Get_Azure_us-south-central 19299
Get_Thrift_Server_Storage_us-south-central 19320
Get_Azure_us-south-central 149162
Get_Thrift_Server_Storage_us-south-central 149198
Get_Azure_us-south-central 53493
Get_Thrift_Server_Storage_us-south-central 53519
Get_Azure_us-south-central 48773
Get_Thrift_Server_Storage_us-south-central 48833
Get_Azure_us-south-central 43420
Get_Thrift_Server_Storage_us-south-central 43457
Get_Azure_us-south-central 39123
Get_Thrift_Server_Storage_us-south-central 39139
Get_Azure_us-south-central 88268
Get_Thrift_Server_Storage_us-south-central 88289
Get_Azure_us-south-central 118390
Get_Thrift_Server_Storage_us-south-central 118422
Get_Azure_us-south-central 28267
Get_Thrift_Server_Storage_us-south-central 28294
Get_Azure_us-south-central 99537
Get_Thrift_Server_Storage_us-south-central 99555
Get_Azure_us-south-central 25500
Get_Thrift_Server_Storage_us-south-central 25516
Get_Azure_us-south-central 56654
Get_Thrift_Server_Storage_us-south-central 56669
Get_Azure_us-south-central 40174
Get_Thrift_Server_Storage_us-south-central 40205
Get_Azure_us-south-central 58451
Get_Thrift_Server_Storage_us-south-central 58480
Get_Azure_us-south-central 20897
Get_Thrift_Server_Storage_us-south-central 20921
Get_Azure_us-south-central 38603
Get_Thrift_Server_Storage_us-south-central 38626
Get_Azure_us-south-central 43344
Get_Thrift_Server_Storage_us-south-central 43369
Get_Azure_us-south-central 19511
Get_Thrift_Server_Storage_us-south-central 19529
Get_Azure_us-south-central 45509
Get_Thrift_Server_Storage_us-south-central 45526
Get_Azure_us-south-central 82620
Get_Thrift_Server_Storage_us-south-central 82658
Get_Azure_us-south-central 42150
Get_Thrift_Server_Storage_us-south-central 42167
Get_Azure_us-south-central 28573
Get_Thrift_Server_Storage_us-south-central 28606
Get_Azure_us-south-central 38076
Get_Thrift_Server_Storage_us-south-central 38095
Get_Azure_us-south-central 25428
Get_Thrift_Server_Storage_us-south-central 25447
Get_Azure_us-south-central 20890
Get_Thrift_Server_Storage_us-south-central 20914
Get_Azure_us-south-central 83153
Get_Thrift_Server_Storage_us-south-central 83191
Get_Azure_us-south-central 53526
Get_Thrift_Server_Storage_us-south-central 53553
Get_Azure_us-south-central 66609
Get_Thrift_Server_Storage_us-south-central 66626
Get_Azure_us-south-central 40373
Get_Thrift_Server_Storage_us-south-central 40407
Get_Azure_us-south-central 71824
Get_Thrift_Server_Storage_us-south-central 71841
Get_Azure_us-south-central 28144
Get_Thrift_Server_Storage_us-south-central 28163
Get_Azure_us-south-central 70865
Get_Thrift_Server_Storage_us-south-central 70899
Get_Azure_us-south-central 15352
Get_Thrift_Server_Storage_us-south-central 15370
Get_Azure_us-south-central 13753
Get_Thrift_Server_Storage_us-south-central 13771
Get_Azure_us-south-central 14852
Get_Thrift_Server_Storage_us-south-central 14868
Get_Azure_us-south-central 21416
Get_Thrift_Server_Storage_us-south-central 21449
Get_Azure_us-south-central 22039
Get_Thrift_Server_Storage_us-south-central 22055
Get_Azure_us-south-central 35225
Get_Thrift_Server_Storage_us-south-central 35244
Get_Azure_us-south-central 17538
Get_Thrift_Server_Storage_us-south-central 17556
Get_Azure_us-south-central 27923
Get_Thrift_Server_Storage_us-south-central 27940
Get_Azure_us-south-central 33952
Get_Thrift_Server_Storage_us-south-central 33987
Get_Azure_us-south-central 78782
Get_Thrift_Server_Storage_us-south-central 78818
Get_Azure_us-south-central 41234
Get_Thrift_Server_Storage_us-south-central 41252
Get_Azure_us-south-central 37065
Get_Thrift_Server_Storage_us-south-central 37102
Get_Azure_us-south-central 36136
Get_Thrift_Server_Storage_us-south-central 36182
Get_Azure_us-south-central 17626
Get_Thrift_Server_Storage_us-south-central 17654
Get_Azure_us-south-central 13708
Get_Thrift_Server_Storage_us-south-central 13731
Get_Azure_us-south-central 19701
Get_Thrift_Server_Storage_us-south-central 19727
Get_Azure_us-south-central 19863
Get_Thrift_Server_Storage_us-south-central 19885
Get_Azure_us-south-central 63622
Get_Thrift_Server_Storage_us-south-central 63658
Get_Azure_us-south-central 18178
Get_Thrift_Server_Storage_us-south-central 18214
Get_Azure_us-south-central 16215
Get_Thrift_Server_Storage_us-south-central 16245
Get_Azure_us-south-central 13634
Get_Thrift_Server_Storage_us-south-central 13679
Get_Azure_us-south-central 24040
Get_Thrift_Server_Storage_us-south-central 24072
Get_Azure_us-south-central 64746
Get_Thrift_Server_Storage_us-south-central 64781
Get_Azure_us-south-central 32517
Get_Thrift_Server_Storage_us-south-central 32554
Get_Azure_us-south-central 22556
Get_Thrift_Server_Storage_us-south-central 22573
Get_Azure_us-south-central 16371
Get_Thrift_Server_Storage_us-south-central 16388
Get_Azure_us-south-central 50993
Get_Thrift_Server_Storage_us-south-central 51010
Get_Azure_us-south-central 15738
Get_Thrift_Server_Storage_us-south-central 15769
Get_Azure_us-south-central 85495
Get_Thrift_Server_Storage_us-south-central 85514
Get_Azure_us-south-central 72815
Get_Thrift_Server_Storage_us-south-central 72838
Get_Azure_us-south-central 70512
Get_Thrift_Server_Storage_us-south-central 70537
Get_Azure_us-south-central 55131
Get_Thrift_Server_Storage_us-south-central 55153
Get_Azure_us-south-central 20933
Get_Thrift_Server_Storage_us-south-central 20948
Get_Azure_us-south-central 92087
Get_Thrift_Server_Storage_us-south-central 92108
Get_Azure_us-south-central 19426
Get_Thrift_Server_Storage_us-south-central 19442
Get_Azure_us-south-central 31732
Get_Thrift_Server_Storage_us-south-central 31752
Get_Azure_us-south-central 49646
Get_Thrift_Server_Storage_us-south-central 49664
Get_Azure_us-south-central 130533
Get_Thrift_Server_Storage_us-south-central 130579
Get_Azure_us-south-central 39791
Get_Thrift_Server_Storage_us-south-central 39809
Get_Azure_us-south-central 23528
Get_Thrift_Server_Storage_us-south-central 23545
Get_Azure_us-south-central 70588
Get_Thrift_Server_Storage_us-south-central 70607
Get_Azure_us-south-central 51295
Get_Thrift_Server_Storage_us-south-central 51314
Get_Azure_us-south-central 25628
Get_Thrift_Server_Storage_us-south-central 25646
Get_Azure_us-south-central 92967
Get_Thrift_Server_Storage_us-south-central 92994
Get_Azure_us-south-central 60850
Get_Thrift_Server_Storage_us-south-central 60880
Get_Azure_us-south-central 22406
Get_Thrift_Server_Storage_us-south-central 22422
Get_Azure_us-south-central 75556
Get_Thrift_Server_Storage_us-south-central 75587
Get_Azure_us-south-central 65646
Get_Thrift_Server_Storage_us-south-central 65678
Get_Azure_us-south-central 21448
Get_Thrift_Server_Storage_us-south-central 21474
Get_Azure_us-south-central 96133
Get_Thrift_Server_Storage_us-south-central 96162
Get_Azure_us-south-central 25578
Get_Thrift_Server_Storage_us-south-central 25624
Get_Azure_us-south-central 50617
Get_Thrift_Server_Storage_us-south-central 50646
Get_Azure_us-south-central 24605
Get_Thrift_Server_Storage_us-south-central 24622
Get_Azure_us-south-central 54710
Get_Thrift_Server_Storage_us-south-central 54727
Get_Azure_us-south-central 52305
Get_Thrift_Server_Storage_us-south-central 52342
Get_Azure_us-south-central 23954
Get_Thrift_Server_Storage_us-south-central 23970
Get_Azure_us-south-central 61529
Get_Thrift_Server_Storage_us-south-central 61547
Get_Azure_us-south-central 28054
Get_Thrift_Server_Storage_us-south-central 28071
Get_Azure_us-south-central 101160
Get_Thrift_Server_Storage_us-south-central 101201
Get_Azure_us-south-central 32583
Get_Thrift_Server_Storage_us-south-central 32634
Get_Azure_us-south-central 21450
Get_Thrift_Server_Storage_us-south-central 21474
Get_Azure_us-south-central 73037
Get_Thrift_Server_Storage_us-south-central 73063
Get_Azure_us-south-central 48318
Get_Thrift_Server_Storage_us-south-central 48347
Get_Azure_us-south-central 25976
Get_Thrift_Server_Storage_us-south-central 26005
Get_Azure_us-south-central 29034
Get_Thrift_Server_Storage_us-south-central 29055
Get_Azure_us-south-central 53137
Get_Thrift_Server_Storage_us-south-central 53183
Get_Azure_us-south-central 51280
Get_Thrift_Server_Storage_us-south-central 51316
Get_Azure_us-south-central 64090
Get_Thrift_Server_Storage_us-south-central 64119
Get_Azure_us-south-central 15774
Get_Thrift_Server_Storage_us-south-central 15805
Get_Azure_us-south-central 24355
Get_Thrift_Server_Storage_us-south-central 24389
Get_Azure_us-south-central 25995
Get_Thrift_Server_Storage_us-south-central 26019
Get_Azure_us-south-central 68997
Get_Thrift_Server_Storage_us-south-central 69030
Get_Azure_us-south-central 20684
Get_Thrift_Server_Storage_us-south-central 20705
Get_Azure_us-south-central 14302
Get_Thrift_Server_Storage_us-south-central 14320
Get_Azure_us-south-central 23644
Get_Thrift_Server_Storage_us-south-central 23668
Get_Azure_us-south-central 23629
Get_Thrift_Server_Storage_us-south-central 23661
Get_Azure_us-south-central 15491
Get_Thrift_Server_Storage_us-south-central 15513
Get_Azure_us-south-central 26217
Get_Thrift_Server_Storage_us-south-central 26244
Get_Azure_us-south-central 14864
Get_Thrift_Server_Storage_us-south-central 14897
Get_Azure_us-south-central 40360
Get_Thrift_Server_Storage_us-south-central 40379
Get_Azure_us-south-central 45789
Get_Thrift_Server_Storage_us-south-central 45804
Get_Azure_us-south-central 11171
Get_Thrift_Server_Storage_us-south-central 11194
Get_Azure_us-south-central 21379
Get_Thrift_Server_Storage_us-south-central 21407
Get_Azure_us-south-central 31018
Get_Thrift_Server_Storage_us-south-central 31035
Get_Azure_us-south-central 20281
Get_Thrift_Server_Storage_us-south-central 20299
Get_Azure_us-south-central 39125
Get_Thrift_Server_Storage_us-south-central 39143
Get_Azure_us-south-central 16438
Get_Thrift_Server_Storage_us-south-central 16460
Get_Azure_us-south-central 20553
Get_Thrift_Server_Storage_us-south-central 20571
Get_Azure_us-south-central 63271
Get_Thrift_Server_Storage_us-south-central 63308
Get_Azure_us-south-central 16659
Get_Thrift_Server_Storage_us-south-central 16677
Get_Azure_us-south-central 19912
Get_Thrift_Server_Storage_us-south-central 20121
Get_Azure_us-south-central 53497
Get_Thrift_Server_Storage_us-south-central 53516
Get_Azure_us-south-central 48042
Get_Thrift_Server_Storage_us-south-central 48095
Get_Azure_us-south-central 22410
Get_Thrift_Server_Storage_us-south-central 22437
Get_Azure_us-south-central 18543
Get_Thrift_Server_Storage_us-south-central 18566
Get_Azure_us-south-central 22310
Get_Thrift_Server_Storage_us-south-central 22356
Get_Azure_us-south-central 15839
Get_Thrift_Server_Storage_us-south-central 15874
Get_Azure_us-south-central 20730
Get_Thrift_Server_Storage_us-south-central 20778
Get_Azure_us-south-central 19544
Get_Thrift_Server_Storage_us-south-central 19560
Get_Azure_us-south-central 50680
Get_Thrift_Server_Storage_us-south-central 50711
Get_Azure_us-south-central 25773
Get_Thrift_Server_Storage_us-south-central 25800
Get_Azure_us-south-central 32308
Get_Thrift_Server_Storage_us-south-central 32332
Get_Azure_us-south-central 18918
Get_Thrift_Server_Storage_us-south-central 18945
Get_Azure_us-south-central 90984
Get_Thrift_Server_Storage_us-south-central 91020
Get_Azure_us-south-central 20861
Get_Thrift_Server_Storage_us-south-central 20882
Get_Azure_us-south-central 76796
Get_Thrift_Server_Storage_us-south-central 76851
Get_Azure_us-south-central 74974
Get_Thrift_Server_Storage_us-south-central 75006
Get_Azure_us-south-central 42828
Get_Thrift_Server_Storage_us-south-central 42845
Get_Azure_us-south-central 19819
Get_Thrift_Server_Storage_us-south-central 19852
Get_Azure_us-south-central 34031
Get_Thrift_Server_Storage_us-south-central 34062
Get_Azure_us-south-central 68079
Get_Thrift_Server_Storage_us-south-central 68112
Get_Azure_us-south-central 76778
Get_Thrift_Server_Storage_us-south-central 76799
Get_Azure_us-south-central 47337
Get_Thrift_Server_Storage_us-south-central 47355
Get_Azure_us-south-central 40137
Get_Thrift_Server_Storage_us-south-central 40161
Get_Azure_us-south-central 17619
Get_Thrift_Server_Storage_us-south-central 17643
Get_Azure_us-south-central 42037
Get_Thrift_Server_Storage_us-south-central 42056
Get_Azure_us-south-central 21843
Get_Thrift_Server_Storage_us-south-central 21861
Get_Azure_us-south-central 18316
Get_Thrift_Server_Storage_us-south-central 18334
Get_Azure_us-south-central 29240
Get_Thrift_Server_Storage_us-south-central 29274
Get_Azure_us-south-central 52001
Get_Thrift_Server_Storage_us-south-central 52024
Get_Azure_us-south-central 45544
Get_Thrift_Server_Storage_us-south-central 45560
Get_Azure_us-south-central 16307
Get_Thrift_Server_Storage_us-south-central 16331
Get_Azure_us-south-central 154493
Get_Thrift_Server_Storage_us-south-central 154545
Get_Azure_us-south-central 44630
Get_Thrift_Server_Storage_us-south-central 44648
Get_Azure_us-south-central 38314
Get_Thrift_Server_Storage_us-south-central 38332
Get_Azure_us-south-central 23662
Get_Thrift_Server_Storage_us-south-central 23683
Get_Azure_us-south-central 13628
Get_Thrift_Server_Storage_us-south-central 13651
Get_Azure_us-south-central 15448
Get_Thrift_Server_Storage_us-south-central 15483
Get_Azure_us-south-central 58215
Get_Thrift_Server_Storage_us-south-central 58241
Get_Azure_us-south-central 39243
Get_Thrift_Server_Storage_us-south-central 39262
Get_Azure_us-south-central 34349
Get_Thrift_Server_Storage_us-south-central 34373
Get_Azure_us-south-central 24284
Get_Thrift_Server_Storage_us-south-central 24302
Get_Azure_us-south-central 11801
Get_Thrift_Server_Storage_us-south-central 11819
Get_Azure_us-south-central 12213
Get_Thrift_Server_Storage_us-south-central 12242
Get_Azure_us-south-central 17421
Get_Thrift_Server_Storage_us-south-central 17443
Get_Azure_us-south-central 40179
Get_Thrift_Server_Storage_us-south-central 40198
Get_Azure_us-south-central 22338
Get_Thrift_Server_Storage_us-south-central 22356
Get_Azure_us-south-central 14556
Get_Thrift_Server_Storage_us-south-central 14574
Get_Azure_us-south-central 32138
Get_Thrift_Server_Storage_us-south-central 32156
Get_Azure_us-south-central 13382
Get_Thrift_Server_Storage_us-south-central 13399
Get_Azure_us-south-central 14604
Get_Thrift_Server_Storage_us-south-central 14621
Get_Azure_us-south-central 13341
Get_Thrift_Server_Storage_us-south-central 13364
Get_Azure_us-south-central 29304
Get_Thrift_Server_Storage_us-south-central 29328
Get_Azure_us-south-central 41656
Get_Thrift_Server_Storage_us-south-central 41680
Get_Azure_us-south-central 54455
Get_Thrift_Server_Storage_us-south-central 54473
Get_Azure_us-south-central 22264
Get_Thrift_Server_Storage_us-south-central 22284
Get_Azure_us-south-central 43356
Get_Thrift_Server_Storage_us-south-central 43373
Get_Azure_us-south-central 36910
Get_Thrift_Server_Storage_us-south-central 36927
Get_Azure_us-south-central 16666
Get_Thrift_Server_Storage_us-south-central 16685
Get_Azure_us-south-central 15802
Get_Thrift_Server_Storage_us-south-central 15821
Get_Azure_us-south-central 13618
Get_Thrift_Server_Storage_us-south-central 13636
Get_Azure_us-south-central 20478
Get_Thrift_Server_Storage_us-south-central 20497
Get_Azure_us-south-central 24657
Get_Thrift_Server_Storage_us-south-central 24675
Get_Azure_us-south-central 16810
Get_Thrift_Server_Storage_us-south-central 16826
Get_Azure_us-south-central 72260
Get_Thrift_Server_Storage_us-south-central 72277
Get_Azure_us-south-central 14212
Get_Thrift_Server_Storage_us-south-central 14231
Get_Azure_us-south-central 20216
Get_Thrift_Server_Storage_us-south-central 20233
Get_Azure_us-south-central 40482
Get_Thrift_Server_Storage_us-south-central 40498
Get_Azure_us-south-central 27368
Get_Thrift_Server_Storage_us-south-central 27393
Get_Azure_us-south-central 40514
Get_Thrift_Server_Storage_us-south-central 40551
Get_Azure_us-south-central 26455
Get_Thrift_Server_Storage_us-south-central 26473
Get_Azure_us-south-central 12140
Get_Thrift_Server_Storage_us-south-central 12162
Get_Azure_us-south-central 33304
Get_Thrift_Server_Storage_us-south-central 33323
Get_Azure_us-south-central 25085
Get_Thrift_Server_Storage_us-south-central 25101
Get_Azure_us-south-central 13247
Get_Thrift_Server_Storage_us-south-central 13271
Get_Azure_us-south-central 77456
Get_Thrift_Server_Storage_us-south-central 77490
Get_Azure_us-south-central 16381
Get_Thrift_Server_Storage_us-south-central 16405
Get_Azure_us-south-central 13525
Get_Thrift_Server_Storage_us-south-central 13546
Get_Azure_us-south-central 15844
Get_Thrift_Server_Storage_us-south-central 15863
Get_Azure_us-south-central 58392
Get_Thrift_Server_Storage_us-south-central 58434
Get_Azure_us-south-central 31025
Get_Thrift_Server_Storage_us-south-central 31054
Get_Azure_us-south-central 506853
Get_Thrift_Server_Storage_us-south-central 506895
Get_Azure_us-south-central 22789
Get_Thrift_Server_Storage_us-south-central 22809
Get_Azure_us-south-central 20350
Get_Thrift_Server_Storage_us-south-central 20369
Get_Azure_us-south-central 54226
Get_Thrift_Server_Storage_us-south-central 54255
Get_Azure_us-south-central 25733
Get_Thrift_Server_Storage_us-south-central 25766
Get_Azure_us-south-central 63254
Get_Thrift_Server_Storage_us-south-central 63271
Get_Azure_us-south-central 18834
Get_Thrift_Server_Storage_us-south-central 18849
Get_Azure_us-south-central 16813
Get_Thrift_Server_Storage_us-south-central 16831
Get_Azure_us-south-central 20733
Get_Thrift_Server_Storage_us-south-central 20751
Get_Azure_us-south-central 17020
Get_Thrift_Server_Storage_us-south-central 17037
Get_Azure_us-south-central 40653
Get_Thrift_Server_Storage_us-south-central 40676
Get_Azure_us-south-central 18667
Get_Thrift_Server_Storage_us-south-central 18706
Get_Azure_us-south-central 51968
Get_Thrift_Server_Storage_us-south-central 51995
Get_Azure_us-south-central 18173
Get_Thrift_Server_Storage_us-south-central 18206
Get_Azure_us-south-central 42581
Get_Thrift_Server_Storage_us-south-central 42600
Get_Azure_us-south-central 134866
Get_Thrift_Server_Storage_us-south-central 134900
Get_Azure_us-south-central 23260
Get_Thrift_Server_Storage_us-south-central 23279
Get_Azure_us-south-central 24966
Get_Thrift_Server_Storage_us-south-central 24986
Get_Azure_us-south-central 18542
Get_Thrift_Server_Storage_us-south-central 18568
Get_Azure_us-south-central 34751
Get_Thrift_Server_Storage_us-south-central 34780
Get_Azure_us-south-central 28722
Get_Thrift_Server_Storage_us-south-central 28753
Get_Azure_us-south-central 13538
Get_Thrift_Server_Storage_us-south-central 13565
Get_Azure_us-south-central 59033
Get_Thrift_Server_Storage_us-south-central 59065
Get_Azure_us-south-central 25417
Get_Thrift_Server_Storage_us-south-central 25438
Get_Azure_us-south-central 60766
Get_Thrift_Server_Storage_us-south-central 60794
Get_Azure_us-south-central 30461
Get_Thrift_Server_Storage_us-south-central 30489
Get_Azure_us-south-central 58308
Get_Thrift_Server_Storage_us-south-central 58342
Get_Azure_us-south-central 15959
Get_Thrift_Server_Storage_us-south-central 15985
Get_Azure_us-south-central 148420
Get_Thrift_Server_Storage_us-south-central 148454
Get_Azure_us-south-central 25416
Get_Thrift_Server_Storage_us-south-central 25438
Get_Azure_us-south-central 34865
Get_Thrift_Server_Storage_us-south-central 34886
Get_Azure_us-south-central 22813
Get_Thrift_Server_Storage_us-south-central 22837
Get_Azure_us-south-central 36693
Get_Thrift_Server_Storage_us-south-central 36710
Get_Azure_us-south-central 13151
Get_Thrift_Server_Storage_us-south-central 13171
Get_Azure_us-south-central 12835
Get_Thrift_Server_Storage_us-south-central 12880
Get_Azure_us-south-central 29905
Get_Thrift_Server_Storage_us-south-central 29923
Get_Azure_us-south-central 83475
Get_Thrift_Server_Storage_us-south-central 83494
Get_Azure_us-south-central 16976
Get_Thrift_Server_Storage_us-south-central 16996
Get_Azure_us-south-central 15603
Get_Thrift_Server_Storage_us-south-central 15631
Get_Azure_us-south-central 19849
Get_Thrift_Server_Storage_us-south-central 19867
Get_Azure_us-south-central 30146
Get_Thrift_Server_Storage_us-south-central 30164
Get_Azure_us-south-central 11555
Get_Thrift_Server_Storage_us-south-central 11574
Get_Azure_us-south-central 13802
Get_Thrift_Server_Storage_us-south-central 13825
Get_Azure_us-south-central 14019
Get_Thrift_Server_Storage_us-south-central 14037
Get_Azure_us-south-central 14361
Get_Thrift_Server_Storage_us-south-central 14380
Get_Azure_us-south-central 275439
Get_Thrift_Server_Storage_us-south-central 275457
Get_Azure_us-south-central 11917
Get_Thrift_Server_Storage_us-south-central 11934
Get_Azure_us-south-central 105477
Get_Thrift_Server_Storage_us-south-central 105497
Get_Azure_us-south-central 35194
Get_Thrift_Server_Storage_us-south-central 35214
Get_Azure_us-south-central 17181
Get_Thrift_Server_Storage_us-south-central 17201
Get_Azure_us-south-central 14714
Get_Thrift_Server_Storage_us-south-central 14733
Get_Azure_us-south-central 76517
Get_Thrift_Server_Storage_us-south-central 76533
Get_Azure_us-south-central 19601
Get_Thrift_Server_Storage_us-south-central 19620
Get_Azure_us-south-central 498065
Get_Thrift_Server_Storage_us-south-central 498099
Get_Azure_us-south-central 63592
Get_Thrift_Server_Storage_us-south-central 63611
Get_Azure_us-south-central 73799
Get_Thrift_Server_Storage_us-south-central 73824
Get_Azure_us-south-central 47429
Get_Thrift_Server_Storage_us-south-central 47446
Get_Azure_us-south-central 30374
Get_Thrift_Server_Storage_us-south-central 30394
Get_Azure_us-south-central 16306
Get_Thrift_Server_Storage_us-south-central 16326
Get_Azure_us-south-central 102329
Get_Thrift_Server_Storage_us-south-central 102366
Get_Azure_us-south-central 21036
Get_Thrift_Server_Storage_us-south-central 21054
Get_Azure_us-south-central 37711
Get_Thrift_Server_Storage_us-south-central 37728
Get_Azure_us-south-central 31224
Get_Thrift_Server_Storage_us-south-central 31266
Get_Azure_us-south-central 26901
Get_Thrift_Server_Storage_us-south-central 26925
Get_Azure_us-south-central 54074
Get_Thrift_Server_Storage_us-south-central 54106
Get_Azure_us-south-central 59198
Get_Thrift_Server_Storage_us-south-central 59234
Get_Azure_us-south-central 137353
Get_Thrift_Server_Storage_us-south-central 137392
Get_Azure_us-south-central 29440
Get_Thrift_Server_Storage_us-south-central 29465
Get_Azure_us-south-central 36172
Get_Thrift_Server_Storage_us-south-central 36189
Get_Azure_us-south-central 66726
Get_Thrift_Server_Storage_us-south-central 66754
Get_Azure_us-south-central 42121
Get_Thrift_Server_Storage_us-south-central 42143
Get_Azure_us-south-central 64230
Get_Thrift_Server_Storage_us-south-central 64257
Get_Azure_us-south-central 58861
Get_Thrift_Server_Storage_us-south-central 58882
Get_Azure_us-south-central 32283
Get_Thrift_Server_Storage_us-south-central 32305
Get_Azure_us-south-central 18845
Get_Thrift_Server_Storage_us-south-central 18874
Get_Azure_us-south-central 41035
Get_Thrift_Server_Storage_us-south-central 41061
Get_Azure_us-south-central 38999
Get_Thrift_Server_Storage_us-south-central 39029
Get_Azure_us-south-central 25808
Get_Thrift_Server_Storage_us-south-central 25838
Get_Azure_us-south-central 36875
Get_Thrift_Server_Storage_us-south-central 36901
Get_Azure_us-south-central 37566
Get_Thrift_Server_Storage_us-south-central 37593
Get_Azure_us-south-central 45085
Get_Thrift_Server_Storage_us-south-central 45103
Get_Azure_us-south-central 18863
Get_Thrift_Server_Storage_us-south-central 18888
Get_Azure_us-south-central 30549
Get_Thrift_Server_Storage_us-south-central 30575
Get_Azure_us-south-central 29598
Get_Thrift_Server_Storage_us-south-central 29631
Get_Azure_us-south-central 76451
Get_Thrift_Server_Storage_us-south-central 76472
Get_Azure_us-south-central 21637
Get_Thrift_Server_Storage_us-south-central 21654
Get_Azure_us-south-central 34467
Get_Thrift_Server_Storage_us-south-central 34490
Get_Azure_us-south-central 42681
Get_Thrift_Server_Storage_us-south-central 42709
Get_Azure_us-south-central 20292
Get_Thrift_Server_Storage_us-south-central 20319
Get_Azure_us-south-central 22657
Get_Thrift_Server_Storage_us-south-central 22677
Get_Azure_us-south-central 13049
Get_Thrift_Server_Storage_us-south-central 13066
Get_Azure_us-south-central 55944
Get_Thrift_Server_Storage_us-south-central 55963
Get_Azure_us-south-central 15533
Get_Thrift_Server_Storage_us-south-central 15551
Get_Azure_us-south-central 21622
Get_Thrift_Server_Storage_us-south-central 21643
Get_Azure_us-south-central 15061
Get_Thrift_Server_Storage_us-south-central 15104
Get_Azure_us-south-central 46576
Get_Thrift_Server_Storage_us-south-central 46600
Get_Azure_us-south-central 21167
Get_Thrift_Server_Storage_us-south-central 21183
Get_Azure_us-south-central 29853
Get_Thrift_Server_Storage_us-south-central 29895
Get_Azure_us-south-central 21242
Get_Thrift_Server_Storage_us-south-central 21259
Get_Azure_us-south-central 16404
Get_Thrift_Server_Storage_us-south-central 16426
Get_Azure_us-south-central 13851
Get_Thrift_Server_Storage_us-south-central 13867
Get_Azure_us-south-central 16006
Get_Thrift_Server_Storage_us-south-central 16025
Get_Azure_us-south-central 19866
Get_Thrift_Server_Storage_us-south-central 19883
Get_Azure_us-south-central 15488
Get_Thrift_Server_Storage_us-south-central 15505
Get_Azure_us-south-central 56825
Get_Thrift_Server_Storage_us-south-central 56858
Get_Azure_us-south-central 18842
Get_Thrift_Server_Storage_us-south-central 18862
Get_Azure_us-south-central 21859
Get_Thrift_Server_Storage_us-south-central 21877
Get_Azure_us-south-central 21819
Get_Thrift_Server_Storage_us-south-central 21851
Get_Azure_us-south-central 52414
Get_Thrift_Server_Storage_us-south-central 52432
Get_Azure_us-south-central 21328
Get_Thrift_Server_Storage_us-south-central 21346
Get_Azure_us-south-central 54242
Get_Thrift_Server_Storage_us-south-central 54263
Get_Azure_us-south-central 110402
Get_Thrift_Server_Storage_us-south-central 110420
Get_Azure_us-south-central 33098
Get_Thrift_Server_Storage_us-south-central 33124
Get_Azure_us-south-central 25548
Get_Thrift_Server_Storage_us-south-central 25567
Get_Azure_us-south-central 60478
Get_Thrift_Server_Storage_us-south-central 60498
Get_Azure_us-south-central 13064
Get_Thrift_Server_Storage_us-south-central 13082
Get_Azure_us-south-central 82246
Get_Thrift_Server_Storage_us-south-central 82279
Get_Azure_us-south-central 16269
Get_Thrift_Server_Storage_us-south-central 16288
Get_Azure_us-south-central 19456
Get_Thrift_Server_Storage_us-south-central 19479
Get_Azure_us-south-central 18509
Get_Thrift_Server_Storage_us-south-central 18548
Get_Azure_us-south-central 406653
Get_Thrift_Server_Storage_us-south-central 406711
Get_Azure_us-south-central 13732
Get_Thrift_Server_Storage_us-south-central 13757
Get_Azure_us-south-central 12601
Get_Thrift_Server_Storage_us-south-central 12631
Get_Azure_us-south-central 15472
Get_Thrift_Server_Storage_us-south-central 15494
Get_Azure_us-south-central 28338
Get_Thrift_Server_Storage_us-south-central 28366
Get_Azure_us-south-central 279535
Get_Thrift_Server_Storage_us-south-central 279571
Get_Azure_us-south-central 53892
Get_Thrift_Server_Storage_us-south-central 53908
Get_Azure_us-south-central 53101
Get_Thrift_Server_Storage_us-south-central 53124
Get_Azure_us-south-central 116689
Get_Thrift_Server_Storage_us-south-central 116707
Get_Azure_us-south-central 128347
Get_Thrift_Server_Storage_us-south-central 128384
Get_Azure_us-south-central 45285
Get_Thrift_Server_Storage_us-south-central 45328
Get_Azure_us-south-central 197668
Get_Thrift_Server_Storage_us-south-central 197705
Get_Azure_us-south-central 25020
Get_Thrift_Server_Storage_us-south-central 25042
Get_Azure_us-south-central 73142
Get_Thrift_Server_Storage_us-south-central 73162
Get_Azure_us-south-central 38246
Get_Thrift_Server_Storage_us-south-central 38273
Get_Azure_us-south-central 36330
Get_Thrift_Server_Storage_us-south-central 36357
Get_Azure_us-south-central 23288
Get_Thrift_Server_Storage_us-south-central 23315
Get_Azure_us-south-central 64691
Get_Thrift_Server_Storage_us-south-central 64714
Get_Azure_us-south-central 23512
Get_Thrift_Server_Storage_us-south-central 23529
Get_Azure_us-south-central 343976
Get_Thrift_Server_Storage_us-south-central 344015
Get_Azure_us-south-central 30187
Get_Thrift_Server_Storage_us-south-central 30210
Get_Azure_us-south-central 24078
Get_Thrift_Server_Storage_us-south-central 24110
Get_Azure_us-south-central 25887
Get_Thrift_Server_Storage_us-south-central 25906
Get_Azure_us-south-central 326768
Get_Thrift_Server_Storage_us-south-central 326810
Get_Azure_us-south-central 13611
Get_Thrift_Server_Storage_us-south-central 13634
Get_Azure_us-south-central 101121
Get_Thrift_Server_Storage_us-south-central 101169
Get_Azure_us-south-central 61730
Get_Thrift_Server_Storage_us-south-central 61746
Get_Azure_us-south-central 44896
Get_Thrift_Server_Storage_us-south-central 44911
Get_Azure_us-south-central 97440
Get_Thrift_Server_Storage_us-south-central 97457
Get_Azure_us-south-central 29655
Get_Thrift_Server_Storage_us-south-central 29672
Get_Azure_us-south-central 15657
Get_Thrift_Server_Storage_us-south-central 15675
Get_Azure_us-south-central 14515
Get_Thrift_Server_Storage_us-south-central 14546
Get_Azure_us-south-central 18337
Get_Thrift_Server_Storage_us-south-central 18358
Get_Azure_us-south-central 34335
Get_Thrift_Server_Storage_us-south-central 34352
Get_Azure_us-south-central 16154
Get_Thrift_Server_Storage_us-south-central 16177
Get_Azure_us-south-central 14618
Get_Thrift_Server_Storage_us-south-central 14636
Get_Azure_us-south-central 12886
Get_Thrift_Server_Storage_us-south-central 12907
Get_Azure_us-south-central 15151
Get_Thrift_Server_Storage_us-south-central 15170
Get_Azure_us-south-central 31902
Get_Thrift_Server_Storage_us-south-central 31920
Get_Azure_us-south-central 31045
Get_Thrift_Server_Storage_us-south-central 31063
Get_Azure_us-south-central 15179
Get_Thrift_Server_Storage_us-south-central 15202
Get_Azure_us-south-central 24295
Get_Thrift_Server_Storage_us-south-central 24317
Get_Azure_us-south-central 34536
Get_Thrift_Server_Storage_us-south-central 34555
Get_Azure_us-south-central 20700
Get_Thrift_Server_Storage_us-south-central 20717
Get_Azure_us-south-central 31219
Get_Thrift_Server_Storage_us-south-central 31237
Get_Azure_us-south-central 13299
Get_Thrift_Server_Storage_us-south-central 13332
Get_Azure_us-south-central 46671
Get_Thrift_Server_Storage_us-south-central 46701
Get_Azure_us-south-central 54799
Get_Thrift_Server_Storage_us-south-central 54819
Get_Azure_us-south-central 24573
Get_Thrift_Server_Storage_us-south-central 24594
Get_Azure_us-south-central 15451
Get_Thrift_Server_Storage_us-south-central 15488
Get_Azure_us-south-central 29720
Get_Thrift_Server_Storage_us-south-central 29745
Get_Azure_us-south-central 16180
Get_Thrift_Server_Storage_us-south-central 16199
Get_Azure_us-south-central 40127
Get_Thrift_Server_Storage_us-south-central 40158
Get_Azure_us-south-central 62627
Get_Thrift_Server_Storage_us-south-central 62662
Get_Azure_us-south-central 25392
Get_Thrift_Server_Storage_us-south-central 25424
Get_Azure_us-south-central 20104
Get_Thrift_Server_Storage_us-south-central 20134
Get_Azure_us-south-central 88382
Get_Thrift_Server_Storage_us-south-central 88421
Get_Azure_us-south-central 43809
Get_Thrift_Server_Storage_us-south-central 43846
Get_Azure_us-south-central 17623
Get_Thrift_Server_Storage_us-south-central 17655
Get_Azure_us-south-central 12337
Get_Thrift_Server_Storage_us-south-central 12368
Get_Azure_us-south-central 21658
Get_Thrift_Server_Storage_us-south-central 21700
Get_Azure_us-south-central 24592
Get_Thrift_Server_Storage_us-south-central 24626
Get_Azure_us-south-central 16474
Get_Thrift_Server_Storage_us-south-central 16503
Get_Azure_us-south-central 37075
Get_Thrift_Server_Storage_us-south-central 37108
Get_Azure_us-south-central 47447
Get_Thrift_Server_Storage_us-south-central 47461
Get_Azure_us-south-central 15084
Get_Thrift_Server_Storage_us-south-central 15104
Get_Azure_us-south-central 62015
Get_Thrift_Server_Storage_us-south-central 62042
Get_Azure_us-south-central 29509
Get_Thrift_Server_Storage_us-south-central 29724
Get_Azure_us-south-central 63886
Get_Thrift_Server_Storage_us-south-central 63915
Get_Azure_us-south-central 99203
Get_Thrift_Server_Storage_us-south-central 99227
Get_Azure_us-south-central 19629
Get_Thrift_Server_Storage_us-south-central 19655
Get_Azure_us-south-central 27212
Get_Thrift_Server_Storage_us-south-central 27245
Get_Azure_us-south-central 25367
Get_Thrift_Server_Storage_us-south-central 25388
Get_Azure_us-south-central 43464
Get_Thrift_Server_Storage_us-south-central 43508
Get_Azure_us-south-central 57305
Get_Thrift_Server_Storage_us-south-central 57330
Get_Azure_us-south-central 24061
Get_Thrift_Server_Storage_us-south-central 24095
Get_Azure_us-south-central 19970
Get_Thrift_Server_Storage_us-south-central 20012
Get_Azure_us-south-central 25698
Get_Thrift_Server_Storage_us-south-central 25751
Get_Azure_us-south-central 14486
Get_Thrift_Server_Storage_us-south-central 14513
Get_Azure_us-south-central 42663
Get_Thrift_Server_Storage_us-south-central 42688
Get_Azure_us-south-central 55438
Get_Thrift_Server_Storage_us-south-central 55456
Get_Azure_us-south-central 55442
Get_Thrift_Server_Storage_us-south-central 55463
Get_Azure_us-south-central 21742
Get_Thrift_Server_Storage_us-south-central 21760
Get_Azure_us-south-central 53319
Get_Thrift_Server_Storage_us-south-central 53337
Get_Azure_us-south-central 15215
Get_Thrift_Server_Storage_us-south-central 15231
Get_Azure_us-south-central 46189
Get_Thrift_Server_Storage_us-south-central 46210
Get_Azure_us-south-central 41445
Get_Thrift_Server_Storage_us-south-central 41463
Get_Azure_us-south-central 17697
Get_Thrift_Server_Storage_us-south-central 17716
Get_Azure_us-south-central 23278
Get_Thrift_Server_Storage_us-south-central 23298
Get_Azure_us-south-central 22929
Get_Thrift_Server_Storage_us-south-central 22948
Get_Azure_us-south-central 21094
Get_Thrift_Server_Storage_us-south-central 21112
Get_Azure_us-south-central 31350
Get_Thrift_Server_Storage_us-south-central 31367
Get_Azure_us-south-central 58930
Get_Thrift_Server_Storage_us-south-central 58952
Get_Azure_us-south-central 16462
Get_Thrift_Server_Storage_us-south-central 16480
Get_Azure_us-south-central 18668
Get_Thrift_Server_Storage_us-south-central 18697
Get_Azure_us-south-central 50930
Get_Thrift_Server_Storage_us-south-central 50946
Get_Azure_us-south-central 37664
Get_Thrift_Server_Storage_us-south-central 37682
Get_Azure_us-south-central 15611
Get_Thrift_Server_Storage_us-south-central 15629
Get_Azure_us-south-central 42938
Get_Thrift_Server_Storage_us-south-central 42960
Get_Azure_us-south-central 71450
Get_Thrift_Server_Storage_us-south-central 71471
Get_Azure_us-south-central 15287
Get_Thrift_Server_Storage_us-south-central 15304
Get_Azure_us-south-central 84615
Get_Thrift_Server_Storage_us-south-central 84635
Get_Azure_us-south-central 33208
Get_Thrift_Server_Storage_us-south-central 33228
Get_Azure_us-south-central 18791
Get_Thrift_Server_Storage_us-south-central 18816
Get_Azure_us-south-central 47665
Get_Thrift_Server_Storage_us-south-central 47711
Get_Azure_us-south-central 235641
Get_Thrift_Server_Storage_us-south-central 235679
Get_Azure_us-south-central 103886
Get_Thrift_Server_Storage_us-south-central 103928
Get_Azure_us-south-central 13175
Get_Thrift_Server_Storage_us-south-central 13202
Get_Azure_us-south-central 35643
Get_Thrift_Server_Storage_us-south-central 35673
Get_Azure_us-south-central 18140
Get_Thrift_Server_Storage_us-south-central 18157
Get_Azure_us-south-central 20962
Get_Thrift_Server_Storage_us-south-central 20981
Get_Azure_us-south-central 13743
Get_Thrift_Server_Storage_us-south-central 13760
Get_Azure_us-south-central 17563
Get_Thrift_Server_Storage_us-south-central 17581
Get_Azure_us-south-central 30973
Get_Thrift_Server_Storage_us-south-central 30999
Get_Azure_us-south-central 25421
Get_Thrift_Server_Storage_us-south-central 25442
Get_Azure_us-south-central 76295
Get_Thrift_Server_Storage_us-south-central 76334
Get_Azure_us-south-central 18552
Get_Thrift_Server_Storage_us-south-central 18575
Get_Azure_us-south-central 18812
Get_Thrift_Server_Storage_us-south-central 18831
Get_Azure_us-south-central 168956
Get_Thrift_Server_Storage_us-south-central 168978
Get_Azure_us-south-central 68960
Get_Thrift_Server_Storage_us-south-central 68979
Get_Azure_us-south-central 36280
Get_Thrift_Server_Storage_us-south-central 36297
Get_Azure_us-south-central 20540
Get_Thrift_Server_Storage_us-south-central 20706
Get_Azure_us-south-central 24176
Get_Thrift_Server_Storage_us-south-central 24197
Get_Azure_us-south-central 60044
Get_Thrift_Server_Storage_us-south-central 60080
Get_Azure_us-south-central 57004
Get_Thrift_Server_Storage_us-south-central 57040
Get_Azure_us-south-central 25517
Get_Thrift_Server_Storage_us-south-central 25551
Get_Azure_us-south-central 55115
Get_Thrift_Server_Storage_us-south-central 55150
Get_Azure_us-south-central 52393
Get_Thrift_Server_Storage_us-south-central 52437
Get_Azure_us-south-central 24023
Get_Thrift_Server_Storage_us-south-central 24044
Get_Azure_us-south-central 23019
Get_Thrift_Server_Storage_us-south-central 23036
Get_Azure_us-south-central 38185
Get_Thrift_Server_Storage_us-south-central 38201
Get_Azure_us-south-central 56816
Get_Thrift_Server_Storage_us-south-central 56834
Get_Azure_us-south-central 26319
Get_Thrift_Server_Storage_us-south-central 26337
Get_Azure_us-south-central 18767
Get_Thrift_Server_Storage_us-south-central 18788
Get_Azure_us-south-central 27101
Get_Thrift_Server_Storage_us-south-central 27122
Get_Azure_us-south-central 28639
Get_Thrift_Server_Storage_us-south-central 28658
Get_Azure_us-south-central 41756
Get_Thrift_Server_Storage_us-south-central 41774
Get_Azure_us-south-central 36227
Get_Thrift_Server_Storage_us-south-central 36249
Get_Azure_us-south-central 26706
Get_Thrift_Server_Storage_us-south-central 26728
Get_Azure_us-south-central 44710
Get_Thrift_Server_Storage_us-south-central 44727
Get_Azure_us-south-central 33892
Get_Thrift_Server_Storage_us-south-central 33917
Get_Azure_us-south-central 28265
Get_Thrift_Server_Storage_us-south-central 28288
Get_Azure_us-south-central 22154
Get_Thrift_Server_Storage_us-south-central 22174
Get_Azure_us-south-central 63562
Get_Thrift_Server_Storage_us-south-central 63579
Get_Azure_us-south-central 27988
Get_Thrift_Server_Storage_us-south-central 28021
Get_Azure_us-south-central 21294
Get_Thrift_Server_Storage_us-south-central 21321
Get_Azure_us-south-central 43717
Get_Thrift_Server_Storage_us-south-central 43735
Get_Azure_us-south-central 16236
Get_Thrift_Server_Storage_us-south-central 16254
Get_Azure_us-south-central 43994
Get_Thrift_Server_Storage_us-south-central 44039
Get_Azure_us-south-central 36421
Get_Thrift_Server_Storage_us-south-central 36455
Get_Azure_us-south-central 46930
Get_Thrift_Server_Storage_us-south-central 46952
Get_Azure_us-south-central 19624
Get_Thrift_Server_Storage_us-south-central 19642
Get_Azure_us-south-central 19845
Get_Thrift_Server_Storage_us-south-central 19863
Get_Azure_us-south-central 16882
Get_Thrift_Server_Storage_us-south-central 16897
Get_Azure_us-south-central 12531
Get_Thrift_Server_Storage_us-south-central 12552
Get_Azure_us-south-central 43905
Get_Thrift_Server_Storage_us-south-central 43926
Get_Azure_us-south-central 25410
Get_Thrift_Server_Storage_us-south-central 25429
Get_Azure_us-south-central 27386
Get_Thrift_Server_Storage_us-south-central 27411
Get_Azure_us-south-central 19980
Get_Thrift_Server_Storage_us-south-central 20015
Get_Azure_us-south-central 20385
Get_Thrift_Server_Storage_us-south-central 20405
Get_Azure_us-south-central 22976
Get_Thrift_Server_Storage_us-south-central 22995
Get_Azure_us-south-central 50179
Get_Thrift_Server_Storage_us-south-central 50203
Get_Azure_us-south-central 14963
Get_Thrift_Server_Storage_us-south-central 14981
Get_Azure_us-south-central 16462
Get_Thrift_Server_Storage_us-south-central 16487
Get_Azure_us-south-central 57426
Get_Thrift_Server_Storage_us-south-central 57450
Get_Azure_us-south-central 35029
Get_Thrift_Server_Storage_us-south-central 35046
Get_Azure_us-south-central 18932
Get_Thrift_Server_Storage_us-south-central 18959
Get_Azure_us-south-central 14913
Get_Thrift_Server_Storage_us-south-central 14934
Get_Azure_us-south-central 15065
Get_Thrift_Server_Storage_us-south-central 15082
Get_Azure_us-south-central 88090
Get_Thrift_Server_Storage_us-south-central 88114
Get_Azure_us-south-central 24013
Get_Thrift_Server_Storage_us-south-central 24042
Get_Azure_us-south-central 33815
Get_Thrift_Server_Storage_us-south-central 33844
Get_Azure_us-south-central 13433
Get_Thrift_Server_Storage_us-south-central 13451
Get_Azure_us-south-central 41429
Get_Thrift_Server_Storage_us-south-central 41447
Get_Azure_us-south-central 14432
Get_Thrift_Server_Storage_us-south-central 14452
Get_Azure_us-south-central 38525
Get_Thrift_Server_Storage_us-south-central 38547
Get_Azure_us-south-central 12558
Get_Thrift_Server_Storage_us-south-central 12587
Get_Azure_us-south-central 22936
Get_Thrift_Server_Storage_us-south-central 22955
Get_Azure_us-south-central 13716
Get_Thrift_Server_Storage_us-south-central 13734
Get_Azure_us-south-central 49428
Get_Thrift_Server_Storage_us-south-central 49459
Get_Azure_us-south-central 80728
Get_Thrift_Server_Storage_us-south-central 80747
Get_Azure_us-south-central 96894
Get_Thrift_Server_Storage_us-south-central 96911
Get_Azure_us-south-central 53044
Get_Thrift_Server_Storage_us-south-central 53060
Get_Azure_us-south-central 15020
Get_Thrift_Server_Storage_us-south-central 15041
Get_Azure_us-south-central 49752
Get_Thrift_Server_Storage_us-south-central 49773
Get_Azure_us-south-central 244766
Get_Thrift_Server_Storage_us-south-central 244791
Get_Azure_us-south-central 26977
Get_Thrift_Server_Storage_us-south-central 26994
Get_Azure_us-south-central 35740
Get_Thrift_Server_Storage_us-south-central 35779
Get_Azure_us-south-central 46544
Get_Thrift_Server_Storage_us-south-central 46562
Get_Azure_us-south-central 24704
Get_Thrift_Server_Storage_us-south-central 24724
Get_Azure_us-south-central 54124
Get_Thrift_Server_Storage_us-south-central 54154
Get_Azure_us-south-central 49981
Get_Thrift_Server_Storage_us-south-central 50002
Get_Azure_us-south-central 147384
Get_Thrift_Server_Storage_us-south-central 147424
Get_Azure_us-south-central 42274
Get_Thrift_Server_Storage_us-south-central 42306
Get_Azure_us-south-central 82372
Get_Thrift_Server_Storage_us-south-central 82408
Get_Azure_us-south-central 42388
Get_Thrift_Server_Storage_us-south-central 42411
Get_Azure_us-south-central 16997
Get_Thrift_Server_Storage_us-south-central 17020
Get_Azure_us-south-central 47919
Get_Thrift_Server_Storage_us-south-central 47956
Get_Azure_us-south-central 32358
Get_Thrift_Server_Storage_us-south-central 32376
Get_Azure_us-south-central 319941
Get_Thrift_Server_Storage_us-south-central 319963
Get_Azure_us-south-central 23002
Get_Thrift_Server_Storage_us-south-central 23021
Get_Azure_us-south-central 18332
Get_Thrift_Server_Storage_us-south-central 18354
Get_Azure_us-south-central 48450
Get_Thrift_Server_Storage_us-south-central 48470
Get_Azure_us-south-central 28790
Get_Thrift_Server_Storage_us-south-central 28810
Get_Azure_us-south-central 26235
Get_Thrift_Server_Storage_us-south-central 26257
Get_Azure_us-south-central 13912
Get_Thrift_Server_Storage_us-south-central 13948
Get_Azure_us-south-central 24325
Get_Thrift_Server_Storage_us-south-central 24360
Get_Azure_us-south-central 16774
Get_Thrift_Server_Storage_us-south-central 16807
Get_Azure_us-south-central 76109
Get_Thrift_Server_Storage_us-south-central 76130
Get_Azure_us-south-central 114131
Get_Thrift_Server_Storage_us-south-central 114207
Get_Azure_us-south-central 14230
Get_Thrift_Server_Storage_us-south-central 14257
Get_Azure_us-south-central 63329
Get_Thrift_Server_Storage_us-south-central 63365
Get_Azure_us-south-central 19056
Get_Thrift_Server_Storage_us-south-central 19076
Get_Azure_us-south-central 30706
Get_Thrift_Server_Storage_us-south-central 30725
Get_Azure_us-south-central 111673
Get_Thrift_Server_Storage_us-south-central 111699
Get_Azure_us-south-central 119729
Get_Thrift_Server_Storage_us-south-central 119770
Get_Azure_us-south-central 37317
Get_Thrift_Server_Storage_us-south-central 37353
Get_Azure_us-south-central 90510
Get_Thrift_Server_Storage_us-south-central 90552
Get_Azure_us-south-central 50597
Get_Thrift_Server_Storage_us-south-central 50639
Get_Azure_us-south-central 41036
Get_Thrift_Server_Storage_us-south-central 41052
Get_Azure_us-south-central 40331
Get_Thrift_Server_Storage_us-south-central 40348
Get_Azure_us-south-central 13001
Get_Thrift_Server_Storage_us-south-central 13028
Get_Azure_us-south-central 114762
Get_Thrift_Server_Storage_us-south-central 114785
Get_Azure_us-south-central 20373
Get_Thrift_Server_Storage_us-south-central 20392
Get_Azure_us-south-central 46893
Get_Thrift_Server_Storage_us-south-central 46929
Get_Azure_us-south-central 52669
Get_Thrift_Server_Storage_us-south-central 52692
Get_Azure_us-south-central 64272
Get_Thrift_Server_Storage_us-south-central 64313
Get_Azure_us-south-central 133391
Get_Thrift_Server_Storage_us-south-central 133410
Get_Azure_us-south-central 32378
Get_Thrift_Server_Storage_us-south-central 32397
Get_Azure_us-south-central 16453
Get_Thrift_Server_Storage_us-south-central 16481
Get_Azure_us-south-central 45684
Get_Thrift_Server_Storage_us-south-central 45702
Get_Azure_us-south-central 38906
Get_Thrift_Server_Storage_us-south-central 38923
Get_Azure_us-south-central 14317
Get_Thrift_Server_Storage_us-south-central 14339
Get_Azure_us-south-central 31581
Get_Thrift_Server_Storage_us-south-central 31603
Get_Azure_us-south-central 13495
Get_Thrift_Server_Storage_us-south-central 13517
Get_Azure_us-south-central 13584
Get_Thrift_Server_Storage_us-south-central 13600
Get_Azure_us-south-central 18509
Get_Thrift_Server_Storage_us-south-central 18536
Get_Azure_us-south-central 18776
Get_Thrift_Server_Storage_us-south-central 18805
Get_Azure_us-south-central 12760
Get_Thrift_Server_Storage_us-south-central 12793
Get_Azure_us-south-central 13560
Get_Thrift_Server_Storage_us-south-central 13587
Get_Azure_us-south-central 29069
Get_Thrift_Server_Storage_us-south-central 29096
Get_Azure_us-south-central 67013
Get_Thrift_Server_Storage_us-south-central 67057
Get_Azure_us-south-central 24466
Get_Thrift_Server_Storage_us-south-central 24503
Get_Azure_us-south-central 15031
Get_Thrift_Server_Storage_us-south-central 15051
Get_Azure_us-south-central 77406
Get_Thrift_Server_Storage_us-south-central 77433
Get_Azure_us-south-central 31464
Get_Thrift_Server_Storage_us-south-central 31494
Get_Azure_us-south-central 23790
Get_Thrift_Server_Storage_us-south-central 23810
Get_Azure_us-south-central 12462
Get_Thrift_Server_Storage_us-south-central 12490
Get_Azure_us-south-central 58392
Get_Thrift_Server_Storage_us-south-central 58417
Get_Azure_us-south-central 29355
Get_Thrift_Server_Storage_us-south-central 29375
Get_Azure_us-south-central 24143
Get_Thrift_Server_Storage_us-south-central 24175
Get_Azure_us-south-central 17980
Get_Thrift_Server_Storage_us-south-central 17999
Get_Azure_us-south-central 27545
Get_Thrift_Server_Storage_us-south-central 27571
Get_Azure_us-south-central 63251
Get_Thrift_Server_Storage_us-south-central 63285
Get_Azure_us-south-central 13216
Get_Thrift_Server_Storage_us-south-central 13250
Get_Azure_us-south-central 15878
Get_Thrift_Server_Storage_us-south-central 15916
Get_Azure_us-south-central 46155
Get_Thrift_Server_Storage_us-south-central 46190
Get_Azure_us-south-central 19830
Get_Thrift_Server_Storage_us-south-central 19861
Get_Azure_us-south-central 32591
Get_Thrift_Server_Storage_us-south-central 32626
Get_Azure_us-south-central 59805
Get_Thrift_Server_Storage_us-south-central 59842
Get_Azure_us-south-central 13623
Get_Thrift_Server_Storage_us-south-central 13651
Get_Azure_us-south-central 67941
Get_Thrift_Server_Storage_us-south-central 67981
Get_Azure_us-south-central 20080
Get_Thrift_Server_Storage_us-south-central 20116
Get_Azure_us-south-central 105406
Get_Thrift_Server_Storage_us-south-central 105436
Get_Azure_us-south-central 56565
Get_Thrift_Server_Storage_us-south-central 56593
Get_Azure_us-south-central 20160
Get_Thrift_Server_Storage_us-south-central 20179
Get_Azure_us-south-central 43211
Get_Thrift_Server_Storage_us-south-central 43234
Get_Azure_us-south-central 31321
Get_Thrift_Server_Storage_us-south-central 31348
Get_Azure_us-south-central 19454
Get_Thrift_Server_Storage_us-south-central 19472
Get_Azure_us-south-central 19562
Get_Thrift_Server_Storage_us-south-central 19578
Get_Azure_us-south-central 25066
Get_Thrift_Server_Storage_us-south-central 25088
Get_Azure_us-south-central 16342
Get_Thrift_Server_Storage_us-south-central 16376
Get_Azure_us-south-central 62355
Get_Thrift_Server_Storage_us-south-central 62378
Get_Azure_us-south-central 21691
Get_Thrift_Server_Storage_us-south-central 21711
Get_Azure_us-south-central 66026
Get_Thrift_Server_Storage_us-south-central 66049
Get_Azure_us-south-central 23022
Get_Thrift_Server_Storage_us-south-central 23040
Get_Azure_us-south-central 118898
Get_Thrift_Server_Storage_us-south-central 118934
Get_Azure_us-south-central 51629
Get_Thrift_Server_Storage_us-south-central 51663
Get_Azure_us-south-central 47180
Get_Thrift_Server_Storage_us-south-central 47215
Get_Azure_us-south-central 18627
Get_Thrift_Server_Storage_us-south-central 18644
Get_Azure_us-south-central 18762
Get_Thrift_Server_Storage_us-south-central 18779
Get_Azure_us-south-central 110234
Get_Thrift_Server_Storage_us-south-central 110253
Get_Azure_us-south-central 17471
Get_Thrift_Server_Storage_us-south-central 17530
Get_Azure_us-south-central 32120
Get_Thrift_Server_Storage_us-south-central 32138
Get_Azure_us-south-central 31255
Get_Thrift_Server_Storage_us-south-central 31279
Get_Azure_us-south-central 65402
Get_Thrift_Server_Storage_us-south-central 65429
Get_Azure_us-south-central 20224
Get_Thrift_Server_Storage_us-south-central 20247
Get_Azure_us-south-central 28158
Get_Thrift_Server_Storage_us-south-central 28196
Get_Azure_us-south-central 22478
Get_Thrift_Server_Storage_us-south-central 22502
Get_Azure_us-south-central 13765
Get_Thrift_Server_Storage_us-south-central 13784
Get_Azure_us-south-central 21932
Get_Thrift_Server_Storage_us-south-central 21953
Get_Azure_us-south-central 13472
Get_Thrift_Server_Storage_us-south-central 13498
Get_Azure_us-south-central 12560
Get_Thrift_Server_Storage_us-south-central 12587
Get_Azure_us-south-central 15189
Get_Thrift_Server_Storage_us-south-central 15222
Get_Azure_us-south-central 33647
Get_Thrift_Server_Storage_us-south-central 33673
Get_Azure_us-south-central 40074
Get_Thrift_Server_Storage_us-south-central 40109
Get_Azure_us-south-central 17790
Get_Thrift_Server_Storage_us-south-central 17819
Get_Azure_us-south-central 53458
Get_Thrift_Server_Storage_us-south-central 53489
Get_Azure_us-south-central 13009
Get_Thrift_Server_Storage_us-south-central 13046
Get_Azure_us-south-central 19983
Get_Thrift_Server_Storage_us-south-central 20016
Get_Azure_us-south-central 13268
Get_Thrift_Server_Storage_us-south-central 13299
Get_Azure_us-south-central 14969
Get_Thrift_Server_Storage_us-south-central 15002
Get_Azure_us-south-central 24385
Get_Thrift_Server_Storage_us-south-central 24421
Get_Azure_us-south-central 21598
Get_Thrift_Server_Storage_us-south-central 21623
Get_Azure_us-south-central 25756
Get_Thrift_Server_Storage_us-south-central 25776
Get_Azure_us-south-central 21500
Get_Thrift_Server_Storage_us-south-central 21526
Get_Azure_us-south-central 39967
Get_Thrift_Server_Storage_us-south-central 39986
Get_Azure_us-south-central 41448
Get_Thrift_Server_Storage_us-south-central 41469
Get_Azure_us-south-central 17580
Get_Thrift_Server_Storage_us-south-central 17615
Get_Azure_us-south-central 20687
Get_Thrift_Server_Storage_us-south-central 20706
Get_Azure_us-south-central 16463
Get_Thrift_Server_Storage_us-south-central 16482
Get_Azure_us-south-central 77485
Get_Thrift_Server_Storage_us-south-central 77506
Get_Azure_us-south-central 19505
Get_Thrift_Server_Storage_us-south-central 19528
Get_Azure_us-south-central 40556
Get_Thrift_Server_Storage_us-south-central 40576
Get_Azure_us-south-central 23920
Get_Thrift_Server_Storage_us-south-central 23939
Get_Azure_us-south-central 35836
Get_Thrift_Server_Storage_us-south-central 35857
Get_Azure_us-south-central 14865
Get_Thrift_Server_Storage_us-south-central 14894
Get_Azure_us-south-central 21303
Get_Thrift_Server_Storage_us-south-central 21328
Get_Azure_us-south-central 35326
Get_Thrift_Server_Storage_us-south-central 35360
Get_Azure_us-south-central 17368
Get_Thrift_Server_Storage_us-south-central 17399
Get_Azure_us-south-central 14580
Get_Thrift_Server_Storage_us-south-central 14622
Get_Azure_us-south-central 67180
Get_Thrift_Server_Storage_us-south-central 67220
Get_Azure_us-south-central 19645
Get_Thrift_Server_Storage_us-south-central 19686
Get_Azure_us-south-central 17425
Get_Thrift_Server_Storage_us-south-central 17471
Get_Azure_us-south-central 28693
Get_Thrift_Server_Storage_us-south-central 28724
Get_Azure_us-south-central 42861
Get_Thrift_Server_Storage_us-south-central 42882
Get_Azure_us-south-central 49168
Get_Thrift_Server_Storage_us-south-central 49198
Get_Azure_us-south-central 44173
Get_Thrift_Server_Storage_us-south-central 44190
Get_Azure_us-south-central 20873
Get_Thrift_Server_Storage_us-south-central 20889
Get_Azure_us-south-central 30808
Get_Thrift_Server_Storage_us-south-central 30826
Get_Azure_us-south-central 17857
Get_Thrift_Server_Storage_us-south-central 17876
Get_Azure_us-south-central 37334
Get_Thrift_Server_Storage_us-south-central 37349
Get_Azure_us-south-central 24649
Get_Thrift_Server_Storage_us-south-central 24664
Get_Azure_us-south-central 24755
Get_Thrift_Server_Storage_us-south-central 24772
Get_Azure_us-south-central 15600
Get_Thrift_Server_Storage_us-south-central 15618
Get_Azure_us-south-central 85022
Get_Thrift_Server_Storage_us-south-central 85040
Get_Azure_us-south-central 21982
Get_Thrift_Server_Storage_us-south-central 21998
Get_Azure_us-south-central 19020
Get_Thrift_Server_Storage_us-south-central 19047
Get_Azure_us-south-central 40468
Get_Thrift_Server_Storage_us-south-central 40484
Get_Azure_us-south-central 31957
Get_Thrift_Server_Storage_us-south-central 31973
Get_Azure_us-south-central 154738
Get_Thrift_Server_Storage_us-south-central 154756
Get_Azure_us-south-central 15136
Get_Thrift_Server_Storage_us-south-central 15168
Get_Azure_us-south-central 14321
Get_Thrift_Server_Storage_us-south-central 14340
Get_Azure_us-south-central 14500
Get_Thrift_Server_Storage_us-south-central 14517
Get_Azure_us-south-central 81193
Get_Thrift_Server_Storage_us-south-central 81210
Get_Azure_us-south-central 26521
Get_Thrift_Server_Storage_us-south-central 26537
Get_Azure_us-south-central 27671
Get_Thrift_Server_Storage_us-south-central 27687
Get_Azure_us-south-central 15865
Get_Thrift_Server_Storage_us-south-central 15884
Get_Azure_us-south-central 14113
Get_Thrift_Server_Storage_us-south-central 14129
Get_Azure_us-south-central 26355
Get_Thrift_Server_Storage_us-south-central 26373
Get_Azure_us-south-central 15529
Get_Thrift_Server_Storage_us-south-central 15544
Get_Azure_us-south-central 50922
Get_Thrift_Server_Storage_us-south-central 50939
Get_Azure_us-south-central 14314
Get_Thrift_Server_Storage_us-south-central 14332
Get_Azure_us-south-central 14542
Get_Thrift_Server_Storage_us-south-central 14568
Get_Azure_us-south-central 39706
Get_Thrift_Server_Storage_us-south-central 39751
Get_Azure_us-south-central 31596
Get_Thrift_Server_Storage_us-south-central 31615
Get_Azure_us-south-central 147646
Get_Thrift_Server_Storage_us-south-central 147661
Get_Azure_us-south-central 147421
Get_Thrift_Server_Storage_us-south-central 147439
Get_Azure_us-south-central 29233
Get_Thrift_Server_Storage_us-south-central 29251
Get_Azure_us-south-central 63169
Get_Thrift_Server_Storage_us-south-central 63187
Get_Azure_us-south-central 22658
Get_Thrift_Server_Storage_us-south-central 22675
Get_Azure_us-south-central 14083
Get_Thrift_Server_Storage_us-south-central 14112
Get_Azure_us-south-central 42338
Get_Thrift_Server_Storage_us-south-central 42356
Get_Azure_us-south-central 85604
Get_Thrift_Server_Storage_us-south-central 85621
Get_Azure_us-south-central 24344
Get_Thrift_Server_Storage_us-south-central 24363
Get_Azure_us-south-central 38070
Get_Thrift_Server_Storage_us-south-central 38087
Get_Azure_us-south-central 22594
Get_Thrift_Server_Storage_us-south-central 22610
Get_Azure_us-south-central 91492
Get_Thrift_Server_Storage_us-south-central 91510
Get_Azure_us-south-central 57724
Get_Thrift_Server_Storage_us-south-central 57741
Get_Azure_us-south-central 74943
Get_Thrift_Server_Storage_us-south-central 74959
Get_Azure_us-south-central 13639
Get_Thrift_Server_Storage_us-south-central 13657
Get_Azure_us-south-central 25298
Get_Thrift_Server_Storage_us-south-central 25314
Get_Azure_us-south-central 30769
Get_Thrift_Server_Storage_us-south-central 30795
Get_Azure_us-south-central 19482
Get_Thrift_Server_Storage_us-south-central 19498
Get_Azure_us-south-central 24809
Get_Thrift_Server_Storage_us-south-central 24826
Get_Azure_us-south-central 29807
Get_Thrift_Server_Storage_us-south-central 29824
Get_Azure_us-south-central 33543
Get_Thrift_Server_Storage_us-south-central 33558
Get_Azure_us-south-central 14093
Get_Thrift_Server_Storage_us-south-central 14110
Get_Azure_us-south-central 36899
Get_Thrift_Server_Storage_us-south-central 36925
Get_Azure_us-south-central 25149
Get_Thrift_Server_Storage_us-south-central 25166
Get_Azure_us-south-central 39166
Get_Thrift_Server_Storage_us-south-central 39183
Get_Azure_us-south-central 23953
Get_Thrift_Server_Storage_us-south-central 23977
Get_Azure_us-south-central 19557
Get_Thrift_Server_Storage_us-south-central 19589
Get_Azure_us-south-central 24358
Get_Thrift_Server_Storage_us-south-central 24374
Get_Azure_us-south-central 47080
Get_Thrift_Server_Storage_us-south-central 47099
Get_Azure_us-south-central 36036
Get_Thrift_Server_Storage_us-south-central 36053
Get_Azure_us-south-central 19935
Get_Thrift_Server_Storage_us-south-central 19952
Get_Azure_us-south-central 46967
Get_Thrift_Server_Storage_us-south-central 46984
Get_Azure_us-south-central 30808
Get_Thrift_Server_Storage_us-south-central 30824
Get_Azure_us-south-central 81948
Get_Thrift_Server_Storage_us-south-central 81965
Get_Azure_us-south-central 63133
Get_Thrift_Server_Storage_us-south-central 63166
Get_Azure_us-south-central 46874
Get_Thrift_Server_Storage_us-south-central 46899
Get_Azure_us-south-central 19572
Get_Thrift_Server_Storage_us-south-central 19630
Get_Azure_us-south-central 93950
Get_Thrift_Server_Storage_us-south-central 93969
Get_Azure_us-south-central 14021
Get_Thrift_Server_Storage_us-south-central 14045
Get_Azure_us-south-central 28976
Get_Thrift_Server_Storage_us-south-central 28994
Get_Azure_us-south-central 16848
Get_Thrift_Server_Storage_us-south-central 16864
Get_Azure_us-south-central 94975
Get_Thrift_Server_Storage_us-south-central 95007
Get_Azure_us-south-central 21432
Get_Thrift_Server_Storage_us-south-central 21449
Get_Azure_us-south-central 39808
Get_Thrift_Server_Storage_us-south-central 39825
Get_Azure_us-south-central 22005
Get_Thrift_Server_Storage_us-south-central 22021
Get_Azure_us-south-central 27629
Get_Thrift_Server_Storage_us-south-central 27646
Get_Azure_us-south-central 11353
Get_Thrift_Server_Storage_us-south-central 11372
Get_Azure_us-south-central 20569
Get_Thrift_Server_Storage_us-south-central 20585
Get_Azure_us-south-central 15324
Get_Thrift_Server_Storage_us-south-central 15357
Get_Azure_us-south-central 51962
Get_Thrift_Server_Storage_us-south-central 51978
Get_Azure_us-south-central 27636
Get_Thrift_Server_Storage_us-south-central 27654
Get_Azure_us-south-central 15072
Get_Thrift_Server_Storage_us-south-central 15097
Get_Azure_us-south-central 18515
Get_Thrift_Server_Storage_us-south-central 18540
Get_Azure_us-south-central 14964
Get_Thrift_Server_Storage_us-south-central 14991
Get_Azure_us-south-central 130766
Get_Thrift_Server_Storage_us-south-central 130783
Get_Azure_us-south-central 82532
Get_Thrift_Server_Storage_us-south-central 82559
Get_Azure_us-south-central 16904
Get_Thrift_Server_Storage_us-south-central 16922
Get_Azure_us-south-central 35741
Get_Thrift_Server_Storage_us-south-central 35758
Get_Azure_us-south-central 20744
Get_Thrift_Server_Storage_us-south-central 20761
Get_Azure_us-south-central 23546
Get_Thrift_Server_Storage_us-south-central 23565
Get_Azure_us-south-central 53426
Get_Thrift_Server_Storage_us-south-central 53441
Get_Azure_us-south-central 18194
Get_Thrift_Server_Storage_us-south-central 18211
Get_Azure_us-south-central 27489
Get_Thrift_Server_Storage_us-south-central 27520
Get_Azure_us-south-central 13547
Get_Thrift_Server_Storage_us-south-central 13565
Get_Azure_us-south-central 22360
Get_Thrift_Server_Storage_us-south-central 22377
Get_Azure_us-south-central 20427
Get_Thrift_Server_Storage_us-south-central 20443
Get_Azure_us-south-central 23885
Get_Thrift_Server_Storage_us-south-central 23901
Get_Azure_us-south-central 42712
Get_Thrift_Server_Storage_us-south-central 42730
Get_Azure_us-south-central 55744
Get_Thrift_Server_Storage_us-south-central 55761
Get_Azure_us-south-central 19727
Get_Thrift_Server_Storage_us-south-central 19744
Get_Azure_us-south-central 30430
Get_Thrift_Server_Storage_us-south-central 30449
Get_Azure_us-south-central 53841
Get_Thrift_Server_Storage_us-south-central 53857
Get_Azure_us-south-central 16240
Get_Thrift_Server_Storage_us-south-central 16256
Get_Azure_us-south-central 52164
Get_Thrift_Server_Storage_us-south-central 52189
Get_Azure_us-south-central 21011
Get_Thrift_Server_Storage_us-south-central 21029
Get_Azure_us-south-central 29251
Get_Thrift_Server_Storage_us-south-central 29275
Get_Azure_us-south-central 27464
Get_Thrift_Server_Storage_us-south-central 27483
Get_Azure_us-south-central 40971
Get_Thrift_Server_Storage_us-south-central 40989
Get_Azure_us-south-central 111443
Get_Thrift_Server_Storage_us-south-central 111461
Get_Azure_us-south-central 36815
Get_Thrift_Server_Storage_us-south-central 36854
Get_Azure_us-south-central 19959
Get_Thrift_Server_Storage_us-south-central 19977
Get_Azure_us-south-central 124253
Get_Thrift_Server_Storage_us-south-central 124272
Get_Azure_us-south-central 42069
Get_Thrift_Server_Storage_us-south-central 42086
Get_Azure_us-south-central 15476
Get_Thrift_Server_Storage_us-south-central 15496
Get_Azure_us-south-central 17401
Get_Thrift_Server_Storage_us-south-central 17430
Get_Azure_us-south-central 94825
Get_Thrift_Server_Storage_us-south-central 94843
Get_Azure_us-south-central 45207
Get_Thrift_Server_Storage_us-south-central 45230
Get_Azure_us-south-central 29029
Get_Thrift_Server_Storage_us-south-central 29047
Get_Azure_us-south-central 42276
Get_Thrift_Server_Storage_us-south-central 42293
Get_Azure_us-south-central 41483
Get_Thrift_Server_Storage_us-south-central 41501
Get_Azure_us-south-central 137009
Get_Thrift_Server_Storage_us-south-central 137027
Get_Azure_us-south-central 216224
Get_Thrift_Server_Storage_us-south-central 216248
Get_Azure_us-south-central 103842
Get_Thrift_Server_Storage_us-south-central 103871
Get_Azure_us-south-central 62279
Get_Thrift_Server_Storage_us-south-central 62295
Get_Azure_us-south-central 42689
Get_Thrift_Server_Storage_us-south-central 42707
Get_Azure_us-south-central 24472
Get_Thrift_Server_Storage_us-south-central 24490
Get_Azure_us-south-central 30010
Get_Thrift_Server_Storage_us-south-central 30027
Get_Azure_us-south-central 39810
Get_Thrift_Server_Storage_us-south-central 39829
Get_Azure_us-south-central 79722
Get_Thrift_Server_Storage_us-south-central 79744
Get_Azure_us-south-central 74668
Get_Thrift_Server_Storage_us-south-central 74690
Get_Azure_us-south-central 23925
Get_Thrift_Server_Storage_us-south-central 23942
Get_Azure_us-south-central 56943
Get_Thrift_Server_Storage_us-south-central 56965
Get_Azure_us-south-central 14926
Get_Thrift_Server_Storage_us-south-central 14943
Get_Azure_us-south-central 17835
Get_Thrift_Server_Storage_us-south-central 17854
Get_Azure_us-south-central 20144
Get_Thrift_Server_Storage_us-south-central 20165
Get_Azure_us-south-central 39614
Get_Thrift_Server_Storage_us-south-central 39635
Get_Azure_us-south-central 36737
Get_Thrift_Server_Storage_us-south-central 36758
Get_Azure_us-south-central 21148
Get_Thrift_Server_Storage_us-south-central 21171
Get_Azure_us-south-central 26822
Get_Thrift_Server_Storage_us-south-central 26843
Get_Azure_us-south-central 17423
Get_Thrift_Server_Storage_us-south-central 17448
Get_Azure_us-south-central 16516
Get_Thrift_Server_Storage_us-south-central 16533
Get_Azure_us-south-central 22154
Get_Thrift_Server_Storage_us-south-central 22173
Get_Azure_us-south-central 29762
Get_Thrift_Server_Storage_us-south-central 29794
Get_Azure_us-south-central 16030
Get_Thrift_Server_Storage_us-south-central 16049
Get_Azure_us-south-central 38308
Get_Thrift_Server_Storage_us-south-central 38327
Get_Azure_us-south-central 25777
Get_Thrift_Server_Storage_us-south-central 25794
Get_Azure_us-south-central 38297
Get_Thrift_Server_Storage_us-south-central 38357
Get_Azure_us-south-central 24079
Get_Thrift_Server_Storage_us-south-central 24097
Get_Azure_us-south-central 29951
Get_Thrift_Server_Storage_us-south-central 30046
Get_Azure_us-south-central 23211
Get_Thrift_Server_Storage_us-south-central 23229
Get_Azure_us-south-central 32440
Get_Thrift_Server_Storage_us-south-central 32458
Get_Azure_us-south-central 24314
Get_Thrift_Server_Storage_us-south-central 24334
Get_Azure_us-south-central 26047
Get_Thrift_Server_Storage_us-south-central 26068
Get_Azure_us-south-central 25975
Get_Thrift_Server_Storage_us-south-central 25994
Get_Azure_us-south-central 14453
Get_Thrift_Server_Storage_us-south-central 14472
Get_Azure_us-south-central 310942
Get_Thrift_Server_Storage_us-south-central 310979
Get_Azure_us-south-central 45639
Get_Thrift_Server_Storage_us-south-central 45656
Get_Azure_us-south-central 14272
Get_Thrift_Server_Storage_us-south-central 14289
Get_Azure_us-south-central 19285
Get_Thrift_Server_Storage_us-south-central 19303
Get_Azure_us-south-central 21755
Get_Thrift_Server_Storage_us-south-central 21772
Get_Azure_us-south-central 98285
Get_Thrift_Server_Storage_us-south-central 98303
Get_Azure_us-south-central 64672
Get_Thrift_Server_Storage_us-south-central 64688
Get_Azure_us-south-central 25927
Get_Thrift_Server_Storage_us-south-central 25945
Get_Azure_us-south-central 58940
Get_Thrift_Server_Storage_us-south-central 58958
Get_Azure_us-south-central 19189
Get_Thrift_Server_Storage_us-south-central 19207
Get_Azure_us-south-central 62765
Get_Thrift_Server_Storage_us-south-central 62797
Get_Azure_us-south-central 125398
Get_Thrift_Server_Storage_us-south-central 125418
Get_Azure_us-south-central 43203
Get_Thrift_Server_Storage_us-south-central 43221
Get_Azure_us-south-central 84880
Get_Thrift_Server_Storage_us-south-central 84896
Get_Azure_us-south-central 12156
Get_Thrift_Server_Storage_us-south-central 12174
Get_Azure_us-south-central 18236
Get_Thrift_Server_Storage_us-south-central 18254
Get_Azure_us-south-central 44117
Get_Thrift_Server_Storage_us-south-central 44136
Get_Azure_us-south-central 22567
Get_Thrift_Server_Storage_us-south-central 22586
Get_Azure_us-south-central 31189
Get_Thrift_Server_Storage_us-south-central 31205
Get_Azure_us-south-central 15488
Get_Thrift_Server_Storage_us-south-central 15507
Get_Azure_us-south-central 22454
Get_Thrift_Server_Storage_us-south-central 22472
Get_Azure_us-south-central 14980
Get_Thrift_Server_Storage_us-south-central 14998
Get_Azure_us-south-central 77567
Get_Thrift_Server_Storage_us-south-central 77585
Get_Azure_us-south-central 58352
Get_Thrift_Server_Storage_us-south-central 58369
Get_Azure_us-south-central 16614
Get_Thrift_Server_Storage_us-south-central 16632
Get_Azure_us-south-central 35558
Get_Thrift_Server_Storage_us-south-central 35576
Get_Azure_us-south-central 32751
Get_Thrift_Server_Storage_us-south-central 32777
Get_Azure_us-south-central 14092
Get_Thrift_Server_Storage_us-south-central 14110
Get_Azure_us-south-central 56148
Get_Thrift_Server_Storage_us-south-central 56166
Get_Azure_us-south-central 21291
Get_Thrift_Server_Storage_us-south-central 21309
Get_Azure_us-south-central 28117
Get_Thrift_Server_Storage_us-south-central 28135
Get_Azure_us-south-central 44033
Get_Thrift_Server_Storage_us-south-central 44051
Get_Azure_us-south-central 74386
Get_Thrift_Server_Storage_us-south-central 74404
Get_Azure_us-south-central 23406
Get_Thrift_Server_Storage_us-south-central 23425
Get_Azure_us-south-central 135678
Get_Thrift_Server_Storage_us-south-central 135697
Get_Azure_us-south-central 32708
Get_Thrift_Server_Storage_us-south-central 32748
Get_Azure_us-south-central 20548
Get_Thrift_Server_Storage_us-south-central 20567
Get_Azure_us-south-central 27750
Get_Thrift_Server_Storage_us-south-central 27766
Get_Azure_us-south-central 22868
Get_Thrift_Server_Storage_us-south-central 22888
Get_Azure_us-south-central 25930
Get_Thrift_Server_Storage_us-south-central 25949
Get_Azure_us-south-central 15816
Get_Thrift_Server_Storage_us-south-central 15835
Get_Azure_us-south-central 21199
Get_Thrift_Server_Storage_us-south-central 21218
Get_Azure_us-south-central 60965
Get_Thrift_Server_Storage_us-south-central 60999
Get_Azure_us-south-central 21244
Get_Thrift_Server_Storage_us-south-central 21261
Get_Azure_us-south-central 20381
Get_Thrift_Server_Storage_us-south-central 20399
Get_Azure_us-south-central 39053
Get_Thrift_Server_Storage_us-south-central 39071
Get_Azure_us-south-central 20013
Get_Thrift_Server_Storage_us-south-central 20049
Get_Azure_us-south-central 33146
Get_Thrift_Server_Storage_us-south-central 33164
Get_Azure_us-south-central 19879
Get_Thrift_Server_Storage_us-south-central 19897
Get_Azure_us-south-central 17909
Get_Thrift_Server_Storage_us-south-central 17925
Get_Azure_us-south-central 17775
Get_Thrift_Server_Storage_us-south-central 17794
Get_Azure_us-south-central 54508
Get_Thrift_Server_Storage_us-south-central 54525
Get_Azure_us-south-central 147948
Get_Thrift_Server_Storage_us-south-central 147967
Get_Azure_us-south-central 16140
Get_Thrift_Server_Storage_us-south-central 16169
Get_Azure_us-south-central 15133
Get_Thrift_Server_Storage_us-south-central 15150
Get_Azure_us-south-central 25864
Get_Thrift_Server_Storage_us-south-central 25880
Get_Azure_us-south-central 16894
Get_Thrift_Server_Storage_us-south-central 16910
Get_Azure_us-south-central 18092
Get_Thrift_Server_Storage_us-south-central 18109
Get_Azure_us-south-central 14672
Get_Thrift_Server_Storage_us-south-central 14690
Get_Azure_us-south-central 14605
Get_Thrift_Server_Storage_us-south-central 14621
Get_Azure_us-south-central 19123
Get_Thrift_Server_Storage_us-south-central 19141
Get_Azure_us-south-central 17851
Get_Thrift_Server_Storage_us-south-central 17881
Get_Azure_us-south-central 58283
Get_Thrift_Server_Storage_us-south-central 58298
Get_Azure_us-south-central 15979
Get_Thrift_Server_Storage_us-south-central 15997
Get_Azure_us-south-central 27835
Get_Thrift_Server_Storage_us-south-central 27850
Get_Azure_us-south-central 15732
Get_Thrift_Server_Storage_us-south-central 15761
Get_Azure_us-south-central 15300
Get_Thrift_Server_Storage_us-south-central 15318
Get_Azure_us-south-central 15205
Get_Thrift_Server_Storage_us-south-central 15225
Get_Azure_us-south-central 24321
Get_Thrift_Server_Storage_us-south-central 24338
Get_Azure_us-south-central 18998
Get_Thrift_Server_Storage_us-south-central 19014
Get_Azure_us-south-central 14733
Get_Thrift_Server_Storage_us-south-central 14753
Get_Azure_us-south-central 14859
Get_Thrift_Server_Storage_us-south-central 14877
Get_Azure_us-south-central 95344
Get_Thrift_Server_Storage_us-south-central 95362
Get_Azure_us-south-central 23447
Get_Thrift_Server_Storage_us-south-central 23481
Get_Azure_us-south-central 22093
Get_Thrift_Server_Storage_us-south-central 22109
Get_Azure_us-south-central 67455
Get_Thrift_Server_Storage_us-south-central 67474
Get_Azure_us-south-central 31577
Get_Thrift_Server_Storage_us-south-central 31596
Get_Azure_us-south-central 18544
Get_Thrift_Server_Storage_us-south-central 18563
Get_Azure_us-south-central 20826
Get_Thrift_Server_Storage_us-south-central 20864
Get_Azure_us-south-central 16962
Get_Thrift_Server_Storage_us-south-central 16981
Get_Azure_us-south-central 14633
Get_Thrift_Server_Storage_us-south-central 14651
Get_Azure_us-south-central 28112
Get_Thrift_Server_Storage_us-south-central 28130
Get_Azure_us-south-central 36354
Get_Thrift_Server_Storage_us-south-central 36373
Get_Azure_us-south-central 23486
Get_Thrift_Server_Storage_us-south-central 23504
Get_Azure_us-south-central 49734
Get_Thrift_Server_Storage_us-south-central 49752
Get_Azure_us-south-central 14963
Get_Thrift_Server_Storage_us-south-central 14981
Get_Azure_us-south-central 18145
Get_Thrift_Server_Storage_us-south-central 18184
Get_Azure_us-south-central 42408
Get_Thrift_Server_Storage_us-south-central 42431
Get_Azure_us-south-central 39100
Get_Thrift_Server_Storage_us-south-central 39117
Get_Azure_us-south-central 20816
Get_Thrift_Server_Storage_us-south-central 20832
Get_Azure_us-south-central 49576
Get_Thrift_Server_Storage_us-south-central 49593
Get_Azure_us-south-central 22805
Get_Thrift_Server_Storage_us-south-central 22822
Get_Azure_us-south-central 34772
Get_Thrift_Server_Storage_us-south-central 34788
Get_Azure_us-south-central 15359
Get_Thrift_Server_Storage_us-south-central 15377
Get_Azure_us-south-central 23406
Get_Thrift_Server_Storage_us-south-central 23426
Get_Azure_us-south-central 80701
Get_Thrift_Server_Storage_us-south-central 80718
Get_Azure_us-south-central 15589
Get_Thrift_Server_Storage_us-south-central 15605
Get_Azure_us-south-central 14146
Get_Thrift_Server_Storage_us-south-central 14165
Get_Azure_us-south-central 44364
Get_Thrift_Server_Storage_us-south-central 44381
Get_Azure_us-south-central 42701
Get_Thrift_Server_Storage_us-south-central 42722
Get_Azure_us-south-central 12943
Get_Thrift_Server_Storage_us-south-central 12961
Get_Azure_us-south-central 27792
Get_Thrift_Server_Storage_us-south-central 27810
Get_Azure_us-south-central 17052
Get_Thrift_Server_Storage_us-south-central 17070
Get_Azure_us-south-central 18693
Get_Thrift_Server_Storage_us-south-central 18712
Get_Azure_us-south-central 18000
Get_Thrift_Server_Storage_us-south-central 18019
Get_Azure_us-south-central 15669
Get_Thrift_Server_Storage_us-south-central 15688
Get_Azure_us-south-central 121243
Get_Thrift_Server_Storage_us-south-central 121260
Get_Azure_us-south-central 24931
Get_Thrift_Server_Storage_us-south-central 24950
Get_Azure_us-south-central 40500
Get_Thrift_Server_Storage_us-south-central 40519
Get_Azure_us-south-central 27895
Get_Thrift_Server_Storage_us-south-central 27913
Get_Azure_us-south-central 45065
Get_Thrift_Server_Storage_us-south-central 45082
Get_Azure_us-south-central 20549
Get_Thrift_Server_Storage_us-south-central 20566
