Get_Highest_Version_Number_AzureTable_us-west1 71874
Get_Highest_Version_Number_AzureTable_us-west1 67489
Get_Highest_Version_Number_AzureTable_us-west1 73326
Get_Highest_Version_Number_AzureTable_us-west1 67775
Get_Highest_Version_Number_AzureTable_us-west1 22192
Get_Highest_Version_Number_AzureTable_us-west1 77761
Get_Highest_Version_Number_AzureTable_us-west1 68195
Get_Highest_Version_Number_AzureTable_us-west1 67316
Get_Highest_Version_Number_AzureTable_us-west1 16601
Get_Highest_Version_Number_AzureTable_us-west1 82761
Get_Highest_Version_Number_AzureTable_us-west1 15855
Get_Highest_Version_Number_AzureTable_us-west1 39159
Get_Highest_Version_Number_AzureTable_us-west1 38935
Get_Highest_Version_Number_AzureTable_us-west1 37274
Get_Highest_Version_Number_AzureTable_us-west1 12063
Get_Highest_Version_Number_AzureTable_us-west1 36031
Get_Highest_Version_Number_AzureTable_us-west1 14164
Get_Highest_Version_Number_AzureTable_us-west1 10785
Get_Highest_Version_Number_AzureTable_us-west1 14569
Get_Highest_Version_Number_AzureTable_us-west1 15584
Get_Highest_Version_Number_AzureTable_us-west1 36306
Get_Highest_Version_Number_AzureTable_us-west1 56223
Get_Highest_Version_Number_AzureTable_us-west1 67665
Get_Highest_Version_Number_AzureTable_us-west1 14682
Get_Highest_Version_Number_AzureTable_us-west1 13071
Get_Highest_Version_Number_AzureTable_us-west1 15586
Get_Highest_Version_Number_AzureTable_us-west1 13219
Get_Highest_Version_Number_AzureTable_us-west1 11775
Get_Highest_Version_Number_AzureTable_us-west1 65427
Get_Highest_Version_Number_AzureTable_us-west1 16119
Get_Highest_Version_Number_AzureTable_us-west1 14742
Get_Highest_Version_Number_AzureTable_us-west1 22548
Get_Highest_Version_Number_AzureTable_us-west1 18476
Get_Highest_Version_Number_AzureTable_us-west1 17681
Get_Highest_Version_Number_AzureTable_us-west1 14720
Get_Highest_Version_Number_AzureTable_us-west1 19134
Get_Highest_Version_Number_AzureTable_us-west1 25791
Get_Highest_Version_Number_AzureTable_us-west1 14248
Get_Highest_Version_Number_AzureTable_us-west1 15599
Get_Highest_Version_Number_AzureTable_us-west1 29483
Get_Highest_Version_Number_AzureTable_us-west1 14326
Get_Highest_Version_Number_AzureTable_us-west1 13633
Get_Highest_Version_Number_AzureTable_us-west1 13941
Get_Highest_Version_Number_AzureTable_us-west1 18227
Get_Highest_Version_Number_AzureTable_us-west1 57254
Get_Highest_Version_Number_AzureTable_us-west1 13794
Get_Highest_Version_Number_AzureTable_us-west1 14142
Get_Highest_Version_Number_AzureTable_us-west1 14317
Get_Highest_Version_Number_AzureTable_us-west1 13260
Get_Highest_Version_Number_AzureTable_us-west1 144535
Get_Highest_Version_Number_AzureTable_us-west1 13611
Get_Highest_Version_Number_AzureTable_us-west1 16214
Get_Highest_Version_Number_AzureTable_us-west1 15084
Get_Highest_Version_Number_AzureTable_us-west1 16674
Get_Highest_Version_Number_AzureTable_us-west1 19752
Get_Highest_Version_Number_AzureTable_us-west1 165895
Get_Highest_Version_Number_AzureTable_us-west1 13227
Get_Highest_Version_Number_AzureTable_us-west1 12602
Get_Highest_Version_Number_AzureTable_us-west1 16722
Get_Highest_Version_Number_AzureTable_us-west1 14624
Get_Highest_Version_Number_AzureTable_us-west1 16205
Get_Highest_Version_Number_AzureTable_us-west1 100429
Get_Highest_Version_Number_AzureTable_us-west1 17476
Get_Highest_Version_Number_AzureTable_us-west1 15007
Get_Highest_Version_Number_AzureTable_us-west1 21839
Get_Highest_Version_Number_AzureTable_us-west1 14978
Get_Highest_Version_Number_AzureTable_us-west1 17345
Get_Highest_Version_Number_AzureTable_us-west1 18988
Get_Highest_Version_Number_AzureTable_us-west1 13960
Get_Highest_Version_Number_AzureTable_us-west1 16767
Get_Highest_Version_Number_AzureTable_us-west1 22692
Get_Highest_Version_Number_AzureTable_us-west1 49543
Get_Highest_Version_Number_AzureTable_us-west1 19865
Get_Highest_Version_Number_AzureTable_us-west1 17411
Get_Highest_Version_Number_AzureTable_us-west1 14893
Get_Highest_Version_Number_AzureTable_us-west1 15544
Get_Highest_Version_Number_AzureTable_us-west1 15588
Get_Highest_Version_Number_AzureTable_us-west1 14448
Get_Highest_Version_Number_AzureTable_us-west1 13035
Get_Highest_Version_Number_AzureTable_us-west1 15643
Get_Highest_Version_Number_AzureTable_us-west1 15270
Get_Highest_Version_Number_AzureTable_us-west1 16974
Get_Highest_Version_Number_AzureTable_us-west1 15323
Get_Highest_Version_Number_AzureTable_us-west1 13259
Get_Highest_Version_Number_AzureTable_us-west1 84603
Get_Highest_Version_Number_AzureTable_us-west1 13334
Get_Highest_Version_Number_AzureTable_us-west1 17134
Get_Highest_Version_Number_AzureTable_us-west1 75654
Get_Highest_Version_Number_AzureTable_us-west1 15208
Get_Highest_Version_Number_AzureTable_us-west1 17628
Get_Highest_Version_Number_AzureTable_us-west1 21702
Get_Highest_Version_Number_AzureTable_us-west1 13237
Get_Highest_Version_Number_AzureTable_us-west1 13869
Get_Highest_Version_Number_AzureTable_us-west1 15775
Get_Highest_Version_Number_AzureTable_us-west1 14181
Get_Highest_Version_Number_AzureTable_us-west1 30994
Get_Highest_Version_Number_AzureTable_us-west1 14131
Get_Highest_Version_Number_AzureTable_us-west1 48250
Get_Highest_Version_Number_AzureTable_us-west1 28845
Get_Highest_Version_Number_AzureTable_us-west1 15358
Get_Highest_Version_Number_AzureTable_us-west1 11203
Get_Highest_Version_Number_AzureTable_us-west1 18114
Get_Highest_Version_Number_AzureTable_us-west1 15048
Get_Highest_Version_Number_AzureTable_us-west1 13647
Get_Highest_Version_Number_AzureTable_us-west1 33277
Get_Highest_Version_Number_AzureTable_us-west1 16964
Get_Highest_Version_Number_AzureTable_us-west1 13168
Get_Highest_Version_Number_AzureTable_us-west1 9181
Get_Highest_Version_Number_AzureTable_us-west1 13085
Get_Highest_Version_Number_AzureTable_us-west1 13501
Get_Highest_Version_Number_AzureTable_us-west1 13235
Get_Highest_Version_Number_AzureTable_us-west1 29893
Get_Highest_Version_Number_AzureTable_us-west1 15957
Get_Highest_Version_Number_AzureTable_us-west1 23266
Get_Highest_Version_Number_AzureTable_us-west1 16183
Get_Highest_Version_Number_AzureTable_us-west1 92499
Get_Highest_Version_Number_AzureTable_us-west1 17598
Get_Highest_Version_Number_AzureTable_us-west1 12422
Get_Highest_Version_Number_AzureTable_us-west1 16838
Get_Highest_Version_Number_AzureTable_us-west1 18756
Get_Highest_Version_Number_AzureTable_us-west1 15686
Get_Highest_Version_Number_AzureTable_us-west1 15814
Get_Highest_Version_Number_AzureTable_us-west1 16993
Get_Highest_Version_Number_AzureTable_us-west1 13675
Get_Highest_Version_Number_AzureTable_us-west1 15805
Get_Highest_Version_Number_AzureTable_us-west1 18042
Get_Highest_Version_Number_AzureTable_us-west1 12620
Get_Highest_Version_Number_AzureTable_us-west1 10151
Get_Highest_Version_Number_AzureTable_us-west1 8473
Get_Highest_Version_Number_AzureTable_us-west1 42875
Get_Highest_Version_Number_AzureTable_us-west1 8897
Get_Highest_Version_Number_AzureTable_us-west1 9540
Get_Highest_Version_Number_AzureTable_us-west1 25140
Get_Highest_Version_Number_AzureTable_us-west1 13885
Get_Highest_Version_Number_AzureTable_us-west1 9053
Get_Highest_Version_Number_AzureTable_us-west1 13163
Get_Highest_Version_Number_AzureTable_us-west1 10264
Get_Highest_Version_Number_AzureTable_us-west1 9174
Get_Highest_Version_Number_AzureTable_us-west1 18283
Get_Highest_Version_Number_AzureTable_us-west1 9810
Get_Highest_Version_Number_AzureTable_us-west1 14106
Get_Highest_Version_Number_AzureTable_us-west1 10939
Get_Highest_Version_Number_AzureTable_us-west1 9498
Get_Highest_Version_Number_AzureTable_us-west1 20972
Get_Highest_Version_Number_AzureTable_us-west1 8887
Get_Highest_Version_Number_AzureTable_us-west1 16056
Get_Highest_Version_Number_AzureTable_us-west1 12586
Get_Highest_Version_Number_AzureTable_us-west1 7881
Get_Highest_Version_Number_AzureTable_us-west1 8550
Get_Highest_Version_Number_AzureTable_us-west1 9693
Get_Highest_Version_Number_AzureTable_us-west1 7986
Get_Highest_Version_Number_AzureTable_us-west1 14093
Get_Highest_Version_Number_AzureTable_us-west1 15068
Get_Highest_Version_Number_AzureTable_us-west1 13551
Get_Highest_Version_Number_AzureTable_us-west1 9055
Get_Highest_Version_Number_AzureTable_us-west1 16933
Get_Highest_Version_Number_AzureTable_us-west1 17562
Get_Highest_Version_Number_AzureTable_us-west1 9158
Get_Highest_Version_Number_AzureTable_us-west1 14063
Get_Highest_Version_Number_AzureTable_us-west1 9141
Get_Highest_Version_Number_AzureTable_us-west1 16466
Get_Highest_Version_Number_AzureTable_us-west1 111549
Get_Highest_Version_Number_AzureTable_us-west1 8215
Get_Highest_Version_Number_AzureTable_us-west1 14976
Get_Highest_Version_Number_AzureTable_us-west1 9960
Get_Highest_Version_Number_AzureTable_us-west1 19341
Get_Highest_Version_Number_AzureTable_us-west1 9284
Get_Highest_Version_Number_AzureTable_us-west1 9140
Get_Highest_Version_Number_AzureTable_us-west1 72444
Get_Highest_Version_Number_AzureTable_us-west1 35132
Get_Highest_Version_Number_AzureTable_us-west1 11033
Get_Highest_Version_Number_AzureTable_us-west1 14874
Get_Highest_Version_Number_AzureTable_us-west1 14101
Get_Highest_Version_Number_AzureTable_us-west1 16205
Get_Highest_Version_Number_AzureTable_us-west1 18714
Get_Highest_Version_Number_AzureTable_us-west1 20329
Get_Highest_Version_Number_AzureTable_us-west1 13995
Get_Highest_Version_Number_AzureTable_us-west1 14584
Get_Highest_Version_Number_AzureTable_us-west1 12364
Get_Highest_Version_Number_AzureTable_us-west1 12763
Get_Highest_Version_Number_AzureTable_us-west1 15169
Get_Highest_Version_Number_AzureTable_us-west1 13604
Get_Highest_Version_Number_AzureTable_us-west1 15221
Get_Highest_Version_Number_AzureTable_us-west1 15796
Get_Highest_Version_Number_AzureTable_us-west1 21867
Get_Highest_Version_Number_AzureTable_us-west1 14023
Get_Highest_Version_Number_AzureTable_us-west1 14593
Get_Highest_Version_Number_AzureTable_us-west1 15468
Get_Highest_Version_Number_AzureTable_us-west1 14498
Get_Highest_Version_Number_AzureTable_us-west1 15870
Get_Highest_Version_Number_AzureTable_us-west1 15356
Get_Highest_Version_Number_AzureTable_us-west1 15731
Get_Highest_Version_Number_AzureTable_us-west1 9286
Get_Highest_Version_Number_AzureTable_us-west1 15628
Get_Highest_Version_Number_AzureTable_us-west1 62421
Get_Highest_Version_Number_AzureTable_us-west1 15845
Get_Highest_Version_Number_AzureTable_us-west1 13946
Get_Highest_Version_Number_AzureTable_us-west1 14231
Get_Highest_Version_Number_AzureTable_us-west1 18110
Get_Highest_Version_Number_AzureTable_us-west1 10200
Get_Highest_Version_Number_AzureTable_us-west1 18650
Get_Highest_Version_Number_AzureTable_us-west1 14457
Get_Highest_Version_Number_AzureTable_us-west1 31066
Get_Highest_Version_Number_AzureTable_us-west1 14636
Get_Highest_Version_Number_AzureTable_us-west1 8618
Get_Highest_Version_Number_AzureTable_us-west1 27468
Get_Highest_Version_Number_AzureTable_us-west1 15169
Get_Highest_Version_Number_AzureTable_us-west1 15567
Get_Highest_Version_Number_AzureTable_us-west1 8249
Get_Highest_Version_Number_AzureTable_us-west1 31427
Get_Highest_Version_Number_AzureTable_us-west1 25690
Get_Highest_Version_Number_AzureTable_us-west1 8760
Get_Highest_Version_Number_AzureTable_us-west1 26138
Get_Highest_Version_Number_AzureTable_us-west1 13786
Get_Highest_Version_Number_AzureTable_us-west1 12726
Get_Highest_Version_Number_AzureTable_us-west1 15263
Get_Highest_Version_Number_AzureTable_us-west1 8529
Get_Highest_Version_Number_AzureTable_us-west1 14698
Get_Highest_Version_Number_AzureTable_us-west1 18243
Get_Highest_Version_Number_AzureTable_us-west1 13544
Get_Highest_Version_Number_AzureTable_us-west1 14094
Get_Highest_Version_Number_AzureTable_us-west1 13110
Get_Highest_Version_Number_AzureTable_us-west1 13612
Get_Highest_Version_Number_AzureTable_us-west1 13920
Get_Highest_Version_Number_AzureTable_us-west1 14644
Get_Highest_Version_Number_AzureTable_us-west1 12142
Get_Highest_Version_Number_AzureTable_us-west1 12890
Get_Highest_Version_Number_AzureTable_us-west1 29062
Get_Highest_Version_Number_AzureTable_us-west1 9274
Get_Highest_Version_Number_AzureTable_us-west1 15554
Get_Highest_Version_Number_AzureTable_us-west1 14597
Get_Highest_Version_Number_AzureTable_us-west1 14065
Get_Highest_Version_Number_AzureTable_us-west1 16110
Get_Highest_Version_Number_AzureTable_us-west1 8949
Get_Highest_Version_Number_AzureTable_us-west1 14943
Get_Highest_Version_Number_AzureTable_us-west1 19869
Get_Highest_Version_Number_AzureTable_us-west1 14019
Get_Highest_Version_Number_AzureTable_us-west1 20980
Get_Highest_Version_Number_AzureTable_us-west1 13228
Get_Highest_Version_Number_AzureTable_us-west1 9082
Get_Highest_Version_Number_AzureTable_us-west1 9380
Get_Highest_Version_Number_AzureTable_us-west1 9941
Get_Highest_Version_Number_AzureTable_us-west1 9291
Get_Highest_Version_Number_AzureTable_us-west1 12733
Get_Highest_Version_Number_AzureTable_us-west1 11108
Get_Highest_Version_Number_AzureTable_us-west1 19958
Get_Highest_Version_Number_AzureTable_us-west1 16487
Get_Highest_Version_Number_AzureTable_us-west1 16449
Get_Highest_Version_Number_AzureTable_us-west1 12339
Get_Highest_Version_Number_AzureTable_us-west1 17286
Get_Highest_Version_Number_AzureTable_us-west1 14235
Get_Highest_Version_Number_AzureTable_us-west1 9865
Get_Highest_Version_Number_AzureTable_us-west1 8931
Get_Highest_Version_Number_AzureTable_us-west1 8811
Get_Highest_Version_Number_AzureTable_us-west1 11103
Get_Highest_Version_Number_AzureTable_us-west1 13890
Get_Highest_Version_Number_AzureTable_us-west1 16249
Get_Highest_Version_Number_AzureTable_us-west1 9593
Get_Highest_Version_Number_AzureTable_us-west1 9052
Get_Highest_Version_Number_AzureTable_us-west1 8495
Get_Highest_Version_Number_AzureTable_us-west1 11206
Get_Highest_Version_Number_AzureTable_us-west1 11170
Get_Highest_Version_Number_AzureTable_us-west1 10009
Get_Highest_Version_Number_AzureTable_us-west1 9466
Get_Highest_Version_Number_AzureTable_us-west1 9110
Get_Highest_Version_Number_AzureTable_us-west1 9896
Get_Highest_Version_Number_AzureTable_us-west1 15086
Get_Highest_Version_Number_AzureTable_us-west1 9720
Get_Highest_Version_Number_AzureTable_us-west1 7724
Get_Highest_Version_Number_AzureTable_us-west1 17225
Get_Highest_Version_Number_AzureTable_us-west1 9557
Get_Highest_Version_Number_AzureTable_us-west1 8714
Get_Highest_Version_Number_AzureTable_us-west1 12978
Get_Highest_Version_Number_AzureTable_us-west1 10855
Get_Highest_Version_Number_AzureTable_us-west1 20356
Get_Highest_Version_Number_AzureTable_us-west1 8348
Get_Highest_Version_Number_AzureTable_us-west1 13822
Get_Highest_Version_Number_AzureTable_us-west1 43459
Get_Highest_Version_Number_AzureTable_us-west1 39516
Get_Highest_Version_Number_AzureTable_us-west1 9787
Get_Highest_Version_Number_AzureTable_us-west1 7578
Get_Highest_Version_Number_AzureTable_us-west1 14190
Get_Highest_Version_Number_AzureTable_us-west1 8599
Get_Highest_Version_Number_AzureTable_us-west1 8216
Get_Highest_Version_Number_AzureTable_us-west1 16999
Get_Highest_Version_Number_AzureTable_us-west1 9945
Get_Highest_Version_Number_AzureTable_us-west1 13609
Get_Highest_Version_Number_AzureTable_us-west1 14233
Get_Highest_Version_Number_AzureTable_us-west1 7903
Get_Highest_Version_Number_AzureTable_us-west1 35804
Get_Highest_Version_Number_AzureTable_us-west1 28206
Get_Highest_Version_Number_AzureTable_us-west1 9078
Get_Highest_Version_Number_AzureTable_us-west1 11082
Get_Highest_Version_Number_AzureTable_us-west1 15938
Get_Highest_Version_Number_AzureTable_us-west1 10800
Get_Highest_Version_Number_AzureTable_us-west1 17782
Get_Highest_Version_Number_AzureTable_us-west1 14224
Get_Highest_Version_Number_AzureTable_us-west1 10853
Get_Highest_Version_Number_AzureTable_us-west1 17355
Get_Highest_Version_Number_AzureTable_us-west1 15321
Get_Highest_Version_Number_AzureTable_us-west1 14082
Get_Highest_Version_Number_AzureTable_us-west1 108361
Get_Highest_Version_Number_AzureTable_us-west1 41982
Get_Highest_Version_Number_AzureTable_us-west1 14749
Get_Highest_Version_Number_AzureTable_us-west1 11715
Get_Highest_Version_Number_AzureTable_us-west1 9184
Get_Highest_Version_Number_AzureTable_us-west1 14564
Get_Highest_Version_Number_AzureTable_us-west1 10235
Get_Highest_Version_Number_AzureTable_us-west1 13073
Get_Highest_Version_Number_AzureTable_us-west1 14569
Get_Highest_Version_Number_AzureTable_us-west1 9958
Get_Highest_Version_Number_AzureTable_us-west1 15748
Get_Highest_Version_Number_AzureTable_us-west1 8917
Get_Highest_Version_Number_AzureTable_us-west1 13628
Get_Highest_Version_Number_AzureTable_us-west1 10303
Get_Highest_Version_Number_AzureTable_us-west1 10588
Get_Highest_Version_Number_AzureTable_us-west1 14222
Get_Highest_Version_Number_AzureTable_us-west1 13250
Get_Highest_Version_Number_AzureTable_us-west1 10173
Get_Highest_Version_Number_AzureTable_us-west1 15483
Get_Highest_Version_Number_AzureTable_us-west1 10276
Get_Highest_Version_Number_AzureTable_us-west1 11131
Get_Highest_Version_Number_AzureTable_us-west1 52432
Get_Highest_Version_Number_AzureTable_us-west1 9097
Get_Highest_Version_Number_AzureTable_us-west1 10031
Get_Highest_Version_Number_AzureTable_us-west1 9180
Get_Highest_Version_Number_AzureTable_us-west1 11054
Get_Highest_Version_Number_AzureTable_us-west1 7674
Get_Highest_Version_Number_AzureTable_us-west1 10084
Get_Highest_Version_Number_AzureTable_us-west1 10326
Get_Highest_Version_Number_AzureTable_us-west1 8997
Get_Highest_Version_Number_AzureTable_us-west1 9825
Get_Highest_Version_Number_AzureTable_us-west1 11167
Get_Highest_Version_Number_AzureTable_us-west1 7781
Get_Highest_Version_Number_AzureTable_us-west1 7227
Get_Highest_Version_Number_AzureTable_us-west1 7964
Get_Highest_Version_Number_AzureTable_us-west1 8791
Get_Highest_Version_Number_AzureTable_us-west1 9938
Get_Highest_Version_Number_AzureTable_us-west1 8906
Get_Highest_Version_Number_AzureTable_us-west1 16815
Get_Highest_Version_Number_AzureTable_us-west1 8810
Get_Highest_Version_Number_AzureTable_us-west1 11014
Get_Highest_Version_Number_AzureTable_us-west1 9636
Get_Highest_Version_Number_AzureTable_us-west1 37023
Get_Highest_Version_Number_AzureTable_us-west1 10660
Get_Highest_Version_Number_AzureTable_us-west1 8590
Get_Highest_Version_Number_AzureTable_us-west1 23423
Get_Highest_Version_Number_AzureTable_us-west1 8521
Get_Highest_Version_Number_AzureTable_us-west1 7591
Get_Highest_Version_Number_AzureTable_us-west1 7775
Get_Highest_Version_Number_AzureTable_us-west1 13320
Get_Highest_Version_Number_AzureTable_us-west1 11160
Get_Highest_Version_Number_AzureTable_us-west1 13508
Get_Highest_Version_Number_AzureTable_us-west1 9983
Get_Highest_Version_Number_AzureTable_us-west1 13930
Get_Highest_Version_Number_AzureTable_us-west1 27122
Get_Highest_Version_Number_AzureTable_us-west1 7747
Get_Highest_Version_Number_AzureTable_us-west1 16996
Get_Highest_Version_Number_AzureTable_us-west1 10127
Get_Highest_Version_Number_AzureTable_us-west1 14498
Get_Highest_Version_Number_AzureTable_us-west1 8174
Get_Highest_Version_Number_AzureTable_us-west1 14162
Get_Highest_Version_Number_AzureTable_us-west1 13845
Get_Highest_Version_Number_AzureTable_us-west1 18640
Get_Highest_Version_Number_AzureTable_us-west1 24063
Get_Highest_Version_Number_AzureTable_us-west1 11755
Get_Highest_Version_Number_AzureTable_us-west1 13722
Get_Highest_Version_Number_AzureTable_us-west1 14720
Get_Highest_Version_Number_AzureTable_us-west1 16427
Get_Highest_Version_Number_AzureTable_us-west1 10643
Get_Highest_Version_Number_AzureTable_us-west1 18023
Get_Highest_Version_Number_AzureTable_us-west1 21245
Get_Highest_Version_Number_AzureTable_us-west1 17390
Get_Highest_Version_Number_AzureTable_us-west1 9192
Get_Highest_Version_Number_AzureTable_us-west1 17340
Get_Highest_Version_Number_AzureTable_us-west1 15422
Get_Highest_Version_Number_AzureTable_us-west1 38165
Get_Highest_Version_Number_AzureTable_us-west1 16467
Get_Highest_Version_Number_AzureTable_us-west1 13581
Get_Highest_Version_Number_AzureTable_us-west1 13835
Get_Highest_Version_Number_AzureTable_us-west1 14768
Get_Highest_Version_Number_AzureTable_us-west1 16016
Get_Highest_Version_Number_AzureTable_us-west1 14500
Get_Highest_Version_Number_AzureTable_us-west1 14682
Get_Highest_Version_Number_AzureTable_us-west1 41577
Get_Highest_Version_Number_AzureTable_us-west1 55791
Get_Highest_Version_Number_AzureTable_us-west1 9496
Get_Highest_Version_Number_AzureTable_us-west1 16663
Get_Highest_Version_Number_AzureTable_us-west1 9589
Get_Highest_Version_Number_AzureTable_us-west1 11563
Get_Highest_Version_Number_AzureTable_us-west1 8462
Get_Highest_Version_Number_AzureTable_us-west1 11241
Get_Highest_Version_Number_AzureTable_us-west1 14163
Get_Highest_Version_Number_AzureTable_us-west1 14380
Get_Highest_Version_Number_AzureTable_us-west1 14574
Get_Highest_Version_Number_AzureTable_us-west1 16875
Get_Highest_Version_Number_AzureTable_us-west1 21992
Get_Highest_Version_Number_AzureTable_us-west1 8810
Get_Highest_Version_Number_AzureTable_us-west1 15329
Get_Highest_Version_Number_AzureTable_us-west1 10627
Get_Highest_Version_Number_AzureTable_us-west1 9004
Get_Highest_Version_Number_AzureTable_us-west1 12229
Get_Highest_Version_Number_AzureTable_us-west1 41604
Get_Highest_Version_Number_AzureTable_us-west1 9637
Get_Highest_Version_Number_AzureTable_us-west1 26243
Get_Highest_Version_Number_AzureTable_us-west1 8456
Get_Highest_Version_Number_AzureTable_us-west1 11056
Get_Highest_Version_Number_AzureTable_us-west1 14909
Get_Highest_Version_Number_AzureTable_us-west1 9071
Get_Highest_Version_Number_AzureTable_us-west1 16711
Get_Highest_Version_Number_AzureTable_us-west1 10823
Get_Highest_Version_Number_AzureTable_us-west1 13958
Get_Highest_Version_Number_AzureTable_us-west1 17306
Get_Highest_Version_Number_AzureTable_us-west1 16707
Get_Highest_Version_Number_AzureTable_us-west1 25000
Get_Highest_Version_Number_AzureTable_us-west1 15485
Get_Highest_Version_Number_AzureTable_us-west1 12707
Get_Highest_Version_Number_AzureTable_us-west1 50833
Get_Highest_Version_Number_AzureTable_us-west1 7935
Get_Highest_Version_Number_AzureTable_us-west1 8941
Get_Highest_Version_Number_AzureTable_us-west1 14062
Get_Highest_Version_Number_AzureTable_us-west1 7957
Get_Highest_Version_Number_AzureTable_us-west1 8738
Get_Highest_Version_Number_AzureTable_us-west1 15939
Get_Highest_Version_Number_AzureTable_us-west1 13684
Get_Highest_Version_Number_AzureTable_us-west1 12621
Get_Highest_Version_Number_AzureTable_us-west1 15876
Get_Highest_Version_Number_AzureTable_us-west1 14569
Get_Highest_Version_Number_AzureTable_us-west1 14662
Get_Highest_Version_Number_AzureTable_us-west1 14618
Get_Highest_Version_Number_AzureTable_us-west1 20746
Get_Highest_Version_Number_AzureTable_us-west1 14723
Get_Highest_Version_Number_AzureTable_us-west1 10008
Get_Highest_Version_Number_AzureTable_us-west1 14758
Get_Highest_Version_Number_AzureTable_us-west1 9956
Get_Highest_Version_Number_AzureTable_us-west1 49909
Get_Highest_Version_Number_AzureTable_us-west1 48088
Get_Highest_Version_Number_AzureTable_us-west1 8648
Get_Highest_Version_Number_AzureTable_us-west1 12094
Get_Highest_Version_Number_AzureTable_us-west1 17427
Get_Highest_Version_Number_AzureTable_us-west1 13683
Get_Highest_Version_Number_AzureTable_us-west1 14686
Get_Highest_Version_Number_AzureTable_us-west1 12110
Get_Highest_Version_Number_AzureTable_us-west1 30595
Get_Highest_Version_Number_AzureTable_us-west1 11906
Get_Highest_Version_Number_AzureTable_us-west1 9982
Get_Highest_Version_Number_AzureTable_us-west1 12249
Get_Highest_Version_Number_AzureTable_us-west1 20677
Get_Highest_Version_Number_AzureTable_us-west1 9393
Get_Highest_Version_Number_AzureTable_us-west1 9722
Get_Highest_Version_Number_AzureTable_us-west1 9169
Get_Highest_Version_Number_AzureTable_us-west1 9773
Get_Highest_Version_Number_AzureTable_us-west1 10520
Get_Highest_Version_Number_AzureTable_us-west1 15215
Get_Highest_Version_Number_AzureTable_us-west1 9518
Get_Highest_Version_Number_AzureTable_us-west1 16658
Get_Highest_Version_Number_AzureTable_us-west1 10374
Get_Highest_Version_Number_AzureTable_us-west1 17050
Get_Highest_Version_Number_AzureTable_us-west1 10327
Get_Highest_Version_Number_AzureTable_us-west1 10250
Get_Highest_Version_Number_AzureTable_us-west1 19545
Get_Highest_Version_Number_AzureTable_us-west1 9299
Get_Highest_Version_Number_AzureTable_us-west1 13169
Get_Highest_Version_Number_AzureTable_us-west1 9110
Get_Highest_Version_Number_AzureTable_us-west1 9521
Get_Highest_Version_Number_AzureTable_us-west1 34570
Get_Highest_Version_Number_AzureTable_us-west1 15888
Get_Highest_Version_Number_AzureTable_us-west1 8457
Get_Highest_Version_Number_AzureTable_us-west1 15493
Get_Highest_Version_Number_AzureTable_us-west1 8812
Get_Highest_Version_Number_AzureTable_us-west1 9526
Get_Highest_Version_Number_AzureTable_us-west1 15570
Get_Highest_Version_Number_AzureTable_us-west1 15617
Get_Highest_Version_Number_AzureTable_us-west1 9221
Get_Highest_Version_Number_AzureTable_us-west1 7065
Get_Highest_Version_Number_AzureTable_us-west1 15847
Get_Highest_Version_Number_AzureTable_us-west1 14525
Get_Highest_Version_Number_AzureTable_us-west1 10545
Get_Highest_Version_Number_AzureTable_us-west1 523796
Get_Highest_Version_Number_AzureTable_us-west1 10221
Get_Highest_Version_Number_AzureTable_us-west1 23221
Get_Highest_Version_Number_AzureTable_us-west1 9569
Get_Highest_Version_Number_AzureTable_us-west1 11546
Get_Highest_Version_Number_AzureTable_us-west1 8617
Get_Highest_Version_Number_AzureTable_us-west1 15200
Get_Highest_Version_Number_AzureTable_us-west1 9390
Get_Highest_Version_Number_AzureTable_us-west1 12897
Get_Highest_Version_Number_AzureTable_us-west1 14203
Get_Highest_Version_Number_AzureTable_us-west1 28821
Get_Highest_Version_Number_AzureTable_us-west1 13636
Get_Highest_Version_Number_AzureTable_us-west1 14957
Get_Highest_Version_Number_AzureTable_us-west1 25520
Get_Highest_Version_Number_AzureTable_us-west1 15075
Get_Highest_Version_Number_AzureTable_us-west1 15333
Get_Highest_Version_Number_AzureTable_us-west1 9204
Get_Highest_Version_Number_AzureTable_us-west1 13316
Get_Highest_Version_Number_AzureTable_us-west1 8573
Get_Highest_Version_Number_AzureTable_us-west1 71694
Get_Highest_Version_Number_AzureTable_us-west1 14301
Get_Highest_Version_Number_AzureTable_us-west1 15334
Get_Highest_Version_Number_AzureTable_us-west1 15424
Get_Highest_Version_Number_AzureTable_us-west1 34828
Get_Highest_Version_Number_AzureTable_us-west1 28189
Get_Highest_Version_Number_AzureTable_us-west1 15107
Get_Highest_Version_Number_AzureTable_us-west1 9366
Get_Highest_Version_Number_AzureTable_us-west1 16132
Get_Highest_Version_Number_AzureTable_us-west1 11688
Get_Highest_Version_Number_AzureTable_us-west1 43514
Get_Highest_Version_Number_AzureTable_us-west1 10804
Get_Highest_Version_Number_AzureTable_us-west1 10407
Get_Highest_Version_Number_AzureTable_us-west1 10703
Get_Highest_Version_Number_AzureTable_us-west1 12132
Get_Highest_Version_Number_AzureTable_us-west1 9659
Get_Highest_Version_Number_AzureTable_us-west1 544042
Get_Highest_Version_Number_AzureTable_us-west1 9737
Get_Highest_Version_Number_AzureTable_us-west1 10086
Get_Highest_Version_Number_AzureTable_us-west1 9329
Get_Highest_Version_Number_AzureTable_us-west1 13740
Get_Highest_Version_Number_AzureTable_us-west1 10645
Get_Highest_Version_Number_AzureTable_us-west1 14512
Get_Highest_Version_Number_AzureTable_us-west1 10009
Get_Highest_Version_Number_AzureTable_us-west1 9142
Get_Highest_Version_Number_AzureTable_us-west1 12771
Get_Highest_Version_Number_AzureTable_us-west1 9465
Get_Highest_Version_Number_AzureTable_us-west1 10048
Get_Highest_Version_Number_AzureTable_us-west1 9155
Get_Highest_Version_Number_AzureTable_us-west1 13943
Get_Highest_Version_Number_AzureTable_us-west1 9413
Get_Highest_Version_Number_AzureTable_us-west1 9089
Get_Highest_Version_Number_AzureTable_us-west1 8830
Get_Highest_Version_Number_AzureTable_us-west1 8581
Get_Highest_Version_Number_AzureTable_us-west1 8442
Get_Highest_Version_Number_AzureTable_us-west1 11413
Get_Highest_Version_Number_AzureTable_us-west1 16358
Get_Highest_Version_Number_AzureTable_us-west1 13057
Get_Highest_Version_Number_AzureTable_us-west1 8492
Get_Highest_Version_Number_AzureTable_us-west1 19352
Get_Highest_Version_Number_AzureTable_us-west1 16181
Get_Highest_Version_Number_AzureTable_us-west1 10825
Get_Highest_Version_Number_AzureTable_us-west1 16210
Get_Highest_Version_Number_AzureTable_us-west1 14600
Get_Highest_Version_Number_AzureTable_us-west1 8604
Get_Highest_Version_Number_AzureTable_us-west1 14433
Get_Highest_Version_Number_AzureTable_us-west1 9185
Get_Highest_Version_Number_AzureTable_us-west1 9856
Get_Highest_Version_Number_AzureTable_us-west1 9087
Get_Highest_Version_Number_AzureTable_us-west1 10539
Get_Highest_Version_Number_AzureTable_us-west1 26229
Get_Highest_Version_Number_AzureTable_us-west1 8645
Get_Highest_Version_Number_AzureTable_us-west1 17621
Get_Highest_Version_Number_AzureTable_us-west1 14677
Get_Highest_Version_Number_AzureTable_us-west1 15352
Get_Highest_Version_Number_AzureTable_us-west1 14140
Get_Highest_Version_Number_AzureTable_us-west1 14689
Get_Highest_Version_Number_AzureTable_us-west1 14300
Get_Highest_Version_Number_AzureTable_us-west1 198779
Get_Highest_Version_Number_AzureTable_us-west1 10646
Get_Highest_Version_Number_AzureTable_us-west1 13985
Get_Highest_Version_Number_AzureTable_us-west1 13424
Get_Highest_Version_Number_AzureTable_us-west1 12949
Get_Highest_Version_Number_AzureTable_us-west1 15781
Get_Highest_Version_Number_AzureTable_us-west1 14717
Get_Highest_Version_Number_AzureTable_us-west1 16716
Get_Highest_Version_Number_AzureTable_us-west1 20830
Get_Highest_Version_Number_AzureTable_us-west1 12582
Get_Highest_Version_Number_AzureTable_us-west1 13443
Get_Highest_Version_Number_AzureTable_us-west1 14560
Get_Highest_Version_Number_AzureTable_us-west1 13967
Get_Highest_Version_Number_AzureTable_us-west1 10427
Get_Highest_Version_Number_AzureTable_us-west1 8848
Get_Highest_Version_Number_AzureTable_us-west1 8773
Get_Highest_Version_Number_AzureTable_us-west1 8421
Get_Highest_Version_Number_AzureTable_us-west1 13479
Get_Highest_Version_Number_AzureTable_us-west1 18517
Get_Highest_Version_Number_AzureTable_us-west1 10576
Get_Highest_Version_Number_AzureTable_us-west1 8676
Get_Highest_Version_Number_AzureTable_us-west1 10235
Get_Highest_Version_Number_AzureTable_us-west1 10926
Get_Highest_Version_Number_AzureTable_us-west1 15228
Get_Highest_Version_Number_AzureTable_us-west1 7276
Get_Highest_Version_Number_AzureTable_us-west1 11143
Get_Highest_Version_Number_AzureTable_us-west1 9630
Get_Highest_Version_Number_AzureTable_us-west1 14462
Get_Highest_Version_Number_AzureTable_us-west1 10331
Get_Highest_Version_Number_AzureTable_us-west1 19510
Get_Highest_Version_Number_AzureTable_us-west1 9491
Get_Highest_Version_Number_AzureTable_us-west1 8122
Get_Highest_Version_Number_AzureTable_us-west1 11331
Get_Highest_Version_Number_AzureTable_us-west1 14857
Get_Highest_Version_Number_AzureTable_us-west1 14078
Get_Highest_Version_Number_AzureTable_us-west1 8777
Get_Highest_Version_Number_AzureTable_us-west1 9861
Get_Highest_Version_Number_AzureTable_us-west1 13854
Get_Highest_Version_Number_AzureTable_us-west1 8923
Get_Highest_Version_Number_AzureTable_us-west1 24125
Get_Highest_Version_Number_AzureTable_us-west1 9713
Get_Highest_Version_Number_AzureTable_us-west1 12825
Get_Highest_Version_Number_AzureTable_us-west1 12678
Get_Highest_Version_Number_AzureTable_us-west1 12518
Get_Highest_Version_Number_AzureTable_us-west1 8289
Get_Highest_Version_Number_AzureTable_us-west1 13745
Get_Highest_Version_Number_AzureTable_us-west1 9552
Get_Highest_Version_Number_AzureTable_us-west1 7541
Get_Highest_Version_Number_AzureTable_us-west1 14930
Get_Highest_Version_Number_AzureTable_us-west1 15217
Get_Highest_Version_Number_AzureTable_us-west1 25952
Get_Highest_Version_Number_AzureTable_us-west1 10690
Get_Highest_Version_Number_AzureTable_us-west1 10086
Get_Highest_Version_Number_AzureTable_us-west1 17083
Get_Highest_Version_Number_AzureTable_us-west1 7466
Get_Highest_Version_Number_AzureTable_us-west1 9871
Get_Highest_Version_Number_AzureTable_us-west1 10266
Get_Highest_Version_Number_AzureTable_us-west1 17989
Get_Highest_Version_Number_AzureTable_us-west1 12157
Get_Highest_Version_Number_AzureTable_us-west1 15072
Get_Highest_Version_Number_AzureTable_us-west1 21183
Get_Highest_Version_Number_AzureTable_us-west1 15711
Get_Highest_Version_Number_AzureTable_us-west1 16719
Get_Highest_Version_Number_AzureTable_us-west1 15178
Get_Highest_Version_Number_AzureTable_us-west1 14799
Get_Highest_Version_Number_AzureTable_us-west1 9658
Get_Highest_Version_Number_AzureTable_us-west1 9543
Get_Highest_Version_Number_AzureTable_us-west1 18090
Get_Highest_Version_Number_AzureTable_us-west1 13913
Get_Highest_Version_Number_AzureTable_us-west1 18280
Get_Highest_Version_Number_AzureTable_us-west1 11877
Get_Highest_Version_Number_AzureTable_us-west1 16004
Get_Highest_Version_Number_AzureTable_us-west1 12255
Get_Highest_Version_Number_AzureTable_us-west1 15014
Get_Highest_Version_Number_AzureTable_us-west1 12631
Get_Highest_Version_Number_AzureTable_us-west1 14429
Get_Highest_Version_Number_AzureTable_us-west1 15134
Get_Highest_Version_Number_AzureTable_us-west1 13254
Get_Highest_Version_Number_AzureTable_us-west1 9069
Get_Highest_Version_Number_AzureTable_us-west1 7865
Get_Highest_Version_Number_AzureTable_us-west1 13139
Get_Highest_Version_Number_AzureTable_us-west1 8831
Get_Highest_Version_Number_AzureTable_us-west1 15780
Get_Highest_Version_Number_AzureTable_us-west1 8261
Get_Highest_Version_Number_AzureTable_us-west1 10295
Get_Highest_Version_Number_AzureTable_us-west1 13910
Get_Highest_Version_Number_AzureTable_us-west1 10076
Get_Highest_Version_Number_AzureTable_us-west1 16058
Get_Highest_Version_Number_AzureTable_us-west1 9734
Get_Highest_Version_Number_AzureTable_us-west1 21021
Get_Highest_Version_Number_AzureTable_us-west1 9682
Get_Highest_Version_Number_AzureTable_us-west1 13520
Get_Highest_Version_Number_AzureTable_us-west1 8117
Get_Highest_Version_Number_AzureTable_us-west1 14799
Get_Highest_Version_Number_AzureTable_us-west1 9636
Get_Highest_Version_Number_AzureTable_us-west1 13795
Get_Highest_Version_Number_AzureTable_us-west1 9372
Get_Highest_Version_Number_AzureTable_us-west1 14148
Get_Highest_Version_Number_AzureTable_us-west1 13873
Get_Highest_Version_Number_AzureTable_us-west1 13927
Get_Highest_Version_Number_AzureTable_us-west1 16430
Get_Highest_Version_Number_AzureTable_us-west1 45941
Get_Highest_Version_Number_AzureTable_us-west1 8118
Get_Highest_Version_Number_AzureTable_us-west1 12153
Get_Highest_Version_Number_AzureTable_us-west1 14860
Get_Highest_Version_Number_AzureTable_us-west1 8958
Get_Highest_Version_Number_AzureTable_us-west1 23801
Get_Highest_Version_Number_AzureTable_us-west1 14284
Get_Highest_Version_Number_AzureTable_us-west1 7709
Get_Highest_Version_Number_AzureTable_us-west1 25939
Get_Highest_Version_Number_AzureTable_us-west1 10353
Get_Highest_Version_Number_AzureTable_us-west1 12159
Get_Highest_Version_Number_AzureTable_us-west1 11776
Get_Highest_Version_Number_AzureTable_us-west1 14946
Get_Highest_Version_Number_AzureTable_us-west1 23327
Get_Highest_Version_Number_AzureTable_us-west1 13099
Get_Highest_Version_Number_AzureTable_us-west1 15599
Get_Highest_Version_Number_AzureTable_us-west1 13196
Get_Highest_Version_Number_AzureTable_us-west1 8976
Get_Highest_Version_Number_AzureTable_us-west1 15189
Get_Highest_Version_Number_AzureTable_us-west1 14440
Get_Highest_Version_Number_AzureTable_us-west1 15595
Get_Highest_Version_Number_AzureTable_us-west1 15236
Get_Highest_Version_Number_AzureTable_us-west1 12569
Get_Highest_Version_Number_AzureTable_us-west1 14332
Get_Highest_Version_Number_AzureTable_us-west1 14269
Get_Highest_Version_Number_AzureTable_us-west1 9821
Get_Highest_Version_Number_AzureTable_us-west1 14482
Get_Highest_Version_Number_AzureTable_us-west1 15999
Get_Highest_Version_Number_AzureTable_us-west1 12194
Get_Highest_Version_Number_AzureTable_us-west1 13895
Get_Highest_Version_Number_AzureTable_us-west1 9299
Get_Highest_Version_Number_AzureTable_us-west1 17259
Get_Highest_Version_Number_AzureTable_us-west1 14154
Get_Highest_Version_Number_AzureTable_us-west1 20388
Get_Highest_Version_Number_AzureTable_us-west1 10149
Get_Highest_Version_Number_AzureTable_us-west1 16115
Get_Highest_Version_Number_AzureTable_us-west1 11059
Get_Highest_Version_Number_AzureTable_us-west1 16051
Get_Highest_Version_Number_AzureTable_us-west1 23525
Get_Highest_Version_Number_AzureTable_us-west1 8122
Get_Highest_Version_Number_AzureTable_us-west1 17080
Get_Highest_Version_Number_AzureTable_us-west1 7972
Get_Highest_Version_Number_AzureTable_us-west1 9737
Get_Highest_Version_Number_AzureTable_us-west1 7803
Get_Highest_Version_Number_AzureTable_us-west1 13579
Get_Highest_Version_Number_AzureTable_us-west1 10781
Get_Highest_Version_Number_AzureTable_us-west1 11010
Get_Highest_Version_Number_AzureTable_us-west1 13002
Get_Highest_Version_Number_AzureTable_us-west1 8815
Get_Highest_Version_Number_AzureTable_us-west1 10472
Get_Highest_Version_Number_AzureTable_us-west1 19504
Get_Highest_Version_Number_AzureTable_us-west1 24376
Get_Highest_Version_Number_AzureTable_us-west1 7599
Get_Highest_Version_Number_AzureTable_us-west1 13136
Get_Highest_Version_Number_AzureTable_us-west1 10021
Get_Highest_Version_Number_AzureTable_us-west1 9712
Get_Highest_Version_Number_AzureTable_us-west1 9498
Get_Highest_Version_Number_AzureTable_us-west1 10979
Get_Highest_Version_Number_AzureTable_us-west1 15366
Get_Highest_Version_Number_AzureTable_us-west1 16471
Get_Highest_Version_Number_AzureTable_us-west1 14819
Get_Highest_Version_Number_AzureTable_us-west1 10104
Get_Highest_Version_Number_AzureTable_us-west1 9002
Get_Highest_Version_Number_AzureTable_us-west1 9718
Get_Highest_Version_Number_AzureTable_us-west1 14998
Get_Highest_Version_Number_AzureTable_us-west1 15258
Get_Highest_Version_Number_AzureTable_us-west1 15113
Get_Highest_Version_Number_AzureTable_us-west1 10229
Get_Highest_Version_Number_AzureTable_us-west1 15766
Get_Highest_Version_Number_AzureTable_us-west1 15150
Get_Highest_Version_Number_AzureTable_us-west1 8434
Get_Highest_Version_Number_AzureTable_us-west1 10540
Get_Highest_Version_Number_AzureTable_us-west1 9661
Get_Highest_Version_Number_AzureTable_us-west1 15797
Get_Highest_Version_Number_AzureTable_us-west1 16583
Get_Highest_Version_Number_AzureTable_us-west1 7987
Get_Highest_Version_Number_AzureTable_us-west1 13167
Get_Highest_Version_Number_AzureTable_us-west1 8943
Get_Highest_Version_Number_AzureTable_us-west1 8963
Get_Highest_Version_Number_AzureTable_us-west1 9672
Get_Highest_Version_Number_AzureTable_us-west1 8157
Get_Highest_Version_Number_AzureTable_us-west1 19097
Get_Highest_Version_Number_AzureTable_us-west1 7559
Get_Highest_Version_Number_AzureTable_us-west1 14525
Get_Highest_Version_Number_AzureTable_us-west1 12414
Get_Highest_Version_Number_AzureTable_us-west1 14574
Get_Highest_Version_Number_AzureTable_us-west1 16289
Get_Highest_Version_Number_AzureTable_us-west1 14403
Get_Highest_Version_Number_AzureTable_us-west1 10253
Get_Highest_Version_Number_AzureTable_us-west1 9036
Get_Highest_Version_Number_AzureTable_us-west1 16612
Get_Highest_Version_Number_AzureTable_us-west1 12015
Get_Highest_Version_Number_AzureTable_us-west1 11298
Get_Highest_Version_Number_AzureTable_us-west1 16806
Get_Highest_Version_Number_AzureTable_us-west1 14341
Get_Highest_Version_Number_AzureTable_us-west1 13709
Get_Highest_Version_Number_AzureTable_us-west1 13504
Get_Highest_Version_Number_AzureTable_us-west1 13948
Get_Highest_Version_Number_AzureTable_us-west1 15043
Get_Highest_Version_Number_AzureTable_us-west1 9185
Get_Highest_Version_Number_AzureTable_us-west1 10228
Get_Highest_Version_Number_AzureTable_us-west1 11211
Get_Highest_Version_Number_AzureTable_us-west1 10206
Get_Highest_Version_Number_AzureTable_us-west1 10267
Get_Highest_Version_Number_AzureTable_us-west1 7884
Get_Highest_Version_Number_AzureTable_us-west1 8672
Get_Highest_Version_Number_AzureTable_us-west1 9976
Get_Highest_Version_Number_AzureTable_us-west1 9871
Get_Highest_Version_Number_AzureTable_us-west1 9100
Get_Highest_Version_Number_AzureTable_us-west1 8079
Get_Highest_Version_Number_AzureTable_us-west1 15049
Get_Highest_Version_Number_AzureTable_us-west1 9124
Get_Highest_Version_Number_AzureTable_us-west1 15235
Get_Highest_Version_Number_AzureTable_us-west1 8907
Get_Highest_Version_Number_AzureTable_us-west1 10715
Get_Highest_Version_Number_AzureTable_us-west1 10311
Get_Highest_Version_Number_AzureTable_us-west1 14934
Get_Highest_Version_Number_AzureTable_us-west1 9714
Get_Highest_Version_Number_AzureTable_us-west1 34637
Get_Highest_Version_Number_AzureTable_us-west1 10844
Get_Highest_Version_Number_AzureTable_us-west1 9498
Get_Highest_Version_Number_AzureTable_us-west1 8323
Get_Highest_Version_Number_AzureTable_us-west1 8320
Get_Highest_Version_Number_AzureTable_us-west1 8324
Get_Highest_Version_Number_AzureTable_us-west1 36552
Get_Highest_Version_Number_AzureTable_us-west1 11291
Get_Highest_Version_Number_AzureTable_us-west1 13088
Get_Highest_Version_Number_AzureTable_us-west1 9814
Get_Highest_Version_Number_AzureTable_us-west1 9680
Get_Highest_Version_Number_AzureTable_us-west1 12041
Get_Highest_Version_Number_AzureTable_us-west1 30376
Get_Highest_Version_Number_AzureTable_us-west1 13174
Get_Highest_Version_Number_AzureTable_us-west1 13092
Get_Highest_Version_Number_AzureTable_us-west1 17512
Get_Highest_Version_Number_AzureTable_us-west1 16044
Get_Highest_Version_Number_AzureTable_us-west1 13513
Get_Highest_Version_Number_AzureTable_us-west1 15243
Get_Highest_Version_Number_AzureTable_us-west1 23454
Get_Highest_Version_Number_AzureTable_us-west1 10497
Get_Highest_Version_Number_AzureTable_us-west1 8828
Get_Highest_Version_Number_AzureTable_us-west1 8722
Get_Highest_Version_Number_AzureTable_us-west1 11151
Get_Highest_Version_Number_AzureTable_us-west1 10503
Get_Highest_Version_Number_AzureTable_us-west1 10191
Get_Highest_Version_Number_AzureTable_us-west1 8444
Get_Highest_Version_Number_AzureTable_us-west1 18768
Get_Highest_Version_Number_AzureTable_us-west1 14278
Get_Highest_Version_Number_AzureTable_us-west1 15638
Get_Highest_Version_Number_AzureTable_us-west1 12976
Get_Highest_Version_Number_AzureTable_us-west1 13796
Get_Highest_Version_Number_AzureTable_us-west1 9114
Get_Highest_Version_Number_AzureTable_us-west1 8741
Get_Highest_Version_Number_AzureTable_us-west1 16641
Get_Highest_Version_Number_AzureTable_us-west1 30977
Get_Highest_Version_Number_AzureTable_us-west1 14497
Get_Highest_Version_Number_AzureTable_us-west1 13642
Get_Highest_Version_Number_AzureTable_us-west1 19010
Get_Highest_Version_Number_AzureTable_us-west1 14557
Get_Highest_Version_Number_AzureTable_us-west1 8849
Get_Highest_Version_Number_AzureTable_us-west1 10179
Get_Highest_Version_Number_AzureTable_us-west1 14405
Get_Highest_Version_Number_AzureTable_us-west1 7065
Get_Highest_Version_Number_AzureTable_us-west1 13734
Get_Highest_Version_Number_AzureTable_us-west1 9772
Get_Highest_Version_Number_AzureTable_us-west1 10894
Get_Highest_Version_Number_AzureTable_us-west1 9399
Get_Highest_Version_Number_AzureTable_us-west1 13438
Get_Highest_Version_Number_AzureTable_us-west1 9690
Get_Highest_Version_Number_AzureTable_us-west1 9356
Get_Highest_Version_Number_AzureTable_us-west1 21783
Get_Highest_Version_Number_AzureTable_us-west1 48369
Get_Highest_Version_Number_AzureTable_us-west1 6909
Get_Highest_Version_Number_AzureTable_us-west1 9715
Get_Highest_Version_Number_AzureTable_us-west1 8702
Get_Highest_Version_Number_AzureTable_us-west1 11690
Get_Highest_Version_Number_AzureTable_us-west1 13130
Get_Highest_Version_Number_AzureTable_us-west1 9513
Get_Highest_Version_Number_AzureTable_us-west1 9066
Get_Highest_Version_Number_AzureTable_us-west1 10869
Get_Highest_Version_Number_AzureTable_us-west1 9083
Get_Highest_Version_Number_AzureTable_us-west1 9600
Get_Highest_Version_Number_AzureTable_us-west1 8076
Get_Highest_Version_Number_AzureTable_us-west1 16140
Get_Highest_Version_Number_AzureTable_us-west1 9296
Get_Highest_Version_Number_AzureTable_us-west1 9927
Get_Highest_Version_Number_AzureTable_us-west1 15225
Get_Highest_Version_Number_AzureTable_us-west1 13444
Get_Highest_Version_Number_AzureTable_us-west1 13864
Get_Highest_Version_Number_AzureTable_us-west1 9334
Get_Highest_Version_Number_AzureTable_us-west1 10941
Get_Highest_Version_Number_AzureTable_us-west1 60244
Get_Highest_Version_Number_AzureTable_us-west1 14858
Get_Highest_Version_Number_AzureTable_us-west1 8735
Get_Highest_Version_Number_AzureTable_us-west1 13872
Get_Highest_Version_Number_AzureTable_us-west1 10712
Get_Highest_Version_Number_AzureTable_us-west1 16157
Get_Highest_Version_Number_AzureTable_us-west1 14406
Get_Highest_Version_Number_AzureTable_us-west1 11229
Get_Highest_Version_Number_AzureTable_us-west1 15817
Get_Highest_Version_Number_AzureTable_us-west1 15206
Get_Highest_Version_Number_AzureTable_us-west1 19033
Get_Highest_Version_Number_AzureTable_us-west1 20673
Get_Highest_Version_Number_AzureTable_us-west1 20786
Get_Highest_Version_Number_AzureTable_us-west1 36947
Get_Highest_Version_Number_AzureTable_us-west1 11296
Get_Highest_Version_Number_AzureTable_us-west1 8351
Get_Highest_Version_Number_AzureTable_us-west1 13735
Get_Highest_Version_Number_AzureTable_us-west1 16716
Get_Highest_Version_Number_AzureTable_us-west1 14773
Get_Highest_Version_Number_AzureTable_us-west1 14851
Get_Highest_Version_Number_AzureTable_us-west1 49013
Get_Highest_Version_Number_AzureTable_us-west1 18038
Get_Highest_Version_Number_AzureTable_us-west1 13763
Get_Highest_Version_Number_AzureTable_us-west1 17634
Get_Highest_Version_Number_AzureTable_us-west1 15122
Get_Highest_Version_Number_AzureTable_us-west1 14162
Get_Highest_Version_Number_AzureTable_us-west1 14530
Get_Highest_Version_Number_AzureTable_us-west1 13316
Get_Highest_Version_Number_AzureTable_us-west1 19705
Get_Highest_Version_Number_AzureTable_us-west1 11385
Get_Highest_Version_Number_AzureTable_us-west1 13538
Get_Highest_Version_Number_AzureTable_us-west1 17518
Get_Highest_Version_Number_AzureTable_us-west1 9904
Get_Highest_Version_Number_AzureTable_us-west1 14710
Get_Highest_Version_Number_AzureTable_us-west1 7741
Get_Highest_Version_Number_AzureTable_us-west1 13338
Get_Highest_Version_Number_AzureTable_us-west1 10238
Get_Highest_Version_Number_AzureTable_us-west1 15161
Get_Highest_Version_Number_AzureTable_us-west1 10137
Get_Highest_Version_Number_AzureTable_us-west1 15904
Get_Highest_Version_Number_AzureTable_us-west1 8941
Get_Highest_Version_Number_AzureTable_us-west1 26002
Get_Highest_Version_Number_AzureTable_us-west1 42996
Get_Highest_Version_Number_AzureTable_us-west1 9543
Get_Highest_Version_Number_AzureTable_us-west1 8778
Get_Highest_Version_Number_AzureTable_us-west1 9245
Get_Highest_Version_Number_AzureTable_us-west1 14366
Get_Highest_Version_Number_AzureTable_us-west1 9784
Get_Highest_Version_Number_AzureTable_us-west1 16753
Get_Highest_Version_Number_AzureTable_us-west1 9023
Get_Highest_Version_Number_AzureTable_us-west1 8404
Get_Highest_Version_Number_AzureTable_us-west1 12283
Get_Highest_Version_Number_AzureTable_us-west1 10043
Get_Highest_Version_Number_AzureTable_us-west1 7954
Get_Highest_Version_Number_AzureTable_us-west1 9517
Get_Highest_Version_Number_AzureTable_us-west1 8367
Get_Highest_Version_Number_AzureTable_us-west1 9258
Get_Highest_Version_Number_AzureTable_us-west1 13025
Get_Highest_Version_Number_AzureTable_us-west1 10092
Get_Highest_Version_Number_AzureTable_us-west1 10806
Get_Highest_Version_Number_AzureTable_us-west1 9647
Get_Highest_Version_Number_AzureTable_us-west1 54141
Get_Highest_Version_Number_AzureTable_us-west1 10646
Get_Highest_Version_Number_AzureTable_us-west1 11257
Get_Highest_Version_Number_AzureTable_us-west1 10608
Get_Highest_Version_Number_AzureTable_us-west1 15976
Get_Highest_Version_Number_AzureTable_us-west1 11403
Get_Highest_Version_Number_AzureTable_us-west1 12431
Get_Highest_Version_Number_AzureTable_us-west1 15154
Get_Highest_Version_Number_AzureTable_us-west1 14041
Get_Highest_Version_Number_AzureTable_us-west1 12875
Get_Highest_Version_Number_AzureTable_us-west1 9748
Get_Highest_Version_Number_AzureTable_us-west1 9410
Get_Highest_Version_Number_AzureTable_us-west1 15956
Get_Highest_Version_Number_AzureTable_us-west1 10832
Get_Highest_Version_Number_AzureTable_us-west1 8358
Get_Highest_Version_Number_AzureTable_us-west1 12804
Get_Highest_Version_Number_AzureTable_us-west1 12163
Get_Highest_Version_Number_AzureTable_us-west1 10654
Get_Highest_Version_Number_AzureTable_us-west1 13055
Get_Highest_Version_Number_AzureTable_us-west1 7400
Get_Highest_Version_Number_AzureTable_us-west1 14155
Get_Highest_Version_Number_AzureTable_us-west1 15450
Get_Highest_Version_Number_AzureTable_us-west1 17155
Get_Highest_Version_Number_AzureTable_us-west1 12361
Get_Highest_Version_Number_AzureTable_us-west1 14278
Get_Highest_Version_Number_AzureTable_us-west1 13571
Get_Highest_Version_Number_AzureTable_us-west1 14565
Get_Highest_Version_Number_AzureTable_us-west1 12262
Get_Highest_Version_Number_AzureTable_us-west1 16213
Get_Highest_Version_Number_AzureTable_us-west1 11337
Get_Highest_Version_Number_AzureTable_us-west1 13823
Get_Highest_Version_Number_AzureTable_us-west1 17005
Get_Highest_Version_Number_AzureTable_us-west1 13325
Get_Highest_Version_Number_AzureTable_us-west1 15757
Get_Highest_Version_Number_AzureTable_us-west1 8575
Get_Highest_Version_Number_AzureTable_us-west1 13184
Get_Highest_Version_Number_AzureTable_us-west1 12654
Get_Highest_Version_Number_AzureTable_us-west1 102629
Get_Highest_Version_Number_AzureTable_us-west1 13886
Get_Highest_Version_Number_AzureTable_us-west1 11235
Get_Highest_Version_Number_AzureTable_us-west1 9595
Get_Highest_Version_Number_AzureTable_us-west1 9231
Get_Highest_Version_Number_AzureTable_us-west1 8682
Get_Highest_Version_Number_AzureTable_us-west1 12544
Get_Highest_Version_Number_AzureTable_us-west1 11111
Get_Highest_Version_Number_AzureTable_us-west1 9441
Get_Highest_Version_Number_AzureTable_us-west1 10237
Get_Highest_Version_Number_AzureTable_us-west1 10558
Get_Highest_Version_Number_AzureTable_us-west1 10381
Get_Highest_Version_Number_AzureTable_us-west1 16000
Get_Highest_Version_Number_AzureTable_us-west1 8519
Get_Highest_Version_Number_AzureTable_us-west1 9634
Get_Highest_Version_Number_AzureTable_us-west1 10694
Get_Highest_Version_Number_AzureTable_us-west1 31843
Get_Highest_Version_Number_AzureTable_us-west1 9497
Get_Highest_Version_Number_AzureTable_us-west1 25990
Get_Highest_Version_Number_AzureTable_us-west1 13208
Get_Highest_Version_Number_AzureTable_us-west1 8929
Get_Highest_Version_Number_AzureTable_us-west1 9505
Get_Highest_Version_Number_AzureTable_us-west1 9411
Get_Highest_Version_Number_AzureTable_us-west1 9916
Get_Highest_Version_Number_AzureTable_us-west1 10950
Get_Highest_Version_Number_AzureTable_us-west1 9464
Get_Highest_Version_Number_AzureTable_us-west1 11584
Get_Highest_Version_Number_AzureTable_us-west1 8312
Get_Highest_Version_Number_AzureTable_us-west1 11286
Get_Highest_Version_Number_AzureTable_us-west1 8406
Get_Highest_Version_Number_AzureTable_us-west1 10395
Get_Highest_Version_Number_AzureTable_us-west1 14533
Get_Highest_Version_Number_AzureTable_us-west1 17585
Get_Highest_Version_Number_AzureTable_us-west1 9933
Get_Highest_Version_Number_AzureTable_us-west1 11640
Get_Highest_Version_Number_AzureTable_us-west1 10418
Get_Highest_Version_Number_AzureTable_us-west1 13801
Get_Highest_Version_Number_AzureTable_us-west1 8528
Get_Highest_Version_Number_AzureTable_us-west1 8928
Get_Highest_Version_Number_AzureTable_us-west1 8077
Get_Highest_Version_Number_AzureTable_us-west1 20300
Get_Highest_Version_Number_AzureTable_us-west1 8059
Get_Highest_Version_Number_AzureTable_us-west1 12677
Get_Highest_Version_Number_AzureTable_us-west1 9796
Get_Highest_Version_Number_AzureTable_us-west1 27052
Get_Highest_Version_Number_AzureTable_us-west1 9240
Get_Highest_Version_Number_AzureTable_us-west1 10708
Get_Highest_Version_Number_AzureTable_us-west1 8185
Get_Highest_Version_Number_AzureTable_us-west1 8423
Get_Highest_Version_Number_AzureTable_us-west1 16700
Get_Highest_Version_Number_AzureTable_us-west1 9545
Get_Highest_Version_Number_AzureTable_us-west1 11964
Get_Highest_Version_Number_AzureTable_us-west1 15208
Get_Highest_Version_Number_AzureTable_us-west1 13713
Get_Highest_Version_Number_AzureTable_us-west1 20435
Get_Highest_Version_Number_AzureTable_us-west1 8775
